<?xml version="1.0" encoding="UTF-8"?>
<testsuites>
  <testsuite name="graphs-efficacy-fstg01" timestamp="2024-07-31T21:21:10Z" hostname="e0b5aa2b9cfd" tests="7" skipped="7" failures="0" errors="0" time="2.341">
    <testcase time="2.19200000000001" classname="graphs_efficacy_fstg01" name="graphs_efficacy_fstg01.qmd_width_development">
      <skipped message="Reason: Snapshot test is not implemented for object of class: numeric. ('test-graphs-efficacy-fstg01.R:1:1')"/>
    </testcase>
    <testcase time="0.0589999999999691" classname="graphs_efficacy_fstg01" name="graphs_efficacy_fstg01.qmd_height_development">
      <skipped message="Reason: Snapshot test is not implemented for object of class: numeric. ('test-graphs-efficacy-fstg01.R:1:1')"/>
    </testcase>
    <testcase time="0.0320000000000391" classname="graphs_efficacy_fstg01" name="graphs_efficacy_fstg01.qmd_plot_v1_development">
      <skipped message="Reason: Snapshot test is not implemented for object of class: gg, ggplot. ('test-graphs-efficacy-fstg01.R:1:1')"/>
    </testcase>
    <testcase time="0.01400000000001" classname="graphs_efficacy_fstg01" name="graphs_efficacy_fstg01.qmd_plot_v2_development">
      <skipped message="Reason: Snapshot test is not implemented for object of class: gg, ggplot. ('test-graphs-efficacy-fstg01.R:1:1')"/>
    </testcase>
    <testcase time="0.0149999999999864" classname="graphs_efficacy_fstg01" name="graphs_efficacy_fstg01.qmd_plot_v3_development">
      <skipped message="Reason: Snapshot test is not implemented for object of class: gg, ggplot. ('test-graphs-efficacy-fstg01.R:1:1')"/>
    </testcase>
    <testcase time="0.0149999999999864" classname="graphs_efficacy_fstg01" name="graphs_efficacy_fstg01.qmd_plot_v4_development">
      <skipped message="Reason: Snapshot test is not implemented for object of class: gg, ggplot. ('test-graphs-efficacy-fstg01.R:1:1')"/>
    </testcase>
    <testcase time="0.01400000000001" classname="graphs_efficacy_fstg01" name="graphs_efficacy_fstg01.qmd_plot_v5_development">
      <skipped message="Reason: Snapshot test is not implemented for object of class: gg, ggplot. ('test-graphs-efficacy-fstg01.R:1:1')"/>
    </testcase>
  </testsuite>
  <testsuite name="graphs-efficacy-fstg02" timestamp="2024-07-31T21:21:11Z" hostname="e0b5aa2b9cfd" tests="7" skipped="7" failures="0" errors="0" time="0.523">
    <testcase time="0.434999999999945" classname="graphs_efficacy_fstg02" name="graphs_efficacy_fstg02.qmd_width_development">
      <skipped message="Reason: Snapshot test is not implemented for object of class: numeric. ('test-graphs-efficacy-fstg02.R:1:1')"/>
    </testcase>
    <testcase time="0.0150000000001" classname="graphs_efficacy_fstg02" name="graphs_efficacy_fstg02.qmd_height_development">
      <skipped message="Reason: Snapshot test is not implemented for object of class: numeric. ('test-graphs-efficacy-fstg02.R:1:1')"/>
    </testcase>
    <testcase time="0.0149999999999864" classname="graphs_efficacy_fstg02" name="graphs_efficacy_fstg02.qmd_plot_v1_development">
      <skipped message="Reason: Snapshot test is not implemented for object of class: gg, ggplot. ('test-graphs-efficacy-fstg02.R:1:1')"/>
    </testcase>
    <testcase time="0.01400000000001" classname="graphs_efficacy_fstg02" name="graphs_efficacy_fstg02.qmd_plot_v2_development">
      <skipped message="Reason: Snapshot test is not implemented for object of class: gg, ggplot. ('test-graphs-efficacy-fstg02.R:1:1')"/>
    </testcase>
    <testcase time="0.0149999999999864" classname="graphs_efficacy_fstg02" name="graphs_efficacy_fstg02.qmd_plot_v3_development">
      <skipped message="Reason: Snapshot test is not implemented for object of class: gg, ggplot. ('test-graphs-efficacy-fstg02.R:1:1')"/>
    </testcase>
    <testcase time="0.01400000000001" classname="graphs_efficacy_fstg02" name="graphs_efficacy_fstg02.qmd_plot_v4_development">
      <skipped message="Reason: Snapshot test is not implemented for object of class: gg, ggplot. ('test-graphs-efficacy-fstg02.R:1:1')"/>
    </testcase>
    <testcase time="0.0149999999999864" classname="graphs_efficacy_fstg02" name="graphs_efficacy_fstg02.qmd_plot_v3.width_development">
      <skipped message="Reason: Snapshot test is not implemented for object of class: numeric. ('test-graphs-efficacy-fstg02.R:1:1')"/>
    </testcase>
  </testsuite>
  <testsuite name="graphs-efficacy-kmg01" timestamp="2024-07-31T21:21:12Z" hostname="e0b5aa2b9cfd" tests="8" skipped="8" failures="0" errors="0" time="0.908">
    <testcase time="0.826000000000022" classname="graphs_efficacy_kmg01" name="graphs_efficacy_kmg01.qmd_width_development">
      <skipped message="Reason: Snapshot test is not implemented for object of class: numeric. ('test-graphs-efficacy-kmg01.R:1:1')"/>
    </testcase>
    <testcase time="0.01299999999992" classname="graphs_efficacy_kmg01" name="graphs_efficacy_kmg01.qmd_height_development">
      <skipped message="Reason: Snapshot test is not implemented for object of class: numeric. ('test-graphs-efficacy-kmg01.R:1:1')"/>
    </testcase>
    <testcase time="0.0110000000000809" classname="graphs_efficacy_kmg01" name="graphs_efficacy_kmg01.qmd_plot_v1_development">
      <skipped message="Reason: Snapshot test is not implemented for object of class: gg, ggplot. ('test-graphs-efficacy-kmg01.R:1:1')"/>
    </testcase>
    <testcase time="0.0119999999999436" classname="graphs_efficacy_kmg01" name="graphs_efficacy_kmg01.qmd_plot_v2_development">
      <skipped message="Reason: Snapshot test is not implemented for object of class: gg, ggplot. ('test-graphs-efficacy-kmg01.R:1:1')"/>
    </testcase>
    <testcase time="0.0109999999999673" classname="graphs_efficacy_kmg01" name="graphs_efficacy_kmg01.qmd_plot_v3_development">
      <skipped message="Reason: Snapshot test is not implemented for object of class: gg, ggplot. ('test-graphs-efficacy-kmg01.R:1:1')"/>
    </testcase>
    <testcase time="0.0120000000000573" classname="graphs_efficacy_kmg01" name="graphs_efficacy_kmg01.qmd_plot_v4_development">
      <skipped message="Reason: Snapshot test is not implemented for object of class: gg, ggplot. ('test-graphs-efficacy-kmg01.R:1:1')"/>
    </testcase>
    <testcase time="0.0109999999999673" classname="graphs_efficacy_kmg01" name="graphs_efficacy_kmg01.qmd_plot_v5_development">
      <skipped message="Reason: Snapshot test is not implemented for object of class: gg, ggplot. ('test-graphs-efficacy-kmg01.R:1:1')"/>
    </testcase>
    <testcase time="0.0120000000000573" classname="graphs_efficacy_kmg01" name="graphs_efficacy_kmg01.qmd_plot_v6_development">
      <skipped message="Reason: Snapshot test is not implemented for object of class: gg, ggplot. ('test-graphs-efficacy-kmg01.R:1:1')"/>
    </testcase>
  </testsuite>
  <testsuite name="graphs-efficacy-mmrmg01" timestamp="2024-07-31T21:21:12Z" hostname="e0b5aa2b9cfd" tests="6" skipped="6" failures="0" errors="0" time="0.736">
    <testcase time="0.677999999999997" classname="graphs_efficacy_mmrmg01" name="graphs_efficacy_mmrmg01.qmd_plot_v1_development">
      <skipped message="Reason: Snapshot test is not implemented for object of class: gg, ggplot. ('test-graphs-efficacy-mmrmg01.R:1:1')"/>
    </testcase>
    <testcase time="0.0119999999999436" classname="graphs_efficacy_mmrmg01" name="graphs_efficacy_mmrmg01.qmd_plot_v2_development">
      <skipped message="Reason: Snapshot test is not implemented for object of class: gg, ggplot. ('test-graphs-efficacy-mmrmg01.R:1:1')"/>
    </testcase>
    <testcase time="0.0120000000000573" classname="graphs_efficacy_mmrmg01" name="graphs_efficacy_mmrmg01.qmd_plot_v3_development">
      <skipped message="Reason: Snapshot test is not implemented for object of class: gg, ggplot. ('test-graphs-efficacy-mmrmg01.R:1:1')"/>
    </testcase>
    <testcase time="0.0119999999999436" classname="graphs_efficacy_mmrmg01" name="graphs_efficacy_mmrmg01.qmd_plot_v4_development">
      <skipped message="Reason: Snapshot test is not implemented for object of class: gg, ggplot. ('test-graphs-efficacy-mmrmg01.R:1:1')"/>
    </testcase>
    <testcase time="0.0109999999999673" classname="graphs_efficacy_mmrmg01" name="graphs_efficacy_mmrmg01.qmd_plot_v5_development">
      <skipped message="Reason: Snapshot test is not implemented for object of class: gg, ggplot. ('test-graphs-efficacy-mmrmg01.R:1:1')"/>
    </testcase>
    <testcase time="0.0110000000000809" classname="graphs_efficacy_mmrmg01" name="graphs_efficacy_mmrmg01.qmd_plot_v6_development">
      <skipped message="Reason: Snapshot test is not implemented for object of class: gg, ggplot. ('test-graphs-efficacy-mmrmg01.R:1:1')"/>
    </testcase>
  </testsuite>
  <testsuite name="graphs-efficacy-mmrmg02" timestamp="2024-07-31T21:21:12Z" hostname="e0b5aa2b9cfd" tests="3" skipped="3" failures="0" errors="0" time="0.142">
    <testcase time="0.117999999999938" classname="graphs_efficacy_mmrmg02" name="graphs_efficacy_mmrmg02.qmd_width_development">
      <skipped message="Reason: Snapshot test is not implemented for object of class: numeric. ('test-graphs-efficacy-mmrmg02.R:1:1')"/>
    </testcase>
    <testcase time="0.0130000000000337" classname="graphs_efficacy_mmrmg02" name="graphs_efficacy_mmrmg02.qmd_plot_v1_development">
      <skipped message="Reason: Snapshot test is not implemented for object of class: gg, ggplot. ('test-graphs-efficacy-mmrmg02.R:1:1')"/>
    </testcase>
    <testcase time="0.0109999999999673" classname="graphs_efficacy_mmrmg02" name="graphs_efficacy_mmrmg02.qmd_plot_v2_development">
      <skipped message="Reason: Snapshot test is not implemented for object of class: gg, ggplot. ('test-graphs-efficacy-mmrmg02.R:1:1')"/>
    </testcase>
  </testsuite>
  <testsuite name="graphs-other-brg01" timestamp="2024-07-31T21:21:13Z" hostname="e0b5aa2b9cfd" tests="9" skipped="9" failures="0" errors="0" time="0.183">
    <testcase time="0.0900000000000318" classname="graphs_other_brg01" name="graphs_other_brg01.qmd_plot_v1_development">
      <skipped message="Reason: Snapshot test is not implemented for object of class: gg, ggplot. ('test-graphs-other-brg01.R:1:1')"/>
    </testcase>
    <testcase time="0.0119999999999436" classname="graphs_other_brg01" name="graphs_other_brg01.qmd_plot_v2_development">
      <skipped message="Reason: Snapshot test is not implemented for object of class: gg, ggplot. ('test-graphs-other-brg01.R:1:1')"/>
    </testcase>
    <testcase time="0.0110000000000809" classname="graphs_other_brg01" name="graphs_other_brg01.qmd_plot_v3_development">
      <skipped message="Reason: Snapshot test is not implemented for object of class: gg, ggplot. ('test-graphs-other-brg01.R:1:1')"/>
    </testcase>
    <testcase time="0.0119999999999436" classname="graphs_other_brg01" name="graphs_other_brg01.qmd_plot_v4_development">
      <skipped message="Reason: Snapshot test is not implemented for object of class: gg, ggplot. ('test-graphs-other-brg01.R:1:1')"/>
    </testcase>
    <testcase time="0.0109999999999673" classname="graphs_other_brg01" name="graphs_other_brg01.qmd_plot_v5_development">
      <skipped message="Reason: Snapshot test is not implemented for object of class: gg, ggplot. ('test-graphs-other-brg01.R:1:1')"/>
    </testcase>
    <testcase time="0.0120000000000573" classname="graphs_other_brg01" name="graphs_other_brg01.qmd_plot_v6_development">
      <skipped message="Reason: Snapshot test is not implemented for object of class: gg, ggplot. ('test-graphs-other-brg01.R:1:1')"/>
    </testcase>
    <testcase time="0.0119999999999436" classname="graphs_other_brg01" name="graphs_other_brg01.qmd_plot_v7_development">
      <skipped message="Reason: Snapshot test is not implemented for object of class: gg, ggplot. ('test-graphs-other-brg01.R:1:1')"/>
    </testcase>
    <testcase time="0.0110000000000809" classname="graphs_other_brg01" name="graphs_other_brg01.qmd_plot_v8_development">
      <skipped message="Reason: Snapshot test is not implemented for object of class: gg, ggplot. ('test-graphs-other-brg01.R:1:1')"/>
    </testcase>
    <testcase time="0.0119999999999436" classname="graphs_other_brg01" name="graphs_other_brg01.qmd_plot_v9_development">
      <skipped message="Reason: Snapshot test is not implemented for object of class: gg, ggplot. ('test-graphs-other-brg01.R:1:1')"/>
    </testcase>
  </testsuite>
  <testsuite name="graphs-other-bwg01" timestamp="2024-07-31T21:21:13Z" hostname="e0b5aa2b9cfd" tests="9" skipped="9" failures="0" errors="0" time="0.647">
    <testcase time="0.555000000000064" classname="graphs_other_bwg01" name="graphs_other_bwg01.qmd_plot_v1_development">
      <skipped message="Reason: Snapshot test is not implemented for object of class: gg, ggplot. ('test-graphs-other-bwg01.R:1:1')"/>
    </testcase>
    <testcase time="0.0119999999999436" classname="graphs_other_bwg01" name="graphs_other_bwg01.qmd_plot_v2_development">
      <skipped message="Reason: Snapshot test is not implemented for object of class: gg, ggplot. ('test-graphs-other-bwg01.R:1:1')"/>
    </testcase>
    <testcase time="0.0120000000000573" classname="graphs_other_bwg01" name="graphs_other_bwg01.qmd_plot_v3_development">
      <skipped message="Reason: Snapshot test is not implemented for object of class: gg, ggplot. ('test-graphs-other-bwg01.R:1:1')"/>
    </testcase>
    <testcase time="0.0109999999999673" classname="graphs_other_bwg01" name="graphs_other_bwg01.qmd_plot_v4_development">
      <skipped message="Reason: Snapshot test is not implemented for object of class: gg, ggplot. ('test-graphs-other-bwg01.R:1:1')"/>
    </testcase>
    <testcase time="0.0119999999999436" classname="graphs_other_bwg01" name="graphs_other_bwg01.qmd_plot_v5_development">
      <skipped message="Reason: Snapshot test is not implemented for object of class: gg, ggplot. ('test-graphs-other-bwg01.R:1:1')"/>
    </testcase>
    <testcase time="0.0110000000000809" classname="graphs_other_bwg01" name="graphs_other_bwg01.qmd_plot_v6_development">
      <skipped message="Reason: Snapshot test is not implemented for object of class: gg, ggplot. ('test-graphs-other-bwg01.R:1:1')"/>
    </testcase>
    <testcase time="0.0109999999999673" classname="graphs_other_bwg01" name="graphs_other_bwg01.qmd_plot_v7_development">
      <skipped message="Reason: Snapshot test is not implemented for object of class: gg, ggplot. ('test-graphs-other-bwg01.R:1:1')"/>
    </testcase>
    <testcase time="0.0120000000000573" classname="graphs_other_bwg01" name="graphs_other_bwg01.qmd_plot_v8_development">
      <skipped message="Reason: Snapshot test is not implemented for object of class: gg, ggplot. ('test-graphs-other-bwg01.R:1:1')"/>
    </testcase>
    <testcase time="0.0109999999999673" classname="graphs_other_bwg01" name="graphs_other_bwg01.qmd_plot_v9_development">
      <skipped message="Reason: Snapshot test is not implemented for object of class: gg, ggplot. ('test-graphs-other-bwg01.R:1:1')"/>
    </testcase>
  </testsuite>
  <testsuite name="graphs-other-cig01" timestamp="2024-07-31T21:21:13Z" hostname="e0b5aa2b9cfd" tests="5" skipped="4" failures="0" errors="0" time="0.225">
    <testcase time="0.186000000000035" classname="graphs_other_cig01" name="graphs_other_cig01.qmd_table_v6_development"/>
    <testcase time="0.00399999999990541" classname="graphs_other_cig01" name="graphs_other_cig01.qmd_plot_v1_and_v2_development">
      <skipped message="Reason: Snapshot test is not implemented for object of class: gg, ggplot. ('test-graphs-other-cig01.R:1:1')"/>
    </testcase>
    <testcase time="0.0120000000000573" classname="graphs_other_cig01" name="graphs_other_cig01.qmd_plot_v3_development">
      <skipped message="Reason: Snapshot test is not implemented for object of class: gg, ggplot. ('test-graphs-other-cig01.R:1:1')"/>
    </testcase>
    <testcase time="0.0109999999999673" classname="graphs_other_cig01" name="graphs_other_cig01.qmd_plot_v4_development">
      <skipped message="Reason: Snapshot test is not implemented for object of class: gg, ggplot. ('test-graphs-other-cig01.R:1:1')"/>
    </testcase>
    <testcase time="0.0120000000000573" classname="graphs_other_cig01" name="graphs_other_cig01.qmd_plot_v5_development">
      <skipped message="Reason: Snapshot test is not implemented for object of class: gg, ggplot. ('test-graphs-other-cig01.R:1:1')"/>
    </testcase>
  </testsuite>
  <testsuite name="graphs-other-ippg01" timestamp="2024-07-31T21:21:14Z" hostname="e0b5aa2b9cfd" tests="2" skipped="2" failures="0" errors="0" time="0.056">
    <testcase time="0.0449999999999591" classname="graphs_other_ippg01" name="graphs_other_ippg01.qmd_plots_v1_development">
      <skipped message="Reason: Snapshot test is not implemented for object of class: list. ('test-graphs-other-ippg01.R:1:1')"/>
    </testcase>
    <testcase time="0.0109999999999673" classname="graphs_other_ippg01" name="graphs_other_ippg01.qmd_plots_v2_development">
      <skipped message="Reason: Snapshot test is not implemented for object of class: list. ('test-graphs-other-ippg01.R:1:1')"/>
    </testcase>
  </testsuite>
  <testsuite name="graphs-other-ltg01" timestamp="2024-07-31T21:21:14Z" hostname="e0b5aa2b9cfd" tests="7" skipped="7" failures="0" errors="0" time="0.161">
    <testcase time="0.0919999999999845" classname="graphs_other_ltg01" name="graphs_other_ltg01.qmd_plot_v1_development">
      <skipped message="Reason: Snapshot test is not implemented for object of class: gg, ggplot. ('test-graphs-other-ltg01.R:1:1')"/>
    </testcase>
    <testcase time="0.0110000000000809" classname="graphs_other_ltg01" name="graphs_other_ltg01.qmd_plot_v2_development">
      <skipped message="Reason: Snapshot test is not implemented for object of class: gg, ggplot. ('test-graphs-other-ltg01.R:1:1')"/>
    </testcase>
    <testcase time="0.0119999999999436" classname="graphs_other_ltg01" name="graphs_other_ltg01.qmd_plot_v3_development">
      <skipped message="Reason: Snapshot test is not implemented for object of class: gg, ggplot. ('test-graphs-other-ltg01.R:1:1')"/>
    </testcase>
    <testcase time="0.0110000000000809" classname="graphs_other_ltg01" name="graphs_other_ltg01.qmd_plot_v4_development">
      <skipped message="Reason: Snapshot test is not implemented for object of class: gg, ggplot. ('test-graphs-other-ltg01.R:1:1')"/>
    </testcase>
    <testcase time="0.0119999999999436" classname="graphs_other_ltg01" name="graphs_other_ltg01.qmd_plot_v51_development">
      <skipped message="Reason: Snapshot test is not implemented for object of class: gg, ggplot. ('test-graphs-other-ltg01.R:1:1')"/>
    </testcase>
    <testcase time="0.0109999999999673" classname="graphs_other_ltg01" name="graphs_other_ltg01.qmd_plot_v52_development">
      <skipped message="Reason: Snapshot test is not implemented for object of class: gg, ggplot. ('test-graphs-other-ltg01.R:1:1')"/>
    </testcase>
    <testcase time="0.0120000000000573" classname="graphs_other_ltg01" name="graphs_other_ltg01.qmd_plot_v53_development">
      <skipped message="Reason: Snapshot test is not implemented for object of class: gg, ggplot. ('test-graphs-other-ltg01.R:1:1')"/>
    </testcase>
  </testsuite>
  <testsuite name="graphs-other-mng01" timestamp="2024-07-31T21:21:14Z" hostname="e0b5aa2b9cfd" tests="7" skipped="7" failures="0" errors="0" time="0.422">
    <testcase time="0.150999999999954" classname="graphs_other_mng01" name="graphs_other_mng01.qmd_plot_v1_development">
      <skipped message="Reason: Snapshot test is not implemented for object of class: gg, ggplot. ('test-graphs-other-mng01.R:1:1')"/>
    </testcase>
    <testcase time="0.0120000000000573" classname="graphs_other_mng01" name="graphs_other_mng01.qmd_plot_v2_development">
      <skipped message="Reason: Snapshot test is not implemented for object of class: gg, ggplot. ('test-graphs-other-mng01.R:1:1')"/>
    </testcase>
    <testcase time="0.0109999999999673" classname="graphs_other_mng01" name="graphs_other_mng01.qmd_plot_v3_development">
      <skipped message="Reason: Snapshot test is not implemented for object of class: gg, ggplot. ('test-graphs-other-mng01.R:1:1')"/>
    </testcase>
    <testcase time="0.0109999999999673" classname="graphs_other_mng01" name="graphs_other_mng01.qmd_plot_v4_development">
      <skipped message="Reason: Snapshot test is not implemented for object of class: gg, ggplot. ('test-graphs-other-mng01.R:1:1')"/>
    </testcase>
    <testcase time="0.213000000000079" classname="graphs_other_mng01" name="graphs_other_mng01.qmd_plot_v5_development">
      <skipped message="Reason: Snapshot test is not implemented for object of class: gg, ggplot. ('test-graphs-other-mng01.R:1:1')"/>
    </testcase>
    <testcase time="0.0119999999999436" classname="graphs_other_mng01" name="graphs_other_mng01.qmd_plot_v6_development">
      <skipped message="Reason: Snapshot test is not implemented for object of class: gg, ggplot. ('test-graphs-other-mng01.R:1:1')"/>
    </testcase>
    <testcase time="0.0120000000000573" classname="graphs_other_mng01" name="graphs_other_mng01.qmd_plot_v7_development">
      <skipped message="Reason: Snapshot test is not implemented for object of class: gg, ggplot. ('test-graphs-other-mng01.R:1:1')"/>
    </testcase>
  </testsuite>
  <testsuite name="graphs-pharmacokinetic-pkcg01" timestamp="2024-07-31T21:21:14Z" hostname="e0b5aa2b9cfd" tests="2" skipped="2" failures="0" errors="0" time="0.044">
    <testcase time="0.0319999999999254" classname="graphs_pharmacokinetic_pkcg01" name="graphs_pharmacokinetic_pkcg01.qmd_plot_v1_development">
      <skipped message="Reason: Snapshot test is not implemented for object of class: gg, ggplot. ('test-graphs-pharmacokinetic-pkcg01.R:1:1')"/>
    </testcase>
    <testcase time="0.0120000000000573" classname="graphs_pharmacokinetic_pkcg01" name="graphs_pharmacokinetic_pkcg01.qmd_plot_v2_development">
      <skipped message="Reason: Snapshot test is not implemented for object of class: gg, ggplot. ('test-graphs-pharmacokinetic-pkcg01.R:1:1')"/>
    </testcase>
  </testsuite>
  <testsuite name="graphs-pharmacokinetic-pkcg02" timestamp="2024-07-31T21:21:14Z" hostname="e0b5aa2b9cfd" tests="2" skipped="2" failures="0" errors="0" time="0.046">
    <testcase time="0.0349999999999682" classname="graphs_pharmacokinetic_pkcg02" name="graphs_pharmacokinetic_pkcg02.qmd_plot_v1_development">
      <skipped message="Reason: Snapshot test is not implemented for object of class: gg, ggplot. ('test-graphs-pharmacokinetic-pkcg02.R:1:1')"/>
    </testcase>
    <testcase time="0.0109999999999673" classname="graphs_pharmacokinetic_pkcg02" name="graphs_pharmacokinetic_pkcg02.qmd_plot_v2_development">
      <skipped message="Reason: Snapshot test is not implemented for object of class: gg, ggplot. ('test-graphs-pharmacokinetic-pkcg02.R:1:1')"/>
    </testcase>
  </testsuite>
  <testsuite name="graphs-pharmacokinetic-pkcg03" timestamp="2024-07-31T21:21:14Z" hostname="e0b5aa2b9cfd" tests="2" skipped="2" failures="0" errors="0" time="0.066">
    <testcase time="0.0540000000000873" classname="graphs_pharmacokinetic_pkcg03" name="graphs_pharmacokinetic_pkcg03.qmd_plot_v1_development">
      <skipped message="Reason: Snapshot test is not implemented for object of class: gg, ggplot. ('test-graphs-pharmacokinetic-pkcg03.R:1:1')"/>
    </testcase>
    <testcase time="0.0119999999999436" classname="graphs_pharmacokinetic_pkcg03" name="graphs_pharmacokinetic_pkcg03.qmd_plot_v2_development">
      <skipped message="Reason: Snapshot test is not implemented for object of class: gg, ggplot. ('test-graphs-pharmacokinetic-pkcg03.R:1:1')"/>
    </testcase>
  </testsuite>
  <testsuite name="graphs-pharmacokinetic-pkpg01" timestamp="2024-07-31T21:21:14Z" hostname="e0b5aa2b9cfd" tests="2" skipped="2" failures="0" errors="0" time="0.064">
    <testcase time="0.0520000000000209" classname="graphs_pharmacokinetic_pkpg01" name="graphs_pharmacokinetic_pkpg01.qmd_plot_v1_development">
      <skipped message="Reason: Snapshot test is not implemented for object of class: gg, ggplot. ('test-graphs-pharmacokinetic-pkpg01.R:1:1')"/>
    </testcase>
    <testcase time="0.0119999999999436" classname="graphs_pharmacokinetic_pkpg01" name="graphs_pharmacokinetic_pkpg01.qmd_plot_v2_development">
      <skipped message="Reason: Snapshot test is not implemented for object of class: gg, ggplot. ('test-graphs-pharmacokinetic-pkpg01.R:1:1')"/>
    </testcase>
  </testsuite>
  <testsuite name="graphs-pharmacokinetic-pkpg02" timestamp="2024-07-31T21:21:14Z" hostname="e0b5aa2b9cfd" tests="2" skipped="2" failures="0" errors="0" time="0.07">
    <testcase time="0.0590000000000828" classname="graphs_pharmacokinetic_pkpg02" name="graphs_pharmacokinetic_pkpg02.qmd_plot_v1_development">
      <skipped message="Reason: Snapshot test is not implemented for object of class: gg, ggplot. ('test-graphs-pharmacokinetic-pkpg02.R:1:1')"/>
    </testcase>
    <testcase time="0.0109999999999673" classname="graphs_pharmacokinetic_pkpg02" name="graphs_pharmacokinetic_pkpg02.qmd_plot_v2_development">
      <skipped message="Reason: Snapshot test is not implemented for object of class: gg, ggplot. ('test-graphs-pharmacokinetic-pkpg02.R:1:1')"/>
    </testcase>
  </testsuite>
  <testsuite name="graphs-pharmacokinetic-pkpg03" timestamp="2024-07-31T21:21:15Z" hostname="e0b5aa2b9cfd" tests="1" skipped="1" failures="0" errors="0" time="0.043">
    <testcase time="0.0430000000000064" classname="graphs_pharmacokinetic_pkpg03" name="graphs_pharmacokinetic_pkpg03.qmd_plot_v1_development">
      <skipped message="Reason: Snapshot test is not implemented for object of class: gg, ggplot. ('test-graphs-pharmacokinetic-pkpg03.R:1:1')"/>
    </testcase>
  </testsuite>
  <testsuite name="graphs-pharmacokinetic-pkpg04" timestamp="2024-07-31T21:21:15Z" hostname="e0b5aa2b9cfd" tests="1" skipped="1" failures="0" errors="0" time="0.049">
    <testcase time="0.0489999999999782" classname="graphs_pharmacokinetic_pkpg04" name="graphs_pharmacokinetic_pkpg04.qmd_plot_v1_development">
      <skipped message="Reason: Snapshot test is not implemented for object of class: gg, ggplot. ('test-graphs-pharmacokinetic-pkpg04.R:1:1')"/>
    </testcase>
  </testsuite>
  <testsuite name="graphs-pharmacokinetic-pkpg06" timestamp="2024-07-31T21:21:15Z" hostname="e0b5aa2b9cfd" tests="4" skipped="4" failures="0" errors="0" time="0.07">
    <testcase time="0.0349999999999682" classname="graphs_pharmacokinetic_pkpg06" name="graphs_pharmacokinetic_pkpg06.qmd_plot_v1_development">
      <skipped message="Reason: Snapshot test is not implemented for object of class: gg, ggplot. ('test-graphs-pharmacokinetic-pkpg06.R:1:1')"/>
    </testcase>
    <testcase time="0.0120000000000573" classname="graphs_pharmacokinetic_pkpg06" name="graphs_pharmacokinetic_pkpg06.qmd_plot_v2_development">
      <skipped message="Reason: Snapshot test is not implemented for object of class: gg, ggplot. ('test-graphs-pharmacokinetic-pkpg06.R:1:1')"/>
    </testcase>
    <testcase time="0.0109999999999673" classname="graphs_pharmacokinetic_pkpg06" name="graphs_pharmacokinetic_pkpg06.qmd_plot_v3_development">
      <skipped message="Reason: Snapshot test is not implemented for object of class: gg, ggplot. ('test-graphs-pharmacokinetic-pkpg06.R:1:1')"/>
    </testcase>
    <testcase time="0.0120000000000573" classname="graphs_pharmacokinetic_pkpg06" name="graphs_pharmacokinetic_pkpg06.qmd_plot_v4_development">
      <skipped message="Reason: Snapshot test is not implemented for object of class: gg, ggplot. ('test-graphs-pharmacokinetic-pkpg06.R:1:1')"/>
    </testcase>
  </testsuite>
  <testsuite name="listings-ADA-adal02" timestamp="2024-07-31T21:21:15Z" hostname="e0b5aa2b9cfd" tests="1" skipped="0" failures="0" errors="0" time="0.062">
    <testcase time="0.0619999999998981" classname="listings_ADA_adal02" name="listings_ADA_adal02.qmd_lsting_development"/>
  </testsuite>
  <testsuite name="listings-ECG-egl01" timestamp="2024-07-31T21:21:15Z" hostname="e0b5aa2b9cfd" tests="1" skipped="0" failures="0" errors="0" time="0.054">
    <testcase time="0.0540000000000873" classname="listings_ECG_egl01" name="listings_ECG_egl01.qmd_lsting_development"/>
  </testsuite>
  <testsuite name="listings-adverse-events-ael01" timestamp="2024-07-31T21:21:15Z" hostname="e0b5aa2b9cfd" tests="1" skipped="0" failures="0" errors="0" time="0.036">
    <testcase time="0.0359999999999445" classname="listings_adverse_events_ael01" name="listings_adverse_events_ael01.qmd_lsting_development"/>
  </testsuite>
  <testsuite name="listings-adverse-events-ael01_nollt" timestamp="2024-07-31T21:21:15Z" hostname="e0b5aa2b9cfd" tests="1" skipped="0" failures="0" errors="0" time="0.033">
    <testcase time="0.0330000000000155" classname="listings_adverse_events_ael01_nollt" name="listings_adverse_events_ael01_nollt.qmd_lsting_development"/>
  </testsuite>
  <testsuite name="listings-adverse-events-ael02" timestamp="2024-07-31T21:21:15Z" hostname="e0b5aa2b9cfd" tests="1" skipped="0" failures="0" errors="0" time="0.056">
    <testcase time="0.05600000000004" classname="listings_adverse_events_ael02" name="listings_adverse_events_ael02.qmd_lsting_development"/>
  </testsuite>
  <testsuite name="listings-adverse-events-ael02_ed" timestamp="2024-07-31T21:21:15Z" hostname="e0b5aa2b9cfd" tests="1" skipped="0" failures="0" errors="0" time="0.067">
    <testcase time="0.0670000000000073" classname="listings_adverse_events_ael02_ed" name="listings_adverse_events_ael02_ed.qmd_lsting_development"/>
  </testsuite>
  <testsuite name="listings-adverse-events-ael03" timestamp="2024-07-31T21:21:15Z" hostname="e0b5aa2b9cfd" tests="1" skipped="0" failures="0" errors="0" time="0.052">
    <testcase time="0.0519999999999072" classname="listings_adverse_events_ael03" name="listings_adverse_events_ael03.qmd_lsting_development"/>
  </testsuite>
  <testsuite name="listings-adverse-events-ael04" timestamp="2024-07-31T21:21:15Z" hostname="e0b5aa2b9cfd" tests="1" skipped="0" failures="0" errors="0" time="0.042">
    <testcase time="0.04200000000003" classname="listings_adverse_events_ael04" name="listings_adverse_events_ael04.qmd_lsting_development"/>
  </testsuite>
  <testsuite name="listings-concomitant-medications-cml01" timestamp="2024-07-31T21:21:15Z" hostname="e0b5aa2b9cfd" tests="1" skipped="0" failures="0" errors="0" time="0.058">
    <testcase time="0.0579999999999927" classname="listings_concomitant_medications_cml01" name="listings_concomitant_medications_cml01.qmd_lsting_development"/>
  </testsuite>
  <testsuite name="listings-concomitant-medications-cml02a_gl" timestamp="2024-07-31T21:21:15Z" hostname="e0b5aa2b9cfd" tests="1" skipped="0" failures="0" errors="0" time="0.034">
    <testcase time="0.0339999999999918" classname="listings_concomitant_medications_cml02a_gl" name="listings_concomitant_medications_cml02a_gl.qmd_lsting_development"/>
  </testsuite>
  <testsuite name="listings-concomitant-medications-cml02b_gl" timestamp="2024-07-31T21:21:15Z" hostname="e0b5aa2b9cfd" tests="1" skipped="0" failures="0" errors="0" time="0.037">
    <testcase time="0.0370000000000346" classname="listings_concomitant_medications_cml02b_gl" name="listings_concomitant_medications_cml02b_gl.qmd_lsting_development"/>
  </testsuite>
  <testsuite name="listings-development-safety-update-report-dsur4" timestamp="2024-07-31T21:21:15Z" hostname="e0b5aa2b9cfd" tests="1" skipped="0" failures="0" errors="0" time="0.034">
    <testcase time="0.0339999999999918" classname="listings_development_safety_update_report_dsur4" name="listings_development_safety_update_report_dsur4.qmd_lsting_development"/>
  </testsuite>
  <testsuite name="listings-disposition-dsl01" timestamp="2024-07-31T21:21:15Z" hostname="e0b5aa2b9cfd" tests="1" skipped="0" failures="0" errors="0" time="0.04">
    <testcase time="0.0399999999999636" classname="listings_disposition_dsl01" name="listings_disposition_dsl01.qmd_lsting_development"/>
  </testsuite>
  <testsuite name="listings-disposition-dsl02" timestamp="2024-07-31T21:21:15Z" hostname="e0b5aa2b9cfd" tests="1" skipped="0" failures="0" errors="0" time="0.043">
    <testcase time="0.0430000000000064" classname="listings_disposition_dsl02" name="listings_disposition_dsl02.qmd_lsting_development"/>
  </testsuite>
  <testsuite name="listings-efficacy-oncl01" timestamp="2024-07-31T21:21:15Z" hostname="e0b5aa2b9cfd" tests="1" skipped="0" failures="0" errors="0" time="0.047">
    <testcase time="0.0470000000000255" classname="listings_efficacy_oncl01" name="listings_efficacy_oncl01.qmd_lsting_development"/>
  </testsuite>
  <testsuite name="listings-exposure-exl01" timestamp="2024-07-31T21:21:15Z" hostname="e0b5aa2b9cfd" tests="1" skipped="0" failures="0" errors="0" time="0.048">
    <testcase time="0.0480000000000018" classname="listings_exposure_exl01" name="listings_exposure_exl01.qmd_lsting_development"/>
  </testsuite>
  <testsuite name="listings-lab-results-lbl01" timestamp="2024-07-31T21:21:15Z" hostname="e0b5aa2b9cfd" tests="1" skipped="0" failures="0" errors="0" time="0.047">
    <testcase time="0.0470000000000255" classname="listings_lab_results_lbl01" name="listings_lab_results_lbl01.qmd_lsting_development"/>
  </testsuite>
  <testsuite name="listings-lab-results-lbl01_rls" timestamp="2024-07-31T21:21:15Z" hostname="e0b5aa2b9cfd" tests="1" skipped="0" failures="0" errors="0" time="0.046">
    <testcase time="0.0459999999999354" classname="listings_lab_results_lbl01_rls" name="listings_lab_results_lbl01_rls.qmd_lsting_development"/>
  </testsuite>
  <testsuite name="listings-lab-results-lbl02a" timestamp="2024-07-31T21:21:16Z" hostname="e0b5aa2b9cfd" tests="1" skipped="0" failures="0" errors="0" time="0.053">
    <testcase time="0.0529999999999973" classname="listings_lab_results_lbl02a" name="listings_lab_results_lbl02a.qmd_lsting_development"/>
  </testsuite>
  <testsuite name="listings-lab-results-lbl02a_rls" timestamp="2024-07-31T21:21:16Z" hostname="e0b5aa2b9cfd" tests="1" skipped="0" failures="0" errors="0" time="0.059">
    <testcase time="0.0589999999999691" classname="listings_lab_results_lbl02a_rls" name="listings_lab_results_lbl02a_rls.qmd_lsting_development"/>
  </testsuite>
  <testsuite name="listings-lab-results-lbl02b" timestamp="2024-07-31T21:21:16Z" hostname="e0b5aa2b9cfd" tests="1" skipped="0" failures="0" errors="0" time="0.048">
    <testcase time="0.0480000000000018" classname="listings_lab_results_lbl02b" name="listings_lab_results_lbl02b.qmd_lsting_development"/>
  </testsuite>
  <testsuite name="listings-medical-history-mhl01" timestamp="2024-07-31T21:21:16Z" hostname="e0b5aa2b9cfd" tests="1" skipped="0" failures="0" errors="0" time="0.051">
    <testcase time="0.0510000000000446" classname="listings_medical_history_mhl01" name="listings_medical_history_mhl01.qmd_lsting_development"/>
  </testsuite>
  <testsuite name="listings-pharmacokinetic-pkcl01" timestamp="2024-07-31T21:21:16Z" hostname="e0b5aa2b9cfd" tests="1" skipped="0" failures="0" errors="0" time="0.043">
    <testcase time="0.0430000000000064" classname="listings_pharmacokinetic_pkcl01" name="listings_pharmacokinetic_pkcl01.qmd_lsting_development"/>
  </testsuite>
  <testsuite name="listings-pharmacokinetic-pkcl02" timestamp="2024-07-31T21:21:16Z" hostname="e0b5aa2b9cfd" tests="1" skipped="0" failures="0" errors="0" time="0.061">
    <testcase time="0.0609999999999218" classname="listings_pharmacokinetic_pkcl02" name="listings_pharmacokinetic_pkcl02.qmd_lsting_development"/>
  </testsuite>
  <testsuite name="listings-pharmacokinetic-pkpl01" timestamp="2024-07-31T21:21:16Z" hostname="e0b5aa2b9cfd" tests="1" skipped="0" failures="0" errors="0" time="0.043">
    <testcase time="0.0430000000000064" classname="listings_pharmacokinetic_pkpl01" name="listings_pharmacokinetic_pkpl01.qmd_lsting_development"/>
  </testsuite>
  <testsuite name="listings-pharmacokinetic-pkpl02" timestamp="2024-07-31T21:21:16Z" hostname="e0b5aa2b9cfd" tests="1" skipped="0" failures="0" errors="0" time="0.047">
    <testcase time="0.0470000000000255" classname="listings_pharmacokinetic_pkpl02" name="listings_pharmacokinetic_pkpl02.qmd_lsting_development"/>
  </testsuite>
  <testsuite name="listings-pharmacokinetic-pkpl04" timestamp="2024-07-31T21:21:16Z" hostname="e0b5aa2b9cfd" tests="1" skipped="0" failures="0" errors="0" time="0.048">
    <testcase time="0.0480000000000018" classname="listings_pharmacokinetic_pkpl04" name="listings_pharmacokinetic_pkpl04.qmd_lsting_development"/>
  </testsuite>
  <testsuite name="listings-vital-signs-vsl01" timestamp="2024-07-31T21:21:16Z" hostname="e0b5aa2b9cfd" tests="1" skipped="0" failures="0" errors="0" time="0.065">
    <testcase time="0.0649999999999409" classname="listings_vital_signs_vsl01" name="listings_vital_signs_vsl01.qmd_lsting_development"/>
  </testsuite>
  <testsuite name="tables-ADA-adat01" timestamp="2024-07-31T21:21:16Z" hostname="e0b5aa2b9cfd" tests="1" skipped="0" failures="0" errors="0" time="0.214">
    <testcase time="0.214000000000055" classname="tables_ADA_adat01" name="tables_ADA_adat01.qmd_result_v1_development"/>
  </testsuite>
  <testsuite name="tables-ADA-adat02" timestamp="2024-07-31T21:21:16Z" hostname="e0b5aa2b9cfd" tests="1" skipped="0" failures="0" errors="0" time="0.087">
    <testcase time="0.0869999999999891" classname="tables_ADA_adat02" name="tables_ADA_adat02.qmd_result_v1_development"/>
  </testsuite>
  <testsuite name="tables-ADA-adat03" timestamp="2024-07-31T21:21:17Z" hostname="e0b5aa2b9cfd" tests="1" skipped="0" failures="0" errors="0" time="0.326">
    <testcase time="0.326000000000022" classname="tables_ADA_adat03" name="tables_ADA_adat03.qmd_result_v1_development"/>
  </testsuite>
  <testsuite name="tables-ADA-adat04a" timestamp="2024-07-31T21:21:17Z" hostname="e0b5aa2b9cfd" tests="1" skipped="0" failures="0" errors="0" time="0.142">
    <testcase time="0.141999999999939" classname="tables_ADA_adat04a" name="tables_ADA_adat04a.qmd_result_v1_development"/>
  </testsuite>
  <testsuite name="tables-ADA-adat04b" timestamp="2024-07-31T21:21:17Z" hostname="e0b5aa2b9cfd" tests="1" skipped="0" failures="0" errors="0" time="0.131">
    <testcase time="0.131000000000085" classname="tables_ADA_adat04b" name="tables_ADA_adat04b.qmd_result_v1_development"/>
  </testsuite>
  <testsuite name="tables-ECG-egt01" timestamp="2024-07-31T21:21:17Z" hostname="e0b5aa2b9cfd" tests="1" skipped="0" failures="0" errors="0" time="0.534">
    <testcase time="0.533999999999992" classname="tables_ECG_egt01" name="tables_ECG_egt01.qmd_result_v1_development"/>
  </testsuite>
  <testsuite name="tables-ECG-egt02" timestamp="2024-07-31T21:21:17Z" hostname="e0b5aa2b9cfd" tests="2" skipped="0" failures="0" errors="0" time="0.171">
    <testcase time="0.0899999999999181" classname="tables_ECG_egt02" name="tables_ECG_egt02.qmd_result_v1_development"/>
    <testcase time="0.0810000000000173" classname="tables_ECG_egt02" name="tables_ECG_egt02.qmd_result_v2_development"/>
  </testsuite>
  <testsuite name="tables-ECG-egt03" timestamp="2024-07-31T21:21:19Z" hostname="e0b5aa2b9cfd" tests="2" skipped="0" failures="0" errors="0" time="1.404">
    <testcase time="1.22300000000007" classname="tables_ECG_egt03" name="tables_ECG_egt03.qmd_result_v1_development"/>
    <testcase time="0.180999999999926" classname="tables_ECG_egt03" name="tables_ECG_egt03.qmd_result_v2_development"/>
  </testsuite>
  <testsuite name="tables-ECG-egt04" timestamp="2024-07-31T21:21:19Z" hostname="e0b5aa2b9cfd" tests="1" skipped="0" failures="0" errors="0" time="0.175">
    <testcase time="0.175000000000068" classname="tables_ECG_egt04" name="tables_ECG_egt04.qmd_result_v1_development"/>
  </testsuite>
  <testsuite name="tables-ECG-egt05_qtcat" timestamp="2024-07-31T21:21:19Z" hostname="e0b5aa2b9cfd" tests="1" skipped="0" failures="0" errors="0" time="0.481">
    <testcase time="0.480999999999995" classname="tables_ECG_egt05_qtcat" name="tables_ECG_egt05_qtcat.qmd_result_v1_development"/>
  </testsuite>
  <testsuite name="tables-adverse-events-aet01" timestamp="2024-07-31T21:21:20Z" hostname="e0b5aa2b9cfd" tests="4" skipped="0" failures="0" errors="0" time="0.473">
    <testcase time="0.132999999999925" classname="tables_adverse_events_aet01" name="tables_adverse_events_aet01.qmd_result_v1_development"/>
    <testcase time="0.119000000000028" classname="tables_adverse_events_aet01" name="tables_adverse_events_aet01.qmd_result_v2_development"/>
    <testcase time="0.100000000000023" classname="tables_adverse_events_aet01" name="tables_adverse_events_aet01.qmd_result_v3_development"/>
    <testcase time="0.120999999999981" classname="tables_adverse_events_aet01" name="tables_adverse_events_aet01.qmd_result_v4_development"/>
  </testsuite>
  <testsuite name="tables-adverse-events-aet01_aesi" timestamp="2024-07-31T21:21:20Z" hostname="e0b5aa2b9cfd" tests="4" skipped="0" failures="0" errors="0" time="0.641">
    <testcase time="0.130999999999972" classname="tables_adverse_events_aet01_aesi" name="tables_adverse_events_aet01_aesi.qmd_result_v1_development"/>
    <testcase time="0.147000000000048" classname="tables_adverse_events_aet01_aesi" name="tables_adverse_events_aet01_aesi.qmd_result_v2_development"/>
    <testcase time="0.208999999999946" classname="tables_adverse_events_aet01_aesi" name="tables_adverse_events_aet01_aesi.qmd_result_v3_development"/>
    <testcase time="0.153999999999996" classname="tables_adverse_events_aet01_aesi" name="tables_adverse_events_aet01_aesi.qmd_result_v4_development"/>
  </testsuite>
  <testsuite name="tables-adverse-events-aet02" timestamp="2024-07-31T21:21:21Z" hostname="e0b5aa2b9cfd" tests="13" skipped="0" failures="0" errors="0" time="1.901">
    <testcase time="0.319000000000074" classname="tables_adverse_events_aet02" name="tables_adverse_events_aet02.qmd_result_v1_development"/>
    <testcase time="0.173000000000002" classname="tables_adverse_events_aet02" name="tables_adverse_events_aet02.qmd_result_v2_development"/>
    <testcase time="0.177000000000021" classname="tables_adverse_events_aet02" name="tables_adverse_events_aet02.qmd_result_v3_development"/>
    <testcase time="0.252999999999929" classname="tables_adverse_events_aet02" name="tables_adverse_events_aet02.qmd_result_v4_development"/>
    <testcase time="0.0900000000000318" classname="tables_adverse_events_aet02" name="tables_adverse_events_aet02.qmd_result_v5_development"/>
    <testcase time="0.16599999999994" classname="tables_adverse_events_aet02" name="tables_adverse_events_aet02.qmd_result_v6_development"/>
    <testcase time="0.102000000000089" classname="tables_adverse_events_aet02" name="tables_adverse_events_aet02.qmd_result_v7_development"/>
    <testcase time="0.134000000000015" classname="tables_adverse_events_aet02" name="tables_adverse_events_aet02.qmd_result_v8_development"/>
    <testcase time="0.104999999999905" classname="tables_adverse_events_aet02" name="tables_adverse_events_aet02.qmd_result_v9_development"/>
    <testcase time="0.109000000000037" classname="tables_adverse_events_aet02" name="tables_adverse_events_aet02.qmd_result_v10_development"/>
    <testcase time="0.08400000000006" classname="tables_adverse_events_aet02" name="tables_adverse_events_aet02.qmd_result_v11_development"/>
    <testcase time="0.102999999999952" classname="tables_adverse_events_aet02" name="tables_adverse_events_aet02.qmd_result_v12_development"/>
    <testcase time="0.0860000000000127" classname="tables_adverse_events_aet02" name="tables_adverse_events_aet02.qmd_result_v13_development"/>
  </testsuite>
  <testsuite name="tables-adverse-events-aet02_smq" timestamp="2024-07-31T21:21:23Z" hostname="e0b5aa2b9cfd" tests="2" skipped="0" failures="0" errors="0" time="0.186">
    <testcase time="0.0839999999999463" classname="tables_adverse_events_aet02_smq" name="tables_adverse_events_aet02_smq.qmd_result_v1_development"/>
    <testcase time="0.102000000000089" classname="tables_adverse_events_aet02_smq" name="tables_adverse_events_aet02_smq.qmd_result_v2_development"/>
  </testsuite>
  <testsuite name="tables-adverse-events-aet03" timestamp="2024-07-31T21:21:23Z" hostname="e0b5aa2b9cfd" tests="1" skipped="0" failures="0" errors="0" time="0.323">
    <testcase time="0.322999999999979" classname="tables_adverse_events_aet03" name="tables_adverse_events_aet03.qmd_result_v1_development"/>
  </testsuite>
  <testsuite name="tables-adverse-events-aet04" timestamp="2024-07-31T21:21:23Z" hostname="e0b5aa2b9cfd" tests="8" skipped="0" failures="0" errors="0" time="3.321">
    <testcase time="0.600999999999999" classname="tables_adverse_events_aet04" name="tables_adverse_events_aet04.qmd_result_v1_development"/>
    <testcase time="0.341000000000008" classname="tables_adverse_events_aet04" name="tables_adverse_events_aet04.qmd_result_v2_development"/>
    <testcase time="0.639999999999986" classname="tables_adverse_events_aet04" name="tables_adverse_events_aet04.qmd_result_v3_development"/>
    <testcase time="0.357999999999947" classname="tables_adverse_events_aet04" name="tables_adverse_events_aet04.qmd_result_v4_development"/>
    <testcase time="0.344000000000051" classname="tables_adverse_events_aet04" name="tables_adverse_events_aet04.qmd_result_v6_development"/>
    <testcase time="0.345000000000027" classname="tables_adverse_events_aet04" name="tables_adverse_events_aet04.qmd_result_v8_development"/>
    <testcase time="0.346000000000004" classname="tables_adverse_events_aet04" name="tables_adverse_events_aet04.qmd_result_v9_development"/>
    <testcase time="0.346000000000004" classname="tables_adverse_events_aet04" name="tables_adverse_events_aet04.qmd_result_v11_development"/>
  </testsuite>
  <testsuite name="tables-adverse-events-aet04_pi" timestamp="2024-07-31T21:21:27Z" hostname="e0b5aa2b9cfd" tests="8" skipped="0" failures="0" errors="0" time="1.716">
    <testcase time="0.751999999999953" classname="tables_adverse_events_aet04_pi" name="tables_adverse_events_aet04_pi.qmd_result_v1_development"/>
    <testcase time="0.109000000000037" classname="tables_adverse_events_aet04_pi" name="tables_adverse_events_aet04_pi.qmd_result_v2_development"/>
    <testcase time="0.162999999999897" classname="tables_adverse_events_aet04_pi" name="tables_adverse_events_aet04_pi.qmd_result_v3_development"/>
    <testcase time="0.09800000000007" classname="tables_adverse_events_aet04_pi" name="tables_adverse_events_aet04_pi.qmd_result_v4_development"/>
    <testcase time="0.148000000000025" classname="tables_adverse_events_aet04_pi" name="tables_adverse_events_aet04_pi.qmd_result_v5_development"/>
    <testcase time="0.150999999999954" classname="tables_adverse_events_aet04_pi" name="tables_adverse_events_aet04_pi.qmd_result_v6_development"/>
    <testcase time="0.147000000000048" classname="tables_adverse_events_aet04_pi" name="tables_adverse_events_aet04_pi.qmd_result_v7_development"/>
    <testcase time="0.147999999999911" classname="tables_adverse_events_aet04_pi" name="tables_adverse_events_aet04_pi.qmd_result_v8_development"/>
  </testsuite>
  <testsuite name="tables-adverse-events-aet05" timestamp="2024-07-31T21:21:28Z" hostname="e0b5aa2b9cfd" tests="2" skipped="0" failures="0" errors="0" time="0.132">
    <testcase time="0.0690000000000737" classname="tables_adverse_events_aet05" name="tables_adverse_events_aet05.qmd_result_v1_development"/>
    <testcase time="0.0629999999999882" classname="tables_adverse_events_aet05" name="tables_adverse_events_aet05.qmd_result_v2_development"/>
  </testsuite>
  <testsuite name="tables-adverse-events-aet05_all" timestamp="2024-07-31T21:21:28Z" hostname="e0b5aa2b9cfd" tests="2" skipped="0" failures="0" errors="0" time="0.132">
    <testcase time="0.0679999999999836" classname="tables_adverse_events_aet05_all" name="tables_adverse_events_aet05_all.qmd_result_v1_development"/>
    <testcase time="0.0639999999999645" classname="tables_adverse_events_aet05_all" name="tables_adverse_events_aet05_all.qmd_result_v2_development"/>
  </testsuite>
  <testsuite name="tables-adverse-events-aet06" timestamp="2024-07-31T21:21:29Z" hostname="e0b5aa2b9cfd" tests="5" skipped="0" failures="0" errors="0" time="1.63">
    <testcase time="0.442000000000007" classname="tables_adverse_events_aet06" name="tables_adverse_events_aet06.qmd_result_v1_development"/>
    <testcase time="0.301000000000045" classname="tables_adverse_events_aet06" name="tables_adverse_events_aet06.qmd_result_v2_development"/>
    <testcase time="0.326999999999998" classname="tables_adverse_events_aet06" name="tables_adverse_events_aet06.qmd_result_v3_development"/>
    <testcase time="0.223999999999933" classname="tables_adverse_events_aet06" name="tables_adverse_events_aet06.qmd_result_v4_development"/>
    <testcase time="0.336000000000013" classname="tables_adverse_events_aet06" name="tables_adverse_events_aet06.qmd_result_v5_development"/>
  </testsuite>
  <testsuite name="tables-adverse-events-aet06_smq" timestamp="2024-07-31T21:21:30Z" hostname="e0b5aa2b9cfd" tests="3" skipped="0" failures="0" errors="0" time="0.393">
    <testcase time="0.146000000000072" classname="tables_adverse_events_aet06_smq" name="tables_adverse_events_aet06_smq.qmd_result_v1_development"/>
    <testcase time="0.142999999999915" classname="tables_adverse_events_aet06_smq" name="tables_adverse_events_aet06_smq.qmd_result_v2_development"/>
    <testcase time="0.104000000000042" classname="tables_adverse_events_aet06_smq" name="tables_adverse_events_aet06_smq.qmd_result_v3_development"/>
  </testsuite>
  <testsuite name="tables-adverse-events-aet07" timestamp="2024-07-31T21:21:31Z" hostname="e0b5aa2b9cfd" tests="2" skipped="0" failures="0" errors="0" time="0.134">
    <testcase time="0.0639999999999645" classname="tables_adverse_events_aet07" name="tables_adverse_events_aet07.qmd_result_v1_development"/>
    <testcase time="0.07000000000005" classname="tables_adverse_events_aet07" name="tables_adverse_events_aet07.qmd_result_v2_development"/>
  </testsuite>
  <testsuite name="tables-adverse-events-aet09" timestamp="2024-07-31T21:21:31Z" hostname="e0b5aa2b9cfd" tests="2" skipped="0" failures="0" errors="0" time="0.347">
    <testcase time="0.162000000000035" classname="tables_adverse_events_aet09" name="tables_adverse_events_aet09.qmd_result_v1_development"/>
    <testcase time="0.184999999999945" classname="tables_adverse_events_aet09" name="tables_adverse_events_aet09.qmd_result_v2_development"/>
  </testsuite>
  <testsuite name="tables-adverse-events-aet09_smq" timestamp="2024-07-31T21:21:31Z" hostname="e0b5aa2b9cfd" tests="2" skipped="0" failures="0" errors="0" time="0.178">
    <testcase time="0.0850000000000364" classname="tables_adverse_events_aet09_smq" name="tables_adverse_events_aet09_smq.qmd_result_v1_development"/>
    <testcase time="0.0929999999999609" classname="tables_adverse_events_aet09_smq" name="tables_adverse_events_aet09_smq.qmd_result_v2_development"/>
  </testsuite>
  <testsuite name="tables-adverse-events-aet10" timestamp="2024-07-31T21:21:31Z" hostname="e0b5aa2b9cfd" tests="2" skipped="0" failures="0" errors="0" time="0.219">
    <testcase time="0.127000000000066" classname="tables_adverse_events_aet10" name="tables_adverse_events_aet10.qmd_result_v1_development"/>
    <testcase time="0.0919999999999845" classname="tables_adverse_events_aet10" name="tables_adverse_events_aet10.qmd_result_v2_development"/>
  </testsuite>
  <testsuite name="tables-concomitant-medications-cmt01" timestamp="2024-07-31T21:21:31Z" hostname="e0b5aa2b9cfd" tests="4" skipped="0" failures="0" errors="0" time="0.456">
    <testcase time="0.140999999999963" classname="tables_concomitant_medications_cmt01" name="tables_concomitant_medications_cmt01.qmd_result_v1_development"/>
    <testcase time="0.0890000000000555" classname="tables_concomitant_medications_cmt01" name="tables_concomitant_medications_cmt01.qmd_result_v2_development"/>
    <testcase time="0.103999999999928" classname="tables_concomitant_medications_cmt01" name="tables_concomitant_medications_cmt01.qmd_result_v3_development"/>
    <testcase time="0.122000000000071" classname="tables_concomitant_medications_cmt01" name="tables_concomitant_medications_cmt01.qmd_result_v4_development"/>
  </testsuite>
  <testsuite name="tables-concomitant-medications-cmt01a" timestamp="2024-07-31T21:21:32Z" hostname="e0b5aa2b9cfd" tests="4" skipped="0" failures="0" errors="0" time="1.013">
    <testcase time="0.236999999999966" classname="tables_concomitant_medications_cmt01a" name="tables_concomitant_medications_cmt01a.qmd_result_v1_development"/>
    <testcase time="0.458999999999946" classname="tables_concomitant_medications_cmt01a" name="tables_concomitant_medications_cmt01a.qmd_result_v2_development"/>
    <testcase time="0.170000000000073" classname="tables_concomitant_medications_cmt01a" name="tables_concomitant_medications_cmt01a.qmd_result_v3_development"/>
    <testcase time="0.146999999999935" classname="tables_concomitant_medications_cmt01a" name="tables_concomitant_medications_cmt01a.qmd_result_v4_development"/>
  </testsuite>
  <testsuite name="tables-concomitant-medications-cmt01b" timestamp="2024-07-31T21:21:33Z" hostname="e0b5aa2b9cfd" tests="3" skipped="0" failures="0" errors="0" time="0.861">
    <testcase time="0.331999999999994" classname="tables_concomitant_medications_cmt01b" name="tables_concomitant_medications_cmt01b.qmd_result_v1_development"/>
    <testcase time="0.199000000000069" classname="tables_concomitant_medications_cmt01b" name="tables_concomitant_medications_cmt01b.qmd_result_v2_development"/>
    <testcase time="0.329999999999927" classname="tables_concomitant_medications_cmt01b" name="tables_concomitant_medications_cmt01b.qmd_result_v4_development"/>
  </testsuite>
  <testsuite name="tables-concomitant-medications-cmt02_pt" timestamp="2024-07-31T21:21:34Z" hostname="e0b5aa2b9cfd" tests="1" skipped="0" failures="0" errors="0" time="0.097">
    <testcase time="0.0970000000000937" classname="tables_concomitant_medications_cmt02_pt" name="tables_concomitant_medications_cmt02_pt.qmd_result_v1_development"/>
  </testsuite>
  <testsuite name="tables-deaths-dtht01" timestamp="2024-07-31T21:21:34Z" hostname="e0b5aa2b9cfd" tests="4" skipped="0" failures="0" errors="0" time="0.536">
    <testcase time="0.188999999999965" classname="tables_deaths_dtht01" name="tables_deaths_dtht01.qmd_result_v1_development"/>
    <testcase time="0.160999999999945" classname="tables_deaths_dtht01" name="tables_deaths_dtht01.qmd_result_v2_development"/>
    <testcase time="0.0860000000000127" classname="tables_deaths_dtht01" name="tables_deaths_dtht01.qmd_result_v3_development"/>
    <testcase time="0.100000000000023" classname="tables_deaths_dtht01" name="tables_deaths_dtht01.qmd_result_v4_development"/>
  </testsuite>
  <testsuite name="tables-demography-dmt01" timestamp="2024-07-31T21:21:34Z" hostname="e0b5aa2b9cfd" tests="5" skipped="0" failures="0" errors="0" time="0.805">
    <testcase time="0.225999999999999" classname="tables_demography_dmt01" name="tables_demography_dmt01.qmd_result_v1_development"/>
    <testcase time="0.157000000000039" classname="tables_demography_dmt01" name="tables_demography_dmt01.qmd_result_v2_development"/>
    <testcase time="0.154999999999973" classname="tables_demography_dmt01" name="tables_demography_dmt01.qmd_result_v3_development"/>
    <testcase time="0.143000000000029" classname="tables_demography_dmt01" name="tables_demography_dmt01.qmd_result_v4_development"/>
    <testcase time="0.12399999999991" classname="tables_demography_dmt01" name="tables_demography_dmt01.qmd_result_v5_development"/>
  </testsuite>
  <testsuite name="tables-disclosures-disclosurest01" timestamp="2024-07-31T21:21:35Z" hostname="e0b5aa2b9cfd" tests="6" skipped="0" failures="0" errors="0" time="0.711">
    <testcase time="0.161000000000058" classname="tables_disclosures_disclosurest01" name="tables_disclosures_disclosurest01.qmd_result_v1_development"/>
    <testcase time="0.172000000000025" classname="tables_disclosures_disclosurest01" name="tables_disclosures_disclosurest01.qmd_result_v2_development"/>
    <testcase time="0.0929999999999609" classname="tables_disclosures_disclosurest01" name="tables_disclosures_disclosurest01.qmd_result_v3_development"/>
    <testcase time="0.124000000000024" classname="tables_disclosures_disclosurest01" name="tables_disclosures_disclosurest01.qmd_result_v4_development"/>
    <testcase time="0.0950000000000273" classname="tables_disclosures_disclosurest01" name="tables_disclosures_disclosurest01.qmd_result_v5_development"/>
    <testcase time="0.0659999999999172" classname="tables_disclosures_disclosurest01" name="tables_disclosures_disclosurest01.qmd_result_v6_development"/>
  </testsuite>
  <testsuite name="tables-disclosures-eudrat01" timestamp="2024-07-31T21:21:36Z" hostname="e0b5aa2b9cfd" tests="1" skipped="0" failures="0" errors="0" time="0.149">
    <testcase time="0.149000000000001" classname="tables_disclosures_eudrat01" name="tables_disclosures_eudrat01.qmd_result_v1_development"/>
  </testsuite>
  <testsuite name="tables-disclosures-eudrat02" timestamp="2024-07-31T21:21:36Z" hostname="e0b5aa2b9cfd" tests="1" skipped="0" failures="0" errors="0" time="0.107">
    <testcase time="0.107000000000085" classname="tables_disclosures_eudrat02" name="tables_disclosures_eudrat02.qmd_result_v1_development"/>
  </testsuite>
  <testsuite name="tables-disposition-dst01" timestamp="2024-07-31T21:21:36Z" hostname="e0b5aa2b9cfd" tests="3" skipped="0" failures="0" errors="0" time="0.391">
    <testcase time="0.168999999999983" classname="tables_disposition_dst01" name="tables_disposition_dst01.qmd_result_v1_development"/>
    <testcase time="0.108999999999924" classname="tables_disposition_dst01" name="tables_disposition_dst01.qmd_result_v2_development"/>
    <testcase time="0.113000000000056" classname="tables_disposition_dst01" name="tables_disposition_dst01.qmd_result_v3_development"/>
  </testsuite>
  <testsuite name="tables-disposition-pdt01" timestamp="2024-07-31T21:21:37Z" hostname="e0b5aa2b9cfd" tests="1" skipped="0" failures="0" errors="0" time="0.158">
    <testcase time="0.158000000000015" classname="tables_disposition_pdt01" name="tables_disposition_pdt01.qmd_result_v1_development"/>
  </testsuite>
  <testsuite name="tables-disposition-pdt02" timestamp="2024-07-31T21:21:37Z" hostname="e0b5aa2b9cfd" tests="1" skipped="0" failures="0" errors="0" time="0.088">
    <testcase time="0.0879999999999654" classname="tables_disposition_pdt02" name="tables_disposition_pdt02.qmd_result_v1_development"/>
  </testsuite>
  <testsuite name="tables-efficacy-aovt01" timestamp="2024-07-31T21:21:37Z" hostname="e0b5aa2b9cfd" tests="1" skipped="0" failures="0" errors="0" time="0.83">
    <testcase time="0.830000000000041" classname="tables_efficacy_aovt01" name="tables_efficacy_aovt01.qmd_result_v1_development"/>
  </testsuite>
  <testsuite name="tables-efficacy-aovt02" timestamp="2024-07-31T21:21:38Z" hostname="e0b5aa2b9cfd" tests="1" skipped="0" failures="0" errors="0" time="0.329">
    <testcase time="0.328999999999951" classname="tables_efficacy_aovt02" name="tables_efficacy_aovt02.qmd_result_v1_development"/>
  </testsuite>
  <testsuite name="tables-efficacy-aovt03" timestamp="2024-07-31T21:21:39Z" hostname="e0b5aa2b9cfd" tests="1" skipped="0" failures="0" errors="0" time="0.923">
    <testcase time="0.923000000000002" classname="tables_efficacy_aovt03" name="tables_efficacy_aovt03.qmd_result_v1_development"/>
  </testsuite>
  <testsuite name="tables-efficacy-cfbt01" timestamp="2024-07-31T21:21:39Z" hostname="e0b5aa2b9cfd" tests="1" skipped="0" failures="0" errors="0" time="0.224">
    <testcase time="0.224000000000046" classname="tables_efficacy_cfbt01" name="tables_efficacy_cfbt01.qmd_result_v1_development"/>
  </testsuite>
  <testsuite name="tables-efficacy-cmht01" timestamp="2024-07-31T21:21:41Z" hostname="e0b5aa2b9cfd" tests="2" skipped="0" failures="0" errors="0" time="2.298">
    <testcase time="1.85299999999995" classname="tables_efficacy_cmht01" name="tables_efficacy_cmht01.qmd_result_v1_development"/>
    <testcase time="0.44500000000005" classname="tables_efficacy_cmht01" name="tables_efficacy_cmht01.qmd_result_v2_development"/>
  </testsuite>
  <testsuite name="tables-efficacy-coxt01" timestamp="2024-07-31T21:21:41Z" hostname="e0b5aa2b9cfd" tests="4" skipped="0" failures="0" errors="0" time="0.462">
    <testcase time="0.135999999999967" classname="tables_efficacy_coxt01" name="tables_efficacy_coxt01.qmd_result_v1_development"/>
    <testcase time="0.0940000000000509" classname="tables_efficacy_coxt01" name="tables_efficacy_coxt01.qmd_result_v2_development"/>
    <testcase time="0.100999999999999" classname="tables_efficacy_coxt01" name="tables_efficacy_coxt01.qmd_result_v3_development"/>
    <testcase time="0.130999999999972" classname="tables_efficacy_coxt01" name="tables_efficacy_coxt01.qmd_result_v4_development"/>
  </testsuite>
  <testsuite name="tables-efficacy-coxt02" timestamp="2024-07-31T21:21:42Z" hostname="e0b5aa2b9cfd" tests="2" skipped="0" failures="0" errors="0" time="0.191">
    <testcase time="0.120999999999981" classname="tables_efficacy_coxt02" name="tables_efficacy_coxt02.qmd_result_v1_development"/>
    <testcase time="0.07000000000005" classname="tables_efficacy_coxt02" name="tables_efficacy_coxt02.qmd_result_v2_development"/>
  </testsuite>
  <testsuite name="tables-efficacy-dort01" timestamp="2024-07-31T21:21:43Z" hostname="e0b5aa2b9cfd" tests="4" skipped="0" failures="0" errors="0" time="0.975">
    <testcase time="0.658999999999992" classname="tables_efficacy_dort01" name="tables_efficacy_dort01.qmd_result_v1_development"/>
    <testcase time="0.0989999999999327" classname="tables_efficacy_dort01" name="tables_efficacy_dort01.qmd_result_v2_development"/>
    <testcase time="0.09800000000007" classname="tables_efficacy_dort01" name="tables_efficacy_dort01.qmd_result_v3_development"/>
    <testcase time="0.119000000000028" classname="tables_efficacy_dort01" name="tables_efficacy_dort01.qmd_result_v4_development"/>
  </testsuite>
  <testsuite name="tables-efficacy-lgrt02" timestamp="2024-07-31T21:21:43Z" hostname="e0b5aa2b9cfd" tests="4" skipped="0" failures="0" errors="0" time="0.736">
    <testcase time="0.192999999999984" classname="tables_efficacy_lgrt02" name="tables_efficacy_lgrt02.qmd_result_v1_development"/>
    <testcase time="0.163999999999987" classname="tables_efficacy_lgrt02" name="tables_efficacy_lgrt02.qmd_result_v2_development"/>
    <testcase time="0.210000000000036" classname="tables_efficacy_lgrt02" name="tables_efficacy_lgrt02.qmd_result_v3_development"/>
    <testcase time="0.168999999999983" classname="tables_efficacy_lgrt02" name="tables_efficacy_lgrt02.qmd_result_v4_development"/>
  </testsuite>
  <testsuite name="tables-efficacy-mmrmt01" timestamp="2024-07-31T21:21:44Z" hostname="e0b5aa2b9cfd" tests="4" skipped="0" failures="0" errors="0" time="0.838">
    <testcase time="0.432999999999993" classname="tables_efficacy_mmrmt01" name="tables_efficacy_mmrmt01.qmd_result_v1_development"/>
    <testcase time="0.0869999999999891" classname="tables_efficacy_mmrmt01" name="tables_efficacy_mmrmt01.qmd_result_v2_development"/>
    <testcase time="0.230000000000018" classname="tables_efficacy_mmrmt01" name="tables_efficacy_mmrmt01.qmd_result_v3_development"/>
    <testcase time="0.0879999999999654" classname="tables_efficacy_mmrmt01" name="tables_efficacy_mmrmt01.qmd_result_baseline_development"/>
  </testsuite>
  <testsuite name="tables-efficacy-onct05" timestamp="2024-07-31T21:21:45Z" hostname="e0b5aa2b9cfd" tests="4" skipped="0" failures="0" errors="0" time="0.638">
    <testcase time="0.255999999999972" classname="tables_efficacy_onct05" name="tables_efficacy_onct05.qmd_result_v1_development"/>
    <testcase time="0.127000000000066" classname="tables_efficacy_onct05" name="tables_efficacy_onct05.qmd_result_v2_development"/>
    <testcase time="0.127999999999929" classname="tables_efficacy_onct05" name="tables_efficacy_onct05.qmd_result_v3_development"/>
    <testcase time="0.127000000000066" classname="tables_efficacy_onct05" name="tables_efficacy_onct05.qmd_result_v4_development"/>
  </testsuite>
  <testsuite name="tables-efficacy-ratet01" timestamp="2024-07-31T21:21:45Z" hostname="e0b5aa2b9cfd" tests="1" skipped="0" failures="0" errors="0" time="0.26">
    <testcase time="0.259999999999991" classname="tables_efficacy_ratet01" name="tables_efficacy_ratet01.qmd_result_v1_development"/>
  </testsuite>
  <testsuite name="tables-efficacy-rspt01" timestamp="2024-07-31T21:21:46Z" hostname="e0b5aa2b9cfd" tests="6" skipped="0" failures="0" errors="0" time="0.999">
    <testcase time="0.437000000000012" classname="tables_efficacy_rspt01" name="tables_efficacy_rspt01.qmd_result_v1_development"/>
    <testcase time="0.105999999999995" classname="tables_efficacy_rspt01" name="tables_efficacy_rspt01.qmd_result_v2_development"/>
    <testcase time="0.125999999999976" classname="tables_efficacy_rspt01" name="tables_efficacy_rspt01.qmd_result_v3_development"/>
    <testcase time="0.121999999999957" classname="tables_efficacy_rspt01" name="tables_efficacy_rspt01.qmd_result_v4_development"/>
    <testcase time="0.108000000000061" classname="tables_efficacy_rspt01" name="tables_efficacy_rspt01.qmd_result_v5_development"/>
    <testcase time="0.100000000000023" classname="tables_efficacy_rspt01" name="tables_efficacy_rspt01.qmd_result_v6_development"/>
  </testsuite>
  <testsuite name="tables-efficacy-ttet01" timestamp="2024-07-31T21:21:48Z" hostname="e0b5aa2b9cfd" tests="6" skipped="0" failures="0" errors="0" time="1.95">
    <testcase time="1.17699999999991" classname="tables_efficacy_ttet01" name="tables_efficacy_ttet01.qmd_result_v1_development"/>
    <testcase time="0.12600000000009" classname="tables_efficacy_ttet01" name="tables_efficacy_ttet01.qmd_result_v2_development"/>
    <testcase time="0.205999999999904" classname="tables_efficacy_ttet01" name="tables_efficacy_ttet01.qmd_result_v3_development"/>
    <testcase time="0.15300000000002" classname="tables_efficacy_ttet01" name="tables_efficacy_ttet01.qmd_result_v4_development"/>
    <testcase time="0.136000000000081" classname="tables_efficacy_ttet01" name="tables_efficacy_ttet01.qmd_result_v5_development"/>
    <testcase time="0.15199999999993" classname="tables_efficacy_ttet01" name="tables_efficacy_ttet01.qmd_result_v6_development"/>
  </testsuite>
  <testsuite name="tables-exposure-ext01" timestamp="2024-07-31T21:21:48Z" hostname="e0b5aa2b9cfd" tests="3" skipped="0" failures="0" errors="0" time="0.632">
    <testcase time="0.212999999999965" classname="tables_exposure_ext01" name="tables_exposure_ext01.qmd_result_v1_development"/>
    <testcase time="0.197000000000003" classname="tables_exposure_ext01" name="tables_exposure_ext01.qmd_result_v2_development"/>
    <testcase time="0.222000000000094" classname="tables_exposure_ext01" name="tables_exposure_ext01.qmd_result_v3_development"/>
  </testsuite>
  <testsuite name="tables-lab-results-lbt01" timestamp="2024-07-31T21:21:49Z" hostname="e0b5aa2b9cfd" tests="1" skipped="0" failures="0" errors="0" time="0.239">
    <testcase time="0.238999999999919" classname="tables_lab_results_lbt01" name="tables_lab_results_lbt01.qmd_result_v1_development"/>
  </testsuite>
  <testsuite name="tables-lab-results-lbt02" timestamp="2024-07-31T21:21:49Z" hostname="e0b5aa2b9cfd" tests="1" skipped="0" failures="0" errors="0" time="0.177">
    <testcase time="0.177000000000021" classname="tables_lab_results_lbt02" name="tables_lab_results_lbt02.qmd_result_v1_development"/>
  </testsuite>
  <testsuite name="tables-lab-results-lbt03" timestamp="2024-07-31T21:21:49Z" hostname="e0b5aa2b9cfd" tests="2" skipped="0" failures="0" errors="0" time="0.31">
    <testcase time="0.166000000000054" classname="tables_lab_results_lbt03" name="tables_lab_results_lbt03.qmd_result_v1_development"/>
    <testcase time="0.144000000000005" classname="tables_lab_results_lbt03" name="tables_lab_results_lbt03.qmd_result_v2_development"/>
  </testsuite>
  <testsuite name="tables-lab-results-lbt04" timestamp="2024-07-31T21:21:50Z" hostname="e0b5aa2b9cfd" tests="1" skipped="0" failures="0" errors="0" time="0.087">
    <testcase time="0.0869999999999891" classname="tables_lab_results_lbt04" name="tables_lab_results_lbt04.qmd_result_v1_development"/>
  </testsuite>
  <testsuite name="tables-lab-results-lbt05" timestamp="2024-07-31T21:21:50Z" hostname="e0b5aa2b9cfd" tests="3" skipped="0" failures="0" errors="0" time="0.428">
    <testcase time="0.156999999999925" classname="tables_lab_results_lbt05" name="tables_lab_results_lbt05.qmd_result_v1_development"/>
    <testcase time="0.153999999999996" classname="tables_lab_results_lbt05" name="tables_lab_results_lbt05.qmd_result_v2_development"/>
    <testcase time="0.117000000000075" classname="tables_lab_results_lbt05" name="tables_lab_results_lbt05.qmd_result_v4_development"/>
  </testsuite>
  <testsuite name="tables-lab-results-lbt06" timestamp="2024-07-31T21:21:50Z" hostname="e0b5aa2b9cfd" tests="2" skipped="0" failures="0" errors="0" time="0.708">
    <testcase time="0.245999999999981" classname="tables_lab_results_lbt06" name="tables_lab_results_lbt06.qmd_result_v1_development"/>
    <testcase time="0.461999999999989" classname="tables_lab_results_lbt06" name="tables_lab_results_lbt06.qmd_result_v2_development"/>
  </testsuite>
  <testsuite name="tables-lab-results-lbt07" timestamp="2024-07-31T21:21:51Z" hostname="e0b5aa2b9cfd" tests="1" skipped="0" failures="0" errors="0" time="0.158">
    <testcase time="0.158000000000015" classname="tables_lab_results_lbt07" name="tables_lab_results_lbt07.qmd_result_v1_development"/>
  </testsuite>
  <testsuite name="tables-lab-results-lbt08" timestamp="2024-07-31T21:21:51Z" hostname="e0b5aa2b9cfd" tests="1" skipped="0" failures="0" errors="0" time="0.163">
    <testcase time="0.163000000000011" classname="tables_lab_results_lbt08" name="tables_lab_results_lbt08.qmd_result_v1_development"/>
  </testsuite>
  <testsuite name="tables-lab-results-lbt09" timestamp="2024-07-31T21:21:51Z" hostname="e0b5aa2b9cfd" tests="2" skipped="0" failures="0" errors="0" time="0.545">
    <testcase time="0.345000000000027" classname="tables_lab_results_lbt09" name="tables_lab_results_lbt09.qmd_result_v1_development"/>
    <testcase time="0.199999999999932" classname="tables_lab_results_lbt09" name="tables_lab_results_lbt09.qmd_result_v2_development"/>
  </testsuite>
  <testsuite name="tables-lab-results-lbt10" timestamp="2024-07-31T21:21:52Z" hostname="e0b5aa2b9cfd" tests="2" skipped="0" failures="0" errors="0" time="0.163">
    <testcase time="0.0869999999999891" classname="tables_lab_results_lbt10" name="tables_lab_results_lbt10.qmd_result_v1_development"/>
    <testcase time="0.0760000000000218" classname="tables_lab_results_lbt10" name="tables_lab_results_lbt10.qmd_result_v2_development"/>
  </testsuite>
  <testsuite name="tables-lab-results-lbt10_bl" timestamp="2024-07-31T21:21:52Z" hostname="e0b5aa2b9cfd" tests="2" skipped="0" failures="0" errors="0" time="0.15">
    <testcase time="0.0869999999999891" classname="tables_lab_results_lbt10_bl" name="tables_lab_results_lbt10_bl.qmd_result_v1_development"/>
    <testcase time="0.0629999999999882" classname="tables_lab_results_lbt10_bl" name="tables_lab_results_lbt10_bl.qmd_result_v2_development"/>
  </testsuite>
  <testsuite name="tables-lab-results-lbt11" timestamp="2024-07-31T21:21:52Z" hostname="e0b5aa2b9cfd" tests="3" skipped="0" failures="0" errors="0" time="0.524">
    <testcase time="0.316000000000031" classname="tables_lab_results_lbt11" name="tables_lab_results_lbt11.qmd_result_v1_development"/>
    <testcase time="0.0960000000000036" classname="tables_lab_results_lbt11" name="tables_lab_results_lbt11.qmd_result_v2_development"/>
    <testcase time="0.111999999999966" classname="tables_lab_results_lbt11" name="tables_lab_results_lbt11.qmd_result_v3_development"/>
  </testsuite>
  <testsuite name="tables-lab-results-lbt11_bl" timestamp="2024-07-31T21:21:53Z" hostname="e0b5aa2b9cfd" tests="3" skipped="0" failures="0" errors="0" time="0.526">
    <testcase time="0.317000000000007" classname="tables_lab_results_lbt11_bl" name="tables_lab_results_lbt11_bl.qmd_result_v1_development"/>
    <testcase time="0.0960000000000036" classname="tables_lab_results_lbt11_bl" name="tables_lab_results_lbt11_bl.qmd_result_v2_development"/>
    <testcase time="0.113000000000056" classname="tables_lab_results_lbt11_bl" name="tables_lab_results_lbt11_bl.qmd_result_v3_development"/>
  </testsuite>
  <testsuite name="tables-lab-results-lbt12" timestamp="2024-07-31T21:21:53Z" hostname="e0b5aa2b9cfd" tests="1" skipped="0" failures="0" errors="0" time="0.107">
    <testcase time="0.106999999999971" classname="tables_lab_results_lbt12" name="tables_lab_results_lbt12.qmd_result_v1_development"/>
  </testsuite>
  <testsuite name="tables-lab-results-lbt12_bl" timestamp="2024-07-31T21:21:53Z" hostname="e0b5aa2b9cfd" tests="1" skipped="0" failures="0" errors="0" time="0.116">
    <testcase time="0.115999999999985" classname="tables_lab_results_lbt12_bl" name="tables_lab_results_lbt12_bl.qmd_result_v1_development"/>
  </testsuite>
  <testsuite name="tables-lab-results-lbt13" timestamp="2024-07-31T21:21:54Z" hostname="e0b5aa2b9cfd" tests="5" skipped="0" failures="0" errors="0" time="3.202">
    <testcase time="0.73599999999999" classname="tables_lab_results_lbt13" name="tables_lab_results_lbt13.qmd_result_v1_development"/>
    <testcase time="0.480999999999995" classname="tables_lab_results_lbt13" name="tables_lab_results_lbt13.qmd_result_v2_development"/>
    <testcase time="0.600000000000023" classname="tables_lab_results_lbt13" name="tables_lab_results_lbt13.qmd_result_v3_development"/>
    <testcase time="0.493000000000052" classname="tables_lab_results_lbt13" name="tables_lab_results_lbt13.qmd_result_v4_development"/>
    <testcase time="0.891999999999939" classname="tables_lab_results_lbt13" name="tables_lab_results_lbt13.qmd_result_v5_development"/>
  </testsuite>
  <testsuite name="tables-lab-results-lbt14" timestamp="2024-07-31T21:21:57Z" hostname="e0b5aa2b9cfd" tests="5" skipped="0" failures="0" errors="0" time="1.797">
    <testcase time="0.399000000000001" classname="tables_lab_results_lbt14" name="tables_lab_results_lbt14.qmd_result_v1_development"/>
    <testcase time="0.278999999999996" classname="tables_lab_results_lbt14" name="tables_lab_results_lbt14.qmd_result_v2_development"/>
    <testcase time="0.27800000000002" classname="tables_lab_results_lbt14" name="tables_lab_results_lbt14.qmd_result_v3_development"/>
    <testcase time="0.288000000000011" classname="tables_lab_results_lbt14" name="tables_lab_results_lbt14.qmd_result_v4_development"/>
    <testcase time="0.552999999999997" classname="tables_lab_results_lbt14" name="tables_lab_results_lbt14.qmd_result_v5_development"/>
  </testsuite>
  <testsuite name="tables-lab-results-lbt15" timestamp="2024-07-31T21:21:58Z" hostname="e0b5aa2b9cfd" tests="2" skipped="0" failures="0" errors="0" time="0.232">
    <testcase time="0.126999999999953" classname="tables_lab_results_lbt15" name="tables_lab_results_lbt15.qmd_result_v1_development"/>
    <testcase time="0.105000000000018" classname="tables_lab_results_lbt15" name="tables_lab_results_lbt15.qmd_result_v2_development"/>
  </testsuite>
  <testsuite name="tables-medical-history-mht01" timestamp="2024-07-31T21:21:59Z" hostname="e0b5aa2b9cfd" tests="4" skipped="0" failures="0" errors="0" time="0.538">
    <testcase time="0.176000000000045" classname="tables_medical_history_mht01" name="tables_medical_history_mht01.qmd_result_v1_development"/>
    <testcase time="0.0799999999999272" classname="tables_medical_history_mht01" name="tables_medical_history_mht01.qmd_result_v2_development"/>
    <testcase time="0.128000000000043" classname="tables_medical_history_mht01" name="tables_medical_history_mht01.qmd_result_v3_development"/>
    <testcase time="0.153999999999996" classname="tables_medical_history_mht01" name="tables_medical_history_mht01.qmd_result_v4_development"/>
  </testsuite>
  <testsuite name="tables-pharmacokinetic-pkct01" timestamp="2024-07-31T21:22:00Z" hostname="e0b5aa2b9cfd" tests="3" skipped="0" failures="0" errors="0" time="0.904">
    <testcase time="0.505999999999972" classname="tables_pharmacokinetic_pkct01" name="tables_pharmacokinetic_pkct01.qmd_result_v1_development"/>
    <testcase time="0.20799999999997" classname="tables_pharmacokinetic_pkct01" name="tables_pharmacokinetic_pkct01.qmd_result_v2_development"/>
    <testcase time="0.190000000000055" classname="tables_pharmacokinetic_pkct01" name="tables_pharmacokinetic_pkct01.qmd_result_v3_development"/>
  </testsuite>
  <testsuite name="tables-pharmacokinetic-pkpt02" timestamp="2024-07-31T21:22:00Z" hostname="e0b5aa2b9cfd" tests="2" skipped="0" failures="0" errors="0" time="0.27">
    <testcase time="0.163000000000011" classname="tables_pharmacokinetic_pkpt02" name="tables_pharmacokinetic_pkpt02.qmd_result_v1_development"/>
    <testcase time="0.106999999999971" classname="tables_pharmacokinetic_pkpt02" name="tables_pharmacokinetic_pkpt02.qmd_result_v2_development"/>
  </testsuite>
  <testsuite name="tables-pharmacokinetic-pkpt03" timestamp="2024-07-31T21:22:02Z" hostname="e0b5aa2b9cfd" tests="3" skipped="3" failures="0" errors="0" time="1.468">
    <testcase time="1.44200000000001" classname="tables_pharmacokinetic_pkpt03" name="tables_pharmacokinetic_pkpt03.qmd_result_v1_development">
      <skipped message="Reason: Snapshot test is not implemented for object of class: list. ('test-tables-pharmacokinetic-pkpt03.R:1:1')"/>
    </testcase>
    <testcase time="0.0130000000000337" classname="tables_pharmacokinetic_pkpt03" name="tables_pharmacokinetic_pkpt03.qmd_result_v2_development">
      <skipped message="Reason: Snapshot test is not implemented for object of class: list. ('test-tables-pharmacokinetic-pkpt03.R:1:1')"/>
    </testcase>
    <testcase time="0.0130000000000337" classname="tables_pharmacokinetic_pkpt03" name="tables_pharmacokinetic_pkpt03.qmd_result_v3_development">
      <skipped message="Reason: Snapshot test is not implemented for object of class: list. ('test-tables-pharmacokinetic-pkpt03.R:1:1')"/>
    </testcase>
  </testsuite>
  <testsuite name="tables-pharmacokinetic-pkpt04" timestamp="2024-07-31T21:22:02Z" hostname="e0b5aa2b9cfd" tests="2" skipped="0" failures="0" errors="0" time="0.428">
    <testcase time="0.293999999999983" classname="tables_pharmacokinetic_pkpt04" name="tables_pharmacokinetic_pkpt04.qmd_result_v1_development"/>
    <testcase time="0.134000000000015" classname="tables_pharmacokinetic_pkpt04" name="tables_pharmacokinetic_pkpt04.qmd_result_v2_development"/>
  </testsuite>
  <testsuite name="tables-pharmacokinetic-pkpt05" timestamp="2024-07-31T21:22:02Z" hostname="e0b5aa2b9cfd" tests="2" skipped="0" failures="0" errors="0" time="0.296">
    <testcase time="0.180999999999926" classname="tables_pharmacokinetic_pkpt05" name="tables_pharmacokinetic_pkpt05.qmd_result_v1_development"/>
    <testcase time="0.115000000000009" classname="tables_pharmacokinetic_pkpt05" name="tables_pharmacokinetic_pkpt05.qmd_result_v2_development"/>
  </testsuite>
  <testsuite name="tables-pharmacokinetic-pkpt06" timestamp="2024-07-31T21:22:03Z" hostname="e0b5aa2b9cfd" tests="2" skipped="0" failures="0" errors="0" time="0.163">
    <testcase time="0.0960000000000036" classname="tables_pharmacokinetic_pkpt06" name="tables_pharmacokinetic_pkpt06.qmd_result_v1_development"/>
    <testcase time="0.0670000000000073" classname="tables_pharmacokinetic_pkpt06" name="tables_pharmacokinetic_pkpt06.qmd_result_v2_development"/>
  </testsuite>
  <testsuite name="tables-pharmacokinetic-pkpt07" timestamp="2024-07-31T21:22:03Z" hostname="e0b5aa2b9cfd" tests="2" skipped="0" failures="0" errors="0" time="0.208">
    <testcase time="0.118000000000052" classname="tables_pharmacokinetic_pkpt07" name="tables_pharmacokinetic_pkpt07.qmd_result_v1_development"/>
    <testcase time="0.0899999999999181" classname="tables_pharmacokinetic_pkpt07" name="tables_pharmacokinetic_pkpt07.qmd_result_v2_development"/>
  </testsuite>
  <testsuite name="tables-pharmacokinetic-pkpt08" timestamp="2024-07-31T21:22:03Z" hostname="e0b5aa2b9cfd" tests="1" skipped="0" failures="0" errors="0" time="0.151">
    <testcase time="0.151000000000067" classname="tables_pharmacokinetic_pkpt08" name="tables_pharmacokinetic_pkpt08.qmd_result_v1_development"/>
  </testsuite>
  <testsuite name="tables-pharmacokinetic-pkpt11" timestamp="2024-07-31T21:22:03Z" hostname="e0b5aa2b9cfd" tests="1" skipped="0" failures="0" errors="0" time="0.087">
    <testcase time="0.0869999999999891" classname="tables_pharmacokinetic_pkpt11" name="tables_pharmacokinetic_pkpt11.qmd_result_v1_development"/>
  </testsuite>
  <testsuite name="tables-risk-management-plan-rmpt01" timestamp="2024-07-31T21:22:03Z" hostname="e0b5aa2b9cfd" tests="1" skipped="0" failures="0" errors="0" time="0.066">
    <testcase time="0.0660000000000309" classname="tables_risk_management_plan_rmpt01" name="tables_risk_management_plan_rmpt01.qmd_result_v1_development"/>
  </testsuite>
  <testsuite name="tables-risk-management-plan-rmpt03" timestamp="2024-07-31T21:22:03Z" hostname="e0b5aa2b9cfd" tests="2" skipped="0" failures="0" errors="0" time="0.211">
    <testcase time="0.120999999999981" classname="tables_risk_management_plan_rmpt03" name="tables_risk_management_plan_rmpt03.qmd_result_v1_development"/>
    <testcase time="0.0899999999999181" classname="tables_risk_management_plan_rmpt03" name="tables_risk_management_plan_rmpt03.qmd_result_v2_development"/>
  </testsuite>
  <testsuite name="tables-risk-management-plan-rmpt04" timestamp="2024-07-31T21:22:03Z" hostname="e0b5aa2b9cfd" tests="1" skipped="0" failures="0" errors="0" time="0.075">
    <testcase time="0.0750000000000455" classname="tables_risk_management_plan_rmpt04" name="tables_risk_management_plan_rmpt04.qmd_result_v1_development"/>
  </testsuite>
  <testsuite name="tables-risk-management-plan-rmpt05" timestamp="2024-07-31T21:22:04Z" hostname="e0b5aa2b9cfd" tests="1" skipped="0" failures="0" errors="0" time="0.096">
    <testcase time="0.0960000000000036" classname="tables_risk_management_plan_rmpt05" name="tables_risk_management_plan_rmpt05.qmd_result_v1_development"/>
  </testsuite>
  <testsuite name="tables-risk-management-plan-rmpt06" timestamp="2024-07-31T21:22:04Z" hostname="e0b5aa2b9cfd" tests="4" skipped="0" failures="0" errors="0" time="0.508">
    <testcase time="0.168000000000006" classname="tables_risk_management_plan_rmpt06" name="tables_risk_management_plan_rmpt06.qmd_result_v1_development"/>
    <testcase time="0.0869999999999891" classname="tables_risk_management_plan_rmpt06" name="tables_risk_management_plan_rmpt06.qmd_result_v2_development"/>
    <testcase time="0.129000000000019" classname="tables_risk_management_plan_rmpt06" name="tables_risk_management_plan_rmpt06.qmd_result_v3_development"/>
    <testcase time="0.124000000000024" classname="tables_risk_management_plan_rmpt06" name="tables_risk_management_plan_rmpt06.qmd_result_v4_development"/>
  </testsuite>
  <testsuite name="tables-safety-enrollment01" timestamp="2024-07-31T21:22:04Z" hostname="e0b5aa2b9cfd" tests="4" skipped="0" failures="0" errors="0" time="2.44">
    <testcase time="0.73599999999999" classname="tables_safety_enrollment01" name="tables_safety_enrollment01.qmd_result_v1_development"/>
    <testcase time="0.485000000000014" classname="tables_safety_enrollment01" name="tables_safety_enrollment01.qmd_result_v2_development"/>
    <testcase time="0.769000000000005" classname="tables_safety_enrollment01" name="tables_safety_enrollment01.qmd_result_v3_development"/>
    <testcase time="0.449999999999932" classname="tables_safety_enrollment01" name="tables_safety_enrollment01.qmd_result_v4_development"/>
  </testsuite>
  <testsuite name="tables-vital-signs-vst01" timestamp="2024-07-31T21:22:07Z" hostname="e0b5aa2b9cfd" tests="1" skipped="0" failures="0" errors="0" time="0.314">
    <testcase time="0.313999999999965" classname="tables_vital_signs_vst01" name="tables_vital_signs_vst01.qmd_result_v1_development"/>
  </testsuite>
  <testsuite name="tables-vital-signs-vst02" timestamp="2024-07-31T21:22:07Z" hostname="e0b5aa2b9cfd" tests="2" skipped="0" failures="0" errors="0" time="0.266">
    <testcase time="0.13900000000001" classname="tables_vital_signs_vst02" name="tables_vital_signs_vst02.qmd_result_v1_development"/>
    <testcase time="0.127000000000066" classname="tables_vital_signs_vst02" name="tables_vital_signs_vst02.qmd_result_v2_development"/>
  </testsuite>
</testsuites>
