<?xml version="1.0" encoding="UTF-8"?>
<testsuites>
  <testsuite name="graphs-efficacy-fstg01" timestamp="2024-11-15T10:05:04Z" hostname="ed78ec6f17c9" tests="7" skipped="7" failures="0" errors="0" time="2.488">
    <testcase time="2.316" classname="graphs_efficacy_fstg01" name="graphs_efficacy_fstg01.qmd_width_stable">
      <skipped message="Reason: Snapshot test is not implemented for object of class: numeric. ('test-graphs-efficacy-fstg01.R:1:1')"/>
    </testcase>
    <testcase time="0.0750000000000002" classname="graphs_efficacy_fstg01" name="graphs_efficacy_fstg01.qmd_height_stable">
      <skipped message="Reason: Snapshot test is not implemented for object of class: numeric. ('test-graphs-efficacy-fstg01.R:1:1')"/>
    </testcase>
    <testcase time="0.0329999999999999" classname="graphs_efficacy_fstg01" name="graphs_efficacy_fstg01.qmd_plot_v1_stable">
      <skipped message="Reason: Snapshot test is not implemented for object of class: gg, ggplot. ('test-graphs-efficacy-fstg01.R:1:1')"/>
    </testcase>
    <testcase time="0.016" classname="graphs_efficacy_fstg01" name="graphs_efficacy_fstg01.qmd_plot_v2_stable">
      <skipped message="Reason: Snapshot test is not implemented for object of class: gg, ggplot. ('test-graphs-efficacy-fstg01.R:1:1')"/>
    </testcase>
    <testcase time="0.016" classname="graphs_efficacy_fstg01" name="graphs_efficacy_fstg01.qmd_plot_v3_stable">
      <skipped message="Reason: Snapshot test is not implemented for object of class: gg, ggplot. ('test-graphs-efficacy-fstg01.R:1:1')"/>
    </testcase>
    <testcase time="0.016" classname="graphs_efficacy_fstg01" name="graphs_efficacy_fstg01.qmd_plot_v4_stable">
      <skipped message="Reason: Snapshot test is not implemented for object of class: gg, ggplot. ('test-graphs-efficacy-fstg01.R:1:1')"/>
    </testcase>
    <testcase time="0.016" classname="graphs_efficacy_fstg01" name="graphs_efficacy_fstg01.qmd_plot_v5_stable">
      <skipped message="Reason: Snapshot test is not implemented for object of class: gg, ggplot. ('test-graphs-efficacy-fstg01.R:1:1')"/>
    </testcase>
  </testsuite>
  <testsuite name="graphs-efficacy-fstg02" timestamp="2024-11-15T10:05:05Z" hostname="ed78ec6f17c9" tests="7" skipped="7" failures="0" errors="0" time="0.538">
    <testcase time="0.441" classname="graphs_efficacy_fstg02" name="graphs_efficacy_fstg02.qmd_width_stable">
      <skipped message="Reason: Snapshot test is not implemented for object of class: numeric. ('test-graphs-efficacy-fstg02.R:1:1')"/>
    </testcase>
    <testcase time="0.0169999999999999" classname="graphs_efficacy_fstg02" name="graphs_efficacy_fstg02.qmd_height_stable">
      <skipped message="Reason: Snapshot test is not implemented for object of class: numeric. ('test-graphs-efficacy-fstg02.R:1:1')"/>
    </testcase>
    <testcase time="0.0150000000000001" classname="graphs_efficacy_fstg02" name="graphs_efficacy_fstg02.qmd_plot_v1_stable">
      <skipped message="Reason: Snapshot test is not implemented for object of class: gg, ggplot. ('test-graphs-efficacy-fstg02.R:1:1')"/>
    </testcase>
    <testcase time="0.016" classname="graphs_efficacy_fstg02" name="graphs_efficacy_fstg02.qmd_plot_v2_stable">
      <skipped message="Reason: Snapshot test is not implemented for object of class: gg, ggplot. ('test-graphs-efficacy-fstg02.R:1:1')"/>
    </testcase>
    <testcase time="0.0169999999999999" classname="graphs_efficacy_fstg02" name="graphs_efficacy_fstg02.qmd_plot_v3_stable">
      <skipped message="Reason: Snapshot test is not implemented for object of class: gg, ggplot. ('test-graphs-efficacy-fstg02.R:1:1')"/>
    </testcase>
    <testcase time="0.016" classname="graphs_efficacy_fstg02" name="graphs_efficacy_fstg02.qmd_plot_v4_stable">
      <skipped message="Reason: Snapshot test is not implemented for object of class: gg, ggplot. ('test-graphs-efficacy-fstg02.R:1:1')"/>
    </testcase>
    <testcase time="0.016" classname="graphs_efficacy_fstg02" name="graphs_efficacy_fstg02.qmd_plot_v3.width_stable">
      <skipped message="Reason: Snapshot test is not implemented for object of class: numeric. ('test-graphs-efficacy-fstg02.R:1:1')"/>
    </testcase>
  </testsuite>
  <testsuite name="graphs-efficacy-kmg01" timestamp="2024-11-15T10:05:06Z" hostname="ed78ec6f17c9" tests="8" skipped="8" failures="0" errors="0" time="0.921">
    <testcase time="0.833" classname="graphs_efficacy_kmg01" name="graphs_efficacy_kmg01.qmd_width_stable">
      <skipped message="Reason: Snapshot test is not implemented for object of class: numeric. ('test-graphs-efficacy-kmg01.R:1:1')"/>
    </testcase>
    <testcase time="0.0119999999999996" classname="graphs_efficacy_kmg01" name="graphs_efficacy_kmg01.qmd_height_stable">
      <skipped message="Reason: Snapshot test is not implemented for object of class: numeric. ('test-graphs-efficacy-kmg01.R:1:1')"/>
    </testcase>
    <testcase time="0.0130000000000008" classname="graphs_efficacy_kmg01" name="graphs_efficacy_kmg01.qmd_plot_v1_stable">
      <skipped message="Reason: Snapshot test is not implemented for object of class: gg, ggplot. ('test-graphs-efficacy-kmg01.R:1:1')"/>
    </testcase>
    <testcase time="0.0119999999999996" classname="graphs_efficacy_kmg01" name="graphs_efficacy_kmg01.qmd_plot_v2_stable">
      <skipped message="Reason: Snapshot test is not implemented for object of class: gg, ggplot. ('test-graphs-efficacy-kmg01.R:1:1')"/>
    </testcase>
    <testcase time="0.0129999999999999" classname="graphs_efficacy_kmg01" name="graphs_efficacy_kmg01.qmd_plot_v3_stable">
      <skipped message="Reason: Snapshot test is not implemented for object of class: gg, ggplot. ('test-graphs-efficacy-kmg01.R:1:1')"/>
    </testcase>
    <testcase time="0.0129999999999999" classname="graphs_efficacy_kmg01" name="graphs_efficacy_kmg01.qmd_plot_v4_stable">
      <skipped message="Reason: Snapshot test is not implemented for object of class: gg, ggplot. ('test-graphs-efficacy-kmg01.R:1:1')"/>
    </testcase>
    <testcase time="0.0129999999999999" classname="graphs_efficacy_kmg01" name="graphs_efficacy_kmg01.qmd_plot_v5_stable">
      <skipped message="Reason: Snapshot test is not implemented for object of class: gg, ggplot. ('test-graphs-efficacy-kmg01.R:1:1')"/>
    </testcase>
    <testcase time="0.0120000000000005" classname="graphs_efficacy_kmg01" name="graphs_efficacy_kmg01.qmd_plot_v6_stable">
      <skipped message="Reason: Snapshot test is not implemented for object of class: gg, ggplot. ('test-graphs-efficacy-kmg01.R:1:1')"/>
    </testcase>
  </testsuite>
  <testsuite name="graphs-efficacy-mmrmg01" timestamp="2024-11-15T10:05:06Z" hostname="ed78ec6f17c9" tests="6" skipped="6" failures="0" errors="0" time="0.578">
    <testcase time="0.51" classname="graphs_efficacy_mmrmg01" name="graphs_efficacy_mmrmg01.qmd_plot_v1_stable">
      <skipped message="Reason: Snapshot test is not implemented for object of class: gg, ggplot. ('test-graphs-efficacy-mmrmg01.R:1:1')"/>
    </testcase>
    <testcase time="0.0140000000000002" classname="graphs_efficacy_mmrmg01" name="graphs_efficacy_mmrmg01.qmd_plot_v2_stable">
      <skipped message="Reason: Snapshot test is not implemented for object of class: gg, ggplot. ('test-graphs-efficacy-mmrmg01.R:1:1')"/>
    </testcase>
    <testcase time="0.0129999999999999" classname="graphs_efficacy_mmrmg01" name="graphs_efficacy_mmrmg01.qmd_plot_v3_stable">
      <skipped message="Reason: Snapshot test is not implemented for object of class: gg, ggplot. ('test-graphs-efficacy-mmrmg01.R:1:1')"/>
    </testcase>
    <testcase time="0.0140000000000002" classname="graphs_efficacy_mmrmg01" name="graphs_efficacy_mmrmg01.qmd_plot_v4_stable">
      <skipped message="Reason: Snapshot test is not implemented for object of class: gg, ggplot. ('test-graphs-efficacy-mmrmg01.R:1:1')"/>
    </testcase>
    <testcase time="0.0129999999999999" classname="graphs_efficacy_mmrmg01" name="graphs_efficacy_mmrmg01.qmd_plot_v5_stable">
      <skipped message="Reason: Snapshot test is not implemented for object of class: gg, ggplot. ('test-graphs-efficacy-mmrmg01.R:1:1')"/>
    </testcase>
    <testcase time="0.0140000000000002" classname="graphs_efficacy_mmrmg01" name="graphs_efficacy_mmrmg01.qmd_plot_v6_stable">
      <skipped message="Reason: Snapshot test is not implemented for object of class: gg, ggplot. ('test-graphs-efficacy-mmrmg01.R:1:1')"/>
    </testcase>
  </testsuite>
  <testsuite name="graphs-efficacy-mmrmg02" timestamp="2024-11-15T10:05:06Z" hostname="ed78ec6f17c9" tests="3" skipped="3" failures="0" errors="0" time="0.154">
    <testcase time="0.125999999999999" classname="graphs_efficacy_mmrmg02" name="graphs_efficacy_mmrmg02.qmd_width_stable">
      <skipped message="Reason: Snapshot test is not implemented for object of class: numeric. ('test-graphs-efficacy-mmrmg02.R:1:1')"/>
    </testcase>
    <testcase time="0.0140000000000002" classname="graphs_efficacy_mmrmg02" name="graphs_efficacy_mmrmg02.qmd_plot_v1_stable">
      <skipped message="Reason: Snapshot test is not implemented for object of class: gg, ggplot. ('test-graphs-efficacy-mmrmg02.R:1:1')"/>
    </testcase>
    <testcase time="0.0140000000000002" classname="graphs_efficacy_mmrmg02" name="graphs_efficacy_mmrmg02.qmd_plot_v2_stable">
      <skipped message="Reason: Snapshot test is not implemented for object of class: gg, ggplot. ('test-graphs-efficacy-mmrmg02.R:1:1')"/>
    </testcase>
  </testsuite>
  <testsuite name="graphs-other-brg01" timestamp="2024-11-15T10:05:07Z" hostname="ed78ec6f17c9" tests="9" skipped="9" failures="0" errors="0" time="0.474">
    <testcase time="0.375" classname="graphs_other_brg01" name="graphs_other_brg01.qmd_plot_v1_stable">
      <skipped message="Reason: Snapshot test is not implemented for object of class: gg, ggplot. ('test-graphs-other-brg01.R:1:1')"/>
    </testcase>
    <testcase time="0.0129999999999999" classname="graphs_other_brg01" name="graphs_other_brg01.qmd_plot_v2_stable">
      <skipped message="Reason: Snapshot test is not implemented for object of class: gg, ggplot. ('test-graphs-other-brg01.R:1:1')"/>
    </testcase>
    <testcase time="0.0119999999999996" classname="graphs_other_brg01" name="graphs_other_brg01.qmd_plot_v3_stable">
      <skipped message="Reason: Snapshot test is not implemented for object of class: gg, ggplot. ('test-graphs-other-brg01.R:1:1')"/>
    </testcase>
    <testcase time="0.0120000000000005" classname="graphs_other_brg01" name="graphs_other_brg01.qmd_plot_v4_stable">
      <skipped message="Reason: Snapshot test is not implemented for object of class: gg, ggplot. ('test-graphs-other-brg01.R:1:1')"/>
    </testcase>
    <testcase time="0.0119999999999996" classname="graphs_other_brg01" name="graphs_other_brg01.qmd_plot_v5_stable">
      <skipped message="Reason: Snapshot test is not implemented for object of class: gg, ggplot. ('test-graphs-other-brg01.R:1:1')"/>
    </testcase>
    <testcase time="0.0119999999999996" classname="graphs_other_brg01" name="graphs_other_brg01.qmd_plot_v6_stable">
      <skipped message="Reason: Snapshot test is not implemented for object of class: gg, ggplot. ('test-graphs-other-brg01.R:1:1')"/>
    </testcase>
    <testcase time="0.0120000000000005" classname="graphs_other_brg01" name="graphs_other_brg01.qmd_plot_v7_stable">
      <skipped message="Reason: Snapshot test is not implemented for object of class: gg, ggplot. ('test-graphs-other-brg01.R:1:1')"/>
    </testcase>
    <testcase time="0.0129999999999999" classname="graphs_other_brg01" name="graphs_other_brg01.qmd_plot_v8_stable">
      <skipped message="Reason: Snapshot test is not implemented for object of class: gg, ggplot. ('test-graphs-other-brg01.R:1:1')"/>
    </testcase>
    <testcase time="0.0129999999999999" classname="graphs_other_brg01" name="graphs_other_brg01.qmd_plot_v9_stable">
      <skipped message="Reason: Snapshot test is not implemented for object of class: gg, ggplot. ('test-graphs-other-brg01.R:1:1')"/>
    </testcase>
  </testsuite>
  <testsuite name="graphs-other-bwg01" timestamp="2024-11-15T10:05:08Z" hostname="ed78ec6f17c9" tests="9" skipped="9" failures="0" errors="0" time="0.665">
    <testcase time="0.565" classname="graphs_other_bwg01" name="graphs_other_bwg01.qmd_plot_v1_stable">
      <skipped message="Reason: Snapshot test is not implemented for object of class: gg, ggplot. ('test-graphs-other-bwg01.R:1:1')"/>
    </testcase>
    <testcase time="0.0129999999999999" classname="graphs_other_bwg01" name="graphs_other_bwg01.qmd_plot_v2_stable">
      <skipped message="Reason: Snapshot test is not implemented for object of class: gg, ggplot. ('test-graphs-other-bwg01.R:1:1')"/>
    </testcase>
    <testcase time="0.0119999999999996" classname="graphs_other_bwg01" name="graphs_other_bwg01.qmd_plot_v3_stable">
      <skipped message="Reason: Snapshot test is not implemented for object of class: gg, ggplot. ('test-graphs-other-bwg01.R:1:1')"/>
    </testcase>
    <testcase time="0.0120000000000005" classname="graphs_other_bwg01" name="graphs_other_bwg01.qmd_plot_v4_stable">
      <skipped message="Reason: Snapshot test is not implemented for object of class: gg, ggplot. ('test-graphs-other-bwg01.R:1:1')"/>
    </testcase>
    <testcase time="0.0129999999999999" classname="graphs_other_bwg01" name="graphs_other_bwg01.qmd_plot_v5_stable">
      <skipped message="Reason: Snapshot test is not implemented for object of class: gg, ggplot. ('test-graphs-other-bwg01.R:1:1')"/>
    </testcase>
    <testcase time="0.0119999999999996" classname="graphs_other_bwg01" name="graphs_other_bwg01.qmd_plot_v6_stable">
      <skipped message="Reason: Snapshot test is not implemented for object of class: gg, ggplot. ('test-graphs-other-bwg01.R:1:1')"/>
    </testcase>
    <testcase time="0.0129999999999999" classname="graphs_other_bwg01" name="graphs_other_bwg01.qmd_plot_v7_stable">
      <skipped message="Reason: Snapshot test is not implemented for object of class: gg, ggplot. ('test-graphs-other-bwg01.R:1:1')"/>
    </testcase>
    <testcase time="0.0120000000000005" classname="graphs_other_bwg01" name="graphs_other_bwg01.qmd_plot_v8_stable">
      <skipped message="Reason: Snapshot test is not implemented for object of class: gg, ggplot. ('test-graphs-other-bwg01.R:1:1')"/>
    </testcase>
    <testcase time="0.0129999999999999" classname="graphs_other_bwg01" name="graphs_other_bwg01.qmd_plot_v9_stable">
      <skipped message="Reason: Snapshot test is not implemented for object of class: gg, ggplot. ('test-graphs-other-bwg01.R:1:1')"/>
    </testcase>
  </testsuite>
  <testsuite name="graphs-other-cig01" timestamp="2024-11-15T10:05:08Z" hostname="ed78ec6f17c9" tests="5" skipped="4" failures="0" errors="0" time="0.234">
    <testcase time="0.19" classname="graphs_other_cig01" name="graphs_other_cig01.qmd_table_v6_stable"/>
    <testcase time="0.00499999999999989" classname="graphs_other_cig01" name="graphs_other_cig01.qmd_plot_v1_and_v2_stable">
      <skipped message="Reason: Snapshot test is not implemented for object of class: gg, ggplot. ('test-graphs-other-cig01.R:1:1')"/>
    </testcase>
    <testcase time="0.0129999999999999" classname="graphs_other_cig01" name="graphs_other_cig01.qmd_plot_v3_stable">
      <skipped message="Reason: Snapshot test is not implemented for object of class: gg, ggplot. ('test-graphs-other-cig01.R:1:1')"/>
    </testcase>
    <testcase time="0.0129999999999999" classname="graphs_other_cig01" name="graphs_other_cig01.qmd_plot_v4_stable">
      <skipped message="Reason: Snapshot test is not implemented for object of class: gg, ggplot. ('test-graphs-other-cig01.R:1:1')"/>
    </testcase>
    <testcase time="0.0129999999999999" classname="graphs_other_cig01" name="graphs_other_cig01.qmd_plot_v5_stable">
      <skipped message="Reason: Snapshot test is not implemented for object of class: gg, ggplot. ('test-graphs-other-cig01.R:1:1')"/>
    </testcase>
  </testsuite>
  <testsuite name="graphs-other-ippg01" timestamp="2024-11-15T10:05:08Z" hostname="ed78ec6f17c9" tests="2" skipped="2" failures="0" errors="0" time="0.049">
    <testcase time="0.0359999999999996" classname="graphs_other_ippg01" name="graphs_other_ippg01.qmd_plots_v1_stable">
      <skipped message="Reason: Snapshot test is not implemented for object of class: list. ('test-graphs-other-ippg01.R:1:1')"/>
    </testcase>
    <testcase time="0.0130000000000008" classname="graphs_other_ippg01" name="graphs_other_ippg01.qmd_plots_v2_stable">
      <skipped message="Reason: Snapshot test is not implemented for object of class: list. ('test-graphs-other-ippg01.R:1:1')"/>
    </testcase>
  </testsuite>
  <testsuite name="graphs-other-ltg01" timestamp="2024-11-15T10:05:08Z" hostname="ed78ec6f17c9" tests="7" skipped="7" failures="0" errors="0" time="0.17">
    <testcase time="0.0960000000000001" classname="graphs_other_ltg01" name="graphs_other_ltg01.qmd_plot_v1_stable">
      <skipped message="Reason: Snapshot test is not implemented for object of class: gg, ggplot. ('test-graphs-other-ltg01.R:1:1')"/>
    </testcase>
    <testcase time="0.0129999999999999" classname="graphs_other_ltg01" name="graphs_other_ltg01.qmd_plot_v2_stable">
      <skipped message="Reason: Snapshot test is not implemented for object of class: gg, ggplot. ('test-graphs-other-ltg01.R:1:1')"/>
    </testcase>
    <testcase time="0.0119999999999996" classname="graphs_other_ltg01" name="graphs_other_ltg01.qmd_plot_v3_stable">
      <skipped message="Reason: Snapshot test is not implemented for object of class: gg, ggplot. ('test-graphs-other-ltg01.R:1:1')"/>
    </testcase>
    <testcase time="0.0129999999999999" classname="graphs_other_ltg01" name="graphs_other_ltg01.qmd_plot_v4_stable">
      <skipped message="Reason: Snapshot test is not implemented for object of class: gg, ggplot. ('test-graphs-other-ltg01.R:1:1')"/>
    </testcase>
    <testcase time="0.0120000000000005" classname="graphs_other_ltg01" name="graphs_other_ltg01.qmd_plot_v51_stable">
      <skipped message="Reason: Snapshot test is not implemented for object of class: gg, ggplot. ('test-graphs-other-ltg01.R:1:1')"/>
    </testcase>
    <testcase time="0.0119999999999996" classname="graphs_other_ltg01" name="graphs_other_ltg01.qmd_plot_v52_stable">
      <skipped message="Reason: Snapshot test is not implemented for object of class: gg, ggplot. ('test-graphs-other-ltg01.R:1:1')"/>
    </testcase>
    <testcase time="0.0119999999999996" classname="graphs_other_ltg01" name="graphs_other_ltg01.qmd_plot_v53_stable">
      <skipped message="Reason: Snapshot test is not implemented for object of class: gg, ggplot. ('test-graphs-other-ltg01.R:1:1')"/>
    </testcase>
  </testsuite>
  <testsuite name="graphs-other-mng01" timestamp="2024-11-15T10:05:08Z" hostname="ed78ec6f17c9" tests="7" skipped="7" failures="0" errors="0" time="0.22">
    <testcase time="0.146" classname="graphs_other_mng01" name="graphs_other_mng01.qmd_plot_v1_stable">
      <skipped message="Reason: Snapshot test is not implemented for object of class: gg, ggplot. ('test-graphs-other-mng01.R:1:1')"/>
    </testcase>
    <testcase time="0.0130000000000008" classname="graphs_other_mng01" name="graphs_other_mng01.qmd_plot_v2_stable">
      <skipped message="Reason: Snapshot test is not implemented for object of class: gg, ggplot. ('test-graphs-other-mng01.R:1:1')"/>
    </testcase>
    <testcase time="0.0119999999999996" classname="graphs_other_mng01" name="graphs_other_mng01.qmd_plot_v3_stable">
      <skipped message="Reason: Snapshot test is not implemented for object of class: gg, ggplot. ('test-graphs-other-mng01.R:1:1')"/>
    </testcase>
    <testcase time="0.0129999999999999" classname="graphs_other_mng01" name="graphs_other_mng01.qmd_plot_v4_stable">
      <skipped message="Reason: Snapshot test is not implemented for object of class: gg, ggplot. ('test-graphs-other-mng01.R:1:1')"/>
    </testcase>
    <testcase time="0.0120000000000005" classname="graphs_other_mng01" name="graphs_other_mng01.qmd_plot_v5_stable">
      <skipped message="Reason: Snapshot test is not implemented for object of class: gg, ggplot. ('test-graphs-other-mng01.R:1:1')"/>
    </testcase>
    <testcase time="0.0119999999999996" classname="graphs_other_mng01" name="graphs_other_mng01.qmd_plot_v6_stable">
      <skipped message="Reason: Snapshot test is not implemented for object of class: gg, ggplot. ('test-graphs-other-mng01.R:1:1')"/>
    </testcase>
    <testcase time="0.0120000000000005" classname="graphs_other_mng01" name="graphs_other_mng01.qmd_plot_v7_stable">
      <skipped message="Reason: Snapshot test is not implemented for object of class: gg, ggplot. ('test-graphs-other-mng01.R:1:1')"/>
    </testcase>
  </testsuite>
  <testsuite name="graphs-pharmacokinetic-pkcg01" timestamp="2024-11-15T10:05:08Z" hostname="ed78ec6f17c9" tests="2" skipped="2" failures="0" errors="0" time="0.046">
    <testcase time="0.0339999999999998" classname="graphs_pharmacokinetic_pkcg01" name="graphs_pharmacokinetic_pkcg01.qmd_plot_v1_stable">
      <skipped message="Reason: Snapshot test is not implemented for object of class: gg, ggplot. ('test-graphs-pharmacokinetic-pkcg01.R:1:1')"/>
    </testcase>
    <testcase time="0.0119999999999996" classname="graphs_pharmacokinetic_pkcg01" name="graphs_pharmacokinetic_pkcg01.qmd_plot_v2_stable">
      <skipped message="Reason: Snapshot test is not implemented for object of class: gg, ggplot. ('test-graphs-pharmacokinetic-pkcg01.R:1:1')"/>
    </testcase>
  </testsuite>
  <testsuite name="graphs-pharmacokinetic-pkcg02" timestamp="2024-11-15T10:05:08Z" hostname="ed78ec6f17c9" tests="2" skipped="2" failures="0" errors="0" time="0.05">
    <testcase time="0.0369999999999999" classname="graphs_pharmacokinetic_pkcg02" name="graphs_pharmacokinetic_pkcg02.qmd_plot_v1_stable">
      <skipped message="Reason: Snapshot test is not implemented for object of class: gg, ggplot. ('test-graphs-pharmacokinetic-pkcg02.R:1:1')"/>
    </testcase>
    <testcase time="0.0130000000000008" classname="graphs_pharmacokinetic_pkcg02" name="graphs_pharmacokinetic_pkcg02.qmd_plot_v2_stable">
      <skipped message="Reason: Snapshot test is not implemented for object of class: gg, ggplot. ('test-graphs-pharmacokinetic-pkcg02.R:1:1')"/>
    </testcase>
  </testsuite>
  <testsuite name="graphs-pharmacokinetic-pkcg03" timestamp="2024-11-15T10:05:08Z" hostname="ed78ec6f17c9" tests="2" skipped="2" failures="0" errors="0" time="0.068">
    <testcase time="0.0559999999999992" classname="graphs_pharmacokinetic_pkcg03" name="graphs_pharmacokinetic_pkcg03.qmd_plot_v1_stable">
      <skipped message="Reason: Snapshot test is not implemented for object of class: gg, ggplot. ('test-graphs-pharmacokinetic-pkcg03.R:1:1')"/>
    </testcase>
    <testcase time="0.0120000000000005" classname="graphs_pharmacokinetic_pkcg03" name="graphs_pharmacokinetic_pkcg03.qmd_plot_v2_stable">
      <skipped message="Reason: Snapshot test is not implemented for object of class: gg, ggplot. ('test-graphs-pharmacokinetic-pkcg03.R:1:1')"/>
    </testcase>
  </testsuite>
  <testsuite name="graphs-pharmacokinetic-pkpg01" timestamp="2024-11-15T10:05:09Z" hostname="ed78ec6f17c9" tests="2" skipped="2" failures="0" errors="0" time="0.066">
    <testcase time="0.0529999999999999" classname="graphs_pharmacokinetic_pkpg01" name="graphs_pharmacokinetic_pkpg01.qmd_plot_v1_stable">
      <skipped message="Reason: Snapshot test is not implemented for object of class: gg, ggplot. ('test-graphs-pharmacokinetic-pkpg01.R:1:1')"/>
    </testcase>
    <testcase time="0.0129999999999999" classname="graphs_pharmacokinetic_pkpg01" name="graphs_pharmacokinetic_pkpg01.qmd_plot_v2_stable">
      <skipped message="Reason: Snapshot test is not implemented for object of class: gg, ggplot. ('test-graphs-pharmacokinetic-pkpg01.R:1:1')"/>
    </testcase>
  </testsuite>
  <testsuite name="graphs-pharmacokinetic-pkpg02" timestamp="2024-11-15T10:05:09Z" hostname="ed78ec6f17c9" tests="2" skipped="2" failures="0" errors="0" time="0.076">
    <testcase time="0.0640000000000001" classname="graphs_pharmacokinetic_pkpg02" name="graphs_pharmacokinetic_pkpg02.qmd_plot_v1_stable">
      <skipped message="Reason: Snapshot test is not implemented for object of class: gg, ggplot. ('test-graphs-pharmacokinetic-pkpg02.R:1:1')"/>
    </testcase>
    <testcase time="0.0120000000000005" classname="graphs_pharmacokinetic_pkpg02" name="graphs_pharmacokinetic_pkpg02.qmd_plot_v2_stable">
      <skipped message="Reason: Snapshot test is not implemented for object of class: gg, ggplot. ('test-graphs-pharmacokinetic-pkpg02.R:1:1')"/>
    </testcase>
  </testsuite>
  <testsuite name="graphs-pharmacokinetic-pkpg03" timestamp="2024-11-15T10:05:09Z" hostname="ed78ec6f17c9" tests="1" skipped="1" failures="0" errors="0" time="0.055">
    <testcase time="0.0549999999999997" classname="graphs_pharmacokinetic_pkpg03" name="graphs_pharmacokinetic_pkpg03.qmd_plot_v1_stable">
      <skipped message="Reason: Snapshot test is not implemented for object of class: gg, ggplot. ('test-graphs-pharmacokinetic-pkpg03.R:1:1')"/>
    </testcase>
  </testsuite>
  <testsuite name="graphs-pharmacokinetic-pkpg04" timestamp="2024-11-15T10:05:09Z" hostname="ed78ec6f17c9" tests="1" skipped="1" failures="0" errors="0" time="0.052">
    <testcase time="0.0519999999999996" classname="graphs_pharmacokinetic_pkpg04" name="graphs_pharmacokinetic_pkpg04.qmd_plot_v1_stable">
      <skipped message="Reason: Snapshot test is not implemented for object of class: gg, ggplot. ('test-graphs-pharmacokinetic-pkpg04.R:1:1')"/>
    </testcase>
  </testsuite>
  <testsuite name="graphs-pharmacokinetic-pkpg06" timestamp="2024-11-15T10:05:09Z" hostname="ed78ec6f17c9" tests="4" skipped="4" failures="0" errors="0" time="0.07">
    <testcase time="0.0350000000000001" classname="graphs_pharmacokinetic_pkpg06" name="graphs_pharmacokinetic_pkpg06.qmd_plot_v1_stable">
      <skipped message="Reason: Snapshot test is not implemented for object of class: gg, ggplot. ('test-graphs-pharmacokinetic-pkpg06.R:1:1')"/>
    </testcase>
    <testcase time="0.0110000000000001" classname="graphs_pharmacokinetic_pkpg06" name="graphs_pharmacokinetic_pkpg06.qmd_plot_v2_stable">
      <skipped message="Reason: Snapshot test is not implemented for object of class: gg, ggplot. ('test-graphs-pharmacokinetic-pkpg06.R:1:1')"/>
    </testcase>
    <testcase time="0.0119999999999996" classname="graphs_pharmacokinetic_pkpg06" name="graphs_pharmacokinetic_pkpg06.qmd_plot_v3_stable">
      <skipped message="Reason: Snapshot test is not implemented for object of class: gg, ggplot. ('test-graphs-pharmacokinetic-pkpg06.R:1:1')"/>
    </testcase>
    <testcase time="0.0120000000000005" classname="graphs_pharmacokinetic_pkpg06" name="graphs_pharmacokinetic_pkpg06.qmd_plot_v4_stable">
      <skipped message="Reason: Snapshot test is not implemented for object of class: gg, ggplot. ('test-graphs-pharmacokinetic-pkpg06.R:1:1')"/>
    </testcase>
  </testsuite>
  <testsuite name="listings-ADA-adal02" timestamp="2024-11-15T10:05:09Z" hostname="ed78ec6f17c9" tests="1" skipped="0" failures="0" errors="0" time="0.067">
    <testcase time="0.0669999999999993" classname="listings_ADA_adal02" name="listings_ADA_adal02.qmd_lsting_stable"/>
  </testsuite>
  <testsuite name="listings-ECG-egl01" timestamp="2024-11-15T10:05:09Z" hostname="ed78ec6f17c9" tests="1" skipped="0" failures="0" errors="0" time="0.056">
    <testcase time="0.056" classname="listings_ECG_egl01" name="listings_ECG_egl01.qmd_lsting_stable"/>
  </testsuite>
  <testsuite name="listings-adverse-events-ael01" timestamp="2024-11-15T10:05:09Z" hostname="ed78ec6f17c9" tests="1" skipped="0" failures="0" errors="0" time="0.039">
    <testcase time="0.0390000000000006" classname="listings_adverse_events_ael01" name="listings_adverse_events_ael01.qmd_lsting_stable"/>
  </testsuite>
  <testsuite name="listings-adverse-events-ael01_nollt" timestamp="2024-11-15T10:05:09Z" hostname="ed78ec6f17c9" tests="1" skipped="0" failures="0" errors="0" time="0.037">
    <testcase time="0.0369999999999999" classname="listings_adverse_events_ael01_nollt" name="listings_adverse_events_ael01_nollt.qmd_lsting_stable"/>
  </testsuite>
  <testsuite name="listings-adverse-events-ael02" timestamp="2024-11-15T10:05:09Z" hostname="ed78ec6f17c9" tests="1" skipped="0" failures="0" errors="0" time="0.084">
    <testcase time="0.0839999999999996" classname="listings_adverse_events_ael02" name="listings_adverse_events_ael02.qmd_lsting_stable"/>
  </testsuite>
  <testsuite name="listings-adverse-events-ael02_ed" timestamp="2024-11-15T10:05:09Z" hostname="ed78ec6f17c9" tests="1" skipped="0" failures="0" errors="0" time="0.064">
    <testcase time="0.0640000000000001" classname="listings_adverse_events_ael02_ed" name="listings_adverse_events_ael02_ed.qmd_lsting_stable"/>
  </testsuite>
  <testsuite name="listings-adverse-events-ael03" timestamp="2024-11-15T10:05:09Z" hostname="ed78ec6f17c9" tests="1" skipped="0" failures="1" errors="0" time="0.129">
    <testcase time="0.129" classname="listings_adverse_events_ael03" name="listings_adverse_events_ael03.qmd_lsting_stable">
      <failure type="failure" message="Snapshot of code has changed (variant 'stable'): ('test-listings-adverse-events-ael03.R:1:1')">Snapshot of code has changed (variant 'stable'):
old[16:22] vs new[16:22]
    10 A: Drug X  BRA-1/id-93  34/F/ASIAN                     dcd D.1.1.1.1
       Date_First ASTDY Duration AESEV    Related Outcome Treated Action SERREAS
       &lt;chr&gt;      &lt;int&gt;    &lt;dbl&gt; &lt;fct&gt;    &lt;chr&gt;     &lt;dbl&gt; &lt;chr&gt;    &lt;dbl&gt; &lt;chr&gt;  
-    1 04NOV2020    321      149 MODERATE No            5 Yes          2 4      
+    1 04NOV2020    321      149 MODERATE No            5 Yes          2 4, 5   
     2 04NOV2020    393       43 MODERATE No            5 No           5 5      
     3 01JAN2020     64      630 SEVERE   Yes           1 No           6 1      
     4 01JAN2020    160      259 MODERATE No            2 Yes          2 4      

* Run `testthat::snapshot_accept('stable/listings-adverse-events-ael03')` to accept the change.
* Run `testthat::snapshot_review('stable/listings-adverse-events-ael03')` to interactively review the change.</failure>
    </testcase>
  </testsuite>
  <testsuite name="listings-adverse-events-ael04" timestamp="2024-11-15T10:05:09Z" hostname="ed78ec6f17c9" tests="1" skipped="0" failures="0" errors="0" time="0.055">
    <testcase time="0.0549999999999997" classname="listings_adverse_events_ael04" name="listings_adverse_events_ael04.qmd_lsting_stable"/>
  </testsuite>
  <testsuite name="listings-concomitant-medications-cml01" timestamp="2024-11-15T10:05:09Z" hostname="ed78ec6f17c9" tests="1" skipped="0" failures="0" errors="0" time="0.064">
    <testcase time="0.0640000000000001" classname="listings_concomitant_medications_cml01" name="listings_concomitant_medications_cml01.qmd_lsting_stable"/>
  </testsuite>
  <testsuite name="listings-concomitant-medications-cml02a_gl" timestamp="2024-11-15T10:05:09Z" hostname="ed78ec6f17c9" tests="1" skipped="0" failures="0" errors="0" time="0.038">
    <testcase time="0.0380000000000003" classname="listings_concomitant_medications_cml02a_gl" name="listings_concomitant_medications_cml02a_gl.qmd_lsting_stable"/>
  </testsuite>
  <testsuite name="listings-concomitant-medications-cml02b_gl" timestamp="2024-11-15T10:05:09Z" hostname="ed78ec6f17c9" tests="1" skipped="0" failures="0" errors="0" time="0.041">
    <testcase time="0.0409999999999995" classname="listings_concomitant_medications_cml02b_gl" name="listings_concomitant_medications_cml02b_gl.qmd_lsting_stable"/>
  </testsuite>
  <testsuite name="listings-development-safety-update-report-dsur4" timestamp="2024-11-15T10:05:09Z" hostname="ed78ec6f17c9" tests="1" skipped="0" failures="0" errors="0" time="0.038">
    <testcase time="0.0380000000000003" classname="listings_development_safety_update_report_dsur4" name="listings_development_safety_update_report_dsur4.qmd_lsting_stable"/>
  </testsuite>
  <testsuite name="listings-disposition-dsl01" timestamp="2024-11-15T10:05:10Z" hostname="ed78ec6f17c9" tests="1" skipped="0" failures="0" errors="0" time="0.043">
    <testcase time="0.0429999999999993" classname="listings_disposition_dsl01" name="listings_disposition_dsl01.qmd_lsting_stable"/>
  </testsuite>
  <testsuite name="listings-disposition-dsl02" timestamp="2024-11-15T10:05:10Z" hostname="ed78ec6f17c9" tests="1" skipped="0" failures="0" errors="0" time="0.06">
    <testcase time="0.0600000000000005" classname="listings_disposition_dsl02" name="listings_disposition_dsl02.qmd_lsting_stable"/>
  </testsuite>
  <testsuite name="listings-efficacy-oncl01" timestamp="2024-11-15T10:05:10Z" hostname="ed78ec6f17c9" tests="1" skipped="0" failures="0" errors="0" time="0.053">
    <testcase time="0.0530000000000008" classname="listings_efficacy_oncl01" name="listings_efficacy_oncl01.qmd_lsting_stable"/>
  </testsuite>
  <testsuite name="listings-exposure-exl01" timestamp="2024-11-15T10:05:10Z" hostname="ed78ec6f17c9" tests="1" skipped="0" failures="0" errors="0" time="0.052">
    <testcase time="0.0519999999999996" classname="listings_exposure_exl01" name="listings_exposure_exl01.qmd_lsting_stable"/>
  </testsuite>
  <testsuite name="listings-lab-results-lbl01" timestamp="2024-11-15T10:05:10Z" hostname="ed78ec6f17c9" tests="1" skipped="0" failures="0" errors="0" time="0.05">
    <testcase time="0.0499999999999989" classname="listings_lab_results_lbl01" name="listings_lab_results_lbl01.qmd_lsting_stable"/>
  </testsuite>
  <testsuite name="listings-lab-results-lbl01_rls" timestamp="2024-11-15T10:05:10Z" hostname="ed78ec6f17c9" tests="1" skipped="0" failures="0" errors="0" time="0.05">
    <testcase time="0.0500000000000007" classname="listings_lab_results_lbl01_rls" name="listings_lab_results_lbl01_rls.qmd_lsting_stable"/>
  </testsuite>
  <testsuite name="listings-lab-results-lbl02a" timestamp="2024-11-15T10:05:10Z" hostname="ed78ec6f17c9" tests="1" skipped="0" failures="0" errors="0" time="0.052">
    <testcase time="0.0519999999999996" classname="listings_lab_results_lbl02a" name="listings_lab_results_lbl02a.qmd_lsting_stable"/>
  </testsuite>
  <testsuite name="listings-lab-results-lbl02a_rls" timestamp="2024-11-15T10:05:10Z" hostname="ed78ec6f17c9" tests="1" skipped="0" failures="0" errors="0" time="0.066">
    <testcase time="0.0660000000000007" classname="listings_lab_results_lbl02a_rls" name="listings_lab_results_lbl02a_rls.qmd_lsting_stable"/>
  </testsuite>
  <testsuite name="listings-lab-results-lbl02b" timestamp="2024-11-15T10:05:10Z" hostname="ed78ec6f17c9" tests="1" skipped="0" failures="0" errors="0" time="0.052">
    <testcase time="0.0519999999999996" classname="listings_lab_results_lbl02b" name="listings_lab_results_lbl02b.qmd_lsting_stable"/>
  </testsuite>
  <testsuite name="listings-medical-history-mhl01" timestamp="2024-11-15T10:05:10Z" hostname="ed78ec6f17c9" tests="1" skipped="0" failures="0" errors="0" time="0.055">
    <testcase time="0.0549999999999997" classname="listings_medical_history_mhl01" name="listings_medical_history_mhl01.qmd_lsting_stable"/>
  </testsuite>
  <testsuite name="listings-pharmacokinetic-pkcl01" timestamp="2024-11-15T10:05:10Z" hostname="ed78ec6f17c9" tests="1" skipped="0" failures="0" errors="0" time="0.047">
    <testcase time="0.0470000000000006" classname="listings_pharmacokinetic_pkcl01" name="listings_pharmacokinetic_pkcl01.qmd_lsting_stable"/>
  </testsuite>
  <testsuite name="listings-pharmacokinetic-pkcl02" timestamp="2024-11-15T10:05:10Z" hostname="ed78ec6f17c9" tests="1" skipped="0" failures="0" errors="0" time="0.065">
    <testcase time="0.0650000000000013" classname="listings_pharmacokinetic_pkcl02" name="listings_pharmacokinetic_pkcl02.qmd_lsting_stable"/>
  </testsuite>
  <testsuite name="listings-pharmacokinetic-pkpl01" timestamp="2024-11-15T10:05:10Z" hostname="ed78ec6f17c9" tests="1" skipped="0" failures="0" errors="0" time="0.048">
    <testcase time="0.048" classname="listings_pharmacokinetic_pkpl01" name="listings_pharmacokinetic_pkpl01.qmd_lsting_stable"/>
  </testsuite>
  <testsuite name="listings-pharmacokinetic-pkpl02" timestamp="2024-11-15T10:05:10Z" hostname="ed78ec6f17c9" tests="1" skipped="0" failures="0" errors="0" time="0.06">
    <testcase time="0.0599999999999987" classname="listings_pharmacokinetic_pkpl02" name="listings_pharmacokinetic_pkpl02.qmd_lsting_stable"/>
  </testsuite>
  <testsuite name="listings-pharmacokinetic-pkpl04" timestamp="2024-11-15T10:05:10Z" hostname="ed78ec6f17c9" tests="1" skipped="0" failures="0" errors="0" time="0.052">
    <testcase time="0.0519999999999996" classname="listings_pharmacokinetic_pkpl04" name="listings_pharmacokinetic_pkpl04.qmd_lsting_stable"/>
  </testsuite>
  <testsuite name="listings-vital-signs-vsl01" timestamp="2024-11-15T10:05:10Z" hostname="ed78ec6f17c9" tests="1" skipped="0" failures="0" errors="0" time="0.071">
    <testcase time="0.0710000000000015" classname="listings_vital_signs_vsl01" name="listings_vital_signs_vsl01.qmd_lsting_stable"/>
  </testsuite>
  <testsuite name="tables-ADA-adat01" timestamp="2024-11-15T10:05:10Z" hostname="ed78ec6f17c9" tests="1" skipped="0" failures="0" errors="0" time="0.209">
    <testcase time="0.209" classname="tables_ADA_adat01" name="tables_ADA_adat01.qmd_result_v1_stable"/>
  </testsuite>
  <testsuite name="tables-ADA-adat02" timestamp="2024-11-15T10:05:11Z" hostname="ed78ec6f17c9" tests="1" skipped="0" failures="0" errors="0" time="0.085">
    <testcase time="0.0849999999999991" classname="tables_ADA_adat02" name="tables_ADA_adat02.qmd_result_v1_stable"/>
  </testsuite>
  <testsuite name="tables-ADA-adat03" timestamp="2024-11-15T10:05:11Z" hostname="ed78ec6f17c9" tests="1" skipped="0" failures="0" errors="0" time="0.35">
    <testcase time="0.350000000000001" classname="tables_ADA_adat03" name="tables_ADA_adat03.qmd_result_v1_stable"/>
  </testsuite>
  <testsuite name="tables-ADA-adat04a" timestamp="2024-11-15T10:05:11Z" hostname="ed78ec6f17c9" tests="1" skipped="0" failures="0" errors="0" time="0.231">
    <testcase time="0.231" classname="tables_ADA_adat04a" name="tables_ADA_adat04a.qmd_result_v1_stable"/>
  </testsuite>
  <testsuite name="tables-ADA-adat04b" timestamp="2024-11-15T10:05:11Z" hostname="ed78ec6f17c9" tests="1" skipped="0" failures="0" errors="0" time="0.16">
    <testcase time="0.16" classname="tables_ADA_adat04b" name="tables_ADA_adat04b.qmd_result_v1_stable"/>
  </testsuite>
  <testsuite name="tables-ECG-egt01" timestamp="2024-11-15T10:05:11Z" hostname="ed78ec6f17c9" tests="1" skipped="0" failures="0" errors="0" time="0.579">
    <testcase time="0.578999999999999" classname="tables_ECG_egt01" name="tables_ECG_egt01.qmd_result_v1_stable"/>
  </testsuite>
  <testsuite name="tables-ECG-egt02" timestamp="2024-11-15T10:05:12Z" hostname="ed78ec6f17c9" tests="2" skipped="0" failures="0" errors="0" time="0.18">
    <testcase time="0.0950000000000006" classname="tables_ECG_egt02" name="tables_ECG_egt02.qmd_result_v1_stable"/>
    <testcase time="0.0849999999999991" classname="tables_ECG_egt02" name="tables_ECG_egt02.qmd_result_v2_stable"/>
  </testsuite>
  <testsuite name="tables-ECG-egt03" timestamp="2024-11-15T10:05:14Z" hostname="ed78ec6f17c9" tests="2" skipped="0" failures="0" errors="0" time="1.623">
    <testcase time="1.492" classname="tables_ECG_egt03" name="tables_ECG_egt03.qmd_result_v1_stable"/>
    <testcase time="0.131" classname="tables_ECG_egt03" name="tables_ECG_egt03.qmd_result_v2_stable"/>
  </testsuite>
  <testsuite name="tables-ECG-egt04" timestamp="2024-11-15T10:05:14Z" hostname="ed78ec6f17c9" tests="1" skipped="0" failures="0" errors="0" time="0.182">
    <testcase time="0.182" classname="tables_ECG_egt04" name="tables_ECG_egt04.qmd_result_v1_stable"/>
  </testsuite>
  <testsuite name="tables-ECG-egt05_qtcat" timestamp="2024-11-15T10:05:14Z" hostname="ed78ec6f17c9" tests="1" skipped="0" failures="0" errors="0" time="0.307">
    <testcase time="0.306999999999999" classname="tables_ECG_egt05_qtcat" name="tables_ECG_egt05_qtcat.qmd_result_v1_stable"/>
  </testsuite>
  <testsuite name="tables-adverse-events-aet01" timestamp="2024-11-15T10:05:14Z" hostname="ed78ec6f17c9" tests="4" skipped="0" failures="0" errors="0" time="0.501">
    <testcase time="0.135" classname="tables_adverse_events_aet01" name="tables_adverse_events_aet01.qmd_result_v1_stable"/>
    <testcase time="0.124000000000001" classname="tables_adverse_events_aet01" name="tables_adverse_events_aet01.qmd_result_v2_stable"/>
    <testcase time="0.109999999999999" classname="tables_adverse_events_aet01" name="tables_adverse_events_aet01.qmd_result_v3_stable"/>
    <testcase time="0.132000000000001" classname="tables_adverse_events_aet01" name="tables_adverse_events_aet01.qmd_result_v4_stable"/>
  </testsuite>
  <testsuite name="tables-adverse-events-aet01_aesi" timestamp="2024-11-15T10:05:15Z" hostname="ed78ec6f17c9" tests="4" skipped="0" failures="0" errors="0" time="0.67">
    <testcase time="0.136999999999999" classname="tables_adverse_events_aet01_aesi" name="tables_adverse_events_aet01_aesi.qmd_result_v1_stable"/>
    <testcase time="0.152000000000001" classname="tables_adverse_events_aet01_aesi" name="tables_adverse_events_aet01_aesi.qmd_result_v2_stable"/>
    <testcase time="0.218999999999999" classname="tables_adverse_events_aet01_aesi" name="tables_adverse_events_aet01_aesi.qmd_result_v3_stable"/>
    <testcase time="0.162000000000001" classname="tables_adverse_events_aet01_aesi" name="tables_adverse_events_aet01_aesi.qmd_result_v4_stable"/>
  </testsuite>
  <testsuite name="tables-adverse-events-aet02" timestamp="2024-11-15T10:05:16Z" hostname="ed78ec6f17c9" tests="13" skipped="0" failures="0" errors="0" time="2.01">
    <testcase time="0.33" classname="tables_adverse_events_aet02" name="tables_adverse_events_aet02.qmd_result_v1_stable"/>
    <testcase time="0.181999999999999" classname="tables_adverse_events_aet02" name="tables_adverse_events_aet02.qmd_result_v2_stable"/>
    <testcase time="0.193000000000001" classname="tables_adverse_events_aet02" name="tables_adverse_events_aet02.qmd_result_v3_stable"/>
    <testcase time="0.263999999999999" classname="tables_adverse_events_aet02" name="tables_adverse_events_aet02.qmd_result_v4_stable"/>
    <testcase time="0.0960000000000001" classname="tables_adverse_events_aet02" name="tables_adverse_events_aet02.qmd_result_v5_stable"/>
    <testcase time="0.163" classname="tables_adverse_events_aet02" name="tables_adverse_events_aet02.qmd_result_v6_stable"/>
    <testcase time="0.112" classname="tables_adverse_events_aet02" name="tables_adverse_events_aet02.qmd_result_v7_stable"/>
    <testcase time="0.145" classname="tables_adverse_events_aet02" name="tables_adverse_events_aet02.qmd_result_v8_stable"/>
    <testcase time="0.111000000000001" classname="tables_adverse_events_aet02" name="tables_adverse_events_aet02.qmd_result_v9_stable"/>
    <testcase time="0.112" classname="tables_adverse_events_aet02" name="tables_adverse_events_aet02.qmd_result_v10_stable"/>
    <testcase time="0.0969999999999995" classname="tables_adverse_events_aet02" name="tables_adverse_events_aet02.qmd_result_v11_stable"/>
    <testcase time="0.110999999999999" classname="tables_adverse_events_aet02" name="tables_adverse_events_aet02.qmd_result_v12_stable"/>
    <testcase time="0.0940000000000012" classname="tables_adverse_events_aet02" name="tables_adverse_events_aet02.qmd_result_v13_stable"/>
  </testsuite>
  <testsuite name="tables-adverse-events-aet02_smq" timestamp="2024-11-15T10:05:17Z" hostname="ed78ec6f17c9" tests="2" skipped="0" failures="0" errors="0" time="0.199">
    <testcase time="0.0909999999999993" classname="tables_adverse_events_aet02_smq" name="tables_adverse_events_aet02_smq.qmd_result_v1_stable"/>
    <testcase time="0.108000000000001" classname="tables_adverse_events_aet02_smq" name="tables_adverse_events_aet02_smq.qmd_result_v2_stable"/>
  </testsuite>
  <testsuite name="tables-adverse-events-aet03" timestamp="2024-11-15T10:05:18Z" hostname="ed78ec6f17c9" tests="1" skipped="0" failures="0" errors="0" time="0.335">
    <testcase time="0.335000000000001" classname="tables_adverse_events_aet03" name="tables_adverse_events_aet03.qmd_result_v1_stable"/>
  </testsuite>
  <testsuite name="tables-adverse-events-aet04" timestamp="2024-11-15T10:05:18Z" hostname="ed78ec6f17c9" tests="8" skipped="0" failures="0" errors="0" time="3.78">
    <testcase time="0.600999999999999" classname="tables_adverse_events_aet04" name="tables_adverse_events_aet04.qmd_result_v1_stable"/>
    <testcase time="0.358000000000001" classname="tables_adverse_events_aet04" name="tables_adverse_events_aet04.qmd_result_v2_stable"/>
    <testcase time="0.974999999999998" classname="tables_adverse_events_aet04" name="tables_adverse_events_aet04.qmd_result_v3_stable"/>
    <testcase time="0.360000000000003" classname="tables_adverse_events_aet04" name="tables_adverse_events_aet04.qmd_result_v4_stable"/>
    <testcase time="0.349999999999998" classname="tables_adverse_events_aet04" name="tables_adverse_events_aet04.qmd_result_v6_stable"/>
    <testcase time="0.356999999999999" classname="tables_adverse_events_aet04" name="tables_adverse_events_aet04.qmd_result_v8_stable"/>
    <testcase time="0.382000000000001" classname="tables_adverse_events_aet04" name="tables_adverse_events_aet04.qmd_result_v9_stable"/>
    <testcase time="0.396999999999998" classname="tables_adverse_events_aet04" name="tables_adverse_events_aet04.qmd_result_v11_stable"/>
  </testsuite>
  <testsuite name="tables-adverse-events-aet04_pi" timestamp="2024-11-15T10:05:22Z" hostname="ed78ec6f17c9" tests="8" skipped="0" failures="0" errors="0" time="1.686">
    <testcase time="0.705000000000002" classname="tables_adverse_events_aet04_pi" name="tables_adverse_events_aet04_pi.qmd_result_v1_stable"/>
    <testcase time="0.117999999999999" classname="tables_adverse_events_aet04_pi" name="tables_adverse_events_aet04_pi.qmd_result_v2_stable"/>
    <testcase time="0.133000000000003" classname="tables_adverse_events_aet04_pi" name="tables_adverse_events_aet04_pi.qmd_result_v3_stable"/>
    <testcase time="0.113999999999997" classname="tables_adverse_events_aet04_pi" name="tables_adverse_events_aet04_pi.qmd_result_v4_stable"/>
    <testcase time="0.159000000000002" classname="tables_adverse_events_aet04_pi" name="tables_adverse_events_aet04_pi.qmd_result_v5_stable"/>
    <testcase time="0.154999999999998" classname="tables_adverse_events_aet04_pi" name="tables_adverse_events_aet04_pi.qmd_result_v6_stable"/>
    <testcase time="0.150000000000002" classname="tables_adverse_events_aet04_pi" name="tables_adverse_events_aet04_pi.qmd_result_v7_stable"/>
    <testcase time="0.151999999999997" classname="tables_adverse_events_aet04_pi" name="tables_adverse_events_aet04_pi.qmd_result_v8_stable"/>
  </testsuite>
  <testsuite name="tables-adverse-events-aet05" timestamp="2024-11-15T10:05:23Z" hostname="ed78ec6f17c9" tests="2" skipped="0" failures="0" errors="0" time="0.15">
    <testcase time="0.0810000000000031" classname="tables_adverse_events_aet05" name="tables_adverse_events_aet05.qmd_result_v1_stable"/>
    <testcase time="0.0689999999999991" classname="tables_adverse_events_aet05" name="tables_adverse_events_aet05.qmd_result_v2_stable"/>
  </testsuite>
  <testsuite name="tables-adverse-events-aet05_all" timestamp="2024-11-15T10:05:24Z" hostname="ed78ec6f17c9" tests="2" skipped="0" failures="0" errors="0" time="0.151">
    <testcase time="0.0749999999999993" classname="tables_adverse_events_aet05_all" name="tables_adverse_events_aet05_all.qmd_result_v1_stable"/>
    <testcase time="0.0760000000000005" classname="tables_adverse_events_aet05_all" name="tables_adverse_events_aet05_all.qmd_result_v2_stable"/>
  </testsuite>
  <testsuite name="tables-adverse-events-aet06" timestamp="2024-11-15T10:05:24Z" hostname="ed78ec6f17c9" tests="5" skipped="0" failures="0" errors="0" time="1.866">
    <testcase time="0.588000000000001" classname="tables_adverse_events_aet06" name="tables_adverse_events_aet06.qmd_result_v1_stable"/>
    <testcase time="0.302" classname="tables_adverse_events_aet06" name="tables_adverse_events_aet06.qmd_result_v2_stable"/>
    <testcase time="0.361999999999998" classname="tables_adverse_events_aet06" name="tables_adverse_events_aet06.qmd_result_v3_stable"/>
    <testcase time="0.247" classname="tables_adverse_events_aet06" name="tables_adverse_events_aet06.qmd_result_v4_stable"/>
    <testcase time="0.367000000000001" classname="tables_adverse_events_aet06" name="tables_adverse_events_aet06.qmd_result_v5_stable"/>
  </testsuite>
  <testsuite name="tables-adverse-events-aet06_smq" timestamp="2024-11-15T10:05:26Z" hostname="ed78ec6f17c9" tests="3" skipped="0" failures="0" errors="0" time="0.428">
    <testcase time="0.146999999999998" classname="tables_adverse_events_aet06_smq" name="tables_adverse_events_aet06_smq.qmd_result_v1_stable"/>
    <testcase time="0.171000000000003" classname="tables_adverse_events_aet06_smq" name="tables_adverse_events_aet06_smq.qmd_result_v2_stable"/>
    <testcase time="0.109999999999999" classname="tables_adverse_events_aet06_smq" name="tables_adverse_events_aet06_smq.qmd_result_v3_stable"/>
  </testsuite>
  <testsuite name="tables-adverse-events-aet07" timestamp="2024-11-15T10:05:26Z" hostname="ed78ec6f17c9" tests="2" skipped="0" failures="0" errors="0" time="0.168">
    <testcase time="0.0949999999999989" classname="tables_adverse_events_aet07" name="tables_adverse_events_aet07.qmd_result_v1_stable"/>
    <testcase time="0.0730000000000004" classname="tables_adverse_events_aet07" name="tables_adverse_events_aet07.qmd_result_v2_stable"/>
  </testsuite>
  <testsuite name="tables-adverse-events-aet09" timestamp="2024-11-15T10:05:26Z" hostname="ed78ec6f17c9" tests="2" skipped="0" failures="0" errors="0" time="0.388">
    <testcase time="0.178999999999998" classname="tables_adverse_events_aet09" name="tables_adverse_events_aet09.qmd_result_v1_stable"/>
    <testcase time="0.209" classname="tables_adverse_events_aet09" name="tables_adverse_events_aet09.qmd_result_v2_stable"/>
  </testsuite>
  <testsuite name="tables-adverse-events-aet09_smq" timestamp="2024-11-15T10:05:27Z" hostname="ed78ec6f17c9" tests="2" skipped="0" failures="0" errors="0" time="0.197">
    <testcase time="0.0850000000000009" classname="tables_adverse_events_aet09_smq" name="tables_adverse_events_aet09_smq.qmd_result_v1_stable"/>
    <testcase time="0.111999999999998" classname="tables_adverse_events_aet09_smq" name="tables_adverse_events_aet09_smq.qmd_result_v2_stable"/>
  </testsuite>
  <testsuite name="tables-adverse-events-aet10" timestamp="2024-11-15T10:05:27Z" hostname="ed78ec6f17c9" tests="2" skipped="0" failures="0" errors="0" time="0.235">
    <testcase time="0.137" classname="tables_adverse_events_aet10" name="tables_adverse_events_aet10.qmd_result_v1_stable"/>
    <testcase time="0.0980000000000025" classname="tables_adverse_events_aet10" name="tables_adverse_events_aet10.qmd_result_v2_stable"/>
  </testsuite>
  <testsuite name="tables-concomitant-medications-cmt01" timestamp="2024-11-15T10:05:27Z" hostname="ed78ec6f17c9" tests="4" skipped="0" failures="0" errors="0" time="0.515">
    <testcase time="0.161000000000001" classname="tables_concomitant_medications_cmt01" name="tables_concomitant_medications_cmt01.qmd_result_v1_stable"/>
    <testcase time="0.097999999999999" classname="tables_concomitant_medications_cmt01" name="tables_concomitant_medications_cmt01.qmd_result_v2_stable"/>
    <testcase time="0.120000000000001" classname="tables_concomitant_medications_cmt01" name="tables_concomitant_medications_cmt01.qmd_result_v3_stable"/>
    <testcase time="0.135999999999999" classname="tables_concomitant_medications_cmt01" name="tables_concomitant_medications_cmt01.qmd_result_v4_stable"/>
  </testsuite>
  <testsuite name="tables-concomitant-medications-cmt01a" timestamp="2024-11-15T10:05:28Z" hostname="ed78ec6f17c9" tests="4" skipped="0" failures="0" errors="0" time="0.827">
    <testcase time="0.259" classname="tables_concomitant_medications_cmt01a" name="tables_concomitant_medications_cmt01a.qmd_result_v1_stable"/>
    <testcase time="0.201999999999998" classname="tables_concomitant_medications_cmt01a" name="tables_concomitant_medications_cmt01a.qmd_result_v2_stable"/>
    <testcase time="0.198" classname="tables_concomitant_medications_cmt01a" name="tables_concomitant_medications_cmt01a.qmd_result_v3_stable"/>
    <testcase time="0.168000000000003" classname="tables_concomitant_medications_cmt01a" name="tables_concomitant_medications_cmt01a.qmd_result_v4_stable"/>
  </testsuite>
  <testsuite name="tables-concomitant-medications-cmt01b" timestamp="2024-11-15T10:05:28Z" hostname="ed78ec6f17c9" tests="3" skipped="0" failures="0" errors="0" time="0.946">
    <testcase time="0.382999999999999" classname="tables_concomitant_medications_cmt01b" name="tables_concomitant_medications_cmt01b.qmd_result_v1_stable"/>
    <testcase time="0.236000000000001" classname="tables_concomitant_medications_cmt01b" name="tables_concomitant_medications_cmt01b.qmd_result_v2_stable"/>
    <testcase time="0.326999999999998" classname="tables_concomitant_medications_cmt01b" name="tables_concomitant_medications_cmt01b.qmd_result_v4_stable"/>
  </testsuite>
  <testsuite name="tables-concomitant-medications-cmt02_pt" timestamp="2024-11-15T10:05:29Z" hostname="ed78ec6f17c9" tests="1" skipped="0" failures="0" errors="0" time="0.113">
    <testcase time="0.113" classname="tables_concomitant_medications_cmt02_pt" name="tables_concomitant_medications_cmt02_pt.qmd_result_v1_stable"/>
  </testsuite>
  <testsuite name="tables-deaths-dtht01" timestamp="2024-11-15T10:05:30Z" hostname="ed78ec6f17c9" tests="4" skipped="0" failures="0" errors="0" time="0.675">
    <testcase time="0.223000000000003" classname="tables_deaths_dtht01" name="tables_deaths_dtht01.qmd_result_v1_stable"/>
    <testcase time="0.227999999999998" classname="tables_deaths_dtht01" name="tables_deaths_dtht01.qmd_result_v2_stable"/>
    <testcase time="0.100999999999999" classname="tables_deaths_dtht01" name="tables_deaths_dtht01.qmd_result_v3_stable"/>
    <testcase time="0.123000000000001" classname="tables_deaths_dtht01" name="tables_deaths_dtht01.qmd_result_v4_stable"/>
  </testsuite>
  <testsuite name="tables-demography-dmt01" timestamp="2024-11-15T10:05:30Z" hostname="ed78ec6f17c9" tests="5" skipped="0" failures="0" errors="0" time="0.941">
    <testcase time="0.245999999999999" classname="tables_demography_dmt01" name="tables_demography_dmt01.qmd_result_v1_stable"/>
    <testcase time="0.197000000000003" classname="tables_demography_dmt01" name="tables_demography_dmt01.qmd_result_v2_stable"/>
    <testcase time="0.186999999999998" classname="tables_demography_dmt01" name="tables_demography_dmt01.qmd_result_v3_stable"/>
    <testcase time="0.166" classname="tables_demography_dmt01" name="tables_demography_dmt01.qmd_result_v4_stable"/>
    <testcase time="0.145" classname="tables_demography_dmt01" name="tables_demography_dmt01.qmd_result_v5_stable"/>
  </testsuite>
  <testsuite name="tables-disclosures-disclosurest01" timestamp="2024-11-15T10:05:31Z" hostname="ed78ec6f17c9" tests="6" skipped="0" failures="0" errors="0" time="0.9">
    <testcase time="0.194000000000003" classname="tables_disclosures_disclosurest01" name="tables_disclosures_disclosurest01.qmd_result_v1_stable"/>
    <testcase time="0.198" classname="tables_disclosures_disclosurest01" name="tables_disclosures_disclosurest01.qmd_result_v2_stable"/>
    <testcase time="0.132999999999999" classname="tables_disclosures_disclosurest01" name="tables_disclosures_disclosurest01.qmd_result_v3_stable"/>
    <testcase time="0.157999999999998" classname="tables_disclosures_disclosurest01" name="tables_disclosures_disclosurest01.qmd_result_v4_stable"/>
    <testcase time="0.140000000000001" classname="tables_disclosures_disclosurest01" name="tables_disclosures_disclosurest01.qmd_result_v5_stable"/>
    <testcase time="0.0770000000000017" classname="tables_disclosures_disclosurest01" name="tables_disclosures_disclosurest01.qmd_result_v6_stable"/>
  </testsuite>
  <testsuite name="tables-disclosures-eudrat01" timestamp="2024-11-15T10:05:32Z" hostname="ed78ec6f17c9" tests="1" skipped="0" failures="0" errors="0" time="0.188">
    <testcase time="0.188000000000002" classname="tables_disclosures_eudrat01" name="tables_disclosures_eudrat01.qmd_result_v1_stable"/>
  </testsuite>
  <testsuite name="tables-disclosures-eudrat02" timestamp="2024-11-15T10:05:32Z" hostname="ed78ec6f17c9" tests="1" skipped="0" failures="0" errors="0" time="0.13">
    <testcase time="0.129999999999999" classname="tables_disclosures_eudrat02" name="tables_disclosures_eudrat02.qmd_result_v1_stable"/>
  </testsuite>
  <testsuite name="tables-disposition-dst01" timestamp="2024-11-15T10:05:32Z" hostname="ed78ec6f17c9" tests="3" skipped="0" failures="0" errors="0" time="0.477">
    <testcase time="0.210000000000001" classname="tables_disposition_dst01" name="tables_disposition_dst01.qmd_result_v1_stable"/>
    <testcase time="0.123000000000001" classname="tables_disposition_dst01" name="tables_disposition_dst01.qmd_result_v2_stable"/>
    <testcase time="0.143999999999998" classname="tables_disposition_dst01" name="tables_disposition_dst01.qmd_result_v3_stable"/>
  </testsuite>
  <testsuite name="tables-disposition-pdt01" timestamp="2024-11-15T10:05:33Z" hostname="ed78ec6f17c9" tests="1" skipped="0" failures="0" errors="0" time="0.195">
    <testcase time="0.195" classname="tables_disposition_pdt01" name="tables_disposition_pdt01.qmd_result_v1_stable"/>
  </testsuite>
  <testsuite name="tables-disposition-pdt02" timestamp="2024-11-15T10:05:33Z" hostname="ed78ec6f17c9" tests="1" skipped="0" failures="0" errors="0" time="0.105">
    <testcase time="0.105" classname="tables_disposition_pdt02" name="tables_disposition_pdt02.qmd_result_v1_stable"/>
  </testsuite>
  <testsuite name="tables-efficacy-aovt01" timestamp="2024-11-15T10:05:34Z" hostname="ed78ec6f17c9" tests="1" skipped="0" failures="0" errors="0" time="0.947">
    <testcase time="0.946999999999999" classname="tables_efficacy_aovt01" name="tables_efficacy_aovt01.qmd_result_v1_stable"/>
  </testsuite>
  <testsuite name="tables-efficacy-aovt02" timestamp="2024-11-15T10:05:34Z" hostname="ed78ec6f17c9" tests="1" skipped="0" failures="0" errors="0" time="0.381">
    <testcase time="0.381" classname="tables_efficacy_aovt02" name="tables_efficacy_aovt02.qmd_result_v1_stable"/>
  </testsuite>
  <testsuite name="tables-efficacy-aovt03" timestamp="2024-11-15T10:05:35Z" hostname="ed78ec6f17c9" tests="1" skipped="0" failures="0" errors="0" time="0.958">
    <testcase time="0.957999999999998" classname="tables_efficacy_aovt03" name="tables_efficacy_aovt03.qmd_result_v1_stable"/>
  </testsuite>
  <testsuite name="tables-efficacy-cfbt01" timestamp="2024-11-15T10:05:35Z" hostname="ed78ec6f17c9" tests="1" skipped="0" failures="0" errors="0" time="0.236">
    <testcase time="0.236000000000004" classname="tables_efficacy_cfbt01" name="tables_efficacy_cfbt01.qmd_result_v1_stable"/>
  </testsuite>
  <testsuite name="tables-efficacy-cmht01" timestamp="2024-11-15T10:05:37Z" hostname="ed78ec6f17c9" tests="2" skipped="0" failures="0" errors="0" time="2.434">
    <testcase time="1.944" classname="tables_efficacy_cmht01" name="tables_efficacy_cmht01.qmd_result_v1_stable"/>
    <testcase time="0.490000000000002" classname="tables_efficacy_cmht01" name="tables_efficacy_cmht01.qmd_result_v2_stable"/>
  </testsuite>
  <testsuite name="tables-efficacy-coxt01" timestamp="2024-11-15T10:05:38Z" hostname="ed78ec6f17c9" tests="4" skipped="0" failures="0" errors="0" time="0.525">
    <testcase time="0.143999999999998" classname="tables_efficacy_coxt01" name="tables_efficacy_coxt01.qmd_result_v1_stable"/>
    <testcase time="0.103999999999999" classname="tables_efficacy_coxt01" name="tables_efficacy_coxt01.qmd_result_v2_stable"/>
    <testcase time="0.131" classname="tables_efficacy_coxt01" name="tables_efficacy_coxt01.qmd_result_v3_stable"/>
    <testcase time="0.146000000000001" classname="tables_efficacy_coxt01" name="tables_efficacy_coxt01.qmd_result_v4_stable"/>
  </testsuite>
  <testsuite name="tables-efficacy-coxt02" timestamp="2024-11-15T10:05:39Z" hostname="ed78ec6f17c9" tests="2" skipped="0" failures="0" errors="0" time="0.177">
    <testcase time="0.100000000000001" classname="tables_efficacy_coxt02" name="tables_efficacy_coxt02.qmd_result_v1_stable"/>
    <testcase time="0.0769999999999982" classname="tables_efficacy_coxt02" name="tables_efficacy_coxt02.qmd_result_v2_stable"/>
  </testsuite>
  <testsuite name="tables-efficacy-dort01" timestamp="2024-11-15T10:05:39Z" hostname="ed78ec6f17c9" tests="4" skipped="0" failures="0" errors="0" time="1.033">
    <testcase time="0.681000000000004" classname="tables_efficacy_dort01" name="tables_efficacy_dort01.qmd_result_v1_stable"/>
    <testcase time="0.110999999999997" classname="tables_efficacy_dort01" name="tables_efficacy_dort01.qmd_result_v2_stable"/>
    <testcase time="0.133000000000003" classname="tables_efficacy_dort01" name="tables_efficacy_dort01.qmd_result_v3_stable"/>
    <testcase time="0.107999999999997" classname="tables_efficacy_dort01" name="tables_efficacy_dort01.qmd_result_v4_stable"/>
  </testsuite>
  <testsuite name="tables-efficacy-lgrt02" timestamp="2024-11-15T10:05:40Z" hostname="ed78ec6f17c9" tests="4" skipped="0" failures="0" errors="0" time="0.981">
    <testcase time="0.201999999999998" classname="tables_efficacy_lgrt02" name="tables_efficacy_lgrt02.qmd_result_v1_stable"/>
    <testcase time="0.454000000000001" classname="tables_efficacy_lgrt02" name="tables_efficacy_lgrt02.qmd_result_v2_stable"/>
    <testcase time="0.151000000000003" classname="tables_efficacy_lgrt02" name="tables_efficacy_lgrt02.qmd_result_v3_stable"/>
    <testcase time="0.173999999999999" classname="tables_efficacy_lgrt02" name="tables_efficacy_lgrt02.qmd_result_v4_stable"/>
  </testsuite>
  <testsuite name="tables-efficacy-mmrmt01" timestamp="2024-11-15T10:05:41Z" hostname="ed78ec6f17c9" tests="4" skipped="0" failures="0" errors="0" time="0.672">
    <testcase time="0.222000000000001" classname="tables_efficacy_mmrmt01" name="tables_efficacy_mmrmt01.qmd_result_v1_stable"/>
    <testcase time="0.0959999999999965" classname="tables_efficacy_mmrmt01" name="tables_efficacy_mmrmt01.qmd_result_v2_stable"/>
    <testcase time="0.256999999999998" classname="tables_efficacy_mmrmt01" name="tables_efficacy_mmrmt01.qmd_result_v3_stable"/>
    <testcase time="0.0970000000000013" classname="tables_efficacy_mmrmt01" name="tables_efficacy_mmrmt01.qmd_result_baseline_stable"/>
  </testsuite>
  <testsuite name="tables-efficacy-onct05" timestamp="2024-11-15T10:05:42Z" hostname="ed78ec6f17c9" tests="4" skipped="0" failures="0" errors="0" time="0.728">
    <testcase time="0.267000000000003" classname="tables_efficacy_onct05" name="tables_efficacy_onct05.qmd_result_v1_stable"/>
    <testcase time="0.187999999999995" classname="tables_efficacy_onct05" name="tables_efficacy_onct05.qmd_result_v2_stable"/>
    <testcase time="0.135000000000005" classname="tables_efficacy_onct05" name="tables_efficacy_onct05.qmd_result_v3_stable"/>
    <testcase time="0.137999999999998" classname="tables_efficacy_onct05" name="tables_efficacy_onct05.qmd_result_v4_stable"/>
  </testsuite>
  <testsuite name="tables-efficacy-ratet01" timestamp="2024-11-15T10:05:42Z" hostname="ed78ec6f17c9" tests="1" skipped="0" failures="0" errors="0" time="0.278">
    <testcase time="0.277999999999999" classname="tables_efficacy_ratet01" name="tables_efficacy_ratet01.qmd_result_v1_stable"/>
  </testsuite>
  <testsuite name="tables-efficacy-rspt01" timestamp="2024-11-15T10:05:43Z" hostname="ed78ec6f17c9" tests="6" skipped="0" failures="0" errors="0" time="1.039">
    <testcase time="0.446000000000005" classname="tables_efficacy_rspt01" name="tables_efficacy_rspt01.qmd_result_v1_stable"/>
    <testcase time="0.113" classname="tables_efficacy_rspt01" name="tables_efficacy_rspt01.qmd_result_v2_stable"/>
    <testcase time="0.131999999999998" classname="tables_efficacy_rspt01" name="tables_efficacy_rspt01.qmd_result_v3_stable"/>
    <testcase time="0.128999999999998" classname="tables_efficacy_rspt01" name="tables_efficacy_rspt01.qmd_result_v4_stable"/>
    <testcase time="0.114000000000004" classname="tables_efficacy_rspt01" name="tables_efficacy_rspt01.qmd_result_v5_stable"/>
    <testcase time="0.104999999999997" classname="tables_efficacy_rspt01" name="tables_efficacy_rspt01.qmd_result_v6_stable"/>
  </testsuite>
  <testsuite name="tables-efficacy-ttet01" timestamp="2024-11-15T10:05:44Z" hostname="ed78ec6f17c9" tests="6" skipped="0" failures="0" errors="0" time="2.223">
    <testcase time="1.222" classname="tables_efficacy_ttet01" name="tables_efficacy_ttet01.qmd_result_v1_stable"/>
    <testcase time="0.131" classname="tables_efficacy_ttet01" name="tables_efficacy_ttet01.qmd_result_v2_stable"/>
    <testcase time="0.432000000000002" classname="tables_efficacy_ttet01" name="tables_efficacy_ttet01.qmd_result_v3_stable"/>
    <testcase time="0.148999999999994" classname="tables_efficacy_ttet01" name="tables_efficacy_ttet01.qmd_result_v4_stable"/>
    <testcase time="0.137" classname="tables_efficacy_ttet01" name="tables_efficacy_ttet01.qmd_result_v5_stable"/>
    <testcase time="0.151999999999994" classname="tables_efficacy_ttet01" name="tables_efficacy_ttet01.qmd_result_v6_stable"/>
  </testsuite>
  <testsuite name="tables-exposure-ext01" timestamp="2024-11-15T10:05:46Z" hostname="ed78ec6f17c9" tests="3" skipped="0" failures="0" errors="0" time="0.639">
    <testcase time="0.217000000000006" classname="tables_exposure_ext01" name="tables_exposure_ext01.qmd_result_v1_stable"/>
    <testcase time="0.195999999999998" classname="tables_exposure_ext01" name="tables_exposure_ext01.qmd_result_v2_stable"/>
    <testcase time="0.225999999999999" classname="tables_exposure_ext01" name="tables_exposure_ext01.qmd_result_v3_stable"/>
  </testsuite>
  <testsuite name="tables-lab-results-lbt01" timestamp="2024-11-15T10:05:46Z" hostname="ed78ec6f17c9" tests="1" skipped="0" failures="0" errors="0" time="0.242">
    <testcase time="0.241999999999997" classname="tables_lab_results_lbt01" name="tables_lab_results_lbt01.qmd_result_v1_stable"/>
  </testsuite>
  <testsuite name="tables-lab-results-lbt02" timestamp="2024-11-15T10:05:47Z" hostname="ed78ec6f17c9" tests="1" skipped="0" failures="0" errors="0" time="0.173">
    <testcase time="0.173000000000002" classname="tables_lab_results_lbt02" name="tables_lab_results_lbt02.qmd_result_v1_stable"/>
  </testsuite>
  <testsuite name="tables-lab-results-lbt03" timestamp="2024-11-15T10:05:47Z" hostname="ed78ec6f17c9" tests="2" skipped="0" failures="0" errors="0" time="0.313">
    <testcase time="0.169000000000004" classname="tables_lab_results_lbt03" name="tables_lab_results_lbt03.qmd_result_v1_stable"/>
    <testcase time="0.143999999999998" classname="tables_lab_results_lbt03" name="tables_lab_results_lbt03.qmd_result_v2_stable"/>
  </testsuite>
  <testsuite name="tables-lab-results-lbt04" timestamp="2024-11-15T10:05:47Z" hostname="ed78ec6f17c9" tests="1" skipped="0" failures="0" errors="0" time="0.091">
    <testcase time="0.0910000000000011" classname="tables_lab_results_lbt04" name="tables_lab_results_lbt04.qmd_result_v1_stable"/>
  </testsuite>
  <testsuite name="tables-lab-results-lbt05" timestamp="2024-11-15T10:05:47Z" hostname="ed78ec6f17c9" tests="3" skipped="0" failures="0" errors="0" time="0.436">
    <testcase time="0.169999999999995" classname="tables_lab_results_lbt05" name="tables_lab_results_lbt05.qmd_result_v1_stable"/>
    <testcase time="0.145000000000003" classname="tables_lab_results_lbt05" name="tables_lab_results_lbt05.qmd_result_v2_stable"/>
    <testcase time="0.121000000000002" classname="tables_lab_results_lbt05" name="tables_lab_results_lbt05.qmd_result_v4_stable"/>
  </testsuite>
  <testsuite name="tables-lab-results-lbt06" timestamp="2024-11-15T10:05:48Z" hostname="ed78ec6f17c9" tests="2" skipped="0" failures="0" errors="0" time="0.708">
    <testcase time="0.253" classname="tables_lab_results_lbt06" name="tables_lab_results_lbt06.qmd_result_v1_stable"/>
    <testcase time="0.454999999999998" classname="tables_lab_results_lbt06" name="tables_lab_results_lbt06.qmd_result_v2_stable"/>
  </testsuite>
  <testsuite name="tables-lab-results-lbt07" timestamp="2024-11-15T10:05:48Z" hostname="ed78ec6f17c9" tests="1" skipped="0" failures="0" errors="0" time="0.17">
    <testcase time="0.170000000000002" classname="tables_lab_results_lbt07" name="tables_lab_results_lbt07.qmd_result_v1_stable"/>
  </testsuite>
  <testsuite name="tables-lab-results-lbt08" timestamp="2024-11-15T10:05:48Z" hostname="ed78ec6f17c9" tests="1" skipped="0" failures="0" errors="0" time="0.157">
    <testcase time="0.156999999999996" classname="tables_lab_results_lbt08" name="tables_lab_results_lbt08.qmd_result_v1_stable"/>
  </testsuite>
  <testsuite name="tables-lab-results-lbt09" timestamp="2024-11-15T10:05:49Z" hostname="ed78ec6f17c9" tests="2" skipped="0" failures="0" errors="0" time="0.552">
    <testcase time="0.344999999999999" classname="tables_lab_results_lbt09" name="tables_lab_results_lbt09.qmd_result_v1_stable"/>
    <testcase time="0.207000000000001" classname="tables_lab_results_lbt09" name="tables_lab_results_lbt09.qmd_result_v2_stable"/>
  </testsuite>
  <testsuite name="tables-lab-results-lbt10" timestamp="2024-11-15T10:05:49Z" hostname="ed78ec6f17c9" tests="2" skipped="0" failures="0" errors="0" time="0.163">
    <testcase time="0.0960000000000036" classname="tables_lab_results_lbt10" name="tables_lab_results_lbt10.qmd_result_v1_stable"/>
    <testcase time="0.0670000000000002" classname="tables_lab_results_lbt10" name="tables_lab_results_lbt10.qmd_result_v2_stable"/>
  </testsuite>
  <testsuite name="tables-lab-results-lbt10_bl" timestamp="2024-11-15T10:05:49Z" hostname="ed78ec6f17c9" tests="2" skipped="0" failures="0" errors="0" time="0.16">
    <testcase time="0.0949999999999989" classname="tables_lab_results_lbt10_bl" name="tables_lab_results_lbt10_bl.qmd_result_v1_stable"/>
    <testcase time="0.0649999999999977" classname="tables_lab_results_lbt10_bl" name="tables_lab_results_lbt10_bl.qmd_result_v2_stable"/>
  </testsuite>
  <testsuite name="tables-lab-results-lbt11" timestamp="2024-11-15T10:05:50Z" hostname="ed78ec6f17c9" tests="3" skipped="0" failures="0" errors="0" time="0.536">
    <testcase time="0.323" classname="tables_lab_results_lbt11" name="tables_lab_results_lbt11.qmd_result_v1_stable"/>
    <testcase time="0.0900000000000034" classname="tables_lab_results_lbt11" name="tables_lab_results_lbt11.qmd_result_v2_stable"/>
    <testcase time="0.122999999999998" classname="tables_lab_results_lbt11" name="tables_lab_results_lbt11.qmd_result_v3_stable"/>
  </testsuite>
  <testsuite name="tables-lab-results-lbt11_bl" timestamp="2024-11-15T10:05:50Z" hostname="ed78ec6f17c9" tests="3" skipped="0" failures="0" errors="0" time="0.533">
    <testcase time="0.323" classname="tables_lab_results_lbt11_bl" name="tables_lab_results_lbt11_bl.qmd_result_v1_stable"/>
    <testcase time="0.0970000000000013" classname="tables_lab_results_lbt11_bl" name="tables_lab_results_lbt11_bl.qmd_result_v2_stable"/>
    <testcase time="0.113" classname="tables_lab_results_lbt11_bl" name="tables_lab_results_lbt11_bl.qmd_result_v3_stable"/>
  </testsuite>
  <testsuite name="tables-lab-results-lbt12" timestamp="2024-11-15T10:05:51Z" hostname="ed78ec6f17c9" tests="1" skipped="0" failures="0" errors="0" time="0.11">
    <testcase time="0.109999999999999" classname="tables_lab_results_lbt12" name="tables_lab_results_lbt12.qmd_result_v1_stable"/>
  </testsuite>
  <testsuite name="tables-lab-results-lbt12_bl" timestamp="2024-11-15T10:05:51Z" hostname="ed78ec6f17c9" tests="1" skipped="0" failures="0" errors="0" time="0.116">
    <testcase time="0.116" classname="tables_lab_results_lbt12_bl" name="tables_lab_results_lbt12_bl.qmd_result_v1_stable"/>
  </testsuite>
  <testsuite name="tables-lab-results-lbt13" timestamp="2024-11-15T10:05:51Z" hostname="ed78ec6f17c9" tests="5" skipped="0" failures="0" errors="0" time="3.313">
    <testcase time="0.844000000000001" classname="tables_lab_results_lbt13" name="tables_lab_results_lbt13.qmd_result_v1_stable"/>
    <testcase time="0.554000000000002" classname="tables_lab_results_lbt13" name="tables_lab_results_lbt13.qmd_result_v2_stable"/>
    <testcase time="0.498999999999995" classname="tables_lab_results_lbt13" name="tables_lab_results_lbt13.qmd_result_v3_stable"/>
    <testcase time="0.504000000000005" classname="tables_lab_results_lbt13" name="tables_lab_results_lbt13.qmd_result_v4_stable"/>
    <testcase time="0.911999999999999" classname="tables_lab_results_lbt13" name="tables_lab_results_lbt13.qmd_result_v5_stable"/>
  </testsuite>
  <testsuite name="tables-lab-results-lbt14" timestamp="2024-11-15T10:05:54Z" hostname="ed78ec6f17c9" tests="5" skipped="0" failures="0" errors="0" time="1.876">
    <testcase time="0.418999999999997" classname="tables_lab_results_lbt14" name="tables_lab_results_lbt14.qmd_result_v1_stable"/>
    <testcase time="0.294000000000004" classname="tables_lab_results_lbt14" name="tables_lab_results_lbt14.qmd_result_v2_stable"/>
    <testcase time="0.291999999999994" classname="tables_lab_results_lbt14" name="tables_lab_results_lbt14.qmd_result_v3_stable"/>
    <testcase time="0.295000000000002" classname="tables_lab_results_lbt14" name="tables_lab_results_lbt14.qmd_result_v4_stable"/>
    <testcase time="0.576000000000001" classname="tables_lab_results_lbt14" name="tables_lab_results_lbt14.qmd_result_v5_stable"/>
  </testsuite>
  <testsuite name="tables-lab-results-lbt15" timestamp="2024-11-15T10:05:56Z" hostname="ed78ec6f17c9" tests="2" skipped="0" failures="0" errors="0" time="0.234">
    <testcase time="0.130000000000003" classname="tables_lab_results_lbt15" name="tables_lab_results_lbt15.qmd_result_v1_stable"/>
    <testcase time="0.103999999999999" classname="tables_lab_results_lbt15" name="tables_lab_results_lbt15.qmd_result_v2_stable"/>
  </testsuite>
  <testsuite name="tables-medical-history-mht01" timestamp="2024-11-15T10:05:56Z" hostname="ed78ec6f17c9" tests="4" skipped="0" failures="0" errors="0" time="0.569">
    <testcase time="0.192" classname="tables_medical_history_mht01" name="tables_medical_history_mht01.qmd_result_v1_stable"/>
    <testcase time="0.0799999999999983" classname="tables_medical_history_mht01" name="tables_medical_history_mht01.qmd_result_v2_stable"/>
    <testcase time="0.140000000000001" classname="tables_medical_history_mht01" name="tables_medical_history_mht01.qmd_result_v3_stable"/>
    <testcase time="0.156999999999996" classname="tables_medical_history_mht01" name="tables_medical_history_mht01.qmd_result_v4_stable"/>
  </testsuite>
  <testsuite name="tables-pharmacokinetic-pkct01" timestamp="2024-11-15T10:05:57Z" hostname="ed78ec6f17c9" tests="3" skipped="0" failures="0" errors="0" time="0.926">
    <testcase time="0.512" classname="tables_pharmacokinetic_pkct01" name="tables_pharmacokinetic_pkct01.qmd_result_v1_stable"/>
    <testcase time="0.213000000000001" classname="tables_pharmacokinetic_pkct01" name="tables_pharmacokinetic_pkct01.qmd_result_v2_stable"/>
    <testcase time="0.201000000000001" classname="tables_pharmacokinetic_pkct01" name="tables_pharmacokinetic_pkct01.qmd_result_v3_stable"/>
  </testsuite>
  <testsuite name="tables-pharmacokinetic-pkpt02" timestamp="2024-11-15T10:05:58Z" hostname="ed78ec6f17c9" tests="2" skipped="0" failures="0" errors="0" time="0.285">
    <testcase time="0.164999999999999" classname="tables_pharmacokinetic_pkpt02" name="tables_pharmacokinetic_pkpt02.qmd_result_v1_stable"/>
    <testcase time="0.120000000000005" classname="tables_pharmacokinetic_pkpt02" name="tables_pharmacokinetic_pkpt02.qmd_result_v2_stable"/>
  </testsuite>
  <testsuite name="tables-pharmacokinetic-pkpt03" timestamp="2024-11-15T10:06:00Z" hostname="ed78ec6f17c9" tests="3" skipped="3" failures="0" errors="0" time="1.85">
    <testcase time="1.825" classname="tables_pharmacokinetic_pkpt03" name="tables_pharmacokinetic_pkpt03.qmd_result_v1_stable">
      <skipped message="Reason: Snapshot test is not implemented for object of class: list. ('test-tables-pharmacokinetic-pkpt03.R:1:1')"/>
    </testcase>
    <testcase time="0.0129999999999981" classname="tables_pharmacokinetic_pkpt03" name="tables_pharmacokinetic_pkpt03.qmd_result_v2_stable">
      <skipped message="Reason: Snapshot test is not implemented for object of class: list. ('test-tables-pharmacokinetic-pkpt03.R:1:1')"/>
    </testcase>
    <testcase time="0.0120000000000005" classname="tables_pharmacokinetic_pkpt03" name="tables_pharmacokinetic_pkpt03.qmd_result_v3_stable">
      <skipped message="Reason: Snapshot test is not implemented for object of class: list. ('test-tables-pharmacokinetic-pkpt03.R:1:1')"/>
    </testcase>
  </testsuite>
  <testsuite name="tables-pharmacokinetic-pkpt04" timestamp="2024-11-15T10:06:00Z" hostname="ed78ec6f17c9" tests="2" skipped="0" failures="0" errors="0" time="0.313">
    <testcase time="0.187000000000005" classname="tables_pharmacokinetic_pkpt04" name="tables_pharmacokinetic_pkpt04.qmd_result_v1_stable"/>
    <testcase time="0.125999999999998" classname="tables_pharmacokinetic_pkpt04" name="tables_pharmacokinetic_pkpt04.qmd_result_v2_stable"/>
  </testsuite>
  <testsuite name="tables-pharmacokinetic-pkpt05" timestamp="2024-11-15T10:06:00Z" hostname="ed78ec6f17c9" tests="2" skipped="0" failures="0" errors="0" time="0.328">
    <testcase time="0.204000000000001" classname="tables_pharmacokinetic_pkpt05" name="tables_pharmacokinetic_pkpt05.qmd_result_v1_stable"/>
    <testcase time="0.124000000000002" classname="tables_pharmacokinetic_pkpt05" name="tables_pharmacokinetic_pkpt05.qmd_result_v2_stable"/>
  </testsuite>
  <testsuite name="tables-pharmacokinetic-pkpt06" timestamp="2024-11-15T10:06:00Z" hostname="ed78ec6f17c9" tests="2" skipped="0" failures="0" errors="0" time="0.156">
    <testcase time="0.0889999999999986" classname="tables_pharmacokinetic_pkpt06" name="tables_pharmacokinetic_pkpt06.qmd_result_v1_stable"/>
    <testcase time="0.0670000000000002" classname="tables_pharmacokinetic_pkpt06" name="tables_pharmacokinetic_pkpt06.qmd_result_v2_stable"/>
  </testsuite>
  <testsuite name="tables-pharmacokinetic-pkpt07" timestamp="2024-11-15T10:06:01Z" hostname="ed78ec6f17c9" tests="2" skipped="0" failures="0" errors="0" time="0.262">
    <testcase time="0.122" classname="tables_pharmacokinetic_pkpt07" name="tables_pharmacokinetic_pkpt07.qmd_result_v1_stable"/>
    <testcase time="0.140000000000001" classname="tables_pharmacokinetic_pkpt07" name="tables_pharmacokinetic_pkpt07.qmd_result_v2_stable"/>
  </testsuite>
  <testsuite name="tables-pharmacokinetic-pkpt08" timestamp="2024-11-15T10:06:01Z" hostname="ed78ec6f17c9" tests="1" skipped="0" failures="0" errors="0" time="0.148">
    <testcase time="0.147999999999996" classname="tables_pharmacokinetic_pkpt08" name="tables_pharmacokinetic_pkpt08.qmd_result_v1_stable"/>
  </testsuite>
  <testsuite name="tables-pharmacokinetic-pkpt11" timestamp="2024-11-15T10:06:01Z" hostname="ed78ec6f17c9" tests="1" skipped="0" failures="0" errors="0" time="0.088">
    <testcase time="0.088000000000001" classname="tables_pharmacokinetic_pkpt11" name="tables_pharmacokinetic_pkpt11.qmd_result_v1_stable"/>
  </testsuite>
  <testsuite name="tables-risk-management-plan-rmpt01" timestamp="2024-11-15T10:06:01Z" hostname="ed78ec6f17c9" tests="1" skipped="0" failures="0" errors="0" time="0.074">
    <testcase time="0.0739999999999981" classname="tables_risk_management_plan_rmpt01" name="tables_risk_management_plan_rmpt01.qmd_result_v1_stable"/>
  </testsuite>
  <testsuite name="tables-risk-management-plan-rmpt03" timestamp="2024-11-15T10:06:01Z" hostname="ed78ec6f17c9" tests="2" skipped="0" failures="0" errors="0" time="0.463">
    <testcase time="0.369" classname="tables_risk_management_plan_rmpt03" name="tables_risk_management_plan_rmpt03.qmd_result_v1_stable"/>
    <testcase time="0.0940000000000012" classname="tables_risk_management_plan_rmpt03" name="tables_risk_management_plan_rmpt03.qmd_result_v2_stable"/>
  </testsuite>
  <testsuite name="tables-risk-management-plan-rmpt04" timestamp="2024-11-15T10:06:02Z" hostname="ed78ec6f17c9" tests="1" skipped="0" failures="0" errors="0" time="0.072">
    <testcase time="0.0720000000000027" classname="tables_risk_management_plan_rmpt04" name="tables_risk_management_plan_rmpt04.qmd_result_v1_stable"/>
  </testsuite>
  <testsuite name="tables-risk-management-plan-rmpt05" timestamp="2024-11-15T10:06:02Z" hostname="ed78ec6f17c9" tests="1" skipped="0" failures="0" errors="0" time="0.085">
    <testcase time="0.0850000000000009" classname="tables_risk_management_plan_rmpt05" name="tables_risk_management_plan_rmpt05.qmd_result_v1_stable"/>
  </testsuite>
  <testsuite name="tables-risk-management-plan-rmpt06" timestamp="2024-11-15T10:06:02Z" hostname="ed78ec6f17c9" tests="4" skipped="0" failures="0" errors="0" time="0.563">
    <testcase time="0.18" classname="tables_risk_management_plan_rmpt06" name="tables_risk_management_plan_rmpt06.qmd_result_v1_stable"/>
    <testcase time="0.128" classname="tables_risk_management_plan_rmpt06" name="tables_risk_management_plan_rmpt06.qmd_result_v2_stable"/>
    <testcase time="0.131999999999998" classname="tables_risk_management_plan_rmpt06" name="tables_risk_management_plan_rmpt06.qmd_result_v3_stable"/>
    <testcase time="0.122999999999998" classname="tables_risk_management_plan_rmpt06" name="tables_risk_management_plan_rmpt06.qmd_result_v4_stable"/>
  </testsuite>
  <testsuite name="tables-safety-enrollment01" timestamp="2024-11-15T10:06:03Z" hostname="ed78ec6f17c9" tests="4" skipped="0" failures="0" errors="0" time="2.253">
    <testcase time="0.714000000000006" classname="tables_safety_enrollment01" name="tables_safety_enrollment01.qmd_result_v1_stable"/>
    <testcase time="0.539999999999999" classname="tables_safety_enrollment01" name="tables_safety_enrollment01.qmd_result_v2_stable"/>
    <testcase time="0.524000000000001" classname="tables_safety_enrollment01" name="tables_safety_enrollment01.qmd_result_v3_stable"/>
    <testcase time="0.474999999999994" classname="tables_safety_enrollment01" name="tables_safety_enrollment01.qmd_result_v4_stable"/>
  </testsuite>
  <testsuite name="tables-vital-signs-vst01" timestamp="2024-11-15T10:06:05Z" hostname="ed78ec6f17c9" tests="1" skipped="0" failures="0" errors="0" time="0.339">
    <testcase time="0.339000000000006" classname="tables_vital_signs_vst01" name="tables_vital_signs_vst01.qmd_result_v1_stable"/>
  </testsuite>
  <testsuite name="tables-vital-signs-vst02" timestamp="2024-11-15T10:06:05Z" hostname="ed78ec6f17c9" tests="2" skipped="0" failures="0" errors="0" time="0.273">
    <testcase time="0.146000000000001" classname="tables_vital_signs_vst02" name="tables_vital_signs_vst02.qmd_result_v1_stable"/>
    <testcase time="0.126999999999995" classname="tables_vital_signs_vst02" name="tables_vital_signs_vst02.qmd_result_v2_stable"/>
  </testsuite>
</testsuites>
