<?xml version="1.0" encoding="UTF-8"?>
<testsuites>
  <testsuite name="graphs-efficacy-fstg01" timestamp="2024-12-01T09:22:58Z" hostname="4225a347993b" tests="7" skipped="7" failures="0" errors="0" time="2.497">
    <testcase time="2.332" classname="graphs_efficacy_fstg01" name="graphs_efficacy_fstg01.qmd_width_development">
      <skipped message="Reason: Snapshot test is not implemented for object of class: numeric. ('test-graphs-efficacy-fstg01.R:1:1')"/>
    </testcase>
    <testcase time="0.073" classname="graphs_efficacy_fstg01" name="graphs_efficacy_fstg01.qmd_height_development">
      <skipped message="Reason: Snapshot test is not implemented for object of class: numeric. ('test-graphs-efficacy-fstg01.R:1:1')"/>
    </testcase>
    <testcase time="0.0330000000000004" classname="graphs_efficacy_fstg01" name="graphs_efficacy_fstg01.qmd_plot_v1_development">
      <skipped message="Reason: Snapshot test is not implemented for object of class: gg, ggplot. ('test-graphs-efficacy-fstg01.R:1:1')"/>
    </testcase>
    <testcase time="0.0149999999999997" classname="graphs_efficacy_fstg01" name="graphs_efficacy_fstg01.qmd_plot_v2_development">
      <skipped message="Reason: Snapshot test is not implemented for object of class: gg, ggplot. ('test-graphs-efficacy-fstg01.R:1:1')"/>
    </testcase>
    <testcase time="0.0150000000000001" classname="graphs_efficacy_fstg01" name="graphs_efficacy_fstg01.qmd_plot_v3_development">
      <skipped message="Reason: Snapshot test is not implemented for object of class: gg, ggplot. ('test-graphs-efficacy-fstg01.R:1:1')"/>
    </testcase>
    <testcase time="0.0150000000000001" classname="graphs_efficacy_fstg01" name="graphs_efficacy_fstg01.qmd_plot_v4_development">
      <skipped message="Reason: Snapshot test is not implemented for object of class: gg, ggplot. ('test-graphs-efficacy-fstg01.R:1:1')"/>
    </testcase>
    <testcase time="0.0139999999999998" classname="graphs_efficacy_fstg01" name="graphs_efficacy_fstg01.qmd_plot_v5_development">
      <skipped message="Reason: Snapshot test is not implemented for object of class: gg, ggplot. ('test-graphs-efficacy-fstg01.R:1:1')"/>
    </testcase>
  </testsuite>
  <testsuite name="graphs-efficacy-fstg02" timestamp="2024-12-01T09:22:58Z" hostname="4225a347993b" tests="7" skipped="7" failures="0" errors="0" time="0.531">
    <testcase time="0.442" classname="graphs_efficacy_fstg02" name="graphs_efficacy_fstg02.qmd_width_development">
      <skipped message="Reason: Snapshot test is not implemented for object of class: numeric. ('test-graphs-efficacy-fstg02.R:1:1')"/>
    </testcase>
    <testcase time="0.0150000000000001" classname="graphs_efficacy_fstg02" name="graphs_efficacy_fstg02.qmd_height_development">
      <skipped message="Reason: Snapshot test is not implemented for object of class: numeric. ('test-graphs-efficacy-fstg02.R:1:1')"/>
    </testcase>
    <testcase time="0.0149999999999997" classname="graphs_efficacy_fstg02" name="graphs_efficacy_fstg02.qmd_plot_v1_development">
      <skipped message="Reason: Snapshot test is not implemented for object of class: gg, ggplot. ('test-graphs-efficacy-fstg02.R:1:1')"/>
    </testcase>
    <testcase time="0.0150000000000001" classname="graphs_efficacy_fstg02" name="graphs_efficacy_fstg02.qmd_plot_v2_development">
      <skipped message="Reason: Snapshot test is not implemented for object of class: gg, ggplot. ('test-graphs-efficacy-fstg02.R:1:1')"/>
    </testcase>
    <testcase time="0.0140000000000002" classname="graphs_efficacy_fstg02" name="graphs_efficacy_fstg02.qmd_plot_v3_development">
      <skipped message="Reason: Snapshot test is not implemented for object of class: gg, ggplot. ('test-graphs-efficacy-fstg02.R:1:1')"/>
    </testcase>
    <testcase time="0.0149999999999997" classname="graphs_efficacy_fstg02" name="graphs_efficacy_fstg02.qmd_plot_v4_development">
      <skipped message="Reason: Snapshot test is not implemented for object of class: gg, ggplot. ('test-graphs-efficacy-fstg02.R:1:1')"/>
    </testcase>
    <testcase time="0.0150000000000001" classname="graphs_efficacy_fstg02" name="graphs_efficacy_fstg02.qmd_plot_v3.width_development">
      <skipped message="Reason: Snapshot test is not implemented for object of class: numeric. ('test-graphs-efficacy-fstg02.R:1:1')"/>
    </testcase>
  </testsuite>
  <testsuite name="graphs-efficacy-kmg01" timestamp="2024-12-01T09:22:59Z" hostname="4225a347993b" tests="8" skipped="8" failures="0" errors="0" time="0.906">
    <testcase time="0.825" classname="graphs_efficacy_kmg01" name="graphs_efficacy_kmg01.qmd_width_development">
      <skipped message="Reason: Snapshot test is not implemented for object of class: numeric. ('test-graphs-efficacy-kmg01.R:1:1')"/>
    </testcase>
    <testcase time="0.0119999999999996" classname="graphs_efficacy_kmg01" name="graphs_efficacy_kmg01.qmd_height_development">
      <skipped message="Reason: Snapshot test is not implemented for object of class: numeric. ('test-graphs-efficacy-kmg01.R:1:1')"/>
    </testcase>
    <testcase time="0.0120000000000005" classname="graphs_efficacy_kmg01" name="graphs_efficacy_kmg01.qmd_plot_v1_development">
      <skipped message="Reason: Snapshot test is not implemented for object of class: gg, ggplot. ('test-graphs-efficacy-kmg01.R:1:1')"/>
    </testcase>
    <testcase time="0.0119999999999996" classname="graphs_efficacy_kmg01" name="graphs_efficacy_kmg01.qmd_plot_v2_development">
      <skipped message="Reason: Snapshot test is not implemented for object of class: gg, ggplot. ('test-graphs-efficacy-kmg01.R:1:1')"/>
    </testcase>
    <testcase time="0.0110000000000001" classname="graphs_efficacy_kmg01" name="graphs_efficacy_kmg01.qmd_plot_v3_development">
      <skipped message="Reason: Snapshot test is not implemented for object of class: gg, ggplot. ('test-graphs-efficacy-kmg01.R:1:1')"/>
    </testcase>
    <testcase time="0.0120000000000005" classname="graphs_efficacy_kmg01" name="graphs_efficacy_kmg01.qmd_plot_v4_development">
      <skipped message="Reason: Snapshot test is not implemented for object of class: gg, ggplot. ('test-graphs-efficacy-kmg01.R:1:1')"/>
    </testcase>
    <testcase time="0.0109999999999992" classname="graphs_efficacy_kmg01" name="graphs_efficacy_kmg01.qmd_plot_v5_development">
      <skipped message="Reason: Snapshot test is not implemented for object of class: gg, ggplot. ('test-graphs-efficacy-kmg01.R:1:1')"/>
    </testcase>
    <testcase time="0.0110000000000001" classname="graphs_efficacy_kmg01" name="graphs_efficacy_kmg01.qmd_plot_v6_development">
      <skipped message="Reason: Snapshot test is not implemented for object of class: gg, ggplot. ('test-graphs-efficacy-kmg01.R:1:1')"/>
    </testcase>
  </testsuite>
  <testsuite name="graphs-efficacy-mmrmg01" timestamp="2024-12-01T09:23:00Z" hostname="4225a347993b" tests="6" skipped="6" failures="0" errors="0" time="0.564">
    <testcase time="0.499000000000001" classname="graphs_efficacy_mmrmg01" name="graphs_efficacy_mmrmg01.qmd_plot_v1_development">
      <skipped message="Reason: Snapshot test is not implemented for object of class: gg, ggplot. ('test-graphs-efficacy-mmrmg01.R:1:1')"/>
    </testcase>
    <testcase time="0.0129999999999999" classname="graphs_efficacy_mmrmg01" name="graphs_efficacy_mmrmg01.qmd_plot_v2_development">
      <skipped message="Reason: Snapshot test is not implemented for object of class: gg, ggplot. ('test-graphs-efficacy-mmrmg01.R:1:1')"/>
    </testcase>
    <testcase time="0.0129999999999999" classname="graphs_efficacy_mmrmg01" name="graphs_efficacy_mmrmg01.qmd_plot_v3_development">
      <skipped message="Reason: Snapshot test is not implemented for object of class: gg, ggplot. ('test-graphs-efficacy-mmrmg01.R:1:1')"/>
    </testcase>
    <testcase time="0.0129999999999999" classname="graphs_efficacy_mmrmg01" name="graphs_efficacy_mmrmg01.qmd_plot_v4_development">
      <skipped message="Reason: Snapshot test is not implemented for object of class: gg, ggplot. ('test-graphs-efficacy-mmrmg01.R:1:1')"/>
    </testcase>
    <testcase time="0.0129999999999999" classname="graphs_efficacy_mmrmg01" name="graphs_efficacy_mmrmg01.qmd_plot_v5_development">
      <skipped message="Reason: Snapshot test is not implemented for object of class: gg, ggplot. ('test-graphs-efficacy-mmrmg01.R:1:1')"/>
    </testcase>
    <testcase time="0.0129999999999999" classname="graphs_efficacy_mmrmg01" name="graphs_efficacy_mmrmg01.qmd_plot_v6_development">
      <skipped message="Reason: Snapshot test is not implemented for object of class: gg, ggplot. ('test-graphs-efficacy-mmrmg01.R:1:1')"/>
    </testcase>
  </testsuite>
  <testsuite name="graphs-efficacy-mmrmg02" timestamp="2024-12-01T09:23:00Z" hostname="4225a347993b" tests="3" skipped="3" failures="0" errors="0" time="0.152">
    <testcase time="0.126" classname="graphs_efficacy_mmrmg02" name="graphs_efficacy_mmrmg02.qmd_width_development">
      <skipped message="Reason: Snapshot test is not implemented for object of class: numeric. ('test-graphs-efficacy-mmrmg02.R:1:1')"/>
    </testcase>
    <testcase time="0.0129999999999999" classname="graphs_efficacy_mmrmg02" name="graphs_efficacy_mmrmg02.qmd_plot_v1_development">
      <skipped message="Reason: Snapshot test is not implemented for object of class: gg, ggplot. ('test-graphs-efficacy-mmrmg02.R:1:1')"/>
    </testcase>
    <testcase time="0.0129999999999999" classname="graphs_efficacy_mmrmg02" name="graphs_efficacy_mmrmg02.qmd_plot_v2_development">
      <skipped message="Reason: Snapshot test is not implemented for object of class: gg, ggplot. ('test-graphs-efficacy-mmrmg02.R:1:1')"/>
    </testcase>
  </testsuite>
  <testsuite name="graphs-other-brg01" timestamp="2024-12-01T09:23:01Z" hostname="4225a347993b" tests="9" skipped="9" failures="0" errors="0" time="0.477">
    <testcase time="0.385" classname="graphs_other_brg01" name="graphs_other_brg01.qmd_plot_v1_development">
      <skipped message="Reason: Snapshot test is not implemented for object of class: gg, ggplot. ('test-graphs-other-brg01.R:1:1')"/>
    </testcase>
    <testcase time="0.0120000000000005" classname="graphs_other_brg01" name="graphs_other_brg01.qmd_plot_v2_development">
      <skipped message="Reason: Snapshot test is not implemented for object of class: gg, ggplot. ('test-graphs-other-brg01.R:1:1')"/>
    </testcase>
    <testcase time="0.0109999999999992" classname="graphs_other_brg01" name="graphs_other_brg01.qmd_plot_v3_development">
      <skipped message="Reason: Snapshot test is not implemented for object of class: gg, ggplot. ('test-graphs-other-brg01.R:1:1')"/>
    </testcase>
    <testcase time="0.0120000000000005" classname="graphs_other_brg01" name="graphs_other_brg01.qmd_plot_v4_development">
      <skipped message="Reason: Snapshot test is not implemented for object of class: gg, ggplot. ('test-graphs-other-brg01.R:1:1')"/>
    </testcase>
    <testcase time="0.0110000000000001" classname="graphs_other_brg01" name="graphs_other_brg01.qmd_plot_v5_development">
      <skipped message="Reason: Snapshot test is not implemented for object of class: gg, ggplot. ('test-graphs-other-brg01.R:1:1')"/>
    </testcase>
    <testcase time="0.0110000000000001" classname="graphs_other_brg01" name="graphs_other_brg01.qmd_plot_v6_development">
      <skipped message="Reason: Snapshot test is not implemented for object of class: gg, ggplot. ('test-graphs-other-brg01.R:1:1')"/>
    </testcase>
    <testcase time="0.0119999999999996" classname="graphs_other_brg01" name="graphs_other_brg01.qmd_plot_v7_development">
      <skipped message="Reason: Snapshot test is not implemented for object of class: gg, ggplot. ('test-graphs-other-brg01.R:1:1')"/>
    </testcase>
    <testcase time="0.0120000000000005" classname="graphs_other_brg01" name="graphs_other_brg01.qmd_plot_v8_development">
      <skipped message="Reason: Snapshot test is not implemented for object of class: gg, ggplot. ('test-graphs-other-brg01.R:1:1')"/>
    </testcase>
    <testcase time="0.0109999999999992" classname="graphs_other_brg01" name="graphs_other_brg01.qmd_plot_v9_development">
      <skipped message="Reason: Snapshot test is not implemented for object of class: gg, ggplot. ('test-graphs-other-brg01.R:1:1')"/>
    </testcase>
  </testsuite>
  <testsuite name="graphs-other-bwg01" timestamp="2024-12-01T09:23:01Z" hostname="4225a347993b" tests="9" skipped="9" failures="0" errors="0" time="0.655">
    <testcase time="0.565" classname="graphs_other_bwg01" name="graphs_other_bwg01.qmd_plot_v1_development">
      <skipped message="Reason: Snapshot test is not implemented for object of class: gg, ggplot. ('test-graphs-other-bwg01.R:1:1')"/>
    </testcase>
    <testcase time="0.0119999999999996" classname="graphs_other_bwg01" name="graphs_other_bwg01.qmd_plot_v2_development">
      <skipped message="Reason: Snapshot test is not implemented for object of class: gg, ggplot. ('test-graphs-other-bwg01.R:1:1')"/>
    </testcase>
    <testcase time="0.0110000000000001" classname="graphs_other_bwg01" name="graphs_other_bwg01.qmd_plot_v3_development">
      <skipped message="Reason: Snapshot test is not implemented for object of class: gg, ggplot. ('test-graphs-other-bwg01.R:1:1')"/>
    </testcase>
    <testcase time="0.0120000000000005" classname="graphs_other_bwg01" name="graphs_other_bwg01.qmd_plot_v4_development">
      <skipped message="Reason: Snapshot test is not implemented for object of class: gg, ggplot. ('test-graphs-other-bwg01.R:1:1')"/>
    </testcase>
    <testcase time="0.0110000000000001" classname="graphs_other_bwg01" name="graphs_other_bwg01.qmd_plot_v5_development">
      <skipped message="Reason: Snapshot test is not implemented for object of class: gg, ggplot. ('test-graphs-other-bwg01.R:1:1')"/>
    </testcase>
    <testcase time="0.0110000000000001" classname="graphs_other_bwg01" name="graphs_other_bwg01.qmd_plot_v6_development">
      <skipped message="Reason: Snapshot test is not implemented for object of class: gg, ggplot. ('test-graphs-other-bwg01.R:1:1')"/>
    </testcase>
    <testcase time="0.0109999999999992" classname="graphs_other_bwg01" name="graphs_other_bwg01.qmd_plot_v7_development">
      <skipped message="Reason: Snapshot test is not implemented for object of class: gg, ggplot. ('test-graphs-other-bwg01.R:1:1')"/>
    </testcase>
    <testcase time="0.0110000000000001" classname="graphs_other_bwg01" name="graphs_other_bwg01.qmd_plot_v8_development">
      <skipped message="Reason: Snapshot test is not implemented for object of class: gg, ggplot. ('test-graphs-other-bwg01.R:1:1')"/>
    </testcase>
    <testcase time="0.0110000000000001" classname="graphs_other_bwg01" name="graphs_other_bwg01.qmd_plot_v9_development">
      <skipped message="Reason: Snapshot test is not implemented for object of class: gg, ggplot. ('test-graphs-other-bwg01.R:1:1')"/>
    </testcase>
  </testsuite>
  <testsuite name="graphs-other-cig01" timestamp="2024-12-01T09:23:01Z" hostname="4225a347993b" tests="5" skipped="4" failures="0" errors="0" time="0.222">
    <testcase time="0.183" classname="graphs_other_cig01" name="graphs_other_cig01.qmd_table_v6_development"/>
    <testcase time="0.00399999999999956" classname="graphs_other_cig01" name="graphs_other_cig01.qmd_plot_v1_and_v2_development">
      <skipped message="Reason: Snapshot test is not implemented for object of class: gg, ggplot. ('test-graphs-other-cig01.R:1:1')"/>
    </testcase>
    <testcase time="0.0120000000000005" classname="graphs_other_cig01" name="graphs_other_cig01.qmd_plot_v3_development">
      <skipped message="Reason: Snapshot test is not implemented for object of class: gg, ggplot. ('test-graphs-other-cig01.R:1:1')"/>
    </testcase>
    <testcase time="0.0110000000000001" classname="graphs_other_cig01" name="graphs_other_cig01.qmd_plot_v4_development">
      <skipped message="Reason: Snapshot test is not implemented for object of class: gg, ggplot. ('test-graphs-other-cig01.R:1:1')"/>
    </testcase>
    <testcase time="0.0119999999999996" classname="graphs_other_cig01" name="graphs_other_cig01.qmd_plot_v5_development">
      <skipped message="Reason: Snapshot test is not implemented for object of class: gg, ggplot. ('test-graphs-other-cig01.R:1:1')"/>
    </testcase>
  </testsuite>
  <testsuite name="graphs-other-ippg01" timestamp="2024-12-01T09:23:02Z" hostname="4225a347993b" tests="2" skipped="2" failures="0" errors="0" time="0.046">
    <testcase time="0.0350000000000001" classname="graphs_other_ippg01" name="graphs_other_ippg01.qmd_plots_v1_development">
      <skipped message="Reason: Snapshot test is not implemented for object of class: list. ('test-graphs-other-ippg01.R:1:1')"/>
    </testcase>
    <testcase time="0.0110000000000001" classname="graphs_other_ippg01" name="graphs_other_ippg01.qmd_plots_v2_development">
      <skipped message="Reason: Snapshot test is not implemented for object of class: list. ('test-graphs-other-ippg01.R:1:1')"/>
    </testcase>
  </testsuite>
  <testsuite name="graphs-other-ltg01" timestamp="2024-12-01T09:23:02Z" hostname="4225a347993b" tests="7" skipped="7" failures="0" errors="0" time="0.163">
    <testcase time="0.0940000000000003" classname="graphs_other_ltg01" name="graphs_other_ltg01.qmd_plot_v1_development">
      <skipped message="Reason: Snapshot test is not implemented for object of class: gg, ggplot. ('test-graphs-other-ltg01.R:1:1')"/>
    </testcase>
    <testcase time="0.0119999999999996" classname="graphs_other_ltg01" name="graphs_other_ltg01.qmd_plot_v2_development">
      <skipped message="Reason: Snapshot test is not implemented for object of class: gg, ggplot. ('test-graphs-other-ltg01.R:1:1')"/>
    </testcase>
    <testcase time="0.0110000000000001" classname="graphs_other_ltg01" name="graphs_other_ltg01.qmd_plot_v3_development">
      <skipped message="Reason: Snapshot test is not implemented for object of class: gg, ggplot. ('test-graphs-other-ltg01.R:1:1')"/>
    </testcase>
    <testcase time="0.0120000000000005" classname="graphs_other_ltg01" name="graphs_other_ltg01.qmd_plot_v4_development">
      <skipped message="Reason: Snapshot test is not implemented for object of class: gg, ggplot. ('test-graphs-other-ltg01.R:1:1')"/>
    </testcase>
    <testcase time="0.0109999999999992" classname="graphs_other_ltg01" name="graphs_other_ltg01.qmd_plot_v51_development">
      <skipped message="Reason: Snapshot test is not implemented for object of class: gg, ggplot. ('test-graphs-other-ltg01.R:1:1')"/>
    </testcase>
    <testcase time="0.0120000000000005" classname="graphs_other_ltg01" name="graphs_other_ltg01.qmd_plot_v52_development">
      <skipped message="Reason: Snapshot test is not implemented for object of class: gg, ggplot. ('test-graphs-other-ltg01.R:1:1')"/>
    </testcase>
    <testcase time="0.0110000000000001" classname="graphs_other_ltg01" name="graphs_other_ltg01.qmd_plot_v53_development">
      <skipped message="Reason: Snapshot test is not implemented for object of class: gg, ggplot. ('test-graphs-other-ltg01.R:1:1')"/>
    </testcase>
  </testsuite>
  <testsuite name="graphs-other-mng01" timestamp="2024-12-01T09:23:02Z" hostname="4225a347993b" tests="7" skipped="7" failures="0" errors="0" time="0.213">
    <testcase time="0.145" classname="graphs_other_mng01" name="graphs_other_mng01.qmd_plot_v1_development">
      <skipped message="Reason: Snapshot test is not implemented for object of class: gg, ggplot. ('test-graphs-other-mng01.R:1:1')"/>
    </testcase>
    <testcase time="0.0120000000000005" classname="graphs_other_mng01" name="graphs_other_mng01.qmd_plot_v2_development">
      <skipped message="Reason: Snapshot test is not implemented for object of class: gg, ggplot. ('test-graphs-other-mng01.R:1:1')"/>
    </testcase>
    <testcase time="0.0110000000000001" classname="graphs_other_mng01" name="graphs_other_mng01.qmd_plot_v3_development">
      <skipped message="Reason: Snapshot test is not implemented for object of class: gg, ggplot. ('test-graphs-other-mng01.R:1:1')"/>
    </testcase>
    <testcase time="0.0109999999999992" classname="graphs_other_mng01" name="graphs_other_mng01.qmd_plot_v4_development">
      <skipped message="Reason: Snapshot test is not implemented for object of class: gg, ggplot. ('test-graphs-other-mng01.R:1:1')"/>
    </testcase>
    <testcase time="0.0120000000000005" classname="graphs_other_mng01" name="graphs_other_mng01.qmd_plot_v5_development">
      <skipped message="Reason: Snapshot test is not implemented for object of class: gg, ggplot. ('test-graphs-other-mng01.R:1:1')"/>
    </testcase>
    <testcase time="0.0110000000000001" classname="graphs_other_mng01" name="graphs_other_mng01.qmd_plot_v6_development">
      <skipped message="Reason: Snapshot test is not implemented for object of class: gg, ggplot. ('test-graphs-other-mng01.R:1:1')"/>
    </testcase>
    <testcase time="0.0110000000000001" classname="graphs_other_mng01" name="graphs_other_mng01.qmd_plot_v7_development">
      <skipped message="Reason: Snapshot test is not implemented for object of class: gg, ggplot. ('test-graphs-other-mng01.R:1:1')"/>
    </testcase>
  </testsuite>
  <testsuite name="graphs-pharmacokinetic-pkcg01" timestamp="2024-12-01T09:23:02Z" hostname="4225a347993b" tests="2" skipped="2" failures="0" errors="0" time="0.046">
    <testcase time="0.0329999999999995" classname="graphs_pharmacokinetic_pkcg01" name="graphs_pharmacokinetic_pkcg01.qmd_plot_v1_development">
      <skipped message="Reason: Snapshot test is not implemented for object of class: gg, ggplot. ('test-graphs-pharmacokinetic-pkcg01.R:1:1')"/>
    </testcase>
    <testcase time="0.0129999999999999" classname="graphs_pharmacokinetic_pkcg01" name="graphs_pharmacokinetic_pkcg01.qmd_plot_v2_development">
      <skipped message="Reason: Snapshot test is not implemented for object of class: gg, ggplot. ('test-graphs-pharmacokinetic-pkcg01.R:1:1')"/>
    </testcase>
  </testsuite>
  <testsuite name="graphs-pharmacokinetic-pkcg02" timestamp="2024-12-01T09:23:02Z" hostname="4225a347993b" tests="2" skipped="2" failures="0" errors="0" time="0.047">
    <testcase time="0.0350000000000001" classname="graphs_pharmacokinetic_pkcg02" name="graphs_pharmacokinetic_pkcg02.qmd_plot_v1_development">
      <skipped message="Reason: Snapshot test is not implemented for object of class: gg, ggplot. ('test-graphs-pharmacokinetic-pkcg02.R:1:1')"/>
    </testcase>
    <testcase time="0.0120000000000005" classname="graphs_pharmacokinetic_pkcg02" name="graphs_pharmacokinetic_pkcg02.qmd_plot_v2_development">
      <skipped message="Reason: Snapshot test is not implemented for object of class: gg, ggplot. ('test-graphs-pharmacokinetic-pkcg02.R:1:1')"/>
    </testcase>
  </testsuite>
  <testsuite name="graphs-pharmacokinetic-pkcg03" timestamp="2024-12-01T09:23:02Z" hostname="4225a347993b" tests="2" skipped="2" failures="0" errors="0" time="0.066">
    <testcase time="0.0539999999999994" classname="graphs_pharmacokinetic_pkcg03" name="graphs_pharmacokinetic_pkcg03.qmd_plot_v1_development">
      <skipped message="Reason: Snapshot test is not implemented for object of class: gg, ggplot. ('test-graphs-pharmacokinetic-pkcg03.R:1:1')"/>
    </testcase>
    <testcase time="0.0120000000000005" classname="graphs_pharmacokinetic_pkcg03" name="graphs_pharmacokinetic_pkcg03.qmd_plot_v2_development">
      <skipped message="Reason: Snapshot test is not implemented for object of class: gg, ggplot. ('test-graphs-pharmacokinetic-pkcg03.R:1:1')"/>
    </testcase>
  </testsuite>
  <testsuite name="graphs-pharmacokinetic-pkpg01" timestamp="2024-12-01T09:23:02Z" hostname="4225a347993b" tests="2" skipped="2" failures="0" errors="0" time="0.063">
    <testcase time="0.0519999999999996" classname="graphs_pharmacokinetic_pkpg01" name="graphs_pharmacokinetic_pkpg01.qmd_plot_v1_development">
      <skipped message="Reason: Snapshot test is not implemented for object of class: gg, ggplot. ('test-graphs-pharmacokinetic-pkpg01.R:1:1')"/>
    </testcase>
    <testcase time="0.0110000000000001" classname="graphs_pharmacokinetic_pkpg01" name="graphs_pharmacokinetic_pkpg01.qmd_plot_v2_development">
      <skipped message="Reason: Snapshot test is not implemented for object of class: gg, ggplot. ('test-graphs-pharmacokinetic-pkpg01.R:1:1')"/>
    </testcase>
  </testsuite>
  <testsuite name="graphs-pharmacokinetic-pkpg02" timestamp="2024-12-01T09:23:02Z" hostname="4225a347993b" tests="2" skipped="2" failures="0" errors="0" time="0.071">
    <testcase time="0.0599999999999996" classname="graphs_pharmacokinetic_pkpg02" name="graphs_pharmacokinetic_pkpg02.qmd_plot_v1_development">
      <skipped message="Reason: Snapshot test is not implemented for object of class: gg, ggplot. ('test-graphs-pharmacokinetic-pkpg02.R:1:1')"/>
    </testcase>
    <testcase time="0.0110000000000001" classname="graphs_pharmacokinetic_pkpg02" name="graphs_pharmacokinetic_pkpg02.qmd_plot_v2_development">
      <skipped message="Reason: Snapshot test is not implemented for object of class: gg, ggplot. ('test-graphs-pharmacokinetic-pkpg02.R:1:1')"/>
    </testcase>
  </testsuite>
  <testsuite name="graphs-pharmacokinetic-pkpg03" timestamp="2024-12-01T09:23:02Z" hostname="4225a347993b" tests="1" skipped="1" failures="0" errors="0" time="0.054">
    <testcase time="0.0540000000000003" classname="graphs_pharmacokinetic_pkpg03" name="graphs_pharmacokinetic_pkpg03.qmd_plot_v1_development">
      <skipped message="Reason: Snapshot test is not implemented for object of class: gg, ggplot. ('test-graphs-pharmacokinetic-pkpg03.R:1:1')"/>
    </testcase>
  </testsuite>
  <testsuite name="graphs-pharmacokinetic-pkpg04" timestamp="2024-12-01T09:23:02Z" hostname="4225a347993b" tests="1" skipped="1" failures="0" errors="0" time="0.052">
    <testcase time="0.0519999999999996" classname="graphs_pharmacokinetic_pkpg04" name="graphs_pharmacokinetic_pkpg04.qmd_plot_v1_development">
      <skipped message="Reason: Snapshot test is not implemented for object of class: gg, ggplot. ('test-graphs-pharmacokinetic-pkpg04.R:1:1')"/>
    </testcase>
  </testsuite>
  <testsuite name="graphs-pharmacokinetic-pkpg06" timestamp="2024-12-01T09:23:02Z" hostname="4225a347993b" tests="4" skipped="4" failures="0" errors="0" time="0.07">
    <testcase time="0.0360000000000005" classname="graphs_pharmacokinetic_pkpg06" name="graphs_pharmacokinetic_pkpg06.qmd_plot_v1_development">
      <skipped message="Reason: Snapshot test is not implemented for object of class: gg, ggplot. ('test-graphs-pharmacokinetic-pkpg06.R:1:1')"/>
    </testcase>
    <testcase time="0.0119999999999996" classname="graphs_pharmacokinetic_pkpg06" name="graphs_pharmacokinetic_pkpg06.qmd_plot_v2_development">
      <skipped message="Reason: Snapshot test is not implemented for object of class: gg, ggplot. ('test-graphs-pharmacokinetic-pkpg06.R:1:1')"/>
    </testcase>
    <testcase time="0.0110000000000001" classname="graphs_pharmacokinetic_pkpg06" name="graphs_pharmacokinetic_pkpg06.qmd_plot_v3_development">
      <skipped message="Reason: Snapshot test is not implemented for object of class: gg, ggplot. ('test-graphs-pharmacokinetic-pkpg06.R:1:1')"/>
    </testcase>
    <testcase time="0.0110000000000001" classname="graphs_pharmacokinetic_pkpg06" name="graphs_pharmacokinetic_pkpg06.qmd_plot_v4_development">
      <skipped message="Reason: Snapshot test is not implemented for object of class: gg, ggplot. ('test-graphs-pharmacokinetic-pkpg06.R:1:1')"/>
    </testcase>
  </testsuite>
  <testsuite name="listings-ADA-adal02" timestamp="2024-12-01T09:23:02Z" hostname="4225a347993b" tests="1" skipped="0" failures="0" errors="0" time="0.064">
    <testcase time="0.0640000000000001" classname="listings_ADA_adal02" name="listings_ADA_adal02.qmd_lsting_development"/>
  </testsuite>
  <testsuite name="listings-ECG-egl01" timestamp="2024-12-01T09:23:02Z" hostname="4225a347993b" tests="1" skipped="0" failures="0" errors="0" time="0.055">
    <testcase time="0.0549999999999997" classname="listings_ECG_egl01" name="listings_ECG_egl01.qmd_lsting_development"/>
  </testsuite>
  <testsuite name="listings-adverse-events-ael01" timestamp="2024-12-01T09:23:03Z" hostname="4225a347993b" tests="1" skipped="0" failures="0" errors="0" time="0.039">
    <testcase time="0.0390000000000006" classname="listings_adverse_events_ael01" name="listings_adverse_events_ael01.qmd_lsting_development"/>
  </testsuite>
  <testsuite name="listings-adverse-events-ael01_nollt" timestamp="2024-12-01T09:23:03Z" hostname="4225a347993b" tests="1" skipped="0" failures="0" errors="0" time="0.036">
    <testcase time="0.0359999999999996" classname="listings_adverse_events_ael01_nollt" name="listings_adverse_events_ael01_nollt.qmd_lsting_development"/>
  </testsuite>
  <testsuite name="listings-adverse-events-ael02" timestamp="2024-12-01T09:23:03Z" hostname="4225a347993b" tests="1" skipped="0" failures="0" errors="0" time="0.083">
    <testcase time="0.0830000000000002" classname="listings_adverse_events_ael02" name="listings_adverse_events_ael02.qmd_lsting_development"/>
  </testsuite>
  <testsuite name="listings-adverse-events-ael02_ed" timestamp="2024-12-01T09:23:03Z" hostname="4225a347993b" tests="1" skipped="0" failures="0" errors="0" time="0.061">
    <testcase time="0.0609999999999999" classname="listings_adverse_events_ael02_ed" name="listings_adverse_events_ael02_ed.qmd_lsting_development"/>
  </testsuite>
  <testsuite name="listings-adverse-events-ael03" timestamp="2024-12-01T09:23:03Z" hostname="4225a347993b" tests="1" skipped="0" failures="1" errors="0" time="0.126">
    <testcase time="0.125999999999999" classname="listings_adverse_events_ael03" name="listings_adverse_events_ael03.qmd_lsting_development">
      <failure type="failure" message="Snapshot of code has changed (variant 'development'): ('test-listings-adverse-events-ael03.R:1:1')">Snapshot of code has changed (variant 'development'):
old[16:22] vs new[16:22]
    10 A: Drug X  BRA-1/id-93  34/F/ASIAN                     dcd D.1.1.1.1
       Date_First ASTDY Duration AESEV    Related Outcome Treated Action SERREAS
       &lt;chr&gt;      &lt;int&gt;    &lt;dbl&gt; &lt;fct&gt;    &lt;chr&gt;     &lt;dbl&gt; &lt;chr&gt;    &lt;dbl&gt; &lt;chr&gt;  
-    1 04NOV2020    321      149 MODERATE No            5 Yes          2 4      
+    1 04NOV2020    321      149 MODERATE No            5 Yes          2 4, 5   
     2 04NOV2020    393       43 MODERATE No            5 No           5 5      
     3 01JAN2020     64      630 SEVERE   Yes           1 No           6 1      
     4 01JAN2020    160      259 MODERATE No            2 Yes          2 4      

* Run `testthat::snapshot_accept('development/listings-adverse-events-ael03')` to accept the change.
* Run `testthat::snapshot_review('development/listings-adverse-events-ael03')` to interactively review the change.</failure>
    </testcase>
  </testsuite>
  <testsuite name="listings-adverse-events-ael04" timestamp="2024-12-01T09:23:03Z" hostname="4225a347993b" tests="1" skipped="0" failures="0" errors="0" time="0.053">
    <testcase time="0.0530000000000008" classname="listings_adverse_events_ael04" name="listings_adverse_events_ael04.qmd_lsting_development"/>
  </testsuite>
  <testsuite name="listings-concomitant-medications-cml01" timestamp="2024-12-01T09:23:03Z" hostname="4225a347993b" tests="1" skipped="0" failures="0" errors="0" time="0.062">
    <testcase time="0.0619999999999994" classname="listings_concomitant_medications_cml01" name="listings_concomitant_medications_cml01.qmd_lsting_development"/>
  </testsuite>
  <testsuite name="listings-concomitant-medications-cml02a_gl" timestamp="2024-12-01T09:23:03Z" hostname="4225a347993b" tests="1" skipped="0" failures="0" errors="0" time="0.037">
    <testcase time="0.0369999999999999" classname="listings_concomitant_medications_cml02a_gl" name="listings_concomitant_medications_cml02a_gl.qmd_lsting_development"/>
  </testsuite>
  <testsuite name="listings-concomitant-medications-cml02b_gl" timestamp="2024-12-01T09:23:03Z" hostname="4225a347993b" tests="1" skipped="0" failures="0" errors="0" time="0.04">
    <testcase time="0.04" classname="listings_concomitant_medications_cml02b_gl" name="listings_concomitant_medications_cml02b_gl.qmd_lsting_development"/>
  </testsuite>
  <testsuite name="listings-development-safety-update-report-dsur4" timestamp="2024-12-01T09:23:03Z" hostname="4225a347993b" tests="1" skipped="0" failures="0" errors="0" time="0.036">
    <testcase time="0.0360000000000005" classname="listings_development_safety_update_report_dsur4" name="listings_development_safety_update_report_dsur4.qmd_lsting_development"/>
  </testsuite>
  <testsuite name="listings-disposition-dsl01" timestamp="2024-12-01T09:23:03Z" hostname="4225a347993b" tests="1" skipped="0" failures="0" errors="0" time="0.043">
    <testcase time="0.0430000000000001" classname="listings_disposition_dsl01" name="listings_disposition_dsl01.qmd_lsting_development"/>
  </testsuite>
  <testsuite name="listings-disposition-dsl02" timestamp="2024-12-01T09:23:03Z" hostname="4225a347993b" tests="1" skipped="0" failures="0" errors="0" time="0.071">
    <testcase time="0.0709999999999988" classname="listings_disposition_dsl02" name="listings_disposition_dsl02.qmd_lsting_development"/>
  </testsuite>
  <testsuite name="listings-efficacy-oncl01" timestamp="2024-12-01T09:23:03Z" hostname="4225a347993b" tests="1" skipped="0" failures="0" errors="0" time="0.059">
    <testcase time="0.0590000000000011" classname="listings_efficacy_oncl01" name="listings_efficacy_oncl01.qmd_lsting_development"/>
  </testsuite>
  <testsuite name="listings-exposure-exl01" timestamp="2024-12-01T09:23:03Z" hostname="4225a347993b" tests="1" skipped="0" failures="0" errors="0" time="0.056">
    <testcase time="0.0559999999999992" classname="listings_exposure_exl01" name="listings_exposure_exl01.qmd_lsting_development"/>
  </testsuite>
  <testsuite name="listings-lab-results-lbl01" timestamp="2024-12-01T09:23:03Z" hostname="4225a347993b" tests="1" skipped="0" failures="0" errors="0" time="0.048">
    <testcase time="0.048" classname="listings_lab_results_lbl01" name="listings_lab_results_lbl01.qmd_lsting_development"/>
  </testsuite>
  <testsuite name="listings-lab-results-lbl01_rls" timestamp="2024-12-01T09:23:03Z" hostname="4225a347993b" tests="1" skipped="0" failures="0" errors="0" time="0.048">
    <testcase time="0.048" classname="listings_lab_results_lbl01_rls" name="listings_lab_results_lbl01_rls.qmd_lsting_development"/>
  </testsuite>
  <testsuite name="listings-lab-results-lbl02a" timestamp="2024-12-01T09:23:03Z" hostname="4225a347993b" tests="1" skipped="0" failures="0" errors="0" time="0.05">
    <testcase time="0.0500000000000007" classname="listings_lab_results_lbl02a" name="listings_lab_results_lbl02a.qmd_lsting_development"/>
  </testsuite>
  <testsuite name="listings-lab-results-lbl02a_rls" timestamp="2024-12-01T09:23:03Z" hostname="4225a347993b" tests="1" skipped="0" failures="0" errors="0" time="0.062">
    <testcase time="0.0619999999999994" classname="listings_lab_results_lbl02a_rls" name="listings_lab_results_lbl02a_rls.qmd_lsting_development"/>
  </testsuite>
  <testsuite name="listings-lab-results-lbl02b" timestamp="2024-12-01T09:23:04Z" hostname="4225a347993b" tests="1" skipped="0" failures="0" errors="0" time="0.051">
    <testcase time="0.0510000000000002" classname="listings_lab_results_lbl02b" name="listings_lab_results_lbl02b.qmd_lsting_development"/>
  </testsuite>
  <testsuite name="listings-medical-history-mhl01" timestamp="2024-12-01T09:23:04Z" hostname="4225a347993b" tests="1" skipped="0" failures="0" errors="0" time="0.053">
    <testcase time="0.0530000000000008" classname="listings_medical_history_mhl01" name="listings_medical_history_mhl01.qmd_lsting_development"/>
  </testsuite>
  <testsuite name="listings-pharmacokinetic-pkcl01" timestamp="2024-12-01T09:23:04Z" hostname="4225a347993b" tests="1" skipped="0" failures="0" errors="0" time="0.045">
    <testcase time="0.0449999999999999" classname="listings_pharmacokinetic_pkcl01" name="listings_pharmacokinetic_pkcl01.qmd_lsting_development"/>
  </testsuite>
  <testsuite name="listings-pharmacokinetic-pkcl02" timestamp="2024-12-01T09:23:04Z" hostname="4225a347993b" tests="1" skipped="0" failures="0" errors="0" time="0.064">
    <testcase time="0.0640000000000001" classname="listings_pharmacokinetic_pkcl02" name="listings_pharmacokinetic_pkcl02.qmd_lsting_development"/>
  </testsuite>
  <testsuite name="listings-pharmacokinetic-pkpl01" timestamp="2024-12-01T09:23:04Z" hostname="4225a347993b" tests="1" skipped="0" failures="0" errors="0" time="0.052">
    <testcase time="0.0519999999999996" classname="listings_pharmacokinetic_pkpl01" name="listings_pharmacokinetic_pkpl01.qmd_lsting_development"/>
  </testsuite>
  <testsuite name="listings-pharmacokinetic-pkpl02" timestamp="2024-12-01T09:23:04Z" hostname="4225a347993b" tests="1" skipped="0" failures="0" errors="0" time="0.05">
    <testcase time="0.0500000000000007" classname="listings_pharmacokinetic_pkpl02" name="listings_pharmacokinetic_pkpl02.qmd_lsting_development"/>
  </testsuite>
  <testsuite name="listings-pharmacokinetic-pkpl04" timestamp="2024-12-01T09:23:04Z" hostname="4225a347993b" tests="1" skipped="0" failures="0" errors="0" time="0.05">
    <testcase time="0.0499999999999989" classname="listings_pharmacokinetic_pkpl04" name="listings_pharmacokinetic_pkpl04.qmd_lsting_development"/>
  </testsuite>
  <testsuite name="listings-vital-signs-vsl01" timestamp="2024-12-01T09:23:04Z" hostname="4225a347993b" tests="1" skipped="0" failures="0" errors="0" time="0.069">
    <testcase time="0.0690000000000008" classname="listings_vital_signs_vsl01" name="listings_vital_signs_vsl01.qmd_lsting_development"/>
  </testsuite>
  <testsuite name="tables-ADA-adat01" timestamp="2024-12-01T09:23:04Z" hostname="4225a347993b" tests="1" skipped="0" failures="0" errors="0" time="0.209">
    <testcase time="0.209" classname="tables_ADA_adat01" name="tables_ADA_adat01.qmd_result_v1_development"/>
  </testsuite>
  <testsuite name="tables-ADA-adat02" timestamp="2024-12-01T09:23:04Z" hostname="4225a347993b" tests="1" skipped="0" failures="0" errors="0" time="0.08">
    <testcase time="0.0800000000000001" classname="tables_ADA_adat02" name="tables_ADA_adat02.qmd_result_v1_development"/>
  </testsuite>
  <testsuite name="tables-ADA-adat03" timestamp="2024-12-01T09:23:04Z" hostname="4225a347993b" tests="1" skipped="0" failures="0" errors="0" time="0.35">
    <testcase time="0.35" classname="tables_ADA_adat03" name="tables_ADA_adat03.qmd_result_v1_development"/>
  </testsuite>
  <testsuite name="tables-ADA-adat04a" timestamp="2024-12-01T09:23:05Z" hostname="4225a347993b" tests="1" skipped="0" failures="0" errors="0" time="0.199">
    <testcase time="0.199" classname="tables_ADA_adat04a" name="tables_ADA_adat04a.qmd_result_v1_development"/>
  </testsuite>
  <testsuite name="tables-ADA-adat04b" timestamp="2024-12-01T09:23:05Z" hostname="4225a347993b" tests="1" skipped="0" failures="0" errors="0" time="0.134">
    <testcase time="0.134" classname="tables_ADA_adat04b" name="tables_ADA_adat04b.qmd_result_v1_development"/>
  </testsuite>
  <testsuite name="tables-ECG-egt01" timestamp="2024-12-01T09:23:05Z" hostname="4225a347993b" tests="1" skipped="0" failures="0" errors="0" time="0.571">
    <testcase time="0.571" classname="tables_ECG_egt01" name="tables_ECG_egt01.qmd_result_v1_development"/>
  </testsuite>
  <testsuite name="tables-ECG-egt02" timestamp="2024-12-01T09:23:05Z" hostname="4225a347993b" tests="2" skipped="0" failures="0" errors="0" time="0.175">
    <testcase time="0.093" classname="tables_ECG_egt02" name="tables_ECG_egt02.qmd_result_v1_development"/>
    <testcase time="0.0820000000000007" classname="tables_ECG_egt02" name="tables_ECG_egt02.qmd_result_v2_development"/>
  </testsuite>
  <testsuite name="tables-ECG-egt03" timestamp="2024-12-01T09:23:07Z" hostname="4225a347993b" tests="2" skipped="0" failures="0" errors="0" time="1.635">
    <testcase time="1.519" classname="tables_ECG_egt03" name="tables_ECG_egt03.qmd_result_v1_development"/>
    <testcase time="0.116" classname="tables_ECG_egt03" name="tables_ECG_egt03.qmd_result_v2_development"/>
  </testsuite>
  <testsuite name="tables-ECG-egt04" timestamp="2024-12-01T09:23:07Z" hostname="4225a347993b" tests="1" skipped="0" failures="0" errors="0" time="0.177">
    <testcase time="0.177" classname="tables_ECG_egt04" name="tables_ECG_egt04.qmd_result_v1_development"/>
  </testsuite>
  <testsuite name="tables-ECG-egt05_qtcat" timestamp="2024-12-01T09:23:07Z" hostname="4225a347993b" tests="1" skipped="0" failures="0" errors="0" time="0.305">
    <testcase time="0.305000000000001" classname="tables_ECG_egt05_qtcat" name="tables_ECG_egt05_qtcat.qmd_result_v1_development"/>
  </testsuite>
  <testsuite name="tables-adverse-events-aet01" timestamp="2024-12-01T09:23:08Z" hostname="4225a347993b" tests="4" skipped="0" failures="0" errors="0" time="0.503">
    <testcase time="0.141" classname="tables_adverse_events_aet01" name="tables_adverse_events_aet01.qmd_result_v1_development"/>
    <testcase time="0.123999999999999" classname="tables_adverse_events_aet01" name="tables_adverse_events_aet01.qmd_result_v2_development"/>
    <testcase time="0.110000000000001" classname="tables_adverse_events_aet01" name="tables_adverse_events_aet01.qmd_result_v3_development"/>
    <testcase time="0.127999999999998" classname="tables_adverse_events_aet01" name="tables_adverse_events_aet01.qmd_result_v4_development"/>
  </testsuite>
  <testsuite name="tables-adverse-events-aet01_aesi" timestamp="2024-12-01T09:23:08Z" hostname="4225a347993b" tests="4" skipped="0" failures="0" errors="0" time="0.682">
    <testcase time="0.151000000000002" classname="tables_adverse_events_aet01_aesi" name="tables_adverse_events_aet01_aesi.qmd_result_v1_development"/>
    <testcase time="0.152999999999999" classname="tables_adverse_events_aet01_aesi" name="tables_adverse_events_aet01_aesi.qmd_result_v2_development"/>
    <testcase time="0.218" classname="tables_adverse_events_aet01_aesi" name="tables_adverse_events_aet01_aesi.qmd_result_v3_development"/>
    <testcase time="0.16" classname="tables_adverse_events_aet01_aesi" name="tables_adverse_events_aet01_aesi.qmd_result_v4_development"/>
  </testsuite>
  <testsuite name="tables-adverse-events-aet02" timestamp="2024-12-01T09:23:09Z" hostname="4225a347993b" tests="13" skipped="0" failures="0" errors="0" time="1.957">
    <testcase time="0.326000000000001" classname="tables_adverse_events_aet02" name="tables_adverse_events_aet02.qmd_result_v1_development"/>
    <testcase time="0.179" classname="tables_adverse_events_aet02" name="tables_adverse_events_aet02.qmd_result_v2_development"/>
    <testcase time="0.187999999999999" classname="tables_adverse_events_aet02" name="tables_adverse_events_aet02.qmd_result_v3_development"/>
    <testcase time="0.262" classname="tables_adverse_events_aet02" name="tables_adverse_events_aet02.qmd_result_v4_development"/>
    <testcase time="0.0920000000000005" classname="tables_adverse_events_aet02" name="tables_adverse_events_aet02.qmd_result_v5_development"/>
    <testcase time="0.161" classname="tables_adverse_events_aet02" name="tables_adverse_events_aet02.qmd_result_v6_development"/>
    <testcase time="0.112" classname="tables_adverse_events_aet02" name="tables_adverse_events_aet02.qmd_result_v7_development"/>
    <testcase time="0.135" classname="tables_adverse_events_aet02" name="tables_adverse_events_aet02.qmd_result_v8_development"/>
    <testcase time="0.107000000000001" classname="tables_adverse_events_aet02" name="tables_adverse_events_aet02.qmd_result_v9_development"/>
    <testcase time="0.107999999999999" classname="tables_adverse_events_aet02" name="tables_adverse_events_aet02.qmd_result_v10_development"/>
    <testcase time="0.093" classname="tables_adverse_events_aet02" name="tables_adverse_events_aet02.qmd_result_v11_development"/>
    <testcase time="0.106" classname="tables_adverse_events_aet02" name="tables_adverse_events_aet02.qmd_result_v12_development"/>
    <testcase time="0.088000000000001" classname="tables_adverse_events_aet02" name="tables_adverse_events_aet02.qmd_result_v13_development"/>
  </testsuite>
  <testsuite name="tables-adverse-events-aet02_smq" timestamp="2024-12-01T09:23:11Z" hostname="4225a347993b" tests="2" skipped="0" failures="0" errors="0" time="0.194">
    <testcase time="0.0869999999999997" classname="tables_adverse_events_aet02_smq" name="tables_adverse_events_aet02_smq.qmd_result_v1_development"/>
    <testcase time="0.106999999999999" classname="tables_adverse_events_aet02_smq" name="tables_adverse_events_aet02_smq.qmd_result_v2_development"/>
  </testsuite>
  <testsuite name="tables-adverse-events-aet03" timestamp="2024-12-01T09:23:11Z" hostname="4225a347993b" tests="1" skipped="0" failures="0" errors="0" time="0.342">
    <testcase time="0.341999999999999" classname="tables_adverse_events_aet03" name="tables_adverse_events_aet03.qmd_result_v1_development"/>
  </testsuite>
  <testsuite name="tables-adverse-events-aet04" timestamp="2024-12-01T09:23:12Z" hostname="4225a347993b" tests="8" skipped="0" failures="0" errors="0" time="3.818">
    <testcase time="0.648" classname="tables_adverse_events_aet04" name="tables_adverse_events_aet04.qmd_result_v1_development"/>
    <testcase time="0.683" classname="tables_adverse_events_aet04" name="tables_adverse_events_aet04.qmd_result_v2_development"/>
    <testcase time="0.716000000000001" classname="tables_adverse_events_aet04" name="tables_adverse_events_aet04.qmd_result_v3_development"/>
    <testcase time="0.363" classname="tables_adverse_events_aet04" name="tables_adverse_events_aet04.qmd_result_v4_development"/>
    <testcase time="0.355" classname="tables_adverse_events_aet04" name="tables_adverse_events_aet04.qmd_result_v6_development"/>
    <testcase time="0.353000000000002" classname="tables_adverse_events_aet04" name="tables_adverse_events_aet04.qmd_result_v8_development"/>
    <testcase time="0.349999999999998" classname="tables_adverse_events_aet04" name="tables_adverse_events_aet04.qmd_result_v9_development"/>
    <testcase time="0.350000000000001" classname="tables_adverse_events_aet04" name="tables_adverse_events_aet04.qmd_result_v11_development"/>
  </testsuite>
  <testsuite name="tables-adverse-events-aet04_pi" timestamp="2024-12-01T09:23:16Z" hostname="4225a347993b" tests="8" skipped="0" failures="0" errors="0" time="1.693">
    <testcase time="0.721" classname="tables_adverse_events_aet04_pi" name="tables_adverse_events_aet04_pi.qmd_result_v1_development"/>
    <testcase time="0.119" classname="tables_adverse_events_aet04_pi" name="tables_adverse_events_aet04_pi.qmd_result_v2_development"/>
    <testcase time="0.135999999999999" classname="tables_adverse_events_aet04_pi" name="tables_adverse_events_aet04_pi.qmd_result_v3_development"/>
    <testcase time="0.100999999999999" classname="tables_adverse_events_aet04_pi" name="tables_adverse_events_aet04_pi.qmd_result_v4_development"/>
    <testcase time="0.156000000000002" classname="tables_adverse_events_aet04_pi" name="tables_adverse_events_aet04_pi.qmd_result_v5_development"/>
    <testcase time="0.154999999999998" classname="tables_adverse_events_aet04_pi" name="tables_adverse_events_aet04_pi.qmd_result_v6_development"/>
    <testcase time="0.153000000000002" classname="tables_adverse_events_aet04_pi" name="tables_adverse_events_aet04_pi.qmd_result_v7_development"/>
    <testcase time="0.151999999999997" classname="tables_adverse_events_aet04_pi" name="tables_adverse_events_aet04_pi.qmd_result_v8_development"/>
  </testsuite>
  <testsuite name="tables-adverse-events-aet05" timestamp="2024-12-01T09:23:17Z" hostname="4225a347993b" tests="2" skipped="0" failures="0" errors="0" time="0.138">
    <testcase time="0.0710000000000015" classname="tables_adverse_events_aet05" name="tables_adverse_events_aet05.qmd_result_v1_development"/>
    <testcase time="0.0670000000000002" classname="tables_adverse_events_aet05" name="tables_adverse_events_aet05.qmd_result_v2_development"/>
  </testsuite>
  <testsuite name="tables-adverse-events-aet05_all" timestamp="2024-12-01T09:23:17Z" hostname="4225a347993b" tests="2" skipped="0" failures="0" errors="0" time="0.143">
    <testcase time="0.0779999999999994" classname="tables_adverse_events_aet05_all" name="tables_adverse_events_aet05_all.qmd_result_v1_development"/>
    <testcase time="0.0650000000000013" classname="tables_adverse_events_aet05_all" name="tables_adverse_events_aet05_all.qmd_result_v2_development"/>
  </testsuite>
  <testsuite name="tables-adverse-events-aet06" timestamp="2024-12-01T09:23:17Z" hostname="4225a347993b" tests="5" skipped="0" failures="0" errors="0" time="1.877">
    <testcase time="0.602" classname="tables_adverse_events_aet06" name="tables_adverse_events_aet06.qmd_result_v1_development"/>
    <testcase time="0.300000000000001" classname="tables_adverse_events_aet06" name="tables_adverse_events_aet06.qmd_result_v2_development"/>
    <testcase time="0.358999999999998" classname="tables_adverse_events_aet06" name="tables_adverse_events_aet06.qmd_result_v3_development"/>
    <testcase time="0.248000000000001" classname="tables_adverse_events_aet06" name="tables_adverse_events_aet06.qmd_result_v4_development"/>
    <testcase time="0.367999999999999" classname="tables_adverse_events_aet06" name="tables_adverse_events_aet06.qmd_result_v5_development"/>
  </testsuite>
  <testsuite name="tables-adverse-events-aet06_smq" timestamp="2024-12-01T09:23:19Z" hostname="4225a347993b" tests="3" skipped="0" failures="0" errors="0" time="0.43">
    <testcase time="0.16" classname="tables_adverse_events_aet06_smq" name="tables_adverse_events_aet06_smq.qmd_result_v1_development"/>
    <testcase time="0.143000000000001" classname="tables_adverse_events_aet06_smq" name="tables_adverse_events_aet06_smq.qmd_result_v2_development"/>
    <testcase time="0.126999999999999" classname="tables_adverse_events_aet06_smq" name="tables_adverse_events_aet06_smq.qmd_result_v3_development"/>
  </testsuite>
  <testsuite name="tables-adverse-events-aet07" timestamp="2024-12-01T09:23:20Z" hostname="4225a347993b" tests="2" skipped="0" failures="0" errors="0" time="0.137">
    <testcase time="0.0700000000000003" classname="tables_adverse_events_aet07" name="tables_adverse_events_aet07.qmd_result_v1_development"/>
    <testcase time="0.0670000000000002" classname="tables_adverse_events_aet07" name="tables_adverse_events_aet07.qmd_result_v2_development"/>
  </testsuite>
  <testsuite name="tables-adverse-events-aet09" timestamp="2024-12-01T09:23:20Z" hostname="4225a347993b" tests="2" skipped="0" failures="0" errors="0" time="0.393">
    <testcase time="0.196000000000002" classname="tables_adverse_events_aet09" name="tables_adverse_events_aet09.qmd_result_v1_development"/>
    <testcase time="0.196999999999999" classname="tables_adverse_events_aet09" name="tables_adverse_events_aet09.qmd_result_v2_development"/>
  </testsuite>
  <testsuite name="tables-adverse-events-aet09_smq" timestamp="2024-12-01T09:23:20Z" hostname="4225a347993b" tests="2" skipped="0" failures="0" errors="0" time="0.193">
    <testcase time="0.0910000000000011" classname="tables_adverse_events_aet09_smq" name="tables_adverse_events_aet09_smq.qmd_result_v1_development"/>
    <testcase time="0.101999999999997" classname="tables_adverse_events_aet09_smq" name="tables_adverse_events_aet09_smq.qmd_result_v2_development"/>
  </testsuite>
  <testsuite name="tables-adverse-events-aet10" timestamp="2024-12-01T09:23:20Z" hostname="4225a347993b" tests="2" skipped="0" failures="0" errors="0" time="0.246">
    <testcase time="0.145000000000003" classname="tables_adverse_events_aet10" name="tables_adverse_events_aet10.qmd_result_v1_development"/>
    <testcase time="0.100999999999999" classname="tables_adverse_events_aet10" name="tables_adverse_events_aet10.qmd_result_v2_development"/>
  </testsuite>
  <testsuite name="tables-concomitant-medications-cmt01" timestamp="2024-12-01T09:23:21Z" hostname="4225a347993b" tests="4" skipped="0" failures="0" errors="0" time="0.505">
    <testcase time="0.155999999999999" classname="tables_concomitant_medications_cmt01" name="tables_concomitant_medications_cmt01.qmd_result_v1_development"/>
    <testcase time="0.102" classname="tables_concomitant_medications_cmt01" name="tables_concomitant_medications_cmt01.qmd_result_v2_development"/>
    <testcase time="0.103999999999999" classname="tables_concomitant_medications_cmt01" name="tables_concomitant_medications_cmt01.qmd_result_v3_development"/>
    <testcase time="0.143000000000001" classname="tables_concomitant_medications_cmt01" name="tables_concomitant_medications_cmt01.qmd_result_v4_development"/>
  </testsuite>
  <testsuite name="tables-concomitant-medications-cmt01a" timestamp="2024-12-01T09:23:21Z" hostname="4225a347993b" tests="4" skipped="0" failures="0" errors="0" time="0.843">
    <testcase time="0.256" classname="tables_concomitant_medications_cmt01a" name="tables_concomitant_medications_cmt01a.qmd_result_v1_development"/>
    <testcase time="0.202000000000002" classname="tables_concomitant_medications_cmt01a" name="tables_concomitant_medications_cmt01a.qmd_result_v2_development"/>
    <testcase time="0.210999999999999" classname="tables_concomitant_medications_cmt01a" name="tables_concomitant_medications_cmt01a.qmd_result_v3_development"/>
    <testcase time="0.173999999999999" classname="tables_concomitant_medications_cmt01a" name="tables_concomitant_medications_cmt01a.qmd_result_v4_development"/>
  </testsuite>
  <testsuite name="tables-concomitant-medications-cmt01b" timestamp="2024-12-01T09:23:22Z" hostname="4225a347993b" tests="3" skipped="0" failures="0" errors="0" time="0.961">
    <testcase time="0.394000000000002" classname="tables_concomitant_medications_cmt01b" name="tables_concomitant_medications_cmt01b.qmd_result_v1_development"/>
    <testcase time="0.238999999999997" classname="tables_concomitant_medications_cmt01b" name="tables_concomitant_medications_cmt01b.qmd_result_v2_development"/>
    <testcase time="0.328000000000003" classname="tables_concomitant_medications_cmt01b" name="tables_concomitant_medications_cmt01b.qmd_result_v4_development"/>
  </testsuite>
  <testsuite name="tables-concomitant-medications-cmt02_pt" timestamp="2024-12-01T09:23:23Z" hostname="4225a347993b" tests="1" skipped="0" failures="0" errors="0" time="0.104">
    <testcase time="0.103999999999999" classname="tables_concomitant_medications_cmt02_pt" name="tables_concomitant_medications_cmt02_pt.qmd_result_v1_development"/>
  </testsuite>
  <testsuite name="tables-deaths-dtht01" timestamp="2024-12-01T09:23:23Z" hostname="4225a347993b" tests="4" skipped="0" failures="0" errors="0" time="0.74">
    <testcase time="0.218999999999998" classname="tables_deaths_dtht01" name="tables_deaths_dtht01.qmd_result_v1_development"/>
    <testcase time="0.186" classname="tables_deaths_dtht01" name="tables_deaths_dtht01.qmd_result_v2_development"/>
    <testcase time="0.188000000000002" classname="tables_deaths_dtht01" name="tables_deaths_dtht01.qmd_result_v3_development"/>
    <testcase time="0.146999999999998" classname="tables_deaths_dtht01" name="tables_deaths_dtht01.qmd_result_v4_development"/>
  </testsuite>
  <testsuite name="tables-demography-dmt01" timestamp="2024-12-01T09:23:24Z" hostname="4225a347993b" tests="5" skipped="0" failures="0" errors="0" time="0.937">
    <testcase time="0.259" classname="tables_demography_dmt01" name="tables_demography_dmt01.qmd_result_v1_development"/>
    <testcase time="0.186999999999998" classname="tables_demography_dmt01" name="tables_demography_dmt01.qmd_result_v2_development"/>
    <testcase time="0.185000000000002" classname="tables_demography_dmt01" name="tables_demography_dmt01.qmd_result_v3_development"/>
    <testcase time="0.155999999999999" classname="tables_demography_dmt01" name="tables_demography_dmt01.qmd_result_v4_development"/>
    <testcase time="0.150000000000002" classname="tables_demography_dmt01" name="tables_demography_dmt01.qmd_result_v5_development"/>
  </testsuite>
  <testsuite name="tables-disclosures-disclosurest01" timestamp="2024-12-01T09:23:25Z" hostname="4225a347993b" tests="6" skipped="0" failures="0" errors="0" time="0.844">
    <testcase time="0.189999999999998" classname="tables_disclosures_disclosurest01" name="tables_disclosures_disclosurest01.qmd_result_v1_development"/>
    <testcase time="0.189" classname="tables_disclosures_disclosurest01" name="tables_disclosures_disclosurest01.qmd_result_v2_development"/>
    <testcase time="0.112000000000002" classname="tables_disclosures_disclosurest01" name="tables_disclosures_disclosurest01.qmd_result_v3_development"/>
    <testcase time="0.169" classname="tables_disclosures_disclosurest01" name="tables_disclosures_disclosurest01.qmd_result_v4_development"/>
    <testcase time="0.111999999999998" classname="tables_disclosures_disclosurest01" name="tables_disclosures_disclosurest01.qmd_result_v5_development"/>
    <testcase time="0.0719999999999992" classname="tables_disclosures_disclosurest01" name="tables_disclosures_disclosurest01.qmd_result_v6_development"/>
  </testsuite>
  <testsuite name="tables-disclosures-eudrat01" timestamp="2024-12-01T09:23:25Z" hostname="4225a347993b" tests="1" skipped="0" failures="0" errors="0" time="0.178">
    <testcase time="0.178000000000001" classname="tables_disclosures_eudrat01" name="tables_disclosures_eudrat01.qmd_result_v1_development"/>
  </testsuite>
  <testsuite name="tables-disclosures-eudrat02" timestamp="2024-12-01T09:23:26Z" hostname="4225a347993b" tests="1" skipped="0" failures="0" errors="0" time="0.129">
    <testcase time="0.129000000000001" classname="tables_disclosures_eudrat02" name="tables_disclosures_eudrat02.qmd_result_v1_development"/>
  </testsuite>
  <testsuite name="tables-disposition-dst01" timestamp="2024-12-01T09:23:26Z" hostname="4225a347993b" tests="3" skipped="0" failures="0" errors="0" time="0.457">
    <testcase time="0.201999999999998" classname="tables_disposition_dst01" name="tables_disposition_dst01.qmd_result_v1_development"/>
    <testcase time="0.122" classname="tables_disposition_dst01" name="tables_disposition_dst01.qmd_result_v2_development"/>
    <testcase time="0.132999999999999" classname="tables_disposition_dst01" name="tables_disposition_dst01.qmd_result_v3_development"/>
  </testsuite>
  <testsuite name="tables-disposition-pdt01" timestamp="2024-12-01T09:23:26Z" hostname="4225a347993b" tests="1" skipped="0" failures="0" errors="0" time="0.186">
    <testcase time="0.186" classname="tables_disposition_pdt01" name="tables_disposition_pdt01.qmd_result_v1_development"/>
  </testsuite>
  <testsuite name="tables-disposition-pdt02" timestamp="2024-12-01T09:23:26Z" hostname="4225a347993b" tests="1" skipped="0" failures="0" errors="0" time="0.095">
    <testcase time="0.0949999999999989" classname="tables_disposition_pdt02" name="tables_disposition_pdt02.qmd_result_v1_development"/>
  </testsuite>
  <testsuite name="tables-efficacy-aovt01" timestamp="2024-12-01T09:23:27Z" hostname="4225a347993b" tests="1" skipped="0" failures="0" errors="0" time="0.919">
    <testcase time="0.919000000000004" classname="tables_efficacy_aovt01" name="tables_efficacy_aovt01.qmd_result_v1_development"/>
  </testsuite>
  <testsuite name="tables-efficacy-aovt02" timestamp="2024-12-01T09:23:28Z" hostname="4225a347993b" tests="1" skipped="0" failures="0" errors="0" time="0.386">
    <testcase time="0.385999999999996" classname="tables_efficacy_aovt02" name="tables_efficacy_aovt02.qmd_result_v1_development"/>
  </testsuite>
  <testsuite name="tables-efficacy-aovt03" timestamp="2024-12-01T09:23:29Z" hostname="4225a347993b" tests="1" skipped="0" failures="0" errors="0" time="0.963">
    <testcase time="0.963000000000001" classname="tables_efficacy_aovt03" name="tables_efficacy_aovt03.qmd_result_v1_development"/>
  </testsuite>
  <testsuite name="tables-efficacy-cfbt01" timestamp="2024-12-01T09:23:29Z" hostname="4225a347993b" tests="1" skipped="0" failures="0" errors="0" time="0.233">
    <testcase time="0.233000000000004" classname="tables_efficacy_cfbt01" name="tables_efficacy_cfbt01.qmd_result_v1_development"/>
  </testsuite>
  <testsuite name="tables-efficacy-cmht01" timestamp="2024-12-01T09:23:31Z" hostname="4225a347993b" tests="2" skipped="0" failures="0" errors="0" time="2.459">
    <testcase time="1.955" classname="tables_efficacy_cmht01" name="tables_efficacy_cmht01.qmd_result_v1_development"/>
    <testcase time="0.503999999999998" classname="tables_efficacy_cmht01" name="tables_efficacy_cmht01.qmd_result_v2_development"/>
  </testsuite>
  <testsuite name="tables-efficacy-coxt01" timestamp="2024-12-01T09:23:32Z" hostname="4225a347993b" tests="4" skipped="0" failures="0" errors="0" time="0.526">
    <testcase time="0.146000000000001" classname="tables_efficacy_coxt01" name="tables_efficacy_coxt01.qmd_result_v1_development"/>
    <testcase time="0.106000000000002" classname="tables_efficacy_coxt01" name="tables_efficacy_coxt01.qmd_result_v2_development"/>
    <testcase time="0.131" classname="tables_efficacy_coxt01" name="tables_efficacy_coxt01.qmd_result_v3_development"/>
    <testcase time="0.143000000000001" classname="tables_efficacy_coxt01" name="tables_efficacy_coxt01.qmd_result_v4_development"/>
  </testsuite>
  <testsuite name="tables-efficacy-coxt02" timestamp="2024-12-01T09:23:32Z" hostname="4225a347993b" tests="2" skipped="0" failures="0" errors="0" time="0.173">
    <testcase time="0.097999999999999" classname="tables_efficacy_coxt02" name="tables_efficacy_coxt02.qmd_result_v1_development"/>
    <testcase time="0.0749999999999957" classname="tables_efficacy_coxt02" name="tables_efficacy_coxt02.qmd_result_v2_development"/>
  </testsuite>
  <testsuite name="tables-efficacy-dort01" timestamp="2024-12-01T09:23:33Z" hostname="4225a347993b" tests="4" skipped="0" failures="0" errors="0" time="1.286">
    <testcase time="0.695" classname="tables_efficacy_dort01" name="tables_efficacy_dort01.qmd_result_v1_development"/>
    <testcase time="0.384" classname="tables_efficacy_dort01" name="tables_efficacy_dort01.qmd_result_v2_development"/>
    <testcase time="0.102000000000004" classname="tables_efficacy_dort01" name="tables_efficacy_dort01.qmd_result_v3_development"/>
    <testcase time="0.105000000000004" classname="tables_efficacy_dort01" name="tables_efficacy_dort01.qmd_result_v4_development"/>
  </testsuite>
  <testsuite name="tables-efficacy-lgrt02" timestamp="2024-12-01T09:23:34Z" hostname="4225a347993b" tests="4" skipped="0" failures="0" errors="0" time="0.73">
    <testcase time="0.209999999999994" classname="tables_efficacy_lgrt02" name="tables_efficacy_lgrt02.qmd_result_v1_development"/>
    <testcase time="0.206000000000003" classname="tables_efficacy_lgrt02" name="tables_efficacy_lgrt02.qmd_result_v2_development"/>
    <testcase time="0.143999999999998" classname="tables_efficacy_lgrt02" name="tables_efficacy_lgrt02.qmd_result_v3_development"/>
    <testcase time="0.170000000000002" classname="tables_efficacy_lgrt02" name="tables_efficacy_lgrt02.qmd_result_v4_development"/>
  </testsuite>
  <testsuite name="tables-efficacy-mmrmt01" timestamp="2024-12-01T09:23:34Z" hostname="4225a347993b" tests="4" skipped="0" failures="0" errors="0" time="0.664">
    <testcase time="0.222000000000001" classname="tables_efficacy_mmrmt01" name="tables_efficacy_mmrmt01.qmd_result_v1_development"/>
    <testcase time="0.0940000000000012" classname="tables_efficacy_mmrmt01" name="tables_efficacy_mmrmt01.qmd_result_v2_development"/>
    <testcase time="0.254999999999995" classname="tables_efficacy_mmrmt01" name="tables_efficacy_mmrmt01.qmd_result_v3_development"/>
    <testcase time="0.0929999999999964" classname="tables_efficacy_mmrmt01" name="tables_efficacy_mmrmt01.qmd_result_baseline_development"/>
  </testsuite>
  <testsuite name="tables-efficacy-onct05" timestamp="2024-12-01T09:23:35Z" hostname="4225a347993b" tests="4" skipped="0" failures="0" errors="0" time="0.678">
    <testcase time="0.267000000000003" classname="tables_efficacy_onct05" name="tables_efficacy_onct05.qmd_result_v1_development"/>
    <testcase time="0.134999999999998" classname="tables_efficacy_onct05" name="tables_efficacy_onct05.qmd_result_v2_development"/>
    <testcase time="0.139000000000003" classname="tables_efficacy_onct05" name="tables_efficacy_onct05.qmd_result_v3_development"/>
    <testcase time="0.136999999999993" classname="tables_efficacy_onct05" name="tables_efficacy_onct05.qmd_result_v4_development"/>
  </testsuite>
  <testsuite name="tables-efficacy-ratet01" timestamp="2024-12-01T09:23:36Z" hostname="4225a347993b" tests="1" skipped="0" failures="0" errors="0" time="0.276">
    <testcase time="0.276000000000003" classname="tables_efficacy_ratet01" name="tables_efficacy_ratet01.qmd_result_v1_development"/>
  </testsuite>
  <testsuite name="tables-efficacy-rspt01" timestamp="2024-12-01T09:23:36Z" hostname="4225a347993b" tests="6" skipped="0" failures="0" errors="0" time="1.114">
    <testcase time="0.478000000000002" classname="tables_efficacy_rspt01" name="tables_efficacy_rspt01.qmd_result_v1_development"/>
    <testcase time="0.113" classname="tables_efficacy_rspt01" name="tables_efficacy_rspt01.qmd_result_v2_development"/>
    <testcase time="0.116" classname="tables_efficacy_rspt01" name="tables_efficacy_rspt01.qmd_result_v3_development"/>
    <testcase time="0.134999999999998" classname="tables_efficacy_rspt01" name="tables_efficacy_rspt01.qmd_result_v4_development"/>
    <testcase time="0.116" classname="tables_efficacy_rspt01" name="tables_efficacy_rspt01.qmd_result_v5_development"/>
    <testcase time="0.155999999999999" classname="tables_efficacy_rspt01" name="tables_efficacy_rspt01.qmd_result_v6_development"/>
  </testsuite>
  <testsuite name="tables-efficacy-ttet01" timestamp="2024-12-01T09:23:38Z" hostname="4225a347993b" tests="6" skipped="0" failures="0" errors="0" time="2.002">
    <testcase time="1.235" classname="tables_efficacy_ttet01" name="tables_efficacy_ttet01.qmd_result_v1_development"/>
    <testcase time="0.167000000000002" classname="tables_efficacy_ttet01" name="tables_efficacy_ttet01.qmd_result_v2_development"/>
    <testcase time="0.141000000000005" classname="tables_efficacy_ttet01" name="tables_efficacy_ttet01.qmd_result_v3_development"/>
    <testcase time="0.156999999999996" classname="tables_efficacy_ttet01" name="tables_efficacy_ttet01.qmd_result_v4_development"/>
    <testcase time="0.151000000000003" classname="tables_efficacy_ttet01" name="tables_efficacy_ttet01.qmd_result_v5_development"/>
    <testcase time="0.150999999999996" classname="tables_efficacy_ttet01" name="tables_efficacy_ttet01.qmd_result_v6_development"/>
  </testsuite>
  <testsuite name="tables-exposure-ext01" timestamp="2024-12-01T09:23:39Z" hostname="4225a347993b" tests="3" skipped="0" failures="0" errors="0" time="0.689">
    <testcase time="0.238999999999997" classname="tables_exposure_ext01" name="tables_exposure_ext01.qmd_result_v1_development"/>
    <testcase time="0.208000000000006" classname="tables_exposure_ext01" name="tables_exposure_ext01.qmd_result_v2_development"/>
    <testcase time="0.241999999999997" classname="tables_exposure_ext01" name="tables_exposure_ext01.qmd_result_v3_development"/>
  </testsuite>
  <testsuite name="tables-lab-results-lbt01" timestamp="2024-12-01T09:23:40Z" hostname="4225a347993b" tests="1" skipped="0" failures="0" errors="0" time="0.253">
    <testcase time="0.253" classname="tables_lab_results_lbt01" name="tables_lab_results_lbt01.qmd_result_v1_development"/>
  </testsuite>
  <testsuite name="tables-lab-results-lbt02" timestamp="2024-12-01T09:23:40Z" hostname="4225a347993b" tests="1" skipped="0" failures="0" errors="0" time="0.19">
    <testcase time="0.189999999999998" classname="tables_lab_results_lbt02" name="tables_lab_results_lbt02.qmd_result_v1_development"/>
  </testsuite>
  <testsuite name="tables-lab-results-lbt03" timestamp="2024-12-01T09:23:40Z" hostname="4225a347993b" tests="2" skipped="0" failures="0" errors="0" time="0.325">
    <testcase time="0.164000000000001" classname="tables_lab_results_lbt03" name="tables_lab_results_lbt03.qmd_result_v1_development"/>
    <testcase time="0.161000000000001" classname="tables_lab_results_lbt03" name="tables_lab_results_lbt03.qmd_result_v2_development"/>
  </testsuite>
  <testsuite name="tables-lab-results-lbt04" timestamp="2024-12-01T09:23:40Z" hostname="4225a347993b" tests="1" skipped="0" failures="0" errors="0" time="0.091">
    <testcase time="0.0910000000000011" classname="tables_lab_results_lbt04" name="tables_lab_results_lbt04.qmd_result_v1_development"/>
  </testsuite>
  <testsuite name="tables-lab-results-lbt05" timestamp="2024-12-01T09:23:40Z" hostname="4225a347993b" tests="3" skipped="0" failures="0" errors="0" time="0.462">
    <testcase time="0.183999999999997" classname="tables_lab_results_lbt05" name="tables_lab_results_lbt05.qmd_result_v1_development"/>
    <testcase time="0.149000000000001" classname="tables_lab_results_lbt05" name="tables_lab_results_lbt05.qmd_result_v2_development"/>
    <testcase time="0.128999999999998" classname="tables_lab_results_lbt05" name="tables_lab_results_lbt05.qmd_result_v4_development"/>
  </testsuite>
  <testsuite name="tables-lab-results-lbt06" timestamp="2024-12-01T09:23:41Z" hostname="4225a347993b" tests="2" skipped="0" failures="0" errors="0" time="0.736">
    <testcase time="0.247" classname="tables_lab_results_lbt06" name="tables_lab_results_lbt06.qmd_result_v1_development"/>
    <testcase time="0.489000000000004" classname="tables_lab_results_lbt06" name="tables_lab_results_lbt06.qmd_result_v2_development"/>
  </testsuite>
  <testsuite name="tables-lab-results-lbt07" timestamp="2024-12-01T09:23:42Z" hostname="4225a347993b" tests="1" skipped="0" failures="0" errors="0" time="0.175">
    <testcase time="0.174999999999997" classname="tables_lab_results_lbt07" name="tables_lab_results_lbt07.qmd_result_v1_development"/>
  </testsuite>
  <testsuite name="tables-lab-results-lbt08" timestamp="2024-12-01T09:23:42Z" hostname="4225a347993b" tests="1" skipped="0" failures="0" errors="0" time="0.169">
    <testcase time="0.169000000000004" classname="tables_lab_results_lbt08" name="tables_lab_results_lbt08.qmd_result_v1_development"/>
  </testsuite>
  <testsuite name="tables-lab-results-lbt09" timestamp="2024-12-01T09:23:42Z" hostname="4225a347993b" tests="2" skipped="0" failures="0" errors="0" time="0.581">
    <testcase time="0.363999999999997" classname="tables_lab_results_lbt09" name="tables_lab_results_lbt09.qmd_result_v1_development"/>
    <testcase time="0.216999999999999" classname="tables_lab_results_lbt09" name="tables_lab_results_lbt09.qmd_result_v2_development"/>
  </testsuite>
  <testsuite name="tables-lab-results-lbt10" timestamp="2024-12-01T09:23:43Z" hostname="4225a347993b" tests="2" skipped="0" failures="0" errors="0" time="0.167">
    <testcase time="0.097999999999999" classname="tables_lab_results_lbt10" name="tables_lab_results_lbt10.qmd_result_v1_development"/>
    <testcase time="0.0690000000000026" classname="tables_lab_results_lbt10" name="tables_lab_results_lbt10.qmd_result_v2_development"/>
  </testsuite>
  <testsuite name="tables-lab-results-lbt10_bl" timestamp="2024-12-01T09:23:43Z" hostname="4225a347993b" tests="2" skipped="0" failures="0" errors="0" time="0.169">
    <testcase time="0.100999999999999" classname="tables_lab_results_lbt10_bl" name="tables_lab_results_lbt10_bl.qmd_result_v1_development"/>
    <testcase time="0.0679999999999978" classname="tables_lab_results_lbt10_bl" name="tables_lab_results_lbt10_bl.qmd_result_v2_development"/>
  </testsuite>
  <testsuite name="tables-lab-results-lbt11" timestamp="2024-12-01T09:23:43Z" hostname="4225a347993b" tests="3" skipped="0" failures="0" errors="0" time="0.551">
    <testcase time="0.337000000000003" classname="tables_lab_results_lbt11" name="tables_lab_results_lbt11.qmd_result_v1_development"/>
    <testcase time="0.0899999999999963" classname="tables_lab_results_lbt11" name="tables_lab_results_lbt11.qmd_result_v2_development"/>
    <testcase time="0.124000000000002" classname="tables_lab_results_lbt11" name="tables_lab_results_lbt11.qmd_result_v3_development"/>
  </testsuite>
  <testsuite name="tables-lab-results-lbt11_bl" timestamp="2024-12-01T09:23:44Z" hostname="4225a347993b" tests="3" skipped="0" failures="0" errors="0" time="0.742">
    <testcase time="0.372" classname="tables_lab_results_lbt11_bl" name="tables_lab_results_lbt11_bl.qmd_result_v1_development"/>
    <testcase time="0.125" classname="tables_lab_results_lbt11_bl" name="tables_lab_results_lbt11_bl.qmd_result_v2_development"/>
    <testcase time="0.244999999999997" classname="tables_lab_results_lbt11_bl" name="tables_lab_results_lbt11_bl.qmd_result_v3_development"/>
  </testsuite>
  <testsuite name="tables-lab-results-lbt12" timestamp="2024-12-01T09:23:44Z" hostname="4225a347993b" tests="1" skipped="0" failures="0" errors="0" time="0.113">
    <testcase time="0.113000000000007" classname="tables_lab_results_lbt12" name="tables_lab_results_lbt12.qmd_result_v1_development"/>
  </testsuite>
  <testsuite name="tables-lab-results-lbt12_bl" timestamp="2024-12-01T09:23:44Z" hostname="4225a347993b" tests="1" skipped="0" failures="0" errors="0" time="0.117">
    <testcase time="0.116999999999997" classname="tables_lab_results_lbt12_bl" name="tables_lab_results_lbt12_bl.qmd_result_v1_development"/>
  </testsuite>
  <testsuite name="tables-lab-results-lbt13" timestamp="2024-12-01T09:23:45Z" hostname="4225a347993b" tests="5" skipped="0" failures="0" errors="0" time="3.207">
    <testcase time="0.822000000000003" classname="tables_lab_results_lbt13" name="tables_lab_results_lbt13.qmd_result_v1_development"/>
    <testcase time="0.498999999999995" classname="tables_lab_results_lbt13" name="tables_lab_results_lbt13.qmd_result_v2_development"/>
    <testcase time="0.471000000000004" classname="tables_lab_results_lbt13" name="tables_lab_results_lbt13.qmd_result_v3_development"/>
    <testcase time="0.513999999999996" classname="tables_lab_results_lbt13" name="tables_lab_results_lbt13.qmd_result_v4_development"/>
    <testcase time="0.901000000000003" classname="tables_lab_results_lbt13" name="tables_lab_results_lbt13.qmd_result_v5_development"/>
  </testsuite>
  <testsuite name="tables-lab-results-lbt14" timestamp="2024-12-01T09:23:48Z" hostname="4225a347993b" tests="5" skipped="0" failures="0" errors="0" time="1.89">
    <testcase time="0.460000000000001" classname="tables_lab_results_lbt14" name="tables_lab_results_lbt14.qmd_result_v1_development"/>
    <testcase time="0.291999999999994" classname="tables_lab_results_lbt14" name="tables_lab_results_lbt14.qmd_result_v2_development"/>
    <testcase time="0.285000000000004" classname="tables_lab_results_lbt14" name="tables_lab_results_lbt14.qmd_result_v3_development"/>
    <testcase time="0.286999999999999" classname="tables_lab_results_lbt14" name="tables_lab_results_lbt14.qmd_result_v4_development"/>
    <testcase time="0.566000000000003" classname="tables_lab_results_lbt14" name="tables_lab_results_lbt14.qmd_result_v5_development"/>
  </testsuite>
  <testsuite name="tables-lab-results-lbt15" timestamp="2024-12-01T09:23:50Z" hostname="4225a347993b" tests="2" skipped="0" failures="0" errors="0" time="0.241">
    <testcase time="0.120999999999995" classname="tables_lab_results_lbt15" name="tables_lab_results_lbt15.qmd_result_v1_development"/>
    <testcase time="0.120000000000005" classname="tables_lab_results_lbt15" name="tables_lab_results_lbt15.qmd_result_v2_development"/>
  </testsuite>
  <testsuite name="tables-medical-history-mht01" timestamp="2024-12-01T09:23:50Z" hostname="4225a347993b" tests="4" skipped="0" failures="0" errors="0" time="0.564">
    <testcase time="0.177999999999997" classname="tables_medical_history_mht01" name="tables_medical_history_mht01.qmd_result_v1_development"/>
    <testcase time="0.0949999999999989" classname="tables_medical_history_mht01" name="tables_medical_history_mht01.qmd_result_v2_development"/>
    <testcase time="0.125" classname="tables_medical_history_mht01" name="tables_medical_history_mht01.qmd_result_v3_development"/>
    <testcase time="0.166000000000004" classname="tables_medical_history_mht01" name="tables_medical_history_mht01.qmd_result_v4_development"/>
  </testsuite>
  <testsuite name="tables-pharmacokinetic-pkct01" timestamp="2024-12-01T09:23:51Z" hostname="4225a347993b" tests="3" skipped="0" failures="0" errors="0" time="1.008">
    <testcase time="0.528999999999996" classname="tables_pharmacokinetic_pkct01" name="tables_pharmacokinetic_pkct01.qmd_result_v1_development"/>
    <testcase time="0.267000000000003" classname="tables_pharmacokinetic_pkct01" name="tables_pharmacokinetic_pkct01.qmd_result_v2_development"/>
    <testcase time="0.211999999999996" classname="tables_pharmacokinetic_pkct01" name="tables_pharmacokinetic_pkct01.qmd_result_v3_development"/>
  </testsuite>
  <testsuite name="tables-pharmacokinetic-pkpt02" timestamp="2024-12-01T09:23:51Z" hostname="4225a347993b" tests="2" skipped="0" failures="0" errors="0" time="0.278">
    <testcase time="0.164000000000001" classname="tables_pharmacokinetic_pkpt02" name="tables_pharmacokinetic_pkpt02.qmd_result_v1_development"/>
    <testcase time="0.114000000000004" classname="tables_pharmacokinetic_pkpt02" name="tables_pharmacokinetic_pkpt02.qmd_result_v2_development"/>
  </testsuite>
  <testsuite name="tables-pharmacokinetic-pkpt03" timestamp="2024-12-01T09:23:54Z" hostname="4225a347993b" tests="3" skipped="3" failures="0" errors="0" time="1.899">
    <testcase time="1.874" classname="tables_pharmacokinetic_pkpt03" name="tables_pharmacokinetic_pkpt03.qmd_result_v1_development">
      <skipped message="Reason: Snapshot test is not implemented for object of class: list. ('test-tables-pharmacokinetic-pkpt03.R:1:1')"/>
    </testcase>
    <testcase time="0.0120000000000005" classname="tables_pharmacokinetic_pkpt03" name="tables_pharmacokinetic_pkpt03.qmd_result_v2_development">
      <skipped message="Reason: Snapshot test is not implemented for object of class: list. ('test-tables-pharmacokinetic-pkpt03.R:1:1')"/>
    </testcase>
    <testcase time="0.0129999999999981" classname="tables_pharmacokinetic_pkpt03" name="tables_pharmacokinetic_pkpt03.qmd_result_v3_development">
      <skipped message="Reason: Snapshot test is not implemented for object of class: list. ('test-tables-pharmacokinetic-pkpt03.R:1:1')"/>
    </testcase>
  </testsuite>
  <testsuite name="tables-pharmacokinetic-pkpt04" timestamp="2024-12-01T09:23:54Z" hostname="4225a347993b" tests="2" skipped="0" failures="0" errors="0" time="0.314">
    <testcase time="0.189" classname="tables_pharmacokinetic_pkpt04" name="tables_pharmacokinetic_pkpt04.qmd_result_v1_development"/>
    <testcase time="0.125" classname="tables_pharmacokinetic_pkpt04" name="tables_pharmacokinetic_pkpt04.qmd_result_v2_development"/>
  </testsuite>
  <testsuite name="tables-pharmacokinetic-pkpt05" timestamp="2024-12-01T09:23:54Z" hostname="4225a347993b" tests="2" skipped="0" failures="0" errors="0" time="0.371">
    <testcase time="0.258000000000003" classname="tables_pharmacokinetic_pkpt05" name="tables_pharmacokinetic_pkpt05.qmd_result_v1_development"/>
    <testcase time="0.113" classname="tables_pharmacokinetic_pkpt05" name="tables_pharmacokinetic_pkpt05.qmd_result_v2_development"/>
  </testsuite>
  <testsuite name="tables-pharmacokinetic-pkpt06" timestamp="2024-12-01T09:23:54Z" hostname="4225a347993b" tests="2" skipped="0" failures="0" errors="0" time="0.153">
    <testcase time="0.0859999999999985" classname="tables_pharmacokinetic_pkpt06" name="tables_pharmacokinetic_pkpt06.qmd_result_v1_development"/>
    <testcase time="0.0670000000000002" classname="tables_pharmacokinetic_pkpt06" name="tables_pharmacokinetic_pkpt06.qmd_result_v2_development"/>
  </testsuite>
  <testsuite name="tables-pharmacokinetic-pkpt07" timestamp="2024-12-01T09:23:54Z" hostname="4225a347993b" tests="2" skipped="0" failures="0" errors="0" time="0.478">
    <testcase time="0.122" classname="tables_pharmacokinetic_pkpt07" name="tables_pharmacokinetic_pkpt07.qmd_result_v1_development"/>
    <testcase time="0.356000000000002" classname="tables_pharmacokinetic_pkpt07" name="tables_pharmacokinetic_pkpt07.qmd_result_v2_development"/>
  </testsuite>
  <testsuite name="tables-pharmacokinetic-pkpt08" timestamp="2024-12-01T09:23:55Z" hostname="4225a347993b" tests="1" skipped="0" failures="0" errors="0" time="0.149">
    <testcase time="0.149000000000001" classname="tables_pharmacokinetic_pkpt08" name="tables_pharmacokinetic_pkpt08.qmd_result_v1_development"/>
  </testsuite>
  <testsuite name="tables-pharmacokinetic-pkpt11" timestamp="2024-12-01T09:23:55Z" hostname="4225a347993b" tests="1" skipped="0" failures="0" errors="0" time="0.083">
    <testcase time="0.0829999999999984" classname="tables_pharmacokinetic_pkpt11" name="tables_pharmacokinetic_pkpt11.qmd_result_v1_development"/>
  </testsuite>
  <testsuite name="tables-risk-management-plan-rmpt01" timestamp="2024-12-01T09:23:55Z" hostname="4225a347993b" tests="1" skipped="0" failures="0" errors="0" time="0.071">
    <testcase time="0.0710000000000051" classname="tables_risk_management_plan_rmpt01" name="tables_risk_management_plan_rmpt01.qmd_result_v1_development"/>
  </testsuite>
  <testsuite name="tables-risk-management-plan-rmpt03" timestamp="2024-12-01T09:23:55Z" hostname="4225a347993b" tests="2" skipped="0" failures="0" errors="0" time="0.229">
    <testcase time="0.125" classname="tables_risk_management_plan_rmpt03" name="tables_risk_management_plan_rmpt03.qmd_result_v1_development"/>
    <testcase time="0.103999999999999" classname="tables_risk_management_plan_rmpt03" name="tables_risk_management_plan_rmpt03.qmd_result_v2_development"/>
  </testsuite>
  <testsuite name="tables-risk-management-plan-rmpt04" timestamp="2024-12-01T09:23:55Z" hostname="4225a347993b" tests="1" skipped="0" failures="0" errors="0" time="0.066">
    <testcase time="0.0659999999999954" classname="tables_risk_management_plan_rmpt04" name="tables_risk_management_plan_rmpt04.qmd_result_v1_development"/>
  </testsuite>
  <testsuite name="tables-risk-management-plan-rmpt05" timestamp="2024-12-01T09:23:55Z" hostname="4225a347993b" tests="1" skipped="0" failures="0" errors="0" time="0.078">
    <testcase time="0.078000000000003" classname="tables_risk_management_plan_rmpt05" name="tables_risk_management_plan_rmpt05.qmd_result_v1_development"/>
  </testsuite>
  <testsuite name="tables-risk-management-plan-rmpt06" timestamp="2024-12-01T09:23:56Z" hostname="4225a347993b" tests="4" skipped="0" failures="0" errors="0" time="0.499">
    <testcase time="0.167999999999999" classname="tables_risk_management_plan_rmpt06" name="tables_risk_management_plan_rmpt06.qmd_result_v1_development"/>
    <testcase time="0.088000000000001" classname="tables_risk_management_plan_rmpt06" name="tables_risk_management_plan_rmpt06.qmd_result_v2_development"/>
    <testcase time="0.125" classname="tables_risk_management_plan_rmpt06" name="tables_risk_management_plan_rmpt06.qmd_result_v3_development"/>
    <testcase time="0.118000000000002" classname="tables_risk_management_plan_rmpt06" name="tables_risk_management_plan_rmpt06.qmd_result_v4_development"/>
  </testsuite>
  <testsuite name="tables-safety-enrollment01" timestamp="2024-12-01T09:23:56Z" hostname="4225a347993b" tests="4" skipped="0" failures="0" errors="0" time="2.14">
    <testcase time="0.696999999999996" classname="tables_safety_enrollment01" name="tables_safety_enrollment01.qmd_result_v1_development"/>
    <testcase time="0.463999999999999" classname="tables_safety_enrollment01" name="tables_safety_enrollment01.qmd_result_v2_development"/>
    <testcase time="0.515000000000001" classname="tables_safety_enrollment01" name="tables_safety_enrollment01.qmd_result_v3_development"/>
    <testcase time="0.463999999999999" classname="tables_safety_enrollment01" name="tables_safety_enrollment01.qmd_result_v4_development"/>
  </testsuite>
  <testsuite name="tables-vital-signs-vst01" timestamp="2024-12-01T09:23:58Z" hostname="4225a347993b" tests="1" skipped="0" failures="0" errors="0" time="0.329">
    <testcase time="0.329000000000001" classname="tables_vital_signs_vst01" name="tables_vital_signs_vst01.qmd_result_v1_development"/>
  </testsuite>
  <testsuite name="tables-vital-signs-vst02" timestamp="2024-12-01T09:23:59Z" hostname="4225a347993b" tests="2" skipped="0" failures="0" errors="0" time="0.267">
    <testcase time="0.143000000000001" classname="tables_vital_signs_vst02" name="tables_vital_signs_vst02.qmd_result_v1_development"/>
    <testcase time="0.124000000000002" classname="tables_vital_signs_vst02" name="tables_vital_signs_vst02.qmd_result_v2_development"/>
  </testsuite>
</testsuites>
