<?xml version="1.0" encoding="UTF-8"?>
<testsuites>
  <testsuite name="graphs-efficacy-fstg01" timestamp="2024-11-13T19:24:21Z" hostname="3b941d72fe3c" tests="7" skipped="7" failures="0" errors="0" time="2.533">
    <testcase time="2.367" classname="graphs_efficacy_fstg01" name="graphs_efficacy_fstg01.qmd_width_stable">
      <skipped message="Reason: Snapshot test is not implemented for object of class: numeric. ('test-graphs-efficacy-fstg01.R:1:1')"/>
    </testcase>
    <testcase time="0.073" classname="graphs_efficacy_fstg01" name="graphs_efficacy_fstg01.qmd_height_stable">
      <skipped message="Reason: Snapshot test is not implemented for object of class: numeric. ('test-graphs-efficacy-fstg01.R:1:1')"/>
    </testcase>
    <testcase time="0.0329999999999999" classname="graphs_efficacy_fstg01" name="graphs_efficacy_fstg01.qmd_plot_v1_stable">
      <skipped message="Reason: Snapshot test is not implemented for object of class: gg, ggplot. ('test-graphs-efficacy-fstg01.R:1:1')"/>
    </testcase>
    <testcase time="0.0150000000000001" classname="graphs_efficacy_fstg01" name="graphs_efficacy_fstg01.qmd_plot_v2_stable">
      <skipped message="Reason: Snapshot test is not implemented for object of class: gg, ggplot. ('test-graphs-efficacy-fstg01.R:1:1')"/>
    </testcase>
    <testcase time="0.0150000000000001" classname="graphs_efficacy_fstg01" name="graphs_efficacy_fstg01.qmd_plot_v3_stable">
      <skipped message="Reason: Snapshot test is not implemented for object of class: gg, ggplot. ('test-graphs-efficacy-fstg01.R:1:1')"/>
    </testcase>
    <testcase time="0.0149999999999997" classname="graphs_efficacy_fstg01" name="graphs_efficacy_fstg01.qmd_plot_v4_stable">
      <skipped message="Reason: Snapshot test is not implemented for object of class: gg, ggplot. ('test-graphs-efficacy-fstg01.R:1:1')"/>
    </testcase>
    <testcase time="0.0150000000000001" classname="graphs_efficacy_fstg01" name="graphs_efficacy_fstg01.qmd_plot_v5_stable">
      <skipped message="Reason: Snapshot test is not implemented for object of class: gg, ggplot. ('test-graphs-efficacy-fstg01.R:1:1')"/>
    </testcase>
  </testsuite>
  <testsuite name="graphs-efficacy-fstg02" timestamp="2024-11-13T19:24:22Z" hostname="3b941d72fe3c" tests="7" skipped="7" failures="0" errors="0" time="0.533">
    <testcase time="0.442" classname="graphs_efficacy_fstg02" name="graphs_efficacy_fstg02.qmd_width_stable">
      <skipped message="Reason: Snapshot test is not implemented for object of class: numeric. ('test-graphs-efficacy-fstg02.R:1:1')"/>
    </testcase>
    <testcase time="0.016" classname="graphs_efficacy_fstg02" name="graphs_efficacy_fstg02.qmd_height_stable">
      <skipped message="Reason: Snapshot test is not implemented for object of class: numeric. ('test-graphs-efficacy-fstg02.R:1:1')"/>
    </testcase>
    <testcase time="0.0149999999999997" classname="graphs_efficacy_fstg02" name="graphs_efficacy_fstg02.qmd_plot_v1_stable">
      <skipped message="Reason: Snapshot test is not implemented for object of class: gg, ggplot. ('test-graphs-efficacy-fstg02.R:1:1')"/>
    </testcase>
    <testcase time="0.0150000000000001" classname="graphs_efficacy_fstg02" name="graphs_efficacy_fstg02.qmd_plot_v2_stable">
      <skipped message="Reason: Snapshot test is not implemented for object of class: gg, ggplot. ('test-graphs-efficacy-fstg02.R:1:1')"/>
    </testcase>
    <testcase time="0.0150000000000001" classname="graphs_efficacy_fstg02" name="graphs_efficacy_fstg02.qmd_plot_v3_stable">
      <skipped message="Reason: Snapshot test is not implemented for object of class: gg, ggplot. ('test-graphs-efficacy-fstg02.R:1:1')"/>
    </testcase>
    <testcase time="0.0149999999999997" classname="graphs_efficacy_fstg02" name="graphs_efficacy_fstg02.qmd_plot_v4_stable">
      <skipped message="Reason: Snapshot test is not implemented for object of class: gg, ggplot. ('test-graphs-efficacy-fstg02.R:1:1')"/>
    </testcase>
    <testcase time="0.0150000000000001" classname="graphs_efficacy_fstg02" name="graphs_efficacy_fstg02.qmd_plot_v3.width_stable">
      <skipped message="Reason: Snapshot test is not implemented for object of class: numeric. ('test-graphs-efficacy-fstg02.R:1:1')"/>
    </testcase>
  </testsuite>
  <testsuite name="graphs-efficacy-kmg01" timestamp="2024-11-13T19:24:23Z" hostname="3b941d72fe3c" tests="8" skipped="8" failures="0" errors="0" time="0.912">
    <testcase time="0.827" classname="graphs_efficacy_kmg01" name="graphs_efficacy_kmg01.qmd_width_stable">
      <skipped message="Reason: Snapshot test is not implemented for object of class: numeric. ('test-graphs-efficacy-kmg01.R:1:1')"/>
    </testcase>
    <testcase time="0.0129999999999999" classname="graphs_efficacy_kmg01" name="graphs_efficacy_kmg01.qmd_height_stable">
      <skipped message="Reason: Snapshot test is not implemented for object of class: numeric. ('test-graphs-efficacy-kmg01.R:1:1')"/>
    </testcase>
    <testcase time="0.0120000000000005" classname="graphs_efficacy_kmg01" name="graphs_efficacy_kmg01.qmd_plot_v1_stable">
      <skipped message="Reason: Snapshot test is not implemented for object of class: gg, ggplot. ('test-graphs-efficacy-kmg01.R:1:1')"/>
    </testcase>
    <testcase time="0.0119999999999996" classname="graphs_efficacy_kmg01" name="graphs_efficacy_kmg01.qmd_plot_v2_stable">
      <skipped message="Reason: Snapshot test is not implemented for object of class: gg, ggplot. ('test-graphs-efficacy-kmg01.R:1:1')"/>
    </testcase>
    <testcase time="0.0120000000000005" classname="graphs_efficacy_kmg01" name="graphs_efficacy_kmg01.qmd_plot_v3_stable">
      <skipped message="Reason: Snapshot test is not implemented for object of class: gg, ggplot. ('test-graphs-efficacy-kmg01.R:1:1')"/>
    </testcase>
    <testcase time="0.0119999999999996" classname="graphs_efficacy_kmg01" name="graphs_efficacy_kmg01.qmd_plot_v4_stable">
      <skipped message="Reason: Snapshot test is not implemented for object of class: gg, ggplot. ('test-graphs-efficacy-kmg01.R:1:1')"/>
    </testcase>
    <testcase time="0.0120000000000005" classname="graphs_efficacy_kmg01" name="graphs_efficacy_kmg01.qmd_plot_v5_stable">
      <skipped message="Reason: Snapshot test is not implemented for object of class: gg, ggplot. ('test-graphs-efficacy-kmg01.R:1:1')"/>
    </testcase>
    <testcase time="0.0119999999999996" classname="graphs_efficacy_kmg01" name="graphs_efficacy_kmg01.qmd_plot_v6_stable">
      <skipped message="Reason: Snapshot test is not implemented for object of class: gg, ggplot. ('test-graphs-efficacy-kmg01.R:1:1')"/>
    </testcase>
  </testsuite>
  <testsuite name="graphs-efficacy-mmrmg01" timestamp="2024-11-13T19:24:23Z" hostname="3b941d72fe3c" tests="6" skipped="6" failures="0" errors="0" time="0.572">
    <testcase time="0.501" classname="graphs_efficacy_mmrmg01" name="graphs_efficacy_mmrmg01.qmd_plot_v1_stable">
      <skipped message="Reason: Snapshot test is not implemented for object of class: gg, ggplot. ('test-graphs-efficacy-mmrmg01.R:1:1')"/>
    </testcase>
    <testcase time="0.0140000000000002" classname="graphs_efficacy_mmrmg01" name="graphs_efficacy_mmrmg01.qmd_plot_v2_stable">
      <skipped message="Reason: Snapshot test is not implemented for object of class: gg, ggplot. ('test-graphs-efficacy-mmrmg01.R:1:1')"/>
    </testcase>
    <testcase time="0.0149999999999997" classname="graphs_efficacy_mmrmg01" name="graphs_efficacy_mmrmg01.qmd_plot_v3_stable">
      <skipped message="Reason: Snapshot test is not implemented for object of class: gg, ggplot. ('test-graphs-efficacy-mmrmg01.R:1:1')"/>
    </testcase>
    <testcase time="0.0140000000000002" classname="graphs_efficacy_mmrmg01" name="graphs_efficacy_mmrmg01.qmd_plot_v4_stable">
      <skipped message="Reason: Snapshot test is not implemented for object of class: gg, ggplot. ('test-graphs-efficacy-mmrmg01.R:1:1')"/>
    </testcase>
    <testcase time="0.0139999999999993" classname="graphs_efficacy_mmrmg01" name="graphs_efficacy_mmrmg01.qmd_plot_v5_stable">
      <skipped message="Reason: Snapshot test is not implemented for object of class: gg, ggplot. ('test-graphs-efficacy-mmrmg01.R:1:1')"/>
    </testcase>
    <testcase time="0.0140000000000002" classname="graphs_efficacy_mmrmg01" name="graphs_efficacy_mmrmg01.qmd_plot_v6_stable">
      <skipped message="Reason: Snapshot test is not implemented for object of class: gg, ggplot. ('test-graphs-efficacy-mmrmg01.R:1:1')"/>
    </testcase>
  </testsuite>
  <testsuite name="graphs-efficacy-mmrmg02" timestamp="2024-11-13T19:24:23Z" hostname="3b941d72fe3c" tests="3" skipped="3" failures="0" errors="0" time="0.157">
    <testcase time="0.129" classname="graphs_efficacy_mmrmg02" name="graphs_efficacy_mmrmg02.qmd_width_stable">
      <skipped message="Reason: Snapshot test is not implemented for object of class: numeric. ('test-graphs-efficacy-mmrmg02.R:1:1')"/>
    </testcase>
    <testcase time="0.0139999999999993" classname="graphs_efficacy_mmrmg02" name="graphs_efficacy_mmrmg02.qmd_plot_v1_stable">
      <skipped message="Reason: Snapshot test is not implemented for object of class: gg, ggplot. ('test-graphs-efficacy-mmrmg02.R:1:1')"/>
    </testcase>
    <testcase time="0.0140000000000002" classname="graphs_efficacy_mmrmg02" name="graphs_efficacy_mmrmg02.qmd_plot_v2_stable">
      <skipped message="Reason: Snapshot test is not implemented for object of class: gg, ggplot. ('test-graphs-efficacy-mmrmg02.R:1:1')"/>
    </testcase>
  </testsuite>
  <testsuite name="graphs-other-brg01" timestamp="2024-11-13T19:24:24Z" hostname="3b941d72fe3c" tests="9" skipped="9" failures="0" errors="0" time="0.478">
    <testcase time="0.38" classname="graphs_other_brg01" name="graphs_other_brg01.qmd_plot_v1_stable">
      <skipped message="Reason: Snapshot test is not implemented for object of class: gg, ggplot. ('test-graphs-other-brg01.R:1:1')"/>
    </testcase>
    <testcase time="0.0129999999999999" classname="graphs_other_brg01" name="graphs_other_brg01.qmd_plot_v2_stable">
      <skipped message="Reason: Snapshot test is not implemented for object of class: gg, ggplot. ('test-graphs-other-brg01.R:1:1')"/>
    </testcase>
    <testcase time="0.0120000000000005" classname="graphs_other_brg01" name="graphs_other_brg01.qmd_plot_v3_stable">
      <skipped message="Reason: Snapshot test is not implemented for object of class: gg, ggplot. ('test-graphs-other-brg01.R:1:1')"/>
    </testcase>
    <testcase time="0.0119999999999996" classname="graphs_other_brg01" name="graphs_other_brg01.qmd_plot_v4_stable">
      <skipped message="Reason: Snapshot test is not implemented for object of class: gg, ggplot. ('test-graphs-other-brg01.R:1:1')"/>
    </testcase>
    <testcase time="0.0120000000000005" classname="graphs_other_brg01" name="graphs_other_brg01.qmd_plot_v5_stable">
      <skipped message="Reason: Snapshot test is not implemented for object of class: gg, ggplot. ('test-graphs-other-brg01.R:1:1')"/>
    </testcase>
    <testcase time="0.0119999999999996" classname="graphs_other_brg01" name="graphs_other_brg01.qmd_plot_v6_stable">
      <skipped message="Reason: Snapshot test is not implemented for object of class: gg, ggplot. ('test-graphs-other-brg01.R:1:1')"/>
    </testcase>
    <testcase time="0.0120000000000005" classname="graphs_other_brg01" name="graphs_other_brg01.qmd_plot_v7_stable">
      <skipped message="Reason: Snapshot test is not implemented for object of class: gg, ggplot. ('test-graphs-other-brg01.R:1:1')"/>
    </testcase>
    <testcase time="0.0119999999999996" classname="graphs_other_brg01" name="graphs_other_brg01.qmd_plot_v8_stable">
      <skipped message="Reason: Snapshot test is not implemented for object of class: gg, ggplot. ('test-graphs-other-brg01.R:1:1')"/>
    </testcase>
    <testcase time="0.0129999999999999" classname="graphs_other_brg01" name="graphs_other_brg01.qmd_plot_v9_stable">
      <skipped message="Reason: Snapshot test is not implemented for object of class: gg, ggplot. ('test-graphs-other-brg01.R:1:1')"/>
    </testcase>
  </testsuite>
  <testsuite name="graphs-other-bwg01" timestamp="2024-11-13T19:24:24Z" hostname="3b941d72fe3c" tests="9" skipped="9" failures="0" errors="0" time="0.677">
    <testcase time="0.581" classname="graphs_other_bwg01" name="graphs_other_bwg01.qmd_plot_v1_stable">
      <skipped message="Reason: Snapshot test is not implemented for object of class: gg, ggplot. ('test-graphs-other-bwg01.R:1:1')"/>
    </testcase>
    <testcase time="0.0119999999999996" classname="graphs_other_bwg01" name="graphs_other_bwg01.qmd_plot_v2_stable">
      <skipped message="Reason: Snapshot test is not implemented for object of class: gg, ggplot. ('test-graphs-other-bwg01.R:1:1')"/>
    </testcase>
    <testcase time="0.0130000000000008" classname="graphs_other_bwg01" name="graphs_other_bwg01.qmd_plot_v3_stable">
      <skipped message="Reason: Snapshot test is not implemented for object of class: gg, ggplot. ('test-graphs-other-bwg01.R:1:1')"/>
    </testcase>
    <testcase time="0.0109999999999992" classname="graphs_other_bwg01" name="graphs_other_bwg01.qmd_plot_v4_stable">
      <skipped message="Reason: Snapshot test is not implemented for object of class: gg, ggplot. ('test-graphs-other-bwg01.R:1:1')"/>
    </testcase>
    <testcase time="0.0120000000000005" classname="graphs_other_bwg01" name="graphs_other_bwg01.qmd_plot_v5_stable">
      <skipped message="Reason: Snapshot test is not implemented for object of class: gg, ggplot. ('test-graphs-other-bwg01.R:1:1')"/>
    </testcase>
    <testcase time="0.0119999999999996" classname="graphs_other_bwg01" name="graphs_other_bwg01.qmd_plot_v6_stable">
      <skipped message="Reason: Snapshot test is not implemented for object of class: gg, ggplot. ('test-graphs-other-bwg01.R:1:1')"/>
    </testcase>
    <testcase time="0.0119999999999996" classname="graphs_other_bwg01" name="graphs_other_bwg01.qmd_plot_v7_stable">
      <skipped message="Reason: Snapshot test is not implemented for object of class: gg, ggplot. ('test-graphs-other-bwg01.R:1:1')"/>
    </testcase>
    <testcase time="0.0120000000000005" classname="graphs_other_bwg01" name="graphs_other_bwg01.qmd_plot_v8_stable">
      <skipped message="Reason: Snapshot test is not implemented for object of class: gg, ggplot. ('test-graphs-other-bwg01.R:1:1')"/>
    </testcase>
    <testcase time="0.0119999999999996" classname="graphs_other_bwg01" name="graphs_other_bwg01.qmd_plot_v9_stable">
      <skipped message="Reason: Snapshot test is not implemented for object of class: gg, ggplot. ('test-graphs-other-bwg01.R:1:1')"/>
    </testcase>
  </testsuite>
  <testsuite name="graphs-other-cig01" timestamp="2024-11-13T19:24:25Z" hostname="3b941d72fe3c" tests="5" skipped="4" failures="0" errors="0" time="0.235">
    <testcase time="0.193000000000001" classname="graphs_other_cig01" name="graphs_other_cig01.qmd_table_v6_stable"/>
    <testcase time="0.00399999999999956" classname="graphs_other_cig01" name="graphs_other_cig01.qmd_plot_v1_and_v2_stable">
      <skipped message="Reason: Snapshot test is not implemented for object of class: gg, ggplot. ('test-graphs-other-cig01.R:1:1')"/>
    </testcase>
    <testcase time="0.0129999999999999" classname="graphs_other_cig01" name="graphs_other_cig01.qmd_plot_v3_stable">
      <skipped message="Reason: Snapshot test is not implemented for object of class: gg, ggplot. ('test-graphs-other-cig01.R:1:1')"/>
    </testcase>
    <testcase time="0.0129999999999999" classname="graphs_other_cig01" name="graphs_other_cig01.qmd_plot_v4_stable">
      <skipped message="Reason: Snapshot test is not implemented for object of class: gg, ggplot. ('test-graphs-other-cig01.R:1:1')"/>
    </testcase>
    <testcase time="0.0120000000000005" classname="graphs_other_cig01" name="graphs_other_cig01.qmd_plot_v5_stable">
      <skipped message="Reason: Snapshot test is not implemented for object of class: gg, ggplot. ('test-graphs-other-cig01.R:1:1')"/>
    </testcase>
  </testsuite>
  <testsuite name="graphs-other-ippg01" timestamp="2024-11-13T19:24:25Z" hostname="3b941d72fe3c" tests="2" skipped="2" failures="0" errors="0" time="0.05">
    <testcase time="0.0369999999999999" classname="graphs_other_ippg01" name="graphs_other_ippg01.qmd_plots_v1_stable">
      <skipped message="Reason: Snapshot test is not implemented for object of class: list. ('test-graphs-other-ippg01.R:1:1')"/>
    </testcase>
    <testcase time="0.0129999999999999" classname="graphs_other_ippg01" name="graphs_other_ippg01.qmd_plots_v2_stable">
      <skipped message="Reason: Snapshot test is not implemented for object of class: list. ('test-graphs-other-ippg01.R:1:1')"/>
    </testcase>
  </testsuite>
  <testsuite name="graphs-other-ltg01" timestamp="2024-11-13T19:24:25Z" hostname="3b941d72fe3c" tests="7" skipped="7" failures="0" errors="0" time="0.171">
    <testcase time="0.0960000000000001" classname="graphs_other_ltg01" name="graphs_other_ltg01.qmd_plot_v1_stable">
      <skipped message="Reason: Snapshot test is not implemented for object of class: gg, ggplot. ('test-graphs-other-ltg01.R:1:1')"/>
    </testcase>
    <testcase time="0.0129999999999999" classname="graphs_other_ltg01" name="graphs_other_ltg01.qmd_plot_v2_stable">
      <skipped message="Reason: Snapshot test is not implemented for object of class: gg, ggplot. ('test-graphs-other-ltg01.R:1:1')"/>
    </testcase>
    <testcase time="0.0129999999999999" classname="graphs_other_ltg01" name="graphs_other_ltg01.qmd_plot_v3_stable">
      <skipped message="Reason: Snapshot test is not implemented for object of class: gg, ggplot. ('test-graphs-other-ltg01.R:1:1')"/>
    </testcase>
    <testcase time="0.0120000000000005" classname="graphs_other_ltg01" name="graphs_other_ltg01.qmd_plot_v4_stable">
      <skipped message="Reason: Snapshot test is not implemented for object of class: gg, ggplot. ('test-graphs-other-ltg01.R:1:1')"/>
    </testcase>
    <testcase time="0.0129999999999999" classname="graphs_other_ltg01" name="graphs_other_ltg01.qmd_plot_v51_stable">
      <skipped message="Reason: Snapshot test is not implemented for object of class: gg, ggplot. ('test-graphs-other-ltg01.R:1:1')"/>
    </testcase>
    <testcase time="0.0119999999999996" classname="graphs_other_ltg01" name="graphs_other_ltg01.qmd_plot_v52_stable">
      <skipped message="Reason: Snapshot test is not implemented for object of class: gg, ggplot. ('test-graphs-other-ltg01.R:1:1')"/>
    </testcase>
    <testcase time="0.0120000000000005" classname="graphs_other_ltg01" name="graphs_other_ltg01.qmd_plot_v53_stable">
      <skipped message="Reason: Snapshot test is not implemented for object of class: gg, ggplot. ('test-graphs-other-ltg01.R:1:1')"/>
    </testcase>
  </testsuite>
  <testsuite name="graphs-other-mng01" timestamp="2024-11-13T19:24:25Z" hostname="3b941d72fe3c" tests="7" skipped="7" failures="0" errors="0" time="0.224">
    <testcase time="0.149" classname="graphs_other_mng01" name="graphs_other_mng01.qmd_plot_v1_stable">
      <skipped message="Reason: Snapshot test is not implemented for object of class: gg, ggplot. ('test-graphs-other-mng01.R:1:1')"/>
    </testcase>
    <testcase time="0.0129999999999999" classname="graphs_other_mng01" name="graphs_other_mng01.qmd_plot_v2_stable">
      <skipped message="Reason: Snapshot test is not implemented for object of class: gg, ggplot. ('test-graphs-other-mng01.R:1:1')"/>
    </testcase>
    <testcase time="0.0129999999999999" classname="graphs_other_mng01" name="graphs_other_mng01.qmd_plot_v3_stable">
      <skipped message="Reason: Snapshot test is not implemented for object of class: gg, ggplot. ('test-graphs-other-mng01.R:1:1')"/>
    </testcase>
    <testcase time="0.0119999999999996" classname="graphs_other_mng01" name="graphs_other_mng01.qmd_plot_v4_stable">
      <skipped message="Reason: Snapshot test is not implemented for object of class: gg, ggplot. ('test-graphs-other-mng01.R:1:1')"/>
    </testcase>
    <testcase time="0.0120000000000005" classname="graphs_other_mng01" name="graphs_other_mng01.qmd_plot_v5_stable">
      <skipped message="Reason: Snapshot test is not implemented for object of class: gg, ggplot. ('test-graphs-other-mng01.R:1:1')"/>
    </testcase>
    <testcase time="0.0129999999999999" classname="graphs_other_mng01" name="graphs_other_mng01.qmd_plot_v6_stable">
      <skipped message="Reason: Snapshot test is not implemented for object of class: gg, ggplot. ('test-graphs-other-mng01.R:1:1')"/>
    </testcase>
    <testcase time="0.0119999999999996" classname="graphs_other_mng01" name="graphs_other_mng01.qmd_plot_v7_stable">
      <skipped message="Reason: Snapshot test is not implemented for object of class: gg, ggplot. ('test-graphs-other-mng01.R:1:1')"/>
    </testcase>
  </testsuite>
  <testsuite name="graphs-pharmacokinetic-pkcg01" timestamp="2024-11-13T19:24:25Z" hostname="3b941d72fe3c" tests="2" skipped="2" failures="0" errors="0" time="0.048">
    <testcase time="0.0340000000000007" classname="graphs_pharmacokinetic_pkcg01" name="graphs_pharmacokinetic_pkcg01.qmd_plot_v1_stable">
      <skipped message="Reason: Snapshot test is not implemented for object of class: gg, ggplot. ('test-graphs-pharmacokinetic-pkcg01.R:1:1')"/>
    </testcase>
    <testcase time="0.0139999999999993" classname="graphs_pharmacokinetic_pkcg01" name="graphs_pharmacokinetic_pkcg01.qmd_plot_v2_stable">
      <skipped message="Reason: Snapshot test is not implemented for object of class: gg, ggplot. ('test-graphs-pharmacokinetic-pkcg01.R:1:1')"/>
    </testcase>
  </testsuite>
  <testsuite name="graphs-pharmacokinetic-pkcg02" timestamp="2024-11-13T19:24:25Z" hostname="3b941d72fe3c" tests="2" skipped="2" failures="0" errors="0" time="0.05">
    <testcase time="0.0369999999999999" classname="graphs_pharmacokinetic_pkcg02" name="graphs_pharmacokinetic_pkcg02.qmd_plot_v1_stable">
      <skipped message="Reason: Snapshot test is not implemented for object of class: gg, ggplot. ('test-graphs-pharmacokinetic-pkcg02.R:1:1')"/>
    </testcase>
    <testcase time="0.0130000000000008" classname="graphs_pharmacokinetic_pkcg02" name="graphs_pharmacokinetic_pkcg02.qmd_plot_v2_stable">
      <skipped message="Reason: Snapshot test is not implemented for object of class: gg, ggplot. ('test-graphs-pharmacokinetic-pkcg02.R:1:1')"/>
    </testcase>
  </testsuite>
  <testsuite name="graphs-pharmacokinetic-pkcg03" timestamp="2024-11-13T19:24:25Z" hostname="3b941d72fe3c" tests="2" skipped="2" failures="0" errors="0" time="0.071">
    <testcase time="0.0579999999999998" classname="graphs_pharmacokinetic_pkcg03" name="graphs_pharmacokinetic_pkcg03.qmd_plot_v1_stable">
      <skipped message="Reason: Snapshot test is not implemented for object of class: gg, ggplot. ('test-graphs-pharmacokinetic-pkcg03.R:1:1')"/>
    </testcase>
    <testcase time="0.0129999999999999" classname="graphs_pharmacokinetic_pkcg03" name="graphs_pharmacokinetic_pkcg03.qmd_plot_v2_stable">
      <skipped message="Reason: Snapshot test is not implemented for object of class: gg, ggplot. ('test-graphs-pharmacokinetic-pkcg03.R:1:1')"/>
    </testcase>
  </testsuite>
  <testsuite name="graphs-pharmacokinetic-pkpg01" timestamp="2024-11-13T19:24:25Z" hostname="3b941d72fe3c" tests="2" skipped="2" failures="0" errors="0" time="0.068">
    <testcase time="0.0549999999999997" classname="graphs_pharmacokinetic_pkpg01" name="graphs_pharmacokinetic_pkpg01.qmd_plot_v1_stable">
      <skipped message="Reason: Snapshot test is not implemented for object of class: gg, ggplot. ('test-graphs-pharmacokinetic-pkpg01.R:1:1')"/>
    </testcase>
    <testcase time="0.0129999999999999" classname="graphs_pharmacokinetic_pkpg01" name="graphs_pharmacokinetic_pkpg01.qmd_plot_v2_stable">
      <skipped message="Reason: Snapshot test is not implemented for object of class: gg, ggplot. ('test-graphs-pharmacokinetic-pkpg01.R:1:1')"/>
    </testcase>
  </testsuite>
  <testsuite name="graphs-pharmacokinetic-pkpg02" timestamp="2024-11-13T19:24:25Z" hostname="3b941d72fe3c" tests="2" skipped="2" failures="0" errors="0" time="0.076">
    <testcase time="0.0620000000000003" classname="graphs_pharmacokinetic_pkpg02" name="graphs_pharmacokinetic_pkpg02.qmd_plot_v1_stable">
      <skipped message="Reason: Snapshot test is not implemented for object of class: gg, ggplot. ('test-graphs-pharmacokinetic-pkpg02.R:1:1')"/>
    </testcase>
    <testcase time="0.0140000000000002" classname="graphs_pharmacokinetic_pkpg02" name="graphs_pharmacokinetic_pkpg02.qmd_plot_v2_stable">
      <skipped message="Reason: Snapshot test is not implemented for object of class: gg, ggplot. ('test-graphs-pharmacokinetic-pkpg02.R:1:1')"/>
    </testcase>
  </testsuite>
  <testsuite name="graphs-pharmacokinetic-pkpg03" timestamp="2024-11-13T19:24:26Z" hostname="3b941d72fe3c" tests="1" skipped="1" failures="0" errors="0" time="0.057">
    <testcase time="0.0569999999999995" classname="graphs_pharmacokinetic_pkpg03" name="graphs_pharmacokinetic_pkpg03.qmd_plot_v1_stable">
      <skipped message="Reason: Snapshot test is not implemented for object of class: gg, ggplot. ('test-graphs-pharmacokinetic-pkpg03.R:1:1')"/>
    </testcase>
  </testsuite>
  <testsuite name="graphs-pharmacokinetic-pkpg04" timestamp="2024-11-13T19:24:26Z" hostname="3b941d72fe3c" tests="1" skipped="1" failures="0" errors="0" time="0.053">
    <testcase time="0.0529999999999999" classname="graphs_pharmacokinetic_pkpg04" name="graphs_pharmacokinetic_pkpg04.qmd_plot_v1_stable">
      <skipped message="Reason: Snapshot test is not implemented for object of class: gg, ggplot. ('test-graphs-pharmacokinetic-pkpg04.R:1:1')"/>
    </testcase>
  </testsuite>
  <testsuite name="graphs-pharmacokinetic-pkpg06" timestamp="2024-11-13T19:24:26Z" hostname="3b941d72fe3c" tests="4" skipped="4" failures="0" errors="0" time="0.073">
    <testcase time="0.0369999999999999" classname="graphs_pharmacokinetic_pkpg06" name="graphs_pharmacokinetic_pkpg06.qmd_plot_v1_stable">
      <skipped message="Reason: Snapshot test is not implemented for object of class: gg, ggplot. ('test-graphs-pharmacokinetic-pkpg06.R:1:1')"/>
    </testcase>
    <testcase time="0.0120000000000005" classname="graphs_pharmacokinetic_pkpg06" name="graphs_pharmacokinetic_pkpg06.qmd_plot_v2_stable">
      <skipped message="Reason: Snapshot test is not implemented for object of class: gg, ggplot. ('test-graphs-pharmacokinetic-pkpg06.R:1:1')"/>
    </testcase>
    <testcase time="0.0119999999999996" classname="graphs_pharmacokinetic_pkpg06" name="graphs_pharmacokinetic_pkpg06.qmd_plot_v3_stable">
      <skipped message="Reason: Snapshot test is not implemented for object of class: gg, ggplot. ('test-graphs-pharmacokinetic-pkpg06.R:1:1')"/>
    </testcase>
    <testcase time="0.0120000000000005" classname="graphs_pharmacokinetic_pkpg06" name="graphs_pharmacokinetic_pkpg06.qmd_plot_v4_stable">
      <skipped message="Reason: Snapshot test is not implemented for object of class: gg, ggplot. ('test-graphs-pharmacokinetic-pkpg06.R:1:1')"/>
    </testcase>
  </testsuite>
  <testsuite name="listings-ADA-adal02" timestamp="2024-11-13T19:24:26Z" hostname="3b941d72fe3c" tests="1" skipped="0" failures="0" errors="0" time="0.067">
    <testcase time="0.0670000000000002" classname="listings_ADA_adal02" name="listings_ADA_adal02.qmd_lsting_stable"/>
  </testsuite>
  <testsuite name="listings-ECG-egl01" timestamp="2024-11-13T19:24:26Z" hostname="3b941d72fe3c" tests="1" skipped="0" failures="0" errors="0" time="0.058">
    <testcase time="0.0579999999999998" classname="listings_ECG_egl01" name="listings_ECG_egl01.qmd_lsting_stable"/>
  </testsuite>
  <testsuite name="listings-adverse-events-ael01" timestamp="2024-11-13T19:24:26Z" hostname="3b941d72fe3c" tests="1" skipped="0" failures="0" errors="0" time="0.039">
    <testcase time="0.0389999999999997" classname="listings_adverse_events_ael01" name="listings_adverse_events_ael01.qmd_lsting_stable"/>
  </testsuite>
  <testsuite name="listings-adverse-events-ael01_nollt" timestamp="2024-11-13T19:24:26Z" hostname="3b941d72fe3c" tests="1" skipped="0" failures="0" errors="0" time="0.037">
    <testcase time="0.0369999999999999" classname="listings_adverse_events_ael01_nollt" name="listings_adverse_events_ael01_nollt.qmd_lsting_stable"/>
  </testsuite>
  <testsuite name="listings-adverse-events-ael02" timestamp="2024-11-13T19:24:26Z" hostname="3b941d72fe3c" tests="1" skipped="0" failures="0" errors="0" time="0.087">
    <testcase time="0.0870000000000006" classname="listings_adverse_events_ael02" name="listings_adverse_events_ael02.qmd_lsting_stable"/>
  </testsuite>
  <testsuite name="listings-adverse-events-ael02_ed" timestamp="2024-11-13T19:24:26Z" hostname="3b941d72fe3c" tests="1" skipped="0" failures="0" errors="0" time="0.063">
    <testcase time="0.0629999999999997" classname="listings_adverse_events_ael02_ed" name="listings_adverse_events_ael02_ed.qmd_lsting_stable"/>
  </testsuite>
  <testsuite name="listings-adverse-events-ael03" timestamp="2024-11-13T19:24:26Z" hostname="3b941d72fe3c" tests="1" skipped="0" failures="0" errors="0" time="0.058">
    <testcase time="0.0579999999999998" classname="listings_adverse_events_ael03" name="listings_adverse_events_ael03.qmd_lsting_stable"/>
  </testsuite>
  <testsuite name="listings-adverse-events-ael04" timestamp="2024-11-13T19:24:26Z" hostname="3b941d72fe3c" tests="1" skipped="0" failures="0" errors="0" time="0.047">
    <testcase time="0.0470000000000006" classname="listings_adverse_events_ael04" name="listings_adverse_events_ael04.qmd_lsting_stable"/>
  </testsuite>
  <testsuite name="listings-concomitant-medications-cml01" timestamp="2024-11-13T19:24:26Z" hostname="3b941d72fe3c" tests="1" skipped="0" failures="0" errors="0" time="0.061">
    <testcase time="0.0609999999999999" classname="listings_concomitant_medications_cml01" name="listings_concomitant_medications_cml01.qmd_lsting_stable"/>
  </testsuite>
  <testsuite name="listings-concomitant-medications-cml02a_gl" timestamp="2024-11-13T19:24:26Z" hostname="3b941d72fe3c" tests="1" skipped="0" failures="0" errors="0" time="0.036">
    <testcase time="0.0359999999999996" classname="listings_concomitant_medications_cml02a_gl" name="listings_concomitant_medications_cml02a_gl.qmd_lsting_stable"/>
  </testsuite>
  <testsuite name="listings-concomitant-medications-cml02b_gl" timestamp="2024-11-13T19:24:26Z" hostname="3b941d72fe3c" tests="1" skipped="0" failures="0" errors="0" time="0.039">
    <testcase time="0.0389999999999997" classname="listings_concomitant_medications_cml02b_gl" name="listings_concomitant_medications_cml02b_gl.qmd_lsting_stable"/>
  </testsuite>
  <testsuite name="listings-development-safety-update-report-dsur4" timestamp="2024-11-13T19:24:26Z" hostname="3b941d72fe3c" tests="1" skipped="0" failures="0" errors="0" time="0.036">
    <testcase time="0.0360000000000005" classname="listings_development_safety_update_report_dsur4" name="listings_development_safety_update_report_dsur4.qmd_lsting_stable"/>
  </testsuite>
  <testsuite name="listings-disposition-dsl01" timestamp="2024-11-13T19:24:26Z" hostname="3b941d72fe3c" tests="1" skipped="0" failures="0" errors="0" time="0.043">
    <testcase time="0.0429999999999993" classname="listings_disposition_dsl01" name="listings_disposition_dsl01.qmd_lsting_stable"/>
  </testsuite>
  <testsuite name="listings-disposition-dsl02" timestamp="2024-11-13T19:24:26Z" hostname="3b941d72fe3c" tests="1" skipped="0" failures="0" errors="0" time="0.045">
    <testcase time="0.0449999999999999" classname="listings_disposition_dsl02" name="listings_disposition_dsl02.qmd_lsting_stable"/>
  </testsuite>
  <testsuite name="listings-efficacy-oncl01" timestamp="2024-11-13T19:24:26Z" hostname="3b941d72fe3c" tests="1" skipped="0" failures="0" errors="0" time="0.05">
    <testcase time="0.0500000000000007" classname="listings_efficacy_oncl01" name="listings_efficacy_oncl01.qmd_lsting_stable"/>
  </testsuite>
  <testsuite name="listings-exposure-exl01" timestamp="2024-11-13T19:24:26Z" hostname="3b941d72fe3c" tests="1" skipped="0" failures="0" errors="0" time="0.053">
    <testcase time="0.0530000000000008" classname="listings_exposure_exl01" name="listings_exposure_exl01.qmd_lsting_stable"/>
  </testsuite>
  <testsuite name="listings-lab-results-lbl01" timestamp="2024-11-13T19:24:26Z" hostname="3b941d72fe3c" tests="1" skipped="0" failures="0" errors="0" time="0.058">
    <testcase time="0.0579999999999998" classname="listings_lab_results_lbl01" name="listings_lab_results_lbl01.qmd_lsting_stable"/>
  </testsuite>
  <testsuite name="listings-lab-results-lbl01_rls" timestamp="2024-11-13T19:24:27Z" hostname="3b941d72fe3c" tests="1" skipped="0" failures="0" errors="0" time="0.048">
    <testcase time="0.048" classname="listings_lab_results_lbl01_rls" name="listings_lab_results_lbl01_rls.qmd_lsting_stable"/>
  </testsuite>
  <testsuite name="listings-lab-results-lbl02a" timestamp="2024-11-13T19:24:27Z" hostname="3b941d72fe3c" tests="1" skipped="0" failures="0" errors="0" time="0.049">
    <testcase time="0.0489999999999995" classname="listings_lab_results_lbl02a" name="listings_lab_results_lbl02a.qmd_lsting_stable"/>
  </testsuite>
  <testsuite name="listings-lab-results-lbl02a_rls" timestamp="2024-11-13T19:24:27Z" hostname="3b941d72fe3c" tests="1" skipped="0" failures="0" errors="0" time="0.061">
    <testcase time="0.0609999999999999" classname="listings_lab_results_lbl02a_rls" name="listings_lab_results_lbl02a_rls.qmd_lsting_stable"/>
  </testsuite>
  <testsuite name="listings-lab-results-lbl02b" timestamp="2024-11-13T19:24:27Z" hostname="3b941d72fe3c" tests="1" skipped="0" failures="0" errors="0" time="0.049">
    <testcase time="0.0489999999999995" classname="listings_lab_results_lbl02b" name="listings_lab_results_lbl02b.qmd_lsting_stable"/>
  </testsuite>
  <testsuite name="listings-medical-history-mhl01" timestamp="2024-11-13T19:24:27Z" hostname="3b941d72fe3c" tests="1" skipped="0" failures="0" errors="0" time="0.052">
    <testcase time="0.0519999999999996" classname="listings_medical_history_mhl01" name="listings_medical_history_mhl01.qmd_lsting_stable"/>
  </testsuite>
  <testsuite name="listings-pharmacokinetic-pkcl01" timestamp="2024-11-13T19:24:27Z" hostname="3b941d72fe3c" tests="1" skipped="0" failures="0" errors="0" time="0.045">
    <testcase time="0.0449999999999999" classname="listings_pharmacokinetic_pkcl01" name="listings_pharmacokinetic_pkcl01.qmd_lsting_stable"/>
  </testsuite>
  <testsuite name="listings-pharmacokinetic-pkcl02" timestamp="2024-11-13T19:24:27Z" hostname="3b941d72fe3c" tests="1" skipped="0" failures="0" errors="0" time="0.063">
    <testcase time="0.0630000000000006" classname="listings_pharmacokinetic_pkcl02" name="listings_pharmacokinetic_pkcl02.qmd_lsting_stable"/>
  </testsuite>
  <testsuite name="listings-pharmacokinetic-pkpl01" timestamp="2024-11-13T19:24:27Z" hostname="3b941d72fe3c" tests="1" skipped="0" failures="0" errors="0" time="0.044">
    <testcase time="0.0440000000000005" classname="listings_pharmacokinetic_pkpl01" name="listings_pharmacokinetic_pkpl01.qmd_lsting_stable"/>
  </testsuite>
  <testsuite name="listings-pharmacokinetic-pkpl02" timestamp="2024-11-13T19:24:27Z" hostname="3b941d72fe3c" tests="1" skipped="0" failures="0" errors="0" time="0.047">
    <testcase time="0.0470000000000006" classname="listings_pharmacokinetic_pkpl02" name="listings_pharmacokinetic_pkpl02.qmd_lsting_stable"/>
  </testsuite>
  <testsuite name="listings-pharmacokinetic-pkpl04" timestamp="2024-11-13T19:24:27Z" hostname="3b941d72fe3c" tests="1" skipped="0" failures="0" errors="0" time="0.048">
    <testcase time="0.0479999999999983" classname="listings_pharmacokinetic_pkpl04" name="listings_pharmacokinetic_pkpl04.qmd_lsting_stable"/>
  </testsuite>
  <testsuite name="listings-vital-signs-vsl01" timestamp="2024-11-13T19:24:27Z" hostname="3b941d72fe3c" tests="1" skipped="0" failures="0" errors="0" time="0.074">
    <testcase time="0.0740000000000016" classname="listings_vital_signs_vsl01" name="listings_vital_signs_vsl01.qmd_lsting_stable"/>
  </testsuite>
  <testsuite name="tables-ADA-adat01" timestamp="2024-11-13T19:24:27Z" hostname="3b941d72fe3c" tests="1" skipped="0" failures="0" errors="0" time="0.209">
    <testcase time="0.209" classname="tables_ADA_adat01" name="tables_ADA_adat01.qmd_result_v1_stable"/>
  </testsuite>
  <testsuite name="tables-ADA-adat02" timestamp="2024-11-13T19:24:27Z" hostname="3b941d72fe3c" tests="1" skipped="0" failures="0" errors="0" time="0.081">
    <testcase time="0.0809999999999995" classname="tables_ADA_adat02" name="tables_ADA_adat02.qmd_result_v1_stable"/>
  </testsuite>
  <testsuite name="tables-ADA-adat03" timestamp="2024-11-13T19:24:28Z" hostname="3b941d72fe3c" tests="1" skipped="0" failures="0" errors="0" time="0.346">
    <testcase time="0.346" classname="tables_ADA_adat03" name="tables_ADA_adat03.qmd_result_v1_stable"/>
  </testsuite>
  <testsuite name="tables-ADA-adat04a" timestamp="2024-11-13T19:24:28Z" hostname="3b941d72fe3c" tests="1" skipped="0" failures="0" errors="0" time="0.192">
    <testcase time="0.192" classname="tables_ADA_adat04a" name="tables_ADA_adat04a.qmd_result_v1_stable"/>
  </testsuite>
  <testsuite name="tables-ADA-adat04b" timestamp="2024-11-13T19:24:28Z" hostname="3b941d72fe3c" tests="1" skipped="0" failures="0" errors="0" time="0.132">
    <testcase time="0.132" classname="tables_ADA_adat04b" name="tables_ADA_adat04b.qmd_result_v1_stable"/>
  </testsuite>
  <testsuite name="tables-ECG-egt01" timestamp="2024-11-13T19:24:28Z" hostname="3b941d72fe3c" tests="1" skipped="0" failures="0" errors="0" time="0.548">
    <testcase time="0.548" classname="tables_ECG_egt01" name="tables_ECG_egt01.qmd_result_v1_stable"/>
  </testsuite>
  <testsuite name="tables-ECG-egt02" timestamp="2024-11-13T19:24:29Z" hostname="3b941d72fe3c" tests="2" skipped="0" failures="0" errors="0" time="0.191">
    <testcase time="0.108000000000001" classname="tables_ECG_egt02" name="tables_ECG_egt02.qmd_result_v1_stable"/>
    <testcase time="0.0830000000000002" classname="tables_ECG_egt02" name="tables_ECG_egt02.qmd_result_v2_stable"/>
  </testsuite>
  <testsuite name="tables-ECG-egt03" timestamp="2024-11-13T19:24:30Z" hostname="3b941d72fe3c" tests="2" skipped="0" failures="0" errors="0" time="1.626">
    <testcase time="1.505" classname="tables_ECG_egt03" name="tables_ECG_egt03.qmd_result_v1_stable"/>
    <testcase time="0.121" classname="tables_ECG_egt03" name="tables_ECG_egt03.qmd_result_v2_stable"/>
  </testsuite>
  <testsuite name="tables-ECG-egt04" timestamp="2024-11-13T19:24:31Z" hostname="3b941d72fe3c" tests="1" skipped="0" failures="0" errors="0" time="0.177">
    <testcase time="0.177" classname="tables_ECG_egt04" name="tables_ECG_egt04.qmd_result_v1_stable"/>
  </testsuite>
  <testsuite name="tables-ECG-egt05_qtcat" timestamp="2024-11-13T19:24:31Z" hostname="3b941d72fe3c" tests="1" skipped="0" failures="0" errors="0" time="0.305">
    <testcase time="0.305" classname="tables_ECG_egt05_qtcat" name="tables_ECG_egt05_qtcat.qmd_result_v1_stable"/>
  </testsuite>
  <testsuite name="tables-adverse-events-aet01" timestamp="2024-11-13T19:24:31Z" hostname="3b941d72fe3c" tests="4" skipped="0" failures="0" errors="0" time="0.495">
    <testcase time="0.137" classname="tables_adverse_events_aet01" name="tables_adverse_events_aet01.qmd_result_v1_stable"/>
    <testcase time="0.122" classname="tables_adverse_events_aet01" name="tables_adverse_events_aet01.qmd_result_v2_stable"/>
    <testcase time="0.0980000000000008" classname="tables_adverse_events_aet01" name="tables_adverse_events_aet01.qmd_result_v3_stable"/>
    <testcase time="0.138" classname="tables_adverse_events_aet01" name="tables_adverse_events_aet01.qmd_result_v4_stable"/>
  </testsuite>
  <testsuite name="tables-adverse-events-aet01_aesi" timestamp="2024-11-13T19:24:31Z" hostname="3b941d72fe3c" tests="4" skipped="0" failures="0" errors="0" time="0.686">
    <testcase time="0.138" classname="tables_adverse_events_aet01_aesi" name="tables_adverse_events_aet01_aesi.qmd_result_v1_stable"/>
    <testcase time="0.154" classname="tables_adverse_events_aet01_aesi" name="tables_adverse_events_aet01_aesi.qmd_result_v2_stable"/>
    <testcase time="0.227" classname="tables_adverse_events_aet01_aesi" name="tables_adverse_events_aet01_aesi.qmd_result_v3_stable"/>
    <testcase time="0.167" classname="tables_adverse_events_aet01_aesi" name="tables_adverse_events_aet01_aesi.qmd_result_v4_stable"/>
  </testsuite>
  <testsuite name="tables-adverse-events-aet02" timestamp="2024-11-13T19:24:32Z" hostname="3b941d72fe3c" tests="13" skipped="0" failures="0" errors="0" time="2.066">
    <testcase time="0.339" classname="tables_adverse_events_aet02" name="tables_adverse_events_aet02.qmd_result_v1_stable"/>
    <testcase time="0.187999999999999" classname="tables_adverse_events_aet02" name="tables_adverse_events_aet02.qmd_result_v2_stable"/>
    <testcase time="0.199" classname="tables_adverse_events_aet02" name="tables_adverse_events_aet02.qmd_result_v3_stable"/>
    <testcase time="0.268000000000001" classname="tables_adverse_events_aet02" name="tables_adverse_events_aet02.qmd_result_v4_stable"/>
    <testcase time="0.0999999999999996" classname="tables_adverse_events_aet02" name="tables_adverse_events_aet02.qmd_result_v5_stable"/>
    <testcase time="0.175000000000001" classname="tables_adverse_events_aet02" name="tables_adverse_events_aet02.qmd_result_v6_stable"/>
    <testcase time="0.116" classname="tables_adverse_events_aet02" name="tables_adverse_events_aet02.qmd_result_v7_stable"/>
    <testcase time="0.147" classname="tables_adverse_events_aet02" name="tables_adverse_events_aet02.qmd_result_v8_stable"/>
    <testcase time="0.119" classname="tables_adverse_events_aet02" name="tables_adverse_events_aet02.qmd_result_v9_stable"/>
    <testcase time="0.113" classname="tables_adverse_events_aet02" name="tables_adverse_events_aet02.qmd_result_v10_stable"/>
    <testcase time="0.0940000000000012" classname="tables_adverse_events_aet02" name="tables_adverse_events_aet02.qmd_result_v11_stable"/>
    <testcase time="0.119" classname="tables_adverse_events_aet02" name="tables_adverse_events_aet02.qmd_result_v12_stable"/>
    <testcase time="0.0890000000000004" classname="tables_adverse_events_aet02" name="tables_adverse_events_aet02.qmd_result_v13_stable"/>
  </testsuite>
  <testsuite name="tables-adverse-events-aet02_smq" timestamp="2024-11-13T19:24:34Z" hostname="3b941d72fe3c" tests="2" skipped="0" failures="0" errors="0" time="0.19">
    <testcase time="0.0889999999999986" classname="tables_adverse_events_aet02_smq" name="tables_adverse_events_aet02_smq.qmd_result_v1_stable"/>
    <testcase time="0.101000000000001" classname="tables_adverse_events_aet02_smq" name="tables_adverse_events_aet02_smq.qmd_result_v2_stable"/>
  </testsuite>
  <testsuite name="tables-adverse-events-aet03" timestamp="2024-11-13T19:24:34Z" hostname="3b941d72fe3c" tests="1" skipped="0" failures="0" errors="0" time="0.342">
    <testcase time="0.341999999999999" classname="tables_adverse_events_aet03" name="tables_adverse_events_aet03.qmd_result_v1_stable"/>
  </testsuite>
  <testsuite name="tables-adverse-events-aet04" timestamp="2024-11-13T19:24:35Z" hostname="3b941d72fe3c" tests="8" skipped="0" failures="0" errors="0" time="3.555">
    <testcase time="0.609000000000002" classname="tables_adverse_events_aet04" name="tables_adverse_events_aet04.qmd_result_v1_stable"/>
    <testcase time="0.436" classname="tables_adverse_events_aet04" name="tables_adverse_events_aet04.qmd_result_v2_stable"/>
    <testcase time="0.670999999999999" classname="tables_adverse_events_aet04" name="tables_adverse_events_aet04.qmd_result_v3_stable"/>
    <testcase time="0.384" classname="tables_adverse_events_aet04" name="tables_adverse_events_aet04.qmd_result_v4_stable"/>
    <testcase time="0.363" classname="tables_adverse_events_aet04" name="tables_adverse_events_aet04.qmd_result_v6_stable"/>
    <testcase time="0.367000000000001" classname="tables_adverse_events_aet04" name="tables_adverse_events_aet04.qmd_result_v8_stable"/>
    <testcase time="0.364999999999998" classname="tables_adverse_events_aet04" name="tables_adverse_events_aet04.qmd_result_v9_stable"/>
    <testcase time="0.359999999999999" classname="tables_adverse_events_aet04" name="tables_adverse_events_aet04.qmd_result_v11_stable"/>
  </testsuite>
  <testsuite name="tables-adverse-events-aet04_pi" timestamp="2024-11-13T19:24:39Z" hostname="3b941d72fe3c" tests="8" skipped="0" failures="0" errors="0" time="2.101">
    <testcase time="0.734000000000002" classname="tables_adverse_events_aet04_pi" name="tables_adverse_events_aet04_pi.qmd_result_v1_stable"/>
    <testcase time="0.477999999999998" classname="tables_adverse_events_aet04_pi" name="tables_adverse_events_aet04_pi.qmd_result_v2_stable"/>
    <testcase time="0.132000000000001" classname="tables_adverse_events_aet04_pi" name="tables_adverse_events_aet04_pi.qmd_result_v3_stable"/>
    <testcase time="0.103000000000002" classname="tables_adverse_events_aet04_pi" name="tables_adverse_events_aet04_pi.qmd_result_v4_stable"/>
    <testcase time="0.154" classname="tables_adverse_events_aet04_pi" name="tables_adverse_events_aet04_pi.qmd_result_v5_stable"/>
    <testcase time="0.150000000000002" classname="tables_adverse_events_aet04_pi" name="tables_adverse_events_aet04_pi.qmd_result_v6_stable"/>
    <testcase time="0.199999999999999" classname="tables_adverse_events_aet04_pi" name="tables_adverse_events_aet04_pi.qmd_result_v7_stable"/>
    <testcase time="0.149999999999999" classname="tables_adverse_events_aet04_pi" name="tables_adverse_events_aet04_pi.qmd_result_v8_stable"/>
  </testsuite>
  <testsuite name="tables-adverse-events-aet05" timestamp="2024-11-13T19:24:40Z" hostname="3b941d72fe3c" tests="2" skipped="0" failures="0" errors="0" time="0.146">
    <testcase time="0.0779999999999994" classname="tables_adverse_events_aet05" name="tables_adverse_events_aet05.qmd_result_v1_stable"/>
    <testcase time="0.0680000000000014" classname="tables_adverse_events_aet05" name="tables_adverse_events_aet05.qmd_result_v2_stable"/>
  </testsuite>
  <testsuite name="tables-adverse-events-aet05_all" timestamp="2024-11-13T19:24:41Z" hostname="3b941d72fe3c" tests="2" skipped="0" failures="0" errors="0" time="0.143">
    <testcase time="0.0740000000000016" classname="tables_adverse_events_aet05_all" name="tables_adverse_events_aet05_all.qmd_result_v1_stable"/>
    <testcase time="0.0689999999999991" classname="tables_adverse_events_aet05_all" name="tables_adverse_events_aet05_all.qmd_result_v2_stable"/>
  </testsuite>
  <testsuite name="tables-adverse-events-aet06" timestamp="2024-11-13T19:24:41Z" hostname="3b941d72fe3c" tests="5" skipped="0" failures="0" errors="0" time="1.692">
    <testcase time="0.477999999999998" classname="tables_adverse_events_aet06" name="tables_adverse_events_aet06.qmd_result_v1_stable"/>
    <testcase time="0.287000000000003" classname="tables_adverse_events_aet06" name="tables_adverse_events_aet06.qmd_result_v2_stable"/>
    <testcase time="0.338999999999999" classname="tables_adverse_events_aet06" name="tables_adverse_events_aet06.qmd_result_v3_stable"/>
    <testcase time="0.233000000000001" classname="tables_adverse_events_aet06" name="tables_adverse_events_aet06.qmd_result_v4_stable"/>
    <testcase time="0.355" classname="tables_adverse_events_aet06" name="tables_adverse_events_aet06.qmd_result_v5_stable"/>
  </testsuite>
  <testsuite name="tables-adverse-events-aet06_smq" timestamp="2024-11-13T19:24:42Z" hostname="3b941d72fe3c" tests="3" skipped="0" failures="0" errors="0" time="0.417">
    <testcase time="0.145" classname="tables_adverse_events_aet06_smq" name="tables_adverse_events_aet06_smq.qmd_result_v1_stable"/>
    <testcase time="0.157" classname="tables_adverse_events_aet06_smq" name="tables_adverse_events_aet06_smq.qmd_result_v2_stable"/>
    <testcase time="0.114999999999998" classname="tables_adverse_events_aet06_smq" name="tables_adverse_events_aet06_smq.qmd_result_v3_stable"/>
  </testsuite>
  <testsuite name="tables-adverse-events-aet07" timestamp="2024-11-13T19:24:43Z" hostname="3b941d72fe3c" tests="2" skipped="0" failures="0" errors="0" time="0.139">
    <testcase time="0.0680000000000014" classname="tables_adverse_events_aet07" name="tables_adverse_events_aet07.qmd_result_v1_stable"/>
    <testcase time="0.0710000000000015" classname="tables_adverse_events_aet07" name="tables_adverse_events_aet07.qmd_result_v2_stable"/>
  </testsuite>
  <testsuite name="tables-adverse-events-aet09" timestamp="2024-11-13T19:24:43Z" hostname="3b941d72fe3c" tests="2" skipped="0" failures="0" errors="0" time="0.403">
    <testcase time="0.216999999999999" classname="tables_adverse_events_aet09" name="tables_adverse_events_aet09.qmd_result_v1_stable"/>
    <testcase time="0.186" classname="tables_adverse_events_aet09" name="tables_adverse_events_aet09.qmd_result_v2_stable"/>
  </testsuite>
  <testsuite name="tables-adverse-events-aet09_smq" timestamp="2024-11-13T19:24:43Z" hostname="3b941d72fe3c" tests="2" skipped="0" failures="0" errors="0" time="0.196">
    <testcase time="0.0940000000000012" classname="tables_adverse_events_aet09_smq" name="tables_adverse_events_aet09_smq.qmd_result_v1_stable"/>
    <testcase time="0.102" classname="tables_adverse_events_aet09_smq" name="tables_adverse_events_aet09_smq.qmd_result_v2_stable"/>
  </testsuite>
  <testsuite name="tables-adverse-events-aet10" timestamp="2024-11-13T19:24:44Z" hostname="3b941d72fe3c" tests="2" skipped="0" failures="0" errors="0" time="0.24">
    <testcase time="0.134999999999998" classname="tables_adverse_events_aet10" name="tables_adverse_events_aet10.qmd_result_v1_stable"/>
    <testcase time="0.105" classname="tables_adverse_events_aet10" name="tables_adverse_events_aet10.qmd_result_v2_stable"/>
  </testsuite>
  <testsuite name="tables-concomitant-medications-cmt01" timestamp="2024-11-13T19:24:44Z" hostname="3b941d72fe3c" tests="4" skipped="0" failures="0" errors="0" time="0.495">
    <testcase time="0.155000000000001" classname="tables_concomitant_medications_cmt01" name="tables_concomitant_medications_cmt01.qmd_result_v1_stable"/>
    <testcase time="0.0939999999999976" classname="tables_concomitant_medications_cmt01" name="tables_concomitant_medications_cmt01.qmd_result_v2_stable"/>
    <testcase time="0.111000000000001" classname="tables_concomitant_medications_cmt01" name="tables_concomitant_medications_cmt01.qmd_result_v3_stable"/>
    <testcase time="0.135000000000002" classname="tables_concomitant_medications_cmt01" name="tables_concomitant_medications_cmt01.qmd_result_v4_stable"/>
  </testsuite>
  <testsuite name="tables-concomitant-medications-cmt01a" timestamp="2024-11-13T19:24:44Z" hostname="3b941d72fe3c" tests="4" skipped="0" failures="0" errors="0" time="0.788">
    <testcase time="0.244" classname="tables_concomitant_medications_cmt01a" name="tables_concomitant_medications_cmt01a.qmd_result_v1_stable"/>
    <testcase time="0.192" classname="tables_concomitant_medications_cmt01a" name="tables_concomitant_medications_cmt01a.qmd_result_v2_stable"/>
    <testcase time="0.195999999999998" classname="tables_concomitant_medications_cmt01a" name="tables_concomitant_medications_cmt01a.qmd_result_v3_stable"/>
    <testcase time="0.156000000000002" classname="tables_concomitant_medications_cmt01a" name="tables_concomitant_medications_cmt01a.qmd_result_v4_stable"/>
  </testsuite>
  <testsuite name="tables-concomitant-medications-cmt01b" timestamp="2024-11-13T19:24:45Z" hostname="3b941d72fe3c" tests="3" skipped="0" failures="0" errors="0" time="0.899">
    <testcase time="0.372" classname="tables_concomitant_medications_cmt01b" name="tables_concomitant_medications_cmt01b.qmd_result_v1_stable"/>
    <testcase time="0.221999999999998" classname="tables_concomitant_medications_cmt01b" name="tables_concomitant_medications_cmt01b.qmd_result_v2_stable"/>
    <testcase time="0.305" classname="tables_concomitant_medications_cmt01b" name="tables_concomitant_medications_cmt01b.qmd_result_v4_stable"/>
  </testsuite>
  <testsuite name="tables-concomitant-medications-cmt02_pt" timestamp="2024-11-13T19:24:46Z" hostname="3b941d72fe3c" tests="1" skipped="0" failures="0" errors="0" time="0.102">
    <testcase time="0.102" classname="tables_concomitant_medications_cmt02_pt" name="tables_concomitant_medications_cmt02_pt.qmd_result_v1_stable"/>
  </testsuite>
  <testsuite name="tables-deaths-dtht01" timestamp="2024-11-13T19:24:46Z" hostname="3b941d72fe3c" tests="4" skipped="0" failures="0" errors="0" time="0.595">
    <testcase time="0.222000000000001" classname="tables_deaths_dtht01" name="tables_deaths_dtht01.qmd_result_v1_stable"/>
    <testcase time="0.164999999999999" classname="tables_deaths_dtht01" name="tables_deaths_dtht01.qmd_result_v2_stable"/>
    <testcase time="0.0970000000000013" classname="tables_deaths_dtht01" name="tables_deaths_dtht01.qmd_result_v3_stable"/>
    <testcase time="0.111000000000001" classname="tables_deaths_dtht01" name="tables_deaths_dtht01.qmd_result_v4_stable"/>
  </testsuite>
  <testsuite name="tables-demography-dmt01" timestamp="2024-11-13T19:24:47Z" hostname="3b941d72fe3c" tests="5" skipped="0" failures="0" errors="0" time="0.899">
    <testcase time="0.251999999999999" classname="tables_demography_dmt01" name="tables_demography_dmt01.qmd_result_v1_stable"/>
    <testcase time="0.172999999999998" classname="tables_demography_dmt01" name="tables_demography_dmt01.qmd_result_v2_stable"/>
    <testcase time="0.174000000000003" classname="tables_demography_dmt01" name="tables_demography_dmt01.qmd_result_v3_stable"/>
    <testcase time="0.157999999999998" classname="tables_demography_dmt01" name="tables_demography_dmt01.qmd_result_v4_stable"/>
    <testcase time="0.141999999999999" classname="tables_demography_dmt01" name="tables_demography_dmt01.qmd_result_v5_stable"/>
  </testsuite>
  <testsuite name="tables-disclosures-disclosurest01" timestamp="2024-11-13T19:24:48Z" hostname="3b941d72fe3c" tests="6" skipped="0" failures="0" errors="0" time="0.86">
    <testcase time="0.184000000000001" classname="tables_disclosures_disclosurest01" name="tables_disclosures_disclosurest01.qmd_result_v1_stable"/>
    <testcase time="0.254000000000001" classname="tables_disclosures_disclosurest01" name="tables_disclosures_disclosurest01.qmd_result_v2_stable"/>
    <testcase time="0.105" classname="tables_disclosures_disclosurest01" name="tables_disclosures_disclosurest01.qmd_result_v3_stable"/>
    <testcase time="0.134999999999998" classname="tables_disclosures_disclosurest01" name="tables_disclosures_disclosurest01.qmd_result_v4_stable"/>
    <testcase time="0.113" classname="tables_disclosures_disclosurest01" name="tables_disclosures_disclosurest01.qmd_result_v5_stable"/>
    <testcase time="0.0689999999999991" classname="tables_disclosures_disclosurest01" name="tables_disclosures_disclosurest01.qmd_result_v6_stable"/>
  </testsuite>
  <testsuite name="tables-disclosures-eudrat01" timestamp="2024-11-13T19:24:48Z" hostname="3b941d72fe3c" tests="1" skipped="0" failures="0" errors="0" time="0.164">
    <testcase time="0.164000000000001" classname="tables_disclosures_eudrat01" name="tables_disclosures_eudrat01.qmd_result_v1_stable"/>
  </testsuite>
  <testsuite name="tables-disclosures-eudrat02" timestamp="2024-11-13T19:24:49Z" hostname="3b941d72fe3c" tests="1" skipped="0" failures="0" errors="0" time="0.128">
    <testcase time="0.128" classname="tables_disclosures_eudrat02" name="tables_disclosures_eudrat02.qmd_result_v1_stable"/>
  </testsuite>
  <testsuite name="tables-disposition-dst01" timestamp="2024-11-13T19:24:49Z" hostname="3b941d72fe3c" tests="3" skipped="0" failures="0" errors="0" time="0.442">
    <testcase time="0.186" classname="tables_disposition_dst01" name="tables_disposition_dst01.qmd_result_v1_stable"/>
    <testcase time="0.109999999999999" classname="tables_disposition_dst01" name="tables_disposition_dst01.qmd_result_v2_stable"/>
    <testcase time="0.146000000000001" classname="tables_disposition_dst01" name="tables_disposition_dst01.qmd_result_v3_stable"/>
  </testsuite>
  <testsuite name="tables-disposition-pdt01" timestamp="2024-11-13T19:24:49Z" hostname="3b941d72fe3c" tests="1" skipped="0" failures="0" errors="0" time="0.168">
    <testcase time="0.167999999999999" classname="tables_disposition_pdt01" name="tables_disposition_pdt01.qmd_result_v1_stable"/>
  </testsuite>
  <testsuite name="tables-disposition-pdt02" timestamp="2024-11-13T19:24:49Z" hostname="3b941d72fe3c" tests="1" skipped="0" failures="0" errors="0" time="0.117">
    <testcase time="0.117000000000001" classname="tables_disposition_pdt02" name="tables_disposition_pdt02.qmd_result_v1_stable"/>
  </testsuite>
  <testsuite name="tables-efficacy-aovt01" timestamp="2024-11-13T19:24:50Z" hostname="3b941d72fe3c" tests="1" skipped="0" failures="0" errors="0" time="0.861">
    <testcase time="0.860999999999997" classname="tables_efficacy_aovt01" name="tables_efficacy_aovt01.qmd_result_v1_stable"/>
  </testsuite>
  <testsuite name="tables-efficacy-aovt02" timestamp="2024-11-13T19:24:50Z" hostname="3b941d72fe3c" tests="1" skipped="0" failures="0" errors="0" time="0.209">
    <testcase time="0.209" classname="tables_efficacy_aovt02" name="tables_efficacy_aovt02.qmd_result_v1_stable"/>
  </testsuite>
  <testsuite name="tables-efficacy-aovt03" timestamp="2024-11-13T19:24:51Z" hostname="3b941d72fe3c" tests="1" skipped="0" failures="0" errors="0" time="1.134">
    <testcase time="1.134" classname="tables_efficacy_aovt03" name="tables_efficacy_aovt03.qmd_result_v1_stable"/>
  </testsuite>
  <testsuite name="tables-efficacy-cfbt01" timestamp="2024-11-13T19:24:52Z" hostname="3b941d72fe3c" tests="1" skipped="0" failures="0" errors="0" time="0.243">
    <testcase time="0.243000000000002" classname="tables_efficacy_cfbt01" name="tables_efficacy_cfbt01.qmd_result_v1_stable"/>
  </testsuite>
  <testsuite name="tables-efficacy-cmht01" timestamp="2024-11-13T19:24:54Z" hostname="3b941d72fe3c" tests="2" skipped="0" failures="0" errors="0" time="2.199">
    <testcase time="1.921" classname="tables_efficacy_cmht01" name="tables_efficacy_cmht01.qmd_result_v1_stable"/>
    <testcase time="0.277999999999999" classname="tables_efficacy_cmht01" name="tables_efficacy_cmht01.qmd_result_v2_stable"/>
  </testsuite>
  <testsuite name="tables-efficacy-coxt01" timestamp="2024-11-13T19:24:54Z" hostname="3b941d72fe3c" tests="4" skipped="0" failures="0" errors="0" time="0.467">
    <testcase time="0.170999999999999" classname="tables_efficacy_coxt01" name="tables_efficacy_coxt01.qmd_result_v1_stable"/>
    <testcase time="0.0940000000000012" classname="tables_efficacy_coxt01" name="tables_efficacy_coxt01.qmd_result_v2_stable"/>
    <testcase time="0.100000000000001" classname="tables_efficacy_coxt01" name="tables_efficacy_coxt01.qmd_result_v3_stable"/>
    <testcase time="0.101999999999997" classname="tables_efficacy_coxt01" name="tables_efficacy_coxt01.qmd_result_v4_stable"/>
  </testsuite>
  <testsuite name="tables-efficacy-coxt02" timestamp="2024-11-13T19:24:55Z" hostname="3b941d72fe3c" tests="2" skipped="0" failures="0" errors="0" time="0.2">
    <testcase time="0.105000000000004" classname="tables_efficacy_coxt02" name="tables_efficacy_coxt02.qmd_result_v1_stable"/>
    <testcase time="0.0949999999999989" classname="tables_efficacy_coxt02" name="tables_efficacy_coxt02.qmd_result_v2_stable"/>
  </testsuite>
  <testsuite name="tables-efficacy-dort01" timestamp="2024-11-13T19:24:55Z" hostname="3b941d72fe3c" tests="4" skipped="0" failures="0" errors="0" time="1.182">
    <testcase time="0.874000000000002" classname="tables_efficacy_dort01" name="tables_efficacy_dort01.qmd_result_v1_stable"/>
    <testcase time="0.102999999999994" classname="tables_efficacy_dort01" name="tables_efficacy_dort01.qmd_result_v2_stable"/>
    <testcase time="0.101000000000006" classname="tables_efficacy_dort01" name="tables_efficacy_dort01.qmd_result_v3_stable"/>
    <testcase time="0.103999999999999" classname="tables_efficacy_dort01" name="tables_efficacy_dort01.qmd_result_v4_stable"/>
  </testsuite>
  <testsuite name="tables-efficacy-lgrt02" timestamp="2024-11-13T19:24:56Z" hostname="3b941d72fe3c" tests="4" skipped="0" failures="0" errors="0" time="0.69">
    <testcase time="0.213000000000001" classname="tables_efficacy_lgrt02" name="tables_efficacy_lgrt02.qmd_result_v1_stable"/>
    <testcase time="0.164999999999999" classname="tables_efficacy_lgrt02" name="tables_efficacy_lgrt02.qmd_result_v2_stable"/>
    <testcase time="0.141999999999996" classname="tables_efficacy_lgrt02" name="tables_efficacy_lgrt02.qmd_result_v3_stable"/>
    <testcase time="0.170000000000002" classname="tables_efficacy_lgrt02" name="tables_efficacy_lgrt02.qmd_result_v4_stable"/>
  </testsuite>
  <testsuite name="tables-efficacy-mmrmt01" timestamp="2024-11-13T19:24:57Z" hostname="3b941d72fe3c" tests="4" skipped="0" failures="0" errors="0" time="0.646">
    <testcase time="0.212000000000003" classname="tables_efficacy_mmrmt01" name="tables_efficacy_mmrmt01.qmd_result_v1_stable"/>
    <testcase time="0.101999999999997" classname="tables_efficacy_mmrmt01" name="tables_efficacy_mmrmt01.qmd_result_v2_stable"/>
    <testcase time="0.238999999999997" classname="tables_efficacy_mmrmt01" name="tables_efficacy_mmrmt01.qmd_result_v3_stable"/>
    <testcase time="0.0930000000000035" classname="tables_efficacy_mmrmt01" name="tables_efficacy_mmrmt01.qmd_result_baseline_stable"/>
  </testsuite>
  <testsuite name="tables-efficacy-onct05" timestamp="2024-11-13T19:24:57Z" hostname="3b941d72fe3c" tests="4" skipped="0" failures="0" errors="0" time="0.673">
    <testcase time="0.259" classname="tables_efficacy_onct05" name="tables_efficacy_onct05.qmd_result_v1_stable"/>
    <testcase time="0.131999999999998" classname="tables_efficacy_onct05" name="tables_efficacy_onct05.qmd_result_v2_stable"/>
    <testcase time="0.142000000000003" classname="tables_efficacy_onct05" name="tables_efficacy_onct05.qmd_result_v3_stable"/>
    <testcase time="0.140000000000001" classname="tables_efficacy_onct05" name="tables_efficacy_onct05.qmd_result_v4_stable"/>
  </testsuite>
  <testsuite name="tables-efficacy-ratet01" timestamp="2024-11-13T19:24:58Z" hostname="3b941d72fe3c" tests="1" skipped="0" failures="0" errors="0" time="0.273">
    <testcase time="0.273000000000003" classname="tables_efficacy_ratet01" name="tables_efficacy_ratet01.qmd_result_v1_stable"/>
  </testsuite>
  <testsuite name="tables-efficacy-rspt01" timestamp="2024-11-13T19:24:59Z" hostname="3b941d72fe3c" tests="6" skipped="0" failures="0" errors="0" time="1.054">
    <testcase time="0.459999999999994" classname="tables_efficacy_rspt01" name="tables_efficacy_rspt01.qmd_result_v1_stable"/>
    <testcase time="0.116" classname="tables_efficacy_rspt01" name="tables_efficacy_rspt01.qmd_result_v2_stable"/>
    <testcase time="0.125" classname="tables_efficacy_rspt01" name="tables_efficacy_rspt01.qmd_result_v3_stable"/>
    <testcase time="0.134" classname="tables_efficacy_rspt01" name="tables_efficacy_rspt01.qmd_result_v4_stable"/>
    <testcase time="0.115000000000002" classname="tables_efficacy_rspt01" name="tables_efficacy_rspt01.qmd_result_v5_stable"/>
    <testcase time="0.103999999999999" classname="tables_efficacy_rspt01" name="tables_efficacy_rspt01.qmd_result_v6_stable"/>
  </testsuite>
  <testsuite name="tables-efficacy-ttet01" timestamp="2024-11-13T19:25:00Z" hostname="3b941d72fe3c" tests="6" skipped="0" failures="0" errors="0" time="2.128">
    <testcase time="1.241" classname="tables_efficacy_ttet01" name="tables_efficacy_ttet01.qmd_result_v1_stable"/>
    <testcase time="0.169000000000004" classname="tables_efficacy_ttet01" name="tables_efficacy_ttet01.qmd_result_v2_stable"/>
    <testcase time="0.25" classname="tables_efficacy_ttet01" name="tables_efficacy_ttet01.qmd_result_v3_stable"/>
    <testcase time="0.171999999999997" classname="tables_efficacy_ttet01" name="tables_efficacy_ttet01.qmd_result_v4_stable"/>
    <testcase time="0.138000000000005" classname="tables_efficacy_ttet01" name="tables_efficacy_ttet01.qmd_result_v5_stable"/>
    <testcase time="0.158000000000001" classname="tables_efficacy_ttet01" name="tables_efficacy_ttet01.qmd_result_v6_stable"/>
  </testsuite>
  <testsuite name="tables-exposure-ext01" timestamp="2024-11-13T19:25:01Z" hostname="3b941d72fe3c" tests="3" skipped="0" failures="0" errors="0" time="0.682">
    <testcase time="0.233999999999995" classname="tables_exposure_ext01" name="tables_exposure_ext01.qmd_result_v1_stable"/>
    <testcase time="0.191000000000003" classname="tables_exposure_ext01" name="tables_exposure_ext01.qmd_result_v2_stable"/>
    <testcase time="0.256999999999998" classname="tables_exposure_ext01" name="tables_exposure_ext01.qmd_result_v3_stable"/>
  </testsuite>
  <testsuite name="tables-lab-results-lbt01" timestamp="2024-11-13T19:25:02Z" hostname="3b941d72fe3c" tests="1" skipped="0" failures="0" errors="0" time="0.252">
    <testcase time="0.252000000000002" classname="tables_lab_results_lbt01" name="tables_lab_results_lbt01.qmd_result_v1_stable"/>
  </testsuite>
  <testsuite name="tables-lab-results-lbt02" timestamp="2024-11-13T19:25:02Z" hostname="3b941d72fe3c" tests="1" skipped="0" failures="0" errors="0" time="0.185">
    <testcase time="0.185000000000002" classname="tables_lab_results_lbt02" name="tables_lab_results_lbt02.qmd_result_v1_stable"/>
  </testsuite>
  <testsuite name="tables-lab-results-lbt03" timestamp="2024-11-13T19:25:02Z" hostname="3b941d72fe3c" tests="2" skipped="0" failures="0" errors="0" time="0.331">
    <testcase time="0.163999999999994" classname="tables_lab_results_lbt03" name="tables_lab_results_lbt03.qmd_result_v1_stable"/>
    <testcase time="0.167000000000002" classname="tables_lab_results_lbt03" name="tables_lab_results_lbt03.qmd_result_v2_stable"/>
  </testsuite>
  <testsuite name="tables-lab-results-lbt04" timestamp="2024-11-13T19:25:03Z" hostname="3b941d72fe3c" tests="1" skipped="0" failures="0" errors="0" time="0.093">
    <testcase time="0.0930000000000035" classname="tables_lab_results_lbt04" name="tables_lab_results_lbt04.qmd_result_v1_stable"/>
  </testsuite>
  <testsuite name="tables-lab-results-lbt05" timestamp="2024-11-13T19:25:03Z" hostname="3b941d72fe3c" tests="3" skipped="0" failures="0" errors="0" time="0.691">
    <testcase time="0.164999999999999" classname="tables_lab_results_lbt05" name="tables_lab_results_lbt05.qmd_result_v1_stable"/>
    <testcase time="0.402999999999999" classname="tables_lab_results_lbt05" name="tables_lab_results_lbt05.qmd_result_v2_stable"/>
    <testcase time="0.122999999999998" classname="tables_lab_results_lbt05" name="tables_lab_results_lbt05.qmd_result_v4_stable"/>
  </testsuite>
  <testsuite name="tables-lab-results-lbt06" timestamp="2024-11-13T19:25:04Z" hostname="3b941d72fe3c" tests="2" skipped="0" failures="0" errors="0" time="0.71">
    <testcase time="0.246000000000002" classname="tables_lab_results_lbt06" name="tables_lab_results_lbt06.qmd_result_v1_stable"/>
    <testcase time="0.463999999999999" classname="tables_lab_results_lbt06" name="tables_lab_results_lbt06.qmd_result_v2_stable"/>
  </testsuite>
  <testsuite name="tables-lab-results-lbt07" timestamp="2024-11-13T19:25:04Z" hostname="3b941d72fe3c" tests="1" skipped="0" failures="0" errors="0" time="0.169">
    <testcase time="0.169000000000004" classname="tables_lab_results_lbt07" name="tables_lab_results_lbt07.qmd_result_v1_stable"/>
  </testsuite>
  <testsuite name="tables-lab-results-lbt08" timestamp="2024-11-13T19:25:04Z" hostname="3b941d72fe3c" tests="1" skipped="0" failures="0" errors="0" time="0.161">
    <testcase time="0.160999999999994" classname="tables_lab_results_lbt08" name="tables_lab_results_lbt08.qmd_result_v1_stable"/>
  </testsuite>
  <testsuite name="tables-lab-results-lbt09" timestamp="2024-11-13T19:25:05Z" hostname="3b941d72fe3c" tests="2" skipped="0" failures="0" errors="0" time="0.548">
    <testcase time="0.343000000000004" classname="tables_lab_results_lbt09" name="tables_lab_results_lbt09.qmd_result_v1_stable"/>
    <testcase time="0.204999999999998" classname="tables_lab_results_lbt09" name="tables_lab_results_lbt09.qmd_result_v2_stable"/>
  </testsuite>
  <testsuite name="tables-lab-results-lbt10" timestamp="2024-11-13T19:25:05Z" hostname="3b941d72fe3c" tests="2" skipped="0" failures="0" errors="0" time="0.151">
    <testcase time="0.0870000000000033" classname="tables_lab_results_lbt10" name="tables_lab_results_lbt10.qmd_result_v1_stable"/>
    <testcase time="0.0640000000000001" classname="tables_lab_results_lbt10" name="tables_lab_results_lbt10.qmd_result_v2_stable"/>
  </testsuite>
  <testsuite name="tables-lab-results-lbt10_bl" timestamp="2024-11-13T19:25:05Z" hostname="3b941d72fe3c" tests="2" skipped="0" failures="0" errors="0" time="0.158">
    <testcase time="0.0940000000000012" classname="tables_lab_results_lbt10_bl" name="tables_lab_results_lbt10_bl.qmd_result_v1_stable"/>
    <testcase time="0.0640000000000001" classname="tables_lab_results_lbt10_bl" name="tables_lab_results_lbt10_bl.qmd_result_v2_stable"/>
  </testsuite>
  <testsuite name="tables-lab-results-lbt11" timestamp="2024-11-13T19:25:06Z" hostname="3b941d72fe3c" tests="3" skipped="0" failures="0" errors="0" time="0.512">
    <testcase time="0.314999999999998" classname="tables_lab_results_lbt11" name="tables_lab_results_lbt11.qmd_result_v1_stable"/>
    <testcase time="0.0839999999999961" classname="tables_lab_results_lbt11" name="tables_lab_results_lbt11.qmd_result_v2_stable"/>
    <testcase time="0.113" classname="tables_lab_results_lbt11" name="tables_lab_results_lbt11.qmd_result_v3_stable"/>
  </testsuite>
  <testsuite name="tables-lab-results-lbt11_bl" timestamp="2024-11-13T19:25:06Z" hostname="3b941d72fe3c" tests="3" skipped="0" failures="0" errors="0" time="0.523">
    <testcase time="0.327000000000005" classname="tables_lab_results_lbt11_bl" name="tables_lab_results_lbt11_bl.qmd_result_v1_stable"/>
    <testcase time="0.0839999999999961" classname="tables_lab_results_lbt11_bl" name="tables_lab_results_lbt11_bl.qmd_result_v2_stable"/>
    <testcase time="0.112000000000002" classname="tables_lab_results_lbt11_bl" name="tables_lab_results_lbt11_bl.qmd_result_v3_stable"/>
  </testsuite>
  <testsuite name="tables-lab-results-lbt12" timestamp="2024-11-13T19:25:07Z" hostname="3b941d72fe3c" tests="1" skipped="0" failures="0" errors="0" time="0.108">
    <testcase time="0.107999999999997" classname="tables_lab_results_lbt12" name="tables_lab_results_lbt12.qmd_result_v1_stable"/>
  </testsuite>
  <testsuite name="tables-lab-results-lbt12_bl" timestamp="2024-11-13T19:25:07Z" hostname="3b941d72fe3c" tests="1" skipped="0" failures="0" errors="0" time="0.114">
    <testcase time="0.114000000000004" classname="tables_lab_results_lbt12_bl" name="tables_lab_results_lbt12_bl.qmd_result_v1_stable"/>
  </testsuite>
  <testsuite name="tables-lab-results-lbt13" timestamp="2024-11-13T19:25:07Z" hostname="3b941d72fe3c" tests="5" skipped="0" failures="0" errors="0" time="2.985">
    <testcase time="0.722000000000001" classname="tables_lab_results_lbt13" name="tables_lab_results_lbt13.qmd_result_v1_stable"/>
    <testcase time="0.473999999999997" classname="tables_lab_results_lbt13" name="tables_lab_results_lbt13.qmd_result_v2_stable"/>
    <testcase time="0.456000000000003" classname="tables_lab_results_lbt13" name="tables_lab_results_lbt13.qmd_result_v3_stable"/>
    <testcase time="0.472999999999999" classname="tables_lab_results_lbt13" name="tables_lab_results_lbt13.qmd_result_v4_stable"/>
    <testcase time="0.859999999999999" classname="tables_lab_results_lbt13" name="tables_lab_results_lbt13.qmd_result_v5_stable"/>
  </testsuite>
  <testsuite name="tables-lab-results-lbt14" timestamp="2024-11-13T19:25:10Z" hostname="3b941d72fe3c" tests="5" skipped="0" failures="0" errors="0" time="1.9">
    <testcase time="0.386000000000003" classname="tables_lab_results_lbt14" name="tables_lab_results_lbt14.qmd_result_v1_stable"/>
    <testcase time="0.280000000000001" classname="tables_lab_results_lbt14" name="tables_lab_results_lbt14.qmd_result_v2_stable"/>
    <testcase time="0.329999999999998" classname="tables_lab_results_lbt14" name="tables_lab_results_lbt14.qmd_result_v3_stable"/>
    <testcase time="0.274000000000001" classname="tables_lab_results_lbt14" name="tables_lab_results_lbt14.qmd_result_v4_stable"/>
    <testcase time="0.629999999999995" classname="tables_lab_results_lbt14" name="tables_lab_results_lbt14.qmd_result_v5_stable"/>
  </testsuite>
  <testsuite name="tables-lab-results-lbt15" timestamp="2024-11-13T19:25:12Z" hostname="3b941d72fe3c" tests="2" skipped="0" failures="0" errors="0" time="0.235">
    <testcase time="0.120000000000005" classname="tables_lab_results_lbt15" name="tables_lab_results_lbt15.qmd_result_v1_stable"/>
    <testcase time="0.115000000000002" classname="tables_lab_results_lbt15" name="tables_lab_results_lbt15.qmd_result_v2_stable"/>
  </testsuite>
  <testsuite name="tables-medical-history-mht01" timestamp="2024-11-13T19:25:12Z" hostname="3b941d72fe3c" tests="4" skipped="0" failures="0" errors="0" time="0.574">
    <testcase time="0.192999999999998" classname="tables_medical_history_mht01" name="tables_medical_history_mht01.qmd_result_v1_stable"/>
    <testcase time="0.0769999999999982" classname="tables_medical_history_mht01" name="tables_medical_history_mht01.qmd_result_v2_stable"/>
    <testcase time="0.134" classname="tables_medical_history_mht01" name="tables_medical_history_mht01.qmd_result_v3_stable"/>
    <testcase time="0.170000000000002" classname="tables_medical_history_mht01" name="tables_medical_history_mht01.qmd_result_v4_stable"/>
  </testsuite>
  <testsuite name="tables-pharmacokinetic-pkct01" timestamp="2024-11-13T19:25:13Z" hostname="3b941d72fe3c" tests="3" skipped="0" failures="0" errors="0" time="0.919">
    <testcase time="0.503999999999998" classname="tables_pharmacokinetic_pkct01" name="tables_pharmacokinetic_pkct01.qmd_result_v1_stable"/>
    <testcase time="0.215000000000003" classname="tables_pharmacokinetic_pkct01" name="tables_pharmacokinetic_pkct01.qmd_result_v2_stable"/>
    <testcase time="0.199999999999996" classname="tables_pharmacokinetic_pkct01" name="tables_pharmacokinetic_pkct01.qmd_result_v3_stable"/>
  </testsuite>
  <testsuite name="tables-pharmacokinetic-pkpt02" timestamp="2024-11-13T19:25:13Z" hostname="3b941d72fe3c" tests="2" skipped="0" failures="0" errors="0" time="0.28">
    <testcase time="0.155000000000001" classname="tables_pharmacokinetic_pkpt02" name="tables_pharmacokinetic_pkpt02.qmd_result_v1_stable"/>
    <testcase time="0.125" classname="tables_pharmacokinetic_pkpt02" name="tables_pharmacokinetic_pkpt02.qmd_result_v2_stable"/>
  </testsuite>
  <testsuite name="tables-pharmacokinetic-pkpt03" timestamp="2024-11-13T19:25:15Z" hostname="3b941d72fe3c" tests="3" skipped="3" failures="0" errors="0" time="1.766">
    <testcase time="1.741" classname="tables_pharmacokinetic_pkpt03" name="tables_pharmacokinetic_pkpt03.qmd_result_v1_stable">
      <skipped message="Reason: Snapshot test is not implemented for object of class: list. ('test-tables-pharmacokinetic-pkpt03.R:1:1')"/>
    </testcase>
    <testcase time="0.0129999999999981" classname="tables_pharmacokinetic_pkpt03" name="tables_pharmacokinetic_pkpt03.qmd_result_v2_stable">
      <skipped message="Reason: Snapshot test is not implemented for object of class: list. ('test-tables-pharmacokinetic-pkpt03.R:1:1')"/>
    </testcase>
    <testcase time="0.0120000000000005" classname="tables_pharmacokinetic_pkpt03" name="tables_pharmacokinetic_pkpt03.qmd_result_v3_stable">
      <skipped message="Reason: Snapshot test is not implemented for object of class: list. ('test-tables-pharmacokinetic-pkpt03.R:1:1')"/>
    </testcase>
  </testsuite>
  <testsuite name="tables-pharmacokinetic-pkpt04" timestamp="2024-11-13T19:25:15Z" hostname="3b941d72fe3c" tests="2" skipped="0" failures="0" errors="0" time="0.306">
    <testcase time="0.182000000000002" classname="tables_pharmacokinetic_pkpt04" name="tables_pharmacokinetic_pkpt04.qmd_result_v1_stable"/>
    <testcase time="0.124000000000002" classname="tables_pharmacokinetic_pkpt04" name="tables_pharmacokinetic_pkpt04.qmd_result_v2_stable"/>
  </testsuite>
  <testsuite name="tables-pharmacokinetic-pkpt05" timestamp="2024-11-13T19:25:16Z" hostname="3b941d72fe3c" tests="2" skipped="0" failures="0" errors="0" time="0.3">
    <testcase time="0.187999999999995" classname="tables_pharmacokinetic_pkpt05" name="tables_pharmacokinetic_pkpt05.qmd_result_v1_stable"/>
    <testcase time="0.112000000000002" classname="tables_pharmacokinetic_pkpt05" name="tables_pharmacokinetic_pkpt05.qmd_result_v2_stable"/>
  </testsuite>
  <testsuite name="tables-pharmacokinetic-pkpt06" timestamp="2024-11-13T19:25:16Z" hostname="3b941d72fe3c" tests="2" skipped="0" failures="0" errors="0" time="0.184">
    <testcase time="0.121000000000002" classname="tables_pharmacokinetic_pkpt06" name="tables_pharmacokinetic_pkpt06.qmd_result_v1_stable"/>
    <testcase time="0.0629999999999953" classname="tables_pharmacokinetic_pkpt06" name="tables_pharmacokinetic_pkpt06.qmd_result_v2_stable"/>
  </testsuite>
  <testsuite name="tables-pharmacokinetic-pkpt07" timestamp="2024-11-13T19:25:16Z" hostname="3b941d72fe3c" tests="2" skipped="0" failures="0" errors="0" time="0.222">
    <testcase time="0.124000000000002" classname="tables_pharmacokinetic_pkpt07" name="tables_pharmacokinetic_pkpt07.qmd_result_v1_stable"/>
    <testcase time="0.097999999999999" classname="tables_pharmacokinetic_pkpt07" name="tables_pharmacokinetic_pkpt07.qmd_result_v2_stable"/>
  </testsuite>
  <testsuite name="tables-pharmacokinetic-pkpt08" timestamp="2024-11-13T19:25:16Z" hostname="3b941d72fe3c" tests="1" skipped="0" failures="0" errors="0" time="0.355">
    <testcase time="0.355000000000004" classname="tables_pharmacokinetic_pkpt08" name="tables_pharmacokinetic_pkpt08.qmd_result_v1_stable"/>
  </testsuite>
  <testsuite name="tables-pharmacokinetic-pkpt11" timestamp="2024-11-13T19:25:17Z" hostname="3b941d72fe3c" tests="1" skipped="0" failures="0" errors="0" time="0.078">
    <testcase time="0.0779999999999959" classname="tables_pharmacokinetic_pkpt11" name="tables_pharmacokinetic_pkpt11.qmd_result_v1_stable"/>
  </testsuite>
  <testsuite name="tables-risk-management-plan-rmpt01" timestamp="2024-11-13T19:25:17Z" hostname="3b941d72fe3c" tests="1" skipped="0" failures="0" errors="0" time="0.065">
    <testcase time="0.0650000000000048" classname="tables_risk_management_plan_rmpt01" name="tables_risk_management_plan_rmpt01.qmd_result_v1_stable"/>
  </testsuite>
  <testsuite name="tables-risk-management-plan-rmpt03" timestamp="2024-11-13T19:25:17Z" hostname="3b941d72fe3c" tests="2" skipped="0" failures="0" errors="0" time="0.207">
    <testcase time="0.117999999999995" classname="tables_risk_management_plan_rmpt03" name="tables_risk_management_plan_rmpt03.qmd_result_v1_stable"/>
    <testcase time="0.0890000000000057" classname="tables_risk_management_plan_rmpt03" name="tables_risk_management_plan_rmpt03.qmd_result_v2_stable"/>
  </testsuite>
  <testsuite name="tables-risk-management-plan-rmpt04" timestamp="2024-11-13T19:25:17Z" hostname="3b941d72fe3c" tests="1" skipped="0" failures="0" errors="0" time="0.066">
    <testcase time="0.0659999999999954" classname="tables_risk_management_plan_rmpt04" name="tables_risk_management_plan_rmpt04.qmd_result_v1_stable"/>
  </testsuite>
  <testsuite name="tables-risk-management-plan-rmpt05" timestamp="2024-11-13T19:25:17Z" hostname="3b941d72fe3c" tests="1" skipped="0" failures="0" errors="0" time="0.086">
    <testcase time="0.0859999999999985" classname="tables_risk_management_plan_rmpt05" name="tables_risk_management_plan_rmpt05.qmd_result_v1_stable"/>
  </testsuite>
  <testsuite name="tables-risk-management-plan-rmpt06" timestamp="2024-11-13T19:25:17Z" hostname="3b941d72fe3c" tests="4" skipped="0" failures="0" errors="0" time="0.479">
    <testcase time="0.169000000000004" classname="tables_risk_management_plan_rmpt06" name="tables_risk_management_plan_rmpt06.qmd_result_v1_stable"/>
    <testcase time="0.0839999999999961" classname="tables_risk_management_plan_rmpt06" name="tables_risk_management_plan_rmpt06.qmd_result_v2_stable"/>
    <testcase time="0.113" classname="tables_risk_management_plan_rmpt06" name="tables_risk_management_plan_rmpt06.qmd_result_v3_stable"/>
    <testcase time="0.113" classname="tables_risk_management_plan_rmpt06" name="tables_risk_management_plan_rmpt06.qmd_result_v4_stable"/>
  </testsuite>
  <testsuite name="tables-safety-enrollment01" timestamp="2024-11-13T19:25:18Z" hostname="3b941d72fe3c" tests="4" skipped="0" failures="0" errors="0" time="2.144">
    <testcase time="0.708000000000006" classname="tables_safety_enrollment01" name="tables_safety_enrollment01.qmd_result_v1_stable"/>
    <testcase time="0.460000000000001" classname="tables_safety_enrollment01" name="tables_safety_enrollment01.qmd_result_v2_stable"/>
    <testcase time="0.512999999999998" classname="tables_safety_enrollment01" name="tables_safety_enrollment01.qmd_result_v3_stable"/>
    <testcase time="0.463000000000001" classname="tables_safety_enrollment01" name="tables_safety_enrollment01.qmd_result_v4_stable"/>
  </testsuite>
  <testsuite name="tables-vital-signs-vst01" timestamp="2024-11-13T19:25:20Z" hostname="3b941d72fe3c" tests="1" skipped="0" failures="0" errors="0" time="0.328">
    <testcase time="0.328000000000003" classname="tables_vital_signs_vst01" name="tables_vital_signs_vst01.qmd_result_v1_stable"/>
  </testsuite>
  <testsuite name="tables-vital-signs-vst02" timestamp="2024-11-13T19:25:20Z" hostname="3b941d72fe3c" tests="2" skipped="0" failures="0" errors="0" time="0.282">
    <testcase time="0.147999999999996" classname="tables_vital_signs_vst02" name="tables_vital_signs_vst02.qmd_result_v1_stable"/>
    <testcase time="0.134" classname="tables_vital_signs_vst02" name="tables_vital_signs_vst02.qmd_result_v2_stable"/>
  </testsuite>
</testsuites>
