<?xml version="1.0" encoding="UTF-8"?>
<testsuites>
  <testsuite name="graphs-efficacy-fstg01" timestamp="2024-10-09T23:09:24Z" hostname="d59f8f5bf5a9" tests="7" skipped="7" failures="0" errors="0" time="2.338">
    <testcase time="2.18799999999999" classname="graphs_efficacy_fstg01" name="graphs_efficacy_fstg01.qmd_width_development">
      <skipped message="Reason: Snapshot test is not implemented for object of class: numeric. ('test-graphs-efficacy-fstg01.R:1:1')"/>
    </testcase>
    <testcase time="0.0589999999999691" classname="graphs_efficacy_fstg01" name="graphs_efficacy_fstg01.qmd_height_development">
      <skipped message="Reason: Snapshot test is not implemented for object of class: numeric. ('test-graphs-efficacy-fstg01.R:1:1')"/>
    </testcase>
    <testcase time="0.0320000000000391" classname="graphs_efficacy_fstg01" name="graphs_efficacy_fstg01.qmd_plot_v1_development">
      <skipped message="Reason: Snapshot test is not implemented for object of class: gg, ggplot. ('test-graphs-efficacy-fstg01.R:1:1')"/>
    </testcase>
    <testcase time="0.0149999999999864" classname="graphs_efficacy_fstg01" name="graphs_efficacy_fstg01.qmd_plot_v2_development">
      <skipped message="Reason: Snapshot test is not implemented for object of class: gg, ggplot. ('test-graphs-efficacy-fstg01.R:1:1')"/>
    </testcase>
    <testcase time="0.0149999999999864" classname="graphs_efficacy_fstg01" name="graphs_efficacy_fstg01.qmd_plot_v3_development">
      <skipped message="Reason: Snapshot test is not implemented for object of class: gg, ggplot. ('test-graphs-efficacy-fstg01.R:1:1')"/>
    </testcase>
    <testcase time="0.01400000000001" classname="graphs_efficacy_fstg01" name="graphs_efficacy_fstg01.qmd_plot_v4_development">
      <skipped message="Reason: Snapshot test is not implemented for object of class: gg, ggplot. ('test-graphs-efficacy-fstg01.R:1:1')"/>
    </testcase>
    <testcase time="0.0149999999999864" classname="graphs_efficacy_fstg01" name="graphs_efficacy_fstg01.qmd_plot_v5_development">
      <skipped message="Reason: Snapshot test is not implemented for object of class: gg, ggplot. ('test-graphs-efficacy-fstg01.R:1:1')"/>
    </testcase>
  </testsuite>
  <testsuite name="graphs-efficacy-fstg02" timestamp="2024-10-09T23:09:24Z" hostname="d59f8f5bf5a9" tests="7" skipped="7" failures="0" errors="0" time="0.523">
    <testcase time="0.433999999999969" classname="graphs_efficacy_fstg02" name="graphs_efficacy_fstg02.qmd_width_development">
      <skipped message="Reason: Snapshot test is not implemented for object of class: numeric. ('test-graphs-efficacy-fstg02.R:1:1')"/>
    </testcase>
    <testcase time="0.0160000000000764" classname="graphs_efficacy_fstg02" name="graphs_efficacy_fstg02.qmd_height_development">
      <skipped message="Reason: Snapshot test is not implemented for object of class: numeric. ('test-graphs-efficacy-fstg02.R:1:1')"/>
    </testcase>
    <testcase time="0.01400000000001" classname="graphs_efficacy_fstg02" name="graphs_efficacy_fstg02.qmd_plot_v1_development">
      <skipped message="Reason: Snapshot test is not implemented for object of class: gg, ggplot. ('test-graphs-efficacy-fstg02.R:1:1')"/>
    </testcase>
    <testcase time="0.0149999999999864" classname="graphs_efficacy_fstg02" name="graphs_efficacy_fstg02.qmd_plot_v2_development">
      <skipped message="Reason: Snapshot test is not implemented for object of class: gg, ggplot. ('test-graphs-efficacy-fstg02.R:1:1')"/>
    </testcase>
    <testcase time="0.0149999999999864" classname="graphs_efficacy_fstg02" name="graphs_efficacy_fstg02.qmd_plot_v3_development">
      <skipped message="Reason: Snapshot test is not implemented for object of class: gg, ggplot. ('test-graphs-efficacy-fstg02.R:1:1')"/>
    </testcase>
    <testcase time="0.01400000000001" classname="graphs_efficacy_fstg02" name="graphs_efficacy_fstg02.qmd_plot_v4_development">
      <skipped message="Reason: Snapshot test is not implemented for object of class: gg, ggplot. ('test-graphs-efficacy-fstg02.R:1:1')"/>
    </testcase>
    <testcase time="0.0149999999999864" classname="graphs_efficacy_fstg02" name="graphs_efficacy_fstg02.qmd_plot_v3.width_development">
      <skipped message="Reason: Snapshot test is not implemented for object of class: numeric. ('test-graphs-efficacy-fstg02.R:1:1')"/>
    </testcase>
  </testsuite>
  <testsuite name="graphs-efficacy-kmg01" timestamp="2024-10-09T23:09:25Z" hostname="d59f8f5bf5a9" tests="8" skipped="8" failures="0" errors="0" time="0.915">
    <testcase time="0.833999999999946" classname="graphs_efficacy_kmg01" name="graphs_efficacy_kmg01.qmd_width_development">
      <skipped message="Reason: Snapshot test is not implemented for object of class: numeric. ('test-graphs-efficacy-kmg01.R:1:1')"/>
    </testcase>
    <testcase time="0.0120000000000573" classname="graphs_efficacy_kmg01" name="graphs_efficacy_kmg01.qmd_height_development">
      <skipped message="Reason: Snapshot test is not implemented for object of class: numeric. ('test-graphs-efficacy-kmg01.R:1:1')"/>
    </testcase>
    <testcase time="0.0109999999999673" classname="graphs_efficacy_kmg01" name="graphs_efficacy_kmg01.qmd_plot_v1_development">
      <skipped message="Reason: Snapshot test is not implemented for object of class: gg, ggplot. ('test-graphs-efficacy-kmg01.R:1:1')"/>
    </testcase>
    <testcase time="0.0120000000000573" classname="graphs_efficacy_kmg01" name="graphs_efficacy_kmg01.qmd_plot_v2_development">
      <skipped message="Reason: Snapshot test is not implemented for object of class: gg, ggplot. ('test-graphs-efficacy-kmg01.R:1:1')"/>
    </testcase>
    <testcase time="0.0109999999999673" classname="graphs_efficacy_kmg01" name="graphs_efficacy_kmg01.qmd_plot_v3_development">
      <skipped message="Reason: Snapshot test is not implemented for object of class: gg, ggplot. ('test-graphs-efficacy-kmg01.R:1:1')"/>
    </testcase>
    <testcase time="0.0119999999999436" classname="graphs_efficacy_kmg01" name="graphs_efficacy_kmg01.qmd_plot_v4_development">
      <skipped message="Reason: Snapshot test is not implemented for object of class: gg, ggplot. ('test-graphs-efficacy-kmg01.R:1:1')"/>
    </testcase>
    <testcase time="0.0110000000000809" classname="graphs_efficacy_kmg01" name="graphs_efficacy_kmg01.qmd_plot_v5_development">
      <skipped message="Reason: Snapshot test is not implemented for object of class: gg, ggplot. ('test-graphs-efficacy-kmg01.R:1:1')"/>
    </testcase>
    <testcase time="0.0119999999999436" classname="graphs_efficacy_kmg01" name="graphs_efficacy_kmg01.qmd_plot_v6_development">
      <skipped message="Reason: Snapshot test is not implemented for object of class: gg, ggplot. ('test-graphs-efficacy-kmg01.R:1:1')"/>
    </testcase>
  </testsuite>
  <testsuite name="graphs-efficacy-mmrmg01" timestamp="2024-10-09T23:09:26Z" hostname="d59f8f5bf5a9" tests="6" skipped="6" failures="0" errors="0" time="0.75">
    <testcase time="0.694000000000074" classname="graphs_efficacy_mmrmg01" name="graphs_efficacy_mmrmg01.qmd_plot_v1_development">
      <skipped message="Reason: Snapshot test is not implemented for object of class: gg, ggplot. ('test-graphs-efficacy-mmrmg01.R:1:1')"/>
    </testcase>
    <testcase time="0.0109999999999673" classname="graphs_efficacy_mmrmg01" name="graphs_efficacy_mmrmg01.qmd_plot_v2_development">
      <skipped message="Reason: Snapshot test is not implemented for object of class: gg, ggplot. ('test-graphs-efficacy-mmrmg01.R:1:1')"/>
    </testcase>
    <testcase time="0.0109999999999673" classname="graphs_efficacy_mmrmg01" name="graphs_efficacy_mmrmg01.qmd_plot_v3_development">
      <skipped message="Reason: Snapshot test is not implemented for object of class: gg, ggplot. ('test-graphs-efficacy-mmrmg01.R:1:1')"/>
    </testcase>
    <testcase time="0.0109999999999673" classname="graphs_efficacy_mmrmg01" name="graphs_efficacy_mmrmg01.qmd_plot_v4_development">
      <skipped message="Reason: Snapshot test is not implemented for object of class: gg, ggplot. ('test-graphs-efficacy-mmrmg01.R:1:1')"/>
    </testcase>
    <testcase time="0.0120000000000573" classname="graphs_efficacy_mmrmg01" name="graphs_efficacy_mmrmg01.qmd_plot_v5_development">
      <skipped message="Reason: Snapshot test is not implemented for object of class: gg, ggplot. ('test-graphs-efficacy-mmrmg01.R:1:1')"/>
    </testcase>
    <testcase time="0.0109999999999673" classname="graphs_efficacy_mmrmg01" name="graphs_efficacy_mmrmg01.qmd_plot_v6_development">
      <skipped message="Reason: Snapshot test is not implemented for object of class: gg, ggplot. ('test-graphs-efficacy-mmrmg01.R:1:1')"/>
    </testcase>
  </testsuite>
  <testsuite name="graphs-efficacy-mmrmg02" timestamp="2024-10-09T23:09:26Z" hostname="d59f8f5bf5a9" tests="3" skipped="3" failures="0" errors="0" time="0.141">
    <testcase time="0.117000000000075" classname="graphs_efficacy_mmrmg02" name="graphs_efficacy_mmrmg02.qmd_width_development">
      <skipped message="Reason: Snapshot test is not implemented for object of class: numeric. ('test-graphs-efficacy-mmrmg02.R:1:1')"/>
    </testcase>
    <testcase time="0.0119999999999436" classname="graphs_efficacy_mmrmg02" name="graphs_efficacy_mmrmg02.qmd_plot_v1_development">
      <skipped message="Reason: Snapshot test is not implemented for object of class: gg, ggplot. ('test-graphs-efficacy-mmrmg02.R:1:1')"/>
    </testcase>
    <testcase time="0.0120000000000573" classname="graphs_efficacy_mmrmg02" name="graphs_efficacy_mmrmg02.qmd_plot_v2_development">
      <skipped message="Reason: Snapshot test is not implemented for object of class: gg, ggplot. ('test-graphs-efficacy-mmrmg02.R:1:1')"/>
    </testcase>
  </testsuite>
  <testsuite name="graphs-other-brg01" timestamp="2024-10-09T23:09:26Z" hostname="d59f8f5bf5a9" tests="9" skipped="9" failures="0" errors="0" time="0.182">
    <testcase time="0.0899999999999181" classname="graphs_other_brg01" name="graphs_other_brg01.qmd_plot_v1_development">
      <skipped message="Reason: Snapshot test is not implemented for object of class: gg, ggplot. ('test-graphs-other-brg01.R:1:1')"/>
    </testcase>
    <testcase time="0.0120000000000573" classname="graphs_other_brg01" name="graphs_other_brg01.qmd_plot_v2_development">
      <skipped message="Reason: Snapshot test is not implemented for object of class: gg, ggplot. ('test-graphs-other-brg01.R:1:1')"/>
    </testcase>
    <testcase time="0.0109999999999673" classname="graphs_other_brg01" name="graphs_other_brg01.qmd_plot_v3_development">
      <skipped message="Reason: Snapshot test is not implemented for object of class: gg, ggplot. ('test-graphs-other-brg01.R:1:1')"/>
    </testcase>
    <testcase time="0.0110000000000809" classname="graphs_other_brg01" name="graphs_other_brg01.qmd_plot_v4_development">
      <skipped message="Reason: Snapshot test is not implemented for object of class: gg, ggplot. ('test-graphs-other-brg01.R:1:1')"/>
    </testcase>
    <testcase time="0.0119999999999436" classname="graphs_other_brg01" name="graphs_other_brg01.qmd_plot_v5_development">
      <skipped message="Reason: Snapshot test is not implemented for object of class: gg, ggplot. ('test-graphs-other-brg01.R:1:1')"/>
    </testcase>
    <testcase time="0.0109999999999673" classname="graphs_other_brg01" name="graphs_other_brg01.qmd_plot_v6_development">
      <skipped message="Reason: Snapshot test is not implemented for object of class: gg, ggplot. ('test-graphs-other-brg01.R:1:1')"/>
    </testcase>
    <testcase time="0.0120000000000573" classname="graphs_other_brg01" name="graphs_other_brg01.qmd_plot_v7_development">
      <skipped message="Reason: Snapshot test is not implemented for object of class: gg, ggplot. ('test-graphs-other-brg01.R:1:1')"/>
    </testcase>
    <testcase time="0.0119999999999436" classname="graphs_other_brg01" name="graphs_other_brg01.qmd_plot_v8_development">
      <skipped message="Reason: Snapshot test is not implemented for object of class: gg, ggplot. ('test-graphs-other-brg01.R:1:1')"/>
    </testcase>
    <testcase time="0.0110000000000809" classname="graphs_other_brg01" name="graphs_other_brg01.qmd_plot_v9_development">
      <skipped message="Reason: Snapshot test is not implemented for object of class: gg, ggplot. ('test-graphs-other-brg01.R:1:1')"/>
    </testcase>
  </testsuite>
  <testsuite name="graphs-other-bwg01" timestamp="2024-10-09T23:09:27Z" hostname="d59f8f5bf5a9" tests="9" skipped="9" failures="0" errors="0" time="0.643">
    <testcase time="0.552999999999997" classname="graphs_other_bwg01" name="graphs_other_bwg01.qmd_plot_v1_development">
      <skipped message="Reason: Snapshot test is not implemented for object of class: gg, ggplot. ('test-graphs-other-bwg01.R:1:1')"/>
    </testcase>
    <testcase time="0.0109999999999673" classname="graphs_other_bwg01" name="graphs_other_bwg01.qmd_plot_v2_development">
      <skipped message="Reason: Snapshot test is not implemented for object of class: gg, ggplot. ('test-graphs-other-bwg01.R:1:1')"/>
    </testcase>
    <testcase time="0.0109999999999673" classname="graphs_other_bwg01" name="graphs_other_bwg01.qmd_plot_v3_development">
      <skipped message="Reason: Snapshot test is not implemented for object of class: gg, ggplot. ('test-graphs-other-bwg01.R:1:1')"/>
    </testcase>
    <testcase time="0.0110000000000809" classname="graphs_other_bwg01" name="graphs_other_bwg01.qmd_plot_v4_development">
      <skipped message="Reason: Snapshot test is not implemented for object of class: gg, ggplot. ('test-graphs-other-bwg01.R:1:1')"/>
    </testcase>
    <testcase time="0.0119999999999436" classname="graphs_other_bwg01" name="graphs_other_bwg01.qmd_plot_v5_development">
      <skipped message="Reason: Snapshot test is not implemented for object of class: gg, ggplot. ('test-graphs-other-bwg01.R:1:1')"/>
    </testcase>
    <testcase time="0.0109999999999673" classname="graphs_other_bwg01" name="graphs_other_bwg01.qmd_plot_v6_development">
      <skipped message="Reason: Snapshot test is not implemented for object of class: gg, ggplot. ('test-graphs-other-bwg01.R:1:1')"/>
    </testcase>
    <testcase time="0.0110000000000809" classname="graphs_other_bwg01" name="graphs_other_bwg01.qmd_plot_v7_development">
      <skipped message="Reason: Snapshot test is not implemented for object of class: gg, ggplot. ('test-graphs-other-bwg01.R:1:1')"/>
    </testcase>
    <testcase time="0.0109999999999673" classname="graphs_other_bwg01" name="graphs_other_bwg01.qmd_plot_v8_development">
      <skipped message="Reason: Snapshot test is not implemented for object of class: gg, ggplot. ('test-graphs-other-bwg01.R:1:1')"/>
    </testcase>
    <testcase time="0.0120000000000573" classname="graphs_other_bwg01" name="graphs_other_bwg01.qmd_plot_v9_development">
      <skipped message="Reason: Snapshot test is not implemented for object of class: gg, ggplot. ('test-graphs-other-bwg01.R:1:1')"/>
    </testcase>
  </testsuite>
  <testsuite name="graphs-other-cig01" timestamp="2024-10-09T23:09:27Z" hostname="d59f8f5bf5a9" tests="5" skipped="4" failures="0" errors="0" time="0.216">
    <testcase time="0.176999999999907" classname="graphs_other_cig01" name="graphs_other_cig01.qmd_table_v6_development"/>
    <testcase time="0.0040000000000191" classname="graphs_other_cig01" name="graphs_other_cig01.qmd_plot_v1_and_v2_development">
      <skipped message="Reason: Snapshot test is not implemented for object of class: gg, ggplot. ('test-graphs-other-cig01.R:1:1')"/>
    </testcase>
    <testcase time="0.0120000000000573" classname="graphs_other_cig01" name="graphs_other_cig01.qmd_plot_v3_development">
      <skipped message="Reason: Snapshot test is not implemented for object of class: gg, ggplot. ('test-graphs-other-cig01.R:1:1')"/>
    </testcase>
    <testcase time="0.0109999999999673" classname="graphs_other_cig01" name="graphs_other_cig01.qmd_plot_v4_development">
      <skipped message="Reason: Snapshot test is not implemented for object of class: gg, ggplot. ('test-graphs-other-cig01.R:1:1')"/>
    </testcase>
    <testcase time="0.0119999999999436" classname="graphs_other_cig01" name="graphs_other_cig01.qmd_plot_v5_development">
      <skipped message="Reason: Snapshot test is not implemented for object of class: gg, ggplot. ('test-graphs-other-cig01.R:1:1')"/>
    </testcase>
  </testsuite>
  <testsuite name="graphs-other-ippg01" timestamp="2024-10-09T23:09:27Z" hostname="d59f8f5bf5a9" tests="2" skipped="2" failures="0" errors="0" time="0.055">
    <testcase time="0.0440000000000964" classname="graphs_other_ippg01" name="graphs_other_ippg01.qmd_plots_v1_development">
      <skipped message="Reason: Snapshot test is not implemented for object of class: list. ('test-graphs-other-ippg01.R:1:1')"/>
    </testcase>
    <testcase time="0.0109999999999673" classname="graphs_other_ippg01" name="graphs_other_ippg01.qmd_plots_v2_development">
      <skipped message="Reason: Snapshot test is not implemented for object of class: list. ('test-graphs-other-ippg01.R:1:1')"/>
    </testcase>
  </testsuite>
  <testsuite name="graphs-other-ltg01" timestamp="2024-10-09T23:09:27Z" hostname="d59f8f5bf5a9" tests="7" skipped="7" failures="0" errors="0" time="0.157">
    <testcase time="0.0900000000000318" classname="graphs_other_ltg01" name="graphs_other_ltg01.qmd_plot_v1_development">
      <skipped message="Reason: Snapshot test is not implemented for object of class: gg, ggplot. ('test-graphs-other-ltg01.R:1:1')"/>
    </testcase>
    <testcase time="0.0109999999999673" classname="graphs_other_ltg01" name="graphs_other_ltg01.qmd_plot_v2_development">
      <skipped message="Reason: Snapshot test is not implemented for object of class: gg, ggplot. ('test-graphs-other-ltg01.R:1:1')"/>
    </testcase>
    <testcase time="0.0109999999999673" classname="graphs_other_ltg01" name="graphs_other_ltg01.qmd_plot_v3_development">
      <skipped message="Reason: Snapshot test is not implemented for object of class: gg, ggplot. ('test-graphs-other-ltg01.R:1:1')"/>
    </testcase>
    <testcase time="0.0120000000000573" classname="graphs_other_ltg01" name="graphs_other_ltg01.qmd_plot_v4_development">
      <skipped message="Reason: Snapshot test is not implemented for object of class: gg, ggplot. ('test-graphs-other-ltg01.R:1:1')"/>
    </testcase>
    <testcase time="0.0109999999999673" classname="graphs_other_ltg01" name="graphs_other_ltg01.qmd_plot_v51_development">
      <skipped message="Reason: Snapshot test is not implemented for object of class: gg, ggplot. ('test-graphs-other-ltg01.R:1:1')"/>
    </testcase>
    <testcase time="0.0109999999999673" classname="graphs_other_ltg01" name="graphs_other_ltg01.qmd_plot_v52_development">
      <skipped message="Reason: Snapshot test is not implemented for object of class: gg, ggplot. ('test-graphs-other-ltg01.R:1:1')"/>
    </testcase>
    <testcase time="0.0110000000000809" classname="graphs_other_ltg01" name="graphs_other_ltg01.qmd_plot_v53_development">
      <skipped message="Reason: Snapshot test is not implemented for object of class: gg, ggplot. ('test-graphs-other-ltg01.R:1:1')"/>
    </testcase>
  </testsuite>
  <testsuite name="graphs-other-mng01" timestamp="2024-10-09T23:09:28Z" hostname="d59f8f5bf5a9" tests="7" skipped="7" failures="0" errors="0" time="0.426">
    <testcase time="0.15300000000002" classname="graphs_other_mng01" name="graphs_other_mng01.qmd_plot_v1_development">
      <skipped message="Reason: Snapshot test is not implemented for object of class: gg, ggplot. ('test-graphs-other-mng01.R:1:1')"/>
    </testcase>
    <testcase time="0.01400000000001" classname="graphs_other_mng01" name="graphs_other_mng01.qmd_plot_v2_development">
      <skipped message="Reason: Snapshot test is not implemented for object of class: gg, ggplot. ('test-graphs-other-mng01.R:1:1')"/>
    </testcase>
    <testcase time="0.0119999999999436" classname="graphs_other_mng01" name="graphs_other_mng01.qmd_plot_v3_development">
      <skipped message="Reason: Snapshot test is not implemented for object of class: gg, ggplot. ('test-graphs-other-mng01.R:1:1')"/>
    </testcase>
    <testcase time="0.0109999999999673" classname="graphs_other_mng01" name="graphs_other_mng01.qmd_plot_v4_development">
      <skipped message="Reason: Snapshot test is not implemented for object of class: gg, ggplot. ('test-graphs-other-mng01.R:1:1')"/>
    </testcase>
    <testcase time="0.0110000000000809" classname="graphs_other_mng01" name="graphs_other_mng01.qmd_plot_v5_development">
      <skipped message="Reason: Snapshot test is not implemented for object of class: gg, ggplot. ('test-graphs-other-mng01.R:1:1')"/>
    </testcase>
    <testcase time="0.213999999999942" classname="graphs_other_mng01" name="graphs_other_mng01.qmd_plot_v6_development">
      <skipped message="Reason: Snapshot test is not implemented for object of class: gg, ggplot. ('test-graphs-other-mng01.R:1:1')"/>
    </testcase>
    <testcase time="0.0109999999999673" classname="graphs_other_mng01" name="graphs_other_mng01.qmd_plot_v7_development">
      <skipped message="Reason: Snapshot test is not implemented for object of class: gg, ggplot. ('test-graphs-other-mng01.R:1:1')"/>
    </testcase>
  </testsuite>
  <testsuite name="graphs-pharmacokinetic-pkcg01" timestamp="2024-10-09T23:09:28Z" hostname="d59f8f5bf5a9" tests="2" skipped="2" failures="0" errors="0" time="0.044">
    <testcase time="0.0320000000000391" classname="graphs_pharmacokinetic_pkcg01" name="graphs_pharmacokinetic_pkcg01.qmd_plot_v1_development">
      <skipped message="Reason: Snapshot test is not implemented for object of class: gg, ggplot. ('test-graphs-pharmacokinetic-pkcg01.R:1:1')"/>
    </testcase>
    <testcase time="0.0120000000000573" classname="graphs_pharmacokinetic_pkcg01" name="graphs_pharmacokinetic_pkcg01.qmd_plot_v2_development">
      <skipped message="Reason: Snapshot test is not implemented for object of class: gg, ggplot. ('test-graphs-pharmacokinetic-pkcg01.R:1:1')"/>
    </testcase>
  </testsuite>
  <testsuite name="graphs-pharmacokinetic-pkcg02" timestamp="2024-10-09T23:09:28Z" hostname="d59f8f5bf5a9" tests="2" skipped="2" failures="0" errors="0" time="0.045">
    <testcase time="0.0339999999999918" classname="graphs_pharmacokinetic_pkcg02" name="graphs_pharmacokinetic_pkcg02.qmd_plot_v1_development">
      <skipped message="Reason: Snapshot test is not implemented for object of class: gg, ggplot. ('test-graphs-pharmacokinetic-pkcg02.R:1:1')"/>
    </testcase>
    <testcase time="0.0109999999999673" classname="graphs_pharmacokinetic_pkcg02" name="graphs_pharmacokinetic_pkcg02.qmd_plot_v2_development">
      <skipped message="Reason: Snapshot test is not implemented for object of class: gg, ggplot. ('test-graphs-pharmacokinetic-pkcg02.R:1:1')"/>
    </testcase>
  </testsuite>
  <testsuite name="graphs-pharmacokinetic-pkcg03" timestamp="2024-10-09T23:09:28Z" hostname="d59f8f5bf5a9" tests="2" skipped="2" failures="0" errors="0" time="0.065">
    <testcase time="0.0529999999999973" classname="graphs_pharmacokinetic_pkcg03" name="graphs_pharmacokinetic_pkcg03.qmd_plot_v1_development">
      <skipped message="Reason: Snapshot test is not implemented for object of class: gg, ggplot. ('test-graphs-pharmacokinetic-pkcg03.R:1:1')"/>
    </testcase>
    <testcase time="0.0119999999999436" classname="graphs_pharmacokinetic_pkcg03" name="graphs_pharmacokinetic_pkcg03.qmd_plot_v2_development">
      <skipped message="Reason: Snapshot test is not implemented for object of class: gg, ggplot. ('test-graphs-pharmacokinetic-pkcg03.R:1:1')"/>
    </testcase>
  </testsuite>
  <testsuite name="graphs-pharmacokinetic-pkpg01" timestamp="2024-10-09T23:09:28Z" hostname="d59f8f5bf5a9" tests="2" skipped="2" failures="0" errors="0" time="0.064">
    <testcase time="0.0520000000000209" classname="graphs_pharmacokinetic_pkpg01" name="graphs_pharmacokinetic_pkpg01.qmd_plot_v1_development">
      <skipped message="Reason: Snapshot test is not implemented for object of class: gg, ggplot. ('test-graphs-pharmacokinetic-pkpg01.R:1:1')"/>
    </testcase>
    <testcase time="0.0120000000000573" classname="graphs_pharmacokinetic_pkpg01" name="graphs_pharmacokinetic_pkpg01.qmd_plot_v2_development">
      <skipped message="Reason: Snapshot test is not implemented for object of class: gg, ggplot. ('test-graphs-pharmacokinetic-pkpg01.R:1:1')"/>
    </testcase>
  </testsuite>
  <testsuite name="graphs-pharmacokinetic-pkpg02" timestamp="2024-10-09T23:09:28Z" hostname="d59f8f5bf5a9" tests="2" skipped="2" failures="0" errors="0" time="0.07">
    <testcase time="0.0589999999999691" classname="graphs_pharmacokinetic_pkpg02" name="graphs_pharmacokinetic_pkpg02.qmd_plot_v1_development">
      <skipped message="Reason: Snapshot test is not implemented for object of class: gg, ggplot. ('test-graphs-pharmacokinetic-pkpg02.R:1:1')"/>
    </testcase>
    <testcase time="0.0109999999999673" classname="graphs_pharmacokinetic_pkpg02" name="graphs_pharmacokinetic_pkpg02.qmd_plot_v2_development">
      <skipped message="Reason: Snapshot test is not implemented for object of class: gg, ggplot. ('test-graphs-pharmacokinetic-pkpg02.R:1:1')"/>
    </testcase>
  </testsuite>
  <testsuite name="graphs-pharmacokinetic-pkpg03" timestamp="2024-10-09T23:09:28Z" hostname="d59f8f5bf5a9" tests="1" skipped="1" failures="0" errors="0" time="0.042">
    <testcase time="0.04200000000003" classname="graphs_pharmacokinetic_pkpg03" name="graphs_pharmacokinetic_pkpg03.qmd_plot_v1_development">
      <skipped message="Reason: Snapshot test is not implemented for object of class: gg, ggplot. ('test-graphs-pharmacokinetic-pkpg03.R:1:1')"/>
    </testcase>
  </testsuite>
  <testsuite name="graphs-pharmacokinetic-pkpg04" timestamp="2024-10-09T23:09:28Z" hostname="d59f8f5bf5a9" tests="1" skipped="1" failures="0" errors="0" time="0.05">
    <testcase time="0.0499999999999545" classname="graphs_pharmacokinetic_pkpg04" name="graphs_pharmacokinetic_pkpg04.qmd_plot_v1_development">
      <skipped message="Reason: Snapshot test is not implemented for object of class: gg, ggplot. ('test-graphs-pharmacokinetic-pkpg04.R:1:1')"/>
    </testcase>
  </testsuite>
  <testsuite name="graphs-pharmacokinetic-pkpg06" timestamp="2024-10-09T23:09:28Z" hostname="d59f8f5bf5a9" tests="4" skipped="4" failures="0" errors="0" time="0.07">
    <testcase time="0.0360000000000582" classname="graphs_pharmacokinetic_pkpg06" name="graphs_pharmacokinetic_pkpg06.qmd_plot_v1_development">
      <skipped message="Reason: Snapshot test is not implemented for object of class: gg, ggplot. ('test-graphs-pharmacokinetic-pkpg06.R:1:1')"/>
    </testcase>
    <testcase time="0.0109999999999673" classname="graphs_pharmacokinetic_pkpg06" name="graphs_pharmacokinetic_pkpg06.qmd_plot_v2_development">
      <skipped message="Reason: Snapshot test is not implemented for object of class: gg, ggplot. ('test-graphs-pharmacokinetic-pkpg06.R:1:1')"/>
    </testcase>
    <testcase time="0.0120000000000573" classname="graphs_pharmacokinetic_pkpg06" name="graphs_pharmacokinetic_pkpg06.qmd_plot_v3_development">
      <skipped message="Reason: Snapshot test is not implemented for object of class: gg, ggplot. ('test-graphs-pharmacokinetic-pkpg06.R:1:1')"/>
    </testcase>
    <testcase time="0.0109999999999673" classname="graphs_pharmacokinetic_pkpg06" name="graphs_pharmacokinetic_pkpg06.qmd_plot_v4_development">
      <skipped message="Reason: Snapshot test is not implemented for object of class: gg, ggplot. ('test-graphs-pharmacokinetic-pkpg06.R:1:1')"/>
    </testcase>
  </testsuite>
  <testsuite name="listings-ADA-adal02" timestamp="2024-10-09T23:09:28Z" hostname="d59f8f5bf5a9" tests="1" skipped="0" failures="0" errors="0" time="0.064">
    <testcase time="0.0639999999999645" classname="listings_ADA_adal02" name="listings_ADA_adal02.qmd_lsting_development"/>
  </testsuite>
  <testsuite name="listings-ECG-egl01" timestamp="2024-10-09T23:09:29Z" hostname="d59f8f5bf5a9" tests="1" skipped="0" failures="0" errors="0" time="0.053">
    <testcase time="0.0529999999999973" classname="listings_ECG_egl01" name="listings_ECG_egl01.qmd_lsting_development"/>
  </testsuite>
  <testsuite name="listings-adverse-events-ael01" timestamp="2024-10-09T23:09:29Z" hostname="d59f8f5bf5a9" tests="1" skipped="0" failures="0" errors="0" time="0.036">
    <testcase time="0.0360000000000582" classname="listings_adverse_events_ael01" name="listings_adverse_events_ael01.qmd_lsting_development"/>
  </testsuite>
  <testsuite name="listings-adverse-events-ael01_nollt" timestamp="2024-10-09T23:09:29Z" hostname="d59f8f5bf5a9" tests="1" skipped="0" failures="0" errors="0" time="0.035">
    <testcase time="0.0349999999999682" classname="listings_adverse_events_ael01_nollt" name="listings_adverse_events_ael01_nollt.qmd_lsting_development"/>
  </testsuite>
  <testsuite name="listings-adverse-events-ael02" timestamp="2024-10-09T23:09:29Z" hostname="d59f8f5bf5a9" tests="1" skipped="0" failures="0" errors="0" time="0.058">
    <testcase time="0.0579999999999927" classname="listings_adverse_events_ael02" name="listings_adverse_events_ael02.qmd_lsting_development"/>
  </testsuite>
  <testsuite name="listings-adverse-events-ael02_ed" timestamp="2024-10-09T23:09:29Z" hostname="d59f8f5bf5a9" tests="1" skipped="0" failures="0" errors="0" time="0.068">
    <testcase time="0.0679999999999836" classname="listings_adverse_events_ael02_ed" name="listings_adverse_events_ael02_ed.qmd_lsting_development"/>
  </testsuite>
  <testsuite name="listings-adverse-events-ael03" timestamp="2024-10-09T23:09:29Z" hostname="d59f8f5bf5a9" tests="1" skipped="0" failures="0" errors="0" time="0.052">
    <testcase time="0.0520000000000209" classname="listings_adverse_events_ael03" name="listings_adverse_events_ael03.qmd_lsting_development"/>
  </testsuite>
  <testsuite name="listings-adverse-events-ael04" timestamp="2024-10-09T23:09:29Z" hostname="d59f8f5bf5a9" tests="1" skipped="0" failures="0" errors="0" time="0.043">
    <testcase time="0.0430000000000064" classname="listings_adverse_events_ael04" name="listings_adverse_events_ael04.qmd_lsting_development"/>
  </testsuite>
  <testsuite name="listings-concomitant-medications-cml01" timestamp="2024-10-09T23:09:29Z" hostname="d59f8f5bf5a9" tests="1" skipped="0" failures="0" errors="0" time="0.058">
    <testcase time="0.0579999999999927" classname="listings_concomitant_medications_cml01" name="listings_concomitant_medications_cml01.qmd_lsting_development"/>
  </testsuite>
  <testsuite name="listings-concomitant-medications-cml02a_gl" timestamp="2024-10-09T23:09:29Z" hostname="d59f8f5bf5a9" tests="1" skipped="0" failures="0" errors="0" time="0.034">
    <testcase time="0.0339999999999918" classname="listings_concomitant_medications_cml02a_gl" name="listings_concomitant_medications_cml02a_gl.qmd_lsting_development"/>
  </testsuite>
  <testsuite name="listings-concomitant-medications-cml02b_gl" timestamp="2024-10-09T23:09:29Z" hostname="d59f8f5bf5a9" tests="1" skipped="0" failures="0" errors="0" time="0.038">
    <testcase time="0.0380000000000109" classname="listings_concomitant_medications_cml02b_gl" name="listings_concomitant_medications_cml02b_gl.qmd_lsting_development"/>
  </testsuite>
  <testsuite name="listings-development-safety-update-report-dsur4" timestamp="2024-10-09T23:09:29Z" hostname="d59f8f5bf5a9" tests="1" skipped="0" failures="0" errors="0" time="0.034">
    <testcase time="0.0339999999999918" classname="listings_development_safety_update_report_dsur4" name="listings_development_safety_update_report_dsur4.qmd_lsting_development"/>
  </testsuite>
  <testsuite name="listings-disposition-dsl01" timestamp="2024-10-09T23:09:29Z" hostname="d59f8f5bf5a9" tests="1" skipped="0" failures="0" errors="0" time="0.04">
    <testcase time="0.0399999999999636" classname="listings_disposition_dsl01" name="listings_disposition_dsl01.qmd_lsting_development"/>
  </testsuite>
  <testsuite name="listings-disposition-dsl02" timestamp="2024-10-09T23:09:29Z" hostname="d59f8f5bf5a9" tests="1" skipped="0" failures="0" errors="0" time="0.042">
    <testcase time="0.04200000000003" classname="listings_disposition_dsl02" name="listings_disposition_dsl02.qmd_lsting_development"/>
  </testsuite>
  <testsuite name="listings-efficacy-oncl01" timestamp="2024-10-09T23:09:29Z" hostname="d59f8f5bf5a9" tests="1" skipped="0" failures="0" errors="0" time="0.046">
    <testcase time="0.0460000000000491" classname="listings_efficacy_oncl01" name="listings_efficacy_oncl01.qmd_lsting_development"/>
  </testsuite>
  <testsuite name="listings-exposure-exl01" timestamp="2024-10-09T23:09:29Z" hostname="d59f8f5bf5a9" tests="1" skipped="0" failures="0" errors="0" time="0.048">
    <testcase time="0.0480000000000018" classname="listings_exposure_exl01" name="listings_exposure_exl01.qmd_lsting_development"/>
  </testsuite>
  <testsuite name="listings-lab-results-lbl01" timestamp="2024-10-09T23:09:29Z" hostname="d59f8f5bf5a9" tests="1" skipped="0" failures="0" errors="0" time="0.046">
    <testcase time="0.0459999999999354" classname="listings_lab_results_lbl01" name="listings_lab_results_lbl01.qmd_lsting_development"/>
  </testsuite>
  <testsuite name="listings-lab-results-lbl01_rls" timestamp="2024-10-09T23:09:29Z" hostname="d59f8f5bf5a9" tests="1" skipped="0" failures="0" errors="0" time="0.044">
    <testcase time="0.0439999999999827" classname="listings_lab_results_lbl01_rls" name="listings_lab_results_lbl01_rls.qmd_lsting_development"/>
  </testsuite>
  <testsuite name="listings-lab-results-lbl02a" timestamp="2024-10-09T23:09:29Z" hostname="d59f8f5bf5a9" tests="1" skipped="0" failures="0" errors="0" time="0.047">
    <testcase time="0.0470000000000255" classname="listings_lab_results_lbl02a" name="listings_lab_results_lbl02a.qmd_lsting_development"/>
  </testsuite>
  <testsuite name="listings-lab-results-lbl02a_rls" timestamp="2024-10-09T23:09:29Z" hostname="d59f8f5bf5a9" tests="1" skipped="0" failures="0" errors="0" time="0.07">
    <testcase time="0.07000000000005" classname="listings_lab_results_lbl02a_rls" name="listings_lab_results_lbl02a_rls.qmd_lsting_development"/>
  </testsuite>
  <testsuite name="listings-lab-results-lbl02b" timestamp="2024-10-09T23:09:29Z" hostname="d59f8f5bf5a9" tests="1" skipped="0" failures="0" errors="0" time="0.048">
    <testcase time="0.0480000000000018" classname="listings_lab_results_lbl02b" name="listings_lab_results_lbl02b.qmd_lsting_development"/>
  </testsuite>
  <testsuite name="listings-medical-history-mhl01" timestamp="2024-10-09T23:09:29Z" hostname="d59f8f5bf5a9" tests="1" skipped="0" failures="0" errors="0" time="0.049">
    <testcase time="0.0489999999999782" classname="listings_medical_history_mhl01" name="listings_medical_history_mhl01.qmd_lsting_development"/>
  </testsuite>
  <testsuite name="listings-pharmacokinetic-pkcl01" timestamp="2024-10-09T23:09:29Z" hostname="d59f8f5bf5a9" tests="1" skipped="0" failures="0" errors="0" time="0.044">
    <testcase time="0.0439999999999827" classname="listings_pharmacokinetic_pkcl01" name="listings_pharmacokinetic_pkcl01.qmd_lsting_development"/>
  </testsuite>
  <testsuite name="listings-pharmacokinetic-pkcl02" timestamp="2024-10-09T23:09:30Z" hostname="d59f8f5bf5a9" tests="1" skipped="0" failures="0" errors="0" time="0.062">
    <testcase time="0.0620000000000118" classname="listings_pharmacokinetic_pkcl02" name="listings_pharmacokinetic_pkcl02.qmd_lsting_development"/>
  </testsuite>
  <testsuite name="listings-pharmacokinetic-pkpl01" timestamp="2024-10-09T23:09:30Z" hostname="d59f8f5bf5a9" tests="1" skipped="0" failures="0" errors="0" time="0.042">
    <testcase time="0.04200000000003" classname="listings_pharmacokinetic_pkpl01" name="listings_pharmacokinetic_pkpl01.qmd_lsting_development"/>
  </testsuite>
  <testsuite name="listings-pharmacokinetic-pkpl02" timestamp="2024-10-09T23:09:30Z" hostname="d59f8f5bf5a9" tests="1" skipped="0" failures="0" errors="0" time="0.045">
    <testcase time="0.0449999999999591" classname="listings_pharmacokinetic_pkpl02" name="listings_pharmacokinetic_pkpl02.qmd_lsting_development"/>
  </testsuite>
  <testsuite name="listings-pharmacokinetic-pkpl04" timestamp="2024-10-09T23:09:30Z" hostname="d59f8f5bf5a9" tests="1" skipped="0" failures="0" errors="0" time="0.047">
    <testcase time="0.0470000000000255" classname="listings_pharmacokinetic_pkpl04" name="listings_pharmacokinetic_pkpl04.qmd_lsting_development"/>
  </testsuite>
  <testsuite name="listings-vital-signs-vsl01" timestamp="2024-10-09T23:09:30Z" hostname="d59f8f5bf5a9" tests="1" skipped="0" failures="0" errors="0" time="0.065">
    <testcase time="0.0649999999999409" classname="listings_vital_signs_vsl01" name="listings_vital_signs_vsl01.qmd_lsting_development"/>
  </testsuite>
  <testsuite name="tables-ADA-adat01" timestamp="2024-10-09T23:09:30Z" hostname="d59f8f5bf5a9" tests="1" skipped="0" failures="1" errors="0" time="0.284">
    <testcase time="0.284000000000106" classname="tables_ADA_adat01" name="tables_ADA_adat01.qmd_result_v1_development">
      <failure type="failure" message="Snapshot of code has changed (variant 'development'): ('test-tables-ADA-adat01.R:1:1')">Snapshot of code has changed (variant 'development'):
old[3:24] vs new[3:24]
  Output
    Baseline Prevalence and Incidence of Treatment Emergent ADA
    
-   ———————————————————————————————————————————————————————————————————————————————————————————————————————————————————
+   ——————————————————————————————————————————————————————————————————————————————————————————————————————————————————————
-                                                    A: Drug X    C: Combination   &lt;Missing&gt;   B: Placebo   All Drug X 
+                                                    A: Drug X    C: Combination   All Drug X    B: Placebo   All Patients
-                                                     (N=134)        (N=132)         (N=0)      (N=134)       (N=266)  
+                                                     (N=134)        (N=132)         (N=266)      (N=134)       (N=400)   
-   ———————————————————————————————————————————————————————————————————————————————————————————————————————————————————
+   ——————————————————————————————————————————————————————————————————————————————————————————————————————————————————————
-   Baseline Prevalence of ADAs                                                                                        
+   Baseline Prevalence of ADAs                                                                                           
-     Baseline evaluable patients                       134            132             0           0            266    
+     Baseline evaluable patients                       134            132             266           0            266     
-     Patient with a positive sample at baseline     63 (47.0%)     64 (48.5%)         0           0        127 (47.7%)
+     Patient with a positive sample at baseline     63 (47.0%)     64 (48.5%)     127 (47.7%)       0        127 (47.7%) 
-     Patient with no positive samples at baseline       71             68             0           0            139    
+     Patient with no positive samples at baseline       71             68             139           0            139     
-   Incidence of Treatment Emergent ADAs                                                                               
+   Incidence of Treatment Emergent ADAs                                                                                  
-     Post-baseline evaluable patients                  134            132             0           0            266    
+     Post-baseline evaluable patients                  134            132             266           0            266     
-     Patient positive for Treatment Emergent ADA        0              0              0           0             0     
+     Patient positive for Treatment Emergent ADA        0              0               0            0             0      
-       Treatment-induced ADA                            0              0              0           0             0     
+       Treatment-induced ADA                            0              0               0            0             0      
-       Treatment-enhanced ADA                           0              0              0           0             0     
+       Treatment-enhanced ADA                           0              0               0            0             0      
-     Patient negative for Treatment Emergent ADA        0              0              0           0             0     
+     Patient negative for Treatment Emergent ADA        0              0               0            0             0      
-       Treatment unaffected                             0              0              0           0             0     
+       Treatment unaffected                             0              0               0            0             0      
-   ———————————————————————————————————————————————————————————————————————————————————————————————————————————————————
+   ——————————————————————————————————————————————————————————————————————————————————————————————————————————————————————
    
    ADA = Anti-Drug Antibodies (is also referred to as ATA, or Anti-Therapeutic Antibodies) Baseline evaluable patient = a patient with an ADA assay result from a baseline sample(s)
      Post-baseline evaluable patient = a patient with an ADA assay result from at least one post-baseline sample Number of patients positive for Treatment Emergent

* Run `testthat::snapshot_accept('development/tables-ADA-adat01')` to accept the change.
* Run `testthat::snapshot_review('development/tables-ADA-adat01')` to interactively review the change.</failure>
    </testcase>
  </testsuite>
  <testsuite name="tables-ADA-adat02" timestamp="2024-10-09T23:09:30Z" hostname="d59f8f5bf5a9" tests="1" skipped="0" failures="0" errors="0" time="0.087">
    <testcase time="0.0869999999999891" classname="tables_ADA_adat02" name="tables_ADA_adat02.qmd_result_v1_development"/>
  </testsuite>
  <testsuite name="tables-ADA-adat03" timestamp="2024-10-09T23:09:30Z" hostname="d59f8f5bf5a9" tests="1" skipped="0" failures="0" errors="0" time="0.329">
    <testcase time="0.328999999999951" classname="tables_ADA_adat03" name="tables_ADA_adat03.qmd_result_v1_development"/>
  </testsuite>
  <testsuite name="tables-ADA-adat04a" timestamp="2024-10-09T23:09:31Z" hostname="d59f8f5bf5a9" tests="1" skipped="0" failures="1" errors="0" time="0.166">
    <testcase time="0.166000000000054" classname="tables_ADA_adat04a" name="tables_ADA_adat04a.qmd_result_v1_development">
      <failure type="failure" message="Snapshot of code has changed (variant 'development'): ('test-tables-ADA-adat04a.R:1:1')">Snapshot of code has changed (variant 'development'):
old[4:27] vs new[4:27]
    Baseline Prevalence and Incidence of Treatment Emergent NAbs
    Protocol: A: Drug X Antibody
    
-   —————————————————————————————————————————————————————————————————————————————————————————————————————————————————————
+   ————————————————————————————————————————————————————————————————————————————————————————————————————————————————————————
-                                                        A: Drug X   C: Combination   &lt;Missing&gt;   B: Placebo   All Drug X
+                                                        A: Drug X   C: Combination   All Drug X   B: Placebo   All Patients
-                                                         (N=134)       (N=132)         (N=0)      (N=134)      (N=266)  
+                                                         (N=134)       (N=132)        (N=266)      (N=134)       (N=400)   
-   —————————————————————————————————————————————————————————————————————————————————————————————————————————————————————
+   ————————————————————————————————————————————————————————————————————————————————————————————————————————————————————————
-   Baseline Prevalence of NAbs                                                                                          
+   Baseline Prevalence of NAbs                                                                                             
-     Baseline evaluable patients for ADA                   134           132             0           0           266    
+     Baseline evaluable patients for ADA                   134           132            266           0            266     
-     Patients with a positive ADA sample at baseline       63             64             0           0           127    
+     Patients with a positive ADA sample at baseline       63             64            127           0            127     
-     Patients with a positive NAb sample at baseline        0             0              0           0            0     
+     Patients with a positive NAb sample at baseline        0             0              0            0             0      
-     Patient with no positive NAb samples at baseline       0             0              0           0            0     
+     Patient with no positive NAb samples at baseline       0             0              0            0             0      
-   Incidence of Treatment Emergent NAbs                                                                                 
+   Incidence of Treatment Emergent NAbs                                                                                    
-     Post-baseline evaluable patients for ADA              134           132             0           0           266    
+     Post-baseline evaluable patients for ADA              134           132            266           0            266     
-     Patients positive for ADA                             66             59             0           0           125    
+     Patients positive for ADA                             66             59            125           0            125     
-     Patients positive for Treatment Emergent NAb           0             0              0           0            0     
+     Patients positive for Treatment Emergent NAb           0             0              0            0             0      
-     Treatment-induced NAb                                  0             0              0           0            0     
+     Treatment-induced NAb                                  0             0              0            0             0      
-     Treatment-enhanced NAb                                 0             0              0           0            0     
+     Treatment-enhanced NAb                                 0             0              0            0             0      
-     Patients negative for NAb                              0             0              0           0            0     
+     Patients negative for NAb                              0             0              0            0             0      
-     Treatment unaffected                                   0             0              0           0            0     
+     Treatment unaffected                                   0             0              0            0             0      
-   —————————————————————————————————————————————————————————————————————————————————————————————————————————————————————
+   ————————————————————————————————————————————————————————————————————————————————————————————————————————————————————————
    
    NAb = Neutralizing Antibodies ADA = Anti-Drug Antibodies (is also referred to as ATA, or Anti-Therapeutic Antibodies) Baseline evaluable patient for ADA = a patient with an ADA assay result from a baseline sample(s)
      Baseline evaluable patient for NAb = a patient with a NAb assay result from a baseline sample(s)

* Run `testthat::snapshot_accept('development/tables-ADA-adat04a')` to accept the change.
* Run `testthat::snapshot_review('development/tables-ADA-adat04a')` to interactively review the change.</failure>
    </testcase>
  </testsuite>
  <testsuite name="tables-ADA-adat04b" timestamp="2024-10-09T23:09:31Z" hostname="d59f8f5bf5a9" tests="1" skipped="0" failures="1" errors="0" time="0.144">
    <testcase time="0.144000000000005" classname="tables_ADA_adat04b" name="tables_ADA_adat04b.qmd_result_v1_development">
      <failure type="failure" message="Snapshot of code has changed (variant 'development'): ('test-tables-ADA-adat04b.R:1:1')">Snapshot of code has changed (variant 'development'):
old[4:24] vs new[4:24]
    Baseline Prevalence and Incidence of Neutralizing Antibodies (NAbs)
    Protocol: A: Drug X Antibody
    
-   —————————————————————————————————————————————————————————————————————————————————————————————————————————————————————
+   ————————————————————————————————————————————————————————————————————————————————————————————————————————————————————————
-                                                        A: Drug X   C: Combination   &lt;Missing&gt;   B: Placebo   All Drug X
+                                                        A: Drug X   C: Combination   All Drug X   B: Placebo   All Patients
-                                                         (N=134)       (N=132)         (N=0)      (N=134)      (N=266)  
+                                                         (N=134)       (N=132)        (N=266)      (N=134)       (N=400)   
-   —————————————————————————————————————————————————————————————————————————————————————————————————————————————————————
+   ————————————————————————————————————————————————————————————————————————————————————————————————————————————————————————
-   Baseline Prevalence of NAbs                                                                                          
+   Baseline Prevalence of NAbs                                                                                             
-     Baseline evaluable patients for ADA                   134           132             0           0           266    
+     Baseline evaluable patients for ADA                   134           132            266           0            266     
-     Patients with a positive ADA sample at baseline       63             64             0           0           127    
+     Patients with a positive ADA sample at baseline       63             64            127           0            127     
-     Patients with a positive NAb sample at baseline        0             0              0           0            0     
+     Patients with a positive NAb sample at baseline        0             0              0            0             0      
-     Patients with no positive NAb sample at baseline       0             0              0           0            0     
+     Patients with no positive NAb sample at baseline       0             0              0            0             0      
-   Incidence of NAbs                                                                                                    
+   Incidence of NAbs                                                                                                       
-     Post-baseline evaluable patients for ADA              134           132             0           0           266    
+     Post-baseline evaluable patients for ADA              134           132            266           0            266     
-     Patients positive for ADA                             66             59             0           0           125    
+     Patients positive for ADA                             66             59            125           0            125     
-     Patients positive for NAb                              0             0              0           0            0     
+     Patients positive for NAb                              0             0              0            0             0      
-     Patients negative for NAb                             134           132             0           0           266    
+     Patients negative for NAb                             134           132            266           0            266     
-   —————————————————————————————————————————————————————————————————————————————————————————————————————————————————————
+   ————————————————————————————————————————————————————————————————————————————————————————————————————————————————————————
    
    NAb = Neutralizing Antibodies ADA = Anti-Drug Antibodies (is also referred to as ATA, or Anti-Therapeutic Antibodies) Baseline evaluable patient for ADA = a patient with an ADA assay result from a baseline sample(s) Baseline evaluable patient for NAb = a patient with a NAb assay result from a baseline sample(s) Post-baseline evaluable patient for ADA = a patient with an ADA assay result from at least one post-baseline sample Post-baseline evaluable patient for NAb = a patient with a NAb assay result from at least one post-baseline sample Number of patients positive for ADA = the number of post-baseline evaluable patients for ADA determined to have Treatment Emergent ADA during the study period.
    Number of patients positive for NAb = the number (and percentage) of post-baseline evaluable patients for ADA determined to have at least one positive post-baseline NAb result during the study period. Number of patients negative for NAb = number of post-baseline evaluable patients with all negative post-baseline NAb results.

* Run `testthat::snapshot_accept('development/tables-ADA-adat04b')` to accept the change.
* Run `testthat::snapshot_review('development/tables-ADA-adat04b')` to interactively review the change.</failure>
    </testcase>
  </testsuite>
  <testsuite name="tables-ECG-egt01" timestamp="2024-10-09T23:09:31Z" hostname="d59f8f5bf5a9" tests="1" skipped="0" failures="0" errors="0" time="0.537">
    <testcase time="0.536999999999921" classname="tables_ECG_egt01" name="tables_ECG_egt01.qmd_result_v1_development"/>
  </testsuite>
  <testsuite name="tables-ECG-egt02" timestamp="2024-10-09T23:09:31Z" hostname="d59f8f5bf5a9" tests="2" skipped="0" failures="0" errors="0" time="0.179">
    <testcase time="0.0910000000000082" classname="tables_ECG_egt02" name="tables_ECG_egt02.qmd_result_v1_development"/>
    <testcase time="0.0879999999999654" classname="tables_ECG_egt02" name="tables_ECG_egt02.qmd_result_v2_development"/>
  </testsuite>
  <testsuite name="tables-ECG-egt03" timestamp="2024-10-09T23:09:33Z" hostname="d59f8f5bf5a9" tests="2" skipped="0" failures="0" errors="0" time="1.424">
    <testcase time="1.30900000000008" classname="tables_ECG_egt03" name="tables_ECG_egt03.qmd_result_v1_development"/>
    <testcase time="0.115000000000009" classname="tables_ECG_egt03" name="tables_ECG_egt03.qmd_result_v2_development"/>
  </testsuite>
  <testsuite name="tables-ECG-egt04" timestamp="2024-10-09T23:09:33Z" hostname="d59f8f5bf5a9" tests="1" skipped="0" failures="0" errors="0" time="0.367">
    <testcase time="0.366999999999962" classname="tables_ECG_egt04" name="tables_ECG_egt04.qmd_result_v1_development"/>
  </testsuite>
  <testsuite name="tables-ECG-egt05_qtcat" timestamp="2024-10-09T23:09:33Z" hostname="d59f8f5bf5a9" tests="1" skipped="0" failures="0" errors="0" time="0.285">
    <testcase time="0.284999999999968" classname="tables_ECG_egt05_qtcat" name="tables_ECG_egt05_qtcat.qmd_result_v1_development"/>
  </testsuite>
  <testsuite name="tables-adverse-events-aet01" timestamp="2024-10-09T23:09:34Z" hostname="d59f8f5bf5a9" tests="4" skipped="0" failures="0" errors="0" time="0.473">
    <testcase time="0.133000000000038" classname="tables_adverse_events_aet01" name="tables_adverse_events_aet01.qmd_result_v1_development"/>
    <testcase time="0.125999999999976" classname="tables_adverse_events_aet01" name="tables_adverse_events_aet01.qmd_result_v2_development"/>
    <testcase time="0.0929999999999609" classname="tables_adverse_events_aet01" name="tables_adverse_events_aet01.qmd_result_v3_development"/>
    <testcase time="0.121000000000095" classname="tables_adverse_events_aet01" name="tables_adverse_events_aet01.qmd_result_v4_development"/>
  </testsuite>
  <testsuite name="tables-adverse-events-aet01_aesi" timestamp="2024-10-09T23:09:34Z" hostname="d59f8f5bf5a9" tests="4" skipped="0" failures="0" errors="0" time="0.642">
    <testcase time="0.131999999999948" classname="tables_adverse_events_aet01_aesi" name="tables_adverse_events_aet01_aesi.qmd_result_v1_development"/>
    <testcase time="0.153999999999996" classname="tables_adverse_events_aet01_aesi" name="tables_adverse_events_aet01_aesi.qmd_result_v2_development"/>
    <testcase time="0.201000000000022" classname="tables_adverse_events_aet01_aesi" name="tables_adverse_events_aet01_aesi.qmd_result_v3_development"/>
    <testcase time="0.154999999999973" classname="tables_adverse_events_aet01_aesi" name="tables_adverse_events_aet01_aesi.qmd_result_v4_development"/>
  </testsuite>
  <testsuite name="tables-adverse-events-aet02" timestamp="2024-10-09T23:09:35Z" hostname="d59f8f5bf5a9" tests="13" skipped="0" failures="0" errors="0" time="1.906">
    <testcase time="0.319000000000074" classname="tables_adverse_events_aet02" name="tables_adverse_events_aet02.qmd_result_v1_development"/>
    <testcase time="0.173000000000002" classname="tables_adverse_events_aet02" name="tables_adverse_events_aet02.qmd_result_v2_development"/>
    <testcase time="0.182999999999993" classname="tables_adverse_events_aet02" name="tables_adverse_events_aet02.qmd_result_v3_development"/>
    <testcase time="0.24899999999991" classname="tables_adverse_events_aet02" name="tables_adverse_events_aet02.qmd_result_v4_development"/>
    <testcase time="0.0910000000000082" classname="tables_adverse_events_aet02" name="tables_adverse_events_aet02.qmd_result_v5_development"/>
    <testcase time="0.160000000000082" classname="tables_adverse_events_aet02" name="tables_adverse_events_aet02.qmd_result_v6_development"/>
    <testcase time="0.103999999999928" classname="tables_adverse_events_aet02" name="tables_adverse_events_aet02.qmd_result_v7_development"/>
    <testcase time="0.133000000000038" classname="tables_adverse_events_aet02" name="tables_adverse_events_aet02.qmd_result_v8_development"/>
    <testcase time="0.109000000000037" classname="tables_adverse_events_aet02" name="tables_adverse_events_aet02.qmd_result_v9_development"/>
    <testcase time="0.103999999999928" classname="tables_adverse_events_aet02" name="tables_adverse_events_aet02.qmd_result_v10_development"/>
    <testcase time="0.08400000000006" classname="tables_adverse_events_aet02" name="tables_adverse_events_aet02.qmd_result_v11_development"/>
    <testcase time="0.104999999999905" classname="tables_adverse_events_aet02" name="tables_adverse_events_aet02.qmd_result_v12_development"/>
    <testcase time="0.0920000000000982" classname="tables_adverse_events_aet02" name="tables_adverse_events_aet02.qmd_result_v13_development"/>
  </testsuite>
  <testsuite name="tables-adverse-events-aet02_smq" timestamp="2024-10-09T23:09:37Z" hostname="d59f8f5bf5a9" tests="2" skipped="0" failures="0" errors="0" time="0.177">
    <testcase time="0.0819999999999936" classname="tables_adverse_events_aet02_smq" name="tables_adverse_events_aet02_smq.qmd_result_v1_development"/>
    <testcase time="0.0949999999999136" classname="tables_adverse_events_aet02_smq" name="tables_adverse_events_aet02_smq.qmd_result_v2_development"/>
  </testsuite>
  <testsuite name="tables-adverse-events-aet03" timestamp="2024-10-09T23:09:37Z" hostname="d59f8f5bf5a9" tests="1" skipped="0" failures="0" errors="0" time="0.33">
    <testcase time="0.330000000000041" classname="tables_adverse_events_aet03" name="tables_adverse_events_aet03.qmd_result_v1_development"/>
  </testsuite>
  <testsuite name="tables-adverse-events-aet04" timestamp="2024-10-09T23:09:37Z" hostname="d59f8f5bf5a9" tests="8" skipped="0" failures="0" errors="0" time="3.42">
    <testcase time="0.58400000000006" classname="tables_adverse_events_aet04" name="tables_adverse_events_aet04.qmd_result_v1_development"/>
    <testcase time="0.346000000000004" classname="tables_adverse_events_aet04" name="tables_adverse_events_aet04.qmd_result_v2_development"/>
    <testcase time="0.638999999999896" classname="tables_adverse_events_aet04" name="tables_adverse_events_aet04.qmd_result_v3_development"/>
    <testcase time="0.355999999999995" classname="tables_adverse_events_aet04" name="tables_adverse_events_aet04.qmd_result_v4_development"/>
    <testcase time="0.347000000000094" classname="tables_adverse_events_aet04" name="tables_adverse_events_aet04.qmd_result_v6_development"/>
    <testcase time="0.447000000000003" classname="tables_adverse_events_aet04" name="tables_adverse_events_aet04.qmd_result_v8_development"/>
    <testcase time="0.346999999999866" classname="tables_adverse_events_aet04" name="tables_adverse_events_aet04.qmd_result_v9_development"/>
    <testcase time="0.354000000000042" classname="tables_adverse_events_aet04" name="tables_adverse_events_aet04.qmd_result_v11_development"/>
  </testsuite>
  <testsuite name="tables-adverse-events-aet04_pi" timestamp="2024-10-09T23:09:41Z" hostname="d59f8f5bf5a9" tests="8" skipped="0" failures="0" errors="0" time="1.659">
    <testcase time="0.692999999999984" classname="tables_adverse_events_aet04_pi" name="tables_adverse_events_aet04_pi.qmd_result_v1_development"/>
    <testcase time="0.139000000000124" classname="tables_adverse_events_aet04_pi" name="tables_adverse_events_aet04_pi.qmd_result_v2_development"/>
    <testcase time="0.125999999999976" classname="tables_adverse_events_aet04_pi" name="tables_adverse_events_aet04_pi.qmd_result_v3_development"/>
    <testcase time="0.105000000000018" classname="tables_adverse_events_aet04_pi" name="tables_adverse_events_aet04_pi.qmd_result_v4_development"/>
    <testcase time="0.149999999999864" classname="tables_adverse_events_aet04_pi" name="tables_adverse_events_aet04_pi.qmd_result_v5_development"/>
    <testcase time="0.152000000000044" classname="tables_adverse_events_aet04_pi" name="tables_adverse_events_aet04_pi.qmd_result_v6_development"/>
    <testcase time="0.150000000000091" classname="tables_adverse_events_aet04_pi" name="tables_adverse_events_aet04_pi.qmd_result_v7_development"/>
    <testcase time="0.144000000000005" classname="tables_adverse_events_aet04_pi" name="tables_adverse_events_aet04_pi.qmd_result_v8_development"/>
  </testsuite>
  <testsuite name="tables-adverse-events-aet05" timestamp="2024-10-09T23:09:42Z" hostname="d59f8f5bf5a9" tests="2" skipped="0" failures="0" errors="0" time="0.138">
    <testcase time="0.0750000000000455" classname="tables_adverse_events_aet05" name="tables_adverse_events_aet05.qmd_result_v1_development"/>
    <testcase time="0.0629999999998745" classname="tables_adverse_events_aet05" name="tables_adverse_events_aet05.qmd_result_v2_development"/>
  </testsuite>
  <testsuite name="tables-adverse-events-aet05_all" timestamp="2024-10-09T23:09:42Z" hostname="d59f8f5bf5a9" tests="2" skipped="0" failures="0" errors="0" time="0.131">
    <testcase time="0.0679999999999836" classname="tables_adverse_events_aet05_all" name="tables_adverse_events_aet05_all.qmd_result_v1_development"/>
    <testcase time="0.0630000000001019" classname="tables_adverse_events_aet05_all" name="tables_adverse_events_aet05_all.qmd_result_v2_development"/>
  </testsuite>
  <testsuite name="tables-adverse-events-aet06" timestamp="2024-10-09T23:09:43Z" hostname="d59f8f5bf5a9" tests="5" skipped="0" failures="0" errors="0" time="1.919">
    <testcase time="0.472999999999956" classname="tables_adverse_events_aet06" name="tables_adverse_events_aet06.qmd_result_v1_development"/>
    <testcase time="0.595000000000027" classname="tables_adverse_events_aet06" name="tables_adverse_events_aet06.qmd_result_v2_development"/>
    <testcase time="0.311999999999898" classname="tables_adverse_events_aet06" name="tables_adverse_events_aet06.qmd_result_v3_development"/>
    <testcase time="0.211999999999989" classname="tables_adverse_events_aet06" name="tables_adverse_events_aet06.qmd_result_v4_development"/>
    <testcase time="0.326999999999998" classname="tables_adverse_events_aet06" name="tables_adverse_events_aet06.qmd_result_v5_development"/>
  </testsuite>
  <testsuite name="tables-adverse-events-aet06_smq" timestamp="2024-10-09T23:09:44Z" hostname="d59f8f5bf5a9" tests="3" skipped="0" failures="0" errors="0" time="0.379">
    <testcase time="0.134999999999991" classname="tables_adverse_events_aet06_smq" name="tables_adverse_events_aet06_smq.qmd_result_v1_development"/>
    <testcase time="0.144000000000005" classname="tables_adverse_events_aet06_smq" name="tables_adverse_events_aet06_smq.qmd_result_v2_development"/>
    <testcase time="0.100000000000136" classname="tables_adverse_events_aet06_smq" name="tables_adverse_events_aet06_smq.qmd_result_v3_development"/>
  </testsuite>
  <testsuite name="tables-adverse-events-aet07" timestamp="2024-10-09T23:09:45Z" hostname="d59f8f5bf5a9" tests="2" skipped="0" failures="0" errors="0" time="0.123">
    <testcase time="0.0629999999998745" classname="tables_adverse_events_aet07" name="tables_adverse_events_aet07.qmd_result_v1_development"/>
    <testcase time="0.0600000000001728" classname="tables_adverse_events_aet07" name="tables_adverse_events_aet07.qmd_result_v2_development"/>
  </testsuite>
  <testsuite name="tables-adverse-events-aet09" timestamp="2024-10-09T23:09:45Z" hostname="d59f8f5bf5a9" tests="2" skipped="0" failures="0" errors="0" time="0.335">
    <testcase time="0.164999999999964" classname="tables_adverse_events_aet09" name="tables_adverse_events_aet09.qmd_result_v1_development"/>
    <testcase time="0.169999999999845" classname="tables_adverse_events_aet09" name="tables_adverse_events_aet09.qmd_result_v2_development"/>
  </testsuite>
  <testsuite name="tables-adverse-events-aet09_smq" timestamp="2024-10-09T23:09:45Z" hostname="d59f8f5bf5a9" tests="2" skipped="0" failures="0" errors="0" time="0.172">
    <testcase time="0.0779999999999745" classname="tables_adverse_events_aet09_smq" name="tables_adverse_events_aet09_smq.qmd_result_v1_development"/>
    <testcase time="0.0940000000000509" classname="tables_adverse_events_aet09_smq" name="tables_adverse_events_aet09_smq.qmd_result_v2_development"/>
  </testsuite>
  <testsuite name="tables-adverse-events-aet10" timestamp="2024-10-09T23:09:45Z" hostname="d59f8f5bf5a9" tests="2" skipped="0" failures="0" errors="0" time="0.204">
    <testcase time="0.115999999999985" classname="tables_adverse_events_aet10" name="tables_adverse_events_aet10.qmd_result_v1_development"/>
    <testcase time="0.0879999999999654" classname="tables_adverse_events_aet10" name="tables_adverse_events_aet10.qmd_result_v2_development"/>
  </testsuite>
  <testsuite name="tables-concomitant-medications-cmt01" timestamp="2024-10-09T23:09:46Z" hostname="d59f8f5bf5a9" tests="4" skipped="0" failures="0" errors="0" time="0.437">
    <testcase time="0.132000000000062" classname="tables_concomitant_medications_cmt01" name="tables_concomitant_medications_cmt01.qmd_result_v1_development"/>
    <testcase time="0.0940000000000509" classname="tables_concomitant_medications_cmt01" name="tables_concomitant_medications_cmt01.qmd_result_v2_development"/>
    <testcase time="0.0950000000000273" classname="tables_concomitant_medications_cmt01" name="tables_concomitant_medications_cmt01.qmd_result_v3_development"/>
    <testcase time="0.115999999999985" classname="tables_concomitant_medications_cmt01" name="tables_concomitant_medications_cmt01.qmd_result_v4_development"/>
  </testsuite>
  <testsuite name="tables-concomitant-medications-cmt01a" timestamp="2024-10-09T23:09:46Z" hostname="d59f8f5bf5a9" tests="4" skipped="0" failures="0" errors="0" time="0.721">
    <testcase time="0.228000000000065" classname="tables_concomitant_medications_cmt01a" name="tables_concomitant_medications_cmt01a.qmd_result_v1_development"/>
    <testcase time="0.168999999999869" classname="tables_concomitant_medications_cmt01a" name="tables_concomitant_medications_cmt01a.qmd_result_v2_development"/>
    <testcase time="0.177000000000135" classname="tables_concomitant_medications_cmt01a" name="tables_concomitant_medications_cmt01a.qmd_result_v3_development"/>
    <testcase time="0.146999999999935" classname="tables_concomitant_medications_cmt01a" name="tables_concomitant_medications_cmt01a.qmd_result_v4_development"/>
  </testsuite>
  <testsuite name="tables-concomitant-medications-cmt01b" timestamp="2024-10-09T23:09:47Z" hostname="d59f8f5bf5a9" tests="3" skipped="0" failures="0" errors="0" time="0.81">
    <testcase time="0.333000000000084" classname="tables_concomitant_medications_cmt01b" name="tables_concomitant_medications_cmt01b.qmd_result_v1_development"/>
    <testcase time="0.207999999999856" classname="tables_concomitant_medications_cmt01b" name="tables_concomitant_medications_cmt01b.qmd_result_v2_development"/>
    <testcase time="0.269000000000005" classname="tables_concomitant_medications_cmt01b" name="tables_concomitant_medications_cmt01b.qmd_result_v4_development"/>
  </testsuite>
  <testsuite name="tables-concomitant-medications-cmt02_pt" timestamp="2024-10-09T23:09:48Z" hostname="d59f8f5bf5a9" tests="1" skipped="0" failures="0" errors="0" time="0.101">
    <testcase time="0.101000000000113" classname="tables_concomitant_medications_cmt02_pt" name="tables_concomitant_medications_cmt02_pt.qmd_result_v1_development"/>
  </testsuite>
  <testsuite name="tables-deaths-dtht01" timestamp="2024-10-09T23:09:48Z" hostname="d59f8f5bf5a9" tests="4" skipped="0" failures="0" errors="0" time="0.586">
    <testcase time="0.184999999999945" classname="tables_deaths_dtht01" name="tables_deaths_dtht01.qmd_result_v1_development"/>
    <testcase time="0.20900000000006" classname="tables_deaths_dtht01" name="tables_deaths_dtht01.qmd_result_v2_development"/>
    <testcase time="0.0879999999999654" classname="tables_deaths_dtht01" name="tables_deaths_dtht01.qmd_result_v3_development"/>
    <testcase time="0.104000000000042" classname="tables_deaths_dtht01" name="tables_deaths_dtht01.qmd_result_v4_development"/>
  </testsuite>
  <testsuite name="tables-demography-dmt01" timestamp="2024-10-09T23:09:48Z" hostname="d59f8f5bf5a9" tests="5" skipped="0" failures="0" errors="0" time="0.818">
    <testcase time="0.230000000000018" classname="tables_demography_dmt01" name="tables_demography_dmt01.qmd_result_v1_development"/>
    <testcase time="0.159999999999854" classname="tables_demography_dmt01" name="tables_demography_dmt01.qmd_result_v2_development"/>
    <testcase time="0.153999999999996" classname="tables_demography_dmt01" name="tables_demography_dmt01.qmd_result_v3_development"/>
    <testcase time="0.149000000000115" classname="tables_demography_dmt01" name="tables_demography_dmt01.qmd_result_v4_development"/>
    <testcase time="0.125" classname="tables_demography_dmt01" name="tables_demography_dmt01.qmd_result_v5_development"/>
  </testsuite>
  <testsuite name="tables-disclosures-disclosurest01" timestamp="2024-10-09T23:09:49Z" hostname="d59f8f5bf5a9" tests="6" skipped="0" failures="0" errors="0" time="0.718">
    <testcase time="0.157999999999902" classname="tables_disclosures_disclosurest01" name="tables_disclosures_disclosurest01.qmd_result_v1_development"/>
    <testcase time="0.175999999999931" classname="tables_disclosures_disclosurest01" name="tables_disclosures_disclosurest01.qmd_result_v2_development"/>
    <testcase time="0.0940000000000509" classname="tables_disclosures_disclosurest01" name="tables_disclosures_disclosurest01.qmd_result_v3_development"/>
    <testcase time="0.132000000000062" classname="tables_disclosures_disclosurest01" name="tables_disclosures_disclosurest01.qmd_result_v4_development"/>
    <testcase time="0.0960000000000036" classname="tables_disclosures_disclosurest01" name="tables_disclosures_disclosurest01.qmd_result_v5_development"/>
    <testcase time="0.0619999999998981" classname="tables_disclosures_disclosurest01" name="tables_disclosures_disclosurest01.qmd_result_v6_development"/>
  </testsuite>
  <testsuite name="tables-disclosures-eudrat01" timestamp="2024-10-09T23:09:50Z" hostname="d59f8f5bf5a9" tests="1" skipped="0" failures="0" errors="0" time="0.16">
    <testcase time="0.160000000000082" classname="tables_disclosures_eudrat01" name="tables_disclosures_eudrat01.qmd_result_v1_development"/>
  </testsuite>
  <testsuite name="tables-disclosures-eudrat02" timestamp="2024-10-09T23:09:50Z" hostname="d59f8f5bf5a9" tests="1" skipped="0" failures="0" errors="0" time="0.109">
    <testcase time="0.108999999999924" classname="tables_disclosures_eudrat02" name="tables_disclosures_eudrat02.qmd_result_v1_development"/>
  </testsuite>
  <testsuite name="tables-disposition-dst01" timestamp="2024-10-09T23:09:50Z" hostname="d59f8f5bf5a9" tests="3" skipped="0" failures="0" errors="0" time="0.415">
    <testcase time="0.170000000000073" classname="tables_disposition_dst01" name="tables_disposition_dst01.qmd_result_v1_development"/>
    <testcase time="0.102000000000089" classname="tables_disposition_dst01" name="tables_disposition_dst01.qmd_result_v2_development"/>
    <testcase time="0.143000000000029" classname="tables_disposition_dst01" name="tables_disposition_dst01.qmd_result_v3_development"/>
  </testsuite>
  <testsuite name="tables-disposition-pdt01" timestamp="2024-10-09T23:09:50Z" hostname="d59f8f5bf5a9" tests="1" skipped="0" failures="0" errors="0" time="0.16">
    <testcase time="0.159999999999854" classname="tables_disposition_pdt01" name="tables_disposition_pdt01.qmd_result_v1_development"/>
  </testsuite>
  <testsuite name="tables-disposition-pdt02" timestamp="2024-10-09T23:09:51Z" hostname="d59f8f5bf5a9" tests="1" skipped="0" failures="0" errors="0" time="0.094">
    <testcase time="0.0940000000000509" classname="tables_disposition_pdt02" name="tables_disposition_pdt02.qmd_result_v1_development"/>
  </testsuite>
  <testsuite name="tables-efficacy-aovt01" timestamp="2024-10-09T23:09:52Z" hostname="d59f8f5bf5a9" tests="1" skipped="0" failures="0" errors="0" time="1.061">
    <testcase time="1.06099999999992" classname="tables_efficacy_aovt01" name="tables_efficacy_aovt01.qmd_result_v1_development"/>
  </testsuite>
  <testsuite name="tables-efficacy-aovt02" timestamp="2024-10-09T23:09:52Z" hostname="d59f8f5bf5a9" tests="1" skipped="0" failures="0" errors="0" time="0.163">
    <testcase time="0.163000000000011" classname="tables_efficacy_aovt02" name="tables_efficacy_aovt02.qmd_result_v1_development"/>
  </testsuite>
  <testsuite name="tables-efficacy-aovt03" timestamp="2024-10-09T23:09:53Z" hostname="d59f8f5bf5a9" tests="1" skipped="0" failures="0" errors="0" time="0.941">
    <testcase time="0.941000000000031" classname="tables_efficacy_aovt03" name="tables_efficacy_aovt03.qmd_result_v1_development"/>
  </testsuite>
  <testsuite name="tables-efficacy-cfbt01" timestamp="2024-10-09T23:09:53Z" hostname="d59f8f5bf5a9" tests="1" skipped="0" failures="0" errors="0" time="0.229">
    <testcase time="0.229000000000042" classname="tables_efficacy_cfbt01" name="tables_efficacy_cfbt01.qmd_result_v1_development"/>
  </testsuite>
  <testsuite name="tables-efficacy-cmht01" timestamp="2024-10-09T23:09:55Z" hostname="d59f8f5bf5a9" tests="2" skipped="0" failures="0" errors="0" time="2.392">
    <testcase time="2.12400000000002" classname="tables_efficacy_cmht01" name="tables_efficacy_cmht01.qmd_result_v1_development"/>
    <testcase time="0.268000000000029" classname="tables_efficacy_cmht01" name="tables_efficacy_cmht01.qmd_result_v2_development"/>
  </testsuite>
  <testsuite name="tables-efficacy-coxt01" timestamp="2024-10-09T23:09:56Z" hostname="d59f8f5bf5a9" tests="4" skipped="0" failures="0" errors="0" time="0.489">
    <testcase time="0.171000000000049" classname="tables_efficacy_coxt01" name="tables_efficacy_coxt01.qmd_result_v1_development"/>
    <testcase time="0.115999999999985" classname="tables_efficacy_coxt01" name="tables_efficacy_coxt01.qmd_result_v2_development"/>
    <testcase time="0.0999999999999091" classname="tables_efficacy_coxt01" name="tables_efficacy_coxt01.qmd_result_v3_development"/>
    <testcase time="0.102000000000089" classname="tables_efficacy_coxt01" name="tables_efficacy_coxt01.qmd_result_v4_development"/>
  </testsuite>
  <testsuite name="tables-efficacy-coxt02" timestamp="2024-10-09T23:09:56Z" hostname="d59f8f5bf5a9" tests="2" skipped="0" failures="0" errors="0" time="0.171">
    <testcase time="0.0960000000000036" classname="tables_efficacy_coxt02" name="tables_efficacy_coxt02.qmd_result_v1_development"/>
    <testcase time="0.0749999999998181" classname="tables_efficacy_coxt02" name="tables_efficacy_coxt02.qmd_result_v2_development"/>
  </testsuite>
  <testsuite name="tables-efficacy-dort01" timestamp="2024-10-09T23:09:57Z" hostname="d59f8f5bf5a9" tests="4" skipped="0" failures="0" errors="0" time="0.973">
    <testcase time="0.680000000000064" classname="tables_efficacy_dort01" name="tables_efficacy_dort01.qmd_result_v1_development"/>
    <testcase time="0.0979999999999563" classname="tables_efficacy_dort01" name="tables_efficacy_dort01.qmd_result_v2_development"/>
    <testcase time="0.09699999999998" classname="tables_efficacy_dort01" name="tables_efficacy_dort01.qmd_result_v3_development"/>
    <testcase time="0.0980000000001837" classname="tables_efficacy_dort01" name="tables_efficacy_dort01.qmd_result_v4_development"/>
  </testsuite>
  <testsuite name="tables-efficacy-lgrt02" timestamp="2024-10-09T23:09:58Z" hostname="d59f8f5bf5a9" tests="4" skipped="0" failures="0" errors="0" time="0.944">
    <testcase time="0.448999999999842" classname="tables_efficacy_lgrt02" name="tables_efficacy_lgrt02.qmd_result_v1_development"/>
    <testcase time="0.164999999999964" classname="tables_efficacy_lgrt02" name="tables_efficacy_lgrt02.qmd_result_v2_development"/>
    <testcase time="0.162000000000035" classname="tables_efficacy_lgrt02" name="tables_efficacy_lgrt02.qmd_result_v3_development"/>
    <testcase time="0.16800000000012" classname="tables_efficacy_lgrt02" name="tables_efficacy_lgrt02.qmd_result_v4_development"/>
  </testsuite>
  <testsuite name="tables-efficacy-mmrmt01" timestamp="2024-10-09T23:09:58Z" hostname="d59f8f5bf5a9" tests="4" skipped="0" failures="1" errors="0" time="0.65">
    <testcase time="0.221000000000004" classname="tables_efficacy_mmrmt01" name="tables_efficacy_mmrmt01.qmd_result_v1_development">
      <failure type="failure" message="Snapshot of code has changed (variant 'development'): ('test-tables-efficacy-mmrmt01.R:1:1')">Snapshot of code has changed (variant 'development'):
old[11:17] vs new[11:17]
      Difference in Adjusted Means (SE)                       0.759 (0.973)      -0.325 (0.976) 
        95% CI                                               (-1.155, 2.672)    (-2.243, 1.593) 
        Relative Increase (%)                                     21.8%              -9.3%      
-       p-value (MMRM)                                            0.4362             0.7394     
+       p-value (MMRM)                                            0.4362             0.7393     
    WEEK 2 DAY 15                                                                               
      n                                         134                134                132       
      Adjusted Mean (SE)                   9.135 (0.768)      9.018 (0.767)      8.509 (0.773)  

old[19:25] vs new[19:25]
      Difference in Adjusted Means (SE)                       -0.117 (1.087)     -0.626 (1.090) 
        95% CI                                               (-2.253, 2.020)    (-2.768, 1.517) 
        Relative Increase (%)                                     -1.3%              -6.8%      
-       p-value (MMRM)                                            0.9146             0.5662     
+       p-value (MMRM)                                            0.9147             0.5662     
    WEEK 3 DAY 22                                                                               
      n                                         134                134                132       
      Adjusted Mean (SE)                   13.547 (0.871)     16.014 (0.871)     15.789 (0.877) 

* Run `testthat::snapshot_accept('development/tables-efficacy-mmrmt01')` to accept the change.
* Run `testthat::snapshot_review('development/tables-efficacy-mmrmt01')` to interactively review the change.</failure>
    </testcase>
    <testcase time="0.09699999999998" classname="tables_efficacy_mmrmt01" name="tables_efficacy_mmrmt01.qmd_result_v2_development"/>
    <testcase time="0.242999999999938" classname="tables_efficacy_mmrmt01" name="tables_efficacy_mmrmt01.qmd_result_v3_development"/>
    <testcase time="0.0889999999999418" classname="tables_efficacy_mmrmt01" name="tables_efficacy_mmrmt01.qmd_result_baseline_development"/>
  </testsuite>
  <testsuite name="tables-efficacy-onct05" timestamp="2024-10-09T23:09:59Z" hostname="d59f8f5bf5a9" tests="4" skipped="0" failures="0" errors="0" time="0.642">
    <testcase time="0.240999999999985" classname="tables_efficacy_onct05" name="tables_efficacy_onct05.qmd_result_v1_development"/>
    <testcase time="0.144999999999982" classname="tables_efficacy_onct05" name="tables_efficacy_onct05.qmd_result_v2_development"/>
    <testcase time="0.130000000000109" classname="tables_efficacy_onct05" name="tables_efficacy_onct05.qmd_result_v3_development"/>
    <testcase time="0.125999999999976" classname="tables_efficacy_onct05" name="tables_efficacy_onct05.qmd_result_v4_development"/>
  </testsuite>
  <testsuite name="tables-efficacy-ratet01" timestamp="2024-10-09T23:10:00Z" hostname="d59f8f5bf5a9" tests="1" skipped="0" failures="0" errors="0" time="0.271">
    <testcase time="0.270999999999958" classname="tables_efficacy_ratet01" name="tables_efficacy_ratet01.qmd_result_v1_development"/>
  </testsuite>
  <testsuite name="tables-efficacy-rspt01" timestamp="2024-10-09T23:10:00Z" hostname="d59f8f5bf5a9" tests="6" skipped="0" failures="0" errors="0" time="1.059">
    <testcase time="0.441000000000031" classname="tables_efficacy_rspt01" name="tables_efficacy_rspt01.qmd_result_v1_development"/>
    <testcase time="0.105999999999995" classname="tables_efficacy_rspt01" name="tables_efficacy_rspt01.qmd_result_v2_development"/>
    <testcase time="0.125" classname="tables_efficacy_rspt01" name="tables_efficacy_rspt01.qmd_result_v3_development"/>
    <testcase time="0.123000000000047" classname="tables_efficacy_rspt01" name="tables_efficacy_rspt01.qmd_result_v4_development"/>
    <testcase time="0.113000000000056" classname="tables_efficacy_rspt01" name="tables_efficacy_rspt01.qmd_result_v5_development"/>
    <testcase time="0.15099999999984" classname="tables_efficacy_rspt01" name="tables_efficacy_rspt01.qmd_result_v6_development"/>
  </testsuite>
  <testsuite name="tables-efficacy-ttet01" timestamp="2024-10-09T23:10:02Z" hostname="d59f8f5bf5a9" tests="6" skipped="0" failures="0" errors="0" time="1.913">
    <testcase time="1.19400000000019" classname="tables_efficacy_ttet01" name="tables_efficacy_ttet01.qmd_result_v1_development"/>
    <testcase time="0.126999999999953" classname="tables_efficacy_ttet01" name="tables_efficacy_ttet01.qmd_result_v2_development"/>
    <testcase time="0.163999999999987" classname="tables_efficacy_ttet01" name="tables_efficacy_ttet01.qmd_result_v3_development"/>
    <testcase time="0.146999999999935" classname="tables_efficacy_ttet01" name="tables_efficacy_ttet01.qmd_result_v4_development"/>
    <testcase time="0.131000000000085" classname="tables_efficacy_ttet01" name="tables_efficacy_ttet01.qmd_result_v5_development"/>
    <testcase time="0.149999999999864" classname="tables_efficacy_ttet01" name="tables_efficacy_ttet01.qmd_result_v6_development"/>
  </testsuite>
  <testsuite name="tables-exposure-ext01" timestamp="2024-10-09T23:10:03Z" hostname="d59f8f5bf5a9" tests="3" skipped="0" failures="0" errors="0" time="0.624">
    <testcase time="0.210000000000036" classname="tables_exposure_ext01" name="tables_exposure_ext01.qmd_result_v1_development"/>
    <testcase time="0.19399999999996" classname="tables_exposure_ext01" name="tables_exposure_ext01.qmd_result_v2_development"/>
    <testcase time="0.220000000000027" classname="tables_exposure_ext01" name="tables_exposure_ext01.qmd_result_v3_development"/>
  </testsuite>
  <testsuite name="tables-lab-results-lbt01" timestamp="2024-10-09T23:10:03Z" hostname="d59f8f5bf5a9" tests="1" skipped="0" failures="0" errors="0" time="0.238">
    <testcase time="0.238000000000056" classname="tables_lab_results_lbt01" name="tables_lab_results_lbt01.qmd_result_v1_development"/>
  </testsuite>
  <testsuite name="tables-lab-results-lbt02" timestamp="2024-10-09T23:10:04Z" hostname="d59f8f5bf5a9" tests="1" skipped="0" failures="0" errors="0" time="0.17">
    <testcase time="0.170000000000073" classname="tables_lab_results_lbt02" name="tables_lab_results_lbt02.qmd_result_v1_development"/>
  </testsuite>
  <testsuite name="tables-lab-results-lbt03" timestamp="2024-10-09T23:10:04Z" hostname="d59f8f5bf5a9" tests="2" skipped="0" failures="0" errors="0" time="0.313">
    <testcase time="0.169999999999845" classname="tables_lab_results_lbt03" name="tables_lab_results_lbt03.qmd_result_v1_development"/>
    <testcase time="0.143000000000029" classname="tables_lab_results_lbt03" name="tables_lab_results_lbt03.qmd_result_v2_development"/>
  </testsuite>
  <testsuite name="tables-lab-results-lbt04" timestamp="2024-10-09T23:10:04Z" hostname="d59f8f5bf5a9" tests="1" skipped="0" failures="0" errors="0" time="0.089">
    <testcase time="0.0890000000001692" classname="tables_lab_results_lbt04" name="tables_lab_results_lbt04.qmd_result_v1_development"/>
  </testsuite>
  <testsuite name="tables-lab-results-lbt05" timestamp="2024-10-09T23:10:04Z" hostname="d59f8f5bf5a9" tests="3" skipped="0" failures="0" errors="0" time="0.429">
    <testcase time="0.168999999999869" classname="tables_lab_results_lbt05" name="tables_lab_results_lbt05.qmd_result_v1_development"/>
    <testcase time="0.143000000000029" classname="tables_lab_results_lbt05" name="tables_lab_results_lbt05.qmd_result_v2_development"/>
    <testcase time="0.116999999999962" classname="tables_lab_results_lbt05" name="tables_lab_results_lbt05.qmd_result_v4_development"/>
  </testsuite>
  <testsuite name="tables-lab-results-lbt06" timestamp="2024-10-09T23:10:05Z" hostname="d59f8f5bf5a9" tests="2" skipped="0" failures="0" errors="0" time="0.703">
    <testcase time="0.246000000000095" classname="tables_lab_results_lbt06" name="tables_lab_results_lbt06.qmd_result_v1_development"/>
    <testcase time="0.45699999999988" classname="tables_lab_results_lbt06" name="tables_lab_results_lbt06.qmd_result_v2_development"/>
  </testsuite>
  <testsuite name="tables-lab-results-lbt07" timestamp="2024-10-09T23:10:05Z" hostname="d59f8f5bf5a9" tests="1" skipped="0" failures="0" errors="0" time="0.171">
    <testcase time="0.171000000000049" classname="tables_lab_results_lbt07" name="tables_lab_results_lbt07.qmd_result_v1_development"/>
  </testsuite>
  <testsuite name="tables-lab-results-lbt08" timestamp="2024-10-09T23:10:05Z" hostname="d59f8f5bf5a9" tests="1" skipped="0" failures="0" errors="0" time="0.151">
    <testcase time="0.151000000000067" classname="tables_lab_results_lbt08" name="tables_lab_results_lbt08.qmd_result_v1_development"/>
  </testsuite>
  <testsuite name="tables-lab-results-lbt09" timestamp="2024-10-09T23:10:06Z" hostname="d59f8f5bf5a9" tests="2" skipped="0" failures="0" errors="0" time="0.557">
    <testcase time="0.34699999999998" classname="tables_lab_results_lbt09" name="tables_lab_results_lbt09.qmd_result_v1_development"/>
    <testcase time="0.210000000000036" classname="tables_lab_results_lbt09" name="tables_lab_results_lbt09.qmd_result_v2_development"/>
  </testsuite>
  <testsuite name="tables-lab-results-lbt10" timestamp="2024-10-09T23:10:06Z" hostname="d59f8f5bf5a9" tests="2" skipped="0" failures="0" errors="0" time="0.149">
    <testcase time="0.0860000000000127" classname="tables_lab_results_lbt10" name="tables_lab_results_lbt10.qmd_result_v1_development"/>
    <testcase time="0.0629999999998745" classname="tables_lab_results_lbt10" name="tables_lab_results_lbt10.qmd_result_v2_development"/>
  </testsuite>
  <testsuite name="tables-lab-results-lbt10_bl" timestamp="2024-10-09T23:10:06Z" hostname="d59f8f5bf5a9" tests="2" skipped="0" failures="0" errors="0" time="0.16">
    <testcase time="0.0860000000000127" classname="tables_lab_results_lbt10_bl" name="tables_lab_results_lbt10_bl.qmd_result_v1_development"/>
    <testcase time="0.0740000000000691" classname="tables_lab_results_lbt10_bl" name="tables_lab_results_lbt10_bl.qmd_result_v2_development"/>
  </testsuite>
  <testsuite name="tables-lab-results-lbt11" timestamp="2024-10-09T23:10:07Z" hostname="d59f8f5bf5a9" tests="3" skipped="0" failures="0" errors="0" time="0.532">
    <testcase time="0.319999999999936" classname="tables_lab_results_lbt11" name="tables_lab_results_lbt11.qmd_result_v1_development"/>
    <testcase time="0.0850000000000364" classname="tables_lab_results_lbt11" name="tables_lab_results_lbt11.qmd_result_v2_development"/>
    <testcase time="0.126999999999953" classname="tables_lab_results_lbt11" name="tables_lab_results_lbt11.qmd_result_v3_development"/>
  </testsuite>
  <testsuite name="tables-lab-results-lbt11_bl" timestamp="2024-10-09T23:10:07Z" hostname="d59f8f5bf5a9" tests="3" skipped="0" failures="0" errors="0" time="0.528">
    <testcase time="0.317999999999984" classname="tables_lab_results_lbt11_bl" name="tables_lab_results_lbt11_bl.qmd_result_v1_development"/>
    <testcase time="0.0850000000000364" classname="tables_lab_results_lbt11_bl" name="tables_lab_results_lbt11_bl.qmd_result_v2_development"/>
    <testcase time="0.125" classname="tables_lab_results_lbt11_bl" name="tables_lab_results_lbt11_bl.qmd_result_v3_development"/>
  </testsuite>
  <testsuite name="tables-lab-results-lbt12" timestamp="2024-10-09T23:10:07Z" hostname="d59f8f5bf5a9" tests="1" skipped="0" failures="0" errors="0" time="0.108">
    <testcase time="0.107999999999947" classname="tables_lab_results_lbt12" name="tables_lab_results_lbt12.qmd_result_v1_development"/>
  </testsuite>
  <testsuite name="tables-lab-results-lbt12_bl" timestamp="2024-10-09T23:10:08Z" hostname="d59f8f5bf5a9" tests="1" skipped="0" failures="0" errors="0" time="0.109">
    <testcase time="0.109000000000151" classname="tables_lab_results_lbt12_bl" name="tables_lab_results_lbt12_bl.qmd_result_v1_development"/>
  </testsuite>
  <testsuite name="tables-lab-results-lbt13" timestamp="2024-10-09T23:10:08Z" hostname="d59f8f5bf5a9" tests="5" skipped="0" failures="0" errors="0" time="3.185">
    <testcase time="0.886999999999944" classname="tables_lab_results_lbt13" name="tables_lab_results_lbt13.qmd_result_v1_development"/>
    <testcase time="0.480999999999995" classname="tables_lab_results_lbt13" name="tables_lab_results_lbt13.qmd_result_v2_development"/>
    <testcase time="0.462999999999965" classname="tables_lab_results_lbt13" name="tables_lab_results_lbt13.qmd_result_v3_development"/>
    <testcase time="0.482999999999947" classname="tables_lab_results_lbt13" name="tables_lab_results_lbt13.qmd_result_v4_development"/>
    <testcase time="0.871000000000095" classname="tables_lab_results_lbt13" name="tables_lab_results_lbt13.qmd_result_v5_development"/>
  </testsuite>
  <testsuite name="tables-lab-results-lbt14" timestamp="2024-10-09T23:10:11Z" hostname="d59f8f5bf5a9" tests="5" skipped="0" failures="0" errors="0" time="1.751">
    <testcase time="0.38799999999992" classname="tables_lab_results_lbt14" name="tables_lab_results_lbt14.qmd_result_v1_development"/>
    <testcase time="0.270999999999958" classname="tables_lab_results_lbt14" name="tables_lab_results_lbt14.qmd_result_v2_development"/>
    <testcase time="0.277000000000044" classname="tables_lab_results_lbt14" name="tables_lab_results_lbt14.qmd_result_v3_development"/>
    <testcase time="0.27800000000002" classname="tables_lab_results_lbt14" name="tables_lab_results_lbt14.qmd_result_v4_development"/>
    <testcase time="0.537000000000035" classname="tables_lab_results_lbt14" name="tables_lab_results_lbt14.qmd_result_v5_development"/>
  </testsuite>
  <testsuite name="tables-lab-results-lbt15" timestamp="2024-10-09T23:10:13Z" hostname="d59f8f5bf5a9" tests="2" skipped="0" failures="0" errors="0" time="0.225">
    <testcase time="0.124000000000024" classname="tables_lab_results_lbt15" name="tables_lab_results_lbt15.qmd_result_v1_development"/>
    <testcase time="0.100999999999885" classname="tables_lab_results_lbt15" name="tables_lab_results_lbt15.qmd_result_v2_development"/>
  </testsuite>
  <testsuite name="tables-medical-history-mht01" timestamp="2024-10-09T23:10:13Z" hostname="d59f8f5bf5a9" tests="4" skipped="0" failures="0" errors="0" time="0.542">
    <testcase time="0.180000000000064" classname="tables_medical_history_mht01" name="tables_medical_history_mht01.qmd_result_v1_development"/>
    <testcase time="0.081000000000131" classname="tables_medical_history_mht01" name="tables_medical_history_mht01.qmd_result_v2_development"/>
    <testcase time="0.120999999999867" classname="tables_medical_history_mht01" name="tables_medical_history_mht01.qmd_result_v3_development"/>
    <testcase time="0.160000000000082" classname="tables_medical_history_mht01" name="tables_medical_history_mht01.qmd_result_v4_development"/>
  </testsuite>
  <testsuite name="tables-pharmacokinetic-pkct01" timestamp="2024-10-09T23:10:14Z" hostname="d59f8f5bf5a9" tests="3" skipped="0" failures="0" errors="0" time="0.894">
    <testcase time="0.492999999999938" classname="tables_pharmacokinetic_pkct01" name="tables_pharmacokinetic_pkct01.qmd_result_v1_development"/>
    <testcase time="0.207000000000107" classname="tables_pharmacokinetic_pkct01" name="tables_pharmacokinetic_pkct01.qmd_result_v2_development"/>
    <testcase time="0.19399999999996" classname="tables_pharmacokinetic_pkct01" name="tables_pharmacokinetic_pkct01.qmd_result_v3_development"/>
  </testsuite>
  <testsuite name="tables-pharmacokinetic-pkpt02" timestamp="2024-10-09T23:10:14Z" hostname="d59f8f5bf5a9" tests="2" skipped="0" failures="0" errors="0" time="0.247">
    <testcase time="0.145999999999958" classname="tables_pharmacokinetic_pkpt02" name="tables_pharmacokinetic_pkpt02.qmd_result_v1_development"/>
    <testcase time="0.100999999999885" classname="tables_pharmacokinetic_pkpt02" name="tables_pharmacokinetic_pkpt02.qmd_result_v2_development"/>
  </testsuite>
  <testsuite name="tables-pharmacokinetic-pkpt03" timestamp="2024-10-09T23:10:16Z" hostname="d59f8f5bf5a9" tests="3" skipped="3" failures="0" errors="0" time="1.8">
    <testcase time="1.77700000000004" classname="tables_pharmacokinetic_pkpt03" name="tables_pharmacokinetic_pkpt03.qmd_result_v1_development">
      <skipped message="Reason: Snapshot test is not implemented for object of class: list. ('test-tables-pharmacokinetic-pkpt03.R:1:1')"/>
    </testcase>
    <testcase time="0.012000000000171" classname="tables_pharmacokinetic_pkpt03" name="tables_pharmacokinetic_pkpt03.qmd_result_v2_development">
      <skipped message="Reason: Snapshot test is not implemented for object of class: list. ('test-tables-pharmacokinetic-pkpt03.R:1:1')"/>
    </testcase>
    <testcase time="0.0109999999999673" classname="tables_pharmacokinetic_pkpt03" name="tables_pharmacokinetic_pkpt03.qmd_result_v3_development">
      <skipped message="Reason: Snapshot test is not implemented for object of class: list. ('test-tables-pharmacokinetic-pkpt03.R:1:1')"/>
    </testcase>
  </testsuite>
  <testsuite name="tables-pharmacokinetic-pkpt04" timestamp="2024-10-09T23:10:16Z" hostname="d59f8f5bf5a9" tests="2" skipped="0" failures="0" errors="0" time="0.303">
    <testcase time="0.182000000000016" classname="tables_pharmacokinetic_pkpt04" name="tables_pharmacokinetic_pkpt04.qmd_result_v1_development"/>
    <testcase time="0.120999999999867" classname="tables_pharmacokinetic_pkpt04" name="tables_pharmacokinetic_pkpt04.qmd_result_v2_development"/>
  </testsuite>
  <testsuite name="tables-pharmacokinetic-pkpt05" timestamp="2024-10-09T23:10:17Z" hostname="d59f8f5bf5a9" tests="2" skipped="0" failures="0" errors="0" time="0.299">
    <testcase time="0.190000000000055" classname="tables_pharmacokinetic_pkpt05" name="tables_pharmacokinetic_pkpt05.qmd_result_v1_development"/>
    <testcase time="0.108999999999924" classname="tables_pharmacokinetic_pkpt05" name="tables_pharmacokinetic_pkpt05.qmd_result_v2_development"/>
  </testsuite>
  <testsuite name="tables-pharmacokinetic-pkpt06" timestamp="2024-10-09T23:10:17Z" hostname="d59f8f5bf5a9" tests="2" skipped="0" failures="0" errors="0" time="0.142">
    <testcase time="0.0830000000000837" classname="tables_pharmacokinetic_pkpt06" name="tables_pharmacokinetic_pkpt06.qmd_result_v1_development"/>
    <testcase time="0.0589999999999691" classname="tables_pharmacokinetic_pkpt06" name="tables_pharmacokinetic_pkpt06.qmd_result_v2_development"/>
  </testsuite>
  <testsuite name="tables-pharmacokinetic-pkpt07" timestamp="2024-10-09T23:10:17Z" hostname="d59f8f5bf5a9" tests="2" skipped="0" failures="0" errors="0" time="0.209">
    <testcase time="0.116999999999962" classname="tables_pharmacokinetic_pkpt07" name="tables_pharmacokinetic_pkpt07.qmd_result_v1_development"/>
    <testcase time="0.0920000000000982" classname="tables_pharmacokinetic_pkpt07" name="tables_pharmacokinetic_pkpt07.qmd_result_v2_development"/>
  </testsuite>
  <testsuite name="tables-pharmacokinetic-pkpt08" timestamp="2024-10-09T23:10:17Z" hostname="d59f8f5bf5a9" tests="1" skipped="0" failures="0" errors="0" time="0.148">
    <testcase time="0.147999999999911" classname="tables_pharmacokinetic_pkpt08" name="tables_pharmacokinetic_pkpt08.qmd_result_v1_development"/>
  </testsuite>
  <testsuite name="tables-pharmacokinetic-pkpt11" timestamp="2024-10-09T23:10:17Z" hostname="d59f8f5bf5a9" tests="1" skipped="0" failures="0" errors="0" time="0.083">
    <testcase time="0.0830000000000837" classname="tables_pharmacokinetic_pkpt11" name="tables_pharmacokinetic_pkpt11.qmd_result_v1_development"/>
  </testsuite>
  <testsuite name="tables-risk-management-plan-rmpt01" timestamp="2024-10-09T23:10:18Z" hostname="d59f8f5bf5a9" tests="1" skipped="0" failures="0" errors="0" time="0.071">
    <testcase time="0.0709999999999127" classname="tables_risk_management_plan_rmpt01" name="tables_risk_management_plan_rmpt01.qmd_result_v1_development"/>
  </testsuite>
  <testsuite name="tables-risk-management-plan-rmpt03" timestamp="2024-10-09T23:10:18Z" hostname="d59f8f5bf5a9" tests="2" skipped="0" failures="0" errors="0" time="0.22">
    <testcase time="0.125999999999976" classname="tables_risk_management_plan_rmpt03" name="tables_risk_management_plan_rmpt03.qmd_result_v1_development"/>
    <testcase time="0.0940000000000509" classname="tables_risk_management_plan_rmpt03" name="tables_risk_management_plan_rmpt03.qmd_result_v2_development"/>
  </testsuite>
  <testsuite name="tables-risk-management-plan-rmpt04" timestamp="2024-10-09T23:10:18Z" hostname="d59f8f5bf5a9" tests="1" skipped="0" failures="0" errors="0" time="0.075">
    <testcase time="0.0750000000000455" classname="tables_risk_management_plan_rmpt04" name="tables_risk_management_plan_rmpt04.qmd_result_v1_development"/>
  </testsuite>
  <testsuite name="tables-risk-management-plan-rmpt05" timestamp="2024-10-09T23:10:18Z" hostname="d59f8f5bf5a9" tests="1" skipped="0" failures="0" errors="0" time="0.079">
    <testcase time="0.0789999999999509" classname="tables_risk_management_plan_rmpt05" name="tables_risk_management_plan_rmpt05.qmd_result_v1_development"/>
  </testsuite>
  <testsuite name="tables-risk-management-plan-rmpt06" timestamp="2024-10-09T23:10:18Z" hostname="d59f8f5bf5a9" tests="4" skipped="0" failures="0" errors="0" time="0.51">
    <testcase time="0.171000000000049" classname="tables_risk_management_plan_rmpt06" name="tables_risk_management_plan_rmpt06.qmd_result_v1_development"/>
    <testcase time="0.0909999999998945" classname="tables_risk_management_plan_rmpt06" name="tables_risk_management_plan_rmpt06.qmd_result_v2_development"/>
    <testcase time="0.121000000000095" classname="tables_risk_management_plan_rmpt06" name="tables_risk_management_plan_rmpt06.qmd_result_v3_development"/>
    <testcase time="0.126999999999953" classname="tables_risk_management_plan_rmpt06" name="tables_risk_management_plan_rmpt06.qmd_result_v4_development"/>
  </testsuite>
  <testsuite name="tables-safety-enrollment01" timestamp="2024-10-09T23:10:19Z" hostname="d59f8f5bf5a9" tests="4" skipped="0" failures="0" errors="0" time="2.26">
    <testcase time="0.710000000000036" classname="tables_safety_enrollment01" name="tables_safety_enrollment01.qmd_result_v1_development"/>
    <testcase time="0.516000000000076" classname="tables_safety_enrollment01" name="tables_safety_enrollment01.qmd_result_v2_development"/>
    <testcase time="0.509999999999991" classname="tables_safety_enrollment01" name="tables_safety_enrollment01.qmd_result_v3_development"/>
    <testcase time="0.523999999999887" classname="tables_safety_enrollment01" name="tables_safety_enrollment01.qmd_result_v4_development"/>
  </testsuite>
  <testsuite name="tables-vital-signs-vst01" timestamp="2024-10-09T23:10:21Z" hostname="d59f8f5bf5a9" tests="1" skipped="0" failures="0" errors="0" time="0.33">
    <testcase time="0.330000000000155" classname="tables_vital_signs_vst01" name="tables_vital_signs_vst01.qmd_result_v1_development"/>
  </testsuite>
  <testsuite name="tables-vital-signs-vst02" timestamp="2024-10-09T23:10:21Z" hostname="d59f8f5bf5a9" tests="2" skipped="0" failures="0" errors="0" time="0.279">
    <testcase time="0.15099999999984" classname="tables_vital_signs_vst02" name="tables_vital_signs_vst02.qmd_result_v1_development"/>
    <testcase time="0.128000000000156" classname="tables_vital_signs_vst02" name="tables_vital_signs_vst02.qmd_result_v2_development"/>
  </testsuite>
</testsuites>
