<?xml version="1.0" encoding="UTF-8"?>
<testsuites>
  <testsuite name="graphs-efficacy-fstg01" timestamp="2024-11-11T17:35:13Z" hostname="f64a7812a3bf" tests="7" skipped="7" failures="0" errors="0" time="2.49">
    <testcase time="2.321" classname="graphs_efficacy_fstg01" name="graphs_efficacy_fstg01.qmd_width_stable">
      <skipped message="Reason: Snapshot test is not implemented for object of class: numeric. ('test-graphs-efficacy-fstg01.R:1:1')"/>
    </testcase>
    <testcase time="0.0740000000000003" classname="graphs_efficacy_fstg01" name="graphs_efficacy_fstg01.qmd_height_stable">
      <skipped message="Reason: Snapshot test is not implemented for object of class: numeric. ('test-graphs-efficacy-fstg01.R:1:1')"/>
    </testcase>
    <testcase time="0.0339999999999998" classname="graphs_efficacy_fstg01" name="graphs_efficacy_fstg01.qmd_plot_v1_stable">
      <skipped message="Reason: Snapshot test is not implemented for object of class: gg, ggplot. ('test-graphs-efficacy-fstg01.R:1:1')"/>
    </testcase>
    <testcase time="0.0150000000000001" classname="graphs_efficacy_fstg01" name="graphs_efficacy_fstg01.qmd_plot_v2_stable">
      <skipped message="Reason: Snapshot test is not implemented for object of class: gg, ggplot. ('test-graphs-efficacy-fstg01.R:1:1')"/>
    </testcase>
    <testcase time="0.016" classname="graphs_efficacy_fstg01" name="graphs_efficacy_fstg01.qmd_plot_v3_stable">
      <skipped message="Reason: Snapshot test is not implemented for object of class: gg, ggplot. ('test-graphs-efficacy-fstg01.R:1:1')"/>
    </testcase>
    <testcase time="0.0150000000000001" classname="graphs_efficacy_fstg01" name="graphs_efficacy_fstg01.qmd_plot_v4_stable">
      <skipped message="Reason: Snapshot test is not implemented for object of class: gg, ggplot. ('test-graphs-efficacy-fstg01.R:1:1')"/>
    </testcase>
    <testcase time="0.0149999999999997" classname="graphs_efficacy_fstg01" name="graphs_efficacy_fstg01.qmd_plot_v5_stable">
      <skipped message="Reason: Snapshot test is not implemented for object of class: gg, ggplot. ('test-graphs-efficacy-fstg01.R:1:1')"/>
    </testcase>
  </testsuite>
  <testsuite name="graphs-efficacy-fstg02" timestamp="2024-11-11T17:35:14Z" hostname="f64a7812a3bf" tests="7" skipped="7" failures="0" errors="0" time="0.526">
    <testcase time="0.436" classname="graphs_efficacy_fstg02" name="graphs_efficacy_fstg02.qmd_width_stable">
      <skipped message="Reason: Snapshot test is not implemented for object of class: numeric. ('test-graphs-efficacy-fstg02.R:1:1')"/>
    </testcase>
    <testcase time="0.016" classname="graphs_efficacy_fstg02" name="graphs_efficacy_fstg02.qmd_height_stable">
      <skipped message="Reason: Snapshot test is not implemented for object of class: numeric. ('test-graphs-efficacy-fstg02.R:1:1')"/>
    </testcase>
    <testcase time="0.0150000000000001" classname="graphs_efficacy_fstg02" name="graphs_efficacy_fstg02.qmd_plot_v1_stable">
      <skipped message="Reason: Snapshot test is not implemented for object of class: gg, ggplot. ('test-graphs-efficacy-fstg02.R:1:1')"/>
    </testcase>
    <testcase time="0.0150000000000001" classname="graphs_efficacy_fstg02" name="graphs_efficacy_fstg02.qmd_plot_v2_stable">
      <skipped message="Reason: Snapshot test is not implemented for object of class: gg, ggplot. ('test-graphs-efficacy-fstg02.R:1:1')"/>
    </testcase>
    <testcase time="0.0150000000000001" classname="graphs_efficacy_fstg02" name="graphs_efficacy_fstg02.qmd_plot_v3_stable">
      <skipped message="Reason: Snapshot test is not implemented for object of class: gg, ggplot. ('test-graphs-efficacy-fstg02.R:1:1')"/>
    </testcase>
    <testcase time="0.0149999999999997" classname="graphs_efficacy_fstg02" name="graphs_efficacy_fstg02.qmd_plot_v4_stable">
      <skipped message="Reason: Snapshot test is not implemented for object of class: gg, ggplot. ('test-graphs-efficacy-fstg02.R:1:1')"/>
    </testcase>
    <testcase time="0.0140000000000002" classname="graphs_efficacy_fstg02" name="graphs_efficacy_fstg02.qmd_plot_v3.width_stable">
      <skipped message="Reason: Snapshot test is not implemented for object of class: numeric. ('test-graphs-efficacy-fstg02.R:1:1')"/>
    </testcase>
  </testsuite>
  <testsuite name="graphs-efficacy-kmg01" timestamp="2024-11-11T17:35:14Z" hostname="f64a7812a3bf" tests="8" skipped="8" failures="0" errors="0" time="0.907">
    <testcase time="0.824" classname="graphs_efficacy_kmg01" name="graphs_efficacy_kmg01.qmd_width_stable">
      <skipped message="Reason: Snapshot test is not implemented for object of class: numeric. ('test-graphs-efficacy-kmg01.R:1:1')"/>
    </testcase>
    <testcase time="0.0129999999999999" classname="graphs_efficacy_kmg01" name="graphs_efficacy_kmg01.qmd_height_stable">
      <skipped message="Reason: Snapshot test is not implemented for object of class: numeric. ('test-graphs-efficacy-kmg01.R:1:1')"/>
    </testcase>
    <testcase time="0.0120000000000005" classname="graphs_efficacy_kmg01" name="graphs_efficacy_kmg01.qmd_plot_v1_stable">
      <skipped message="Reason: Snapshot test is not implemented for object of class: gg, ggplot. ('test-graphs-efficacy-kmg01.R:1:1')"/>
    </testcase>
    <testcase time="0.0119999999999996" classname="graphs_efficacy_kmg01" name="graphs_efficacy_kmg01.qmd_plot_v2_stable">
      <skipped message="Reason: Snapshot test is not implemented for object of class: gg, ggplot. ('test-graphs-efficacy-kmg01.R:1:1')"/>
    </testcase>
    <testcase time="0.0110000000000001" classname="graphs_efficacy_kmg01" name="graphs_efficacy_kmg01.qmd_plot_v3_stable">
      <skipped message="Reason: Snapshot test is not implemented for object of class: gg, ggplot. ('test-graphs-efficacy-kmg01.R:1:1')"/>
    </testcase>
    <testcase time="0.0120000000000005" classname="graphs_efficacy_kmg01" name="graphs_efficacy_kmg01.qmd_plot_v4_stable">
      <skipped message="Reason: Snapshot test is not implemented for object of class: gg, ggplot. ('test-graphs-efficacy-kmg01.R:1:1')"/>
    </testcase>
    <testcase time="0.0119999999999996" classname="graphs_efficacy_kmg01" name="graphs_efficacy_kmg01.qmd_plot_v5_stable">
      <skipped message="Reason: Snapshot test is not implemented for object of class: gg, ggplot. ('test-graphs-efficacy-kmg01.R:1:1')"/>
    </testcase>
    <testcase time="0.0110000000000001" classname="graphs_efficacy_kmg01" name="graphs_efficacy_kmg01.qmd_plot_v6_stable">
      <skipped message="Reason: Snapshot test is not implemented for object of class: gg, ggplot. ('test-graphs-efficacy-kmg01.R:1:1')"/>
    </testcase>
  </testsuite>
  <testsuite name="graphs-efficacy-mmrmg01" timestamp="2024-11-11T17:35:15Z" hostname="f64a7812a3bf" tests="6" skipped="6" failures="0" errors="0" time="0.574">
    <testcase time="0.508" classname="graphs_efficacy_mmrmg01" name="graphs_efficacy_mmrmg01.qmd_plot_v1_stable">
      <skipped message="Reason: Snapshot test is not implemented for object of class: gg, ggplot. ('test-graphs-efficacy-mmrmg01.R:1:1')"/>
    </testcase>
    <testcase time="0.0140000000000002" classname="graphs_efficacy_mmrmg01" name="graphs_efficacy_mmrmg01.qmd_plot_v2_stable">
      <skipped message="Reason: Snapshot test is not implemented for object of class: gg, ggplot. ('test-graphs-efficacy-mmrmg01.R:1:1')"/>
    </testcase>
    <testcase time="0.0129999999999999" classname="graphs_efficacy_mmrmg01" name="graphs_efficacy_mmrmg01.qmd_plot_v3_stable">
      <skipped message="Reason: Snapshot test is not implemented for object of class: gg, ggplot. ('test-graphs-efficacy-mmrmg01.R:1:1')"/>
    </testcase>
    <testcase time="0.0119999999999996" classname="graphs_efficacy_mmrmg01" name="graphs_efficacy_mmrmg01.qmd_plot_v4_stable">
      <skipped message="Reason: Snapshot test is not implemented for object of class: gg, ggplot. ('test-graphs-efficacy-mmrmg01.R:1:1')"/>
    </testcase>
    <testcase time="0.0140000000000002" classname="graphs_efficacy_mmrmg01" name="graphs_efficacy_mmrmg01.qmd_plot_v5_stable">
      <skipped message="Reason: Snapshot test is not implemented for object of class: gg, ggplot. ('test-graphs-efficacy-mmrmg01.R:1:1')"/>
    </testcase>
    <testcase time="0.0129999999999999" classname="graphs_efficacy_mmrmg01" name="graphs_efficacy_mmrmg01.qmd_plot_v6_stable">
      <skipped message="Reason: Snapshot test is not implemented for object of class: gg, ggplot. ('test-graphs-efficacy-mmrmg01.R:1:1')"/>
    </testcase>
  </testsuite>
  <testsuite name="graphs-efficacy-mmrmg02" timestamp="2024-11-11T17:35:15Z" hostname="f64a7812a3bf" tests="3" skipped="3" failures="0" errors="0" time="0.154">
    <testcase time="0.127" classname="graphs_efficacy_mmrmg02" name="graphs_efficacy_mmrmg02.qmd_width_stable">
      <skipped message="Reason: Snapshot test is not implemented for object of class: numeric. ('test-graphs-efficacy-mmrmg02.R:1:1')"/>
    </testcase>
    <testcase time="0.0140000000000002" classname="graphs_efficacy_mmrmg02" name="graphs_efficacy_mmrmg02.qmd_plot_v1_stable">
      <skipped message="Reason: Snapshot test is not implemented for object of class: gg, ggplot. ('test-graphs-efficacy-mmrmg02.R:1:1')"/>
    </testcase>
    <testcase time="0.0129999999999999" classname="graphs_efficacy_mmrmg02" name="graphs_efficacy_mmrmg02.qmd_plot_v2_stable">
      <skipped message="Reason: Snapshot test is not implemented for object of class: gg, ggplot. ('test-graphs-efficacy-mmrmg02.R:1:1')"/>
    </testcase>
  </testsuite>
  <testsuite name="graphs-other-brg01" timestamp="2024-11-11T17:35:16Z" hostname="f64a7812a3bf" tests="9" skipped="9" failures="0" errors="0" time="0.487">
    <testcase time="0.394" classname="graphs_other_brg01" name="graphs_other_brg01.qmd_plot_v1_stable">
      <skipped message="Reason: Snapshot test is not implemented for object of class: gg, ggplot. ('test-graphs-other-brg01.R:1:1')"/>
    </testcase>
    <testcase time="0.0120000000000005" classname="graphs_other_brg01" name="graphs_other_brg01.qmd_plot_v2_stable">
      <skipped message="Reason: Snapshot test is not implemented for object of class: gg, ggplot. ('test-graphs-other-brg01.R:1:1')"/>
    </testcase>
    <testcase time="0.0109999999999992" classname="graphs_other_brg01" name="graphs_other_brg01.qmd_plot_v3_stable">
      <skipped message="Reason: Snapshot test is not implemented for object of class: gg, ggplot. ('test-graphs-other-brg01.R:1:1')"/>
    </testcase>
    <testcase time="0.0120000000000005" classname="graphs_other_brg01" name="graphs_other_brg01.qmd_plot_v4_stable">
      <skipped message="Reason: Snapshot test is not implemented for object of class: gg, ggplot. ('test-graphs-other-brg01.R:1:1')"/>
    </testcase>
    <testcase time="0.0110000000000001" classname="graphs_other_brg01" name="graphs_other_brg01.qmd_plot_v5_stable">
      <skipped message="Reason: Snapshot test is not implemented for object of class: gg, ggplot. ('test-graphs-other-brg01.R:1:1')"/>
    </testcase>
    <testcase time="0.0110000000000001" classname="graphs_other_brg01" name="graphs_other_brg01.qmd_plot_v6_stable">
      <skipped message="Reason: Snapshot test is not implemented for object of class: gg, ggplot. ('test-graphs-other-brg01.R:1:1')"/>
    </testcase>
    <testcase time="0.0119999999999996" classname="graphs_other_brg01" name="graphs_other_brg01.qmd_plot_v7_stable">
      <skipped message="Reason: Snapshot test is not implemented for object of class: gg, ggplot. ('test-graphs-other-brg01.R:1:1')"/>
    </testcase>
    <testcase time="0.0120000000000005" classname="graphs_other_brg01" name="graphs_other_brg01.qmd_plot_v8_stable">
      <skipped message="Reason: Snapshot test is not implemented for object of class: gg, ggplot. ('test-graphs-other-brg01.R:1:1')"/>
    </testcase>
    <testcase time="0.0119999999999996" classname="graphs_other_brg01" name="graphs_other_brg01.qmd_plot_v9_stable">
      <skipped message="Reason: Snapshot test is not implemented for object of class: gg, ggplot. ('test-graphs-other-brg01.R:1:1')"/>
    </testcase>
  </testsuite>
  <testsuite name="graphs-other-bwg01" timestamp="2024-11-11T17:35:16Z" hostname="f64a7812a3bf" tests="9" skipped="9" failures="0" errors="0" time="0.658">
    <testcase time="0.565" classname="graphs_other_bwg01" name="graphs_other_bwg01.qmd_plot_v1_stable">
      <skipped message="Reason: Snapshot test is not implemented for object of class: gg, ggplot. ('test-graphs-other-bwg01.R:1:1')"/>
    </testcase>
    <testcase time="0.0129999999999999" classname="graphs_other_bwg01" name="graphs_other_bwg01.qmd_plot_v2_stable">
      <skipped message="Reason: Snapshot test is not implemented for object of class: gg, ggplot. ('test-graphs-other-bwg01.R:1:1')"/>
    </testcase>
    <testcase time="0.0110000000000001" classname="graphs_other_bwg01" name="graphs_other_bwg01.qmd_plot_v3_stable">
      <skipped message="Reason: Snapshot test is not implemented for object of class: gg, ggplot. ('test-graphs-other-bwg01.R:1:1')"/>
    </testcase>
    <testcase time="0.0119999999999996" classname="graphs_other_bwg01" name="graphs_other_bwg01.qmd_plot_v4_stable">
      <skipped message="Reason: Snapshot test is not implemented for object of class: gg, ggplot. ('test-graphs-other-bwg01.R:1:1')"/>
    </testcase>
    <testcase time="0.0110000000000001" classname="graphs_other_bwg01" name="graphs_other_bwg01.qmd_plot_v5_stable">
      <skipped message="Reason: Snapshot test is not implemented for object of class: gg, ggplot. ('test-graphs-other-bwg01.R:1:1')"/>
    </testcase>
    <testcase time="0.0119999999999996" classname="graphs_other_bwg01" name="graphs_other_bwg01.qmd_plot_v6_stable">
      <skipped message="Reason: Snapshot test is not implemented for object of class: gg, ggplot. ('test-graphs-other-bwg01.R:1:1')"/>
    </testcase>
    <testcase time="0.0110000000000001" classname="graphs_other_bwg01" name="graphs_other_bwg01.qmd_plot_v7_stable">
      <skipped message="Reason: Snapshot test is not implemented for object of class: gg, ggplot. ('test-graphs-other-bwg01.R:1:1')"/>
    </testcase>
    <testcase time="0.0120000000000005" classname="graphs_other_bwg01" name="graphs_other_bwg01.qmd_plot_v8_stable">
      <skipped message="Reason: Snapshot test is not implemented for object of class: gg, ggplot. ('test-graphs-other-bwg01.R:1:1')"/>
    </testcase>
    <testcase time="0.0110000000000001" classname="graphs_other_bwg01" name="graphs_other_bwg01.qmd_plot_v9_stable">
      <skipped message="Reason: Snapshot test is not implemented for object of class: gg, ggplot. ('test-graphs-other-bwg01.R:1:1')"/>
    </testcase>
  </testsuite>
  <testsuite name="graphs-other-cig01" timestamp="2024-11-11T17:35:16Z" hostname="f64a7812a3bf" tests="5" skipped="4" failures="0" errors="0" time="0.226">
    <testcase time="0.183999999999999" classname="graphs_other_cig01" name="graphs_other_cig01.qmd_table_v6_stable"/>
    <testcase time="0.00500000000000078" classname="graphs_other_cig01" name="graphs_other_cig01.qmd_plot_v1_and_v2_stable">
      <skipped message="Reason: Snapshot test is not implemented for object of class: gg, ggplot. ('test-graphs-other-cig01.R:1:1')"/>
    </testcase>
    <testcase time="0.0129999999999999" classname="graphs_other_cig01" name="graphs_other_cig01.qmd_plot_v3_stable">
      <skipped message="Reason: Snapshot test is not implemented for object of class: gg, ggplot. ('test-graphs-other-cig01.R:1:1')"/>
    </testcase>
    <testcase time="0.0119999999999996" classname="graphs_other_cig01" name="graphs_other_cig01.qmd_plot_v4_stable">
      <skipped message="Reason: Snapshot test is not implemented for object of class: gg, ggplot. ('test-graphs-other-cig01.R:1:1')"/>
    </testcase>
    <testcase time="0.0120000000000005" classname="graphs_other_cig01" name="graphs_other_cig01.qmd_plot_v5_stable">
      <skipped message="Reason: Snapshot test is not implemented for object of class: gg, ggplot. ('test-graphs-other-cig01.R:1:1')"/>
    </testcase>
  </testsuite>
  <testsuite name="graphs-other-ippg01" timestamp="2024-11-11T17:35:17Z" hostname="f64a7812a3bf" tests="2" skipped="2" failures="0" errors="0" time="0.047">
    <testcase time="0.0350000000000001" classname="graphs_other_ippg01" name="graphs_other_ippg01.qmd_plots_v1_stable">
      <skipped message="Reason: Snapshot test is not implemented for object of class: list. ('test-graphs-other-ippg01.R:1:1')"/>
    </testcase>
    <testcase time="0.0119999999999996" classname="graphs_other_ippg01" name="graphs_other_ippg01.qmd_plots_v2_stable">
      <skipped message="Reason: Snapshot test is not implemented for object of class: list. ('test-graphs-other-ippg01.R:1:1')"/>
    </testcase>
  </testsuite>
  <testsuite name="graphs-other-ltg01" timestamp="2024-11-11T17:35:17Z" hostname="f64a7812a3bf" tests="7" skipped="7" failures="0" errors="0" time="0.165">
    <testcase time="0.093" classname="graphs_other_ltg01" name="graphs_other_ltg01.qmd_plot_v1_stable">
      <skipped message="Reason: Snapshot test is not implemented for object of class: gg, ggplot. ('test-graphs-other-ltg01.R:1:1')"/>
    </testcase>
    <testcase time="0.0129999999999999" classname="graphs_other_ltg01" name="graphs_other_ltg01.qmd_plot_v2_stable">
      <skipped message="Reason: Snapshot test is not implemented for object of class: gg, ggplot. ('test-graphs-other-ltg01.R:1:1')"/>
    </testcase>
    <testcase time="0.0120000000000005" classname="graphs_other_ltg01" name="graphs_other_ltg01.qmd_plot_v3_stable">
      <skipped message="Reason: Snapshot test is not implemented for object of class: gg, ggplot. ('test-graphs-other-ltg01.R:1:1')"/>
    </testcase>
    <testcase time="0.0110000000000001" classname="graphs_other_ltg01" name="graphs_other_ltg01.qmd_plot_v4_stable">
      <skipped message="Reason: Snapshot test is not implemented for object of class: gg, ggplot. ('test-graphs-other-ltg01.R:1:1')"/>
    </testcase>
    <testcase time="0.0119999999999996" classname="graphs_other_ltg01" name="graphs_other_ltg01.qmd_plot_v51_stable">
      <skipped message="Reason: Snapshot test is not implemented for object of class: gg, ggplot. ('test-graphs-other-ltg01.R:1:1')"/>
    </testcase>
    <testcase time="0.0119999999999996" classname="graphs_other_ltg01" name="graphs_other_ltg01.qmd_plot_v52_stable">
      <skipped message="Reason: Snapshot test is not implemented for object of class: gg, ggplot. ('test-graphs-other-ltg01.R:1:1')"/>
    </testcase>
    <testcase time="0.0120000000000005" classname="graphs_other_ltg01" name="graphs_other_ltg01.qmd_plot_v53_stable">
      <skipped message="Reason: Snapshot test is not implemented for object of class: gg, ggplot. ('test-graphs-other-ltg01.R:1:1')"/>
    </testcase>
  </testsuite>
  <testsuite name="graphs-other-mng01" timestamp="2024-11-11T17:35:17Z" hostname="f64a7812a3bf" tests="7" skipped="7" failures="0" errors="0" time="0.214">
    <testcase time="0.145" classname="graphs_other_mng01" name="graphs_other_mng01.qmd_plot_v1_stable">
      <skipped message="Reason: Snapshot test is not implemented for object of class: gg, ggplot. ('test-graphs-other-mng01.R:1:1')"/>
    </testcase>
    <testcase time="0.0120000000000005" classname="graphs_other_mng01" name="graphs_other_mng01.qmd_plot_v2_stable">
      <skipped message="Reason: Snapshot test is not implemented for object of class: gg, ggplot. ('test-graphs-other-mng01.R:1:1')"/>
    </testcase>
    <testcase time="0.0110000000000001" classname="graphs_other_mng01" name="graphs_other_mng01.qmd_plot_v3_stable">
      <skipped message="Reason: Snapshot test is not implemented for object of class: gg, ggplot. ('test-graphs-other-mng01.R:1:1')"/>
    </testcase>
    <testcase time="0.0119999999999996" classname="graphs_other_mng01" name="graphs_other_mng01.qmd_plot_v4_stable">
      <skipped message="Reason: Snapshot test is not implemented for object of class: gg, ggplot. ('test-graphs-other-mng01.R:1:1')"/>
    </testcase>
    <testcase time="0.0110000000000001" classname="graphs_other_mng01" name="graphs_other_mng01.qmd_plot_v5_stable">
      <skipped message="Reason: Snapshot test is not implemented for object of class: gg, ggplot. ('test-graphs-other-mng01.R:1:1')"/>
    </testcase>
    <testcase time="0.0110000000000001" classname="graphs_other_mng01" name="graphs_other_mng01.qmd_plot_v6_stable">
      <skipped message="Reason: Snapshot test is not implemented for object of class: gg, ggplot. ('test-graphs-other-mng01.R:1:1')"/>
    </testcase>
    <testcase time="0.0120000000000005" classname="graphs_other_mng01" name="graphs_other_mng01.qmd_plot_v7_stable">
      <skipped message="Reason: Snapshot test is not implemented for object of class: gg, ggplot. ('test-graphs-other-mng01.R:1:1')"/>
    </testcase>
  </testsuite>
  <testsuite name="graphs-pharmacokinetic-pkcg01" timestamp="2024-11-11T17:35:17Z" hostname="f64a7812a3bf" tests="2" skipped="2" failures="0" errors="0" time="0.045">
    <testcase time="0.0329999999999995" classname="graphs_pharmacokinetic_pkcg01" name="graphs_pharmacokinetic_pkcg01.qmd_plot_v1_stable">
      <skipped message="Reason: Snapshot test is not implemented for object of class: gg, ggplot. ('test-graphs-pharmacokinetic-pkcg01.R:1:1')"/>
    </testcase>
    <testcase time="0.0120000000000005" classname="graphs_pharmacokinetic_pkcg01" name="graphs_pharmacokinetic_pkcg01.qmd_plot_v2_stable">
      <skipped message="Reason: Snapshot test is not implemented for object of class: gg, ggplot. ('test-graphs-pharmacokinetic-pkcg01.R:1:1')"/>
    </testcase>
  </testsuite>
  <testsuite name="graphs-pharmacokinetic-pkcg02" timestamp="2024-11-11T17:35:17Z" hostname="f64a7812a3bf" tests="2" skipped="2" failures="0" errors="0" time="0.047">
    <testcase time="0.0349999999999993" classname="graphs_pharmacokinetic_pkcg02" name="graphs_pharmacokinetic_pkcg02.qmd_plot_v1_stable">
      <skipped message="Reason: Snapshot test is not implemented for object of class: gg, ggplot. ('test-graphs-pharmacokinetic-pkcg02.R:1:1')"/>
    </testcase>
    <testcase time="0.0120000000000005" classname="graphs_pharmacokinetic_pkcg02" name="graphs_pharmacokinetic_pkcg02.qmd_plot_v2_stable">
      <skipped message="Reason: Snapshot test is not implemented for object of class: gg, ggplot. ('test-graphs-pharmacokinetic-pkcg02.R:1:1')"/>
    </testcase>
  </testsuite>
  <testsuite name="graphs-pharmacokinetic-pkcg03" timestamp="2024-11-11T17:35:17Z" hostname="f64a7812a3bf" tests="2" skipped="2" failures="0" errors="0" time="0.068">
    <testcase time="0.056" classname="graphs_pharmacokinetic_pkcg03" name="graphs_pharmacokinetic_pkcg03.qmd_plot_v1_stable">
      <skipped message="Reason: Snapshot test is not implemented for object of class: gg, ggplot. ('test-graphs-pharmacokinetic-pkcg03.R:1:1')"/>
    </testcase>
    <testcase time="0.0119999999999996" classname="graphs_pharmacokinetic_pkcg03" name="graphs_pharmacokinetic_pkcg03.qmd_plot_v2_stable">
      <skipped message="Reason: Snapshot test is not implemented for object of class: gg, ggplot. ('test-graphs-pharmacokinetic-pkcg03.R:1:1')"/>
    </testcase>
  </testsuite>
  <testsuite name="graphs-pharmacokinetic-pkpg01" timestamp="2024-11-11T17:35:17Z" hostname="f64a7812a3bf" tests="2" skipped="2" failures="0" errors="0" time="0.065">
    <testcase time="0.0529999999999999" classname="graphs_pharmacokinetic_pkpg01" name="graphs_pharmacokinetic_pkpg01.qmd_plot_v1_stable">
      <skipped message="Reason: Snapshot test is not implemented for object of class: gg, ggplot. ('test-graphs-pharmacokinetic-pkpg01.R:1:1')"/>
    </testcase>
    <testcase time="0.0120000000000005" classname="graphs_pharmacokinetic_pkpg01" name="graphs_pharmacokinetic_pkpg01.qmd_plot_v2_stable">
      <skipped message="Reason: Snapshot test is not implemented for object of class: gg, ggplot. ('test-graphs-pharmacokinetic-pkpg01.R:1:1')"/>
    </testcase>
  </testsuite>
  <testsuite name="graphs-pharmacokinetic-pkpg02" timestamp="2024-11-11T17:35:17Z" hostname="f64a7812a3bf" tests="2" skipped="2" failures="0" errors="0" time="0.073">
    <testcase time="0.0609999999999999" classname="graphs_pharmacokinetic_pkpg02" name="graphs_pharmacokinetic_pkpg02.qmd_plot_v1_stable">
      <skipped message="Reason: Snapshot test is not implemented for object of class: gg, ggplot. ('test-graphs-pharmacokinetic-pkpg02.R:1:1')"/>
    </testcase>
    <testcase time="0.0119999999999996" classname="graphs_pharmacokinetic_pkpg02" name="graphs_pharmacokinetic_pkpg02.qmd_plot_v2_stable">
      <skipped message="Reason: Snapshot test is not implemented for object of class: gg, ggplot. ('test-graphs-pharmacokinetic-pkpg02.R:1:1')"/>
    </testcase>
  </testsuite>
  <testsuite name="graphs-pharmacokinetic-pkpg03" timestamp="2024-11-11T17:35:17Z" hostname="f64a7812a3bf" tests="1" skipped="1" failures="0" errors="0" time="0.055">
    <testcase time="0.0550000000000006" classname="graphs_pharmacokinetic_pkpg03" name="graphs_pharmacokinetic_pkpg03.qmd_plot_v1_stable">
      <skipped message="Reason: Snapshot test is not implemented for object of class: gg, ggplot. ('test-graphs-pharmacokinetic-pkpg03.R:1:1')"/>
    </testcase>
  </testsuite>
  <testsuite name="graphs-pharmacokinetic-pkpg04" timestamp="2024-11-11T17:35:17Z" hostname="f64a7812a3bf" tests="1" skipped="1" failures="0" errors="0" time="0.05">
    <testcase time="0.0499999999999998" classname="graphs_pharmacokinetic_pkpg04" name="graphs_pharmacokinetic_pkpg04.qmd_plot_v1_stable">
      <skipped message="Reason: Snapshot test is not implemented for object of class: gg, ggplot. ('test-graphs-pharmacokinetic-pkpg04.R:1:1')"/>
    </testcase>
  </testsuite>
  <testsuite name="graphs-pharmacokinetic-pkpg06" timestamp="2024-11-11T17:35:18Z" hostname="f64a7812a3bf" tests="4" skipped="4" failures="0" errors="0" time="0.07">
    <testcase time="0.0359999999999996" classname="graphs_pharmacokinetic_pkpg06" name="graphs_pharmacokinetic_pkpg06.qmd_plot_v1_stable">
      <skipped message="Reason: Snapshot test is not implemented for object of class: gg, ggplot. ('test-graphs-pharmacokinetic-pkpg06.R:1:1')"/>
    </testcase>
    <testcase time="0.0110000000000001" classname="graphs_pharmacokinetic_pkpg06" name="graphs_pharmacokinetic_pkpg06.qmd_plot_v2_stable">
      <skipped message="Reason: Snapshot test is not implemented for object of class: gg, ggplot. ('test-graphs-pharmacokinetic-pkpg06.R:1:1')"/>
    </testcase>
    <testcase time="0.0120000000000005" classname="graphs_pharmacokinetic_pkpg06" name="graphs_pharmacokinetic_pkpg06.qmd_plot_v3_stable">
      <skipped message="Reason: Snapshot test is not implemented for object of class: gg, ggplot. ('test-graphs-pharmacokinetic-pkpg06.R:1:1')"/>
    </testcase>
    <testcase time="0.0110000000000001" classname="graphs_pharmacokinetic_pkpg06" name="graphs_pharmacokinetic_pkpg06.qmd_plot_v4_stable">
      <skipped message="Reason: Snapshot test is not implemented for object of class: gg, ggplot. ('test-graphs-pharmacokinetic-pkpg06.R:1:1')"/>
    </testcase>
  </testsuite>
  <testsuite name="listings-ADA-adal02" timestamp="2024-11-11T17:35:18Z" hostname="f64a7812a3bf" tests="1" skipped="0" failures="0" errors="0" time="0.068">
    <testcase time="0.0679999999999996" classname="listings_ADA_adal02" name="listings_ADA_adal02.qmd_lsting_stable"/>
  </testsuite>
  <testsuite name="listings-ECG-egl01" timestamp="2024-11-11T17:35:18Z" hostname="f64a7812a3bf" tests="1" skipped="0" failures="0" errors="0" time="0.059">
    <testcase time="0.0590000000000002" classname="listings_ECG_egl01" name="listings_ECG_egl01.qmd_lsting_stable"/>
  </testsuite>
  <testsuite name="listings-adverse-events-ael01" timestamp="2024-11-11T17:35:18Z" hostname="f64a7812a3bf" tests="1" skipped="0" failures="0" errors="0" time="0.038">
    <testcase time="0.0380000000000003" classname="listings_adverse_events_ael01" name="listings_adverse_events_ael01.qmd_lsting_stable"/>
  </testsuite>
  <testsuite name="listings-adverse-events-ael01_nollt" timestamp="2024-11-11T17:35:18Z" hostname="f64a7812a3bf" tests="1" skipped="0" failures="0" errors="0" time="0.037">
    <testcase time="0.0369999999999999" classname="listings_adverse_events_ael01_nollt" name="listings_adverse_events_ael01_nollt.qmd_lsting_stable"/>
  </testsuite>
  <testsuite name="listings-adverse-events-ael02" timestamp="2024-11-11T17:35:18Z" hostname="f64a7812a3bf" tests="1" skipped="0" failures="0" errors="0" time="0.086">
    <testcase time="0.0859999999999994" classname="listings_adverse_events_ael02" name="listings_adverse_events_ael02.qmd_lsting_stable"/>
  </testsuite>
  <testsuite name="listings-adverse-events-ael02_ed" timestamp="2024-11-11T17:35:18Z" hostname="f64a7812a3bf" tests="1" skipped="0" failures="0" errors="0" time="0.061">
    <testcase time="0.0609999999999999" classname="listings_adverse_events_ael02_ed" name="listings_adverse_events_ael02_ed.qmd_lsting_stable"/>
  </testsuite>
  <testsuite name="listings-adverse-events-ael03" timestamp="2024-11-11T17:35:18Z" hostname="f64a7812a3bf" tests="1" skipped="0" failures="0" errors="0" time="0.056">
    <testcase time="0.056" classname="listings_adverse_events_ael03" name="listings_adverse_events_ael03.qmd_lsting_stable"/>
  </testsuite>
  <testsuite name="listings-adverse-events-ael04" timestamp="2024-11-11T17:35:18Z" hostname="f64a7812a3bf" tests="1" skipped="0" failures="0" errors="0" time="0.047">
    <testcase time="0.0470000000000006" classname="listings_adverse_events_ael04" name="listings_adverse_events_ael04.qmd_lsting_stable"/>
  </testsuite>
  <testsuite name="listings-concomitant-medications-cml01" timestamp="2024-11-11T17:35:18Z" hostname="f64a7812a3bf" tests="1" skipped="0" failures="0" errors="0" time="0.062">
    <testcase time="0.0619999999999994" classname="listings_concomitant_medications_cml01" name="listings_concomitant_medications_cml01.qmd_lsting_stable"/>
  </testsuite>
  <testsuite name="listings-concomitant-medications-cml02a_gl" timestamp="2024-11-11T17:35:18Z" hostname="f64a7812a3bf" tests="1" skipped="0" failures="0" errors="0" time="0.036">
    <testcase time="0.0360000000000005" classname="listings_concomitant_medications_cml02a_gl" name="listings_concomitant_medications_cml02a_gl.qmd_lsting_stable"/>
  </testsuite>
  <testsuite name="listings-concomitant-medications-cml02b_gl" timestamp="2024-11-11T17:35:18Z" hostname="f64a7812a3bf" tests="1" skipped="0" failures="0" errors="0" time="0.04">
    <testcase time="0.04" classname="listings_concomitant_medications_cml02b_gl" name="listings_concomitant_medications_cml02b_gl.qmd_lsting_stable"/>
  </testsuite>
  <testsuite name="listings-development-safety-update-report-dsur4" timestamp="2024-11-11T17:35:18Z" hostname="f64a7812a3bf" tests="1" skipped="0" failures="0" errors="0" time="0.038">
    <testcase time="0.0380000000000003" classname="listings_development_safety_update_report_dsur4" name="listings_development_safety_update_report_dsur4.qmd_lsting_stable"/>
  </testsuite>
  <testsuite name="listings-disposition-dsl01" timestamp="2024-11-11T17:35:18Z" hostname="f64a7812a3bf" tests="1" skipped="0" failures="0" errors="0" time="0.044">
    <testcase time="0.0439999999999996" classname="listings_disposition_dsl01" name="listings_disposition_dsl01.qmd_lsting_stable"/>
  </testsuite>
  <testsuite name="listings-disposition-dsl02" timestamp="2024-11-11T17:35:18Z" hostname="f64a7812a3bf" tests="1" skipped="0" failures="0" errors="0" time="0.049">
    <testcase time="0.0490000000000004" classname="listings_disposition_dsl02" name="listings_disposition_dsl02.qmd_lsting_stable"/>
  </testsuite>
  <testsuite name="listings-efficacy-oncl01" timestamp="2024-11-11T17:35:18Z" hostname="f64a7812a3bf" tests="1" skipped="0" failures="0" errors="0" time="0.052">
    <testcase time="0.0519999999999996" classname="listings_efficacy_oncl01" name="listings_efficacy_oncl01.qmd_lsting_stable"/>
  </testsuite>
  <testsuite name="listings-exposure-exl01" timestamp="2024-11-11T17:35:18Z" hostname="f64a7812a3bf" tests="1" skipped="0" failures="0" errors="0" time="0.054">
    <testcase time="0.0540000000000003" classname="listings_exposure_exl01" name="listings_exposure_exl01.qmd_lsting_stable"/>
  </testsuite>
  <testsuite name="listings-lab-results-lbl01" timestamp="2024-11-11T17:35:18Z" hostname="f64a7812a3bf" tests="1" skipped="0" failures="0" errors="0" time="0.06">
    <testcase time="0.0600000000000005" classname="listings_lab_results_lbl01" name="listings_lab_results_lbl01.qmd_lsting_stable"/>
  </testsuite>
  <testsuite name="listings-lab-results-lbl01_rls" timestamp="2024-11-11T17:35:18Z" hostname="f64a7812a3bf" tests="1" skipped="0" failures="0" errors="0" time="0.051">
    <testcase time="0.0510000000000002" classname="listings_lab_results_lbl01_rls" name="listings_lab_results_lbl01_rls.qmd_lsting_stable"/>
  </testsuite>
  <testsuite name="listings-lab-results-lbl02a" timestamp="2024-11-11T17:35:18Z" hostname="f64a7812a3bf" tests="1" skipped="0" failures="0" errors="0" time="0.051">
    <testcase time="0.0509999999999984" classname="listings_lab_results_lbl02a" name="listings_lab_results_lbl02a.qmd_lsting_stable"/>
  </testsuite>
  <testsuite name="listings-lab-results-lbl02a_rls" timestamp="2024-11-11T17:35:19Z" hostname="f64a7812a3bf" tests="1" skipped="0" failures="0" errors="0" time="0.064">
    <testcase time="0.0640000000000001" classname="listings_lab_results_lbl02a_rls" name="listings_lab_results_lbl02a_rls.qmd_lsting_stable"/>
  </testsuite>
  <testsuite name="listings-lab-results-lbl02b" timestamp="2024-11-11T17:35:19Z" hostname="f64a7812a3bf" tests="1" skipped="0" failures="0" errors="0" time="0.055">
    <testcase time="0.0550000000000015" classname="listings_lab_results_lbl02b" name="listings_lab_results_lbl02b.qmd_lsting_stable"/>
  </testsuite>
  <testsuite name="listings-medical-history-mhl01" timestamp="2024-11-11T17:35:19Z" hostname="f64a7812a3bf" tests="1" skipped="0" failures="0" errors="0" time="0.056">
    <testcase time="0.0559999999999992" classname="listings_medical_history_mhl01" name="listings_medical_history_mhl01.qmd_lsting_stable"/>
  </testsuite>
  <testsuite name="listings-pharmacokinetic-pkcl01" timestamp="2024-11-11T17:35:19Z" hostname="f64a7812a3bf" tests="1" skipped="0" failures="0" errors="0" time="0.048">
    <testcase time="0.048" classname="listings_pharmacokinetic_pkcl01" name="listings_pharmacokinetic_pkcl01.qmd_lsting_stable"/>
  </testsuite>
  <testsuite name="listings-pharmacokinetic-pkcl02" timestamp="2024-11-11T17:35:19Z" hostname="f64a7812a3bf" tests="1" skipped="0" failures="0" errors="0" time="0.066">
    <testcase time="0.0660000000000007" classname="listings_pharmacokinetic_pkcl02" name="listings_pharmacokinetic_pkcl02.qmd_lsting_stable"/>
  </testsuite>
  <testsuite name="listings-pharmacokinetic-pkpl01" timestamp="2024-11-11T17:35:19Z" hostname="f64a7812a3bf" tests="1" skipped="0" failures="0" errors="0" time="0.047">
    <testcase time="0.0469999999999988" classname="listings_pharmacokinetic_pkpl01" name="listings_pharmacokinetic_pkpl01.qmd_lsting_stable"/>
  </testsuite>
  <testsuite name="listings-pharmacokinetic-pkpl02" timestamp="2024-11-11T17:35:19Z" hostname="f64a7812a3bf" tests="1" skipped="0" failures="0" errors="0" time="0.049">
    <testcase time="0.0490000000000013" classname="listings_pharmacokinetic_pkpl02" name="listings_pharmacokinetic_pkpl02.qmd_lsting_stable"/>
  </testsuite>
  <testsuite name="listings-pharmacokinetic-pkpl04" timestamp="2024-11-11T17:35:19Z" hostname="f64a7812a3bf" tests="1" skipped="0" failures="0" errors="0" time="0.05">
    <testcase time="0.0499999999999989" classname="listings_pharmacokinetic_pkpl04" name="listings_pharmacokinetic_pkpl04.qmd_lsting_stable"/>
  </testsuite>
  <testsuite name="listings-vital-signs-vsl01" timestamp="2024-11-11T17:35:19Z" hostname="f64a7812a3bf" tests="1" skipped="0" failures="0" errors="0" time="0.077">
    <testcase time="0.077" classname="listings_vital_signs_vsl01" name="listings_vital_signs_vsl01.qmd_lsting_stable"/>
  </testsuite>
  <testsuite name="tables-ADA-adat01" timestamp="2024-11-11T17:35:19Z" hostname="f64a7812a3bf" tests="1" skipped="0" failures="0" errors="0" time="0.221">
    <testcase time="0.221" classname="tables_ADA_adat01" name="tables_ADA_adat01.qmd_result_v1_stable"/>
  </testsuite>
  <testsuite name="tables-ADA-adat02" timestamp="2024-11-11T17:35:19Z" hostname="f64a7812a3bf" tests="1" skipped="0" failures="0" errors="0" time="0.082">
    <testcase time="0.0820000000000007" classname="tables_ADA_adat02" name="tables_ADA_adat02.qmd_result_v1_stable"/>
  </testsuite>
  <testsuite name="tables-ADA-adat03" timestamp="2024-11-11T17:35:20Z" hostname="f64a7812a3bf" tests="1" skipped="0" failures="0" errors="0" time="0.347">
    <testcase time="0.347" classname="tables_ADA_adat03" name="tables_ADA_adat03.qmd_result_v1_stable"/>
  </testsuite>
  <testsuite name="tables-ADA-adat04a" timestamp="2024-11-11T17:35:20Z" hostname="f64a7812a3bf" tests="1" skipped="0" failures="0" errors="0" time="0.191">
    <testcase time="0.191000000000001" classname="tables_ADA_adat04a" name="tables_ADA_adat04a.qmd_result_v1_stable"/>
  </testsuite>
  <testsuite name="tables-ADA-adat04b" timestamp="2024-11-11T17:35:20Z" hostname="f64a7812a3bf" tests="1" skipped="0" failures="0" errors="0" time="0.132">
    <testcase time="0.132" classname="tables_ADA_adat04b" name="tables_ADA_adat04b.qmd_result_v1_stable"/>
  </testsuite>
  <testsuite name="tables-ECG-egt01" timestamp="2024-11-11T17:35:20Z" hostname="f64a7812a3bf" tests="1" skipped="0" failures="0" errors="0" time="0.547">
    <testcase time="0.546999999999999" classname="tables_ECG_egt01" name="tables_ECG_egt01.qmd_result_v1_stable"/>
  </testsuite>
  <testsuite name="tables-ECG-egt02" timestamp="2024-11-11T17:35:21Z" hostname="f64a7812a3bf" tests="2" skipped="0" failures="0" errors="0" time="0.184">
    <testcase time="0.101000000000001" classname="tables_ECG_egt02" name="tables_ECG_egt02.qmd_result_v1_stable"/>
    <testcase time="0.0830000000000002" classname="tables_ECG_egt02" name="tables_ECG_egt02.qmd_result_v2_stable"/>
  </testsuite>
  <testsuite name="tables-ECG-egt03" timestamp="2024-11-11T17:35:22Z" hostname="f64a7812a3bf" tests="2" skipped="0" failures="0" errors="0" time="1.633">
    <testcase time="1.506" classname="tables_ECG_egt03" name="tables_ECG_egt03.qmd_result_v1_stable"/>
    <testcase time="0.126999999999999" classname="tables_ECG_egt03" name="tables_ECG_egt03.qmd_result_v2_stable"/>
  </testsuite>
  <testsuite name="tables-ECG-egt04" timestamp="2024-11-11T17:35:22Z" hostname="f64a7812a3bf" tests="1" skipped="0" failures="0" errors="0" time="0.179">
    <testcase time="0.179" classname="tables_ECG_egt04" name="tables_ECG_egt04.qmd_result_v1_stable"/>
  </testsuite>
  <testsuite name="tables-ECG-egt05_qtcat" timestamp="2024-11-11T17:35:23Z" hostname="f64a7812a3bf" tests="1" skipped="0" failures="0" errors="0" time="0.308">
    <testcase time="0.308" classname="tables_ECG_egt05_qtcat" name="tables_ECG_egt05_qtcat.qmd_result_v1_stable"/>
  </testsuite>
  <testsuite name="tables-adverse-events-aet01" timestamp="2024-11-11T17:35:23Z" hostname="f64a7812a3bf" tests="4" skipped="0" failures="0" errors="0" time="0.493">
    <testcase time="0.136000000000001" classname="tables_adverse_events_aet01" name="tables_adverse_events_aet01.qmd_result_v1_stable"/>
    <testcase time="0.122999999999999" classname="tables_adverse_events_aet01" name="tables_adverse_events_aet01.qmd_result_v2_stable"/>
    <testcase time="0.0969999999999995" classname="tables_adverse_events_aet01" name="tables_adverse_events_aet01.qmd_result_v3_stable"/>
    <testcase time="0.137" classname="tables_adverse_events_aet01" name="tables_adverse_events_aet01.qmd_result_v4_stable"/>
  </testsuite>
  <testsuite name="tables-adverse-events-aet01_aesi" timestamp="2024-11-11T17:35:23Z" hostname="f64a7812a3bf" tests="4" skipped="0" failures="0" errors="0" time="0.672">
    <testcase time="0.137" classname="tables_adverse_events_aet01_aesi" name="tables_adverse_events_aet01_aesi.qmd_result_v1_stable"/>
    <testcase time="0.151999999999999" classname="tables_adverse_events_aet01_aesi" name="tables_adverse_events_aet01_aesi.qmd_result_v2_stable"/>
    <testcase time="0.221" classname="tables_adverse_events_aet01_aesi" name="tables_adverse_events_aet01_aesi.qmd_result_v3_stable"/>
    <testcase time="0.162000000000001" classname="tables_adverse_events_aet01_aesi" name="tables_adverse_events_aet01_aesi.qmd_result_v4_stable"/>
  </testsuite>
  <testsuite name="tables-adverse-events-aet02" timestamp="2024-11-11T17:35:24Z" hostname="f64a7812a3bf" tests="13" skipped="0" failures="0" errors="0" time="2.063">
    <testcase time="0.328999999999999" classname="tables_adverse_events_aet02" name="tables_adverse_events_aet02.qmd_result_v1_stable"/>
    <testcase time="0.183000000000002" classname="tables_adverse_events_aet02" name="tables_adverse_events_aet02.qmd_result_v2_stable"/>
    <testcase time="0.194999999999999" classname="tables_adverse_events_aet02" name="tables_adverse_events_aet02.qmd_result_v3_stable"/>
    <testcase time="0.261000000000001" classname="tables_adverse_events_aet02" name="tables_adverse_events_aet02.qmd_result_v4_stable"/>
    <testcase time="0.0949999999999989" classname="tables_adverse_events_aet02" name="tables_adverse_events_aet02.qmd_result_v5_stable"/>
    <testcase time="0.172000000000001" classname="tables_adverse_events_aet02" name="tables_adverse_events_aet02.qmd_result_v6_stable"/>
    <testcase time="0.116" classname="tables_adverse_events_aet02" name="tables_adverse_events_aet02.qmd_result_v7_stable"/>
    <testcase time="0.185" classname="tables_adverse_events_aet02" name="tables_adverse_events_aet02.qmd_result_v8_stable"/>
    <testcase time="0.122999999999999" classname="tables_adverse_events_aet02" name="tables_adverse_events_aet02.qmd_result_v9_stable"/>
    <testcase time="0.112" classname="tables_adverse_events_aet02" name="tables_adverse_events_aet02.qmd_result_v10_stable"/>
    <testcase time="0.0890000000000004" classname="tables_adverse_events_aet02" name="tables_adverse_events_aet02.qmd_result_v11_stable"/>
    <testcase time="0.114000000000001" classname="tables_adverse_events_aet02" name="tables_adverse_events_aet02.qmd_result_v12_stable"/>
    <testcase time="0.0889999999999986" classname="tables_adverse_events_aet02" name="tables_adverse_events_aet02.qmd_result_v13_stable"/>
  </testsuite>
  <testsuite name="tables-adverse-events-aet02_smq" timestamp="2024-11-11T17:35:26Z" hostname="f64a7812a3bf" tests="2" skipped="0" failures="0" errors="0" time="0.189">
    <testcase time="0.088000000000001" classname="tables_adverse_events_aet02_smq" name="tables_adverse_events_aet02_smq.qmd_result_v1_stable"/>
    <testcase time="0.100999999999999" classname="tables_adverse_events_aet02_smq" name="tables_adverse_events_aet02_smq.qmd_result_v2_stable"/>
  </testsuite>
  <testsuite name="tables-adverse-events-aet03" timestamp="2024-11-11T17:35:26Z" hostname="f64a7812a3bf" tests="1" skipped="0" failures="0" errors="0" time="0.346">
    <testcase time="0.346000000000002" classname="tables_adverse_events_aet03" name="tables_adverse_events_aet03.qmd_result_v1_stable"/>
  </testsuite>
  <testsuite name="tables-adverse-events-aet04" timestamp="2024-11-11T17:35:27Z" hostname="f64a7812a3bf" tests="8" skipped="0" failures="0" errors="0" time="3.597">
    <testcase time="0.605" classname="tables_adverse_events_aet04" name="tables_adverse_events_aet04.qmd_result_v1_stable"/>
    <testcase time="0.449999999999999" classname="tables_adverse_events_aet04" name="tables_adverse_events_aet04.qmd_result_v2_stable"/>
    <testcase time="0.68" classname="tables_adverse_events_aet04" name="tables_adverse_events_aet04.qmd_result_v3_stable"/>
    <testcase time="0.382999999999999" classname="tables_adverse_events_aet04" name="tables_adverse_events_aet04.qmd_result_v4_stable"/>
    <testcase time="0.371000000000002" classname="tables_adverse_events_aet04" name="tables_adverse_events_aet04.qmd_result_v6_stable"/>
    <testcase time="0.369999999999997" classname="tables_adverse_events_aet04" name="tables_adverse_events_aet04.qmd_result_v8_stable"/>
    <testcase time="0.373000000000001" classname="tables_adverse_events_aet04" name="tables_adverse_events_aet04.qmd_result_v9_stable"/>
    <testcase time="0.364999999999998" classname="tables_adverse_events_aet04" name="tables_adverse_events_aet04.qmd_result_v11_stable"/>
  </testsuite>
  <testsuite name="tables-adverse-events-aet04_pi" timestamp="2024-11-11T17:35:31Z" hostname="f64a7812a3bf" tests="8" skipped="0" failures="0" errors="0" time="2.063">
    <testcase time="0.737000000000002" classname="tables_adverse_events_aet04_pi" name="tables_adverse_events_aet04_pi.qmd_result_v1_stable"/>
    <testcase time="0.483999999999998" classname="tables_adverse_events_aet04_pi" name="tables_adverse_events_aet04_pi.qmd_result_v2_stable"/>
    <testcase time="0.135000000000002" classname="tables_adverse_events_aet04_pi" name="tables_adverse_events_aet04_pi.qmd_result_v3_stable"/>
    <testcase time="0.105999999999998" classname="tables_adverse_events_aet04_pi" name="tables_adverse_events_aet04_pi.qmd_result_v4_stable"/>
    <testcase time="0.156000000000002" classname="tables_adverse_events_aet04_pi" name="tables_adverse_events_aet04_pi.qmd_result_v5_stable"/>
    <testcase time="0.148" classname="tables_adverse_events_aet04_pi" name="tables_adverse_events_aet04_pi.qmd_result_v6_stable"/>
    <testcase time="0.149999999999999" classname="tables_adverse_events_aet04_pi" name="tables_adverse_events_aet04_pi.qmd_result_v7_stable"/>
    <testcase time="0.147000000000002" classname="tables_adverse_events_aet04_pi" name="tables_adverse_events_aet04_pi.qmd_result_v8_stable"/>
  </testsuite>
  <testsuite name="tables-adverse-events-aet05" timestamp="2024-11-11T17:35:32Z" hostname="f64a7812a3bf" tests="2" skipped="0" failures="0" errors="0" time="0.143">
    <testcase time="0.0769999999999982" classname="tables_adverse_events_aet05" name="tables_adverse_events_aet05.qmd_result_v1_stable"/>
    <testcase time="0.0660000000000025" classname="tables_adverse_events_aet05" name="tables_adverse_events_aet05.qmd_result_v2_stable"/>
  </testsuite>
  <testsuite name="tables-adverse-events-aet05_all" timestamp="2024-11-11T17:35:32Z" hostname="f64a7812a3bf" tests="2" skipped="0" failures="0" errors="0" time="0.143">
    <testcase time="0.075999999999997" classname="tables_adverse_events_aet05_all" name="tables_adverse_events_aet05_all.qmd_result_v1_stable"/>
    <testcase time="0.0670000000000002" classname="tables_adverse_events_aet05_all" name="tables_adverse_events_aet05_all.qmd_result_v2_stable"/>
  </testsuite>
  <testsuite name="tables-adverse-events-aet06" timestamp="2024-11-11T17:35:33Z" hostname="f64a7812a3bf" tests="5" skipped="0" failures="0" errors="0" time="1.672">
    <testcase time="0.472000000000001" classname="tables_adverse_events_aet06" name="tables_adverse_events_aet06.qmd_result_v1_stable"/>
    <testcase time="0.286999999999999" classname="tables_adverse_events_aet06" name="tables_adverse_events_aet06.qmd_result_v2_stable"/>
    <testcase time="0.336000000000002" classname="tables_adverse_events_aet06" name="tables_adverse_events_aet06.qmd_result_v3_stable"/>
    <testcase time="0.228999999999999" classname="tables_adverse_events_aet06" name="tables_adverse_events_aet06.qmd_result_v4_stable"/>
    <testcase time="0.347999999999999" classname="tables_adverse_events_aet06" name="tables_adverse_events_aet06.qmd_result_v5_stable"/>
  </testsuite>
  <testsuite name="tables-adverse-events-aet06_smq" timestamp="2024-11-11T17:35:34Z" hostname="f64a7812a3bf" tests="3" skipped="0" failures="0" errors="0" time="0.407">
    <testcase time="0.144000000000002" classname="tables_adverse_events_aet06_smq" name="tables_adverse_events_aet06_smq.qmd_result_v1_stable"/>
    <testcase time="0.151" classname="tables_adverse_events_aet06_smq" name="tables_adverse_events_aet06_smq.qmd_result_v2_stable"/>
    <testcase time="0.111999999999998" classname="tables_adverse_events_aet06_smq" name="tables_adverse_events_aet06_smq.qmd_result_v3_stable"/>
  </testsuite>
  <testsuite name="tables-adverse-events-aet07" timestamp="2024-11-11T17:35:35Z" hostname="f64a7812a3bf" tests="2" skipped="0" failures="0" errors="0" time="0.132">
    <testcase time="0.0659999999999989" classname="tables_adverse_events_aet07" name="tables_adverse_events_aet07.qmd_result_v1_stable"/>
    <testcase time="0.0660000000000025" classname="tables_adverse_events_aet07" name="tables_adverse_events_aet07.qmd_result_v2_stable"/>
  </testsuite>
  <testsuite name="tables-adverse-events-aet09" timestamp="2024-11-11T17:35:35Z" hostname="f64a7812a3bf" tests="2" skipped="0" failures="0" errors="0" time="0.4">
    <testcase time="0.213999999999999" classname="tables_adverse_events_aet09" name="tables_adverse_events_aet09.qmd_result_v1_stable"/>
    <testcase time="0.186" classname="tables_adverse_events_aet09" name="tables_adverse_events_aet09.qmd_result_v2_stable"/>
  </testsuite>
  <testsuite name="tables-adverse-events-aet09_smq" timestamp="2024-11-11T17:35:35Z" hostname="f64a7812a3bf" tests="2" skipped="0" failures="0" errors="0" time="0.198">
    <testcase time="0.0940000000000012" classname="tables_adverse_events_aet09_smq" name="tables_adverse_events_aet09_smq.qmd_result_v1_stable"/>
    <testcase time="0.103999999999999" classname="tables_adverse_events_aet09_smq" name="tables_adverse_events_aet09_smq.qmd_result_v2_stable"/>
  </testsuite>
  <testsuite name="tables-adverse-events-aet10" timestamp="2024-11-11T17:35:35Z" hostname="f64a7812a3bf" tests="2" skipped="0" failures="0" errors="0" time="0.239">
    <testcase time="0.126999999999999" classname="tables_adverse_events_aet10" name="tables_adverse_events_aet10.qmd_result_v1_stable"/>
    <testcase time="0.112000000000002" classname="tables_adverse_events_aet10" name="tables_adverse_events_aet10.qmd_result_v2_stable"/>
  </testsuite>
  <testsuite name="tables-concomitant-medications-cmt01" timestamp="2024-11-11T17:35:36Z" hostname="f64a7812a3bf" tests="4" skipped="0" failures="0" errors="0" time="0.522">
    <testcase time="0.181000000000001" classname="tables_concomitant_medications_cmt01" name="tables_concomitant_medications_cmt01.qmd_result_v1_stable"/>
    <testcase time="0.0939999999999976" classname="tables_concomitant_medications_cmt01" name="tables_concomitant_medications_cmt01.qmd_result_v2_stable"/>
    <testcase time="0.111000000000001" classname="tables_concomitant_medications_cmt01" name="tables_concomitant_medications_cmt01.qmd_result_v3_stable"/>
    <testcase time="0.135999999999999" classname="tables_concomitant_medications_cmt01" name="tables_concomitant_medications_cmt01.qmd_result_v4_stable"/>
  </testsuite>
  <testsuite name="tables-concomitant-medications-cmt01a" timestamp="2024-11-11T17:35:36Z" hostname="f64a7812a3bf" tests="4" skipped="0" failures="0" errors="0" time="0.788">
    <testcase time="0.243000000000002" classname="tables_concomitant_medications_cmt01a" name="tables_concomitant_medications_cmt01a.qmd_result_v1_stable"/>
    <testcase time="0.189999999999998" classname="tables_concomitant_medications_cmt01a" name="tables_concomitant_medications_cmt01a.qmd_result_v2_stable"/>
    <testcase time="0.198" classname="tables_concomitant_medications_cmt01a" name="tables_concomitant_medications_cmt01a.qmd_result_v3_stable"/>
    <testcase time="0.157" classname="tables_concomitant_medications_cmt01a" name="tables_concomitant_medications_cmt01a.qmd_result_v4_stable"/>
  </testsuite>
  <testsuite name="tables-concomitant-medications-cmt01b" timestamp="2024-11-11T17:35:37Z" hostname="f64a7812a3bf" tests="3" skipped="0" failures="0" errors="0" time="0.911">
    <testcase time="0.373000000000001" classname="tables_concomitant_medications_cmt01b" name="tables_concomitant_medications_cmt01b.qmd_result_v1_stable"/>
    <testcase time="0.222999999999999" classname="tables_concomitant_medications_cmt01b" name="tables_concomitant_medications_cmt01b.qmd_result_v2_stable"/>
    <testcase time="0.314999999999998" classname="tables_concomitant_medications_cmt01b" name="tables_concomitant_medications_cmt01b.qmd_result_v4_stable"/>
  </testsuite>
  <testsuite name="tables-concomitant-medications-cmt02_pt" timestamp="2024-11-11T17:35:38Z" hostname="f64a7812a3bf" tests="1" skipped="0" failures="0" errors="0" time="0.101">
    <testcase time="0.101000000000003" classname="tables_concomitant_medications_cmt02_pt" name="tables_concomitant_medications_cmt02_pt.qmd_result_v1_stable"/>
  </testsuite>
  <testsuite name="tables-deaths-dtht01" timestamp="2024-11-11T17:35:38Z" hostname="f64a7812a3bf" tests="4" skipped="0" failures="0" errors="0" time="0.591">
    <testcase time="0.215999999999998" classname="tables_deaths_dtht01" name="tables_deaths_dtht01.qmd_result_v1_stable"/>
    <testcase time="0.164000000000001" classname="tables_deaths_dtht01" name="tables_deaths_dtht01.qmd_result_v2_stable"/>
    <testcase time="0.0990000000000002" classname="tables_deaths_dtht01" name="tables_deaths_dtht01.qmd_result_v3_stable"/>
    <testcase time="0.111999999999998" classname="tables_deaths_dtht01" name="tables_deaths_dtht01.qmd_result_v4_stable"/>
  </testsuite>
  <testsuite name="tables-demography-dmt01" timestamp="2024-11-11T17:35:39Z" hostname="f64a7812a3bf" tests="5" skipped="0" failures="0" errors="0" time="0.893">
    <testcase time="0.245000000000001" classname="tables_demography_dmt01" name="tables_demography_dmt01.qmd_result_v1_stable"/>
    <testcase time="0.170999999999999" classname="tables_demography_dmt01" name="tables_demography_dmt01.qmd_result_v2_stable"/>
    <testcase time="0.177" classname="tables_demography_dmt01" name="tables_demography_dmt01.qmd_result_v3_stable"/>
    <testcase time="0.157" classname="tables_demography_dmt01" name="tables_demography_dmt01.qmd_result_v4_stable"/>
    <testcase time="0.143000000000001" classname="tables_demography_dmt01" name="tables_demography_dmt01.qmd_result_v5_stable"/>
  </testsuite>
  <testsuite name="tables-disclosures-disclosurest01" timestamp="2024-11-11T17:35:40Z" hostname="f64a7812a3bf" tests="6" skipped="0" failures="0" errors="0" time="0.885">
    <testcase time="0.187000000000001" classname="tables_disclosures_disclosurest01" name="tables_disclosures_disclosurest01.qmd_result_v1_stable"/>
    <testcase time="0.257999999999999" classname="tables_disclosures_disclosurest01" name="tables_disclosures_disclosurest01.qmd_result_v2_stable"/>
    <testcase time="0.106999999999999" classname="tables_disclosures_disclosurest01" name="tables_disclosures_disclosurest01.qmd_result_v3_stable"/>
    <testcase time="0.134" classname="tables_disclosures_disclosurest01" name="tables_disclosures_disclosurest01.qmd_result_v4_stable"/>
    <testcase time="0.123999999999999" classname="tables_disclosures_disclosurest01" name="tables_disclosures_disclosurest01.qmd_result_v5_stable"/>
    <testcase time="0.0749999999999993" classname="tables_disclosures_disclosurest01" name="tables_disclosures_disclosurest01.qmd_result_v6_stable"/>
  </testsuite>
  <testsuite name="tables-disclosures-eudrat01" timestamp="2024-11-11T17:35:40Z" hostname="f64a7812a3bf" tests="1" skipped="0" failures="0" errors="0" time="0.161">
    <testcase time="0.161000000000001" classname="tables_disclosures_eudrat01" name="tables_disclosures_eudrat01.qmd_result_v1_stable"/>
  </testsuite>
  <testsuite name="tables-disclosures-eudrat02" timestamp="2024-11-11T17:35:40Z" hostname="f64a7812a3bf" tests="1" skipped="0" failures="0" errors="0" time="0.125">
    <testcase time="0.125" classname="tables_disclosures_eudrat02" name="tables_disclosures_eudrat02.qmd_result_v1_stable"/>
  </testsuite>
  <testsuite name="tables-disposition-dst01" timestamp="2024-11-11T17:35:41Z" hostname="f64a7812a3bf" tests="3" skipped="0" failures="0" errors="0" time="0.435">
    <testcase time="0.186" classname="tables_disposition_dst01" name="tables_disposition_dst01.qmd_result_v1_stable"/>
    <testcase time="0.106999999999999" classname="tables_disposition_dst01" name="tables_disposition_dst01.qmd_result_v2_stable"/>
    <testcase time="0.141999999999999" classname="tables_disposition_dst01" name="tables_disposition_dst01.qmd_result_v3_stable"/>
  </testsuite>
  <testsuite name="tables-disposition-pdt01" timestamp="2024-11-11T17:35:41Z" hostname="f64a7812a3bf" tests="1" skipped="0" failures="0" errors="0" time="0.167">
    <testcase time="0.167000000000002" classname="tables_disposition_pdt01" name="tables_disposition_pdt01.qmd_result_v1_stable"/>
  </testsuite>
  <testsuite name="tables-disposition-pdt02" timestamp="2024-11-11T17:35:41Z" hostname="f64a7812a3bf" tests="1" skipped="0" failures="0" errors="0" time="0.117">
    <testcase time="0.117000000000001" classname="tables_disposition_pdt02" name="tables_disposition_pdt02.qmd_result_v1_stable"/>
  </testsuite>
  <testsuite name="tables-efficacy-aovt01" timestamp="2024-11-11T17:35:42Z" hostname="f64a7812a3bf" tests="1" skipped="0" failures="0" errors="0" time="0.848">
    <testcase time="0.847999999999999" classname="tables_efficacy_aovt01" name="tables_efficacy_aovt01.qmd_result_v1_stable"/>
  </testsuite>
  <testsuite name="tables-efficacy-aovt02" timestamp="2024-11-11T17:35:42Z" hostname="f64a7812a3bf" tests="1" skipped="0" failures="0" errors="0" time="0.169">
    <testcase time="0.169" classname="tables_efficacy_aovt02" name="tables_efficacy_aovt02.qmd_result_v1_stable"/>
  </testsuite>
  <testsuite name="tables-efficacy-aovt03" timestamp="2024-11-11T17:35:43Z" hostname="f64a7812a3bf" tests="1" skipped="0" failures="0" errors="0" time="1.142">
    <testcase time="1.142" classname="tables_efficacy_aovt03" name="tables_efficacy_aovt03.qmd_result_v1_stable"/>
  </testsuite>
  <testsuite name="tables-efficacy-cfbt01" timestamp="2024-11-11T17:35:44Z" hostname="f64a7812a3bf" tests="1" skipped="0" failures="0" errors="0" time="0.232">
    <testcase time="0.231999999999999" classname="tables_efficacy_cfbt01" name="tables_efficacy_cfbt01.qmd_result_v1_stable"/>
  </testsuite>
  <testsuite name="tables-efficacy-cmht01" timestamp="2024-11-11T17:35:46Z" hostname="f64a7812a3bf" tests="2" skipped="0" failures="0" errors="0" time="2.229">
    <testcase time="1.889" classname="tables_efficacy_cmht01" name="tables_efficacy_cmht01.qmd_result_v1_stable"/>
    <testcase time="0.340000000000003" classname="tables_efficacy_cmht01" name="tables_efficacy_cmht01.qmd_result_v2_stable"/>
  </testsuite>
  <testsuite name="tables-efficacy-coxt01" timestamp="2024-11-11T17:35:46Z" hostname="f64a7812a3bf" tests="4" skipped="0" failures="0" errors="0" time="0.468">
    <testcase time="0.170000000000002" classname="tables_efficacy_coxt01" name="tables_efficacy_coxt01.qmd_result_v1_stable"/>
    <testcase time="0.0949999999999989" classname="tables_efficacy_coxt01" name="tables_efficacy_coxt01.qmd_result_v2_stable"/>
    <testcase time="0.0989999999999966" classname="tables_efficacy_coxt01" name="tables_efficacy_coxt01.qmd_result_v3_stable"/>
    <testcase time="0.103999999999999" classname="tables_efficacy_coxt01" name="tables_efficacy_coxt01.qmd_result_v4_stable"/>
  </testsuite>
  <testsuite name="tables-efficacy-coxt02" timestamp="2024-11-11T17:35:46Z" hostname="f64a7812a3bf" tests="2" skipped="0" failures="0" errors="0" time="0.203">
    <testcase time="0.106999999999999" classname="tables_efficacy_coxt02" name="tables_efficacy_coxt02.qmd_result_v1_stable"/>
    <testcase time="0.0960000000000036" classname="tables_efficacy_coxt02" name="tables_efficacy_coxt02.qmd_result_v2_stable"/>
  </testsuite>
  <testsuite name="tables-efficacy-dort01" timestamp="2024-11-11T17:35:47Z" hostname="f64a7812a3bf" tests="4" skipped="0" failures="0" errors="0" time="1.184">
    <testcase time="0.874000000000002" classname="tables_efficacy_dort01" name="tables_efficacy_dort01.qmd_result_v1_stable"/>
    <testcase time="0.103999999999999" classname="tables_efficacy_dort01" name="tables_efficacy_dort01.qmd_result_v2_stable"/>
    <testcase time="0.102999999999994" classname="tables_efficacy_dort01" name="tables_efficacy_dort01.qmd_result_v3_stable"/>
    <testcase time="0.103000000000002" classname="tables_efficacy_dort01" name="tables_efficacy_dort01.qmd_result_v4_stable"/>
  </testsuite>
  <testsuite name="tables-efficacy-lgrt02" timestamp="2024-11-11T17:35:48Z" hostname="f64a7812a3bf" tests="4" skipped="0" failures="0" errors="0" time="0.693">
    <testcase time="0.215000000000003" classname="tables_efficacy_lgrt02" name="tables_efficacy_lgrt02.qmd_result_v1_stable"/>
    <testcase time="0.164999999999999" classname="tables_efficacy_lgrt02" name="tables_efficacy_lgrt02.qmd_result_v2_stable"/>
    <testcase time="0.143000000000001" classname="tables_efficacy_lgrt02" name="tables_efficacy_lgrt02.qmd_result_v3_stable"/>
    <testcase time="0.169999999999995" classname="tables_efficacy_lgrt02" name="tables_efficacy_lgrt02.qmd_result_v4_stable"/>
  </testsuite>
  <testsuite name="tables-efficacy-mmrmt01" timestamp="2024-11-11T17:35:49Z" hostname="f64a7812a3bf" tests="4" skipped="0" failures="0" errors="0" time="0.651">
    <testcase time="0.215000000000003" classname="tables_efficacy_mmrmt01" name="tables_efficacy_mmrmt01.qmd_result_v1_stable"/>
    <testcase time="0.101999999999997" classname="tables_efficacy_mmrmt01" name="tables_efficacy_mmrmt01.qmd_result_v2_stable"/>
    <testcase time="0.242000000000004" classname="tables_efficacy_mmrmt01" name="tables_efficacy_mmrmt01.qmd_result_v3_stable"/>
    <testcase time="0.0919999999999987" classname="tables_efficacy_mmrmt01" name="tables_efficacy_mmrmt01.qmd_result_baseline_stable"/>
  </testsuite>
  <testsuite name="tables-efficacy-onct05" timestamp="2024-11-11T17:35:49Z" hostname="f64a7812a3bf" tests="4" skipped="0" failures="0" errors="0" time="0.665">
    <testcase time="0.259999999999998" classname="tables_efficacy_onct05" name="tables_efficacy_onct05.qmd_result_v1_stable"/>
    <testcase time="0.134" classname="tables_efficacy_onct05" name="tables_efficacy_onct05.qmd_result_v2_stable"/>
    <testcase time="0.141000000000005" classname="tables_efficacy_onct05" name="tables_efficacy_onct05.qmd_result_v3_stable"/>
    <testcase time="0.129999999999995" classname="tables_efficacy_onct05" name="tables_efficacy_onct05.qmd_result_v4_stable"/>
  </testsuite>
  <testsuite name="tables-efficacy-ratet01" timestamp="2024-11-11T17:35:50Z" hostname="f64a7812a3bf" tests="1" skipped="0" failures="0" errors="0" time="0.273">
    <testcase time="0.273000000000003" classname="tables_efficacy_ratet01" name="tables_efficacy_ratet01.qmd_result_v1_stable"/>
  </testsuite>
  <testsuite name="tables-efficacy-rspt01" timestamp="2024-11-11T17:35:50Z" hostname="f64a7812a3bf" tests="6" skipped="0" failures="0" errors="0" time="1.037">
    <testcase time="0.465000000000003" classname="tables_efficacy_rspt01" name="tables_efficacy_rspt01.qmd_result_v1_stable"/>
    <testcase time="0.108999999999995" classname="tables_efficacy_rspt01" name="tables_efficacy_rspt01.qmd_result_v2_stable"/>
    <testcase time="0.121000000000002" classname="tables_efficacy_rspt01" name="tables_efficacy_rspt01.qmd_result_v3_stable"/>
    <testcase time="0.127000000000002" classname="tables_efficacy_rspt01" name="tables_efficacy_rspt01.qmd_result_v4_stable"/>
    <testcase time="0.111999999999995" classname="tables_efficacy_rspt01" name="tables_efficacy_rspt01.qmd_result_v5_stable"/>
    <testcase time="0.103000000000002" classname="tables_efficacy_rspt01" name="tables_efficacy_rspt01.qmd_result_v6_stable"/>
  </testsuite>
  <testsuite name="tables-efficacy-ttet01" timestamp="2024-11-11T17:35:52Z" hostname="f64a7812a3bf" tests="6" skipped="0" failures="0" errors="0" time="2.055">
    <testcase time="1.201" classname="tables_efficacy_ttet01" name="tables_efficacy_ttet01.qmd_result_v1_stable"/>
    <testcase time="0.157000000000004" classname="tables_efficacy_ttet01" name="tables_efficacy_ttet01.qmd_result_v2_stable"/>
    <testcase time="0.241999999999997" classname="tables_efficacy_ttet01" name="tables_efficacy_ttet01.qmd_result_v3_stable"/>
    <testcase time="0.164999999999999" classname="tables_efficacy_ttet01" name="tables_efficacy_ttet01.qmd_result_v4_stable"/>
    <testcase time="0.137" classname="tables_efficacy_ttet01" name="tables_efficacy_ttet01.qmd_result_v5_stable"/>
    <testcase time="0.152999999999999" classname="tables_efficacy_ttet01" name="tables_efficacy_ttet01.qmd_result_v6_stable"/>
  </testsuite>
  <testsuite name="tables-exposure-ext01" timestamp="2024-11-11T17:35:53Z" hostname="f64a7812a3bf" tests="3" skipped="0" failures="0" errors="0" time="0.67">
    <testcase time="0.228999999999999" classname="tables_exposure_ext01" name="tables_exposure_ext01.qmd_result_v1_stable"/>
    <testcase time="0.189" classname="tables_exposure_ext01" name="tables_exposure_ext01.qmd_result_v2_stable"/>
    <testcase time="0.252000000000002" classname="tables_exposure_ext01" name="tables_exposure_ext01.qmd_result_v3_stable"/>
  </testsuite>
  <testsuite name="tables-lab-results-lbt01" timestamp="2024-11-11T17:35:54Z" hostname="f64a7812a3bf" tests="1" skipped="0" failures="0" errors="0" time="0.247">
    <testcase time="0.247" classname="tables_lab_results_lbt01" name="tables_lab_results_lbt01.qmd_result_v1_stable"/>
  </testsuite>
  <testsuite name="tables-lab-results-lbt02" timestamp="2024-11-11T17:35:54Z" hostname="f64a7812a3bf" tests="1" skipped="0" failures="0" errors="0" time="0.183">
    <testcase time="0.183" classname="tables_lab_results_lbt02" name="tables_lab_results_lbt02.qmd_result_v1_stable"/>
  </testsuite>
  <testsuite name="tables-lab-results-lbt03" timestamp="2024-11-11T17:35:54Z" hostname="f64a7812a3bf" tests="2" skipped="0" failures="0" errors="0" time="0.327">
    <testcase time="0.161999999999999" classname="tables_lab_results_lbt03" name="tables_lab_results_lbt03.qmd_result_v1_stable"/>
    <testcase time="0.164999999999999" classname="tables_lab_results_lbt03" name="tables_lab_results_lbt03.qmd_result_v2_stable"/>
  </testsuite>
  <testsuite name="tables-lab-results-lbt04" timestamp="2024-11-11T17:35:55Z" hostname="f64a7812a3bf" tests="1" skipped="0" failures="0" errors="0" time="0.091">
    <testcase time="0.0910000000000011" classname="tables_lab_results_lbt04" name="tables_lab_results_lbt04.qmd_result_v1_stable"/>
  </testsuite>
  <testsuite name="tables-lab-results-lbt05" timestamp="2024-11-11T17:35:55Z" hostname="f64a7812a3bf" tests="3" skipped="0" failures="0" errors="0" time="0.689">
    <testcase time="0.161000000000001" classname="tables_lab_results_lbt05" name="tables_lab_results_lbt05.qmd_result_v1_stable"/>
    <testcase time="0.408000000000001" classname="tables_lab_results_lbt05" name="tables_lab_results_lbt05.qmd_result_v2_stable"/>
    <testcase time="0.119999999999997" classname="tables_lab_results_lbt05" name="tables_lab_results_lbt05.qmd_result_v4_stable"/>
  </testsuite>
  <testsuite name="tables-lab-results-lbt06" timestamp="2024-11-11T17:35:55Z" hostname="f64a7812a3bf" tests="2" skipped="0" failures="0" errors="0" time="0.771">
    <testcase time="0.240000000000002" classname="tables_lab_results_lbt06" name="tables_lab_results_lbt06.qmd_result_v1_stable"/>
    <testcase time="0.530999999999999" classname="tables_lab_results_lbt06" name="tables_lab_results_lbt06.qmd_result_v2_stable"/>
  </testsuite>
  <testsuite name="tables-lab-results-lbt07" timestamp="2024-11-11T17:35:56Z" hostname="f64a7812a3bf" tests="1" skipped="0" failures="0" errors="0" time="0.168">
    <testcase time="0.167999999999999" classname="tables_lab_results_lbt07" name="tables_lab_results_lbt07.qmd_result_v1_stable"/>
  </testsuite>
  <testsuite name="tables-lab-results-lbt08" timestamp="2024-11-11T17:35:56Z" hostname="f64a7812a3bf" tests="1" skipped="0" failures="0" errors="0" time="0.155">
    <testcase time="0.155000000000001" classname="tables_lab_results_lbt08" name="tables_lab_results_lbt08.qmd_result_v1_stable"/>
  </testsuite>
  <testsuite name="tables-lab-results-lbt09" timestamp="2024-11-11T17:35:57Z" hostname="f64a7812a3bf" tests="2" skipped="0" failures="0" errors="0" time="0.551">
    <testcase time="0.347000000000001" classname="tables_lab_results_lbt09" name="tables_lab_results_lbt09.qmd_result_v1_stable"/>
    <testcase time="0.204000000000001" classname="tables_lab_results_lbt09" name="tables_lab_results_lbt09.qmd_result_v2_stable"/>
  </testsuite>
  <testsuite name="tables-lab-results-lbt10" timestamp="2024-11-11T17:35:57Z" hostname="f64a7812a3bf" tests="2" skipped="0" failures="0" errors="0" time="0.154">
    <testcase time="0.0889999999999986" classname="tables_lab_results_lbt10" name="tables_lab_results_lbt10.qmd_result_v1_stable"/>
    <testcase time="0.0649999999999977" classname="tables_lab_results_lbt10" name="tables_lab_results_lbt10.qmd_result_v2_stable"/>
  </testsuite>
  <testsuite name="tables-lab-results-lbt10_bl" timestamp="2024-11-11T17:35:57Z" hostname="f64a7812a3bf" tests="2" skipped="0" failures="0" errors="0" time="0.16">
    <testcase time="0.0949999999999989" classname="tables_lab_results_lbt10_bl" name="tables_lab_results_lbt10_bl.qmd_result_v1_stable"/>
    <testcase time="0.0650000000000048" classname="tables_lab_results_lbt10_bl" name="tables_lab_results_lbt10_bl.qmd_result_v2_stable"/>
  </testsuite>
  <testsuite name="tables-lab-results-lbt11" timestamp="2024-11-11T17:35:58Z" hostname="f64a7812a3bf" tests="3" skipped="0" failures="0" errors="0" time="0.516">
    <testcase time="0.317" classname="tables_lab_results_lbt11" name="tables_lab_results_lbt11.qmd_result_v1_stable"/>
    <testcase time="0.0839999999999961" classname="tables_lab_results_lbt11" name="tables_lab_results_lbt11.qmd_result_v2_stable"/>
    <testcase time="0.115000000000002" classname="tables_lab_results_lbt11" name="tables_lab_results_lbt11.qmd_result_v3_stable"/>
  </testsuite>
  <testsuite name="tables-lab-results-lbt11_bl" timestamp="2024-11-11T17:35:58Z" hostname="f64a7812a3bf" tests="3" skipped="0" failures="0" errors="0" time="0.529">
    <testcase time="0.328000000000003" classname="tables_lab_results_lbt11_bl" name="tables_lab_results_lbt11_bl.qmd_result_v1_stable"/>
    <testcase time="0.0849999999999937" classname="tables_lab_results_lbt11_bl" name="tables_lab_results_lbt11_bl.qmd_result_v2_stable"/>
    <testcase time="0.116" classname="tables_lab_results_lbt11_bl" name="tables_lab_results_lbt11_bl.qmd_result_v3_stable"/>
  </testsuite>
  <testsuite name="tables-lab-results-lbt12" timestamp="2024-11-11T17:35:58Z" hostname="f64a7812a3bf" tests="1" skipped="0" failures="0" errors="0" time="0.109">
    <testcase time="0.109000000000002" classname="tables_lab_results_lbt12" name="tables_lab_results_lbt12.qmd_result_v1_stable"/>
  </testsuite>
  <testsuite name="tables-lab-results-lbt12_bl" timestamp="2024-11-11T17:35:59Z" hostname="f64a7812a3bf" tests="1" skipped="0" failures="0" errors="0" time="0.119">
    <testcase time="0.119" classname="tables_lab_results_lbt12_bl" name="tables_lab_results_lbt12_bl.qmd_result_v1_stable"/>
  </testsuite>
  <testsuite name="tables-lab-results-lbt13" timestamp="2024-11-11T17:35:59Z" hostname="f64a7812a3bf" tests="5" skipped="0" failures="0" errors="0" time="3.021">
    <testcase time="0.719000000000001" classname="tables_lab_results_lbt13" name="tables_lab_results_lbt13.qmd_result_v1_stable"/>
    <testcase time="0.479999999999997" classname="tables_lab_results_lbt13" name="tables_lab_results_lbt13.qmd_result_v2_stable"/>
    <testcase time="0.464000000000006" classname="tables_lab_results_lbt13" name="tables_lab_results_lbt13.qmd_result_v3_stable"/>
    <testcase time="0.484999999999999" classname="tables_lab_results_lbt13" name="tables_lab_results_lbt13.qmd_result_v4_stable"/>
    <testcase time="0.872999999999998" classname="tables_lab_results_lbt13" name="tables_lab_results_lbt13.qmd_result_v5_stable"/>
  </testsuite>
  <testsuite name="tables-lab-results-lbt14" timestamp="2024-11-11T17:36:02Z" hostname="f64a7812a3bf" tests="5" skipped="0" failures="0" errors="0" time="1.857">
    <testcase time="0.390000000000001" classname="tables_lab_results_lbt14" name="tables_lab_results_lbt14.qmd_result_v1_stable"/>
    <testcase time="0.276000000000003" classname="tables_lab_results_lbt14" name="tables_lab_results_lbt14.qmd_result_v2_stable"/>
    <testcase time="0.275999999999996" classname="tables_lab_results_lbt14" name="tables_lab_results_lbt14.qmd_result_v3_stable"/>
    <testcase time="0.274999999999999" classname="tables_lab_results_lbt14" name="tables_lab_results_lbt14.qmd_result_v4_stable"/>
    <testcase time="0.640000000000001" classname="tables_lab_results_lbt14" name="tables_lab_results_lbt14.qmd_result_v5_stable"/>
  </testsuite>
  <testsuite name="tables-lab-results-lbt15" timestamp="2024-11-11T17:36:04Z" hostname="f64a7812a3bf" tests="2" skipped="0" failures="0" errors="0" time="0.235">
    <testcase time="0.122" classname="tables_lab_results_lbt15" name="tables_lab_results_lbt15.qmd_result_v1_stable"/>
    <testcase time="0.113" classname="tables_lab_results_lbt15" name="tables_lab_results_lbt15.qmd_result_v2_stable"/>
  </testsuite>
  <testsuite name="tables-medical-history-mht01" timestamp="2024-11-11T17:36:04Z" hostname="f64a7812a3bf" tests="4" skipped="0" failures="0" errors="0" time="0.561">
    <testcase time="0.189" classname="tables_medical_history_mht01" name="tables_medical_history_mht01.qmd_result_v1_stable"/>
    <testcase time="0.0750000000000028" classname="tables_medical_history_mht01" name="tables_medical_history_mht01.qmd_result_v2_stable"/>
    <testcase time="0.128" classname="tables_medical_history_mht01" name="tables_medical_history_mht01.qmd_result_v3_stable"/>
    <testcase time="0.168999999999997" classname="tables_medical_history_mht01" name="tables_medical_history_mht01.qmd_result_v4_stable"/>
  </testsuite>
  <testsuite name="tables-pharmacokinetic-pkct01" timestamp="2024-11-11T17:36:05Z" hostname="f64a7812a3bf" tests="3" skipped="0" failures="0" errors="0" time="0.914">
    <testcase time="0.504000000000005" classname="tables_pharmacokinetic_pkct01" name="tables_pharmacokinetic_pkct01.qmd_result_v1_stable"/>
    <testcase time="0.208999999999996" classname="tables_pharmacokinetic_pkct01" name="tables_pharmacokinetic_pkct01.qmd_result_v2_stable"/>
    <testcase time="0.201000000000001" classname="tables_pharmacokinetic_pkct01" name="tables_pharmacokinetic_pkct01.qmd_result_v3_stable"/>
  </testsuite>
  <testsuite name="tables-pharmacokinetic-pkpt02" timestamp="2024-11-11T17:36:05Z" hostname="f64a7812a3bf" tests="2" skipped="0" failures="0" errors="0" time="0.268">
    <testcase time="0.148000000000003" classname="tables_pharmacokinetic_pkpt02" name="tables_pharmacokinetic_pkpt02.qmd_result_v1_stable"/>
    <testcase time="0.119999999999997" classname="tables_pharmacokinetic_pkpt02" name="tables_pharmacokinetic_pkpt02.qmd_result_v2_stable"/>
  </testsuite>
  <testsuite name="tables-pharmacokinetic-pkpt03" timestamp="2024-11-11T17:36:07Z" hostname="f64a7812a3bf" tests="3" skipped="3" failures="0" errors="0" time="1.829">
    <testcase time="1.804" classname="tables_pharmacokinetic_pkpt03" name="tables_pharmacokinetic_pkpt03.qmd_result_v1_stable">
      <skipped message="Reason: Snapshot test is not implemented for object of class: list. ('test-tables-pharmacokinetic-pkpt03.R:1:1')"/>
    </testcase>
    <testcase time="0.0129999999999981" classname="tables_pharmacokinetic_pkpt03" name="tables_pharmacokinetic_pkpt03.qmd_result_v2_stable">
      <skipped message="Reason: Snapshot test is not implemented for object of class: list. ('test-tables-pharmacokinetic-pkpt03.R:1:1')"/>
    </testcase>
    <testcase time="0.0120000000000005" classname="tables_pharmacokinetic_pkpt03" name="tables_pharmacokinetic_pkpt03.qmd_result_v3_stable">
      <skipped message="Reason: Snapshot test is not implemented for object of class: list. ('test-tables-pharmacokinetic-pkpt03.R:1:1')"/>
    </testcase>
  </testsuite>
  <testsuite name="tables-pharmacokinetic-pkpt04" timestamp="2024-11-11T17:36:07Z" hostname="f64a7812a3bf" tests="2" skipped="0" failures="0" errors="0" time="0.308">
    <testcase time="0.183" classname="tables_pharmacokinetic_pkpt04" name="tables_pharmacokinetic_pkpt04.qmd_result_v1_stable"/>
    <testcase time="0.125" classname="tables_pharmacokinetic_pkpt04" name="tables_pharmacokinetic_pkpt04.qmd_result_v2_stable"/>
  </testsuite>
  <testsuite name="tables-pharmacokinetic-pkpt05" timestamp="2024-11-11T17:36:08Z" hostname="f64a7812a3bf" tests="2" skipped="0" failures="0" errors="0" time="0.305">
    <testcase time="0.191000000000003" classname="tables_pharmacokinetic_pkpt05" name="tables_pharmacokinetic_pkpt05.qmd_result_v1_stable"/>
    <testcase time="0.113999999999997" classname="tables_pharmacokinetic_pkpt05" name="tables_pharmacokinetic_pkpt05.qmd_result_v2_stable"/>
  </testsuite>
  <testsuite name="tables-pharmacokinetic-pkpt06" timestamp="2024-11-11T17:36:08Z" hostname="f64a7812a3bf" tests="2" skipped="0" failures="0" errors="0" time="0.193">
    <testcase time="0.128999999999998" classname="tables_pharmacokinetic_pkpt06" name="tables_pharmacokinetic_pkpt06.qmd_result_v1_stable"/>
    <testcase time="0.0640000000000001" classname="tables_pharmacokinetic_pkpt06" name="tables_pharmacokinetic_pkpt06.qmd_result_v2_stable"/>
  </testsuite>
  <testsuite name="tables-pharmacokinetic-pkpt07" timestamp="2024-11-11T17:36:08Z" hostname="f64a7812a3bf" tests="2" skipped="0" failures="0" errors="0" time="0.215">
    <testcase time="0.119" classname="tables_pharmacokinetic_pkpt07" name="tables_pharmacokinetic_pkpt07.qmd_result_v1_stable"/>
    <testcase time="0.0960000000000036" classname="tables_pharmacokinetic_pkpt07" name="tables_pharmacokinetic_pkpt07.qmd_result_v2_stable"/>
  </testsuite>
  <testsuite name="tables-pharmacokinetic-pkpt08" timestamp="2024-11-11T17:36:08Z" hostname="f64a7812a3bf" tests="1" skipped="0" failures="0" errors="0" time="0.373">
    <testcase time="0.372999999999998" classname="tables_pharmacokinetic_pkpt08" name="tables_pharmacokinetic_pkpt08.qmd_result_v1_stable"/>
  </testsuite>
  <testsuite name="tables-pharmacokinetic-pkpt11" timestamp="2024-11-11T17:36:09Z" hostname="f64a7812a3bf" tests="1" skipped="0" failures="0" errors="0" time="0.081">
    <testcase time="0.0810000000000031" classname="tables_pharmacokinetic_pkpt11" name="tables_pharmacokinetic_pkpt11.qmd_result_v1_stable"/>
  </testsuite>
  <testsuite name="tables-risk-management-plan-rmpt01" timestamp="2024-11-11T17:36:09Z" hostname="f64a7812a3bf" tests="1" skipped="0" failures="0" errors="0" time="0.066">
    <testcase time="0.0659999999999954" classname="tables_risk_management_plan_rmpt01" name="tables_risk_management_plan_rmpt01.qmd_result_v1_stable"/>
  </testsuite>
  <testsuite name="tables-risk-management-plan-rmpt03" timestamp="2024-11-11T17:36:09Z" hostname="f64a7812a3bf" tests="2" skipped="0" failures="0" errors="0" time="0.213">
    <testcase time="0.123000000000005" classname="tables_risk_management_plan_rmpt03" name="tables_risk_management_plan_rmpt03.qmd_result_v1_stable"/>
    <testcase time="0.0899999999999963" classname="tables_risk_management_plan_rmpt03" name="tables_risk_management_plan_rmpt03.qmd_result_v2_stable"/>
  </testsuite>
  <testsuite name="tables-risk-management-plan-rmpt04" timestamp="2024-11-11T17:36:09Z" hostname="f64a7812a3bf" tests="1" skipped="0" failures="0" errors="0" time="0.071">
    <testcase time="0.0710000000000051" classname="tables_risk_management_plan_rmpt04" name="tables_risk_management_plan_rmpt04.qmd_result_v1_stable"/>
  </testsuite>
  <testsuite name="tables-risk-management-plan-rmpt05" timestamp="2024-11-11T17:36:09Z" hostname="f64a7812a3bf" tests="1" skipped="0" failures="0" errors="0" time="0.08">
    <testcase time="0.0799999999999983" classname="tables_risk_management_plan_rmpt05" name="tables_risk_management_plan_rmpt05.qmd_result_v1_stable"/>
  </testsuite>
  <testsuite name="tables-risk-management-plan-rmpt06" timestamp="2024-11-11T17:36:09Z" hostname="f64a7812a3bf" tests="4" skipped="0" failures="0" errors="0" time="0.492">
    <testcase time="0.173000000000002" classname="tables_risk_management_plan_rmpt06" name="tables_risk_management_plan_rmpt06.qmd_result_v1_stable"/>
    <testcase time="0.0859999999999985" classname="tables_risk_management_plan_rmpt06" name="tables_risk_management_plan_rmpt06.qmd_result_v2_stable"/>
    <testcase time="0.116" classname="tables_risk_management_plan_rmpt06" name="tables_risk_management_plan_rmpt06.qmd_result_v3_stable"/>
    <testcase time="0.116999999999997" classname="tables_risk_management_plan_rmpt06" name="tables_risk_management_plan_rmpt06.qmd_result_v4_stable"/>
  </testsuite>
  <testsuite name="tables-safety-enrollment01" timestamp="2024-11-11T17:36:10Z" hostname="f64a7812a3bf" tests="4" skipped="0" failures="0" errors="0" time="2.148">
    <testcase time="0.707999999999998" classname="tables_safety_enrollment01" name="tables_safety_enrollment01.qmd_result_v1_stable"/>
    <testcase time="0.465000000000003" classname="tables_safety_enrollment01" name="tables_safety_enrollment01.qmd_result_v2_stable"/>
    <testcase time="0.509" classname="tables_safety_enrollment01" name="tables_safety_enrollment01.qmd_result_v3_stable"/>
    <testcase time="0.466000000000001" classname="tables_safety_enrollment01" name="tables_safety_enrollment01.qmd_result_v4_stable"/>
  </testsuite>
  <testsuite name="tables-vital-signs-vst01" timestamp="2024-11-11T17:36:12Z" hostname="f64a7812a3bf" tests="1" skipped="0" failures="0" errors="0" time="0.331">
    <testcase time="0.330999999999996" classname="tables_vital_signs_vst01" name="tables_vital_signs_vst01.qmd_result_v1_stable"/>
  </testsuite>
  <testsuite name="tables-vital-signs-vst02" timestamp="2024-11-11T17:36:12Z" hostname="f64a7812a3bf" tests="2" skipped="0" failures="0" errors="0" time="0.277">
    <testcase time="0.142000000000003" classname="tables_vital_signs_vst02" name="tables_vital_signs_vst02.qmd_result_v1_stable"/>
    <testcase time="0.134999999999998" classname="tables_vital_signs_vst02" name="tables_vital_signs_vst02.qmd_result_v2_stable"/>
  </testsuite>
</testsuites>
