<?xml version="1.0" encoding="UTF-8"?>
<testsuites>
  <testsuite name="aet04" timestamp="2023-07-19T08:53:43Z" hostname="526d959c7907" tests="8" skipped="8" failures="0" errors="0" time="4.843">
    <testcase time="2.32400000000007" classname="aet04" name="result_v1">
      <skipped message="Reason: On CRAN ('test-aet04.R:11:5')"/>
    </testcase>
    <testcase time="0.384999999999991" classname="aet04" name="result_v2">
      <skipped message="Reason: On CRAN ('test-aet04.R:11:5')"/>
    </testcase>
    <testcase time="0.635999999999967" classname="aet04" name="result_v3">
      <skipped message="Reason: On CRAN ('test-aet04.R:11:5')"/>
    </testcase>
    <testcase time="0.307999999999993" classname="aet04" name="result_v4">
      <skipped message="Reason: On CRAN ('test-aet04.R:11:5')"/>
    </testcase>
    <testcase time="0.298999999999978" classname="aet04" name="result_v6">
      <skipped message="Reason: On CRAN ('test-aet04.R:11:5')"/>
    </testcase>
    <testcase time="0.297000000000025" classname="aet04" name="result_v8">
      <skipped message="Reason: On CRAN ('test-aet04.R:11:5')"/>
    </testcase>
    <testcase time="0.298999999999978" classname="aet04" name="result_v9">
      <skipped message="Reason: On CRAN ('test-aet04.R:11:5')"/>
    </testcase>
    <testcase time="0.295000000000073" classname="aet04" name="result_v11">
      <skipped message="Reason: On CRAN ('test-aet04.R:11:5')"/>
    </testcase>
  </testsuite>
</testsuites>
