<?xml version="1.0" encoding="UTF-8"?>
<testsuites>
  <testsuite name="aet04" timestamp="2023-07-19T10:15:31Z" hostname="71bfb8693229" tests="8" skipped="8" failures="0" errors="0" time="8.147">
    <testcase time="3.5659999999998" classname="aet04" name="result_v1">
      <skipped message="Reason: On CRAN ('test-aet04.R:11:5')"/>
    </testcase>
    <testcase time="0.648999999999887" classname="aet04" name="result_v2">
      <skipped message="Reason: On CRAN ('test-aet04.R:11:5')"/>
    </testcase>
    <testcase time="1.03200000000015" classname="aet04" name="result_v3">
      <skipped message="Reason: On CRAN ('test-aet04.R:11:5')"/>
    </testcase>
    <testcase time="0.534000000000106" classname="aet04" name="result_v4">
      <skipped message="Reason: On CRAN ('test-aet04.R:11:5')"/>
    </testcase>
    <testcase time="0.505000000000109" classname="aet04" name="result_v6">
      <skipped message="Reason: On CRAN ('test-aet04.R:11:5')"/>
    </testcase>
    <testcase time="0.504999999999654" classname="aet04" name="result_v8">
      <skipped message="Reason: On CRAN ('test-aet04.R:11:5')"/>
    </testcase>
    <testcase time="0.509000000000015" classname="aet04" name="result_v9">
      <skipped message="Reason: On CRAN ('test-aet04.R:11:5')"/>
    </testcase>
    <testcase time="0.847000000000207" classname="aet04" name="result_v11">
      <skipped message="Reason: On CRAN ('test-aet04.R:11:5')"/>
    </testcase>
  </testsuite>
</testsuites>
