<?xml version="1.0" encoding="UTF-8"?>
<testsuites>
  <testsuite name="graphs-efficacy-fstg01" timestamp="2024-11-01T14:10:29Z" hostname="c5dd670d1d48" tests="7" skipped="7" failures="0" errors="0" time="2.481">
    <testcase time="2.311" classname="graphs_efficacy_fstg01" name="graphs_efficacy_fstg01.qmd_width_development">
      <skipped message="Reason: Snapshot test is not implemented for object of class: numeric. ('test-graphs-efficacy-fstg01.R:1:1')"/>
    </testcase>
    <testcase time="0.0800000000000001" classname="graphs_efficacy_fstg01" name="graphs_efficacy_fstg01.qmd_height_development">
      <skipped message="Reason: Snapshot test is not implemented for object of class: numeric. ('test-graphs-efficacy-fstg01.R:1:1')"/>
    </testcase>
    <testcase time="0.032" classname="graphs_efficacy_fstg01" name="graphs_efficacy_fstg01.qmd_plot_v1_development">
      <skipped message="Reason: Snapshot test is not implemented for object of class: gg, ggplot. ('test-graphs-efficacy-fstg01.R:1:1')"/>
    </testcase>
    <testcase time="0.0140000000000002" classname="graphs_efficacy_fstg01" name="graphs_efficacy_fstg01.qmd_plot_v2_development">
      <skipped message="Reason: Snapshot test is not implemented for object of class: gg, ggplot. ('test-graphs-efficacy-fstg01.R:1:1')"/>
    </testcase>
    <testcase time="0.0150000000000001" classname="graphs_efficacy_fstg01" name="graphs_efficacy_fstg01.qmd_plot_v3_development">
      <skipped message="Reason: Snapshot test is not implemented for object of class: gg, ggplot. ('test-graphs-efficacy-fstg01.R:1:1')"/>
    </testcase>
    <testcase time="0.0139999999999998" classname="graphs_efficacy_fstg01" name="graphs_efficacy_fstg01.qmd_plot_v4_development">
      <skipped message="Reason: Snapshot test is not implemented for object of class: gg, ggplot. ('test-graphs-efficacy-fstg01.R:1:1')"/>
    </testcase>
    <testcase time="0.0150000000000001" classname="graphs_efficacy_fstg01" name="graphs_efficacy_fstg01.qmd_plot_v5_development">
      <skipped message="Reason: Snapshot test is not implemented for object of class: gg, ggplot. ('test-graphs-efficacy-fstg01.R:1:1')"/>
    </testcase>
  </testsuite>
  <testsuite name="graphs-efficacy-fstg02" timestamp="2024-11-01T14:10:29Z" hostname="c5dd670d1d48" tests="7" skipped="7" failures="0" errors="0" time="0.527">
    <testcase time="0.438" classname="graphs_efficacy_fstg02" name="graphs_efficacy_fstg02.qmd_width_development">
      <skipped message="Reason: Snapshot test is not implemented for object of class: numeric. ('test-graphs-efficacy-fstg02.R:1:1')"/>
    </testcase>
    <testcase time="0.016" classname="graphs_efficacy_fstg02" name="graphs_efficacy_fstg02.qmd_height_development">
      <skipped message="Reason: Snapshot test is not implemented for object of class: numeric. ('test-graphs-efficacy-fstg02.R:1:1')"/>
    </testcase>
    <testcase time="0.0140000000000002" classname="graphs_efficacy_fstg02" name="graphs_efficacy_fstg02.qmd_plot_v1_development">
      <skipped message="Reason: Snapshot test is not implemented for object of class: gg, ggplot. ('test-graphs-efficacy-fstg02.R:1:1')"/>
    </testcase>
    <testcase time="0.0150000000000001" classname="graphs_efficacy_fstg02" name="graphs_efficacy_fstg02.qmd_plot_v2_development">
      <skipped message="Reason: Snapshot test is not implemented for object of class: gg, ggplot. ('test-graphs-efficacy-fstg02.R:1:1')"/>
    </testcase>
    <testcase time="0.0149999999999997" classname="graphs_efficacy_fstg02" name="graphs_efficacy_fstg02.qmd_plot_v3_development">
      <skipped message="Reason: Snapshot test is not implemented for object of class: gg, ggplot. ('test-graphs-efficacy-fstg02.R:1:1')"/>
    </testcase>
    <testcase time="0.0140000000000002" classname="graphs_efficacy_fstg02" name="graphs_efficacy_fstg02.qmd_plot_v4_development">
      <skipped message="Reason: Snapshot test is not implemented for object of class: gg, ggplot. ('test-graphs-efficacy-fstg02.R:1:1')"/>
    </testcase>
    <testcase time="0.0150000000000001" classname="graphs_efficacy_fstg02" name="graphs_efficacy_fstg02.qmd_plot_v3.width_development">
      <skipped message="Reason: Snapshot test is not implemented for object of class: numeric. ('test-graphs-efficacy-fstg02.R:1:1')"/>
    </testcase>
  </testsuite>
  <testsuite name="graphs-efficacy-kmg01" timestamp="2024-11-01T14:10:30Z" hostname="c5dd670d1d48" tests="8" skipped="8" failures="0" errors="0" time="0.903">
    <testcase time="0.821" classname="graphs_efficacy_kmg01" name="graphs_efficacy_kmg01.qmd_width_development">
      <skipped message="Reason: Snapshot test is not implemented for object of class: numeric. ('test-graphs-efficacy-kmg01.R:1:1')"/>
    </testcase>
    <testcase time="0.0120000000000005" classname="graphs_efficacy_kmg01" name="graphs_efficacy_kmg01.qmd_height_development">
      <skipped message="Reason: Snapshot test is not implemented for object of class: numeric. ('test-graphs-efficacy-kmg01.R:1:1')"/>
    </testcase>
    <testcase time="0.0119999999999996" classname="graphs_efficacy_kmg01" name="graphs_efficacy_kmg01.qmd_plot_v1_development">
      <skipped message="Reason: Snapshot test is not implemented for object of class: gg, ggplot. ('test-graphs-efficacy-kmg01.R:1:1')"/>
    </testcase>
    <testcase time="0.0120000000000005" classname="graphs_efficacy_kmg01" name="graphs_efficacy_kmg01.qmd_plot_v2_development">
      <skipped message="Reason: Snapshot test is not implemented for object of class: gg, ggplot. ('test-graphs-efficacy-kmg01.R:1:1')"/>
    </testcase>
    <testcase time="0.0109999999999992" classname="graphs_efficacy_kmg01" name="graphs_efficacy_kmg01.qmd_plot_v3_development">
      <skipped message="Reason: Snapshot test is not implemented for object of class: gg, ggplot. ('test-graphs-efficacy-kmg01.R:1:1')"/>
    </testcase>
    <testcase time="0.0120000000000005" classname="graphs_efficacy_kmg01" name="graphs_efficacy_kmg01.qmd_plot_v4_development">
      <skipped message="Reason: Snapshot test is not implemented for object of class: gg, ggplot. ('test-graphs-efficacy-kmg01.R:1:1')"/>
    </testcase>
    <testcase time="0.0119999999999996" classname="graphs_efficacy_kmg01" name="graphs_efficacy_kmg01.qmd_plot_v5_development">
      <skipped message="Reason: Snapshot test is not implemented for object of class: gg, ggplot. ('test-graphs-efficacy-kmg01.R:1:1')"/>
    </testcase>
    <testcase time="0.0110000000000001" classname="graphs_efficacy_kmg01" name="graphs_efficacy_kmg01.qmd_plot_v6_development">
      <skipped message="Reason: Snapshot test is not implemented for object of class: gg, ggplot. ('test-graphs-efficacy-kmg01.R:1:1')"/>
    </testcase>
  </testsuite>
  <testsuite name="graphs-efficacy-mmrmg01" timestamp="2024-11-01T14:10:31Z" hostname="c5dd670d1d48" tests="6" skipped="6" failures="0" errors="0" time="0.577">
    <testcase time="0.512" classname="graphs_efficacy_mmrmg01" name="graphs_efficacy_mmrmg01.qmd_plot_v1_development">
      <skipped message="Reason: Snapshot test is not implemented for object of class: gg, ggplot. ('test-graphs-efficacy-mmrmg01.R:1:1')"/>
    </testcase>
    <testcase time="0.0129999999999999" classname="graphs_efficacy_mmrmg01" name="graphs_efficacy_mmrmg01.qmd_plot_v2_development">
      <skipped message="Reason: Snapshot test is not implemented for object of class: gg, ggplot. ('test-graphs-efficacy-mmrmg01.R:1:1')"/>
    </testcase>
    <testcase time="0.0140000000000002" classname="graphs_efficacy_mmrmg01" name="graphs_efficacy_mmrmg01.qmd_plot_v3_development">
      <skipped message="Reason: Snapshot test is not implemented for object of class: gg, ggplot. ('test-graphs-efficacy-mmrmg01.R:1:1')"/>
    </testcase>
    <testcase time="0.0119999999999996" classname="graphs_efficacy_mmrmg01" name="graphs_efficacy_mmrmg01.qmd_plot_v4_development">
      <skipped message="Reason: Snapshot test is not implemented for object of class: gg, ggplot. ('test-graphs-efficacy-mmrmg01.R:1:1')"/>
    </testcase>
    <testcase time="0.0129999999999999" classname="graphs_efficacy_mmrmg01" name="graphs_efficacy_mmrmg01.qmd_plot_v5_development">
      <skipped message="Reason: Snapshot test is not implemented for object of class: gg, ggplot. ('test-graphs-efficacy-mmrmg01.R:1:1')"/>
    </testcase>
    <testcase time="0.0129999999999999" classname="graphs_efficacy_mmrmg01" name="graphs_efficacy_mmrmg01.qmd_plot_v6_development">
      <skipped message="Reason: Snapshot test is not implemented for object of class: gg, ggplot. ('test-graphs-efficacy-mmrmg01.R:1:1')"/>
    </testcase>
  </testsuite>
  <testsuite name="graphs-efficacy-mmrmg02" timestamp="2024-11-01T14:10:31Z" hostname="c5dd670d1d48" tests="3" skipped="3" failures="0" errors="0" time="0.152">
    <testcase time="0.126" classname="graphs_efficacy_mmrmg02" name="graphs_efficacy_mmrmg02.qmd_width_development">
      <skipped message="Reason: Snapshot test is not implemented for object of class: numeric. ('test-graphs-efficacy-mmrmg02.R:1:1')"/>
    </testcase>
    <testcase time="0.0129999999999999" classname="graphs_efficacy_mmrmg02" name="graphs_efficacy_mmrmg02.qmd_plot_v1_development">
      <skipped message="Reason: Snapshot test is not implemented for object of class: gg, ggplot. ('test-graphs-efficacy-mmrmg02.R:1:1')"/>
    </testcase>
    <testcase time="0.0129999999999999" classname="graphs_efficacy_mmrmg02" name="graphs_efficacy_mmrmg02.qmd_plot_v2_development">
      <skipped message="Reason: Snapshot test is not implemented for object of class: gg, ggplot. ('test-graphs-efficacy-mmrmg02.R:1:1')"/>
    </testcase>
  </testsuite>
  <testsuite name="graphs-other-brg01" timestamp="2024-11-01T14:10:31Z" hostname="c5dd670d1d48" tests="9" skipped="9" failures="0" errors="0" time="0.46">
    <testcase time="0.367" classname="graphs_other_brg01" name="graphs_other_brg01.qmd_plot_v1_development">
      <skipped message="Reason: Snapshot test is not implemented for object of class: gg, ggplot. ('test-graphs-other-brg01.R:1:1')"/>
    </testcase>
    <testcase time="0.0120000000000005" classname="graphs_other_brg01" name="graphs_other_brg01.qmd_plot_v2_development">
      <skipped message="Reason: Snapshot test is not implemented for object of class: gg, ggplot. ('test-graphs-other-brg01.R:1:1')"/>
    </testcase>
    <testcase time="0.0110000000000001" classname="graphs_other_brg01" name="graphs_other_brg01.qmd_plot_v3_development">
      <skipped message="Reason: Snapshot test is not implemented for object of class: gg, ggplot. ('test-graphs-other-brg01.R:1:1')"/>
    </testcase>
    <testcase time="0.0119999999999996" classname="graphs_other_brg01" name="graphs_other_brg01.qmd_plot_v4_development">
      <skipped message="Reason: Snapshot test is not implemented for object of class: gg, ggplot. ('test-graphs-other-brg01.R:1:1')"/>
    </testcase>
    <testcase time="0.0110000000000001" classname="graphs_other_brg01" name="graphs_other_brg01.qmd_plot_v5_development">
      <skipped message="Reason: Snapshot test is not implemented for object of class: gg, ggplot. ('test-graphs-other-brg01.R:1:1')"/>
    </testcase>
    <testcase time="0.0119999999999996" classname="graphs_other_brg01" name="graphs_other_brg01.qmd_plot_v6_development">
      <skipped message="Reason: Snapshot test is not implemented for object of class: gg, ggplot. ('test-graphs-other-brg01.R:1:1')"/>
    </testcase>
    <testcase time="0.0120000000000005" classname="graphs_other_brg01" name="graphs_other_brg01.qmd_plot_v7_development">
      <skipped message="Reason: Snapshot test is not implemented for object of class: gg, ggplot. ('test-graphs-other-brg01.R:1:1')"/>
    </testcase>
    <testcase time="0.0110000000000001" classname="graphs_other_brg01" name="graphs_other_brg01.qmd_plot_v8_development">
      <skipped message="Reason: Snapshot test is not implemented for object of class: gg, ggplot. ('test-graphs-other-brg01.R:1:1')"/>
    </testcase>
    <testcase time="0.0119999999999996" classname="graphs_other_brg01" name="graphs_other_brg01.qmd_plot_v9_development">
      <skipped message="Reason: Snapshot test is not implemented for object of class: gg, ggplot. ('test-graphs-other-brg01.R:1:1')"/>
    </testcase>
  </testsuite>
  <testsuite name="graphs-other-bwg01" timestamp="2024-11-01T14:10:32Z" hostname="c5dd670d1d48" tests="9" skipped="9" failures="0" errors="0" time="0.672">
    <testcase time="0.579000000000001" classname="graphs_other_bwg01" name="graphs_other_bwg01.qmd_plot_v1_development">
      <skipped message="Reason: Snapshot test is not implemented for object of class: gg, ggplot. ('test-graphs-other-bwg01.R:1:1')"/>
    </testcase>
    <testcase time="0.0119999999999996" classname="graphs_other_bwg01" name="graphs_other_bwg01.qmd_plot_v2_development">
      <skipped message="Reason: Snapshot test is not implemented for object of class: gg, ggplot. ('test-graphs-other-bwg01.R:1:1')"/>
    </testcase>
    <testcase time="0.0120000000000005" classname="graphs_other_bwg01" name="graphs_other_bwg01.qmd_plot_v3_development">
      <skipped message="Reason: Snapshot test is not implemented for object of class: gg, ggplot. ('test-graphs-other-bwg01.R:1:1')"/>
    </testcase>
    <testcase time="0.0109999999999992" classname="graphs_other_bwg01" name="graphs_other_bwg01.qmd_plot_v4_development">
      <skipped message="Reason: Snapshot test is not implemented for object of class: gg, ggplot. ('test-graphs-other-bwg01.R:1:1')"/>
    </testcase>
    <testcase time="0.0120000000000005" classname="graphs_other_bwg01" name="graphs_other_bwg01.qmd_plot_v5_development">
      <skipped message="Reason: Snapshot test is not implemented for object of class: gg, ggplot. ('test-graphs-other-bwg01.R:1:1')"/>
    </testcase>
    <testcase time="0.0110000000000001" classname="graphs_other_bwg01" name="graphs_other_bwg01.qmd_plot_v6_development">
      <skipped message="Reason: Snapshot test is not implemented for object of class: gg, ggplot. ('test-graphs-other-bwg01.R:1:1')"/>
    </testcase>
    <testcase time="0.0119999999999996" classname="graphs_other_bwg01" name="graphs_other_bwg01.qmd_plot_v7_development">
      <skipped message="Reason: Snapshot test is not implemented for object of class: gg, ggplot. ('test-graphs-other-bwg01.R:1:1')"/>
    </testcase>
    <testcase time="0.0110000000000001" classname="graphs_other_bwg01" name="graphs_other_bwg01.qmd_plot_v8_development">
      <skipped message="Reason: Snapshot test is not implemented for object of class: gg, ggplot. ('test-graphs-other-bwg01.R:1:1')"/>
    </testcase>
    <testcase time="0.0120000000000005" classname="graphs_other_bwg01" name="graphs_other_bwg01.qmd_plot_v9_development">
      <skipped message="Reason: Snapshot test is not implemented for object of class: gg, ggplot. ('test-graphs-other-bwg01.R:1:1')"/>
    </testcase>
  </testsuite>
  <testsuite name="graphs-other-cig01" timestamp="2024-11-01T14:10:32Z" hostname="c5dd670d1d48" tests="5" skipped="4" failures="0" errors="0" time="0.223">
    <testcase time="0.183" classname="graphs_other_cig01" name="graphs_other_cig01.qmd_table_v6_development"/>
    <testcase time="0.00499999999999989" classname="graphs_other_cig01" name="graphs_other_cig01.qmd_plot_v1_and_v2_development">
      <skipped message="Reason: Snapshot test is not implemented for object of class: gg, ggplot. ('test-graphs-other-cig01.R:1:1')"/>
    </testcase>
    <testcase time="0.0110000000000001" classname="graphs_other_cig01" name="graphs_other_cig01.qmd_plot_v3_development">
      <skipped message="Reason: Snapshot test is not implemented for object of class: gg, ggplot. ('test-graphs-other-cig01.R:1:1')"/>
    </testcase>
    <testcase time="0.0119999999999996" classname="graphs_other_cig01" name="graphs_other_cig01.qmd_plot_v4_development">
      <skipped message="Reason: Snapshot test is not implemented for object of class: gg, ggplot. ('test-graphs-other-cig01.R:1:1')"/>
    </testcase>
    <testcase time="0.0120000000000005" classname="graphs_other_cig01" name="graphs_other_cig01.qmd_plot_v5_development">
      <skipped message="Reason: Snapshot test is not implemented for object of class: gg, ggplot. ('test-graphs-other-cig01.R:1:1')"/>
    </testcase>
  </testsuite>
  <testsuite name="graphs-other-ippg01" timestamp="2024-11-01T14:10:32Z" hostname="c5dd670d1d48" tests="2" skipped="2" failures="0" errors="0" time="0.046">
    <testcase time="0.0350000000000001" classname="graphs_other_ippg01" name="graphs_other_ippg01.qmd_plots_v1_development">
      <skipped message="Reason: Snapshot test is not implemented for object of class: list. ('test-graphs-other-ippg01.R:1:1')"/>
    </testcase>
    <testcase time="0.0109999999999992" classname="graphs_other_ippg01" name="graphs_other_ippg01.qmd_plots_v2_development">
      <skipped message="Reason: Snapshot test is not implemented for object of class: list. ('test-graphs-other-ippg01.R:1:1')"/>
    </testcase>
  </testsuite>
  <testsuite name="graphs-other-ltg01" timestamp="2024-11-01T14:10:32Z" hostname="c5dd670d1d48" tests="7" skipped="7" failures="0" errors="0" time="0.166">
    <testcase time="0.0960000000000001" classname="graphs_other_ltg01" name="graphs_other_ltg01.qmd_plot_v1_development">
      <skipped message="Reason: Snapshot test is not implemented for object of class: gg, ggplot. ('test-graphs-other-ltg01.R:1:1')"/>
    </testcase>
    <testcase time="0.0120000000000005" classname="graphs_other_ltg01" name="graphs_other_ltg01.qmd_plot_v2_development">
      <skipped message="Reason: Snapshot test is not implemented for object of class: gg, ggplot. ('test-graphs-other-ltg01.R:1:1')"/>
    </testcase>
    <testcase time="0.0119999999999996" classname="graphs_other_ltg01" name="graphs_other_ltg01.qmd_plot_v3_development">
      <skipped message="Reason: Snapshot test is not implemented for object of class: gg, ggplot. ('test-graphs-other-ltg01.R:1:1')"/>
    </testcase>
    <testcase time="0.0120000000000005" classname="graphs_other_ltg01" name="graphs_other_ltg01.qmd_plot_v4_development">
      <skipped message="Reason: Snapshot test is not implemented for object of class: gg, ggplot. ('test-graphs-other-ltg01.R:1:1')"/>
    </testcase>
    <testcase time="0.0110000000000001" classname="graphs_other_ltg01" name="graphs_other_ltg01.qmd_plot_v51_development">
      <skipped message="Reason: Snapshot test is not implemented for object of class: gg, ggplot. ('test-graphs-other-ltg01.R:1:1')"/>
    </testcase>
    <testcase time="0.0119999999999996" classname="graphs_other_ltg01" name="graphs_other_ltg01.qmd_plot_v52_development">
      <skipped message="Reason: Snapshot test is not implemented for object of class: gg, ggplot. ('test-graphs-other-ltg01.R:1:1')"/>
    </testcase>
    <testcase time="0.0110000000000001" classname="graphs_other_ltg01" name="graphs_other_ltg01.qmd_plot_v53_development">
      <skipped message="Reason: Snapshot test is not implemented for object of class: gg, ggplot. ('test-graphs-other-ltg01.R:1:1')"/>
    </testcase>
  </testsuite>
  <testsuite name="graphs-other-mng01" timestamp="2024-11-01T14:10:33Z" hostname="c5dd670d1d48" tests="7" skipped="7" failures="0" errors="0" time="0.217">
    <testcase time="0.148" classname="graphs_other_mng01" name="graphs_other_mng01.qmd_plot_v1_development">
      <skipped message="Reason: Snapshot test is not implemented for object of class: gg, ggplot. ('test-graphs-other-mng01.R:1:1')"/>
    </testcase>
    <testcase time="0.0120000000000005" classname="graphs_other_mng01" name="graphs_other_mng01.qmd_plot_v2_development">
      <skipped message="Reason: Snapshot test is not implemented for object of class: gg, ggplot. ('test-graphs-other-mng01.R:1:1')"/>
    </testcase>
    <testcase time="0.0110000000000001" classname="graphs_other_mng01" name="graphs_other_mng01.qmd_plot_v3_development">
      <skipped message="Reason: Snapshot test is not implemented for object of class: gg, ggplot. ('test-graphs-other-mng01.R:1:1')"/>
    </testcase>
    <testcase time="0.0119999999999996" classname="graphs_other_mng01" name="graphs_other_mng01.qmd_plot_v4_development">
      <skipped message="Reason: Snapshot test is not implemented for object of class: gg, ggplot. ('test-graphs-other-mng01.R:1:1')"/>
    </testcase>
    <testcase time="0.0110000000000001" classname="graphs_other_mng01" name="graphs_other_mng01.qmd_plot_v5_development">
      <skipped message="Reason: Snapshot test is not implemented for object of class: gg, ggplot. ('test-graphs-other-mng01.R:1:1')"/>
    </testcase>
    <testcase time="0.0120000000000005" classname="graphs_other_mng01" name="graphs_other_mng01.qmd_plot_v6_development">
      <skipped message="Reason: Snapshot test is not implemented for object of class: gg, ggplot. ('test-graphs-other-mng01.R:1:1')"/>
    </testcase>
    <testcase time="0.0109999999999992" classname="graphs_other_mng01" name="graphs_other_mng01.qmd_plot_v7_development">
      <skipped message="Reason: Snapshot test is not implemented for object of class: gg, ggplot. ('test-graphs-other-mng01.R:1:1')"/>
    </testcase>
  </testsuite>
  <testsuite name="graphs-pharmacokinetic-pkcg01" timestamp="2024-11-01T14:10:33Z" hostname="c5dd670d1d48" tests="2" skipped="2" failures="0" errors="0" time="0.045">
    <testcase time="0.0330000000000004" classname="graphs_pharmacokinetic_pkcg01" name="graphs_pharmacokinetic_pkcg01.qmd_plot_v1_development">
      <skipped message="Reason: Snapshot test is not implemented for object of class: gg, ggplot. ('test-graphs-pharmacokinetic-pkcg01.R:1:1')"/>
    </testcase>
    <testcase time="0.0120000000000005" classname="graphs_pharmacokinetic_pkcg01" name="graphs_pharmacokinetic_pkcg01.qmd_plot_v2_development">
      <skipped message="Reason: Snapshot test is not implemented for object of class: gg, ggplot. ('test-graphs-pharmacokinetic-pkcg01.R:1:1')"/>
    </testcase>
  </testsuite>
  <testsuite name="graphs-pharmacokinetic-pkcg02" timestamp="2024-11-01T14:10:33Z" hostname="c5dd670d1d48" tests="2" skipped="2" failures="0" errors="0" time="0.046">
    <testcase time="0.0349999999999993" classname="graphs_pharmacokinetic_pkcg02" name="graphs_pharmacokinetic_pkcg02.qmd_plot_v1_development">
      <skipped message="Reason: Snapshot test is not implemented for object of class: gg, ggplot. ('test-graphs-pharmacokinetic-pkcg02.R:1:1')"/>
    </testcase>
    <testcase time="0.0110000000000001" classname="graphs_pharmacokinetic_pkcg02" name="graphs_pharmacokinetic_pkcg02.qmd_plot_v2_development">
      <skipped message="Reason: Snapshot test is not implemented for object of class: gg, ggplot. ('test-graphs-pharmacokinetic-pkcg02.R:1:1')"/>
    </testcase>
  </testsuite>
  <testsuite name="graphs-pharmacokinetic-pkcg03" timestamp="2024-11-01T14:10:33Z" hostname="c5dd670d1d48" tests="2" skipped="2" failures="0" errors="0" time="0.067">
    <testcase time="0.0550000000000006" classname="graphs_pharmacokinetic_pkcg03" name="graphs_pharmacokinetic_pkcg03.qmd_plot_v1_development">
      <skipped message="Reason: Snapshot test is not implemented for object of class: gg, ggplot. ('test-graphs-pharmacokinetic-pkcg03.R:1:1')"/>
    </testcase>
    <testcase time="0.0119999999999996" classname="graphs_pharmacokinetic_pkcg03" name="graphs_pharmacokinetic_pkcg03.qmd_plot_v2_development">
      <skipped message="Reason: Snapshot test is not implemented for object of class: gg, ggplot. ('test-graphs-pharmacokinetic-pkcg03.R:1:1')"/>
    </testcase>
  </testsuite>
  <testsuite name="graphs-pharmacokinetic-pkpg01" timestamp="2024-11-01T14:10:33Z" hostname="c5dd670d1d48" tests="2" skipped="2" failures="0" errors="0" time="0.064">
    <testcase time="0.0519999999999996" classname="graphs_pharmacokinetic_pkpg01" name="graphs_pharmacokinetic_pkpg01.qmd_plot_v1_development">
      <skipped message="Reason: Snapshot test is not implemented for object of class: gg, ggplot. ('test-graphs-pharmacokinetic-pkpg01.R:1:1')"/>
    </testcase>
    <testcase time="0.0120000000000005" classname="graphs_pharmacokinetic_pkpg01" name="graphs_pharmacokinetic_pkpg01.qmd_plot_v2_development">
      <skipped message="Reason: Snapshot test is not implemented for object of class: gg, ggplot. ('test-graphs-pharmacokinetic-pkpg01.R:1:1')"/>
    </testcase>
  </testsuite>
  <testsuite name="graphs-pharmacokinetic-pkpg02" timestamp="2024-11-01T14:10:33Z" hostname="c5dd670d1d48" tests="2" skipped="2" failures="0" errors="0" time="0.072">
    <testcase time="0.0599999999999996" classname="graphs_pharmacokinetic_pkpg02" name="graphs_pharmacokinetic_pkpg02.qmd_plot_v1_development">
      <skipped message="Reason: Snapshot test is not implemented for object of class: gg, ggplot. ('test-graphs-pharmacokinetic-pkpg02.R:1:1')"/>
    </testcase>
    <testcase time="0.0120000000000005" classname="graphs_pharmacokinetic_pkpg02" name="graphs_pharmacokinetic_pkpg02.qmd_plot_v2_development">
      <skipped message="Reason: Snapshot test is not implemented for object of class: gg, ggplot. ('test-graphs-pharmacokinetic-pkpg02.R:1:1')"/>
    </testcase>
  </testsuite>
  <testsuite name="graphs-pharmacokinetic-pkpg03" timestamp="2024-11-01T14:10:33Z" hostname="c5dd670d1d48" tests="1" skipped="1" failures="0" errors="0" time="0.053">
    <testcase time="0.0529999999999999" classname="graphs_pharmacokinetic_pkpg03" name="graphs_pharmacokinetic_pkpg03.qmd_plot_v1_development">
      <skipped message="Reason: Snapshot test is not implemented for object of class: gg, ggplot. ('test-graphs-pharmacokinetic-pkpg03.R:1:1')"/>
    </testcase>
  </testsuite>
  <testsuite name="graphs-pharmacokinetic-pkpg04" timestamp="2024-11-01T14:10:33Z" hostname="c5dd670d1d48" tests="1" skipped="1" failures="0" errors="0" time="0.052">
    <testcase time="0.0519999999999996" classname="graphs_pharmacokinetic_pkpg04" name="graphs_pharmacokinetic_pkpg04.qmd_plot_v1_development">
      <skipped message="Reason: Snapshot test is not implemented for object of class: gg, ggplot. ('test-graphs-pharmacokinetic-pkpg04.R:1:1')"/>
    </testcase>
  </testsuite>
  <testsuite name="graphs-pharmacokinetic-pkpg06" timestamp="2024-11-01T14:10:33Z" hostname="c5dd670d1d48" tests="4" skipped="4" failures="0" errors="0" time="0.068">
    <testcase time="0.0340000000000007" classname="graphs_pharmacokinetic_pkpg06" name="graphs_pharmacokinetic_pkpg06.qmd_plot_v1_development">
      <skipped message="Reason: Snapshot test is not implemented for object of class: gg, ggplot. ('test-graphs-pharmacokinetic-pkpg06.R:1:1')"/>
    </testcase>
    <testcase time="0.0109999999999992" classname="graphs_pharmacokinetic_pkpg06" name="graphs_pharmacokinetic_pkpg06.qmd_plot_v2_development">
      <skipped message="Reason: Snapshot test is not implemented for object of class: gg, ggplot. ('test-graphs-pharmacokinetic-pkpg06.R:1:1')"/>
    </testcase>
    <testcase time="0.0120000000000005" classname="graphs_pharmacokinetic_pkpg06" name="graphs_pharmacokinetic_pkpg06.qmd_plot_v3_development">
      <skipped message="Reason: Snapshot test is not implemented for object of class: gg, ggplot. ('test-graphs-pharmacokinetic-pkpg06.R:1:1')"/>
    </testcase>
    <testcase time="0.0110000000000001" classname="graphs_pharmacokinetic_pkpg06" name="graphs_pharmacokinetic_pkpg06.qmd_plot_v4_development">
      <skipped message="Reason: Snapshot test is not implemented for object of class: gg, ggplot. ('test-graphs-pharmacokinetic-pkpg06.R:1:1')"/>
    </testcase>
  </testsuite>
  <testsuite name="listings-ADA-adal02" timestamp="2024-11-01T14:10:33Z" hostname="c5dd670d1d48" tests="1" skipped="0" failures="0" errors="0" time="0.064">
    <testcase time="0.0640000000000001" classname="listings_ADA_adal02" name="listings_ADA_adal02.qmd_lsting_development"/>
  </testsuite>
  <testsuite name="listings-ECG-egl01" timestamp="2024-11-01T14:10:33Z" hostname="c5dd670d1d48" tests="1" skipped="0" failures="0" errors="0" time="0.054">
    <testcase time="0.0539999999999994" classname="listings_ECG_egl01" name="listings_ECG_egl01.qmd_lsting_development"/>
  </testsuite>
  <testsuite name="listings-adverse-events-ael01" timestamp="2024-11-01T14:10:33Z" hostname="c5dd670d1d48" tests="1" skipped="0" failures="0" errors="0" time="0.037">
    <testcase time="0.0370000000000008" classname="listings_adverse_events_ael01" name="listings_adverse_events_ael01.qmd_lsting_development"/>
  </testsuite>
  <testsuite name="listings-adverse-events-ael01_nollt" timestamp="2024-11-01T14:10:33Z" hostname="c5dd670d1d48" tests="1" skipped="0" failures="0" errors="0" time="0.035">
    <testcase time="0.0349999999999993" classname="listings_adverse_events_ael01_nollt" name="listings_adverse_events_ael01_nollt.qmd_lsting_development"/>
  </testsuite>
  <testsuite name="listings-adverse-events-ael02" timestamp="2024-11-01T14:10:33Z" hostname="c5dd670d1d48" tests="1" skipped="0" failures="0" errors="0" time="0.082">
    <testcase time="0.0820000000000007" classname="listings_adverse_events_ael02" name="listings_adverse_events_ael02.qmd_lsting_development"/>
  </testsuite>
  <testsuite name="listings-adverse-events-ael02_ed" timestamp="2024-11-01T14:10:33Z" hostname="c5dd670d1d48" tests="1" skipped="0" failures="0" errors="0" time="0.061">
    <testcase time="0.0609999999999999" classname="listings_adverse_events_ael02_ed" name="listings_adverse_events_ael02_ed.qmd_lsting_development"/>
  </testsuite>
  <testsuite name="listings-adverse-events-ael03" timestamp="2024-11-01T14:10:34Z" hostname="c5dd670d1d48" tests="1" skipped="0" failures="0" errors="0" time="0.055">
    <testcase time="0.0549999999999997" classname="listings_adverse_events_ael03" name="listings_adverse_events_ael03.qmd_lsting_development"/>
  </testsuite>
  <testsuite name="listings-adverse-events-ael04" timestamp="2024-11-01T14:10:34Z" hostname="c5dd670d1d48" tests="1" skipped="0" failures="0" errors="0" time="0.045">
    <testcase time="0.0449999999999999" classname="listings_adverse_events_ael04" name="listings_adverse_events_ael04.qmd_lsting_development"/>
  </testsuite>
  <testsuite name="listings-concomitant-medications-cml01" timestamp="2024-11-01T14:10:34Z" hostname="c5dd670d1d48" tests="1" skipped="0" failures="0" errors="0" time="0.06">
    <testcase time="0.0599999999999996" classname="listings_concomitant_medications_cml01" name="listings_concomitant_medications_cml01.qmd_lsting_development"/>
  </testsuite>
  <testsuite name="listings-concomitant-medications-cml02a_gl" timestamp="2024-11-01T14:10:34Z" hostname="c5dd670d1d48" tests="1" skipped="0" failures="0" errors="0" time="0.037">
    <testcase time="0.0370000000000008" classname="listings_concomitant_medications_cml02a_gl" name="listings_concomitant_medications_cml02a_gl.qmd_lsting_development"/>
  </testsuite>
  <testsuite name="listings-concomitant-medications-cml02b_gl" timestamp="2024-11-01T14:10:34Z" hostname="c5dd670d1d48" tests="1" skipped="0" failures="0" errors="0" time="0.04">
    <testcase time="0.04" classname="listings_concomitant_medications_cml02b_gl" name="listings_concomitant_medications_cml02b_gl.qmd_lsting_development"/>
  </testsuite>
  <testsuite name="listings-development-safety-update-report-dsur4" timestamp="2024-11-01T14:10:34Z" hostname="c5dd670d1d48" tests="1" skipped="0" failures="0" errors="0" time="0.036">
    <testcase time="0.0359999999999996" classname="listings_development_safety_update_report_dsur4" name="listings_development_safety_update_report_dsur4.qmd_lsting_development"/>
  </testsuite>
  <testsuite name="listings-disposition-dsl01" timestamp="2024-11-01T14:10:34Z" hostname="c5dd670d1d48" tests="1" skipped="0" failures="0" errors="0" time="0.041">
    <testcase time="0.0410000000000004" classname="listings_disposition_dsl01" name="listings_disposition_dsl01.qmd_lsting_development"/>
  </testsuite>
  <testsuite name="listings-disposition-dsl02" timestamp="2024-11-01T14:10:34Z" hostname="c5dd670d1d48" tests="1" skipped="0" failures="0" errors="0" time="0.045">
    <testcase time="0.0449999999999999" classname="listings_disposition_dsl02" name="listings_disposition_dsl02.qmd_lsting_development"/>
  </testsuite>
  <testsuite name="listings-efficacy-oncl01" timestamp="2024-11-01T14:10:34Z" hostname="c5dd670d1d48" tests="1" skipped="0" failures="0" errors="0" time="0.049">
    <testcase time="0.0489999999999995" classname="listings_efficacy_oncl01" name="listings_efficacy_oncl01.qmd_lsting_development"/>
  </testsuite>
  <testsuite name="listings-exposure-exl01" timestamp="2024-11-01T14:10:34Z" hostname="c5dd670d1d48" tests="1" skipped="0" failures="0" errors="0" time="0.05">
    <testcase time="0.0499999999999998" classname="listings_exposure_exl01" name="listings_exposure_exl01.qmd_lsting_development"/>
  </testsuite>
  <testsuite name="listings-lab-results-lbl01" timestamp="2024-11-01T14:10:34Z" hostname="c5dd670d1d48" tests="1" skipped="0" failures="0" errors="0" time="0.056">
    <testcase time="0.0560000000000009" classname="listings_lab_results_lbl01" name="listings_lab_results_lbl01.qmd_lsting_development"/>
  </testsuite>
  <testsuite name="listings-lab-results-lbl01_rls" timestamp="2024-11-01T14:10:34Z" hostname="c5dd670d1d48" tests="1" skipped="0" failures="0" errors="0" time="0.049">
    <testcase time="0.0489999999999995" classname="listings_lab_results_lbl01_rls" name="listings_lab_results_lbl01_rls.qmd_lsting_development"/>
  </testsuite>
  <testsuite name="listings-lab-results-lbl02a" timestamp="2024-11-01T14:10:34Z" hostname="c5dd670d1d48" tests="1" skipped="0" failures="0" errors="0" time="0.048">
    <testcase time="0.048" classname="listings_lab_results_lbl02a" name="listings_lab_results_lbl02a.qmd_lsting_development"/>
  </testsuite>
  <testsuite name="listings-lab-results-lbl02a_rls" timestamp="2024-11-01T14:10:34Z" hostname="c5dd670d1d48" tests="1" skipped="0" failures="0" errors="0" time="0.061">
    <testcase time="0.0609999999999999" classname="listings_lab_results_lbl02a_rls" name="listings_lab_results_lbl02a_rls.qmd_lsting_development"/>
  </testsuite>
  <testsuite name="listings-lab-results-lbl02b" timestamp="2024-11-01T14:10:34Z" hostname="c5dd670d1d48" tests="1" skipped="0" failures="0" errors="0" time="0.05">
    <testcase time="0.0500000000000007" classname="listings_lab_results_lbl02b" name="listings_lab_results_lbl02b.qmd_lsting_development"/>
  </testsuite>
  <testsuite name="listings-medical-history-mhl01" timestamp="2024-11-01T14:10:34Z" hostname="c5dd670d1d48" tests="1" skipped="0" failures="0" errors="0" time="0.053">
    <testcase time="0.052999999999999" classname="listings_medical_history_mhl01" name="listings_medical_history_mhl01.qmd_lsting_development"/>
  </testsuite>
  <testsuite name="listings-pharmacokinetic-pkcl01" timestamp="2024-11-01T14:10:34Z" hostname="c5dd670d1d48" tests="1" skipped="0" failures="0" errors="0" time="0.044">
    <testcase time="0.0440000000000005" classname="listings_pharmacokinetic_pkcl01" name="listings_pharmacokinetic_pkcl01.qmd_lsting_development"/>
  </testsuite>
  <testsuite name="listings-pharmacokinetic-pkcl02" timestamp="2024-11-01T14:10:34Z" hostname="c5dd670d1d48" tests="1" skipped="0" failures="0" errors="0" time="0.064">
    <testcase time="0.0640000000000001" classname="listings_pharmacokinetic_pkcl02" name="listings_pharmacokinetic_pkcl02.qmd_lsting_development"/>
  </testsuite>
  <testsuite name="listings-pharmacokinetic-pkpl01" timestamp="2024-11-01T14:10:34Z" hostname="c5dd670d1d48" tests="1" skipped="0" failures="0" errors="0" time="0.044">
    <testcase time="0.0440000000000005" classname="listings_pharmacokinetic_pkpl01" name="listings_pharmacokinetic_pkpl01.qmd_lsting_development"/>
  </testsuite>
  <testsuite name="listings-pharmacokinetic-pkpl02" timestamp="2024-11-01T14:10:34Z" hostname="c5dd670d1d48" tests="1" skipped="0" failures="0" errors="0" time="0.046">
    <testcase time="0.0459999999999994" classname="listings_pharmacokinetic_pkpl02" name="listings_pharmacokinetic_pkpl02.qmd_lsting_development"/>
  </testsuite>
  <testsuite name="listings-pharmacokinetic-pkpl04" timestamp="2024-11-01T14:10:35Z" hostname="c5dd670d1d48" tests="1" skipped="0" failures="0" errors="0" time="0.049">
    <testcase time="0.0489999999999995" classname="listings_pharmacokinetic_pkpl04" name="listings_pharmacokinetic_pkpl04.qmd_lsting_development"/>
  </testsuite>
  <testsuite name="listings-vital-signs-vsl01" timestamp="2024-11-01T14:10:35Z" hostname="c5dd670d1d48" tests="1" skipped="0" failures="0" errors="0" time="0.074">
    <testcase time="0.0739999999999998" classname="listings_vital_signs_vsl01" name="listings_vital_signs_vsl01.qmd_lsting_development"/>
  </testsuite>
  <testsuite name="tables-ADA-adat01" timestamp="2024-11-01T14:10:35Z" hostname="c5dd670d1d48" tests="1" skipped="0" failures="0" errors="0" time="0.215">
    <testcase time="0.215" classname="tables_ADA_adat01" name="tables_ADA_adat01.qmd_result_v1_development"/>
  </testsuite>
  <testsuite name="tables-ADA-adat02" timestamp="2024-11-01T14:10:35Z" hostname="c5dd670d1d48" tests="1" skipped="0" failures="0" errors="0" time="0.08">
    <testcase time="0.0800000000000001" classname="tables_ADA_adat02" name="tables_ADA_adat02.qmd_result_v1_development"/>
  </testsuite>
  <testsuite name="tables-ADA-adat03" timestamp="2024-11-01T14:10:35Z" hostname="c5dd670d1d48" tests="1" skipped="0" failures="0" errors="0" time="0.357">
    <testcase time="0.357000000000001" classname="tables_ADA_adat03" name="tables_ADA_adat03.qmd_result_v1_development"/>
  </testsuite>
  <testsuite name="tables-ADA-adat04a" timestamp="2024-11-01T14:10:35Z" hostname="c5dd670d1d48" tests="1" skipped="0" failures="0" errors="0" time="0.189">
    <testcase time="0.189" classname="tables_ADA_adat04a" name="tables_ADA_adat04a.qmd_result_v1_development"/>
  </testsuite>
  <testsuite name="tables-ADA-adat04b" timestamp="2024-11-01T14:10:36Z" hostname="c5dd670d1d48" tests="1" skipped="0" failures="0" errors="0" time="0.131">
    <testcase time="0.131" classname="tables_ADA_adat04b" name="tables_ADA_adat04b.qmd_result_v1_development"/>
  </testsuite>
  <testsuite name="tables-ECG-egt01" timestamp="2024-11-01T14:10:36Z" hostname="c5dd670d1d48" tests="1" skipped="0" failures="0" errors="0" time="0.538">
    <testcase time="0.537999999999998" classname="tables_ECG_egt01" name="tables_ECG_egt01.qmd_result_v1_development"/>
  </testsuite>
  <testsuite name="tables-ECG-egt02" timestamp="2024-11-01T14:10:36Z" hostname="c5dd670d1d48" tests="2" skipped="0" failures="0" errors="0" time="0.18">
    <testcase time="0.0990000000000002" classname="tables_ECG_egt02" name="tables_ECG_egt02.qmd_result_v1_development"/>
    <testcase time="0.0810000000000013" classname="tables_ECG_egt02" name="tables_ECG_egt02.qmd_result_v2_development"/>
  </testsuite>
  <testsuite name="tables-ECG-egt03" timestamp="2024-11-01T14:10:38Z" hostname="c5dd670d1d48" tests="2" skipped="0" failures="0" errors="0" time="1.647">
    <testcase time="1.529" classname="tables_ECG_egt03" name="tables_ECG_egt03.qmd_result_v1_development"/>
    <testcase time="0.117999999999999" classname="tables_ECG_egt03" name="tables_ECG_egt03.qmd_result_v2_development"/>
  </testsuite>
  <testsuite name="tables-ECG-egt04" timestamp="2024-11-01T14:10:38Z" hostname="c5dd670d1d48" tests="1" skipped="0" failures="0" errors="0" time="0.179">
    <testcase time="0.179" classname="tables_ECG_egt04" name="tables_ECG_egt04.qmd_result_v1_development"/>
  </testsuite>
  <testsuite name="tables-ECG-egt05_qtcat" timestamp="2024-11-01T14:10:38Z" hostname="c5dd670d1d48" tests="1" skipped="0" failures="0" errors="0" time="0.297">
    <testcase time="0.297000000000001" classname="tables_ECG_egt05_qtcat" name="tables_ECG_egt05_qtcat.qmd_result_v1_development"/>
  </testsuite>
  <testsuite name="tables-adverse-events-aet01" timestamp="2024-11-01T14:10:38Z" hostname="c5dd670d1d48" tests="4" skipped="0" failures="0" errors="0" time="0.477">
    <testcase time="0.132" classname="tables_adverse_events_aet01" name="tables_adverse_events_aet01.qmd_result_v1_development"/>
    <testcase time="0.119" classname="tables_adverse_events_aet01" name="tables_adverse_events_aet01.qmd_result_v2_development"/>
    <testcase time="0.0950000000000006" classname="tables_adverse_events_aet01" name="tables_adverse_events_aet01.qmd_result_v3_development"/>
    <testcase time="0.131" classname="tables_adverse_events_aet01" name="tables_adverse_events_aet01.qmd_result_v4_development"/>
  </testsuite>
  <testsuite name="tables-adverse-events-aet01_aesi" timestamp="2024-11-01T14:10:39Z" hostname="c5dd670d1d48" tests="4" skipped="0" failures="0" errors="0" time="0.651">
    <testcase time="0.132999999999999" classname="tables_adverse_events_aet01_aesi" name="tables_adverse_events_aet01_aesi.qmd_result_v1_development"/>
    <testcase time="0.148" classname="tables_adverse_events_aet01_aesi" name="tables_adverse_events_aet01_aesi.qmd_result_v2_development"/>
    <testcase time="0.214" classname="tables_adverse_events_aet01_aesi" name="tables_adverse_events_aet01_aesi.qmd_result_v3_development"/>
    <testcase time="0.156000000000001" classname="tables_adverse_events_aet01_aesi" name="tables_adverse_events_aet01_aesi.qmd_result_v4_development"/>
  </testsuite>
  <testsuite name="tables-adverse-events-aet02" timestamp="2024-11-01T14:10:40Z" hostname="c5dd670d1d48" tests="13" skipped="0" failures="0" errors="0" time="1.935">
    <testcase time="0.324" classname="tables_adverse_events_aet02" name="tables_adverse_events_aet02.qmd_result_v1_development"/>
    <testcase time="0.175000000000001" classname="tables_adverse_events_aet02" name="tables_adverse_events_aet02.qmd_result_v2_development"/>
    <testcase time="0.184999999999999" classname="tables_adverse_events_aet02" name="tables_adverse_events_aet02.qmd_result_v3_development"/>
    <testcase time="0.252000000000001" classname="tables_adverse_events_aet02" name="tables_adverse_events_aet02.qmd_result_v4_development"/>
    <testcase time="0.093" classname="tables_adverse_events_aet02" name="tables_adverse_events_aet02.qmd_result_v5_development"/>
    <testcase time="0.162000000000001" classname="tables_adverse_events_aet02" name="tables_adverse_events_aet02.qmd_result_v6_development"/>
    <testcase time="0.106999999999999" classname="tables_adverse_events_aet02" name="tables_adverse_events_aet02.qmd_result_v7_development"/>
    <testcase time="0.137" classname="tables_adverse_events_aet02" name="tables_adverse_events_aet02.qmd_result_v8_development"/>
    <testcase time="0.109999999999999" classname="tables_adverse_events_aet02" name="tables_adverse_events_aet02.qmd_result_v9_development"/>
    <testcase time="0.106" classname="tables_adverse_events_aet02" name="tables_adverse_events_aet02.qmd_result_v10_development"/>
    <testcase time="0.088000000000001" classname="tables_adverse_events_aet02" name="tables_adverse_events_aet02.qmd_result_v11_development"/>
    <testcase time="0.106" classname="tables_adverse_events_aet02" name="tables_adverse_events_aet02.qmd_result_v12_development"/>
    <testcase time="0.0899999999999999" classname="tables_adverse_events_aet02" name="tables_adverse_events_aet02.qmd_result_v13_development"/>
  </testsuite>
  <testsuite name="tables-adverse-events-aet02_smq" timestamp="2024-11-01T14:10:42Z" hostname="c5dd670d1d48" tests="2" skipped="0" failures="0" errors="0" time="0.184">
    <testcase time="0.0860000000000003" classname="tables_adverse_events_aet02_smq" name="tables_adverse_events_aet02_smq.qmd_result_v1_development"/>
    <testcase time="0.097999999999999" classname="tables_adverse_events_aet02_smq" name="tables_adverse_events_aet02_smq.qmd_result_v2_development"/>
  </testsuite>
  <testsuite name="tables-adverse-events-aet03" timestamp="2024-11-01T14:10:42Z" hostname="c5dd670d1d48" tests="1" skipped="0" failures="0" errors="0" time="0.342">
    <testcase time="0.341999999999999" classname="tables_adverse_events_aet03" name="tables_adverse_events_aet03.qmd_result_v1_development"/>
  </testsuite>
  <testsuite name="tables-adverse-events-aet04" timestamp="2024-11-01T14:10:42Z" hostname="c5dd670d1d48" tests="8" skipped="0" failures="0" errors="0" time="3.494">
    <testcase time="0.594000000000001" classname="tables_adverse_events_aet04" name="tables_adverse_events_aet04.qmd_result_v1_development"/>
    <testcase time="0.434000000000001" classname="tables_adverse_events_aet04" name="tables_adverse_events_aet04.qmd_result_v2_development"/>
    <testcase time="0.660999999999998" classname="tables_adverse_events_aet04" name="tables_adverse_events_aet04.qmd_result_v3_development"/>
    <testcase time="0.376000000000001" classname="tables_adverse_events_aet04" name="tables_adverse_events_aet04.qmd_result_v4_development"/>
    <testcase time="0.356999999999999" classname="tables_adverse_events_aet04" name="tables_adverse_events_aet04.qmd_result_v6_development"/>
    <testcase time="0.359000000000002" classname="tables_adverse_events_aet04" name="tables_adverse_events_aet04.qmd_result_v8_development"/>
    <testcase time="0.359999999999999" classname="tables_adverse_events_aet04" name="tables_adverse_events_aet04.qmd_result_v9_development"/>
    <testcase time="0.352999999999998" classname="tables_adverse_events_aet04" name="tables_adverse_events_aet04.qmd_result_v11_development"/>
  </testsuite>
  <testsuite name="tables-adverse-events-aet04_pi" timestamp="2024-11-01T14:10:46Z" hostname="c5dd670d1d48" tests="8" skipped="0" failures="0" errors="0" time="2.037">
    <testcase time="0.748000000000001" classname="tables_adverse_events_aet04_pi" name="tables_adverse_events_aet04_pi.qmd_result_v1_development"/>
    <testcase time="0.462" classname="tables_adverse_events_aet04_pi" name="tables_adverse_events_aet04_pi.qmd_result_v2_development"/>
    <testcase time="0.128" classname="tables_adverse_events_aet04_pi" name="tables_adverse_events_aet04_pi.qmd_result_v3_development"/>
    <testcase time="0.102" classname="tables_adverse_events_aet04_pi" name="tables_adverse_events_aet04_pi.qmd_result_v4_development"/>
    <testcase time="0.152000000000001" classname="tables_adverse_events_aet04_pi" name="tables_adverse_events_aet04_pi.qmd_result_v5_development"/>
    <testcase time="0.146000000000001" classname="tables_adverse_events_aet04_pi" name="tables_adverse_events_aet04_pi.qmd_result_v6_development"/>
    <testcase time="0.148" classname="tables_adverse_events_aet04_pi" name="tables_adverse_events_aet04_pi.qmd_result_v7_development"/>
    <testcase time="0.151" classname="tables_adverse_events_aet04_pi" name="tables_adverse_events_aet04_pi.qmd_result_v8_development"/>
  </testsuite>
  <testsuite name="tables-adverse-events-aet05" timestamp="2024-11-01T14:10:48Z" hostname="c5dd670d1d48" tests="2" skipped="0" failures="0" errors="0" time="0.191">
    <testcase time="0.103999999999999" classname="tables_adverse_events_aet05" name="tables_adverse_events_aet05.qmd_result_v1_development"/>
    <testcase time="0.0869999999999997" classname="tables_adverse_events_aet05" name="tables_adverse_events_aet05.qmd_result_v2_development"/>
  </testsuite>
  <testsuite name="tables-adverse-events-aet05_all" timestamp="2024-11-01T14:10:48Z" hostname="c5dd670d1d48" tests="2" skipped="0" failures="0" errors="0" time="0.136">
    <testcase time="0.0680000000000014" classname="tables_adverse_events_aet05_all" name="tables_adverse_events_aet05_all.qmd_result_v1_development"/>
    <testcase time="0.0679999999999978" classname="tables_adverse_events_aet05_all" name="tables_adverse_events_aet05_all.qmd_result_v2_development"/>
  </testsuite>
  <testsuite name="tables-adverse-events-aet06" timestamp="2024-11-01T14:10:48Z" hostname="c5dd670d1d48" tests="5" skipped="0" failures="0" errors="0" time="1.627">
    <testcase time="0.468" classname="tables_adverse_events_aet06" name="tables_adverse_events_aet06.qmd_result_v1_development"/>
    <testcase time="0.276" classname="tables_adverse_events_aet06" name="tables_adverse_events_aet06.qmd_result_v2_development"/>
    <testcase time="0.319000000000003" classname="tables_adverse_events_aet06" name="tables_adverse_events_aet06.qmd_result_v3_development"/>
    <testcase time="0.224" classname="tables_adverse_events_aet06" name="tables_adverse_events_aet06.qmd_result_v4_development"/>
    <testcase time="0.34" classname="tables_adverse_events_aet06" name="tables_adverse_events_aet06.qmd_result_v5_development"/>
  </testsuite>
  <testsuite name="tables-adverse-events-aet06_smq" timestamp="2024-11-01T14:10:50Z" hostname="c5dd670d1d48" tests="3" skipped="0" failures="0" errors="0" time="0.394">
    <testcase time="0.139999999999997" classname="tables_adverse_events_aet06_smq" name="tables_adverse_events_aet06_smq.qmd_result_v1_development"/>
    <testcase time="0.145000000000003" classname="tables_adverse_events_aet06_smq" name="tables_adverse_events_aet06_smq.qmd_result_v2_development"/>
    <testcase time="0.108999999999998" classname="tables_adverse_events_aet06_smq" name="tables_adverse_events_aet06_smq.qmd_result_v3_development"/>
  </testsuite>
  <testsuite name="tables-adverse-events-aet07" timestamp="2024-11-01T14:10:50Z" hostname="c5dd670d1d48" tests="2" skipped="0" failures="0" errors="0" time="0.13">
    <testcase time="0.0659999999999989" classname="tables_adverse_events_aet07" name="tables_adverse_events_aet07.qmd_result_v1_development"/>
    <testcase time="0.0640000000000001" classname="tables_adverse_events_aet07" name="tables_adverse_events_aet07.qmd_result_v2_development"/>
  </testsuite>
  <testsuite name="tables-adverse-events-aet09" timestamp="2024-11-01T14:10:50Z" hostname="c5dd670d1d48" tests="2" skipped="0" failures="0" errors="0" time="0.395">
    <testcase time="0.212" classname="tables_adverse_events_aet09" name="tables_adverse_events_aet09.qmd_result_v1_development"/>
    <testcase time="0.183" classname="tables_adverse_events_aet09" name="tables_adverse_events_aet09.qmd_result_v2_development"/>
  </testsuite>
  <testsuite name="tables-adverse-events-aet09_smq" timestamp="2024-11-01T14:10:50Z" hostname="c5dd670d1d48" tests="2" skipped="0" failures="0" errors="0" time="0.191">
    <testcase time="0.0900000000000034" classname="tables_adverse_events_aet09_smq" name="tables_adverse_events_aet09_smq.qmd_result_v1_development"/>
    <testcase time="0.100999999999999" classname="tables_adverse_events_aet09_smq" name="tables_adverse_events_aet09_smq.qmd_result_v2_development"/>
  </testsuite>
  <testsuite name="tables-adverse-events-aet10" timestamp="2024-11-01T14:10:51Z" hostname="c5dd670d1d48" tests="2" skipped="0" failures="0" errors="0" time="0.216">
    <testcase time="0.123999999999999" classname="tables_adverse_events_aet10" name="tables_adverse_events_aet10.qmd_result_v1_development"/>
    <testcase time="0.0919999999999987" classname="tables_adverse_events_aet10" name="tables_adverse_events_aet10.qmd_result_v2_development"/>
  </testsuite>
  <testsuite name="tables-concomitant-medications-cmt01" timestamp="2024-11-01T14:10:51Z" hostname="c5dd670d1d48" tests="4" skipped="0" failures="0" errors="0" time="0.485">
    <testcase time="0.152000000000001" classname="tables_concomitant_medications_cmt01" name="tables_concomitant_medications_cmt01.qmd_result_v1_development"/>
    <testcase time="0.0920000000000023" classname="tables_concomitant_medications_cmt01" name="tables_concomitant_medications_cmt01.qmd_result_v2_development"/>
    <testcase time="0.100999999999999" classname="tables_concomitant_medications_cmt01" name="tables_concomitant_medications_cmt01.qmd_result_v3_development"/>
    <testcase time="0.140000000000001" classname="tables_concomitant_medications_cmt01" name="tables_concomitant_medications_cmt01.qmd_result_v4_development"/>
  </testsuite>
  <testsuite name="tables-concomitant-medications-cmt01a" timestamp="2024-11-01T14:10:51Z" hostname="c5dd670d1d48" tests="4" skipped="0" failures="0" errors="0" time="0.776">
    <testcase time="0.238999999999997" classname="tables_concomitant_medications_cmt01a" name="tables_concomitant_medications_cmt01a.qmd_result_v1_development"/>
    <testcase time="0.187000000000001" classname="tables_concomitant_medications_cmt01a" name="tables_concomitant_medications_cmt01a.qmd_result_v2_development"/>
    <testcase time="0.193000000000001" classname="tables_concomitant_medications_cmt01a" name="tables_concomitant_medications_cmt01a.qmd_result_v3_development"/>
    <testcase time="0.157" classname="tables_concomitant_medications_cmt01a" name="tables_concomitant_medications_cmt01a.qmd_result_v4_development"/>
  </testsuite>
  <testsuite name="tables-concomitant-medications-cmt01b" timestamp="2024-11-01T14:10:52Z" hostname="c5dd670d1d48" tests="3" skipped="0" failures="0" errors="0" time="0.887">
    <testcase time="0.363" classname="tables_concomitant_medications_cmt01b" name="tables_concomitant_medications_cmt01b.qmd_result_v1_development"/>
    <testcase time="0.221" classname="tables_concomitant_medications_cmt01b" name="tables_concomitant_medications_cmt01b.qmd_result_v2_development"/>
    <testcase time="0.303000000000001" classname="tables_concomitant_medications_cmt01b" name="tables_concomitant_medications_cmt01b.qmd_result_v4_development"/>
  </testsuite>
  <testsuite name="tables-concomitant-medications-cmt02_pt" timestamp="2024-11-01T14:10:53Z" hostname="c5dd670d1d48" tests="1" skipped="0" failures="0" errors="0" time="0.104">
    <testcase time="0.103999999999999" classname="tables_concomitant_medications_cmt02_pt" name="tables_concomitant_medications_cmt02_pt.qmd_result_v1_development"/>
  </testsuite>
  <testsuite name="tables-deaths-dtht01" timestamp="2024-11-01T14:10:53Z" hostname="c5dd670d1d48" tests="4" skipped="0" failures="0" errors="0" time="0.577">
    <testcase time="0.210999999999999" classname="tables_deaths_dtht01" name="tables_deaths_dtht01.qmd_result_v1_development"/>
    <testcase time="0.16" classname="tables_deaths_dtht01" name="tables_deaths_dtht01.qmd_result_v2_development"/>
    <testcase time="0.097999999999999" classname="tables_deaths_dtht01" name="tables_deaths_dtht01.qmd_result_v3_development"/>
    <testcase time="0.108000000000001" classname="tables_deaths_dtht01" name="tables_deaths_dtht01.qmd_result_v4_development"/>
  </testsuite>
  <testsuite name="tables-demography-dmt01" timestamp="2024-11-01T14:10:54Z" hostname="c5dd670d1d48" tests="5" skipped="0" failures="0" errors="0" time="0.886">
    <testcase time="0.240000000000002" classname="tables_demography_dmt01" name="tables_demography_dmt01.qmd_result_v1_development"/>
    <testcase time="0.183" classname="tables_demography_dmt01" name="tables_demography_dmt01.qmd_result_v2_development"/>
    <testcase time="0.173999999999999" classname="tables_demography_dmt01" name="tables_demography_dmt01.qmd_result_v3_development"/>
    <testcase time="0.152999999999999" classname="tables_demography_dmt01" name="tables_demography_dmt01.qmd_result_v4_development"/>
    <testcase time="0.136000000000003" classname="tables_demography_dmt01" name="tables_demography_dmt01.qmd_result_v5_development"/>
  </testsuite>
  <testsuite name="tables-disclosures-disclosurest01" timestamp="2024-11-01T14:10:55Z" hostname="c5dd670d1d48" tests="6" skipped="0" failures="0" errors="0" time="0.77">
    <testcase time="0.174999999999997" classname="tables_disclosures_disclosurest01" name="tables_disclosures_disclosurest01.qmd_result_v1_development"/>
    <testcase time="0.183" classname="tables_disclosures_disclosurest01" name="tables_disclosures_disclosurest01.qmd_result_v2_development"/>
    <testcase time="0.103000000000002" classname="tables_disclosures_disclosurest01" name="tables_disclosures_disclosurest01.qmd_result_v3_development"/>
    <testcase time="0.137" classname="tables_disclosures_disclosurest01" name="tables_disclosures_disclosurest01.qmd_result_v4_development"/>
    <testcase time="0.103999999999999" classname="tables_disclosures_disclosurest01" name="tables_disclosures_disclosurest01.qmd_result_v5_development"/>
    <testcase time="0.0680000000000014" classname="tables_disclosures_disclosurest01" name="tables_disclosures_disclosurest01.qmd_result_v6_development"/>
  </testsuite>
  <testsuite name="tables-disclosures-eudrat01" timestamp="2024-11-01T14:10:55Z" hostname="c5dd670d1d48" tests="1" skipped="0" failures="0" errors="0" time="0.232">
    <testcase time="0.231999999999999" classname="tables_disclosures_eudrat01" name="tables_disclosures_eudrat01.qmd_result_v1_development"/>
  </testsuite>
  <testsuite name="tables-disclosures-eudrat02" timestamp="2024-11-01T14:10:56Z" hostname="c5dd670d1d48" tests="1" skipped="0" failures="0" errors="0" time="0.121">
    <testcase time="0.120999999999999" classname="tables_disclosures_eudrat02" name="tables_disclosures_eudrat02.qmd_result_v1_development"/>
  </testsuite>
  <testsuite name="tables-disposition-dst01" timestamp="2024-11-01T14:10:56Z" hostname="c5dd670d1d48" tests="3" skipped="0" failures="0" errors="0" time="0.437">
    <testcase time="0.184000000000001" classname="tables_disposition_dst01" name="tables_disposition_dst01.qmd_result_v1_development"/>
    <testcase time="0.119999999999997" classname="tables_disposition_dst01" name="tables_disposition_dst01.qmd_result_v2_development"/>
    <testcase time="0.133000000000003" classname="tables_disposition_dst01" name="tables_disposition_dst01.qmd_result_v3_development"/>
  </testsuite>
  <testsuite name="tables-disposition-pdt01" timestamp="2024-11-01T14:10:56Z" hostname="c5dd670d1d48" tests="1" skipped="0" failures="0" errors="0" time="0.165">
    <testcase time="0.164999999999999" classname="tables_disposition_pdt01" name="tables_disposition_pdt01.qmd_result_v1_development"/>
  </testsuite>
  <testsuite name="tables-disposition-pdt02" timestamp="2024-11-01T14:10:56Z" hostname="c5dd670d1d48" tests="1" skipped="0" failures="0" errors="0" time="0.101">
    <testcase time="0.100999999999999" classname="tables_disposition_pdt02" name="tables_disposition_pdt02.qmd_result_v1_development"/>
  </testsuite>
  <testsuite name="tables-efficacy-aovt01" timestamp="2024-11-01T14:10:57Z" hostname="c5dd670d1d48" tests="1" skipped="0" failures="0" errors="0" time="0.909">
    <testcase time="0.908999999999999" classname="tables_efficacy_aovt01" name="tables_efficacy_aovt01.qmd_result_v1_development"/>
  </testsuite>
  <testsuite name="tables-efficacy-aovt02" timestamp="2024-11-01T14:10:57Z" hostname="c5dd670d1d48" tests="1" skipped="0" failures="0" errors="0" time="0.17">
    <testcase time="0.170000000000002" classname="tables_efficacy_aovt02" name="tables_efficacy_aovt02.qmd_result_v1_development"/>
  </testsuite>
  <testsuite name="tables-efficacy-aovt03" timestamp="2024-11-01T14:10:58Z" hostname="c5dd670d1d48" tests="1" skipped="0" failures="0" errors="0" time="1.192">
    <testcase time="1.192" classname="tables_efficacy_aovt03" name="tables_efficacy_aovt03.qmd_result_v1_development"/>
  </testsuite>
  <testsuite name="tables-efficacy-cfbt01" timestamp="2024-11-01T14:10:59Z" hostname="c5dd670d1d48" tests="1" skipped="0" failures="0" errors="0" time="0.227">
    <testcase time="0.226999999999997" classname="tables_efficacy_cfbt01" name="tables_efficacy_cfbt01.qmd_result_v1_development"/>
  </testsuite>
  <testsuite name="tables-efficacy-cmht01" timestamp="2024-11-01T14:11:01Z" hostname="c5dd670d1d48" tests="2" skipped="0" failures="0" errors="0" time="2.276">
    <testcase time="1.993" classname="tables_efficacy_cmht01" name="tables_efficacy_cmht01.qmd_result_v1_development"/>
    <testcase time="0.283000000000001" classname="tables_efficacy_cmht01" name="tables_efficacy_cmht01.qmd_result_v2_development"/>
  </testsuite>
  <testsuite name="tables-efficacy-coxt01" timestamp="2024-11-01T14:11:01Z" hostname="c5dd670d1d48" tests="4" skipped="0" failures="0" errors="0" time="0.464">
    <testcase time="0.170000000000002" classname="tables_efficacy_coxt01" name="tables_efficacy_coxt01.qmd_result_v1_development"/>
    <testcase time="0.0940000000000012" classname="tables_efficacy_coxt01" name="tables_efficacy_coxt01.qmd_result_v2_development"/>
    <testcase time="0.097999999999999" classname="tables_efficacy_coxt01" name="tables_efficacy_coxt01.qmd_result_v3_development"/>
    <testcase time="0.101999999999997" classname="tables_efficacy_coxt01" name="tables_efficacy_coxt01.qmd_result_v4_development"/>
  </testsuite>
  <testsuite name="tables-efficacy-coxt02" timestamp="2024-11-01T14:11:02Z" hostname="c5dd670d1d48" tests="2" skipped="0" failures="0" errors="0" time="0.22">
    <testcase time="0.105000000000004" classname="tables_efficacy_coxt02" name="tables_efficacy_coxt02.qmd_result_v1_development"/>
    <testcase time="0.114999999999995" classname="tables_efficacy_coxt02" name="tables_efficacy_coxt02.qmd_result_v2_development"/>
  </testsuite>
  <testsuite name="tables-efficacy-dort01" timestamp="2024-11-01T14:11:03Z" hostname="c5dd670d1d48" tests="4" skipped="0" failures="0" errors="0" time="1.167">
    <testcase time="0.859999999999999" classname="tables_efficacy_dort01" name="tables_efficacy_dort01.qmd_result_v1_development"/>
    <testcase time="0.102000000000004" classname="tables_efficacy_dort01" name="tables_efficacy_dort01.qmd_result_v2_development"/>
    <testcase time="0.101999999999997" classname="tables_efficacy_dort01" name="tables_efficacy_dort01.qmd_result_v3_development"/>
    <testcase time="0.103000000000002" classname="tables_efficacy_dort01" name="tables_efficacy_dort01.qmd_result_v4_development"/>
  </testsuite>
  <testsuite name="tables-efficacy-lgrt02" timestamp="2024-11-01T14:11:03Z" hostname="c5dd670d1d48" tests="4" skipped="0" failures="0" errors="0" time="0.693">
    <testcase time="0.216000000000001" classname="tables_efficacy_lgrt02" name="tables_efficacy_lgrt02.qmd_result_v1_development"/>
    <testcase time="0.170000000000002" classname="tables_efficacy_lgrt02" name="tables_efficacy_lgrt02.qmd_result_v2_development"/>
    <testcase time="0.140000000000001" classname="tables_efficacy_lgrt02" name="tables_efficacy_lgrt02.qmd_result_v3_development"/>
    <testcase time="0.166999999999994" classname="tables_efficacy_lgrt02" name="tables_efficacy_lgrt02.qmd_result_v4_development"/>
  </testsuite>
  <testsuite name="tables-efficacy-mmrmt01" timestamp="2024-11-01T14:11:04Z" hostname="c5dd670d1d48" tests="4" skipped="0" failures="0" errors="0" time="0.639">
    <testcase time="0.211000000000006" classname="tables_efficacy_mmrmt01" name="tables_efficacy_mmrmt01.qmd_result_v1_development"/>
    <testcase time="0.0989999999999966" classname="tables_efficacy_mmrmt01" name="tables_efficacy_mmrmt01.qmd_result_v2_development"/>
    <testcase time="0.238999999999997" classname="tables_efficacy_mmrmt01" name="tables_efficacy_mmrmt01.qmd_result_v3_development"/>
    <testcase time="0.0900000000000034" classname="tables_efficacy_mmrmt01" name="tables_efficacy_mmrmt01.qmd_result_baseline_development"/>
  </testsuite>
  <testsuite name="tables-efficacy-onct05" timestamp="2024-11-01T14:11:04Z" hostname="c5dd670d1d48" tests="4" skipped="0" failures="0" errors="0" time="0.65">
    <testcase time="0.256" classname="tables_efficacy_onct05" name="tables_efficacy_onct05.qmd_result_v1_development"/>
    <testcase time="0.130000000000003" classname="tables_efficacy_onct05" name="tables_efficacy_onct05.qmd_result_v2_development"/>
    <testcase time="0.138999999999996" classname="tables_efficacy_onct05" name="tables_efficacy_onct05.qmd_result_v3_development"/>
    <testcase time="0.125" classname="tables_efficacy_onct05" name="tables_efficacy_onct05.qmd_result_v4_development"/>
  </testsuite>
  <testsuite name="tables-efficacy-ratet01" timestamp="2024-11-01T14:11:05Z" hostname="c5dd670d1d48" tests="1" skipped="0" failures="0" errors="0" time="0.275">
    <testcase time="0.274999999999999" classname="tables_efficacy_ratet01" name="tables_efficacy_ratet01.qmd_result_v1_development"/>
  </testsuite>
  <testsuite name="tables-efficacy-rspt01" timestamp="2024-11-01T14:11:06Z" hostname="c5dd670d1d48" tests="6" skipped="0" failures="0" errors="0" time="1.039">
    <testcase time="0.471000000000004" classname="tables_efficacy_rspt01" name="tables_efficacy_rspt01.qmd_result_v1_development"/>
    <testcase time="0.107999999999997" classname="tables_efficacy_rspt01" name="tables_efficacy_rspt01.qmd_result_v2_development"/>
    <testcase time="0.121000000000002" classname="tables_efficacy_rspt01" name="tables_efficacy_rspt01.qmd_result_v3_development"/>
    <testcase time="0.124000000000002" classname="tables_efficacy_rspt01" name="tables_efficacy_rspt01.qmd_result_v4_development"/>
    <testcase time="0.110999999999997" classname="tables_efficacy_rspt01" name="tables_efficacy_rspt01.qmd_result_v5_development"/>
    <testcase time="0.103999999999999" classname="tables_efficacy_rspt01" name="tables_efficacy_rspt01.qmd_result_v6_development"/>
  </testsuite>
  <testsuite name="tables-efficacy-ttet01" timestamp="2024-11-01T14:11:07Z" hostname="c5dd670d1d48" tests="6" skipped="0" failures="0" errors="0" time="2.147">
    <testcase time="1.255" classname="tables_efficacy_ttet01" name="tables_efficacy_ttet01.qmd_result_v1_development"/>
    <testcase time="0.155000000000001" classname="tables_efficacy_ttet01" name="tables_efficacy_ttet01.qmd_result_v2_development"/>
    <testcase time="0.281999999999996" classname="tables_efficacy_ttet01" name="tables_efficacy_ttet01.qmd_result_v3_development"/>
    <testcase time="0.161000000000001" classname="tables_efficacy_ttet01" name="tables_efficacy_ttet01.qmd_result_v4_development"/>
    <testcase time="0.140000000000001" classname="tables_efficacy_ttet01" name="tables_efficacy_ttet01.qmd_result_v5_development"/>
    <testcase time="0.153999999999996" classname="tables_efficacy_ttet01" name="tables_efficacy_ttet01.qmd_result_v6_development"/>
  </testsuite>
  <testsuite name="tables-exposure-ext01" timestamp="2024-11-01T14:11:08Z" hostname="c5dd670d1d48" tests="3" skipped="0" failures="0" errors="0" time="0.647">
    <testcase time="0.221000000000004" classname="tables_exposure_ext01" name="tables_exposure_ext01.qmd_result_v1_development"/>
    <testcase time="0.186999999999998" classname="tables_exposure_ext01" name="tables_exposure_ext01.qmd_result_v2_development"/>
    <testcase time="0.239000000000004" classname="tables_exposure_ext01" name="tables_exposure_ext01.qmd_result_v3_development"/>
  </testsuite>
  <testsuite name="tables-lab-results-lbt01" timestamp="2024-11-01T14:11:09Z" hostname="c5dd670d1d48" tests="1" skipped="0" failures="0" errors="0" time="0.246">
    <testcase time="0.245999999999995" classname="tables_lab_results_lbt01" name="tables_lab_results_lbt01.qmd_result_v1_development"/>
  </testsuite>
  <testsuite name="tables-lab-results-lbt02" timestamp="2024-11-01T14:11:09Z" hostname="c5dd670d1d48" tests="1" skipped="0" failures="0" errors="0" time="0.174">
    <testcase time="0.173999999999999" classname="tables_lab_results_lbt02" name="tables_lab_results_lbt02.qmd_result_v1_development"/>
  </testsuite>
  <testsuite name="tables-lab-results-lbt03" timestamp="2024-11-01T14:11:10Z" hostname="c5dd670d1d48" tests="2" skipped="0" failures="0" errors="0" time="0.312">
    <testcase time="0.158000000000001" classname="tables_lab_results_lbt03" name="tables_lab_results_lbt03.qmd_result_v1_development"/>
    <testcase time="0.154000000000003" classname="tables_lab_results_lbt03" name="tables_lab_results_lbt03.qmd_result_v2_development"/>
  </testsuite>
  <testsuite name="tables-lab-results-lbt04" timestamp="2024-11-01T14:11:10Z" hostname="c5dd670d1d48" tests="1" skipped="0" failures="0" errors="0" time="0.089">
    <testcase time="0.0889999999999986" classname="tables_lab_results_lbt04" name="tables_lab_results_lbt04.qmd_result_v1_development"/>
  </testsuite>
  <testsuite name="tables-lab-results-lbt05" timestamp="2024-11-01T14:11:10Z" hostname="c5dd670d1d48" tests="3" skipped="0" failures="0" errors="0" time="0.439">
    <testcase time="0.156999999999996" classname="tables_lab_results_lbt05" name="tables_lab_results_lbt05.qmd_result_v1_development"/>
    <testcase time="0.155000000000001" classname="tables_lab_results_lbt05" name="tables_lab_results_lbt05.qmd_result_v2_development"/>
    <testcase time="0.127000000000002" classname="tables_lab_results_lbt05" name="tables_lab_results_lbt05.qmd_result_v4_development"/>
  </testsuite>
  <testsuite name="tables-lab-results-lbt06" timestamp="2024-11-01T14:11:10Z" hostname="c5dd670d1d48" tests="2" skipped="0" failures="0" errors="0" time="0.716">
    <testcase time="0.244999999999997" classname="tables_lab_results_lbt06" name="tables_lab_results_lbt06.qmd_result_v1_development"/>
    <testcase time="0.471000000000004" classname="tables_lab_results_lbt06" name="tables_lab_results_lbt06.qmd_result_v2_development"/>
  </testsuite>
  <testsuite name="tables-lab-results-lbt07" timestamp="2024-11-01T14:11:11Z" hostname="c5dd670d1d48" tests="1" skipped="0" failures="0" errors="0" time="0.161">
    <testcase time="0.161000000000001" classname="tables_lab_results_lbt07" name="tables_lab_results_lbt07.qmd_result_v1_development"/>
  </testsuite>
  <testsuite name="tables-lab-results-lbt08" timestamp="2024-11-01T14:11:11Z" hostname="c5dd670d1d48" tests="1" skipped="0" failures="0" errors="0" time="0.173">
    <testcase time="0.172999999999995" classname="tables_lab_results_lbt08" name="tables_lab_results_lbt08.qmd_result_v1_development"/>
  </testsuite>
  <testsuite name="tables-lab-results-lbt09" timestamp="2024-11-01T14:11:12Z" hostname="c5dd670d1d48" tests="2" skipped="0" failures="0" errors="0" time="0.557">
    <testcase time="0.335000000000001" classname="tables_lab_results_lbt09" name="tables_lab_results_lbt09.qmd_result_v1_development"/>
    <testcase time="0.222000000000001" classname="tables_lab_results_lbt09" name="tables_lab_results_lbt09.qmd_result_v2_development"/>
  </testsuite>
  <testsuite name="tables-lab-results-lbt10" timestamp="2024-11-01T14:11:12Z" hostname="c5dd670d1d48" tests="2" skipped="0" failures="0" errors="0" time="0.158">
    <testcase time="0.0929999999999964" classname="tables_lab_results_lbt10" name="tables_lab_results_lbt10.qmd_result_v1_development"/>
    <testcase time="0.0650000000000048" classname="tables_lab_results_lbt10" name="tables_lab_results_lbt10.qmd_result_v2_development"/>
  </testsuite>
  <testsuite name="tables-lab-results-lbt10_bl" timestamp="2024-11-01T14:11:12Z" hostname="c5dd670d1d48" tests="2" skipped="0" failures="0" errors="0" time="0.164">
    <testcase time="0.0970000000000013" classname="tables_lab_results_lbt10_bl" name="tables_lab_results_lbt10_bl.qmd_result_v1_development"/>
    <testcase time="0.0670000000000002" classname="tables_lab_results_lbt10_bl" name="tables_lab_results_lbt10_bl.qmd_result_v2_development"/>
  </testsuite>
  <testsuite name="tables-lab-results-lbt11" timestamp="2024-11-01T14:11:13Z" hostname="c5dd670d1d48" tests="3" skipped="0" failures="0" errors="0" time="0.59">
    <testcase time="0.360999999999997" classname="tables_lab_results_lbt11" name="tables_lab_results_lbt11.qmd_result_v1_development"/>
    <testcase time="0.100000000000001" classname="tables_lab_results_lbt11" name="tables_lab_results_lbt11.qmd_result_v2_development"/>
    <testcase time="0.128999999999998" classname="tables_lab_results_lbt11" name="tables_lab_results_lbt11.qmd_result_v3_development"/>
  </testsuite>
  <testsuite name="tables-lab-results-lbt11_bl" timestamp="2024-11-01T14:11:13Z" hostname="c5dd670d1d48" tests="3" skipped="0" failures="0" errors="0" time="0.56">
    <testcase time="0.334000000000003" classname="tables_lab_results_lbt11_bl" name="tables_lab_results_lbt11_bl.qmd_result_v1_development"/>
    <testcase time="0.0839999999999961" classname="tables_lab_results_lbt11_bl" name="tables_lab_results_lbt11_bl.qmd_result_v2_development"/>
    <testcase time="0.142000000000003" classname="tables_lab_results_lbt11_bl" name="tables_lab_results_lbt11_bl.qmd_result_v3_development"/>
  </testsuite>
  <testsuite name="tables-lab-results-lbt12" timestamp="2024-11-01T14:11:13Z" hostname="c5dd670d1d48" tests="1" skipped="0" failures="0" errors="0" time="0.11">
    <testcase time="0.109999999999999" classname="tables_lab_results_lbt12" name="tables_lab_results_lbt12.qmd_result_v1_development"/>
  </testsuite>
  <testsuite name="tables-lab-results-lbt12_bl" timestamp="2024-11-01T14:11:14Z" hostname="c5dd670d1d48" tests="1" skipped="0" failures="0" errors="0" time="0.111">
    <testcase time="0.110999999999997" classname="tables_lab_results_lbt12_bl" name="tables_lab_results_lbt12_bl.qmd_result_v1_development"/>
  </testsuite>
  <testsuite name="tables-lab-results-lbt13" timestamp="2024-11-01T14:11:14Z" hostname="c5dd670d1d48" tests="5" skipped="0" failures="0" errors="0" time="3.355">
    <testcase time="0.761000000000003" classname="tables_lab_results_lbt13" name="tables_lab_results_lbt13.qmd_result_v1_development"/>
    <testcase time="0.478000000000002" classname="tables_lab_results_lbt13" name="tables_lab_results_lbt13.qmd_result_v2_development"/>
    <testcase time="0.460000000000001" classname="tables_lab_results_lbt13" name="tables_lab_results_lbt13.qmd_result_v3_development"/>
    <testcase time="0.482999999999997" classname="tables_lab_results_lbt13" name="tables_lab_results_lbt13.qmd_result_v4_development"/>
    <testcase time="1.173" classname="tables_lab_results_lbt13" name="tables_lab_results_lbt13.qmd_result_v5_development"/>
  </testsuite>
  <testsuite name="tables-lab-results-lbt14" timestamp="2024-11-01T14:11:17Z" hostname="c5dd670d1d48" tests="5" skipped="0" failures="5" errors="0" time="1.945">
    <testcase time="0.464999999999996" classname="tables_lab_results_lbt14" name="tables_lab_results_lbt14.qmd_result_v1_development">
      <failure type="failure" message="Snapshot of code has changed (variant 'development'): ('test-tables-lab-results-lbt14.R:1:1')">Snapshot of code has changed (variant 'development'):
old[10:65] vs new[10:65]
                  Not High                        134 (100%)   134 (100%)     132 (100%)  
    C-Reactive Protein Measurement                                                        
          Not High                                   114          112            115      
-                 Not High                        45 (39.5%)   55 (49.1%)     57 (49.6%)  
+                 Not High                        45 (33.6%)   55 (41.0%)     57 (43.2%)  
-                 1                               18 (15.8%)   18 (16.1%)     19 (16.5%)  
+                 1                               18 (13.4%)   18 (13.4%)     19 (14.4%)  
-                 2                               19 (16.7%)   10 (8.9%)      11 (9.6%)   
+                 2                               19 (14.2%)   10 (7.5%)      11 (8.3%)   
-                 3                               22 (19.3%)   13 (11.6%)     20 (17.4%)  
+                 3                               22 (16.4%)   13 (9.7%)      20 (15.2%)  
-                 4                               10 (8.8%)    16 (14.3%)      8 (7.0%)   
+                 4                               10 (7.5%)    16 (11.9%)      8 (6.1%)   
          1                                           8            10             7       
-                 Not High                        5 (62.5%)    2 (20.0%)      2 (28.6%)   
+                 Not High                         5 (3.7%)     2 (1.5%)       2 (1.5%)   
-                 1                                   0        1 (10.0%)          0       
+                 1                                   0         1 (0.7%)          0       
-                 2                               1 (12.5%)    3 (30.0%)      3 (42.9%)   
+                 2                                1 (0.7%)     3 (2.2%)       3 (2.3%)   
-                 3                               1 (12.5%)    1 (10.0%)          0       
+                 3                                1 (0.7%)     1 (0.7%)          0       
-                 4                               1 (12.5%)    3 (30.0%)      2 (28.6%)   
+                 4                                1 (0.7%)     3 (2.2%)       2 (1.5%)   
          2                                           2            6              7       
-                 Not High                        1 (50.0%)    4 (66.7%)      4 (57.1%)   
+                 Not High                         1 (0.7%)     4 (3.0%)       4 (3.0%)   
-                 1                                   0        1 (16.7%)      2 (28.6%)   
+                 1                                   0         1 (0.7%)       2 (1.5%)   
-                 2                               1 (50.0%)    1 (16.7%)          0       
+                 2                                1 (0.7%)     1 (0.7%)          0       
-                 4                                   0            0          1 (14.3%)   
+                 4                                   0            0           1 (0.8%)   
          3                                           7            4              3       
-                 Not High                        3 (42.9%)        0          2 (66.7%)   
+                 Not High                         3 (2.2%)        0           2 (1.5%)   
-                 1                               2 (28.6%)    1 (25.0%)      1 (33.3%)   
+                 1                                2 (1.5%)     1 (0.7%)       1 (0.8%)   
-                 2                                   0        1 (25.0%)          0       
+                 2                                   0         1 (0.7%)          0       
-                 3                               1 (14.3%)    1 (25.0%)          0       
+                 3                                1 (0.7%)     1 (0.7%)          0       
-                 4                               1 (14.3%)    1 (25.0%)          0       
+                 4                                1 (0.7%)     1 (0.7%)          0       
          4                                           3            2              0       
-                 Not High                        1 (33.3%)        0              0       
+                 Not High                         1 (0.7%)        0              0       
-                 1                                   0        1 (50.0%)          0       
+                 1                                   0         1 (0.7%)          0       
-                 3                               1 (33.3%)    1 (50.0%)          0       
+                 3                                1 (0.7%)     1 (0.7%)          0       
-                 4                               1 (33.3%)        0              0       
+                 4                                1 (0.7%)        0              0       
    Immunoglobulin A Measurement                                                          
          Not High                                   119          116            113      
-                 Not High                        55 (46.2%)   54 (46.6%)     51 (45.1%)  
+                 Not High                        55 (41.0%)   54 (40.3%)     51 (38.6%)  
-                 1                               18 (15.1%)   11 (9.5%)      15 (13.3%)  
+                 1                               18 (13.4%)   11 (8.2%)      15 (11.4%)  
-                 2                               14 (11.8%)   22 (19.0%)     19 (16.8%)  
+                 2                               14 (10.4%)   22 (16.4%)     19 (14.4%)  
-                 3                               20 (16.8%)   19 (16.4%)     20 (17.7%)  
+                 3                               20 (14.9%)   19 (14.2%)     20 (15.2%)  
-                 4                               12 (10.1%)   10 (8.6%)       8 (7.1%)   
+                 4                               12 (9.0%)    10 (7.5%)       8 (6.1%)   
          1                                           5            4              2       
-                 Not High                        4 (80.0%)    1 (25.0%)       2 (100%)   
+                 Not High                         4 (3.0%)     1 (0.7%)       2 (1.5%)   
-                 2                               1 (20.0%)    1 (25.0%)          0       
+                 2                                1 (0.7%)     1 (0.7%)          0       
-                 3                                   0        2 (50.0%)          0       
+                 3                                   0         2 (1.5%)          0       
          2                                           4            4              5       
-                 Not High                        2 (50.0%)    3 (75.0%)      3 (60.0%)   
+                 Not High                         2 (1.5%)     3 (2.2%)       3 (2.3%)   
-                 1                               1 (25.0%)        0          2 (40.0%)   
+                 1                                1 (0.7%)        0           2 (1.5%)   
-                 3                               1 (25.0%)        0              0       
+                 3                                1 (0.7%)        0              0       
-                 4                                   0        1 (25.0%)          0       
+                 4                                   0         1 (0.7%)          0       
          3                                           4            5              11      
-                 Not High                        3 (75.0%)    1 (20.0%)      6 (54.5%)   
+                 Not High                         3 (2.2%)     1 (0.7%)       6 (4.5%)   
-                 1                                   0        1 (20.0%)       1 (9.1%)   
+                 1                                   0         1 (0.7%)       1 (0.8%)   
-                 2                               1 (25.0%)        0              0       
+                 2                                1 (0.7%)        0              0       
-                 3                                   0        2 (40.0%)      3 (27.3%)   
+                 3                                   0         2 (1.5%)       3 (2.3%)   
-                 4                                   0        1 (20.0%)       1 (9.1%)   
+                 4                                   0         1 (0.7%)       1 (0.8%)   
          4                                           2            5              1       
-                 Not High                            0        3 (60.0%)       1 (100%)   
+                 Not High                            0         3 (2.2%)       1 (0.8%)   
-                 2                               1 (50.0%)    1 (20.0%)          0       
+                 2                                1 (0.7%)     1 (0.7%)          0       
-                 4                               1 (50.0%)    1 (20.0%)          0       
+                 4                                1 (0.7%)     1 (0.7%)          0       

* Run `testthat::snapshot_accept('development/tables-lab-results-lbt14')` to accept the change.
* Run `testthat::snapshot_review('development/tables-lab-results-lbt14')` to interactively review the change.</failure>
    </testcase>
    <testcase time="0.295999999999999" classname="tables_lab_results_lbt14" name="tables_lab_results_lbt14.qmd_result_v2_development">
      <failure type="failure" message="Snapshot of code has changed (variant 'development'): ('test-tables-lab-results-lbt14.R:1:1')">Snapshot of code has changed (variant 'development'):
old[7:65] vs new[7:65]
    ——————————————————————————————————————————————————————————————————————————————————————
    Alanine Aminotransferase Measurement                                                  
          Not Low                                    113          117            123      
-                 Not Low                         56 (49.6%)   55 (47.0%)     62 (50.4%)  
+                 Not Low                         56 (41.8%)   55 (41.0%)     62 (47.0%)  
-                 1                               11 (9.7%)     9 (7.7%)      15 (12.2%)  
+                 1                               11 (8.2%)     9 (6.7%)      15 (11.4%)  
-                 2                               15 (13.3%)   23 (19.7%)     16 (13.0%)  
+                 2                               15 (11.2%)   23 (17.2%)     16 (12.1%)  
-                 3                               15 (13.3%)   21 (17.9%)     13 (10.6%)  
+                 3                               15 (11.2%)   21 (15.7%)     13 (9.8%)   
-                 4                               16 (14.2%)    9 (7.7%)      17 (13.8%)  
+                 4                               16 (11.9%)    9 (6.7%)      17 (12.9%)  
          1                                           6            6              4       
-                 Not Low                         3 (50.0%)    5 (83.3%)      3 (75.0%)   
+                 Not Low                          3 (2.2%)     5 (3.7%)       3 (2.3%)   
-                 1                               3 (50.0%)        0              0       
+                 1                                3 (2.2%)        0              0       
-                 4                                   0        1 (16.7%)      1 (25.0%)   
+                 4                                   0         1 (0.7%)       1 (0.8%)   
          2                                           8            5              1       
-                 Not Low                         5 (62.5%)    3 (60.0%)          0       
+                 Not Low                          5 (3.7%)     3 (2.2%)          0       
-                 1                                   0        1 (20.0%)          0       
+                 1                                   0         1 (0.7%)          0       
-                 2                               2 (25.0%)        0              0       
+                 2                                2 (1.5%)        0              0       
-                 3                                   0        1 (20.0%)       1 (100%)   
+                 3                                   0         1 (0.7%)       1 (0.8%)   
-                 4                               1 (12.5%)        0              0       
+                 4                                1 (0.7%)        0              0       
          3                                           3            3              2       
-                 Not Low                             0        1 (33.3%)          0       
+                 Not Low                             0         1 (0.7%)          0       
-                 1                               1 (33.3%)        0              0       
+                 1                                1 (0.7%)        0              0       
-                 2                               1 (33.3%)        0          1 (50.0%)   
+                 2                                1 (0.7%)        0           1 (0.8%)   
-                 3                               1 (33.3%)    2 (66.7%)      1 (50.0%)   
+                 3                                1 (0.7%)     2 (1.5%)       1 (0.8%)   
          4                                           4            3              2       
-                 Not Low                          4 (100%)    1 (33.3%)      1 (50.0%)   
+                 Not Low                          4 (3.0%)     1 (0.7%)       1 (0.8%)   
-                 1                                   0        1 (33.3%)          0       
+                 1                                   0         1 (0.7%)          0       
-                 2                                   0        1 (33.3%)          0       
+                 2                                   0         1 (0.7%)          0       
-                 3                                   0            0          1 (50.0%)   
+                 3                                   0            0           1 (0.8%)   
    C-Reactive Protein Measurement                                                        
          Not Low                                    119          113            112      
-                 Not Low                         41 (34.5%)   42 (37.2%)     50 (44.6%)  
+                 Not Low                         41 (30.6%)   42 (31.3%)     50 (37.9%)  
-                 1                               20 (16.8%)   18 (15.9%)     11 (9.8%)   
+                 1                               20 (14.9%)   18 (13.4%)     11 (8.3%)   
-                 2                               24 (20.2%)   20 (17.7%)     14 (12.5%)  
+                 2                               24 (17.9%)   20 (14.9%)     14 (10.6%)  
-                 3                               25 (21.0%)   18 (15.9%)     21 (18.8%)  
+                 3                               25 (18.7%)   18 (13.4%)     21 (15.9%)  
-                 4                                9 (7.6%)    15 (13.3%)     16 (14.3%)  
+                 4                                9 (6.7%)    15 (11.2%)     16 (12.1%)  
          1                                           3            5              9       
-                 Not Low                         2 (66.7%)    2 (40.0%)      2 (22.2%)   
+                 Not Low                          2 (1.5%)     2 (1.5%)       2 (1.5%)   
-                 2                                   0        1 (20.0%)      3 (33.3%)   
+                 2                                   0         1 (0.7%)       3 (2.3%)   
-                 3                               1 (33.3%)    1 (20.0%)          0       
+                 3                                1 (0.7%)     1 (0.7%)          0       
-                 4                                   0        1 (20.0%)      4 (44.4%)   
+                 4                                   0         1 (0.7%)       4 (3.0%)   
          2                                           5            9              2       
-                 Not Low                         3 (60.0%)    4 (44.4%)      1 (50.0%)   
+                 Not Low                          3 (2.2%)     4 (3.0%)       1 (0.8%)   
-                 1                               1 (20.0%)    4 (44.4%)          0       
+                 1                                1 (0.7%)     4 (3.0%)          0       
-                 3                                   0        1 (11.1%)      1 (50.0%)   
+                 3                                   0         1 (0.7%)       1 (0.8%)   
-                 4                               1 (20.0%)        0              0       
+                 4                                1 (0.7%)        0              0       
          3                                           4            5              7       
-                 Not Low                         1 (25.0%)    4 (80.0%)      2 (28.6%)   
+                 Not Low                          1 (0.7%)     4 (3.0%)       2 (1.5%)   
-                 1                                   0            0          1 (14.3%)   
+                 1                                   0            0           1 (0.8%)   
-                 2                                   0            0          1 (14.3%)   
+                 2                                   0            0           1 (0.8%)   
-                 3                               3 (75.0%)    1 (20.0%)      2 (28.6%)   
+                 3                                3 (2.2%)     1 (0.7%)       2 (1.5%)   
-                 4                                   0            0          1 (14.3%)   
+                 4                                   0            0           1 (0.8%)   
          4                                           3            2              2       
-                 Not Low                          3 (100%)    1 (50.0%)          0       
+                 Not Low                          3 (2.2%)     1 (0.7%)          0       
-                 2                                   0        1 (50.0%)          0       
+                 2                                   0         1 (0.7%)          0       
-                 3                                   0            0          1 (50.0%)   
+                 3                                   0            0           1 (0.8%)   
-                 4                                   0            0          1 (50.0%)   
+                 4                                   0            0           1 (0.8%)   
    Immunoglobulin A Measurement                                                          
          Not Low                                    134          134            132      
                  Not Low                         134 (100%)   134 (100%)     132 (100%)  

* Run `testthat::snapshot_accept('development/tables-lab-results-lbt14')` to accept the change.
* Run `testthat::snapshot_review('development/tables-lab-results-lbt14')` to interactively review the change.</failure>
    </testcase>
    <testcase time="0.317" classname="tables_lab_results_lbt14" name="tables_lab_results_lbt14.qmd_result_v3_development">
      <failure type="failure" message="Snapshot of code has changed (variant 'development'): ('test-tables-lab-results-lbt14.R:1:1')">Snapshot of code has changed (variant 'development'):
old[10:65] vs new[10:65]
                  Not High                        134 (100%)   134 (100%)     132 (100%)  
    C-Reactive Protein Measurement                                                        
          Not High                                   114          112            115      
-                 Not High                        45 (39.5%)   55 (49.1%)     57 (49.6%)  
+                 Not High                        45 (33.6%)   55 (41.0%)     57 (43.2%)  
-                 1                               18 (15.8%)   18 (16.1%)     19 (16.5%)  
+                 1                               18 (13.4%)   18 (13.4%)     19 (14.4%)  
-                 2                               19 (16.7%)   10 (8.9%)      11 (9.6%)   
+                 2                               19 (14.2%)   10 (7.5%)      11 (8.3%)   
-                 3                               22 (19.3%)   13 (11.6%)     20 (17.4%)  
+                 3                               22 (16.4%)   13 (9.7%)      20 (15.2%)  
-                 4                               10 (8.8%)    16 (14.3%)      8 (7.0%)   
+                 4                               10 (7.5%)    16 (11.9%)      8 (6.1%)   
          1                                           8            10             7       
-                 Not High                        5 (62.5%)    2 (20.0%)      2 (28.6%)   
+                 Not High                         5 (3.7%)     2 (1.5%)       2 (1.5%)   
-                 1                                   0        1 (10.0%)          0       
+                 1                                   0         1 (0.7%)          0       
-                 2                               1 (12.5%)    3 (30.0%)      3 (42.9%)   
+                 2                                1 (0.7%)     3 (2.2%)       3 (2.3%)   
-                 3                               1 (12.5%)    1 (10.0%)          0       
+                 3                                1 (0.7%)     1 (0.7%)          0       
-                 4                               1 (12.5%)    3 (30.0%)      2 (28.6%)   
+                 4                                1 (0.7%)     3 (2.2%)       2 (1.5%)   
          2                                           2            6              7       
-                 Not High                        1 (50.0%)    4 (66.7%)      4 (57.1%)   
+                 Not High                         1 (0.7%)     4 (3.0%)       4 (3.0%)   
-                 1                                   0        1 (16.7%)      2 (28.6%)   
+                 1                                   0         1 (0.7%)       2 (1.5%)   
-                 2                               1 (50.0%)    1 (16.7%)          0       
+                 2                                1 (0.7%)     1 (0.7%)          0       
-                 4                                   0            0          1 (14.3%)   
+                 4                                   0            0           1 (0.8%)   
          3                                           7            4              3       
-                 Not High                        3 (42.9%)        0          2 (66.7%)   
+                 Not High                         3 (2.2%)        0           2 (1.5%)   
-                 1                               2 (28.6%)    1 (25.0%)      1 (33.3%)   
+                 1                                2 (1.5%)     1 (0.7%)       1 (0.8%)   
-                 2                                   0        1 (25.0%)          0       
+                 2                                   0         1 (0.7%)          0       
-                 3                               1 (14.3%)    1 (25.0%)          0       
+                 3                                1 (0.7%)     1 (0.7%)          0       
-                 4                               1 (14.3%)    1 (25.0%)          0       
+                 4                                1 (0.7%)     1 (0.7%)          0       
          4                                           3            2              0       
-                 Not High                        1 (33.3%)        0              0       
+                 Not High                         1 (0.7%)        0              0       
-                 1                                   0        1 (50.0%)          0       
+                 1                                   0         1 (0.7%)          0       
-                 3                               1 (33.3%)    1 (50.0%)          0       
+                 3                                1 (0.7%)     1 (0.7%)          0       
-                 4                               1 (33.3%)        0              0       
+                 4                                1 (0.7%)        0              0       
    Immunoglobulin A Measurement                                                          
          Not High                                   119          116            113      
-                 Not High                        55 (46.2%)   54 (46.6%)     51 (45.1%)  
+                 Not High                        55 (41.0%)   54 (40.3%)     51 (38.6%)  
-                 1                               18 (15.1%)   11 (9.5%)      15 (13.3%)  
+                 1                               18 (13.4%)   11 (8.2%)      15 (11.4%)  
-                 2                               14 (11.8%)   22 (19.0%)     19 (16.8%)  
+                 2                               14 (10.4%)   22 (16.4%)     19 (14.4%)  
-                 3                               20 (16.8%)   19 (16.4%)     20 (17.7%)  
+                 3                               20 (14.9%)   19 (14.2%)     20 (15.2%)  
-                 4                               12 (10.1%)   10 (8.6%)       8 (7.1%)   
+                 4                               12 (9.0%)    10 (7.5%)       8 (6.1%)   
          1                                           5            4              2       
-                 Not High                        4 (80.0%)    1 (25.0%)       2 (100%)   
+                 Not High                         4 (3.0%)     1 (0.7%)       2 (1.5%)   
-                 2                               1 (20.0%)    1 (25.0%)          0       
+                 2                                1 (0.7%)     1 (0.7%)          0       
-                 3                                   0        2 (50.0%)          0       
+                 3                                   0         2 (1.5%)          0       
          2                                           4            4              5       
-                 Not High                        2 (50.0%)    3 (75.0%)      3 (60.0%)   
+                 Not High                         2 (1.5%)     3 (2.2%)       3 (2.3%)   
-                 1                               1 (25.0%)        0          2 (40.0%)   
+                 1                                1 (0.7%)        0           2 (1.5%)   
-                 3                               1 (25.0%)        0              0       
+                 3                                1 (0.7%)        0              0       
-                 4                                   0        1 (25.0%)          0       
+                 4                                   0         1 (0.7%)          0       
          3                                           4            5              11      
-                 Not High                        3 (75.0%)    1 (20.0%)      6 (54.5%)   
+                 Not High                         3 (2.2%)     1 (0.7%)       6 (4.5%)   
-                 1                                   0        1 (20.0%)       1 (9.1%)   
+                 1                                   0         1 (0.7%)       1 (0.8%)   
-                 2                               1 (25.0%)        0              0       
+                 2                                1 (0.7%)        0              0       
-                 3                                   0        2 (40.0%)      3 (27.3%)   
+                 3                                   0         2 (1.5%)       3 (2.3%)   
-                 4                                   0        1 (20.0%)       1 (9.1%)   
+                 4                                   0         1 (0.7%)       1 (0.8%)   
          4                                           2            5              1       
-                 Not High                            0        3 (60.0%)       1 (100%)   
+                 Not High                            0         3 (2.2%)       1 (0.8%)   
-                 2                               1 (50.0%)    1 (20.0%)          0       
+                 2                                1 (0.7%)     1 (0.7%)          0       
-                 4                               1 (50.0%)    1 (20.0%)          0       
+                 4                                1 (0.7%)     1 (0.7%)          0       

* Run `testthat::snapshot_accept('development/tables-lab-results-lbt14')` to accept the change.
* Run `testthat::snapshot_review('development/tables-lab-results-lbt14')` to interactively review the change.</failure>
    </testcase>
    <testcase time="0.310000000000002" classname="tables_lab_results_lbt14" name="tables_lab_results_lbt14.qmd_result_v4_development">
      <failure type="failure" message="Snapshot of code has changed (variant 'development'): ('test-tables-lab-results-lbt14.R:1:1')">Snapshot of code has changed (variant 'development'):
old[7:65] vs new[7:65]
    ——————————————————————————————————————————————————————————————————————————————————————
    Alanine Aminotransferase Measurement                                                  
          Not Low                                    113          117            123      
-                 Not Low                         56 (49.6%)   55 (47.0%)     62 (50.4%)  
+                 Not Low                         56 (41.8%)   55 (41.0%)     62 (47.0%)  
-                 1                               11 (9.7%)     9 (7.7%)      15 (12.2%)  
+                 1                               11 (8.2%)     9 (6.7%)      15 (11.4%)  
-                 2                               15 (13.3%)   23 (19.7%)     16 (13.0%)  
+                 2                               15 (11.2%)   23 (17.2%)     16 (12.1%)  
-                 3                               15 (13.3%)   21 (17.9%)     13 (10.6%)  
+                 3                               15 (11.2%)   21 (15.7%)     13 (9.8%)   
-                 4                               16 (14.2%)    9 (7.7%)      17 (13.8%)  
+                 4                               16 (11.9%)    9 (6.7%)      17 (12.9%)  
          1                                           6            6              4       
-                 Not Low                         3 (50.0%)    5 (83.3%)      3 (75.0%)   
+                 Not Low                          3 (2.2%)     5 (3.7%)       3 (2.3%)   
-                 1                               3 (50.0%)        0              0       
+                 1                                3 (2.2%)        0              0       
-                 4                                   0        1 (16.7%)      1 (25.0%)   
+                 4                                   0         1 (0.7%)       1 (0.8%)   
          2                                           8            5              1       
-                 Not Low                         5 (62.5%)    3 (60.0%)          0       
+                 Not Low                          5 (3.7%)     3 (2.2%)          0       
-                 1                                   0        1 (20.0%)          0       
+                 1                                   0         1 (0.7%)          0       
-                 2                               2 (25.0%)        0              0       
+                 2                                2 (1.5%)        0              0       
-                 3                                   0        1 (20.0%)       1 (100%)   
+                 3                                   0         1 (0.7%)       1 (0.8%)   
-                 4                               1 (12.5%)        0              0       
+                 4                                1 (0.7%)        0              0       
          3                                           3            3              2       
-                 Not Low                             0        1 (33.3%)          0       
+                 Not Low                             0         1 (0.7%)          0       
-                 1                               1 (33.3%)        0              0       
+                 1                                1 (0.7%)        0              0       
-                 2                               1 (33.3%)        0          1 (50.0%)   
+                 2                                1 (0.7%)        0           1 (0.8%)   
-                 3                               1 (33.3%)    2 (66.7%)      1 (50.0%)   
+                 3                                1 (0.7%)     2 (1.5%)       1 (0.8%)   
          4                                           4            3              2       
-                 Not Low                          4 (100%)    1 (33.3%)      1 (50.0%)   
+                 Not Low                          4 (3.0%)     1 (0.7%)       1 (0.8%)   
-                 1                                   0        1 (33.3%)          0       
+                 1                                   0         1 (0.7%)          0       
-                 2                                   0        1 (33.3%)          0       
+                 2                                   0         1 (0.7%)          0       
-                 3                                   0            0          1 (50.0%)   
+                 3                                   0            0           1 (0.8%)   
    C-Reactive Protein Measurement                                                        
          Not Low                                    119          113            112      
-                 Not Low                         41 (34.5%)   42 (37.2%)     50 (44.6%)  
+                 Not Low                         41 (30.6%)   42 (31.3%)     50 (37.9%)  
-                 1                               20 (16.8%)   18 (15.9%)     11 (9.8%)   
+                 1                               20 (14.9%)   18 (13.4%)     11 (8.3%)   
-                 2                               24 (20.2%)   20 (17.7%)     14 (12.5%)  
+                 2                               24 (17.9%)   20 (14.9%)     14 (10.6%)  
-                 3                               25 (21.0%)   18 (15.9%)     21 (18.8%)  
+                 3                               25 (18.7%)   18 (13.4%)     21 (15.9%)  
-                 4                                9 (7.6%)    15 (13.3%)     16 (14.3%)  
+                 4                                9 (6.7%)    15 (11.2%)     16 (12.1%)  
          1                                           3            5              9       
-                 Not Low                         2 (66.7%)    2 (40.0%)      2 (22.2%)   
+                 Not Low                          2 (1.5%)     2 (1.5%)       2 (1.5%)   
-                 2                                   0        1 (20.0%)      3 (33.3%)   
+                 2                                   0         1 (0.7%)       3 (2.3%)   
-                 3                               1 (33.3%)    1 (20.0%)          0       
+                 3                                1 (0.7%)     1 (0.7%)          0       
-                 4                                   0        1 (20.0%)      4 (44.4%)   
+                 4                                   0         1 (0.7%)       4 (3.0%)   
          2                                           5            9              2       
-                 Not Low                         3 (60.0%)    4 (44.4%)      1 (50.0%)   
+                 Not Low                          3 (2.2%)     4 (3.0%)       1 (0.8%)   
-                 1                               1 (20.0%)    4 (44.4%)          0       
+                 1                                1 (0.7%)     4 (3.0%)          0       
-                 3                                   0        1 (11.1%)      1 (50.0%)   
+                 3                                   0         1 (0.7%)       1 (0.8%)   
-                 4                               1 (20.0%)        0              0       
+                 4                                1 (0.7%)        0              0       
          3                                           4            5              7       
-                 Not Low                         1 (25.0%)    4 (80.0%)      2 (28.6%)   
+                 Not Low                          1 (0.7%)     4 (3.0%)       2 (1.5%)   
-                 1                                   0            0          1 (14.3%)   
+                 1                                   0            0           1 (0.8%)   
-                 2                                   0            0          1 (14.3%)   
+                 2                                   0            0           1 (0.8%)   
-                 3                               3 (75.0%)    1 (20.0%)      2 (28.6%)   
+                 3                                3 (2.2%)     1 (0.7%)       2 (1.5%)   
-                 4                                   0            0          1 (14.3%)   
+                 4                                   0            0           1 (0.8%)   
          4                                           3            2              2       
-                 Not Low                          3 (100%)    1 (50.0%)          0       
+                 Not Low                          3 (2.2%)     1 (0.7%)          0       
-                 2                                   0        1 (50.0%)          0       
+                 2                                   0         1 (0.7%)          0       
-                 3                                   0            0          1 (50.0%)   
+                 3                                   0            0           1 (0.8%)   
-                 4                                   0            0          1 (50.0%)   
+                 4                                   0            0           1 (0.8%)   
    Immunoglobulin A Measurement                                                          
          Not Low                                    134          134            132      
                  Not Low                         134 (100%)   134 (100%)     132 (100%)  

* Run `testthat::snapshot_accept('development/tables-lab-results-lbt14')` to accept the change.
* Run `testthat::snapshot_review('development/tables-lab-results-lbt14')` to interactively review the change.</failure>
    </testcase>
    <testcase time="0.557000000000002" classname="tables_lab_results_lbt14" name="tables_lab_results_lbt14.qmd_result_v5_development">
      <failure type="failure" message="Snapshot of code has changed (variant 'development'): ('test-tables-lab-results-lbt14.R:1:1')">Snapshot of code has changed (variant 'development'):
old[50:88] vs new[50:88]
                  Missing                             0            0              0       
    C-Reactive Protein Measurement                                                        
          Not High                                   114          112            115      
-                 Not High                        45 (39.5%)   55 (49.1%)     57 (49.6%)  
+                 Not High                        45 (33.6%)   55 (41.0%)     57 (43.2%)  
-                 1                               18 (15.8%)   18 (16.1%)     19 (16.5%)  
+                 1                               18 (13.4%)   18 (13.4%)     19 (14.4%)  
-                 2                               19 (16.7%)   10 (8.9%)      11 (9.6%)   
+                 2                               19 (14.2%)   10 (7.5%)      11 (8.3%)   
-                 3                               22 (19.3%)   13 (11.6%)     20 (17.4%)  
+                 3                               22 (16.4%)   13 (9.7%)      20 (15.2%)  
-                 4                               10 (8.8%)    16 (14.3%)      8 (7.0%)   
+                 4                               10 (7.5%)    16 (11.9%)      8 (6.1%)   
                  Missing                             0            0              0       
          1                                           8            10             7       
-                 Not High                        5 (62.5%)    2 (20.0%)      2 (28.6%)   
+                 Not High                         5 (3.7%)     2 (1.5%)       2 (1.5%)   
-                 1                                   0        1 (10.0%)          0       
+                 1                                   0         1 (0.7%)          0       
-                 2                               1 (12.5%)    3 (30.0%)      3 (42.9%)   
+                 2                                1 (0.7%)     3 (2.2%)       3 (2.3%)   
-                 3                               1 (12.5%)    1 (10.0%)          0       
+                 3                                1 (0.7%)     1 (0.7%)          0       
-                 4                               1 (12.5%)    3 (30.0%)      2 (28.6%)   
+                 4                                1 (0.7%)     3 (2.2%)       2 (1.5%)   
                  Missing                             0            0              0       
          2                                           2            6              7       
-                 Not High                        1 (50.0%)    4 (66.7%)      4 (57.1%)   
+                 Not High                         1 (0.7%)     4 (3.0%)       4 (3.0%)   
-                 1                                   0        1 (16.7%)      2 (28.6%)   
+                 1                                   0         1 (0.7%)       2 (1.5%)   
-                 2                               1 (50.0%)    1 (16.7%)          0       
+                 2                                1 (0.7%)     1 (0.7%)          0       
                  3                                   0            0              0       
-                 4                                   0            0          1 (14.3%)   
+                 4                                   0            0           1 (0.8%)   
                  Missing                             0            0              0       
          3                                           7            4              3       
-                 Not High                        3 (42.9%)        0          2 (66.7%)   
+                 Not High                         3 (2.2%)        0           2 (1.5%)   
-                 1                               2 (28.6%)    1 (25.0%)      1 (33.3%)   
+                 1                                2 (1.5%)     1 (0.7%)       1 (0.8%)   
-                 2                                   0        1 (25.0%)          0       
+                 2                                   0         1 (0.7%)          0       
-                 3                               1 (14.3%)    1 (25.0%)          0       
+                 3                                1 (0.7%)     1 (0.7%)          0       
-                 4                               1 (14.3%)    1 (25.0%)          0       
+                 4                                1 (0.7%)     1 (0.7%)          0       
                  Missing                             0            0              0       
          4                                           3            2              0       
-                 Not High                        1 (33.3%)        0              0       
+                 Not High                         1 (0.7%)        0              0       
-                 1                                   0        1 (50.0%)          0       
+                 1                                   0         1 (0.7%)          0       
                  2                                   0            0              0       
-                 3                               1 (33.3%)    1 (50.0%)          0       
+                 3                                1 (0.7%)     1 (0.7%)          0       
-                 4                               1 (33.3%)        0              0       
+                 4                                1 (0.7%)        0              0       
                  Missing                             0            0              0       
          Missing                                     0            0              0       
                  Not High                            0            0              0       

old[93:131] vs new[93:131]
                  Missing                             0            0              0       
    Immunoglobulin A Measurement                                                          
          Not High                                   119          116            113      
-                 Not High                        55 (46.2%)   54 (46.6%)     51 (45.1%)  
+                 Not High                        55 (41.0%)   54 (40.3%)     51 (38.6%)  
-                 1                               18 (15.1%)   11 (9.5%)      15 (13.3%)  
+                 1                               18 (13.4%)   11 (8.2%)      15 (11.4%)  
-                 2                               14 (11.8%)   22 (19.0%)     19 (16.8%)  
+                 2                               14 (10.4%)   22 (16.4%)     19 (14.4%)  
-                 3                               20 (16.8%)   19 (16.4%)     20 (17.7%)  
+                 3                               20 (14.9%)   19 (14.2%)     20 (15.2%)  
-                 4                               12 (10.1%)   10 (8.6%)       8 (7.1%)   
+                 4                               12 (9.0%)    10 (7.5%)       8 (6.1%)   
                  Missing                             0            0              0       
          1                                           5            4              2       
-                 Not High                        4 (80.0%)    1 (25.0%)       2 (100%)   
+                 Not High                         4 (3.0%)     1 (0.7%)       2 (1.5%)   
                  1                                   0            0              0       
-                 2                               1 (20.0%)    1 (25.0%)          0       
+                 2                                1 (0.7%)     1 (0.7%)          0       
-                 3                                   0        2 (50.0%)          0       
+                 3                                   0         2 (1.5%)          0       
                  4                                   0            0              0       
                  Missing                             0            0              0       
          2                                           4            4              5       
-                 Not High                        2 (50.0%)    3 (75.0%)      3 (60.0%)   
+                 Not High                         2 (1.5%)     3 (2.2%)       3 (2.3%)   
-                 1                               1 (25.0%)        0          2 (40.0%)   
+                 1                                1 (0.7%)        0           2 (1.5%)   
                  2                                   0            0              0       
-                 3                               1 (25.0%)        0              0       
+                 3                                1 (0.7%)        0              0       
-                 4                                   0        1 (25.0%)          0       
+                 4                                   0         1 (0.7%)          0       
                  Missing                             0            0              0       
          3                                           4            5              11      
-                 Not High                        3 (75.0%)    1 (20.0%)      6 (54.5%)   
+                 Not High                         3 (2.2%)     1 (0.7%)       6 (4.5%)   
-                 1                                   0        1 (20.0%)       1 (9.1%)   
+                 1                                   0         1 (0.7%)       1 (0.8%)   
-                 2                               1 (25.0%)        0              0       
+                 2                                1 (0.7%)        0              0       
-                 3                                   0        2 (40.0%)      3 (27.3%)   
+                 3                                   0         2 (1.5%)       3 (2.3%)   
-                 4                                   0        1 (20.0%)       1 (9.1%)   
+                 4                                   0         1 (0.7%)       1 (0.8%)   
                  Missing                             0            0              0       
          4                                           2            5              1       
-                 Not High                            0        3 (60.0%)       1 (100%)   
+                 Not High                            0         3 (2.2%)       1 (0.8%)   
                  1                                   0            0              0       
-                 2                               1 (50.0%)    1 (20.0%)          0       
+                 2                                1 (0.7%)     1 (0.7%)          0       
                  3                                   0            0              0       
-                 4                               1 (50.0%)    1 (20.0%)          0       
+                 4                                1 (0.7%)     1 (0.7%)          0       
                  Missing                             0            0              0       
          Missing                                     0            0              0       
                  Not High                            0            0              0       

* Run `testthat::snapshot_accept('development/tables-lab-results-lbt14')` to accept the change.
* Run `testthat::snapshot_review('development/tables-lab-results-lbt14')` to interactively review the change.</failure>
    </testcase>
  </testsuite>
  <testsuite name="tables-lab-results-lbt15" timestamp="2024-11-01T14:11:19Z" hostname="c5dd670d1d48" tests="2" skipped="0" failures="0" errors="0" time="0.222">
    <testcase time="0.122999999999998" classname="tables_lab_results_lbt15" name="tables_lab_results_lbt15.qmd_result_v1_development"/>
    <testcase time="0.0990000000000038" classname="tables_lab_results_lbt15" name="tables_lab_results_lbt15.qmd_result_v2_development"/>
  </testsuite>
  <testsuite name="tables-medical-history-mht01" timestamp="2024-11-01T14:11:19Z" hostname="c5dd670d1d48" tests="4" skipped="0" failures="0" errors="0" time="0.518">
    <testcase time="0.174999999999997" classname="tables_medical_history_mht01" name="tables_medical_history_mht01.qmd_result_v1_development"/>
    <testcase time="0.0730000000000004" classname="tables_medical_history_mht01" name="tables_medical_history_mht01.qmd_result_v2_development"/>
    <testcase time="0.119" classname="tables_medical_history_mht01" name="tables_medical_history_mht01.qmd_result_v3_development"/>
    <testcase time="0.150999999999996" classname="tables_medical_history_mht01" name="tables_medical_history_mht01.qmd_result_v4_development"/>
  </testsuite>
  <testsuite name="tables-pharmacokinetic-pkct01" timestamp="2024-11-01T14:11:20Z" hostname="c5dd670d1d48" tests="3" skipped="0" failures="0" errors="0" time="0.887">
    <testcase time="0.514000000000003" classname="tables_pharmacokinetic_pkct01" name="tables_pharmacokinetic_pkct01.qmd_result_v1_development"/>
    <testcase time="0.180999999999997" classname="tables_pharmacokinetic_pkct01" name="tables_pharmacokinetic_pkct01.qmd_result_v2_development"/>
    <testcase time="0.192" classname="tables_pharmacokinetic_pkct01" name="tables_pharmacokinetic_pkct01.qmd_result_v3_development"/>
  </testsuite>
  <testsuite name="tables-pharmacokinetic-pkpt02" timestamp="2024-11-01T14:11:21Z" hostname="c5dd670d1d48" tests="2" skipped="0" failures="0" errors="0" time="0.253">
    <testcase time="0.146000000000001" classname="tables_pharmacokinetic_pkpt02" name="tables_pharmacokinetic_pkpt02.qmd_result_v1_development"/>
    <testcase time="0.106999999999999" classname="tables_pharmacokinetic_pkpt02" name="tables_pharmacokinetic_pkpt02.qmd_result_v2_development"/>
  </testsuite>
  <testsuite name="tables-pharmacokinetic-pkpt03" timestamp="2024-11-01T14:11:23Z" hostname="c5dd670d1d48" tests="3" skipped="3" failures="0" errors="0" time="1.917">
    <testcase time="1.892" classname="tables_pharmacokinetic_pkpt03" name="tables_pharmacokinetic_pkpt03.qmd_result_v1_development">
      <skipped message="Reason: Snapshot test is not implemented for object of class: list. ('test-tables-pharmacokinetic-pkpt03.R:1:1')"/>
    </testcase>
    <testcase time="0.0129999999999981" classname="tables_pharmacokinetic_pkpt03" name="tables_pharmacokinetic_pkpt03.qmd_result_v2_development">
      <skipped message="Reason: Snapshot test is not implemented for object of class: list. ('test-tables-pharmacokinetic-pkpt03.R:1:1')"/>
    </testcase>
    <testcase time="0.0120000000000005" classname="tables_pharmacokinetic_pkpt03" name="tables_pharmacokinetic_pkpt03.qmd_result_v3_development">
      <skipped message="Reason: Snapshot test is not implemented for object of class: list. ('test-tables-pharmacokinetic-pkpt03.R:1:1')"/>
    </testcase>
  </testsuite>
  <testsuite name="tables-pharmacokinetic-pkpt04" timestamp="2024-11-01T14:11:23Z" hostname="c5dd670d1d48" tests="2" skipped="0" failures="0" errors="0" time="0.559">
    <testcase time="0.218000000000004" classname="tables_pharmacokinetic_pkpt04" name="tables_pharmacokinetic_pkpt04.qmd_result_v1_development"/>
    <testcase time="0.340999999999994" classname="tables_pharmacokinetic_pkpt04" name="tables_pharmacokinetic_pkpt04.qmd_result_v2_development"/>
  </testsuite>
  <testsuite name="tables-pharmacokinetic-pkpt05" timestamp="2024-11-01T14:11:23Z" hostname="c5dd670d1d48" tests="2" skipped="0" failures="0" errors="0" time="0.302">
    <testcase time="0.181000000000004" classname="tables_pharmacokinetic_pkpt05" name="tables_pharmacokinetic_pkpt05.qmd_result_v1_development"/>
    <testcase time="0.121000000000002" classname="tables_pharmacokinetic_pkpt05" name="tables_pharmacokinetic_pkpt05.qmd_result_v2_development"/>
  </testsuite>
  <testsuite name="tables-pharmacokinetic-pkpt06" timestamp="2024-11-01T14:11:24Z" hostname="c5dd670d1d48" tests="2" skipped="0" failures="0" errors="0" time="0.153">
    <testcase time="0.0849999999999937" classname="tables_pharmacokinetic_pkpt06" name="tables_pharmacokinetic_pkpt06.qmd_result_v1_development"/>
    <testcase time="0.0680000000000049" classname="tables_pharmacokinetic_pkpt06" name="tables_pharmacokinetic_pkpt06.qmd_result_v2_development"/>
  </testsuite>
  <testsuite name="tables-pharmacokinetic-pkpt07" timestamp="2024-11-01T14:11:24Z" hostname="c5dd670d1d48" tests="2" skipped="0" failures="0" errors="0" time="0.206">
    <testcase time="0.116" classname="tables_pharmacokinetic_pkpt07" name="tables_pharmacokinetic_pkpt07.qmd_result_v1_development"/>
    <testcase time="0.0899999999999963" classname="tables_pharmacokinetic_pkpt07" name="tables_pharmacokinetic_pkpt07.qmd_result_v2_development"/>
  </testsuite>
  <testsuite name="tables-pharmacokinetic-pkpt08" timestamp="2024-11-01T14:11:24Z" hostname="c5dd670d1d48" tests="1" skipped="0" failures="0" errors="0" time="0.141">
    <testcase time="0.141000000000005" classname="tables_pharmacokinetic_pkpt08" name="tables_pharmacokinetic_pkpt08.qmd_result_v1_development"/>
  </testsuite>
  <testsuite name="tables-pharmacokinetic-pkpt11" timestamp="2024-11-01T14:11:24Z" hostname="c5dd670d1d48" tests="1" skipped="0" failures="0" errors="0" time="0.08">
    <testcase time="0.0799999999999983" classname="tables_pharmacokinetic_pkpt11" name="tables_pharmacokinetic_pkpt11.qmd_result_v1_development"/>
  </testsuite>
  <testsuite name="tables-risk-management-plan-rmpt01" timestamp="2024-11-01T14:11:24Z" hostname="c5dd670d1d48" tests="1" skipped="0" failures="0" errors="0" time="0.073">
    <testcase time="0.0730000000000004" classname="tables_risk_management_plan_rmpt01" name="tables_risk_management_plan_rmpt01.qmd_result_v1_development"/>
  </testsuite>
  <testsuite name="tables-risk-management-plan-rmpt03" timestamp="2024-11-01T14:11:24Z" hostname="c5dd670d1d48" tests="2" skipped="0" failures="0" errors="0" time="0.21">
    <testcase time="0.119999999999997" classname="tables_risk_management_plan_rmpt03" name="tables_risk_management_plan_rmpt03.qmd_result_v1_development"/>
    <testcase time="0.0900000000000034" classname="tables_risk_management_plan_rmpt03" name="tables_risk_management_plan_rmpt03.qmd_result_v2_development"/>
  </testsuite>
  <testsuite name="tables-risk-management-plan-rmpt04" timestamp="2024-11-01T14:11:24Z" hostname="c5dd670d1d48" tests="1" skipped="0" failures="0" errors="0" time="0.065">
    <testcase time="0.0649999999999977" classname="tables_risk_management_plan_rmpt04" name="tables_risk_management_plan_rmpt04.qmd_result_v1_development"/>
  </testsuite>
  <testsuite name="tables-risk-management-plan-rmpt05" timestamp="2024-11-01T14:11:25Z" hostname="c5dd670d1d48" tests="1" skipped="0" failures="0" errors="0" time="0.081">
    <testcase time="0.080999999999996" classname="tables_risk_management_plan_rmpt05" name="tables_risk_management_plan_rmpt05.qmd_result_v1_development"/>
  </testsuite>
  <testsuite name="tables-risk-management-plan-rmpt06" timestamp="2024-11-01T14:11:25Z" hostname="c5dd670d1d48" tests="4" skipped="0" failures="0" errors="0" time="0.492">
    <testcase time="0.168000000000006" classname="tables_risk_management_plan_rmpt06" name="tables_risk_management_plan_rmpt06.qmd_result_v1_development"/>
    <testcase time="0.0939999999999941" classname="tables_risk_management_plan_rmpt06" name="tables_risk_management_plan_rmpt06.qmd_result_v2_development"/>
    <testcase time="0.115000000000002" classname="tables_risk_management_plan_rmpt06" name="tables_risk_management_plan_rmpt06.qmd_result_v3_development"/>
    <testcase time="0.115000000000002" classname="tables_risk_management_plan_rmpt06" name="tables_risk_management_plan_rmpt06.qmd_result_v4_development"/>
  </testsuite>
  <testsuite name="tables-safety-enrollment01" timestamp="2024-11-01T14:11:25Z" hostname="c5dd670d1d48" tests="4" skipped="0" failures="0" errors="0" time="2.187">
    <testcase time="0.713000000000001" classname="tables_safety_enrollment01" name="tables_safety_enrollment01.qmd_result_v1_development"/>
    <testcase time="0.460999999999999" classname="tables_safety_enrollment01" name="tables_safety_enrollment01.qmd_result_v2_development"/>
    <testcase time="0.546999999999997" classname="tables_safety_enrollment01" name="tables_safety_enrollment01.qmd_result_v3_development"/>
    <testcase time="0.466000000000001" classname="tables_safety_enrollment01" name="tables_safety_enrollment01.qmd_result_v4_development"/>
  </testsuite>
  <testsuite name="tables-vital-signs-vst01" timestamp="2024-11-01T14:11:27Z" hostname="c5dd670d1d48" tests="1" skipped="0" failures="0" errors="0" time="0.337">
    <testcase time="0.337000000000003" classname="tables_vital_signs_vst01" name="tables_vital_signs_vst01.qmd_result_v1_development"/>
  </testsuite>
  <testsuite name="tables-vital-signs-vst02" timestamp="2024-11-01T14:11:28Z" hostname="c5dd670d1d48" tests="2" skipped="0" failures="0" errors="0" time="0.274">
    <testcase time="0.141999999999996" classname="tables_vital_signs_vst02" name="tables_vital_signs_vst02.qmd_result_v1_development"/>
    <testcase time="0.132000000000005" classname="tables_vital_signs_vst02" name="tables_vital_signs_vst02.qmd_result_v2_development"/>
  </testsuite>
</testsuites>
