<?xml version="1.0" encoding="UTF-8"?>
<testsuites>
  <testsuite name="graphs-efficacy-fstg01" timestamp="2024-05-14T14:25:43Z" hostname="8769d6d4f3fb" tests="7" skipped="7" failures="0" errors="0" time="2.438">
    <testcase time="2.27599999999995" classname="graphs_efficacy_fstg01" name="graphs_efficacy_fstg01.qmd_width_development">
      <skipped message="Reason: Snapshot test is not implemented for object of class: numeric. ('test-graphs-efficacy-fstg01.R:1:1')"/>
    </testcase>
    <testcase time="0.0579999999999927" classname="graphs_efficacy_fstg01" name="graphs_efficacy_fstg01.qmd_height_development">
      <skipped message="Reason: Snapshot test is not implemented for object of class: numeric. ('test-graphs-efficacy-fstg01.R:1:1')"/>
    </testcase>
    <testcase time="0.0430000000000064" classname="graphs_efficacy_fstg01" name="graphs_efficacy_fstg01.qmd_plot_v1_development">
      <skipped message="Reason: On CI ('test-graphs-efficacy-fstg01.R:1:1')"/>
    </testcase>
    <testcase time="0.0149999999999864" classname="graphs_efficacy_fstg01" name="graphs_efficacy_fstg01.qmd_plot_v2_development">
      <skipped message="Reason: On CI ('test-graphs-efficacy-fstg01.R:1:1')"/>
    </testcase>
    <testcase time="0.0160000000000764" classname="graphs_efficacy_fstg01" name="graphs_efficacy_fstg01.qmd_plot_v3_development">
      <skipped message="Reason: On CI ('test-graphs-efficacy-fstg01.R:1:1')"/>
    </testcase>
    <testcase time="0.0149999999999864" classname="graphs_efficacy_fstg01" name="graphs_efficacy_fstg01.qmd_plot_v4_development">
      <skipped message="Reason: On CI ('test-graphs-efficacy-fstg01.R:1:1')"/>
    </testcase>
    <testcase time="0.0149999999999864" classname="graphs_efficacy_fstg01" name="graphs_efficacy_fstg01.qmd_plot_v5_development">
      <skipped message="Reason: On CI ('test-graphs-efficacy-fstg01.R:1:1')"/>
    </testcase>
  </testsuite>
  <testsuite name="graphs-efficacy-fstg02" timestamp="2024-05-14T14:25:43Z" hostname="8769d6d4f3fb" tests="7" skipped="7" failures="0" errors="0" time="0.502">
    <testcase time="0.408000000000015" classname="graphs_efficacy_fstg02" name="graphs_efficacy_fstg02.qmd_width_development">
      <skipped message="Reason: Snapshot test is not implemented for object of class: numeric. ('test-graphs-efficacy-fstg02.R:1:1')"/>
    </testcase>
    <testcase time="0.0159999999999627" classname="graphs_efficacy_fstg02" name="graphs_efficacy_fstg02.qmd_height_development">
      <skipped message="Reason: Snapshot test is not implemented for object of class: numeric. ('test-graphs-efficacy-fstg02.R:1:1')"/>
    </testcase>
    <testcase time="0.0149999999999864" classname="graphs_efficacy_fstg02" name="graphs_efficacy_fstg02.qmd_plot_v1_development">
      <skipped message="Reason: On CI ('test-graphs-efficacy-fstg02.R:1:1')"/>
    </testcase>
    <testcase time="0.0149999999999864" classname="graphs_efficacy_fstg02" name="graphs_efficacy_fstg02.qmd_plot_v2_development">
      <skipped message="Reason: On CI ('test-graphs-efficacy-fstg02.R:1:1')"/>
    </testcase>
    <testcase time="0.0170000000000528" classname="graphs_efficacy_fstg02" name="graphs_efficacy_fstg02.qmd_plot_v3_development">
      <skipped message="Reason: On CI ('test-graphs-efficacy-fstg02.R:1:1')"/>
    </testcase>
    <testcase time="0.0149999999999864" classname="graphs_efficacy_fstg02" name="graphs_efficacy_fstg02.qmd_plot_v4_development">
      <skipped message="Reason: On CI ('test-graphs-efficacy-fstg02.R:1:1')"/>
    </testcase>
    <testcase time="0.0159999999999627" classname="graphs_efficacy_fstg02" name="graphs_efficacy_fstg02.qmd_plot_v3.width_development">
      <skipped message="Reason: Snapshot test is not implemented for object of class: numeric. ('test-graphs-efficacy-fstg02.R:1:1')"/>
    </testcase>
  </testsuite>
  <testsuite name="graphs-efficacy-kmg01" timestamp="2024-05-14T14:25:44Z" hostname="8769d6d4f3fb" tests="8" skipped="8" failures="0" errors="0" time="0.954">
    <testcase time="0.870000000000005" classname="graphs_efficacy_kmg01" name="graphs_efficacy_kmg01.qmd_width_development">
      <skipped message="Reason: Snapshot test is not implemented for object of class: numeric. ('test-graphs-efficacy-kmg01.R:1:1')"/>
    </testcase>
    <testcase time="0.0120000000000573" classname="graphs_efficacy_kmg01" name="graphs_efficacy_kmg01.qmd_height_development">
      <skipped message="Reason: Snapshot test is not implemented for object of class: numeric. ('test-graphs-efficacy-kmg01.R:1:1')"/>
    </testcase>
    <testcase time="0.0119999999999436" classname="graphs_efficacy_kmg01" name="graphs_efficacy_kmg01.qmd_plot_v1_development">
      <skipped message="Reason: On CI ('test-graphs-efficacy-kmg01.R:1:1')"/>
    </testcase>
    <testcase time="0.0120000000000573" classname="graphs_efficacy_kmg01" name="graphs_efficacy_kmg01.qmd_plot_v2_development">
      <skipped message="Reason: On CI ('test-graphs-efficacy-kmg01.R:1:1')"/>
    </testcase>
    <testcase time="0.0119999999999436" classname="graphs_efficacy_kmg01" name="graphs_efficacy_kmg01.qmd_plot_v3_development">
      <skipped message="Reason: On CI ('test-graphs-efficacy-kmg01.R:1:1')"/>
    </testcase>
    <testcase time="0.0120000000000573" classname="graphs_efficacy_kmg01" name="graphs_efficacy_kmg01.qmd_plot_v4_development">
      <skipped message="Reason: On CI ('test-graphs-efficacy-kmg01.R:1:1')"/>
    </testcase>
    <testcase time="0.0119999999999436" classname="graphs_efficacy_kmg01" name="graphs_efficacy_kmg01.qmd_plot_v5_development">
      <skipped message="Reason: On CI ('test-graphs-efficacy-kmg01.R:1:1')"/>
    </testcase>
    <testcase time="0.0120000000000573" classname="graphs_efficacy_kmg01" name="graphs_efficacy_kmg01.qmd_plot_v6_development">
      <skipped message="Reason: On CI ('test-graphs-efficacy-kmg01.R:1:1')"/>
    </testcase>
  </testsuite>
  <testsuite name="graphs-efficacy-mmrmg01" timestamp="2024-05-14T14:25:45Z" hostname="8769d6d4f3fb" tests="6" skipped="6" failures="0" errors="0" time="0.76">
    <testcase time="0.701000000000022" classname="graphs_efficacy_mmrmg01" name="graphs_efficacy_mmrmg01.qmd_plot_v1_development">
      <skipped message="Reason: On CI ('test-graphs-efficacy-mmrmg01.R:1:1')"/>
    </testcase>
    <testcase time="0.01299999999992" classname="graphs_efficacy_mmrmg01" name="graphs_efficacy_mmrmg01.qmd_plot_v2_development">
      <skipped message="Reason: On CI ('test-graphs-efficacy-mmrmg01.R:1:1')"/>
    </testcase>
    <testcase time="0.0110000000000809" classname="graphs_efficacy_mmrmg01" name="graphs_efficacy_mmrmg01.qmd_plot_v3_development">
      <skipped message="Reason: On CI ('test-graphs-efficacy-mmrmg01.R:1:1')"/>
    </testcase>
    <testcase time="0.0119999999999436" classname="graphs_efficacy_mmrmg01" name="graphs_efficacy_mmrmg01.qmd_plot_v4_development">
      <skipped message="Reason: On CI ('test-graphs-efficacy-mmrmg01.R:1:1')"/>
    </testcase>
    <testcase time="0.0120000000000573" classname="graphs_efficacy_mmrmg01" name="graphs_efficacy_mmrmg01.qmd_plot_v5_development">
      <skipped message="Reason: On CI ('test-graphs-efficacy-mmrmg01.R:1:1')"/>
    </testcase>
    <testcase time="0.0109999999999673" classname="graphs_efficacy_mmrmg01" name="graphs_efficacy_mmrmg01.qmd_plot_v6_development">
      <skipped message="Reason: On CI ('test-graphs-efficacy-mmrmg01.R:1:1')"/>
    </testcase>
  </testsuite>
  <testsuite name="graphs-efficacy-mmrmg02" timestamp="2024-05-14T14:25:45Z" hostname="8769d6d4f3fb" tests="3" skipped="3" failures="0" errors="0" time="0.148">
    <testcase time="0.123000000000047" classname="graphs_efficacy_mmrmg02" name="graphs_efficacy_mmrmg02.qmd_width_development">
      <skipped message="Reason: Snapshot test is not implemented for object of class: numeric. ('test-graphs-efficacy-mmrmg02.R:1:1')"/>
    </testcase>
    <testcase time="0.01299999999992" classname="graphs_efficacy_mmrmg02" name="graphs_efficacy_mmrmg02.qmd_plot_v1_development">
      <skipped message="Reason: On CI ('test-graphs-efficacy-mmrmg02.R:1:1')"/>
    </testcase>
    <testcase time="0.0120000000000573" classname="graphs_efficacy_mmrmg02" name="graphs_efficacy_mmrmg02.qmd_plot_v2_development">
      <skipped message="Reason: On CI ('test-graphs-efficacy-mmrmg02.R:1:1')"/>
    </testcase>
  </testsuite>
  <testsuite name="graphs-other-brg01" timestamp="2024-05-14T14:25:45Z" hostname="8769d6d4f3fb" tests="9" skipped="9" failures="0" errors="0" time="0.197">
    <testcase time="0.0949999999999136" classname="graphs_other_brg01" name="graphs_other_brg01.qmd_plot_v1_development">
      <skipped message="Reason: On CI ('test-graphs-other-brg01.R:1:1')"/>
    </testcase>
    <testcase time="0.0120000000000573" classname="graphs_other_brg01" name="graphs_other_brg01.qmd_plot_v2_development">
      <skipped message="Reason: On CI ('test-graphs-other-brg01.R:1:1')"/>
    </testcase>
    <testcase time="0.0130000000000337" classname="graphs_other_brg01" name="graphs_other_brg01.qmd_plot_v3_development">
      <skipped message="Reason: On CI ('test-graphs-other-brg01.R:1:1')"/>
    </testcase>
    <testcase time="0.01299999999992" classname="graphs_other_brg01" name="graphs_other_brg01.qmd_plot_v4_development">
      <skipped message="Reason: On CI ('test-graphs-other-brg01.R:1:1')"/>
    </testcase>
    <testcase time="0.0130000000000337" classname="graphs_other_brg01" name="graphs_other_brg01.qmd_plot_v5_development">
      <skipped message="Reason: On CI ('test-graphs-other-brg01.R:1:1')"/>
    </testcase>
    <testcase time="0.0120000000000573" classname="graphs_other_brg01" name="graphs_other_brg01.qmd_plot_v6_development">
      <skipped message="Reason: On CI ('test-graphs-other-brg01.R:1:1')"/>
    </testcase>
    <testcase time="0.01400000000001" classname="graphs_other_brg01" name="graphs_other_brg01.qmd_plot_v7_development">
      <skipped message="Reason: On CI ('test-graphs-other-brg01.R:1:1')"/>
    </testcase>
    <testcase time="0.01299999999992" classname="graphs_other_brg01" name="graphs_other_brg01.qmd_plot_v8_development">
      <skipped message="Reason: On CI ('test-graphs-other-brg01.R:1:1')"/>
    </testcase>
    <testcase time="0.0120000000000573" classname="graphs_other_brg01" name="graphs_other_brg01.qmd_plot_v9_development">
      <skipped message="Reason: On CI ('test-graphs-other-brg01.R:1:1')"/>
    </testcase>
  </testsuite>
  <testsuite name="graphs-other-bwg01" timestamp="2024-05-14T14:25:46Z" hostname="8769d6d4f3fb" tests="9" skipped="9" failures="0" errors="0" time="0.687">
    <testcase time="0.589999999999918" classname="graphs_other_bwg01" name="graphs_other_bwg01.qmd_plot_v1_development">
      <skipped message="Reason: On CI ('test-graphs-other-bwg01.R:1:1')"/>
    </testcase>
    <testcase time="0.0130000000000337" classname="graphs_other_bwg01" name="graphs_other_bwg01.qmd_plot_v2_development">
      <skipped message="Reason: On CI ('test-graphs-other-bwg01.R:1:1')"/>
    </testcase>
    <testcase time="0.0120000000000573" classname="graphs_other_bwg01" name="graphs_other_bwg01.qmd_plot_v3_development">
      <skipped message="Reason: On CI ('test-graphs-other-bwg01.R:1:1')"/>
    </testcase>
    <testcase time="0.0119999999999436" classname="graphs_other_bwg01" name="graphs_other_bwg01.qmd_plot_v4_development">
      <skipped message="Reason: On CI ('test-graphs-other-bwg01.R:1:1')"/>
    </testcase>
    <testcase time="0.0120000000000573" classname="graphs_other_bwg01" name="graphs_other_bwg01.qmd_plot_v5_development">
      <skipped message="Reason: On CI ('test-graphs-other-bwg01.R:1:1')"/>
    </testcase>
    <testcase time="0.0119999999999436" classname="graphs_other_bwg01" name="graphs_other_bwg01.qmd_plot_v6_development">
      <skipped message="Reason: On CI ('test-graphs-other-bwg01.R:1:1')"/>
    </testcase>
    <testcase time="0.0120000000000573" classname="graphs_other_bwg01" name="graphs_other_bwg01.qmd_plot_v7_development">
      <skipped message="Reason: On CI ('test-graphs-other-bwg01.R:1:1')"/>
    </testcase>
    <testcase time="0.0119999999999436" classname="graphs_other_bwg01" name="graphs_other_bwg01.qmd_plot_v8_development">
      <skipped message="Reason: On CI ('test-graphs-other-bwg01.R:1:1')"/>
    </testcase>
    <testcase time="0.0120000000000573" classname="graphs_other_bwg01" name="graphs_other_bwg01.qmd_plot_v9_development">
      <skipped message="Reason: On CI ('test-graphs-other-bwg01.R:1:1')"/>
    </testcase>
  </testsuite>
  <testsuite name="graphs-other-cig01" timestamp="2024-05-14T14:25:46Z" hostname="8769d6d4f3fb" tests="5" skipped="5" failures="0" errors="0" time="0.198">
    <testcase time="0.147999999999911" classname="graphs_other_cig01" name="graphs_other_cig01.qmd_table_v6_development">
      <skipped message="Reason: On CRAN ('test-graphs-other-cig01.R:1:1')"/>
    </testcase>
    <testcase time="0.0130000000000337" classname="graphs_other_cig01" name="graphs_other_cig01.qmd_plot_v1_and_v2_development">
      <skipped message="Reason: On CI ('test-graphs-other-cig01.R:1:1')"/>
    </testcase>
    <testcase time="0.0120000000000573" classname="graphs_other_cig01" name="graphs_other_cig01.qmd_plot_v3_development">
      <skipped message="Reason: On CI ('test-graphs-other-cig01.R:1:1')"/>
    </testcase>
    <testcase time="0.01299999999992" classname="graphs_other_cig01" name="graphs_other_cig01.qmd_plot_v4_development">
      <skipped message="Reason: On CI ('test-graphs-other-cig01.R:1:1')"/>
    </testcase>
    <testcase time="0.0120000000000573" classname="graphs_other_cig01" name="graphs_other_cig01.qmd_plot_v5_development">
      <skipped message="Reason: On CI ('test-graphs-other-cig01.R:1:1')"/>
    </testcase>
  </testsuite>
  <testsuite name="graphs-other-ippg01" timestamp="2024-05-14T14:25:46Z" hostname="8769d6d4f3fb" tests="2" skipped="2" failures="0" errors="0" time="0.048">
    <testcase time="0.0359999999999445" classname="graphs_other_ippg01" name="graphs_other_ippg01.qmd_plots_v1_development">
      <skipped message="Reason: Snapshot test is not implemented for object of class: list. ('test-graphs-other-ippg01.R:1:1')"/>
    </testcase>
    <testcase time="0.0120000000000573" classname="graphs_other_ippg01" name="graphs_other_ippg01.qmd_plots_v2_development">
      <skipped message="Reason: Snapshot test is not implemented for object of class: list. ('test-graphs-other-ippg01.R:1:1')"/>
    </testcase>
  </testsuite>
  <testsuite name="graphs-other-ltg01" timestamp="2024-05-14T14:25:46Z" hostname="8769d6d4f3fb" tests="7" skipped="7" failures="0" errors="0" time="0.183">
    <testcase time="0.108999999999924" classname="graphs_other_ltg01" name="graphs_other_ltg01.qmd_plot_v1_development">
      <skipped message="Reason: On CI ('test-graphs-other-ltg01.R:1:1')"/>
    </testcase>
    <testcase time="0.0130000000000337" classname="graphs_other_ltg01" name="graphs_other_ltg01.qmd_plot_v2_development">
      <skipped message="Reason: On CI ('test-graphs-other-ltg01.R:1:1')"/>
    </testcase>
    <testcase time="0.0130000000000337" classname="graphs_other_ltg01" name="graphs_other_ltg01.qmd_plot_v3_development">
      <skipped message="Reason: On CI ('test-graphs-other-ltg01.R:1:1')"/>
    </testcase>
    <testcase time="0.0119999999999436" classname="graphs_other_ltg01" name="graphs_other_ltg01.qmd_plot_v4_development">
      <skipped message="Reason: On CI ('test-graphs-other-ltg01.R:1:1')"/>
    </testcase>
    <testcase time="0.0120000000000573" classname="graphs_other_ltg01" name="graphs_other_ltg01.qmd_plot_v51_development">
      <skipped message="Reason: On CI ('test-graphs-other-ltg01.R:1:1')"/>
    </testcase>
    <testcase time="0.0119999999999436" classname="graphs_other_ltg01" name="graphs_other_ltg01.qmd_plot_v52_development">
      <skipped message="Reason: On CI ('test-graphs-other-ltg01.R:1:1')"/>
    </testcase>
    <testcase time="0.0120000000000573" classname="graphs_other_ltg01" name="graphs_other_ltg01.qmd_plot_v53_development">
      <skipped message="Reason: On CI ('test-graphs-other-ltg01.R:1:1')"/>
    </testcase>
  </testsuite>
  <testsuite name="graphs-other-mng01" timestamp="2024-05-14T14:25:47Z" hostname="8769d6d4f3fb" tests="7" skipped="7" failures="0" errors="0" time="0.473">
    <testcase time="0.173999999999978" classname="graphs_other_mng01" name="graphs_other_mng01.qmd_plot_v1_development">
      <skipped message="Reason: On CI ('test-graphs-other-mng01.R:1:1')"/>
    </testcase>
    <testcase time="0.0130000000000337" classname="graphs_other_mng01" name="graphs_other_mng01.qmd_plot_v2_development">
      <skipped message="Reason: On CI ('test-graphs-other-mng01.R:1:1')"/>
    </testcase>
    <testcase time="0.0119999999999436" classname="graphs_other_mng01" name="graphs_other_mng01.qmd_plot_v3_development">
      <skipped message="Reason: On CI ('test-graphs-other-mng01.R:1:1')"/>
    </testcase>
    <testcase time="0.0110000000000809" classname="graphs_other_mng01" name="graphs_other_mng01.qmd_plot_v4_development">
      <skipped message="Reason: On CI ('test-graphs-other-mng01.R:1:1')"/>
    </testcase>
    <testcase time="0.0119999999999436" classname="graphs_other_mng01" name="graphs_other_mng01.qmd_plot_v5_development">
      <skipped message="Reason: On CI ('test-graphs-other-mng01.R:1:1')"/>
    </testcase>
    <testcase time="0.0109999999999673" classname="graphs_other_mng01" name="graphs_other_mng01.qmd_plot_v6_development">
      <skipped message="Reason: On CI ('test-graphs-other-mng01.R:1:1')"/>
    </testcase>
    <testcase time="0.240000000000009" classname="graphs_other_mng01" name="graphs_other_mng01.qmd_plot_v7_development">
      <skipped message="Reason: On CI ('test-graphs-other-mng01.R:1:1')"/>
    </testcase>
  </testsuite>
  <testsuite name="graphs-pharmacokinetic-pkcg01" timestamp="2024-05-14T14:25:47Z" hostname="8769d6d4f3fb" tests="2" skipped="2" failures="0" errors="0" time="0.046">
    <testcase time="0.0339999999999918" classname="graphs_pharmacokinetic_pkcg01" name="graphs_pharmacokinetic_pkcg01.qmd_plot_v1_development">
      <skipped message="Reason: On CI ('test-graphs-pharmacokinetic-pkcg01.R:1:1')"/>
    </testcase>
    <testcase time="0.0120000000000573" classname="graphs_pharmacokinetic_pkcg01" name="graphs_pharmacokinetic_pkcg01.qmd_plot_v2_development">
      <skipped message="Reason: On CI ('test-graphs-pharmacokinetic-pkcg01.R:1:1')"/>
    </testcase>
  </testsuite>
  <testsuite name="graphs-pharmacokinetic-pkcg02" timestamp="2024-05-14T14:25:47Z" hostname="8769d6d4f3fb" tests="2" skipped="2" failures="0" errors="0" time="0.048">
    <testcase time="0.0359999999999445" classname="graphs_pharmacokinetic_pkcg02" name="graphs_pharmacokinetic_pkcg02.qmd_plot_v1_development">
      <skipped message="Reason: On CI ('test-graphs-pharmacokinetic-pkcg02.R:1:1')"/>
    </testcase>
    <testcase time="0.0120000000000573" classname="graphs_pharmacokinetic_pkcg02" name="graphs_pharmacokinetic_pkcg02.qmd_plot_v2_development">
      <skipped message="Reason: On CI ('test-graphs-pharmacokinetic-pkcg02.R:1:1')"/>
    </testcase>
  </testsuite>
  <testsuite name="graphs-pharmacokinetic-pkcg03" timestamp="2024-05-14T14:25:47Z" hostname="8769d6d4f3fb" tests="2" skipped="2" failures="0" errors="0" time="0.062">
    <testcase time="0.0489999999999782" classname="graphs_pharmacokinetic_pkcg03" name="graphs_pharmacokinetic_pkcg03.qmd_plot_v1_development">
      <skipped message="Reason: On CI ('test-graphs-pharmacokinetic-pkcg03.R:1:1')"/>
    </testcase>
    <testcase time="0.0130000000000337" classname="graphs_pharmacokinetic_pkcg03" name="graphs_pharmacokinetic_pkcg03.qmd_plot_v2_development">
      <skipped message="Reason: On CI ('test-graphs-pharmacokinetic-pkcg03.R:1:1')"/>
    </testcase>
  </testsuite>
  <testsuite name="graphs-pharmacokinetic-pkpg01" timestamp="2024-05-14T14:25:47Z" hostname="8769d6d4f3fb" tests="2" skipped="2" failures="0" errors="0" time="0.061">
    <testcase time="0.0480000000000018" classname="graphs_pharmacokinetic_pkpg01" name="graphs_pharmacokinetic_pkpg01.qmd_plot_v1_development">
      <skipped message="Reason: On CI ('test-graphs-pharmacokinetic-pkpg01.R:1:1')"/>
    </testcase>
    <testcase time="0.01299999999992" classname="graphs_pharmacokinetic_pkpg01" name="graphs_pharmacokinetic_pkpg01.qmd_plot_v2_development">
      <skipped message="Reason: On CI ('test-graphs-pharmacokinetic-pkpg01.R:1:1')"/>
    </testcase>
  </testsuite>
  <testsuite name="graphs-pharmacokinetic-pkpg02" timestamp="2024-05-14T14:25:47Z" hostname="8769d6d4f3fb" tests="2" skipped="2" failures="0" errors="0" time="0.077">
    <testcase time="0.0640000000000782" classname="graphs_pharmacokinetic_pkpg02" name="graphs_pharmacokinetic_pkpg02.qmd_plot_v1_development">
      <skipped message="Reason: On CI ('test-graphs-pharmacokinetic-pkpg02.R:1:1')"/>
    </testcase>
    <testcase time="0.01299999999992" classname="graphs_pharmacokinetic_pkpg02" name="graphs_pharmacokinetic_pkpg02.qmd_plot_v2_development">
      <skipped message="Reason: On CI ('test-graphs-pharmacokinetic-pkpg02.R:1:1')"/>
    </testcase>
  </testsuite>
  <testsuite name="graphs-pharmacokinetic-pkpg03" timestamp="2024-05-14T14:25:47Z" hostname="8769d6d4f3fb" tests="1" skipped="1" failures="0" errors="0" time="0.046">
    <testcase time="0.0460000000000491" classname="graphs_pharmacokinetic_pkpg03" name="graphs_pharmacokinetic_pkpg03.qmd_plot_v1_development">
      <skipped message="Reason: On CI ('test-graphs-pharmacokinetic-pkpg03.R:1:1')"/>
    </testcase>
  </testsuite>
  <testsuite name="graphs-pharmacokinetic-pkpg04" timestamp="2024-05-14T14:25:47Z" hostname="8769d6d4f3fb" tests="1" skipped="1" failures="0" errors="0" time="0.056">
    <testcase time="0.05600000000004" classname="graphs_pharmacokinetic_pkpg04" name="graphs_pharmacokinetic_pkpg04.qmd_plot_v1_development">
      <skipped message="Reason: On CI ('test-graphs-pharmacokinetic-pkpg04.R:1:1')"/>
    </testcase>
  </testsuite>
  <testsuite name="graphs-pharmacokinetic-pkpg06" timestamp="2024-05-14T14:25:47Z" hostname="8769d6d4f3fb" tests="4" skipped="4" failures="0" errors="0" time="0.076">
    <testcase time="0.0379999999998972" classname="graphs_pharmacokinetic_pkpg06" name="graphs_pharmacokinetic_pkpg06.qmd_plot_v1_development">
      <skipped message="Reason: On CI ('test-graphs-pharmacokinetic-pkpg06.R:1:1')"/>
    </testcase>
    <testcase time="0.0130000000000337" classname="graphs_pharmacokinetic_pkpg06" name="graphs_pharmacokinetic_pkpg06.qmd_plot_v2_development">
      <skipped message="Reason: On CI ('test-graphs-pharmacokinetic-pkpg06.R:1:1')"/>
    </testcase>
    <testcase time="0.0120000000000573" classname="graphs_pharmacokinetic_pkpg06" name="graphs_pharmacokinetic_pkpg06.qmd_plot_v3_development">
      <skipped message="Reason: On CI ('test-graphs-pharmacokinetic-pkpg06.R:1:1')"/>
    </testcase>
    <testcase time="0.01299999999992" classname="graphs_pharmacokinetic_pkpg06" name="graphs_pharmacokinetic_pkpg06.qmd_plot_v4_development">
      <skipped message="Reason: On CI ('test-graphs-pharmacokinetic-pkpg06.R:1:1')"/>
    </testcase>
  </testsuite>
  <testsuite name="listings-ADA-adal02" timestamp="2024-05-14T14:25:47Z" hostname="8769d6d4f3fb" tests="1" skipped="1" failures="0" errors="0" time="0.038">
    <testcase time="0.0380000000000109" classname="listings_ADA_adal02" name="listings_ADA_adal02.qmd_lsting_development">
      <skipped message="Reason: On CRAN ('test-listings-ADA-adal02.R:1:1')"/>
    </testcase>
  </testsuite>
  <testsuite name="listings-ECG-egl01" timestamp="2024-05-14T14:25:47Z" hostname="8769d6d4f3fb" tests="1" skipped="1" failures="0" errors="0" time="0.049">
    <testcase time="0.0489999999999782" classname="listings_ECG_egl01" name="listings_ECG_egl01.qmd_lsting_development">
      <skipped message="Reason: On CRAN ('test-listings-ECG-egl01.R:1:1')"/>
    </testcase>
  </testsuite>
  <testsuite name="listings-adverse-events-ael01" timestamp="2024-05-14T14:25:48Z" hostname="8769d6d4f3fb" tests="1" skipped="1" failures="0" errors="0" time="0.03">
    <testcase time="0.0300000000000864" classname="listings_adverse_events_ael01" name="listings_adverse_events_ael01.qmd_lsting_development">
      <skipped message="Reason: On CRAN ('test-listings-adverse-events-ael01.R:1:1')"/>
    </testcase>
  </testsuite>
  <testsuite name="listings-adverse-events-ael01_nollt" timestamp="2024-05-14T14:25:48Z" hostname="8769d6d4f3fb" tests="1" skipped="1" failures="0" errors="0" time="0.029">
    <testcase time="0.0289999999999964" classname="listings_adverse_events_ael01_nollt" name="listings_adverse_events_ael01_nollt.qmd_lsting_development">
      <skipped message="Reason: On CRAN ('test-listings-adverse-events-ael01_nollt.R:1:1')"/>
    </testcase>
  </testsuite>
  <testsuite name="listings-adverse-events-ael02" timestamp="2024-05-14T14:25:48Z" hostname="8769d6d4f3fb" tests="1" skipped="1" failures="0" errors="0" time="0.052">
    <testcase time="0.0520000000000209" classname="listings_adverse_events_ael02" name="listings_adverse_events_ael02.qmd_lsting_development">
      <skipped message="Reason: On CRAN ('test-listings-adverse-events-ael02.R:1:1')"/>
    </testcase>
  </testsuite>
  <testsuite name="listings-adverse-events-ael02_ed" timestamp="2024-05-14T14:25:48Z" hostname="8769d6d4f3fb" tests="1" skipped="1" failures="0" errors="0" time="0.055">
    <testcase time="0.05499999999995" classname="listings_adverse_events_ael02_ed" name="listings_adverse_events_ael02_ed.qmd_lsting_development">
      <skipped message="Reason: On CRAN ('test-listings-adverse-events-ael02_ed.R:1:1')"/>
    </testcase>
  </testsuite>
  <testsuite name="listings-adverse-events-ael03" timestamp="2024-05-14T14:25:48Z" hostname="8769d6d4f3fb" tests="1" skipped="1" failures="0" errors="0" time="0.049">
    <testcase time="0.0489999999999782" classname="listings_adverse_events_ael03" name="listings_adverse_events_ael03.qmd_lsting_development">
      <skipped message="Reason: On CRAN ('test-listings-adverse-events-ael03.R:1:1')"/>
    </testcase>
  </testsuite>
  <testsuite name="listings-adverse-events-ael04" timestamp="2024-05-14T14:25:48Z" hostname="8769d6d4f3fb" tests="1" skipped="1" failures="0" errors="0" time="0.048">
    <testcase time="0.0480000000000018" classname="listings_adverse_events_ael04" name="listings_adverse_events_ael04.qmd_lsting_development">
      <skipped message="Reason: On CRAN ('test-listings-adverse-events-ael04.R:1:1')"/>
    </testcase>
  </testsuite>
  <testsuite name="listings-concomitant-medications-cml01" timestamp="2024-05-14T14:25:48Z" hostname="8769d6d4f3fb" tests="1" skipped="1" failures="0" errors="0" time="0.053">
    <testcase time="0.0529999999999973" classname="listings_concomitant_medications_cml01" name="listings_concomitant_medications_cml01.qmd_lsting_development">
      <skipped message="Reason: On CRAN ('test-listings-concomitant-medications-cml01.R:1:1')"/>
    </testcase>
  </testsuite>
  <testsuite name="listings-concomitant-medications-cml02a_gl" timestamp="2024-05-14T14:25:48Z" hostname="8769d6d4f3fb" tests="1" skipped="1" failures="0" errors="0" time="0.029">
    <testcase time="0.0289999999999964" classname="listings_concomitant_medications_cml02a_gl" name="listings_concomitant_medications_cml02a_gl.qmd_lsting_development">
      <skipped message="Reason: On CRAN ('test-listings-concomitant-medications-cml02a_gl.R:1:1')"/>
    </testcase>
  </testsuite>
  <testsuite name="listings-concomitant-medications-cml02b_gl" timestamp="2024-05-14T14:25:48Z" hostname="8769d6d4f3fb" tests="1" skipped="1" failures="0" errors="0" time="0.033">
    <testcase time="0.0330000000000155" classname="listings_concomitant_medications_cml02b_gl" name="listings_concomitant_medications_cml02b_gl.qmd_lsting_development">
      <skipped message="Reason: On CRAN ('test-listings-concomitant-medications-cml02b_gl.R:1:1')"/>
    </testcase>
  </testsuite>
  <testsuite name="listings-development-safety-update-report-dsur4" timestamp="2024-05-14T14:25:48Z" hostname="8769d6d4f3fb" tests="1" skipped="1" failures="0" errors="0" time="0.031">
    <testcase time="0.0310000000000628" classname="listings_development_safety_update_report_dsur4" name="listings_development_safety_update_report_dsur4.qmd_lsting_development">
      <skipped message="Reason: On CRAN ('test-listings-development-safety-update-report-dsur4.R:1:1')"/>
    </testcase>
  </testsuite>
  <testsuite name="listings-disposition-dsl01" timestamp="2024-05-14T14:25:48Z" hostname="8769d6d4f3fb" tests="1" skipped="1" failures="0" errors="0" time="0.036">
    <testcase time="0.0359999999999445" classname="listings_disposition_dsl01" name="listings_disposition_dsl01.qmd_lsting_development">
      <skipped message="Reason: On CRAN ('test-listings-disposition-dsl01.R:1:1')"/>
    </testcase>
  </testsuite>
  <testsuite name="listings-disposition-dsl02" timestamp="2024-05-14T14:25:48Z" hostname="8769d6d4f3fb" tests="1" skipped="1" failures="0" errors="0" time="0.038">
    <testcase time="0.0380000000000109" classname="listings_disposition_dsl02" name="listings_disposition_dsl02.qmd_lsting_development">
      <skipped message="Reason: On CRAN ('test-listings-disposition-dsl02.R:1:1')"/>
    </testcase>
  </testsuite>
  <testsuite name="listings-efficacy-oncl01" timestamp="2024-05-14T14:25:48Z" hostname="8769d6d4f3fb" tests="1" skipped="1" failures="0" errors="0" time="0.041">
    <testcase time="0.04099999999994" classname="listings_efficacy_oncl01" name="listings_efficacy_oncl01.qmd_lsting_development">
      <skipped message="Reason: On CRAN ('test-listings-efficacy-oncl01.R:1:1')"/>
    </testcase>
  </testsuite>
  <testsuite name="listings-exposure-exl01" timestamp="2024-05-14T14:25:48Z" hostname="8769d6d4f3fb" tests="1" skipped="1" failures="0" errors="0" time="0.043">
    <testcase time="0.0430000000000064" classname="listings_exposure_exl01" name="listings_exposure_exl01.qmd_lsting_development">
      <skipped message="Reason: On CRAN ('test-listings-exposure-exl01.R:1:1')"/>
    </testcase>
  </testsuite>
  <testsuite name="listings-lab-results-lbl01" timestamp="2024-05-14T14:25:48Z" hostname="8769d6d4f3fb" tests="1" skipped="1" failures="0" errors="0" time="0.041">
    <testcase time="0.04099999999994" classname="listings_lab_results_lbl01" name="listings_lab_results_lbl01.qmd_lsting_development">
      <skipped message="Reason: On CRAN ('test-listings-lab-results-lbl01.R:1:1')"/>
    </testcase>
  </testsuite>
  <testsuite name="listings-lab-results-lbl01_rls" timestamp="2024-05-14T14:25:48Z" hostname="8769d6d4f3fb" tests="1" skipped="1" failures="0" errors="0" time="0.041">
    <testcase time="0.0410000000000537" classname="listings_lab_results_lbl01_rls" name="listings_lab_results_lbl01_rls.qmd_lsting_development">
      <skipped message="Reason: On CRAN ('test-listings-lab-results-lbl01_rls.R:1:1')"/>
    </testcase>
  </testsuite>
  <testsuite name="listings-lab-results-lbl02a" timestamp="2024-05-14T14:25:48Z" hostname="8769d6d4f3fb" tests="1" skipped="1" failures="0" errors="0" time="0.042">
    <testcase time="0.0419999999999163" classname="listings_lab_results_lbl02a" name="listings_lab_results_lbl02a.qmd_lsting_development">
      <skipped message="Reason: On CRAN ('test-listings-lab-results-lbl02a.R:1:1')"/>
    </testcase>
  </testsuite>
  <testsuite name="listings-lab-results-lbl02a_rls" timestamp="2024-05-14T14:25:48Z" hostname="8769d6d4f3fb" tests="1" skipped="1" failures="0" errors="0" time="0.056">
    <testcase time="0.05600000000004" classname="listings_lab_results_lbl02a_rls" name="listings_lab_results_lbl02a_rls.qmd_lsting_development">
      <skipped message="Reason: On CRAN ('test-listings-lab-results-lbl02a_rls.R:1:1')"/>
    </testcase>
  </testsuite>
  <testsuite name="listings-lab-results-lbl02b" timestamp="2024-05-14T14:25:48Z" hostname="8769d6d4f3fb" tests="1" skipped="1" failures="0" errors="0" time="0.044">
    <testcase time="0.0439999999999827" classname="listings_lab_results_lbl02b" name="listings_lab_results_lbl02b.qmd_lsting_development">
      <skipped message="Reason: On CRAN ('test-listings-lab-results-lbl02b.R:1:1')"/>
    </testcase>
  </testsuite>
  <testsuite name="listings-medical-history-mhl01" timestamp="2024-05-14T14:25:48Z" hostname="8769d6d4f3fb" tests="1" skipped="1" failures="0" errors="0" time="0.047">
    <testcase time="0.0470000000000255" classname="listings_medical_history_mhl01" name="listings_medical_history_mhl01.qmd_lsting_development">
      <skipped message="Reason: On CRAN ('test-listings-medical-history-mhl01.R:1:1')"/>
    </testcase>
  </testsuite>
  <testsuite name="listings-pharmacokinetic-pkcl01" timestamp="2024-05-14T14:25:48Z" hostname="8769d6d4f3fb" tests="1" skipped="1" failures="0" errors="0" time="0.042">
    <testcase time="0.04200000000003" classname="listings_pharmacokinetic_pkcl01" name="listings_pharmacokinetic_pkcl01.qmd_lsting_development">
      <skipped message="Reason: On CRAN ('test-listings-pharmacokinetic-pkcl01.R:1:1')"/>
    </testcase>
  </testsuite>
  <testsuite name="listings-pharmacokinetic-pkcl02" timestamp="2024-05-14T14:25:48Z" hostname="8769d6d4f3fb" tests="1" skipped="1" failures="0" errors="0" time="0.066">
    <testcase time="0.0659999999999172" classname="listings_pharmacokinetic_pkcl02" name="listings_pharmacokinetic_pkcl02.qmd_lsting_development">
      <skipped message="Reason: On CRAN ('test-listings-pharmacokinetic-pkcl02.R:1:1')"/>
    </testcase>
  </testsuite>
  <testsuite name="listings-pharmacokinetic-pkpl01" timestamp="2024-05-14T14:25:48Z" hostname="8769d6d4f3fb" tests="1" skipped="1" failures="0" errors="0" time="0.038">
    <testcase time="0.0380000000000109" classname="listings_pharmacokinetic_pkpl01" name="listings_pharmacokinetic_pkpl01.qmd_lsting_development">
      <skipped message="Reason: On CRAN ('test-listings-pharmacokinetic-pkpl01.R:1:1')"/>
    </testcase>
  </testsuite>
  <testsuite name="listings-pharmacokinetic-pkpl02" timestamp="2024-05-14T14:25:49Z" hostname="8769d6d4f3fb" tests="1" skipped="1" failures="0" errors="0" time="0.04">
    <testcase time="0.0400000000000773" classname="listings_pharmacokinetic_pkpl02" name="listings_pharmacokinetic_pkpl02.qmd_lsting_development">
      <skipped message="Reason: On CRAN ('test-listings-pharmacokinetic-pkpl02.R:1:1')"/>
    </testcase>
  </testsuite>
  <testsuite name="listings-pharmacokinetic-pkpl04" timestamp="2024-05-14T14:25:49Z" hostname="8769d6d4f3fb" tests="1" skipped="1" failures="0" errors="0" time="0.042">
    <testcase time="0.0419999999999163" classname="listings_pharmacokinetic_pkpl04" name="listings_pharmacokinetic_pkpl04.qmd_lsting_development">
      <skipped message="Reason: On CRAN ('test-listings-pharmacokinetic-pkpl04.R:1:1')"/>
    </testcase>
  </testsuite>
  <testsuite name="listings-vital-signs-vsl01" timestamp="2024-05-14T14:25:49Z" hostname="8769d6d4f3fb" tests="1" skipped="1" failures="0" errors="0" time="0.061">
    <testcase time="0.0610000000000355" classname="listings_vital_signs_vsl01" name="listings_vital_signs_vsl01.qmd_lsting_development">
      <skipped message="Reason: On CRAN ('test-listings-vital-signs-vsl01.R:1:1')"/>
    </testcase>
  </testsuite>
  <testsuite name="tables-ADA-adat01" timestamp="2024-05-14T14:25:49Z" hostname="8769d6d4f3fb" tests="1" skipped="1" failures="0" errors="0" time="0.213">
    <testcase time="0.212999999999965" classname="tables_ADA_adat01" name="tables_ADA_adat01.qmd_result_v1_development">
      <skipped message="Reason: On CRAN ('test-tables-ADA-adat01.R:1:1')"/>
    </testcase>
  </testsuite>
  <testsuite name="tables-ADA-adat02" timestamp="2024-05-14T14:25:49Z" hostname="8769d6d4f3fb" tests="1" skipped="1" failures="0" errors="0" time="0.072">
    <testcase time="0.0720000000000027" classname="tables_ADA_adat02" name="tables_ADA_adat02.qmd_result_v1_development">
      <skipped message="Reason: On CRAN ('test-tables-ADA-adat02.R:1:1')"/>
    </testcase>
  </testsuite>
  <testsuite name="tables-ADA-adat03" timestamp="2024-05-14T14:25:49Z" hostname="8769d6d4f3fb" tests="1" skipped="1" failures="0" errors="0" time="0.314">
    <testcase time="0.314000000000078" classname="tables_ADA_adat03" name="tables_ADA_adat03.qmd_result_v1_development">
      <skipped message="Reason: On CRAN ('test-tables-ADA-adat03.R:1:1')"/>
    </testcase>
  </testsuite>
  <testsuite name="tables-ADA-adat04a" timestamp="2024-05-14T14:25:49Z" hostname="8769d6d4f3fb" tests="1" skipped="1" failures="0" errors="0" time="0.159">
    <testcase time="0.158999999999992" classname="tables_ADA_adat04a" name="tables_ADA_adat04a.qmd_result_v1_development">
      <skipped message="Reason: On CRAN ('test-tables-ADA-adat04a.R:1:1')"/>
    </testcase>
  </testsuite>
  <testsuite name="tables-ADA-adat04b" timestamp="2024-05-14T14:25:49Z" hostname="8769d6d4f3fb" tests="1" skipped="1" failures="0" errors="0" time="0.138">
    <testcase time="0.13799999999992" classname="tables_ADA_adat04b" name="tables_ADA_adat04b.qmd_result_v1_development">
      <skipped message="Reason: On CRAN ('test-tables-ADA-adat04b.R:1:1')"/>
    </testcase>
  </testsuite>
  <testsuite name="tables-ECG-egt01" timestamp="2024-05-14T14:25:50Z" hostname="8769d6d4f3fb" tests="1" skipped="1" failures="0" errors="0" time="0.529">
    <testcase time="0.52900000000011" classname="tables_ECG_egt01" name="tables_ECG_egt01.qmd_result_v1_development">
      <skipped message="Reason: On CRAN ('test-tables-ECG-egt01.R:1:1')"/>
    </testcase>
  </testsuite>
  <testsuite name="tables-ECG-egt02" timestamp="2024-05-14T14:25:50Z" hostname="8769d6d4f3fb" tests="2" skipped="2" failures="0" errors="0" time="0.139">
    <testcase time="0.0739999999999554" classname="tables_ECG_egt02" name="tables_ECG_egt02.qmd_result_v1_development">
      <skipped message="Reason: On CRAN ('test-tables-ECG-egt02.R:1:1')"/>
    </testcase>
    <testcase time="0.0649999999999409" classname="tables_ECG_egt02" name="tables_ECG_egt02.qmd_result_v2_development">
      <skipped message="Reason: On CRAN ('test-tables-ECG-egt02.R:1:1')"/>
    </testcase>
  </testsuite>
  <testsuite name="tables-ECG-egt03" timestamp="2024-05-14T14:25:51Z" hostname="8769d6d4f3fb" tests="2" skipped="2" failures="0" errors="0" time="1.394">
    <testcase time="1.29300000000001" classname="tables_ECG_egt03" name="tables_ECG_egt03.qmd_result_v1_development">
      <skipped message="Reason: On CRAN ('test-tables-ECG-egt03.R:1:1')"/>
    </testcase>
    <testcase time="0.100999999999999" classname="tables_ECG_egt03" name="tables_ECG_egt03.qmd_result_v2_development">
      <skipped message="Reason: On CRAN ('test-tables-ECG-egt03.R:1:1')"/>
    </testcase>
  </testsuite>
  <testsuite name="tables-ECG-egt04" timestamp="2024-05-14T14:25:52Z" hostname="8769d6d4f3fb" tests="1" skipped="1" failures="0" errors="0" time="0.172">
    <testcase time="0.172000000000025" classname="tables_ECG_egt04" name="tables_ECG_egt04.qmd_result_v1_development">
      <skipped message="Reason: On CRAN ('test-tables-ECG-egt04.R:1:1')"/>
    </testcase>
  </testsuite>
  <testsuite name="tables-ECG-egt05_qtcat" timestamp="2024-05-14T14:25:52Z" hostname="8769d6d4f3fb" tests="1" skipped="1" failures="0" errors="0" time="0.305">
    <testcase time="0.305000000000064" classname="tables_ECG_egt05_qtcat" name="tables_ECG_egt05_qtcat.qmd_result_v1_development">
      <skipped message="Reason: On CRAN ('test-tables-ECG-egt05_qtcat.R:1:1')"/>
    </testcase>
  </testsuite>
  <testsuite name="tables-adverse-events-aet01" timestamp="2024-05-14T14:25:52Z" hostname="8769d6d4f3fb" tests="4" skipped="4" failures="0" errors="0" time="0.673">
    <testcase time="0.370000000000005" classname="tables_adverse_events_aet01" name="tables_adverse_events_aet01.qmd_result_v1_development">
      <skipped message="Reason: On CRAN ('test-tables-adverse-events-aet01.R:1:1')"/>
    </testcase>
    <testcase time="0.107999999999947" classname="tables_adverse_events_aet01" name="tables_adverse_events_aet01.qmd_result_v2_development">
      <skipped message="Reason: On CRAN ('test-tables-adverse-events-aet01.R:1:1')"/>
    </testcase>
    <testcase time="0.0819999999999936" classname="tables_adverse_events_aet01" name="tables_adverse_events_aet01.qmd_result_v3_development">
      <skipped message="Reason: On CRAN ('test-tables-adverse-events-aet01.R:1:1')"/>
    </testcase>
    <testcase time="0.113000000000056" classname="tables_adverse_events_aet01" name="tables_adverse_events_aet01.qmd_result_v4_development">
      <skipped message="Reason: On CRAN ('test-tables-adverse-events-aet01.R:1:1')"/>
    </testcase>
  </testsuite>
  <testsuite name="tables-adverse-events-aet01_aesi" timestamp="2024-05-14T14:25:53Z" hostname="8769d6d4f3fb" tests="4" skipped="4" failures="0" errors="0" time="0.606">
    <testcase time="0.120000000000005" classname="tables_adverse_events_aet01_aesi" name="tables_adverse_events_aet01_aesi.qmd_result_v1_development">
      <skipped message="Reason: On CRAN ('test-tables-adverse-events-aet01_aesi.R:1:1')"/>
    </testcase>
    <testcase time="0.146999999999935" classname="tables_adverse_events_aet01_aesi" name="tables_adverse_events_aet01_aesi.qmd_result_v2_development">
      <skipped message="Reason: On CRAN ('test-tables-adverse-events-aet01_aesi.R:1:1')"/>
    </testcase>
    <testcase time="0.19399999999996" classname="tables_adverse_events_aet01_aesi" name="tables_adverse_events_aet01_aesi.qmd_result_v3_development">
      <skipped message="Reason: On CRAN ('test-tables-adverse-events-aet01_aesi.R:1:1')"/>
    </testcase>
    <testcase time="0.145000000000095" classname="tables_adverse_events_aet01_aesi" name="tables_adverse_events_aet01_aesi.qmd_result_v4_development">
      <skipped message="Reason: On CRAN ('test-tables-adverse-events-aet01_aesi.R:1:1')"/>
    </testcase>
  </testsuite>
  <testsuite name="tables-adverse-events-aet02" timestamp="2024-05-14T14:25:54Z" hostname="8769d6d4f3fb" tests="13" skipped="13" failures="0" errors="0" time="1.776">
    <testcase time="0.308999999999969" classname="tables_adverse_events_aet02" name="tables_adverse_events_aet02.qmd_result_v1_development">
      <skipped message="Reason: On CRAN ('test-tables-adverse-events-aet02.R:1:1')"/>
    </testcase>
    <testcase time="0.164999999999964" classname="tables_adverse_events_aet02" name="tables_adverse_events_aet02.qmd_result_v2_development">
      <skipped message="Reason: On CRAN ('test-tables-adverse-events-aet02.R:1:1')"/>
    </testcase>
    <testcase time="0.166000000000054" classname="tables_adverse_events_aet02" name="tables_adverse_events_aet02.qmd_result_v3_development">
      <skipped message="Reason: On CRAN ('test-tables-adverse-events-aet02.R:1:1')"/>
    </testcase>
    <testcase time="0.255999999999972" classname="tables_adverse_events_aet02" name="tables_adverse_events_aet02.qmd_result_v4_development">
      <skipped message="Reason: On CRAN ('test-tables-adverse-events-aet02.R:1:1')"/>
    </testcase>
    <testcase time="0.0779999999999745" classname="tables_adverse_events_aet02" name="tables_adverse_events_aet02.qmd_result_v5_development">
      <skipped message="Reason: On CRAN ('test-tables-adverse-events-aet02.R:1:1')"/>
    </testcase>
    <testcase time="0.152000000000044" classname="tables_adverse_events_aet02" name="tables_adverse_events_aet02.qmd_result_v6_development">
      <skipped message="Reason: On CRAN ('test-tables-adverse-events-aet02.R:1:1')"/>
    </testcase>
    <testcase time="0.0929999999999609" classname="tables_adverse_events_aet02" name="tables_adverse_events_aet02.qmd_result_v7_development">
      <skipped message="Reason: On CRAN ('test-tables-adverse-events-aet02.R:1:1')"/>
    </testcase>
    <testcase time="0.129000000000019" classname="tables_adverse_events_aet02" name="tables_adverse_events_aet02.qmd_result_v8_development">
      <skipped message="Reason: On CRAN ('test-tables-adverse-events-aet02.R:1:1')"/>
    </testcase>
    <testcase time="0.0929999999999609" classname="tables_adverse_events_aet02" name="tables_adverse_events_aet02.qmd_result_v9_development">
      <skipped message="Reason: On CRAN ('test-tables-adverse-events-aet02.R:1:1')"/>
    </testcase>
    <testcase time="0.0919999999999845" classname="tables_adverse_events_aet02" name="tables_adverse_events_aet02.qmd_result_v10_development">
      <skipped message="Reason: On CRAN ('test-tables-adverse-events-aet02.R:1:1')"/>
    </testcase>
    <testcase time="0.0740000000000691" classname="tables_adverse_events_aet02" name="tables_adverse_events_aet02.qmd_result_v11_development">
      <skipped message="Reason: On CRAN ('test-tables-adverse-events-aet02.R:1:1')"/>
    </testcase>
    <testcase time="0.0929999999999609" classname="tables_adverse_events_aet02" name="tables_adverse_events_aet02.qmd_result_v12_development">
      <skipped message="Reason: On CRAN ('test-tables-adverse-events-aet02.R:1:1')"/>
    </testcase>
    <testcase time="0.0760000000000218" classname="tables_adverse_events_aet02" name="tables_adverse_events_aet02.qmd_result_v13_development">
      <skipped message="Reason: On CRAN ('test-tables-adverse-events-aet02.R:1:1')"/>
    </testcase>
  </testsuite>
  <testsuite name="tables-adverse-events-aet02_smq" timestamp="2024-05-14T14:25:55Z" hostname="8769d6d4f3fb" tests="2" skipped="2" failures="0" errors="0" time="0.155">
    <testcase time="0.06899999999996" classname="tables_adverse_events_aet02_smq" name="tables_adverse_events_aet02_smq.qmd_result_v1_development">
      <skipped message="Reason: On CRAN ('test-tables-adverse-events-aet02_smq.R:1:1')"/>
    </testcase>
    <testcase time="0.0860000000000127" classname="tables_adverse_events_aet02_smq" name="tables_adverse_events_aet02_smq.qmd_result_v2_development">
      <skipped message="Reason: On CRAN ('test-tables-adverse-events-aet02_smq.R:1:1')"/>
    </testcase>
  </testsuite>
  <testsuite name="tables-adverse-events-aet03" timestamp="2024-05-14T14:25:55Z" hostname="8769d6d4f3fb" tests="1" skipped="1" failures="0" errors="0" time="0.336">
    <testcase time="0.336000000000013" classname="tables_adverse_events_aet03" name="tables_adverse_events_aet03.qmd_result_v1_development">
      <skipped message="Reason: On CRAN ('test-tables-adverse-events-aet03.R:1:1')"/>
    </testcase>
  </testsuite>
  <testsuite name="tables-adverse-events-aet04" timestamp="2024-05-14T14:25:56Z" hostname="8769d6d4f3fb" tests="8" skipped="8" failures="0" errors="0" time="3.323">
    <testcase time="0.581999999999994" classname="tables_adverse_events_aet04" name="tables_adverse_events_aet04.qmd_result_v1_development">
      <skipped message="Reason: On CRAN ('test-tables-adverse-events-aet04.R:1:1')"/>
    </testcase>
    <testcase time="0.341000000000008" classname="tables_adverse_events_aet04" name="tables_adverse_events_aet04.qmd_result_v2_development">
      <skipped message="Reason: On CRAN ('test-tables-adverse-events-aet04.R:1:1')"/>
    </testcase>
    <testcase time="0.654999999999973" classname="tables_adverse_events_aet04" name="tables_adverse_events_aet04.qmd_result_v3_development">
      <skipped message="Reason: On CRAN ('test-tables-adverse-events-aet04.R:1:1')"/>
    </testcase>
    <testcase time="0.358000000000061" classname="tables_adverse_events_aet04" name="tables_adverse_events_aet04.qmd_result_v4_development">
      <skipped message="Reason: On CRAN ('test-tables-adverse-events-aet04.R:1:1')"/>
    </testcase>
    <testcase time="0.346000000000004" classname="tables_adverse_events_aet04" name="tables_adverse_events_aet04.qmd_result_v6_development">
      <skipped message="Reason: On CRAN ('test-tables-adverse-events-aet04.R:1:1')"/>
    </testcase>
    <testcase time="0.348999999999933" classname="tables_adverse_events_aet04" name="tables_adverse_events_aet04.qmd_result_v8_development">
      <skipped message="Reason: On CRAN ('test-tables-adverse-events-aet04.R:1:1')"/>
    </testcase>
    <testcase time="0.347000000000094" classname="tables_adverse_events_aet04" name="tables_adverse_events_aet04.qmd_result_v9_development">
      <skipped message="Reason: On CRAN ('test-tables-adverse-events-aet04.R:1:1')"/>
    </testcase>
    <testcase time="0.344999999999914" classname="tables_adverse_events_aet04" name="tables_adverse_events_aet04.qmd_result_v11_development">
      <skipped message="Reason: On CRAN ('test-tables-adverse-events-aet04.R:1:1')"/>
    </testcase>
  </testsuite>
  <testsuite name="tables-adverse-events-aet04_pi" timestamp="2024-05-14T14:25:59Z" hostname="8769d6d4f3fb" tests="8" skipped="8" failures="0" errors="0" time="1.775">
    <testcase time="0.684000000000083" classname="tables_adverse_events_aet04_pi" name="tables_adverse_events_aet04_pi.qmd_result_v1_development">
      <skipped message="Reason: On CRAN ('test-tables-adverse-events-aet04_pi.R:1:1')"/>
    </testcase>
    <testcase time="0.0779999999999745" classname="tables_adverse_events_aet04_pi" name="tables_adverse_events_aet04_pi.qmd_result_v2_development">
      <skipped message="Reason: On CRAN ('test-tables-adverse-events-aet04_pi.R:1:1')"/>
    </testcase>
    <testcase time="0.454999999999927" classname="tables_adverse_events_aet04_pi" name="tables_adverse_events_aet04_pi.qmd_result_v3_development">
      <skipped message="Reason: On CRAN ('test-tables-adverse-events-aet04_pi.R:1:1')"/>
    </testcase>
    <testcase time="0.0690000000000737" classname="tables_adverse_events_aet04_pi" name="tables_adverse_events_aet04_pi.qmd_result_v4_development">
      <skipped message="Reason: On CRAN ('test-tables-adverse-events-aet04_pi.R:1:1')"/>
    </testcase>
    <testcase time="0.131999999999948" classname="tables_adverse_events_aet04_pi" name="tables_adverse_events_aet04_pi.qmd_result_v5_development">
      <skipped message="Reason: On CRAN ('test-tables-adverse-events-aet04_pi.R:1:1')"/>
    </testcase>
    <testcase time="0.108000000000061" classname="tables_adverse_events_aet04_pi" name="tables_adverse_events_aet04_pi.qmd_result_v6_development">
      <skipped message="Reason: On CRAN ('test-tables-adverse-events-aet04_pi.R:1:1')"/>
    </testcase>
    <testcase time="0.132999999999925" classname="tables_adverse_events_aet04_pi" name="tables_adverse_events_aet04_pi.qmd_result_v7_development">
      <skipped message="Reason: On CRAN ('test-tables-adverse-events-aet04_pi.R:1:1')"/>
    </testcase>
    <testcase time="0.116000000000099" classname="tables_adverse_events_aet04_pi" name="tables_adverse_events_aet04_pi.qmd_result_v8_development">
      <skipped message="Reason: On CRAN ('test-tables-adverse-events-aet04_pi.R:1:1')"/>
    </testcase>
  </testsuite>
  <testsuite name="tables-adverse-events-aet05" timestamp="2024-05-14T14:26:01Z" hostname="8769d6d4f3fb" tests="2" skipped="2" failures="0" errors="0" time="0.102">
    <testcase time="0.0529999999999973" classname="tables_adverse_events_aet05" name="tables_adverse_events_aet05.qmd_result_v1_development">
      <skipped message="Reason: On CRAN ('test-tables-adverse-events-aet05.R:1:1')"/>
    </testcase>
    <testcase time="0.0489999999999782" classname="tables_adverse_events_aet05" name="tables_adverse_events_aet05.qmd_result_v2_development">
      <skipped message="Reason: On CRAN ('test-tables-adverse-events-aet05.R:1:1')"/>
    </testcase>
  </testsuite>
  <testsuite name="tables-adverse-events-aet05_all" timestamp="2024-05-14T14:26:01Z" hostname="8769d6d4f3fb" tests="2" skipped="2" failures="0" errors="0" time="0.106">
    <testcase time="0.0529999999999973" classname="tables_adverse_events_aet05_all" name="tables_adverse_events_aet05_all.qmd_result_v1_development">
      <skipped message="Reason: On CRAN ('test-tables-adverse-events-aet05_all.R:1:1')"/>
    </testcase>
    <testcase time="0.0529999999999973" classname="tables_adverse_events_aet05_all" name="tables_adverse_events_aet05_all.qmd_result_v2_development">
      <skipped message="Reason: On CRAN ('test-tables-adverse-events-aet05_all.R:1:1')"/>
    </testcase>
  </testsuite>
  <testsuite name="tables-adverse-events-aet06" timestamp="2024-05-14T14:26:01Z" hostname="8769d6d4f3fb" tests="5" skipped="5" failures="0" errors="0" time="1.527">
    <testcase time="0.408999999999992" classname="tables_adverse_events_aet06" name="tables_adverse_events_aet06.qmd_result_v1_development">
      <skipped message="Reason: On CRAN ('test-tables-adverse-events-aet06.R:1:1')"/>
    </testcase>
    <testcase time="0.27800000000002" classname="tables_adverse_events_aet06" name="tables_adverse_events_aet06.qmd_result_v2_development">
      <skipped message="Reason: On CRAN ('test-tables-adverse-events-aet06.R:1:1')"/>
    </testcase>
    <testcase time="0.298999999999978" classname="tables_adverse_events_aet06" name="tables_adverse_events_aet06.qmd_result_v3_development">
      <skipped message="Reason: On CRAN ('test-tables-adverse-events-aet06.R:1:1')"/>
    </testcase>
    <testcase time="0.202999999999975" classname="tables_adverse_events_aet06" name="tables_adverse_events_aet06.qmd_result_v4_development">
      <skipped message="Reason: On CRAN ('test-tables-adverse-events-aet06.R:1:1')"/>
    </testcase>
    <testcase time="0.337999999999965" classname="tables_adverse_events_aet06" name="tables_adverse_events_aet06.qmd_result_v5_development">
      <skipped message="Reason: On CRAN ('test-tables-adverse-events-aet06.R:1:1')"/>
    </testcase>
  </testsuite>
  <testsuite name="tables-adverse-events-aet06_smq" timestamp="2024-05-14T14:26:03Z" hostname="8769d6d4f3fb" tests="3" skipped="3" failures="0" errors="0" time="0.322">
    <testcase time="0.116000000000099" classname="tables_adverse_events_aet06_smq" name="tables_adverse_events_aet06_smq.qmd_result_v1_development">
      <skipped message="Reason: On CRAN ('test-tables-adverse-events-aet06_smq.R:1:1')"/>
    </testcase>
    <testcase time="0.116999999999962" classname="tables_adverse_events_aet06_smq" name="tables_adverse_events_aet06_smq.qmd_result_v2_development">
      <skipped message="Reason: On CRAN ('test-tables-adverse-events-aet06_smq.R:1:1')"/>
    </testcase>
    <testcase time="0.0889999999999418" classname="tables_adverse_events_aet06_smq" name="tables_adverse_events_aet06_smq.qmd_result_v3_development">
      <skipped message="Reason: On CRAN ('test-tables-adverse-events-aet06_smq.R:1:1')"/>
    </testcase>
  </testsuite>
  <testsuite name="tables-adverse-events-aet07" timestamp="2024-05-14T14:26:03Z" hostname="8769d6d4f3fb" tests="2" skipped="2" failures="0" errors="0" time="0.098">
    <testcase time="0.0510000000000446" classname="tables_adverse_events_aet07" name="tables_adverse_events_aet07.qmd_result_v1_development">
      <skipped message="Reason: On CRAN ('test-tables-adverse-events-aet07.R:1:1')"/>
    </testcase>
    <testcase time="0.0470000000000255" classname="tables_adverse_events_aet07" name="tables_adverse_events_aet07.qmd_result_v2_development">
      <skipped message="Reason: On CRAN ('test-tables-adverse-events-aet07.R:1:1')"/>
    </testcase>
  </testsuite>
  <testsuite name="tables-adverse-events-aet09" timestamp="2024-05-14T14:26:03Z" hostname="8769d6d4f3fb" tests="2" skipped="2" failures="0" errors="0" time="0.325">
    <testcase time="0.156999999999925" classname="tables_adverse_events_aet09" name="tables_adverse_events_aet09.qmd_result_v1_development">
      <skipped message="Reason: On CRAN ('test-tables-adverse-events-aet09.R:1:1')"/>
    </testcase>
    <testcase time="0.168000000000006" classname="tables_adverse_events_aet09" name="tables_adverse_events_aet09.qmd_result_v2_development">
      <skipped message="Reason: On CRAN ('test-tables-adverse-events-aet09.R:1:1')"/>
    </testcase>
  </testsuite>
  <testsuite name="tables-adverse-events-aet09_smq" timestamp="2024-05-14T14:26:03Z" hostname="8769d6d4f3fb" tests="2" skipped="2" failures="0" errors="0" time="0.15">
    <testcase time="0.0720000000000027" classname="tables_adverse_events_aet09_smq" name="tables_adverse_events_aet09_smq.qmd_result_v1_development">
      <skipped message="Reason: On CRAN ('test-tables-adverse-events-aet09_smq.R:1:1')"/>
    </testcase>
    <testcase time="0.0780000000000882" classname="tables_adverse_events_aet09_smq" name="tables_adverse_events_aet09_smq.qmd_result_v2_development">
      <skipped message="Reason: On CRAN ('test-tables-adverse-events-aet09_smq.R:1:1')"/>
    </testcase>
  </testsuite>
  <testsuite name="tables-adverse-events-aet10" timestamp="2024-05-14T14:26:03Z" hostname="8769d6d4f3fb" tests="2" skipped="2" failures="0" errors="0" time="0.189">
    <testcase time="0.105999999999995" classname="tables_adverse_events_aet10" name="tables_adverse_events_aet10.qmd_result_v1_development">
      <skipped message="Reason: On CRAN ('test-tables-adverse-events-aet10.R:1:1')"/>
    </testcase>
    <testcase time="0.08299999999997" classname="tables_adverse_events_aet10" name="tables_adverse_events_aet10.qmd_result_v2_development">
      <skipped message="Reason: On CRAN ('test-tables-adverse-events-aet10.R:1:1')"/>
    </testcase>
  </testsuite>
  <testsuite name="tables-concomitant-medications-cmt01" timestamp="2024-05-14T14:26:04Z" hostname="8769d6d4f3fb" tests="4" skipped="4" failures="0" errors="0" time="0.398">
    <testcase time="0.124000000000024" classname="tables_concomitant_medications_cmt01" name="tables_concomitant_medications_cmt01.qmd_result_v1_development">
      <skipped message="Reason: On CRAN ('test-tables-concomitant-medications-cmt01.R:1:1')"/>
    </testcase>
    <testcase time="0.0739999999999554" classname="tables_concomitant_medications_cmt01" name="tables_concomitant_medications_cmt01.qmd_result_v2_development">
      <skipped message="Reason: On CRAN ('test-tables-concomitant-medications-cmt01.R:1:1')"/>
    </testcase>
    <testcase time="0.0929999999999609" classname="tables_concomitant_medications_cmt01" name="tables_concomitant_medications_cmt01.qmd_result_v3_development">
      <skipped message="Reason: On CRAN ('test-tables-concomitant-medications-cmt01.R:1:1')"/>
    </testcase>
    <testcase time="0.107000000000085" classname="tables_concomitant_medications_cmt01" name="tables_concomitant_medications_cmt01.qmd_result_v4_development">
      <skipped message="Reason: On CRAN ('test-tables-concomitant-medications-cmt01.R:1:1')"/>
    </testcase>
  </testsuite>
  <testsuite name="tables-concomitant-medications-cmt01a" timestamp="2024-05-14T14:26:04Z" hostname="8769d6d4f3fb" tests="4" skipped="4" failures="0" errors="0" time="0.721">
    <testcase time="0.225999999999999" classname="tables_concomitant_medications_cmt01a" name="tables_concomitant_medications_cmt01a.qmd_result_v1_development">
      <skipped message="Reason: On CRAN ('test-tables-concomitant-medications-cmt01a.R:1:1')"/>
    </testcase>
    <testcase time="0.173000000000002" classname="tables_concomitant_medications_cmt01a" name="tables_concomitant_medications_cmt01a.qmd_result_v2_development">
      <skipped message="Reason: On CRAN ('test-tables-concomitant-medications-cmt01a.R:1:1')"/>
    </testcase>
    <testcase time="0.171999999999912" classname="tables_concomitant_medications_cmt01a" name="tables_concomitant_medications_cmt01a.qmd_result_v3_development">
      <skipped message="Reason: On CRAN ('test-tables-concomitant-medications-cmt01a.R:1:1')"/>
    </testcase>
    <testcase time="0.150000000000091" classname="tables_concomitant_medications_cmt01a" name="tables_concomitant_medications_cmt01a.qmd_result_v4_development">
      <skipped message="Reason: On CRAN ('test-tables-concomitant-medications-cmt01a.R:1:1')"/>
    </testcase>
  </testsuite>
  <testsuite name="tables-concomitant-medications-cmt01b" timestamp="2024-05-14T14:26:05Z" hostname="8769d6d4f3fb" tests="3" skipped="3" failures="0" errors="0" time="0.922">
    <testcase time="0.399999999999977" classname="tables_concomitant_medications_cmt01b" name="tables_concomitant_medications_cmt01b.qmd_result_v1_development">
      <skipped message="Reason: On CRAN ('test-tables-concomitant-medications-cmt01b.R:1:1')"/>
    </testcase>
    <testcase time="0.215000000000032" classname="tables_concomitant_medications_cmt01b" name="tables_concomitant_medications_cmt01b.qmd_result_v2_development">
      <skipped message="Reason: On CRAN ('test-tables-concomitant-medications-cmt01b.R:1:1')"/>
    </testcase>
    <testcase time="0.306999999999903" classname="tables_concomitant_medications_cmt01b" name="tables_concomitant_medications_cmt01b.qmd_result_v4_development">
      <skipped message="Reason: On CRAN ('test-tables-concomitant-medications-cmt01b.R:1:1')"/>
    </testcase>
  </testsuite>
  <testsuite name="tables-concomitant-medications-cmt02_pt" timestamp="2024-05-14T14:26:06Z" hostname="8769d6d4f3fb" tests="1" skipped="1" failures="0" errors="0" time="0.082">
    <testcase time="0.0819999999999936" classname="tables_concomitant_medications_cmt02_pt" name="tables_concomitant_medications_cmt02_pt.qmd_result_v1_development">
      <skipped message="Reason: On CRAN ('test-tables-concomitant-medications-cmt02_pt.R:1:1')"/>
    </testcase>
  </testsuite>
  <testsuite name="tables-deaths-dtht01" timestamp="2024-05-14T14:26:06Z" hostname="8769d6d4f3fb" tests="4" skipped="4" failures="0" errors="0" time="0.514">
    <testcase time="0.193000000000097" classname="tables_deaths_dtht01" name="tables_deaths_dtht01.qmd_result_v1_development">
      <skipped message="Reason: On CRAN ('test-tables-deaths-dtht01.R:1:1')"/>
    </testcase>
    <testcase time="0.155999999999949" classname="tables_deaths_dtht01" name="tables_deaths_dtht01.qmd_result_v2_development">
      <skipped message="Reason: On CRAN ('test-tables-deaths-dtht01.R:1:1')"/>
    </testcase>
    <testcase time="0.0720000000000027" classname="tables_deaths_dtht01" name="tables_deaths_dtht01.qmd_result_v3_development">
      <skipped message="Reason: On CRAN ('test-tables-deaths-dtht01.R:1:1')"/>
    </testcase>
    <testcase time="0.0929999999999609" classname="tables_deaths_dtht01" name="tables_deaths_dtht01.qmd_result_v4_development">
      <skipped message="Reason: On CRAN ('test-tables-deaths-dtht01.R:1:1')"/>
    </testcase>
  </testsuite>
  <testsuite name="tables-demography-dmt01" timestamp="2024-05-14T14:26:06Z" hostname="8769d6d4f3fb" tests="5" skipped="5" failures="0" errors="0" time="0.867">
    <testcase time="0.228000000000065" classname="tables_demography_dmt01" name="tables_demography_dmt01.qmd_result_v1_development">
      <skipped message="Reason: On CRAN ('test-tables-demography-dmt01.R:1:1')"/>
    </testcase>
    <testcase time="0.173000000000002" classname="tables_demography_dmt01" name="tables_demography_dmt01.qmd_result_v2_development">
      <skipped message="Reason: On CRAN ('test-tables-demography-dmt01.R:1:1')"/>
    </testcase>
    <testcase time="0.163999999999987" classname="tables_demography_dmt01" name="tables_demography_dmt01.qmd_result_v3_development">
      <skipped message="Reason: On CRAN ('test-tables-demography-dmt01.R:1:1')"/>
    </testcase>
    <testcase time="0.177999999999997" classname="tables_demography_dmt01" name="tables_demography_dmt01.qmd_result_v4_development">
      <skipped message="Reason: On CRAN ('test-tables-demography-dmt01.R:1:1')"/>
    </testcase>
    <testcase time="0.124000000000024" classname="tables_demography_dmt01" name="tables_demography_dmt01.qmd_result_v5_development">
      <skipped message="Reason: On CRAN ('test-tables-demography-dmt01.R:1:1')"/>
    </testcase>
  </testsuite>
  <testsuite name="tables-disclosures-disclosurest01" timestamp="2024-05-14T14:26:07Z" hostname="8769d6d4f3fb" tests="6" skipped="6" failures="0" errors="0" time="0.658">
    <testcase time="0.149000000000001" classname="tables_disclosures_disclosurest01" name="tables_disclosures_disclosurest01.qmd_result_v1_development">
      <skipped message="Reason: On CRAN ('test-tables-disclosures-disclosurest01.R:1:1')"/>
    </testcase>
    <testcase time="0.182999999999993" classname="tables_disclosures_disclosurest01" name="tables_disclosures_disclosurest01.qmd_result_v2_development">
      <skipped message="Reason: On CRAN ('test-tables-disclosures-disclosurest01.R:1:1')"/>
    </testcase>
    <testcase time="0.0819999999999936" classname="tables_disclosures_disclosurest01" name="tables_disclosures_disclosurest01.qmd_result_v3_development">
      <skipped message="Reason: On CRAN ('test-tables-disclosures-disclosurest01.R:1:1')"/>
    </testcase>
    <testcase time="0.105000000000018" classname="tables_disclosures_disclosurest01" name="tables_disclosures_disclosurest01.qmd_result_v4_development">
      <skipped message="Reason: On CRAN ('test-tables-disclosures-disclosurest01.R:1:1')"/>
    </testcase>
    <testcase time="0.0910000000000082" classname="tables_disclosures_disclosurest01" name="tables_disclosures_disclosurest01.qmd_result_v5_development">
      <skipped message="Reason: On CRAN ('test-tables-disclosures-disclosurest01.R:1:1')"/>
    </testcase>
    <testcase time="0.0480000000000018" classname="tables_disclosures_disclosurest01" name="tables_disclosures_disclosurest01.qmd_result_v6_development">
      <skipped message="Reason: On CRAN ('test-tables-disclosures-disclosurest01.R:1:1')"/>
    </testcase>
  </testsuite>
  <testsuite name="tables-disclosures-eudrat01" timestamp="2024-05-14T14:26:08Z" hostname="8769d6d4f3fb" tests="1" skipped="1" failures="0" errors="0" time="0.132">
    <testcase time="0.131999999999948" classname="tables_disclosures_eudrat01" name="tables_disclosures_eudrat01.qmd_result_v1_development">
      <skipped message="Reason: On CRAN ('test-tables-disclosures-eudrat01.R:1:1')"/>
    </testcase>
  </testsuite>
  <testsuite name="tables-disclosures-eudrat02" timestamp="2024-05-14T14:26:08Z" hostname="8769d6d4f3fb" tests="1" skipped="1" failures="0" errors="0" time="0.096">
    <testcase time="0.0960000000000036" classname="tables_disclosures_eudrat02" name="tables_disclosures_eudrat02.qmd_result_v1_development">
      <skipped message="Reason: On CRAN ('test-tables-disclosures-eudrat02.R:1:1')"/>
    </testcase>
  </testsuite>
  <testsuite name="tables-disposition-dst01" timestamp="2024-05-14T14:26:08Z" hostname="8769d6d4f3fb" tests="3" skipped="3" failures="0" errors="0" time="0.376">
    <testcase time="0.172000000000025" classname="tables_disposition_dst01" name="tables_disposition_dst01.qmd_result_v1_development">
      <skipped message="Reason: On CRAN ('test-tables-disposition-dst01.R:1:1')"/>
    </testcase>
    <testcase time="0.0879999999999654" classname="tables_disposition_dst01" name="tables_disposition_dst01.qmd_result_v2_development">
      <skipped message="Reason: On CRAN ('test-tables-disposition-dst01.R:1:1')"/>
    </testcase>
    <testcase time="0.115999999999985" classname="tables_disposition_dst01" name="tables_disposition_dst01.qmd_result_v3_development">
      <skipped message="Reason: On CRAN ('test-tables-disposition-dst01.R:1:1')"/>
    </testcase>
  </testsuite>
  <testsuite name="tables-disposition-pdt01" timestamp="2024-05-14T14:26:08Z" hostname="8769d6d4f3fb" tests="1" skipped="1" failures="0" errors="0" time="0.159">
    <testcase time="0.158999999999992" classname="tables_disposition_pdt01" name="tables_disposition_pdt01.qmd_result_v1_development">
      <skipped message="Reason: On CRAN ('test-tables-disposition-pdt01.R:1:1')"/>
    </testcase>
  </testsuite>
  <testsuite name="tables-disposition-pdt02" timestamp="2024-05-14T14:26:08Z" hostname="8769d6d4f3fb" tests="1" skipped="1" failures="0" errors="0" time="0.072">
    <testcase time="0.0720000000000027" classname="tables_disposition_pdt02" name="tables_disposition_pdt02.qmd_result_v1_development">
      <skipped message="Reason: On CRAN ('test-tables-disposition-pdt02.R:1:1')"/>
    </testcase>
  </testsuite>
  <testsuite name="tables-efficacy-aovt01" timestamp="2024-05-14T14:26:09Z" hostname="8769d6d4f3fb" tests="1" skipped="1" failures="0" errors="0" time="0.894">
    <testcase time="0.894000000000005" classname="tables_efficacy_aovt01" name="tables_efficacy_aovt01.qmd_result_v1_development">
      <skipped message="Reason: On CRAN ('test-tables-efficacy-aovt01.R:1:1')"/>
    </testcase>
  </testsuite>
  <testsuite name="tables-efficacy-aovt02" timestamp="2024-05-14T14:26:10Z" hostname="8769d6d4f3fb" tests="1" skipped="1" failures="0" errors="0" time="0.151">
    <testcase time="0.151000000000067" classname="tables_efficacy_aovt02" name="tables_efficacy_aovt02.qmd_result_v1_development">
      <skipped message="Reason: On CRAN ('test-tables-efficacy-aovt02.R:1:1')"/>
    </testcase>
  </testsuite>
  <testsuite name="tables-efficacy-aovt03" timestamp="2024-05-14T14:26:10Z" hostname="8769d6d4f3fb" tests="1" skipped="1" failures="0" errors="0" time="0.953">
    <testcase time="0.952999999999975" classname="tables_efficacy_aovt03" name="tables_efficacy_aovt03.qmd_result_v1_development">
      <skipped message="Reason: On CRAN ('test-tables-efficacy-aovt03.R:1:1')"/>
    </testcase>
  </testsuite>
  <testsuite name="tables-efficacy-cfbt01" timestamp="2024-05-14T14:26:11Z" hostname="8769d6d4f3fb" tests="1" skipped="1" failures="0" errors="0" time="0.414">
    <testcase time="0.413999999999987" classname="tables_efficacy_cfbt01" name="tables_efficacy_cfbt01.qmd_result_v1_development">
      <skipped message="Reason: On CRAN ('test-tables-efficacy-cfbt01.R:1:1')"/>
    </testcase>
  </testsuite>
  <testsuite name="tables-efficacy-cmht01" timestamp="2024-05-14T14:26:13Z" hostname="8769d6d4f3fb" tests="2" skipped="2" failures="0" errors="0" time="2.143">
    <testcase time="1.899" classname="tables_efficacy_cmht01" name="tables_efficacy_cmht01.qmd_result_v1_development">
      <skipped message="Reason: On CRAN ('test-tables-efficacy-cmht01.R:1:1')"/>
    </testcase>
    <testcase time="0.244000000000028" classname="tables_efficacy_cmht01" name="tables_efficacy_cmht01.qmd_result_v2_development">
      <skipped message="Reason: On CRAN ('test-tables-efficacy-cmht01.R:1:1')"/>
    </testcase>
  </testsuite>
  <testsuite name="tables-efficacy-coxt01" timestamp="2024-05-14T14:26:13Z" hostname="8769d6d4f3fb" tests="4" skipped="4" failures="0" errors="0" time="0.408">
    <testcase time="0.13900000000001" classname="tables_efficacy_coxt01" name="tables_efficacy_coxt01.qmd_result_v1_development">
      <skipped message="Reason: On CRAN ('test-tables-efficacy-coxt01.R:1:1')"/>
    </testcase>
    <testcase time="0.0919999999999845" classname="tables_efficacy_coxt01" name="tables_efficacy_coxt01.qmd_result_v2_development">
      <skipped message="Reason: On CRAN ('test-tables-efficacy-coxt01.R:1:1')"/>
    </testcase>
    <testcase time="0.09699999999998" classname="tables_efficacy_coxt01" name="tables_efficacy_coxt01.qmd_result_v3_development">
      <skipped message="Reason: On CRAN ('test-tables-efficacy-coxt01.R:1:1')"/>
    </testcase>
    <testcase time="0.0800000000000409" classname="tables_efficacy_coxt01" name="tables_efficacy_coxt01.qmd_result_v4_development">
      <skipped message="Reason: On CRAN ('test-tables-efficacy-coxt01.R:1:1')"/>
    </testcase>
  </testsuite>
  <testsuite name="tables-efficacy-coxt02" timestamp="2024-05-14T14:26:14Z" hostname="8769d6d4f3fb" tests="2" skipped="2" failures="0" errors="0" time="0.142">
    <testcase time="0.0799999999999272" classname="tables_efficacy_coxt02" name="tables_efficacy_coxt02.qmd_result_v1_development">
      <skipped message="Reason: On CRAN ('test-tables-efficacy-coxt02.R:1:1')"/>
    </testcase>
    <testcase time="0.0620000000000118" classname="tables_efficacy_coxt02" name="tables_efficacy_coxt02.qmd_result_v2_development">
      <skipped message="Reason: On CRAN ('test-tables-efficacy-coxt02.R:1:1')"/>
    </testcase>
  </testsuite>
  <testsuite name="tables-efficacy-dort01" timestamp="2024-05-14T14:26:15Z" hostname="8769d6d4f3fb" tests="4" skipped="4" failures="0" errors="0" time="1.205">
    <testcase time="0.936000000000035" classname="tables_efficacy_dort01" name="tables_efficacy_dort01.qmd_result_v1_development">
      <skipped message="Reason: On CRAN ('test-tables-efficacy-dort01.R:1:1')"/>
    </testcase>
    <testcase time="0.0919999999999845" classname="tables_efficacy_dort01" name="tables_efficacy_dort01.qmd_result_v2_development">
      <skipped message="Reason: On CRAN ('test-tables-efficacy-dort01.R:1:1')"/>
    </testcase>
    <testcase time="0.0879999999999654" classname="tables_efficacy_dort01" name="tables_efficacy_dort01.qmd_result_v3_development">
      <skipped message="Reason: On CRAN ('test-tables-efficacy-dort01.R:1:1')"/>
    </testcase>
    <testcase time="0.0890000000000555" classname="tables_efficacy_dort01" name="tables_efficacy_dort01.qmd_result_v4_development">
      <skipped message="Reason: On CRAN ('test-tables-efficacy-dort01.R:1:1')"/>
    </testcase>
  </testsuite>
  <testsuite name="tables-efficacy-lgrt02" timestamp="2024-05-14T14:26:15Z" hostname="8769d6d4f3fb" tests="4" skipped="4" failures="0" errors="0" time="0.593">
    <testcase time="0.168999999999983" classname="tables_efficacy_lgrt02" name="tables_efficacy_lgrt02.qmd_result_v1_development">
      <skipped message="Reason: On CRAN ('test-tables-efficacy-lgrt02.R:1:1')"/>
    </testcase>
    <testcase time="0.163000000000011" classname="tables_efficacy_lgrt02" name="tables_efficacy_lgrt02.qmd_result_v2_development">
      <skipped message="Reason: On CRAN ('test-tables-efficacy-lgrt02.R:1:1')"/>
    </testcase>
    <testcase time="0.116999999999962" classname="tables_efficacy_lgrt02" name="tables_efficacy_lgrt02.qmd_result_v3_development">
      <skipped message="Reason: On CRAN ('test-tables-efficacy-lgrt02.R:1:1')"/>
    </testcase>
    <testcase time="0.144000000000005" classname="tables_efficacy_lgrt02" name="tables_efficacy_lgrt02.qmd_result_v4_development">
      <skipped message="Reason: On CRAN ('test-tables-efficacy-lgrt02.R:1:1')"/>
    </testcase>
  </testsuite>
  <testsuite name="tables-efficacy-mmrmt01" timestamp="2024-05-14T14:26:16Z" hostname="8769d6d4f3fb" tests="4" skipped="4" failures="0" errors="0" time="0.623">
    <testcase time="0.213000000000079" classname="tables_efficacy_mmrmt01" name="tables_efficacy_mmrmt01.qmd_result_v1_development">
      <skipped message="Reason: On CRAN ('test-tables-efficacy-mmrmt01.R:1:1')"/>
    </testcase>
    <testcase time="0.0819999999999936" classname="tables_efficacy_mmrmt01" name="tables_efficacy_mmrmt01.qmd_result_v2_development">
      <skipped message="Reason: On CRAN ('test-tables-efficacy-mmrmt01.R:1:1')"/>
    </testcase>
    <testcase time="0.237999999999943" classname="tables_efficacy_mmrmt01" name="tables_efficacy_mmrmt01.qmd_result_v3_development">
      <skipped message="Reason: On CRAN ('test-tables-efficacy-mmrmt01.R:1:1')"/>
    </testcase>
    <testcase time="0.0900000000000318" classname="tables_efficacy_mmrmt01" name="tables_efficacy_mmrmt01.qmd_result_baseline_development">
      <skipped message="Reason: On CRAN ('test-tables-efficacy-mmrmt01.R:1:1')"/>
    </testcase>
  </testsuite>
  <testsuite name="tables-efficacy-onct05" timestamp="2024-05-14T14:26:16Z" hostname="8769d6d4f3fb" tests="4" skipped="4" failures="0" errors="0" time="0.476">
    <testcase time="0.186000000000035" classname="tables_efficacy_onct05" name="tables_efficacy_onct05.qmd_result_v1_development">
      <skipped message="Reason: On CRAN ('test-tables-efficacy-onct05.R:1:1')"/>
    </testcase>
    <testcase time="0.0989999999999327" classname="tables_efficacy_onct05" name="tables_efficacy_onct05.qmd_result_v2_development">
      <skipped message="Reason: On CRAN ('test-tables-efficacy-onct05.R:1:1')"/>
    </testcase>
    <testcase time="0.09699999999998" classname="tables_efficacy_onct05" name="tables_efficacy_onct05.qmd_result_v3_development">
      <skipped message="Reason: On CRAN ('test-tables-efficacy-onct05.R:1:1')"/>
    </testcase>
    <testcase time="0.0940000000000509" classname="tables_efficacy_onct05" name="tables_efficacy_onct05.qmd_result_v4_development">
      <skipped message="Reason: On CRAN ('test-tables-efficacy-onct05.R:1:1')"/>
    </testcase>
  </testsuite>
  <testsuite name="tables-efficacy-ratet01" timestamp="2024-05-14T14:26:17Z" hostname="8769d6d4f3fb" tests="1" skipped="1" failures="0" errors="0" time="0.276">
    <testcase time="0.275999999999954" classname="tables_efficacy_ratet01" name="tables_efficacy_ratet01.qmd_result_v1_development">
      <skipped message="Reason: On CRAN ('test-tables-efficacy-ratet01.R:1:1')"/>
    </testcase>
  </testsuite>
  <testsuite name="tables-efficacy-rbmit01" timestamp="2024-05-14T14:26:17Z" hostname="8769d6d4f3fb" tests="1" skipped="1" failures="0" errors="0" time="0.119">
    <testcase time="0.119000000000028" classname="tables_efficacy_rbmit01" name="tables_efficacy_rbmit01.qmd_result_v1_development">
      <skipped message="Reason: On CRAN ('test-tables-efficacy-rbmit01.R:1:1')"/>
    </testcase>
  </testsuite>
  <testsuite name="tables-efficacy-rspt01" timestamp="2024-05-14T14:26:17Z" hostname="8769d6d4f3fb" tests="6" skipped="6" failures="0" errors="0" time="0.967">
    <testcase time="0.437999999999988" classname="tables_efficacy_rspt01" name="tables_efficacy_rspt01.qmd_result_v1_development">
      <skipped message="Reason: On CRAN ('test-tables-efficacy-rspt01.R:1:1')"/>
    </testcase>
    <testcase time="0.115000000000009" classname="tables_efficacy_rspt01" name="tables_efficacy_rspt01.qmd_result_v2_development">
      <skipped message="Reason: On CRAN ('test-tables-efficacy-rspt01.R:1:1')"/>
    </testcase>
    <testcase time="0.100999999999999" classname="tables_efficacy_rspt01" name="tables_efficacy_rspt01.qmd_result_v3_development">
      <skipped message="Reason: On CRAN ('test-tables-efficacy-rspt01.R:1:1')"/>
    </testcase>
    <testcase time="0.119000000000028" classname="tables_efficacy_rspt01" name="tables_efficacy_rspt01.qmd_result_v4_development">
      <skipped message="Reason: On CRAN ('test-tables-efficacy-rspt01.R:1:1')"/>
    </testcase>
    <testcase time="0.109000000000037" classname="tables_efficacy_rspt01" name="tables_efficacy_rspt01.qmd_result_v5_development">
      <skipped message="Reason: On CRAN ('test-tables-efficacy-rspt01.R:1:1')"/>
    </testcase>
    <testcase time="0.0849999999999227" classname="tables_efficacy_rspt01" name="tables_efficacy_rspt01.qmd_result_v6_development">
      <skipped message="Reason: On CRAN ('test-tables-efficacy-rspt01.R:1:1')"/>
    </testcase>
  </testsuite>
  <testsuite name="tables-efficacy-ttet01" timestamp="2024-05-14T14:26:19Z" hostname="8769d6d4f3fb" tests="6" skipped="6" failures="0" errors="0" time="1.976">
    <testcase time="1.20400000000006" classname="tables_efficacy_ttet01" name="tables_efficacy_ttet01.qmd_result_v1_development">
      <skipped message="Reason: On CRAN ('test-tables-efficacy-ttet01.R:1:1')"/>
    </testcase>
    <testcase time="0.144000000000005" classname="tables_efficacy_ttet01" name="tables_efficacy_ttet01.qmd_result_v2_development">
      <skipped message="Reason: On CRAN ('test-tables-efficacy-ttet01.R:1:1')"/>
    </testcase>
    <testcase time="0.12399999999991" classname="tables_efficacy_ttet01" name="tables_efficacy_ttet01.qmd_result_v3_development">
      <skipped message="Reason: On CRAN ('test-tables-efficacy-ttet01.R:1:1')"/>
    </testcase>
    <testcase time="0.241000000000099" classname="tables_efficacy_ttet01" name="tables_efficacy_ttet01.qmd_result_v4_development">
      <skipped message="Reason: On CRAN ('test-tables-efficacy-ttet01.R:1:1')"/>
    </testcase>
    <testcase time="0.130999999999972" classname="tables_efficacy_ttet01" name="tables_efficacy_ttet01.qmd_result_v5_development">
      <skipped message="Reason: On CRAN ('test-tables-efficacy-ttet01.R:1:1')"/>
    </testcase>
    <testcase time="0.131999999999948" classname="tables_efficacy_ttet01" name="tables_efficacy_ttet01.qmd_result_v6_development">
      <skipped message="Reason: On CRAN ('test-tables-efficacy-ttet01.R:1:1')"/>
    </testcase>
  </testsuite>
  <testsuite name="tables-exposure-ext01" timestamp="2024-05-14T14:26:20Z" hostname="8769d6d4f3fb" tests="3" skipped="3" failures="0" errors="0" time="0.65">
    <testcase time="0.229000000000042" classname="tables_exposure_ext01" name="tables_exposure_ext01.qmd_result_v1_development">
      <skipped message="Reason: On CRAN ('test-tables-exposure-ext01.R:1:1')"/>
    </testcase>
    <testcase time="0.17999999999995" classname="tables_exposure_ext01" name="tables_exposure_ext01.qmd_result_v2_development">
      <skipped message="Reason: On CRAN ('test-tables-exposure-ext01.R:1:1')"/>
    </testcase>
    <testcase time="0.240999999999985" classname="tables_exposure_ext01" name="tables_exposure_ext01.qmd_result_v3_development">
      <skipped message="Reason: On CRAN ('test-tables-exposure-ext01.R:1:1')"/>
    </testcase>
  </testsuite>
  <testsuite name="tables-lab-results-lbt01" timestamp="2024-05-14T14:26:21Z" hostname="8769d6d4f3fb" tests="1" skipped="1" failures="0" errors="0" time="0.217">
    <testcase time="0.217000000000098" classname="tables_lab_results_lbt01" name="tables_lab_results_lbt01.qmd_result_v1_development">
      <skipped message="Reason: On CRAN ('test-tables-lab-results-lbt01.R:1:1')"/>
    </testcase>
  </testsuite>
  <testsuite name="tables-lab-results-lbt02" timestamp="2024-05-14T14:26:21Z" hostname="8769d6d4f3fb" tests="1" skipped="1" failures="0" errors="0" time="0.454">
    <testcase time="0.453999999999951" classname="tables_lab_results_lbt02" name="tables_lab_results_lbt02.qmd_result_v1_development">
      <skipped message="Reason: On CRAN ('test-tables-lab-results-lbt02.R:1:1')"/>
    </testcase>
  </testsuite>
  <testsuite name="tables-lab-results-lbt03" timestamp="2024-05-14T14:26:21Z" hostname="8769d6d4f3fb" tests="2" skipped="2" failures="0" errors="0" time="0.287">
    <testcase time="0.150999999999954" classname="tables_lab_results_lbt03" name="tables_lab_results_lbt03.qmd_result_v1_development">
      <skipped message="Reason: On CRAN ('test-tables-lab-results-lbt03.R:1:1')"/>
    </testcase>
    <testcase time="0.135999999999967" classname="tables_lab_results_lbt03" name="tables_lab_results_lbt03.qmd_result_v2_development">
      <skipped message="Reason: On CRAN ('test-tables-lab-results-lbt03.R:1:1')"/>
    </testcase>
  </testsuite>
  <testsuite name="tables-lab-results-lbt04" timestamp="2024-05-14T14:26:22Z" hostname="8769d6d4f3fb" tests="1" skipped="1" failures="0" errors="0" time="0.076">
    <testcase time="0.0760000000000218" classname="tables_lab_results_lbt04" name="tables_lab_results_lbt04.qmd_result_v1_development">
      <skipped message="Reason: On CRAN ('test-tables-lab-results-lbt04.R:1:1')"/>
    </testcase>
  </testsuite>
  <testsuite name="tables-lab-results-lbt05" timestamp="2024-05-14T14:26:22Z" hostname="8769d6d4f3fb" tests="3" skipped="3" failures="0" errors="0" time="0.394">
    <testcase time="0.147999999999911" classname="tables_lab_results_lbt05" name="tables_lab_results_lbt05.qmd_result_v1_development">
      <skipped message="Reason: On CRAN ('test-tables-lab-results-lbt05.R:1:1')"/>
    </testcase>
    <testcase time="0.143000000000029" classname="tables_lab_results_lbt05" name="tables_lab_results_lbt05.qmd_result_v2_development">
      <skipped message="Reason: On CRAN ('test-tables-lab-results-lbt05.R:1:1')"/>
    </testcase>
    <testcase time="0.103000000000065" classname="tables_lab_results_lbt05" name="tables_lab_results_lbt05.qmd_result_v4_development">
      <skipped message="Reason: On CRAN ('test-tables-lab-results-lbt05.R:1:1')"/>
    </testcase>
  </testsuite>
  <testsuite name="tables-lab-results-lbt06" timestamp="2024-05-14T14:26:22Z" hostname="8769d6d4f3fb" tests="2" skipped="2" failures="0" errors="0" time="0.678">
    <testcase time="0.221000000000004" classname="tables_lab_results_lbt06" name="tables_lab_results_lbt06.qmd_result_v1_development">
      <skipped message="Reason: On CRAN ('test-tables-lab-results-lbt06.R:1:1')"/>
    </testcase>
    <testcase time="0.456999999999994" classname="tables_lab_results_lbt06" name="tables_lab_results_lbt06.qmd_result_v2_development">
      <skipped message="Reason: On CRAN ('test-tables-lab-results-lbt06.R:1:1')"/>
    </testcase>
  </testsuite>
  <testsuite name="tables-lab-results-lbt07" timestamp="2024-05-14T14:26:23Z" hostname="8769d6d4f3fb" tests="1" skipped="1" failures="0" errors="0" time="0.149">
    <testcase time="0.149000000000001" classname="tables_lab_results_lbt07" name="tables_lab_results_lbt07.qmd_result_v1_development">
      <skipped message="Reason: On CRAN ('test-tables-lab-results-lbt07.R:1:1')"/>
    </testcase>
  </testsuite>
  <testsuite name="tables-lab-results-lbt08" timestamp="2024-05-14T14:26:23Z" hostname="8769d6d4f3fb" tests="1" skipped="1" failures="0" errors="0" time="0.148">
    <testcase time="0.147999999999911" classname="tables_lab_results_lbt08" name="tables_lab_results_lbt08.qmd_result_v1_development">
      <skipped message="Reason: On CRAN ('test-tables-lab-results-lbt08.R:1:1')"/>
    </testcase>
  </testsuite>
  <testsuite name="tables-lab-results-lbt09" timestamp="2024-05-14T14:26:23Z" hostname="8769d6d4f3fb" tests="2" skipped="2" failures="0" errors="0" time="0.496">
    <testcase time="0.302999999999997" classname="tables_lab_results_lbt09" name="tables_lab_results_lbt09.qmd_result_v1_development">
      <skipped message="Reason: On CRAN ('test-tables-lab-results-lbt09.R:1:1')"/>
    </testcase>
    <testcase time="0.193000000000097" classname="tables_lab_results_lbt09" name="tables_lab_results_lbt09.qmd_result_v2_development">
      <skipped message="Reason: On CRAN ('test-tables-lab-results-lbt09.R:1:1')"/>
    </testcase>
  </testsuite>
  <testsuite name="tables-lab-results-lbt10" timestamp="2024-05-14T14:26:23Z" hostname="8769d6d4f3fb" tests="2" skipped="2" failures="0" errors="0" time="0.116">
    <testcase time="0.0679999999999836" classname="tables_lab_results_lbt10" name="tables_lab_results_lbt10.qmd_result_v1_development">
      <skipped message="Reason: On CRAN ('test-tables-lab-results-lbt10.R:1:1')"/>
    </testcase>
    <testcase time="0.0480000000000018" classname="tables_lab_results_lbt10" name="tables_lab_results_lbt10.qmd_result_v2_development">
      <skipped message="Reason: On CRAN ('test-tables-lab-results-lbt10.R:1:1')"/>
    </testcase>
  </testsuite>
  <testsuite name="tables-lab-results-lbt10_bl" timestamp="2024-05-14T14:26:24Z" hostname="8769d6d4f3fb" tests="2" skipped="2" failures="0" errors="0" time="0.118">
    <testcase time="0.07000000000005" classname="tables_lab_results_lbt10_bl" name="tables_lab_results_lbt10_bl.qmd_result_v1_development">
      <skipped message="Reason: On CRAN ('test-tables-lab-results-lbt10_bl.R:1:1')"/>
    </testcase>
    <testcase time="0.0479999999998881" classname="tables_lab_results_lbt10_bl" name="tables_lab_results_lbt10_bl.qmd_result_v2_development">
      <skipped message="Reason: On CRAN ('test-tables-lab-results-lbt10_bl.R:1:1')"/>
    </testcase>
  </testsuite>
  <testsuite name="tables-lab-results-lbt11" timestamp="2024-05-14T14:26:24Z" hostname="8769d6d4f3fb" tests="3" skipped="3" failures="0" errors="0" time="0.49">
    <testcase time="0.313000000000102" classname="tables_lab_results_lbt11" name="tables_lab_results_lbt11.qmd_result_v1_development">
      <skipped message="Reason: On CRAN ('test-tables-lab-results-lbt11.R:1:1')"/>
    </testcase>
    <testcase time="0.0679999999999836" classname="tables_lab_results_lbt11" name="tables_lab_results_lbt11.qmd_result_v2_development">
      <skipped message="Reason: On CRAN ('test-tables-lab-results-lbt11.R:1:1')"/>
    </testcase>
    <testcase time="0.108999999999924" classname="tables_lab_results_lbt11" name="tables_lab_results_lbt11.qmd_result_v3_development">
      <skipped message="Reason: On CRAN ('test-tables-lab-results-lbt11.R:1:1')"/>
    </testcase>
  </testsuite>
  <testsuite name="tables-lab-results-lbt11_bl" timestamp="2024-05-14T14:26:24Z" hostname="8769d6d4f3fb" tests="3" skipped="3" failures="0" errors="0" time="0.471">
    <testcase time="0.302000000000021" classname="tables_lab_results_lbt11_bl" name="tables_lab_results_lbt11_bl.qmd_result_v1_development">
      <skipped message="Reason: On CRAN ('test-tables-lab-results-lbt11_bl.R:1:1')"/>
    </testcase>
    <testcase time="0.07000000000005" classname="tables_lab_results_lbt11_bl" name="tables_lab_results_lbt11_bl.qmd_result_v2_development">
      <skipped message="Reason: On CRAN ('test-tables-lab-results-lbt11_bl.R:1:1')"/>
    </testcase>
    <testcase time="0.0989999999999327" classname="tables_lab_results_lbt11_bl" name="tables_lab_results_lbt11_bl.qmd_result_v3_development">
      <skipped message="Reason: On CRAN ('test-tables-lab-results-lbt11_bl.R:1:1')"/>
    </testcase>
  </testsuite>
  <testsuite name="tables-lab-results-lbt12" timestamp="2024-05-14T14:26:25Z" hostname="8769d6d4f3fb" tests="1" skipped="1" failures="0" errors="0" time="0.096">
    <testcase time="0.0960000000000036" classname="tables_lab_results_lbt12" name="tables_lab_results_lbt12.qmd_result_v1_development">
      <skipped message="Reason: On CRAN ('test-tables-lab-results-lbt12.R:1:1')"/>
    </testcase>
  </testsuite>
  <testsuite name="tables-lab-results-lbt12_bl" timestamp="2024-05-14T14:26:25Z" hostname="8769d6d4f3fb" tests="1" skipped="1" failures="0" errors="0" time="0.096">
    <testcase time="0.0960000000000036" classname="tables_lab_results_lbt12_bl" name="tables_lab_results_lbt12_bl.qmd_result_v1_development">
      <skipped message="Reason: On CRAN ('test-tables-lab-results-lbt12_bl.R:1:1')"/>
    </testcase>
  </testsuite>
  <testsuite name="tables-lab-results-lbt13" timestamp="2024-05-14T14:26:25Z" hostname="8769d6d4f3fb" tests="5" skipped="5" failures="0" errors="0" time="2.976">
    <testcase time="0.727000000000089" classname="tables_lab_results_lbt13" name="tables_lab_results_lbt13.qmd_result_v1_development">
      <skipped message="Reason: On CRAN ('test-tables-lab-results-lbt13.R:1:1')"/>
    </testcase>
    <testcase time="0.464999999999918" classname="tables_lab_results_lbt13" name="tables_lab_results_lbt13.qmd_result_v2_development">
      <skipped message="Reason: On CRAN ('test-tables-lab-results-lbt13.R:1:1')"/>
    </testcase>
    <testcase time="0.460000000000036" classname="tables_lab_results_lbt13" name="tables_lab_results_lbt13.qmd_result_v3_development">
      <skipped message="Reason: On CRAN ('test-tables-lab-results-lbt13.R:1:1')"/>
    </testcase>
    <testcase time="0.466000000000008" classname="tables_lab_results_lbt13" name="tables_lab_results_lbt13.qmd_result_v4_development">
      <skipped message="Reason: On CRAN ('test-tables-lab-results-lbt13.R:1:1')"/>
    </testcase>
    <testcase time="0.857999999999947" classname="tables_lab_results_lbt13" name="tables_lab_results_lbt13.qmd_result_v5_development">
      <skipped message="Reason: On CRAN ('test-tables-lab-results-lbt13.R:1:1')"/>
    </testcase>
  </testsuite>
  <testsuite name="tables-lab-results-lbt14" timestamp="2024-05-14T14:26:28Z" hostname="8769d6d4f3fb" tests="5" skipped="5" failures="0" errors="0" time="1.691">
    <testcase time="0.363000000000056" classname="tables_lab_results_lbt14" name="tables_lab_results_lbt14.qmd_result_v1_development">
      <skipped message="Reason: On CRAN ('test-tables-lab-results-lbt14.R:1:1')"/>
    </testcase>
    <testcase time="0.270999999999958" classname="tables_lab_results_lbt14" name="tables_lab_results_lbt14.qmd_result_v2_development">
      <skipped message="Reason: On CRAN ('test-tables-lab-results-lbt14.R:1:1')"/>
    </testcase>
    <testcase time="0.262000000000057" classname="tables_lab_results_lbt14" name="tables_lab_results_lbt14.qmd_result_v3_development">
      <skipped message="Reason: On CRAN ('test-tables-lab-results-lbt14.R:1:1')"/>
    </testcase>
    <testcase time="0.266999999999939" classname="tables_lab_results_lbt14" name="tables_lab_results_lbt14.qmd_result_v4_development">
      <skipped message="Reason: On CRAN ('test-tables-lab-results-lbt14.R:1:1')"/>
    </testcase>
    <testcase time="0.52800000000002" classname="tables_lab_results_lbt14" name="tables_lab_results_lbt14.qmd_result_v5_development">
      <skipped message="Reason: On CRAN ('test-tables-lab-results-lbt14.R:1:1')"/>
    </testcase>
  </testsuite>
  <testsuite name="tables-lab-results-lbt15" timestamp="2024-05-14T14:26:30Z" hostname="8769d6d4f3fb" tests="2" skipped="2" failures="0" errors="0" time="0.175">
    <testcase time="0.0960000000000036" classname="tables_lab_results_lbt15" name="tables_lab_results_lbt15.qmd_result_v1_development">
      <skipped message="Reason: On CRAN ('test-tables-lab-results-lbt15.R:1:1')"/>
    </testcase>
    <testcase time="0.0789999999999509" classname="tables_lab_results_lbt15" name="tables_lab_results_lbt15.qmd_result_v2_development">
      <skipped message="Reason: On CRAN ('test-tables-lab-results-lbt15.R:1:1')"/>
    </testcase>
  </testsuite>
  <testsuite name="tables-medical-history-mht01" timestamp="2024-05-14T14:26:30Z" hostname="8769d6d4f3fb" tests="4" skipped="4" failures="0" errors="0" time="0.546">
    <testcase time="0.162000000000035" classname="tables_medical_history_mht01" name="tables_medical_history_mht01.qmd_result_v1_development">
      <skipped message="Reason: On CRAN ('test-tables-medical-history-mht01.R:1:1')"/>
    </testcase>
    <testcase time="0.0570000000000164" classname="tables_medical_history_mht01" name="tables_medical_history_mht01.qmd_result_v2_development">
      <skipped message="Reason: On CRAN ('test-tables-medical-history-mht01.R:1:1')"/>
    </testcase>
    <testcase time="0.101999999999975" classname="tables_medical_history_mht01" name="tables_medical_history_mht01.qmd_result_v3_development">
      <skipped message="Reason: On CRAN ('test-tables-medical-history-mht01.R:1:1')"/>
    </testcase>
    <testcase time="0.225000000000023" classname="tables_medical_history_mht01" name="tables_medical_history_mht01.qmd_result_v4_development">
      <skipped message="Reason: On CRAN ('test-tables-medical-history-mht01.R:1:1')"/>
    </testcase>
  </testsuite>
  <testsuite name="tables-pharmacokinetic-pkct01" timestamp="2024-05-14T14:26:31Z" hostname="8769d6d4f3fb" tests="3" skipped="3" failures="0" errors="0" time="0.796">
    <testcase time="0.464000000000055" classname="tables_pharmacokinetic_pkct01" name="tables_pharmacokinetic_pkct01.qmd_result_v1_development">
      <skipped message="Reason: On CRAN ('test-tables-pharmacokinetic-pkct01.R:1:1')"/>
    </testcase>
    <testcase time="0.154999999999973" classname="tables_pharmacokinetic_pkct01" name="tables_pharmacokinetic_pkct01.qmd_result_v2_development">
      <skipped message="Reason: On CRAN ('test-tables-pharmacokinetic-pkct01.R:1:1')"/>
    </testcase>
    <testcase time="0.177000000000021" classname="tables_pharmacokinetic_pkct01" name="tables_pharmacokinetic_pkct01.qmd_result_v3_development">
      <skipped message="Reason: On CRAN ('test-tables-pharmacokinetic-pkct01.R:1:1')"/>
    </testcase>
  </testsuite>
  <testsuite name="tables-pharmacokinetic-pkpt02" timestamp="2024-05-14T14:26:31Z" hostname="8769d6d4f3fb" tests="2" skipped="2" failures="0" errors="0" time="0.24">
    <testcase time="0.146999999999935" classname="tables_pharmacokinetic_pkpt02" name="tables_pharmacokinetic_pkpt02.qmd_result_v1_development">
      <skipped message="Reason: On CRAN ('test-tables-pharmacokinetic-pkpt02.R:1:1')"/>
    </testcase>
    <testcase time="0.0930000000000746" classname="tables_pharmacokinetic_pkpt02" name="tables_pharmacokinetic_pkpt02.qmd_result_v2_development">
      <skipped message="Reason: On CRAN ('test-tables-pharmacokinetic-pkpt02.R:1:1')"/>
    </testcase>
  </testsuite>
  <testsuite name="tables-pharmacokinetic-pkpt03" timestamp="2024-05-14T14:26:33Z" hostname="8769d6d4f3fb" tests="3" skipped="3" failures="0" errors="0" time="1.812">
    <testcase time="1.78699999999992" classname="tables_pharmacokinetic_pkpt03" name="tables_pharmacokinetic_pkpt03.qmd_result_v1_development">
      <skipped message="Reason: Snapshot test is not implemented for object of class: list. ('test-tables-pharmacokinetic-pkpt03.R:1:1')"/>
    </testcase>
    <testcase time="0.0130000000000337" classname="tables_pharmacokinetic_pkpt03" name="tables_pharmacokinetic_pkpt03.qmd_result_v2_development">
      <skipped message="Reason: Snapshot test is not implemented for object of class: list. ('test-tables-pharmacokinetic-pkpt03.R:1:1')"/>
    </testcase>
    <testcase time="0.0120000000000573" classname="tables_pharmacokinetic_pkpt03" name="tables_pharmacokinetic_pkpt03.qmd_result_v3_development">
      <skipped message="Reason: Snapshot test is not implemented for object of class: list. ('test-tables-pharmacokinetic-pkpt03.R:1:1')"/>
    </testcase>
  </testsuite>
  <testsuite name="tables-pharmacokinetic-pkpt04" timestamp="2024-05-14T14:26:33Z" hostname="8769d6d4f3fb" tests="2" skipped="2" failures="0" errors="0" time="0.28">
    <testcase time="0.164999999999964" classname="tables_pharmacokinetic_pkpt04" name="tables_pharmacokinetic_pkpt04.qmd_result_v1_development">
      <skipped message="Reason: On CRAN ('test-tables-pharmacokinetic-pkpt04.R:1:1')"/>
    </testcase>
    <testcase time="0.115000000000009" classname="tables_pharmacokinetic_pkpt04" name="tables_pharmacokinetic_pkpt04.qmd_result_v2_development">
      <skipped message="Reason: On CRAN ('test-tables-pharmacokinetic-pkpt04.R:1:1')"/>
    </testcase>
  </testsuite>
  <testsuite name="tables-pharmacokinetic-pkpt05" timestamp="2024-05-14T14:26:33Z" hostname="8769d6d4f3fb" tests="2" skipped="2" failures="0" errors="0" time="0.231">
    <testcase time="0.149000000000001" classname="tables_pharmacokinetic_pkpt05" name="tables_pharmacokinetic_pkpt05.qmd_result_v1_development">
      <skipped message="Reason: On CRAN ('test-tables-pharmacokinetic-pkpt05.R:1:1')"/>
    </testcase>
    <testcase time="0.0819999999999936" classname="tables_pharmacokinetic_pkpt05" name="tables_pharmacokinetic_pkpt05.qmd_result_v2_development">
      <skipped message="Reason: On CRAN ('test-tables-pharmacokinetic-pkpt05.R:1:1')"/>
    </testcase>
  </testsuite>
  <testsuite name="tables-pharmacokinetic-pkpt06" timestamp="2024-05-14T14:26:34Z" hostname="8769d6d4f3fb" tests="2" skipped="2" failures="0" errors="0" time="0.137">
    <testcase time="0.0860000000000127" classname="tables_pharmacokinetic_pkpt06" name="tables_pharmacokinetic_pkpt06.qmd_result_v1_development">
      <skipped message="Reason: On CRAN ('test-tables-pharmacokinetic-pkpt06.R:1:1')"/>
    </testcase>
    <testcase time="0.0509999999999309" classname="tables_pharmacokinetic_pkpt06" name="tables_pharmacokinetic_pkpt06.qmd_result_v2_development">
      <skipped message="Reason: On CRAN ('test-tables-pharmacokinetic-pkpt06.R:1:1')"/>
    </testcase>
  </testsuite>
  <testsuite name="tables-pharmacokinetic-pkpt07" timestamp="2024-05-14T14:26:34Z" hostname="8769d6d4f3fb" tests="2" skipped="2" failures="0" errors="0" time="0.149">
    <testcase time="0.0880000000000791" classname="tables_pharmacokinetic_pkpt07" name="tables_pharmacokinetic_pkpt07.qmd_result_v1_development">
      <skipped message="Reason: On CRAN ('test-tables-pharmacokinetic-pkpt07.R:1:1')"/>
    </testcase>
    <testcase time="0.0609999999999218" classname="tables_pharmacokinetic_pkpt07" name="tables_pharmacokinetic_pkpt07.qmd_result_v2_development">
      <skipped message="Reason: On CRAN ('test-tables-pharmacokinetic-pkpt07.R:1:1')"/>
    </testcase>
  </testsuite>
  <testsuite name="tables-pharmacokinetic-pkpt08" timestamp="2024-05-14T14:26:34Z" hostname="8769d6d4f3fb" tests="1" skipped="1" failures="0" errors="0" time="0.121">
    <testcase time="0.121000000000095" classname="tables_pharmacokinetic_pkpt08" name="tables_pharmacokinetic_pkpt08.qmd_result_v1_development">
      <skipped message="Reason: On CRAN ('test-tables-pharmacokinetic-pkpt08.R:1:1')"/>
    </testcase>
  </testsuite>
  <testsuite name="tables-pharmacokinetic-pkpt11" timestamp="2024-05-14T14:26:34Z" hostname="8769d6d4f3fb" tests="1" skipped="1" failures="0" errors="0" time="0.06">
    <testcase time="0.0599999999999454" classname="tables_pharmacokinetic_pkpt11" name="tables_pharmacokinetic_pkpt11.qmd_result_v1_development">
      <skipped message="Reason: On CRAN ('test-tables-pharmacokinetic-pkpt11.R:1:1')"/>
    </testcase>
  </testsuite>
  <testsuite name="tables-risk-management-plan-rmpt01" timestamp="2024-05-14T14:26:34Z" hostname="8769d6d4f3fb" tests="1" skipped="1" failures="0" errors="0" time="0.053">
    <testcase time="0.0529999999999973" classname="tables_risk_management_plan_rmpt01" name="tables_risk_management_plan_rmpt01.qmd_result_v1_development">
      <skipped message="Reason: On CRAN ('test-tables-risk-management-plan-rmpt01.R:1:1')"/>
    </testcase>
  </testsuite>
  <testsuite name="tables-risk-management-plan-rmpt03" timestamp="2024-05-14T14:26:34Z" hostname="8769d6d4f3fb" tests="2" skipped="2" failures="0" errors="0" time="0.203">
    <testcase time="0.139999999999986" classname="tables_risk_management_plan_rmpt03" name="tables_risk_management_plan_rmpt03.qmd_result_v1_development">
      <skipped message="Reason: On CRAN ('test-tables-risk-management-plan-rmpt03.R:1:1')"/>
    </testcase>
    <testcase time="0.0629999999999882" classname="tables_risk_management_plan_rmpt03" name="tables_risk_management_plan_rmpt03.qmd_result_v2_development">
      <skipped message="Reason: On CRAN ('test-tables-risk-management-plan-rmpt03.R:1:1')"/>
    </testcase>
  </testsuite>
  <testsuite name="tables-risk-management-plan-rmpt04" timestamp="2024-05-14T14:26:34Z" hostname="8769d6d4f3fb" tests="1" skipped="1" failures="0" errors="0" time="0.053">
    <testcase time="0.0529999999999973" classname="tables_risk_management_plan_rmpt04" name="tables_risk_management_plan_rmpt04.qmd_result_v1_development">
      <skipped message="Reason: On CRAN ('test-tables-risk-management-plan-rmpt04.R:1:1')"/>
    </testcase>
  </testsuite>
  <testsuite name="tables-risk-management-plan-rmpt05" timestamp="2024-05-14T14:26:34Z" hostname="8769d6d4f3fb" tests="1" skipped="1" failures="0" errors="0" time="0.067">
    <testcase time="0.0670000000000073" classname="tables_risk_management_plan_rmpt05" name="tables_risk_management_plan_rmpt05.qmd_result_v1_development">
      <skipped message="Reason: On CRAN ('test-tables-risk-management-plan-rmpt05.R:1:1')"/>
    </testcase>
  </testsuite>
  <testsuite name="tables-risk-management-plan-rmpt06" timestamp="2024-05-14T14:26:34Z" hostname="8769d6d4f3fb" tests="4" skipped="4" failures="0" errors="0" time="0.693">
    <testcase time="0.157000000000039" classname="tables_risk_management_plan_rmpt06" name="tables_risk_management_plan_rmpt06.qmd_result_v1_development">
      <skipped message="Reason: On CRAN ('test-tables-risk-management-plan-rmpt06.R:1:1')"/>
    </testcase>
    <testcase time="0.0720000000000027" classname="tables_risk_management_plan_rmpt06" name="tables_risk_management_plan_rmpt06.qmd_result_v2_development">
      <skipped message="Reason: On CRAN ('test-tables-risk-management-plan-rmpt06.R:1:1')"/>
    </testcase>
    <testcase time="0.105999999999995" classname="tables_risk_management_plan_rmpt06" name="tables_risk_management_plan_rmpt06.qmd_result_v3_development">
      <skipped message="Reason: On CRAN ('test-tables-risk-management-plan-rmpt06.R:1:1')"/>
    </testcase>
    <testcase time="0.357999999999947" classname="tables_risk_management_plan_rmpt06" name="tables_risk_management_plan_rmpt06.qmd_result_v4_development">
      <skipped message="Reason: On CRAN ('test-tables-risk-management-plan-rmpt06.R:1:1')"/>
    </testcase>
  </testsuite>
  <testsuite name="tables-safety-enrollment01" timestamp="2024-05-14T14:26:35Z" hostname="8769d6d4f3fb" tests="4" skipped="4" failures="0" errors="0" time="2.137">
    <testcase time="0.701000000000022" classname="tables_safety_enrollment01" name="tables_safety_enrollment01.qmd_result_v1_development">
      <skipped message="Reason: On CRAN ('test-tables-safety-enrollment01.R:1:1')"/>
    </testcase>
    <testcase time="0.466000000000008" classname="tables_safety_enrollment01" name="tables_safety_enrollment01.qmd_result_v2_development">
      <skipped message="Reason: On CRAN ('test-tables-safety-enrollment01.R:1:1')"/>
    </testcase>
    <testcase time="0.508000000000038" classname="tables_safety_enrollment01" name="tables_safety_enrollment01.qmd_result_v3_development">
      <skipped message="Reason: On CRAN ('test-tables-safety-enrollment01.R:1:1')"/>
    </testcase>
    <testcase time="0.461999999999989" classname="tables_safety_enrollment01" name="tables_safety_enrollment01.qmd_result_v4_development">
      <skipped message="Reason: On CRAN ('test-tables-safety-enrollment01.R:1:1')"/>
    </testcase>
  </testsuite>
  <testsuite name="tables-vital-signs-vst01" timestamp="2024-05-14T14:26:37Z" hostname="8769d6d4f3fb" tests="1" skipped="1" failures="0" errors="0" time="0.312">
    <testcase time="0.312000000000012" classname="tables_vital_signs_vst01" name="tables_vital_signs_vst01.qmd_result_v1_development">
      <skipped message="Reason: On CRAN ('test-tables-vital-signs-vst01.R:1:1')"/>
    </testcase>
  </testsuite>
  <testsuite name="tables-vital-signs-vst02" timestamp="2024-05-14T14:26:38Z" hostname="8769d6d4f3fb" tests="2" skipped="2" failures="0" errors="0" time="0.224">
    <testcase time="0.121999999999957" classname="tables_vital_signs_vst02" name="tables_vital_signs_vst02.qmd_result_v1_development">
      <skipped message="Reason: On CRAN ('test-tables-vital-signs-vst02.R:1:1')"/>
    </testcase>
    <testcase time="0.101999999999975" classname="tables_vital_signs_vst02" name="tables_vital_signs_vst02.qmd_result_v2_development">
      <skipped message="Reason: On CRAN ('test-tables-vital-signs-vst02.R:1:1')"/>
    </testcase>
  </testsuite>
</testsuites>
