<?xml version="1.0" encoding="UTF-8"?>
<testsuites>
  <testsuite name="graphs-efficacy-fstg01" timestamp="2024-05-14T15:26:39Z" hostname="e80cd839fadb" tests="7" skipped="7" failures="0" errors="0" time="2.33">
    <testcase time="2.173" classname="graphs_efficacy_fstg01" name="graphs_efficacy_fstg01.qmd_width_development">
      <skipped message="Reason: Snapshot test is not implemented for object of class: numeric. ('test-graphs-efficacy-fstg01.R:1:1')"/>
    </testcase>
    <testcase time="0.0570000000000164" classname="graphs_efficacy_fstg01" name="graphs_efficacy_fstg01.qmd_height_development">
      <skipped message="Reason: Snapshot test is not implemented for object of class: numeric. ('test-graphs-efficacy-fstg01.R:1:1')"/>
    </testcase>
    <testcase time="0.0410000000000537" classname="graphs_efficacy_fstg01" name="graphs_efficacy_fstg01.qmd_plot_v1_development">
      <skipped message="Reason: On CI ('test-graphs-efficacy-fstg01.R:1:1')"/>
    </testcase>
    <testcase time="0.0149999999999864" classname="graphs_efficacy_fstg01" name="graphs_efficacy_fstg01.qmd_plot_v2_development">
      <skipped message="Reason: On CI ('test-graphs-efficacy-fstg01.R:1:1')"/>
    </testcase>
    <testcase time="0.0149999999999864" classname="graphs_efficacy_fstg01" name="graphs_efficacy_fstg01.qmd_plot_v3_development">
      <skipped message="Reason: On CI ('test-graphs-efficacy-fstg01.R:1:1')"/>
    </testcase>
    <testcase time="0.01400000000001" classname="graphs_efficacy_fstg01" name="graphs_efficacy_fstg01.qmd_plot_v4_development">
      <skipped message="Reason: On CI ('test-graphs-efficacy-fstg01.R:1:1')"/>
    </testcase>
    <testcase time="0.0149999999999864" classname="graphs_efficacy_fstg01" name="graphs_efficacy_fstg01.qmd_plot_v5_development">
      <skipped message="Reason: On CI ('test-graphs-efficacy-fstg01.R:1:1')"/>
    </testcase>
  </testsuite>
  <testsuite name="graphs-efficacy-fstg02" timestamp="2024-05-14T15:26:40Z" hostname="e80cd839fadb" tests="7" skipped="7" failures="0" errors="0" time="0.495">
    <testcase time="0.404999999999973" classname="graphs_efficacy_fstg02" name="graphs_efficacy_fstg02.qmd_width_development">
      <skipped message="Reason: Snapshot test is not implemented for object of class: numeric. ('test-graphs-efficacy-fstg02.R:1:1')"/>
    </testcase>
    <testcase time="0.0160000000000764" classname="graphs_efficacy_fstg02" name="graphs_efficacy_fstg02.qmd_height_development">
      <skipped message="Reason: Snapshot test is not implemented for object of class: numeric. ('test-graphs-efficacy-fstg02.R:1:1')"/>
    </testcase>
    <testcase time="0.0149999999999864" classname="graphs_efficacy_fstg02" name="graphs_efficacy_fstg02.qmd_plot_v1_development">
      <skipped message="Reason: On CI ('test-graphs-efficacy-fstg02.R:1:1')"/>
    </testcase>
    <testcase time="0.0149999999999864" classname="graphs_efficacy_fstg02" name="graphs_efficacy_fstg02.qmd_plot_v2_development">
      <skipped message="Reason: On CI ('test-graphs-efficacy-fstg02.R:1:1')"/>
    </testcase>
    <testcase time="0.0149999999999864" classname="graphs_efficacy_fstg02" name="graphs_efficacy_fstg02.qmd_plot_v3_development">
      <skipped message="Reason: On CI ('test-graphs-efficacy-fstg02.R:1:1')"/>
    </testcase>
    <testcase time="0.0149999999999864" classname="graphs_efficacy_fstg02" name="graphs_efficacy_fstg02.qmd_plot_v4_development">
      <skipped message="Reason: On CI ('test-graphs-efficacy-fstg02.R:1:1')"/>
    </testcase>
    <testcase time="0.01400000000001" classname="graphs_efficacy_fstg02" name="graphs_efficacy_fstg02.qmd_plot_v3.width_development">
      <skipped message="Reason: Snapshot test is not implemented for object of class: numeric. ('test-graphs-efficacy-fstg02.R:1:1')"/>
    </testcase>
  </testsuite>
  <testsuite name="graphs-efficacy-kmg01" timestamp="2024-05-14T15:26:41Z" hostname="e80cd839fadb" tests="8" skipped="8" failures="0" errors="0" time="0.971">
    <testcase time="0.865000000000009" classname="graphs_efficacy_kmg01" name="graphs_efficacy_kmg01.qmd_width_development">
      <skipped message="Reason: Snapshot test is not implemented for object of class: numeric. ('test-graphs-efficacy-kmg01.R:1:1')"/>
    </testcase>
    <testcase time="0.0149999999999864" classname="graphs_efficacy_kmg01" name="graphs_efficacy_kmg01.qmd_height_development">
      <skipped message="Reason: Snapshot test is not implemented for object of class: numeric. ('test-graphs-efficacy-kmg01.R:1:1')"/>
    </testcase>
    <testcase time="0.0170000000000528" classname="graphs_efficacy_kmg01" name="graphs_efficacy_kmg01.qmd_plot_v1_development">
      <skipped message="Reason: On CI ('test-graphs-efficacy-kmg01.R:1:1')"/>
    </testcase>
    <testcase time="0.0179999999999154" classname="graphs_efficacy_kmg01" name="graphs_efficacy_kmg01.qmd_plot_v2_development">
      <skipped message="Reason: On CI ('test-graphs-efficacy-kmg01.R:1:1')"/>
    </testcase>
    <testcase time="0.0180000000000291" classname="graphs_efficacy_kmg01" name="graphs_efficacy_kmg01.qmd_plot_v3_development">
      <skipped message="Reason: On CI ('test-graphs-efficacy-kmg01.R:1:1')"/>
    </testcase>
    <testcase time="0.01400000000001" classname="graphs_efficacy_kmg01" name="graphs_efficacy_kmg01.qmd_plot_v4_development">
      <skipped message="Reason: On CI ('test-graphs-efficacy-kmg01.R:1:1')"/>
    </testcase>
    <testcase time="0.0130000000000337" classname="graphs_efficacy_kmg01" name="graphs_efficacy_kmg01.qmd_plot_v5_development">
      <skipped message="Reason: On CI ('test-graphs-efficacy-kmg01.R:1:1')"/>
    </testcase>
    <testcase time="0.0109999999999673" classname="graphs_efficacy_kmg01" name="graphs_efficacy_kmg01.qmd_plot_v6_development">
      <skipped message="Reason: On CI ('test-graphs-efficacy-kmg01.R:1:1')"/>
    </testcase>
  </testsuite>
  <testsuite name="graphs-efficacy-mmrmg01" timestamp="2024-05-14T15:26:42Z" hostname="e80cd839fadb" tests="6" skipped="6" failures="0" errors="0" time="0.733">
    <testcase time="0.674999999999955" classname="graphs_efficacy_mmrmg01" name="graphs_efficacy_mmrmg01.qmd_plot_v1_development">
      <skipped message="Reason: On CI ('test-graphs-efficacy-mmrmg01.R:1:1')"/>
    </testcase>
    <testcase time="0.0120000000000573" classname="graphs_efficacy_mmrmg01" name="graphs_efficacy_mmrmg01.qmd_plot_v2_development">
      <skipped message="Reason: On CI ('test-graphs-efficacy-mmrmg01.R:1:1')"/>
    </testcase>
    <testcase time="0.0119999999999436" classname="graphs_efficacy_mmrmg01" name="graphs_efficacy_mmrmg01.qmd_plot_v3_development">
      <skipped message="Reason: On CI ('test-graphs-efficacy-mmrmg01.R:1:1')"/>
    </testcase>
    <testcase time="0.0110000000000809" classname="graphs_efficacy_mmrmg01" name="graphs_efficacy_mmrmg01.qmd_plot_v4_development">
      <skipped message="Reason: On CI ('test-graphs-efficacy-mmrmg01.R:1:1')"/>
    </testcase>
    <testcase time="0.0109999999999673" classname="graphs_efficacy_mmrmg01" name="graphs_efficacy_mmrmg01.qmd_plot_v5_development">
      <skipped message="Reason: On CI ('test-graphs-efficacy-mmrmg01.R:1:1')"/>
    </testcase>
    <testcase time="0.0119999999999436" classname="graphs_efficacy_mmrmg01" name="graphs_efficacy_mmrmg01.qmd_plot_v6_development">
      <skipped message="Reason: On CI ('test-graphs-efficacy-mmrmg01.R:1:1')"/>
    </testcase>
  </testsuite>
  <testsuite name="graphs-efficacy-mmrmg02" timestamp="2024-05-14T15:26:42Z" hostname="e80cd839fadb" tests="3" skipped="3" failures="0" errors="0" time="0.148">
    <testcase time="0.124000000000024" classname="graphs_efficacy_mmrmg02" name="graphs_efficacy_mmrmg02.qmd_width_development">
      <skipped message="Reason: Snapshot test is not implemented for object of class: numeric. ('test-graphs-efficacy-mmrmg02.R:1:1')"/>
    </testcase>
    <testcase time="0.0130000000000337" classname="graphs_efficacy_mmrmg02" name="graphs_efficacy_mmrmg02.qmd_plot_v1_development">
      <skipped message="Reason: On CI ('test-graphs-efficacy-mmrmg02.R:1:1')"/>
    </testcase>
    <testcase time="0.0109999999999673" classname="graphs_efficacy_mmrmg02" name="graphs_efficacy_mmrmg02.qmd_plot_v2_development">
      <skipped message="Reason: On CI ('test-graphs-efficacy-mmrmg02.R:1:1')"/>
    </testcase>
  </testsuite>
  <testsuite name="graphs-other-brg01" timestamp="2024-05-14T15:26:42Z" hostname="e80cd839fadb" tests="9" skipped="9" failures="0" errors="0" time="0.186">
    <testcase time="0.0930000000000746" classname="graphs_other_brg01" name="graphs_other_brg01.qmd_plot_v1_development">
      <skipped message="Reason: On CI ('test-graphs-other-brg01.R:1:1')"/>
    </testcase>
    <testcase time="0.0109999999999673" classname="graphs_other_brg01" name="graphs_other_brg01.qmd_plot_v2_development">
      <skipped message="Reason: On CI ('test-graphs-other-brg01.R:1:1')"/>
    </testcase>
    <testcase time="0.0119999999999436" classname="graphs_other_brg01" name="graphs_other_brg01.qmd_plot_v3_development">
      <skipped message="Reason: On CI ('test-graphs-other-brg01.R:1:1')"/>
    </testcase>
    <testcase time="0.0120000000000573" classname="graphs_other_brg01" name="graphs_other_brg01.qmd_plot_v4_development">
      <skipped message="Reason: On CI ('test-graphs-other-brg01.R:1:1')"/>
    </testcase>
    <testcase time="0.0109999999999673" classname="graphs_other_brg01" name="graphs_other_brg01.qmd_plot_v5_development">
      <skipped message="Reason: On CI ('test-graphs-other-brg01.R:1:1')"/>
    </testcase>
    <testcase time="0.0120000000000573" classname="graphs_other_brg01" name="graphs_other_brg01.qmd_plot_v6_development">
      <skipped message="Reason: On CI ('test-graphs-other-brg01.R:1:1')"/>
    </testcase>
    <testcase time="0.0119999999999436" classname="graphs_other_brg01" name="graphs_other_brg01.qmd_plot_v7_development">
      <skipped message="Reason: On CI ('test-graphs-other-brg01.R:1:1')"/>
    </testcase>
    <testcase time="0.0109999999999673" classname="graphs_other_brg01" name="graphs_other_brg01.qmd_plot_v8_development">
      <skipped message="Reason: On CI ('test-graphs-other-brg01.R:1:1')"/>
    </testcase>
    <testcase time="0.0120000000000573" classname="graphs_other_brg01" name="graphs_other_brg01.qmd_plot_v9_development">
      <skipped message="Reason: On CI ('test-graphs-other-brg01.R:1:1')"/>
    </testcase>
  </testsuite>
  <testsuite name="graphs-other-bwg01" timestamp="2024-05-14T15:26:43Z" hostname="e80cd839fadb" tests="9" skipped="9" failures="0" errors="0" time="0.665">
    <testcase time="0.572999999999979" classname="graphs_other_bwg01" name="graphs_other_bwg01.qmd_plot_v1_development">
      <skipped message="Reason: On CI ('test-graphs-other-bwg01.R:1:1')"/>
    </testcase>
    <testcase time="0.0120000000000573" classname="graphs_other_bwg01" name="graphs_other_bwg01.qmd_plot_v2_development">
      <skipped message="Reason: On CI ('test-graphs-other-bwg01.R:1:1')"/>
    </testcase>
    <testcase time="0.0109999999999673" classname="graphs_other_bwg01" name="graphs_other_bwg01.qmd_plot_v3_development">
      <skipped message="Reason: On CI ('test-graphs-other-bwg01.R:1:1')"/>
    </testcase>
    <testcase time="0.0119999999999436" classname="graphs_other_bwg01" name="graphs_other_bwg01.qmd_plot_v4_development">
      <skipped message="Reason: On CI ('test-graphs-other-bwg01.R:1:1')"/>
    </testcase>
    <testcase time="0.0110000000000809" classname="graphs_other_bwg01" name="graphs_other_bwg01.qmd_plot_v5_development">
      <skipped message="Reason: On CI ('test-graphs-other-bwg01.R:1:1')"/>
    </testcase>
    <testcase time="0.0109999999999673" classname="graphs_other_bwg01" name="graphs_other_bwg01.qmd_plot_v6_development">
      <skipped message="Reason: On CI ('test-graphs-other-bwg01.R:1:1')"/>
    </testcase>
    <testcase time="0.0119999999999436" classname="graphs_other_bwg01" name="graphs_other_bwg01.qmd_plot_v7_development">
      <skipped message="Reason: On CI ('test-graphs-other-bwg01.R:1:1')"/>
    </testcase>
    <testcase time="0.0110000000000809" classname="graphs_other_bwg01" name="graphs_other_bwg01.qmd_plot_v8_development">
      <skipped message="Reason: On CI ('test-graphs-other-bwg01.R:1:1')"/>
    </testcase>
    <testcase time="0.0119999999999436" classname="graphs_other_bwg01" name="graphs_other_bwg01.qmd_plot_v9_development">
      <skipped message="Reason: On CI ('test-graphs-other-bwg01.R:1:1')"/>
    </testcase>
  </testsuite>
  <testsuite name="graphs-other-cig01" timestamp="2024-05-14T15:26:43Z" hostname="e80cd839fadb" tests="5" skipped="5" failures="0" errors="0" time="0.19">
    <testcase time="0.143000000000029" classname="graphs_other_cig01" name="graphs_other_cig01.qmd_table_v6_development">
      <skipped message="Reason: On CRAN ('test-graphs-other-cig01.R:1:1')"/>
    </testcase>
    <testcase time="0.0119999999999436" classname="graphs_other_cig01" name="graphs_other_cig01.qmd_plot_v1_and_v2_development">
      <skipped message="Reason: On CI ('test-graphs-other-cig01.R:1:1')"/>
    </testcase>
    <testcase time="0.0120000000000573" classname="graphs_other_cig01" name="graphs_other_cig01.qmd_plot_v3_development">
      <skipped message="Reason: On CI ('test-graphs-other-cig01.R:1:1')"/>
    </testcase>
    <testcase time="0.0109999999999673" classname="graphs_other_cig01" name="graphs_other_cig01.qmd_plot_v4_development">
      <skipped message="Reason: On CI ('test-graphs-other-cig01.R:1:1')"/>
    </testcase>
    <testcase time="0.0120000000000573" classname="graphs_other_cig01" name="graphs_other_cig01.qmd_plot_v5_development">
      <skipped message="Reason: On CI ('test-graphs-other-cig01.R:1:1')"/>
    </testcase>
  </testsuite>
  <testsuite name="graphs-other-ippg01" timestamp="2024-05-14T15:26:43Z" hostname="e80cd839fadb" tests="2" skipped="2" failures="0" errors="0" time="0.046">
    <testcase time="0.0339999999999918" classname="graphs_other_ippg01" name="graphs_other_ippg01.qmd_plots_v1_development">
      <skipped message="Reason: Snapshot test is not implemented for object of class: list. ('test-graphs-other-ippg01.R:1:1')"/>
    </testcase>
    <testcase time="0.0119999999999436" classname="graphs_other_ippg01" name="graphs_other_ippg01.qmd_plots_v2_development">
      <skipped message="Reason: Snapshot test is not implemented for object of class: list. ('test-graphs-other-ippg01.R:1:1')"/>
    </testcase>
  </testsuite>
  <testsuite name="graphs-other-ltg01" timestamp="2024-05-14T15:26:43Z" hostname="e80cd839fadb" tests="7" skipped="7" failures="0" errors="0" time="0.174">
    <testcase time="0.105000000000018" classname="graphs_other_ltg01" name="graphs_other_ltg01.qmd_plot_v1_development">
      <skipped message="Reason: On CI ('test-graphs-other-ltg01.R:1:1')"/>
    </testcase>
    <testcase time="0.0120000000000573" classname="graphs_other_ltg01" name="graphs_other_ltg01.qmd_plot_v2_development">
      <skipped message="Reason: On CI ('test-graphs-other-ltg01.R:1:1')"/>
    </testcase>
    <testcase time="0.0109999999999673" classname="graphs_other_ltg01" name="graphs_other_ltg01.qmd_plot_v3_development">
      <skipped message="Reason: On CI ('test-graphs-other-ltg01.R:1:1')"/>
    </testcase>
    <testcase time="0.0109999999999673" classname="graphs_other_ltg01" name="graphs_other_ltg01.qmd_plot_v4_development">
      <skipped message="Reason: On CI ('test-graphs-other-ltg01.R:1:1')"/>
    </testcase>
    <testcase time="0.0120000000000573" classname="graphs_other_ltg01" name="graphs_other_ltg01.qmd_plot_v51_development">
      <skipped message="Reason: On CI ('test-graphs-other-ltg01.R:1:1')"/>
    </testcase>
    <testcase time="0.0109999999999673" classname="graphs_other_ltg01" name="graphs_other_ltg01.qmd_plot_v52_development">
      <skipped message="Reason: On CI ('test-graphs-other-ltg01.R:1:1')"/>
    </testcase>
    <testcase time="0.0119999999999436" classname="graphs_other_ltg01" name="graphs_other_ltg01.qmd_plot_v53_development">
      <skipped message="Reason: On CI ('test-graphs-other-ltg01.R:1:1')"/>
    </testcase>
  </testsuite>
  <testsuite name="graphs-other-mng01" timestamp="2024-05-14T15:26:43Z" hostname="e80cd839fadb" tests="7" skipped="7" failures="0" errors="0" time="0.445">
    <testcase time="0.166000000000054" classname="graphs_other_mng01" name="graphs_other_mng01.qmd_plot_v1_development">
      <skipped message="Reason: On CI ('test-graphs-other-mng01.R:1:1')"/>
    </testcase>
    <testcase time="0.0130000000000337" classname="graphs_other_mng01" name="graphs_other_mng01.qmd_plot_v2_development">
      <skipped message="Reason: On CI ('test-graphs-other-mng01.R:1:1')"/>
    </testcase>
    <testcase time="0.0109999999999673" classname="graphs_other_mng01" name="graphs_other_mng01.qmd_plot_v3_development">
      <skipped message="Reason: On CI ('test-graphs-other-mng01.R:1:1')"/>
    </testcase>
    <testcase time="0.0109999999999673" classname="graphs_other_mng01" name="graphs_other_mng01.qmd_plot_v4_development">
      <skipped message="Reason: On CI ('test-graphs-other-mng01.R:1:1')"/>
    </testcase>
    <testcase time="0.0110000000000809" classname="graphs_other_mng01" name="graphs_other_mng01.qmd_plot_v5_development">
      <skipped message="Reason: On CI ('test-graphs-other-mng01.R:1:1')"/>
    </testcase>
    <testcase time="0.0119999999999436" classname="graphs_other_mng01" name="graphs_other_mng01.qmd_plot_v6_development">
      <skipped message="Reason: On CI ('test-graphs-other-mng01.R:1:1')"/>
    </testcase>
    <testcase time="0.221000000000004" classname="graphs_other_mng01" name="graphs_other_mng01.qmd_plot_v7_development">
      <skipped message="Reason: On CI ('test-graphs-other-mng01.R:1:1')"/>
    </testcase>
  </testsuite>
  <testsuite name="graphs-pharmacokinetic-pkcg01" timestamp="2024-05-14T15:26:44Z" hostname="e80cd839fadb" tests="2" skipped="2" failures="0" errors="0" time="0.044">
    <testcase time="0.0330000000000155" classname="graphs_pharmacokinetic_pkcg01" name="graphs_pharmacokinetic_pkcg01.qmd_plot_v1_development">
      <skipped message="Reason: On CI ('test-graphs-pharmacokinetic-pkcg01.R:1:1')"/>
    </testcase>
    <testcase time="0.0109999999999673" classname="graphs_pharmacokinetic_pkcg01" name="graphs_pharmacokinetic_pkcg01.qmd_plot_v2_development">
      <skipped message="Reason: On CI ('test-graphs-pharmacokinetic-pkcg01.R:1:1')"/>
    </testcase>
  </testsuite>
  <testsuite name="graphs-pharmacokinetic-pkcg02" timestamp="2024-05-14T15:26:44Z" hostname="e80cd839fadb" tests="2" skipped="2" failures="0" errors="0" time="0.047">
    <testcase time="0.0349999999999682" classname="graphs_pharmacokinetic_pkcg02" name="graphs_pharmacokinetic_pkcg02.qmd_plot_v1_development">
      <skipped message="Reason: On CI ('test-graphs-pharmacokinetic-pkcg02.R:1:1')"/>
    </testcase>
    <testcase time="0.0120000000000573" classname="graphs_pharmacokinetic_pkcg02" name="graphs_pharmacokinetic_pkcg02.qmd_plot_v2_development">
      <skipped message="Reason: On CI ('test-graphs-pharmacokinetic-pkcg02.R:1:1')"/>
    </testcase>
  </testsuite>
  <testsuite name="graphs-pharmacokinetic-pkcg03" timestamp="2024-05-14T15:26:44Z" hostname="e80cd839fadb" tests="2" skipped="2" failures="0" errors="0" time="0.059">
    <testcase time="0.0470000000000255" classname="graphs_pharmacokinetic_pkcg03" name="graphs_pharmacokinetic_pkcg03.qmd_plot_v1_development">
      <skipped message="Reason: On CI ('test-graphs-pharmacokinetic-pkcg03.R:1:1')"/>
    </testcase>
    <testcase time="0.0119999999999436" classname="graphs_pharmacokinetic_pkcg03" name="graphs_pharmacokinetic_pkcg03.qmd_plot_v2_development">
      <skipped message="Reason: On CI ('test-graphs-pharmacokinetic-pkcg03.R:1:1')"/>
    </testcase>
  </testsuite>
  <testsuite name="graphs-pharmacokinetic-pkpg01" timestamp="2024-05-14T15:26:44Z" hostname="e80cd839fadb" tests="2" skipped="2" failures="0" errors="0" time="0.058">
    <testcase time="0.0460000000000491" classname="graphs_pharmacokinetic_pkpg01" name="graphs_pharmacokinetic_pkpg01.qmd_plot_v1_development">
      <skipped message="Reason: On CI ('test-graphs-pharmacokinetic-pkpg01.R:1:1')"/>
    </testcase>
    <testcase time="0.0119999999999436" classname="graphs_pharmacokinetic_pkpg01" name="graphs_pharmacokinetic_pkpg01.qmd_plot_v2_development">
      <skipped message="Reason: On CI ('test-graphs-pharmacokinetic-pkpg01.R:1:1')"/>
    </testcase>
  </testsuite>
  <testsuite name="graphs-pharmacokinetic-pkpg02" timestamp="2024-05-14T15:26:44Z" hostname="e80cd839fadb" tests="2" skipped="2" failures="0" errors="0" time="0.072">
    <testcase time="0.0600000000000591" classname="graphs_pharmacokinetic_pkpg02" name="graphs_pharmacokinetic_pkpg02.qmd_plot_v1_development">
      <skipped message="Reason: On CI ('test-graphs-pharmacokinetic-pkpg02.R:1:1')"/>
    </testcase>
    <testcase time="0.0119999999999436" classname="graphs_pharmacokinetic_pkpg02" name="graphs_pharmacokinetic_pkpg02.qmd_plot_v2_development">
      <skipped message="Reason: On CI ('test-graphs-pharmacokinetic-pkpg02.R:1:1')"/>
    </testcase>
  </testsuite>
  <testsuite name="graphs-pharmacokinetic-pkpg03" timestamp="2024-05-14T15:26:44Z" hostname="e80cd839fadb" tests="1" skipped="1" failures="0" errors="0" time="0.043">
    <testcase time="0.0430000000000064" classname="graphs_pharmacokinetic_pkpg03" name="graphs_pharmacokinetic_pkpg03.qmd_plot_v1_development">
      <skipped message="Reason: On CI ('test-graphs-pharmacokinetic-pkpg03.R:1:1')"/>
    </testcase>
  </testsuite>
  <testsuite name="graphs-pharmacokinetic-pkpg04" timestamp="2024-05-14T15:26:44Z" hostname="e80cd839fadb" tests="1" skipped="1" failures="0" errors="0" time="0.051">
    <testcase time="0.0510000000000446" classname="graphs_pharmacokinetic_pkpg04" name="graphs_pharmacokinetic_pkpg04.qmd_plot_v1_development">
      <skipped message="Reason: On CI ('test-graphs-pharmacokinetic-pkpg04.R:1:1')"/>
    </testcase>
  </testsuite>
  <testsuite name="graphs-pharmacokinetic-pkpg06" timestamp="2024-05-14T15:26:44Z" hostname="e80cd839fadb" tests="4" skipped="4" failures="0" errors="0" time="0.071">
    <testcase time="0.0349999999999682" classname="graphs_pharmacokinetic_pkpg06" name="graphs_pharmacokinetic_pkpg06.qmd_plot_v1_development">
      <skipped message="Reason: On CI ('test-graphs-pharmacokinetic-pkpg06.R:1:1')"/>
    </testcase>
    <testcase time="0.0120000000000573" classname="graphs_pharmacokinetic_pkpg06" name="graphs_pharmacokinetic_pkpg06.qmd_plot_v2_development">
      <skipped message="Reason: On CI ('test-graphs-pharmacokinetic-pkpg06.R:1:1')"/>
    </testcase>
    <testcase time="0.0119999999999436" classname="graphs_pharmacokinetic_pkpg06" name="graphs_pharmacokinetic_pkpg06.qmd_plot_v3_development">
      <skipped message="Reason: On CI ('test-graphs-pharmacokinetic-pkpg06.R:1:1')"/>
    </testcase>
    <testcase time="0.0120000000000573" classname="graphs_pharmacokinetic_pkpg06" name="graphs_pharmacokinetic_pkpg06.qmd_plot_v4_development">
      <skipped message="Reason: On CI ('test-graphs-pharmacokinetic-pkpg06.R:1:1')"/>
    </testcase>
  </testsuite>
  <testsuite name="listings-ADA-adal02" timestamp="2024-05-14T15:26:44Z" hostname="e80cd839fadb" tests="1" skipped="1" failures="0" errors="0" time="0.037">
    <testcase time="0.0369999999999209" classname="listings_ADA_adal02" name="listings_ADA_adal02.qmd_lsting_development">
      <skipped message="Reason: On CRAN ('test-listings-ADA-adal02.R:1:1')"/>
    </testcase>
  </testsuite>
  <testsuite name="listings-ECG-egl01" timestamp="2024-05-14T15:26:44Z" hostname="e80cd839fadb" tests="1" skipped="1" failures="0" errors="0" time="0.045">
    <testcase time="0.0450000000000728" classname="listings_ECG_egl01" name="listings_ECG_egl01.qmd_lsting_development">
      <skipped message="Reason: On CRAN ('test-listings-ECG-egl01.R:1:1')"/>
    </testcase>
  </testsuite>
  <testsuite name="listings-adverse-events-ael01" timestamp="2024-05-14T15:26:44Z" hostname="e80cd839fadb" tests="1" skipped="1" failures="0" errors="0" time="0.029">
    <testcase time="0.0289999999999964" classname="listings_adverse_events_ael01" name="listings_adverse_events_ael01.qmd_lsting_development">
      <skipped message="Reason: On CRAN ('test-listings-adverse-events-ael01.R:1:1')"/>
    </testcase>
  </testsuite>
  <testsuite name="listings-adverse-events-ael01_nollt" timestamp="2024-05-14T15:26:44Z" hostname="e80cd839fadb" tests="1" skipped="1" failures="0" errors="0" time="0.028">
    <testcase time="0.02800000000002" classname="listings_adverse_events_ael01_nollt" name="listings_adverse_events_ael01_nollt.qmd_lsting_development">
      <skipped message="Reason: On CRAN ('test-listings-adverse-events-ael01_nollt.R:1:1')"/>
    </testcase>
  </testsuite>
  <testsuite name="listings-adverse-events-ael02" timestamp="2024-05-14T15:26:44Z" hostname="e80cd839fadb" tests="1" skipped="1" failures="0" errors="0" time="0.048">
    <testcase time="0.0479999999998881" classname="listings_adverse_events_ael02" name="listings_adverse_events_ael02.qmd_lsting_development">
      <skipped message="Reason: On CRAN ('test-listings-adverse-events-ael02.R:1:1')"/>
    </testcase>
  </testsuite>
  <testsuite name="listings-adverse-events-ael02_ed" timestamp="2024-05-14T15:26:44Z" hostname="e80cd839fadb" tests="1" skipped="1" failures="0" errors="0" time="0.051">
    <testcase time="0.0509999999999309" classname="listings_adverse_events_ael02_ed" name="listings_adverse_events_ael02_ed.qmd_lsting_development">
      <skipped message="Reason: On CRAN ('test-listings-adverse-events-ael02_ed.R:1:1')"/>
    </testcase>
  </testsuite>
  <testsuite name="listings-adverse-events-ael03" timestamp="2024-05-14T15:26:44Z" hostname="e80cd839fadb" tests="1" skipped="1" failures="0" errors="0" time="0.045">
    <testcase time="0.0449999999999591" classname="listings_adverse_events_ael03" name="listings_adverse_events_ael03.qmd_lsting_development">
      <skipped message="Reason: On CRAN ('test-listings-adverse-events-ael03.R:1:1')"/>
    </testcase>
  </testsuite>
  <testsuite name="listings-adverse-events-ael04" timestamp="2024-05-14T15:26:44Z" hostname="e80cd839fadb" tests="1" skipped="1" failures="0" errors="0" time="0.044">
    <testcase time="0.0439999999999827" classname="listings_adverse_events_ael04" name="listings_adverse_events_ael04.qmd_lsting_development">
      <skipped message="Reason: On CRAN ('test-listings-adverse-events-ael04.R:1:1')"/>
    </testcase>
  </testsuite>
  <testsuite name="listings-concomitant-medications-cml01" timestamp="2024-05-14T15:26:44Z" hostname="e80cd839fadb" tests="1" skipped="1" failures="0" errors="0" time="0.049">
    <testcase time="0.0489999999999782" classname="listings_concomitant_medications_cml01" name="listings_concomitant_medications_cml01.qmd_lsting_development">
      <skipped message="Reason: On CRAN ('test-listings-concomitant-medications-cml01.R:1:1')"/>
    </testcase>
  </testsuite>
  <testsuite name="listings-concomitant-medications-cml02a_gl" timestamp="2024-05-14T15:26:44Z" hostname="e80cd839fadb" tests="1" skipped="1" failures="0" errors="0" time="0.027">
    <testcase time="0.0270000000000437" classname="listings_concomitant_medications_cml02a_gl" name="listings_concomitant_medications_cml02a_gl.qmd_lsting_development">
      <skipped message="Reason: On CRAN ('test-listings-concomitant-medications-cml02a_gl.R:1:1')"/>
    </testcase>
  </testsuite>
  <testsuite name="listings-concomitant-medications-cml02b_gl" timestamp="2024-05-14T15:26:44Z" hostname="e80cd839fadb" tests="1" skipped="1" failures="0" errors="0" time="0.03">
    <testcase time="0.0299999999999727" classname="listings_concomitant_medications_cml02b_gl" name="listings_concomitant_medications_cml02b_gl.qmd_lsting_development">
      <skipped message="Reason: On CRAN ('test-listings-concomitant-medications-cml02b_gl.R:1:1')"/>
    </testcase>
  </testsuite>
  <testsuite name="listings-development-safety-update-report-dsur4" timestamp="2024-05-14T15:26:45Z" hostname="e80cd839fadb" tests="1" skipped="1" failures="0" errors="0" time="0.027">
    <testcase time="0.0270000000000437" classname="listings_development_safety_update_report_dsur4" name="listings_development_safety_update_report_dsur4.qmd_lsting_development">
      <skipped message="Reason: On CRAN ('test-listings-development-safety-update-report-dsur4.R:1:1')"/>
    </testcase>
  </testsuite>
  <testsuite name="listings-disposition-dsl01" timestamp="2024-05-14T15:26:45Z" hostname="e80cd839fadb" tests="1" skipped="1" failures="0" errors="0" time="0.031">
    <testcase time="0.0309999999999491" classname="listings_disposition_dsl01" name="listings_disposition_dsl01.qmd_lsting_development">
      <skipped message="Reason: On CRAN ('test-listings-disposition-dsl01.R:1:1')"/>
    </testcase>
  </testsuite>
  <testsuite name="listings-disposition-dsl02" timestamp="2024-05-14T15:26:45Z" hostname="e80cd839fadb" tests="1" skipped="1" failures="0" errors="0" time="0.036">
    <testcase time="0.0360000000000582" classname="listings_disposition_dsl02" name="listings_disposition_dsl02.qmd_lsting_development">
      <skipped message="Reason: On CRAN ('test-listings-disposition-dsl02.R:1:1')"/>
    </testcase>
  </testsuite>
  <testsuite name="listings-efficacy-oncl01" timestamp="2024-05-14T15:26:45Z" hostname="e80cd839fadb" tests="1" skipped="1" failures="0" errors="0" time="0.038">
    <testcase time="0.0380000000000109" classname="listings_efficacy_oncl01" name="listings_efficacy_oncl01.qmd_lsting_development">
      <skipped message="Reason: On CRAN ('test-listings-efficacy-oncl01.R:1:1')"/>
    </testcase>
  </testsuite>
  <testsuite name="listings-exposure-exl01" timestamp="2024-05-14T15:26:45Z" hostname="e80cd839fadb" tests="1" skipped="1" failures="0" errors="0" time="0.041">
    <testcase time="0.04099999999994" classname="listings_exposure_exl01" name="listings_exposure_exl01.qmd_lsting_development">
      <skipped message="Reason: On CRAN ('test-listings-exposure-exl01.R:1:1')"/>
    </testcase>
  </testsuite>
  <testsuite name="listings-lab-results-lbl01" timestamp="2024-05-14T15:26:45Z" hostname="e80cd839fadb" tests="1" skipped="1" failures="0" errors="0" time="0.038">
    <testcase time="0.0380000000000109" classname="listings_lab_results_lbl01" name="listings_lab_results_lbl01.qmd_lsting_development">
      <skipped message="Reason: On CRAN ('test-listings-lab-results-lbl01.R:1:1')"/>
    </testcase>
  </testsuite>
  <testsuite name="listings-lab-results-lbl01_rls" timestamp="2024-05-14T15:26:45Z" hostname="e80cd839fadb" tests="1" skipped="1" failures="0" errors="0" time="0.039">
    <testcase time="0.0389999999999873" classname="listings_lab_results_lbl01_rls" name="listings_lab_results_lbl01_rls.qmd_lsting_development">
      <skipped message="Reason: On CRAN ('test-listings-lab-results-lbl01_rls.R:1:1')"/>
    </testcase>
  </testsuite>
  <testsuite name="listings-lab-results-lbl02a" timestamp="2024-05-14T15:26:45Z" hostname="e80cd839fadb" tests="1" skipped="1" failures="0" errors="0" time="0.041">
    <testcase time="0.0410000000000537" classname="listings_lab_results_lbl02a" name="listings_lab_results_lbl02a.qmd_lsting_development">
      <skipped message="Reason: On CRAN ('test-listings-lab-results-lbl02a.R:1:1')"/>
    </testcase>
  </testsuite>
  <testsuite name="listings-lab-results-lbl02a_rls" timestamp="2024-05-14T15:26:45Z" hostname="e80cd839fadb" tests="1" skipped="1" failures="0" errors="0" time="0.053">
    <testcase time="0.0529999999999973" classname="listings_lab_results_lbl02a_rls" name="listings_lab_results_lbl02a_rls.qmd_lsting_development">
      <skipped message="Reason: On CRAN ('test-listings-lab-results-lbl02a_rls.R:1:1')"/>
    </testcase>
  </testsuite>
  <testsuite name="listings-lab-results-lbl02b" timestamp="2024-05-14T15:26:45Z" hostname="e80cd839fadb" tests="1" skipped="1" failures="0" errors="0" time="0.042">
    <testcase time="0.04200000000003" classname="listings_lab_results_lbl02b" name="listings_lab_results_lbl02b.qmd_lsting_development">
      <skipped message="Reason: On CRAN ('test-listings-lab-results-lbl02b.R:1:1')"/>
    </testcase>
  </testsuite>
  <testsuite name="listings-medical-history-mhl01" timestamp="2024-05-14T15:26:45Z" hostname="e80cd839fadb" tests="1" skipped="1" failures="0" errors="0" time="0.044">
    <testcase time="0.0439999999999827" classname="listings_medical_history_mhl01" name="listings_medical_history_mhl01.qmd_lsting_development">
      <skipped message="Reason: On CRAN ('test-listings-medical-history-mhl01.R:1:1')"/>
    </testcase>
  </testsuite>
  <testsuite name="listings-pharmacokinetic-pkcl01" timestamp="2024-05-14T15:26:45Z" hostname="e80cd839fadb" tests="1" skipped="1" failures="0" errors="0" time="0.037">
    <testcase time="0.0369999999999209" classname="listings_pharmacokinetic_pkcl01" name="listings_pharmacokinetic_pkcl01.qmd_lsting_development">
      <skipped message="Reason: On CRAN ('test-listings-pharmacokinetic-pkcl01.R:1:1')"/>
    </testcase>
  </testsuite>
  <testsuite name="listings-pharmacokinetic-pkcl02" timestamp="2024-05-14T15:26:45Z" hostname="e80cd839fadb" tests="1" skipped="1" failures="0" errors="0" time="0.059">
    <testcase time="0.0590000000000828" classname="listings_pharmacokinetic_pkcl02" name="listings_pharmacokinetic_pkcl02.qmd_lsting_development">
      <skipped message="Reason: On CRAN ('test-listings-pharmacokinetic-pkcl02.R:1:1')"/>
    </testcase>
  </testsuite>
  <testsuite name="listings-pharmacokinetic-pkpl01" timestamp="2024-05-14T15:26:45Z" hostname="e80cd839fadb" tests="1" skipped="1" failures="0" errors="0" time="0.036">
    <testcase time="0.0359999999999445" classname="listings_pharmacokinetic_pkpl01" name="listings_pharmacokinetic_pkpl01.qmd_lsting_development">
      <skipped message="Reason: On CRAN ('test-listings-pharmacokinetic-pkpl01.R:1:1')"/>
    </testcase>
  </testsuite>
  <testsuite name="listings-pharmacokinetic-pkpl02" timestamp="2024-05-14T15:26:45Z" hostname="e80cd839fadb" tests="1" skipped="1" failures="0" errors="0" time="0.038">
    <testcase time="0.0380000000000109" classname="listings_pharmacokinetic_pkpl02" name="listings_pharmacokinetic_pkpl02.qmd_lsting_development">
      <skipped message="Reason: On CRAN ('test-listings-pharmacokinetic-pkpl02.R:1:1')"/>
    </testcase>
  </testsuite>
  <testsuite name="listings-pharmacokinetic-pkpl04" timestamp="2024-05-14T15:26:45Z" hostname="e80cd839fadb" tests="1" skipped="1" failures="0" errors="0" time="0.041">
    <testcase time="0.0410000000000537" classname="listings_pharmacokinetic_pkpl04" name="listings_pharmacokinetic_pkpl04.qmd_lsting_development">
      <skipped message="Reason: On CRAN ('test-listings-pharmacokinetic-pkpl04.R:1:1')"/>
    </testcase>
  </testsuite>
  <testsuite name="listings-vital-signs-vsl01" timestamp="2024-05-14T15:26:45Z" hostname="e80cd839fadb" tests="1" skipped="1" failures="0" errors="0" time="0.058">
    <testcase time="0.0579999999999927" classname="listings_vital_signs_vsl01" name="listings_vital_signs_vsl01.qmd_lsting_development">
      <skipped message="Reason: On CRAN ('test-listings-vital-signs-vsl01.R:1:1')"/>
    </testcase>
  </testsuite>
  <testsuite name="tables-ADA-adat01" timestamp="2024-05-14T15:26:45Z" hostname="e80cd839fadb" tests="1" skipped="1" failures="0" errors="0" time="0.207">
    <testcase time="0.206999999999994" classname="tables_ADA_adat01" name="tables_ADA_adat01.qmd_result_v1_development">
      <skipped message="Reason: On CRAN ('test-tables-ADA-adat01.R:1:1')"/>
    </testcase>
  </testsuite>
  <testsuite name="tables-ADA-adat02" timestamp="2024-05-14T15:26:45Z" hostname="e80cd839fadb" tests="1" skipped="1" failures="0" errors="0" time="0.07">
    <testcase time="0.0699999999999363" classname="tables_ADA_adat02" name="tables_ADA_adat02.qmd_result_v1_development">
      <skipped message="Reason: On CRAN ('test-tables-ADA-adat02.R:1:1')"/>
    </testcase>
  </testsuite>
  <testsuite name="tables-ADA-adat03" timestamp="2024-05-14T15:26:46Z" hostname="e80cd839fadb" tests="1" skipped="1" failures="0" errors="0" time="0.304">
    <testcase time="0.304000000000087" classname="tables_ADA_adat03" name="tables_ADA_adat03.qmd_result_v1_development">
      <skipped message="Reason: On CRAN ('test-tables-ADA-adat03.R:1:1')"/>
    </testcase>
  </testsuite>
  <testsuite name="tables-ADA-adat04a" timestamp="2024-05-14T15:26:46Z" hostname="e80cd839fadb" tests="1" skipped="1" failures="0" errors="0" time="0.155">
    <testcase time="0.154999999999973" classname="tables_ADA_adat04a" name="tables_ADA_adat04a.qmd_result_v1_development">
      <skipped message="Reason: On CRAN ('test-tables-ADA-adat04a.R:1:1')"/>
    </testcase>
  </testsuite>
  <testsuite name="tables-ADA-adat04b" timestamp="2024-05-14T15:26:46Z" hostname="e80cd839fadb" tests="1" skipped="1" failures="0" errors="0" time="0.138">
    <testcase time="0.13799999999992" classname="tables_ADA_adat04b" name="tables_ADA_adat04b.qmd_result_v1_development">
      <skipped message="Reason: On CRAN ('test-tables-ADA-adat04b.R:1:1')"/>
    </testcase>
  </testsuite>
  <testsuite name="tables-ECG-egt01" timestamp="2024-05-14T15:26:46Z" hostname="e80cd839fadb" tests="1" skipped="1" failures="0" errors="0" time="0.527">
    <testcase time="0.527000000000044" classname="tables_ECG_egt01" name="tables_ECG_egt01.qmd_result_v1_development">
      <skipped message="Reason: On CRAN ('test-tables-ECG-egt01.R:1:1')"/>
    </testcase>
  </testsuite>
  <testsuite name="tables-ECG-egt02" timestamp="2024-05-14T15:26:47Z" hostname="e80cd839fadb" tests="2" skipped="2" failures="0" errors="0" time="0.135">
    <testcase time="0.0720000000000027" classname="tables_ECG_egt02" name="tables_ECG_egt02.qmd_result_v1_development">
      <skipped message="Reason: On CRAN ('test-tables-ECG-egt02.R:1:1')"/>
    </testcase>
    <testcase time="0.0629999999999882" classname="tables_ECG_egt02" name="tables_ECG_egt02.qmd_result_v2_development">
      <skipped message="Reason: On CRAN ('test-tables-ECG-egt02.R:1:1')"/>
    </testcase>
  </testsuite>
  <testsuite name="tables-ECG-egt03" timestamp="2024-05-14T15:26:48Z" hostname="e80cd839fadb" tests="2" skipped="2" failures="0" errors="0" time="1.314">
    <testcase time="1.21900000000005" classname="tables_ECG_egt03" name="tables_ECG_egt03.qmd_result_v1_development">
      <skipped message="Reason: On CRAN ('test-tables-ECG-egt03.R:1:1')"/>
    </testcase>
    <testcase time="0.0949999999999136" classname="tables_ECG_egt03" name="tables_ECG_egt03.qmd_result_v2_development">
      <skipped message="Reason: On CRAN ('test-tables-ECG-egt03.R:1:1')"/>
    </testcase>
  </testsuite>
  <testsuite name="tables-ECG-egt04" timestamp="2024-05-14T15:26:48Z" hostname="e80cd839fadb" tests="1" skipped="1" failures="0" errors="0" time="0.17">
    <testcase time="0.170000000000073" classname="tables_ECG_egt04" name="tables_ECG_egt04.qmd_result_v1_development">
      <skipped message="Reason: On CRAN ('test-tables-ECG-egt04.R:1:1')"/>
    </testcase>
  </testsuite>
  <testsuite name="tables-ECG-egt05_qtcat" timestamp="2024-05-14T15:26:48Z" hostname="e80cd839fadb" tests="1" skipped="1" failures="0" errors="0" time="0.339">
    <testcase time="0.338999999999942" classname="tables_ECG_egt05_qtcat" name="tables_ECG_egt05_qtcat.qmd_result_v1_development">
      <skipped message="Reason: On CRAN ('test-tables-ECG-egt05_qtcat.R:1:1')"/>
    </testcase>
  </testsuite>
  <testsuite name="tables-adverse-events-aet01" timestamp="2024-05-14T15:26:49Z" hostname="e80cd839fadb" tests="4" skipped="4" failures="0" errors="0" time="0.424">
    <testcase time="0.118000000000052" classname="tables_adverse_events_aet01" name="tables_adverse_events_aet01.qmd_result_v1_development">
      <skipped message="Reason: On CRAN ('test-tables-adverse-events-aet01.R:1:1')"/>
    </testcase>
    <testcase time="0.106999999999971" classname="tables_adverse_events_aet01" name="tables_adverse_events_aet01.qmd_result_v2_development">
      <skipped message="Reason: On CRAN ('test-tables-adverse-events-aet01.R:1:1')"/>
    </testcase>
    <testcase time="0.0790000000000646" classname="tables_adverse_events_aet01" name="tables_adverse_events_aet01.qmd_result_v3_development">
      <skipped message="Reason: On CRAN ('test-tables-adverse-events-aet01.R:1:1')"/>
    </testcase>
    <testcase time="0.120000000000005" classname="tables_adverse_events_aet01" name="tables_adverse_events_aet01.qmd_result_v4_development">
      <skipped message="Reason: On CRAN ('test-tables-adverse-events-aet01.R:1:1')"/>
    </testcase>
  </testsuite>
  <testsuite name="tables-adverse-events-aet01_aesi" timestamp="2024-05-14T15:26:49Z" hostname="e80cd839fadb" tests="4" skipped="4" failures="0" errors="0" time="0.615">
    <testcase time="0.116999999999962" classname="tables_adverse_events_aet01_aesi" name="tables_adverse_events_aet01_aesi.qmd_result_v1_development">
      <skipped message="Reason: On CRAN ('test-tables-adverse-events-aet01_aesi.R:1:1')"/>
    </testcase>
    <testcase time="0.134999999999991" classname="tables_adverse_events_aet01_aesi" name="tables_adverse_events_aet01_aesi.qmd_result_v2_development">
      <skipped message="Reason: On CRAN ('test-tables-adverse-events-aet01_aesi.R:1:1')"/>
    </testcase>
    <testcase time="0.219000000000051" classname="tables_adverse_events_aet01_aesi" name="tables_adverse_events_aet01_aesi.qmd_result_v3_development">
      <skipped message="Reason: On CRAN ('test-tables-adverse-events-aet01_aesi.R:1:1')"/>
    </testcase>
    <testcase time="0.143999999999892" classname="tables_adverse_events_aet01_aesi" name="tables_adverse_events_aet01_aesi.qmd_result_v4_development">
      <skipped message="Reason: On CRAN ('test-tables-adverse-events-aet01_aesi.R:1:1')"/>
    </testcase>
  </testsuite>
  <testsuite name="tables-adverse-events-aet02" timestamp="2024-05-14T15:26:50Z" hostname="e80cd839fadb" tests="13" skipped="13" failures="0" errors="0" time="1.716">
    <testcase time="0.285000000000082" classname="tables_adverse_events_aet02" name="tables_adverse_events_aet02.qmd_result_v1_development">
      <skipped message="Reason: On CRAN ('test-tables-adverse-events-aet02.R:1:1')"/>
    </testcase>
    <testcase time="0.177000000000021" classname="tables_adverse_events_aet02" name="tables_adverse_events_aet02.qmd_result_v2_development">
      <skipped message="Reason: On CRAN ('test-tables-adverse-events-aet02.R:1:1')"/>
    </testcase>
    <testcase time="0.162999999999897" classname="tables_adverse_events_aet02" name="tables_adverse_events_aet02.qmd_result_v3_development">
      <skipped message="Reason: On CRAN ('test-tables-adverse-events-aet02.R:1:1')"/>
    </testcase>
    <testcase time="0.246000000000095" classname="tables_adverse_events_aet02" name="tables_adverse_events_aet02.qmd_result_v4_development">
      <skipped message="Reason: On CRAN ('test-tables-adverse-events-aet02.R:1:1')"/>
    </testcase>
    <testcase time="0.0769999999999982" classname="tables_adverse_events_aet02" name="tables_adverse_events_aet02.qmd_result_v5_development">
      <skipped message="Reason: On CRAN ('test-tables-adverse-events-aet02.R:1:1')"/>
    </testcase>
    <testcase time="0.144000000000005" classname="tables_adverse_events_aet02" name="tables_adverse_events_aet02.qmd_result_v6_development">
      <skipped message="Reason: On CRAN ('test-tables-adverse-events-aet02.R:1:1')"/>
    </testcase>
    <testcase time="0.0879999999999654" classname="tables_adverse_events_aet02" name="tables_adverse_events_aet02.qmd_result_v7_development">
      <skipped message="Reason: On CRAN ('test-tables-adverse-events-aet02.R:1:1')"/>
    </testcase>
    <testcase time="0.125" classname="tables_adverse_events_aet02" name="tables_adverse_events_aet02.qmd_result_v8_development">
      <skipped message="Reason: On CRAN ('test-tables-adverse-events-aet02.R:1:1')"/>
    </testcase>
    <testcase time="0.0900000000000318" classname="tables_adverse_events_aet02" name="tables_adverse_events_aet02.qmd_result_v9_development">
      <skipped message="Reason: On CRAN ('test-tables-adverse-events-aet02.R:1:1')"/>
    </testcase>
    <testcase time="0.0899999999999181" classname="tables_adverse_events_aet02" name="tables_adverse_events_aet02.qmd_result_v10_development">
      <skipped message="Reason: On CRAN ('test-tables-adverse-events-aet02.R:1:1')"/>
    </testcase>
    <testcase time="0.0690000000000737" classname="tables_adverse_events_aet02" name="tables_adverse_events_aet02.qmd_result_v11_development">
      <skipped message="Reason: On CRAN ('test-tables-adverse-events-aet02.R:1:1')"/>
    </testcase>
    <testcase time="0.0939999999999372" classname="tables_adverse_events_aet02" name="tables_adverse_events_aet02.qmd_result_v12_development">
      <skipped message="Reason: On CRAN ('test-tables-adverse-events-aet02.R:1:1')"/>
    </testcase>
    <testcase time="0.0679999999999836" classname="tables_adverse_events_aet02" name="tables_adverse_events_aet02.qmd_result_v13_development">
      <skipped message="Reason: On CRAN ('test-tables-adverse-events-aet02.R:1:1')"/>
    </testcase>
  </testsuite>
  <testsuite name="tables-adverse-events-aet02_smq" timestamp="2024-05-14T15:26:51Z" hostname="e80cd839fadb" tests="2" skipped="2" failures="0" errors="0" time="0.147">
    <testcase time="0.0670000000000073" classname="tables_adverse_events_aet02_smq" name="tables_adverse_events_aet02_smq.qmd_result_v1_development">
      <skipped message="Reason: On CRAN ('test-tables-adverse-events-aet02_smq.R:1:1')"/>
    </testcase>
    <testcase time="0.0800000000000409" classname="tables_adverse_events_aet02_smq" name="tables_adverse_events_aet02_smq.qmd_result_v2_development">
      <skipped message="Reason: On CRAN ('test-tables-adverse-events-aet02_smq.R:1:1')"/>
    </testcase>
  </testsuite>
  <testsuite name="tables-adverse-events-aet03" timestamp="2024-05-14T15:26:51Z" hostname="e80cd839fadb" tests="1" skipped="1" failures="0" errors="0" time="0.351">
    <testcase time="0.350999999999999" classname="tables_adverse_events_aet03" name="tables_adverse_events_aet03.qmd_result_v1_development">
      <skipped message="Reason: On CRAN ('test-tables-adverse-events-aet03.R:1:1')"/>
    </testcase>
  </testsuite>
  <testsuite name="tables-adverse-events-aet04" timestamp="2024-05-14T15:26:52Z" hostname="e80cd839fadb" tests="8" skipped="8" failures="0" errors="0" time="3.293">
    <testcase time="0.575000000000045" classname="tables_adverse_events_aet04" name="tables_adverse_events_aet04.qmd_result_v1_development">
      <skipped message="Reason: On CRAN ('test-tables-adverse-events-aet04.R:1:1')"/>
    </testcase>
    <testcase time="0.335999999999899" classname="tables_adverse_events_aet04" name="tables_adverse_events_aet04.qmd_result_v2_development">
      <skipped message="Reason: On CRAN ('test-tables-adverse-events-aet04.R:1:1')"/>
    </testcase>
    <testcase time="0.658000000000015" classname="tables_adverse_events_aet04" name="tables_adverse_events_aet04.qmd_result_v3_development">
      <skipped message="Reason: On CRAN ('test-tables-adverse-events-aet04.R:1:1')"/>
    </testcase>
    <testcase time="0.352000000000089" classname="tables_adverse_events_aet04" name="tables_adverse_events_aet04.qmd_result_v4_development">
      <skipped message="Reason: On CRAN ('test-tables-adverse-events-aet04.R:1:1')"/>
    </testcase>
    <testcase time="0.340999999999894" classname="tables_adverse_events_aet04" name="tables_adverse_events_aet04.qmd_result_v6_development">
      <skipped message="Reason: On CRAN ('test-tables-adverse-events-aet04.R:1:1')"/>
    </testcase>
    <testcase time="0.341000000000008" classname="tables_adverse_events_aet04" name="tables_adverse_events_aet04.qmd_result_v8_development">
      <skipped message="Reason: On CRAN ('test-tables-adverse-events-aet04.R:1:1')"/>
    </testcase>
    <testcase time="0.341000000000008" classname="tables_adverse_events_aet04" name="tables_adverse_events_aet04.qmd_result_v9_development">
      <skipped message="Reason: On CRAN ('test-tables-adverse-events-aet04.R:1:1')"/>
    </testcase>
    <testcase time="0.349000000000046" classname="tables_adverse_events_aet04" name="tables_adverse_events_aet04.qmd_result_v11_development">
      <skipped message="Reason: On CRAN ('test-tables-adverse-events-aet04.R:1:1')"/>
    </testcase>
  </testsuite>
  <testsuite name="tables-adverse-events-aet04_pi" timestamp="2024-05-14T15:26:56Z" hostname="e80cd839fadb" tests="8" skipped="8" failures="0" errors="0" time="1.475">
    <testcase time="0.735000000000014" classname="tables_adverse_events_aet04_pi" name="tables_adverse_events_aet04_pi.qmd_result_v1_development">
      <skipped message="Reason: On CRAN ('test-tables-adverse-events-aet04_pi.R:1:1')"/>
    </testcase>
    <testcase time="0.0849999999999227" classname="tables_adverse_events_aet04_pi" name="tables_adverse_events_aet04_pi.qmd_result_v2_development">
      <skipped message="Reason: On CRAN ('test-tables-adverse-events-aet04_pi.R:1:1')"/>
    </testcase>
    <testcase time="0.100000000000023" classname="tables_adverse_events_aet04_pi" name="tables_adverse_events_aet04_pi.qmd_result_v3_development">
      <skipped message="Reason: On CRAN ('test-tables-adverse-events-aet04_pi.R:1:1')"/>
    </testcase>
    <testcase time="0.0670000000000073" classname="tables_adverse_events_aet04_pi" name="tables_adverse_events_aet04_pi.qmd_result_v4_development">
      <skipped message="Reason: On CRAN ('test-tables-adverse-events-aet04_pi.R:1:1')"/>
    </testcase>
    <testcase time="0.134999999999991" classname="tables_adverse_events_aet04_pi" name="tables_adverse_events_aet04_pi.qmd_result_v5_development">
      <skipped message="Reason: On CRAN ('test-tables-adverse-events-aet04_pi.R:1:1')"/>
    </testcase>
    <testcase time="0.115999999999985" classname="tables_adverse_events_aet04_pi" name="tables_adverse_events_aet04_pi.qmd_result_v6_development">
      <skipped message="Reason: On CRAN ('test-tables-adverse-events-aet04_pi.R:1:1')"/>
    </testcase>
    <testcase time="0.105999999999995" classname="tables_adverse_events_aet04_pi" name="tables_adverse_events_aet04_pi.qmd_result_v7_development">
      <skipped message="Reason: On CRAN ('test-tables-adverse-events-aet04_pi.R:1:1')"/>
    </testcase>
    <testcase time="0.131000000000085" classname="tables_adverse_events_aet04_pi" name="tables_adverse_events_aet04_pi.qmd_result_v8_development">
      <skipped message="Reason: On CRAN ('test-tables-adverse-events-aet04_pi.R:1:1')"/>
    </testcase>
  </testsuite>
  <testsuite name="tables-adverse-events-aet05" timestamp="2024-05-14T15:26:57Z" hostname="e80cd839fadb" tests="2" skipped="2" failures="0" errors="0" time="0.105">
    <testcase time="0.0559999999999263" classname="tables_adverse_events_aet05" name="tables_adverse_events_aet05.qmd_result_v1_development">
      <skipped message="Reason: On CRAN ('test-tables-adverse-events-aet05.R:1:1')"/>
    </testcase>
    <testcase time="0.0490000000000919" classname="tables_adverse_events_aet05" name="tables_adverse_events_aet05.qmd_result_v2_development">
      <skipped message="Reason: On CRAN ('test-tables-adverse-events-aet05.R:1:1')"/>
    </testcase>
  </testsuite>
  <testsuite name="tables-adverse-events-aet05_all" timestamp="2024-05-14T15:26:57Z" hostname="e80cd839fadb" tests="2" skipped="2" failures="0" errors="0" time="0.096">
    <testcase time="0.0509999999999309" classname="tables_adverse_events_aet05_all" name="tables_adverse_events_aet05_all.qmd_result_v1_development">
      <skipped message="Reason: On CRAN ('test-tables-adverse-events-aet05_all.R:1:1')"/>
    </testcase>
    <testcase time="0.0450000000000728" classname="tables_adverse_events_aet05_all" name="tables_adverse_events_aet05_all.qmd_result_v2_development">
      <skipped message="Reason: On CRAN ('test-tables-adverse-events-aet05_all.R:1:1')"/>
    </testcase>
  </testsuite>
  <testsuite name="tables-adverse-events-aet06" timestamp="2024-05-14T15:26:57Z" hostname="e80cd839fadb" tests="5" skipped="5" failures="0" errors="0" time="1.855">
    <testcase time="0.440999999999917" classname="tables_adverse_events_aet06" name="tables_adverse_events_aet06.qmd_result_v1_development">
      <skipped message="Reason: On CRAN ('test-tables-adverse-events-aet06.R:1:1')"/>
    </testcase>
    <testcase time="0.620000000000005" classname="tables_adverse_events_aet06" name="tables_adverse_events_aet06.qmd_result_v2_development">
      <skipped message="Reason: On CRAN ('test-tables-adverse-events-aet06.R:1:1')"/>
    </testcase>
    <testcase time="0.283999999999992" classname="tables_adverse_events_aet06" name="tables_adverse_events_aet06.qmd_result_v3_development">
      <skipped message="Reason: On CRAN ('test-tables-adverse-events-aet06.R:1:1')"/>
    </testcase>
    <testcase time="0.203000000000088" classname="tables_adverse_events_aet06" name="tables_adverse_events_aet06.qmd_result_v4_development">
      <skipped message="Reason: On CRAN ('test-tables-adverse-events-aet06.R:1:1')"/>
    </testcase>
    <testcase time="0.306999999999903" classname="tables_adverse_events_aet06" name="tables_adverse_events_aet06.qmd_result_v5_development">
      <skipped message="Reason: On CRAN ('test-tables-adverse-events-aet06.R:1:1')"/>
    </testcase>
  </testsuite>
  <testsuite name="tables-adverse-events-aet06_smq" timestamp="2024-05-14T15:26:59Z" hostname="e80cd839fadb" tests="3" skipped="3" failures="0" errors="0" time="0.302">
    <testcase time="0.118000000000052" classname="tables_adverse_events_aet06_smq" name="tables_adverse_events_aet06_smq.qmd_result_v1_development">
      <skipped message="Reason: On CRAN ('test-tables-adverse-events-aet06_smq.R:1:1')"/>
    </testcase>
    <testcase time="0.109000000000037" classname="tables_adverse_events_aet06_smq" name="tables_adverse_events_aet06_smq.qmd_result_v2_development">
      <skipped message="Reason: On CRAN ('test-tables-adverse-events-aet06_smq.R:1:1')"/>
    </testcase>
    <testcase time="0.0749999999999318" classname="tables_adverse_events_aet06_smq" name="tables_adverse_events_aet06_smq.qmd_result_v3_development">
      <skipped message="Reason: On CRAN ('test-tables-adverse-events-aet06_smq.R:1:1')"/>
    </testcase>
  </testsuite>
  <testsuite name="tables-adverse-events-aet07" timestamp="2024-05-14T15:26:59Z" hostname="e80cd839fadb" tests="2" skipped="2" failures="0" errors="0" time="0.092">
    <testcase time="0.0480000000000018" classname="tables_adverse_events_aet07" name="tables_adverse_events_aet07.qmd_result_v1_development">
      <skipped message="Reason: On CRAN ('test-tables-adverse-events-aet07.R:1:1')"/>
    </testcase>
    <testcase time="0.0439999999999827" classname="tables_adverse_events_aet07" name="tables_adverse_events_aet07.qmd_result_v2_development">
      <skipped message="Reason: On CRAN ('test-tables-adverse-events-aet07.R:1:1')"/>
    </testcase>
  </testsuite>
  <testsuite name="tables-adverse-events-aet09" timestamp="2024-05-14T15:26:59Z" hostname="e80cd839fadb" tests="2" skipped="2" failures="0" errors="0" time="0.307">
    <testcase time="0.141000000000076" classname="tables_adverse_events_aet09" name="tables_adverse_events_aet09.qmd_result_v1_development">
      <skipped message="Reason: On CRAN ('test-tables-adverse-events-aet09.R:1:1')"/>
    </testcase>
    <testcase time="0.16599999999994" classname="tables_adverse_events_aet09" name="tables_adverse_events_aet09.qmd_result_v2_development">
      <skipped message="Reason: On CRAN ('test-tables-adverse-events-aet09.R:1:1')"/>
    </testcase>
  </testsuite>
  <testsuite name="tables-adverse-events-aet09_smq" timestamp="2024-05-14T15:26:59Z" hostname="e80cd839fadb" tests="2" skipped="2" failures="0" errors="0" time="0.133">
    <testcase time="0.0610000000000355" classname="tables_adverse_events_aet09_smq" name="tables_adverse_events_aet09_smq.qmd_result_v1_development">
      <skipped message="Reason: On CRAN ('test-tables-adverse-events-aet09_smq.R:1:1')"/>
    </testcase>
    <testcase time="0.0720000000000027" classname="tables_adverse_events_aet09_smq" name="tables_adverse_events_aet09_smq.qmd_result_v2_development">
      <skipped message="Reason: On CRAN ('test-tables-adverse-events-aet09_smq.R:1:1')"/>
    </testcase>
  </testsuite>
  <testsuite name="tables-adverse-events-aet10" timestamp="2024-05-14T15:27:00Z" hostname="e80cd839fadb" tests="2" skipped="2" failures="0" errors="0" time="0.18">
    <testcase time="0.101999999999975" classname="tables_adverse_events_aet10" name="tables_adverse_events_aet10.qmd_result_v1_development">
      <skipped message="Reason: On CRAN ('test-tables-adverse-events-aet10.R:1:1')"/>
    </testcase>
    <testcase time="0.0779999999999745" classname="tables_adverse_events_aet10" name="tables_adverse_events_aet10.qmd_result_v2_development">
      <skipped message="Reason: On CRAN ('test-tables-adverse-events-aet10.R:1:1')"/>
    </testcase>
  </testsuite>
  <testsuite name="tables-concomitant-medications-cmt01" timestamp="2024-05-14T15:27:00Z" hostname="e80cd839fadb" tests="4" skipped="4" failures="0" errors="0" time="0.367">
    <testcase time="0.113000000000056" classname="tables_concomitant_medications_cmt01" name="tables_concomitant_medications_cmt01.qmd_result_v1_development">
      <skipped message="Reason: On CRAN ('test-tables-concomitant-medications-cmt01.R:1:1')"/>
    </testcase>
    <testcase time="0.0710000000000264" classname="tables_concomitant_medications_cmt01" name="tables_concomitant_medications_cmt01.qmd_result_v2_development">
      <skipped message="Reason: On CRAN ('test-tables-concomitant-medications-cmt01.R:1:1')"/>
    </testcase>
    <testcase time="0.0809999999999036" classname="tables_concomitant_medications_cmt01" name="tables_concomitant_medications_cmt01.qmd_result_v3_development">
      <skipped message="Reason: On CRAN ('test-tables-concomitant-medications-cmt01.R:1:1')"/>
    </testcase>
    <testcase time="0.102000000000089" classname="tables_concomitant_medications_cmt01" name="tables_concomitant_medications_cmt01.qmd_result_v4_development">
      <skipped message="Reason: On CRAN ('test-tables-concomitant-medications-cmt01.R:1:1')"/>
    </testcase>
  </testsuite>
  <testsuite name="tables-concomitant-medications-cmt01a" timestamp="2024-05-14T15:27:00Z" hostname="e80cd839fadb" tests="4" skipped="4" failures="0" errors="0" time="0.67">
    <testcase time="0.212999999999965" classname="tables_concomitant_medications_cmt01a" name="tables_concomitant_medications_cmt01a.qmd_result_v1_development">
      <skipped message="Reason: On CRAN ('test-tables-concomitant-medications-cmt01a.R:1:1')"/>
    </testcase>
    <testcase time="0.158999999999992" classname="tables_concomitant_medications_cmt01a" name="tables_concomitant_medications_cmt01a.qmd_result_v2_development">
      <skipped message="Reason: On CRAN ('test-tables-concomitant-medications-cmt01a.R:1:1')"/>
    </testcase>
    <testcase time="0.164999999999964" classname="tables_concomitant_medications_cmt01a" name="tables_concomitant_medications_cmt01a.qmd_result_v3_development">
      <skipped message="Reason: On CRAN ('test-tables-concomitant-medications-cmt01a.R:1:1')"/>
    </testcase>
    <testcase time="0.133000000000038" classname="tables_concomitant_medications_cmt01a" name="tables_concomitant_medications_cmt01a.qmd_result_v4_development">
      <skipped message="Reason: On CRAN ('test-tables-concomitant-medications-cmt01a.R:1:1')"/>
    </testcase>
  </testsuite>
  <testsuite name="tables-concomitant-medications-cmt01b" timestamp="2024-05-14T15:27:01Z" hostname="e80cd839fadb" tests="3" skipped="3" failures="0" errors="0" time="0.777">
    <testcase time="0.32000000000005" classname="tables_concomitant_medications_cmt01b" name="tables_concomitant_medications_cmt01b.qmd_result_v1_development">
      <skipped message="Reason: On CRAN ('test-tables-concomitant-medications-cmt01b.R:1:1')"/>
    </testcase>
    <testcase time="0.189999999999941" classname="tables_concomitant_medications_cmt01b" name="tables_concomitant_medications_cmt01b.qmd_result_v2_development">
      <skipped message="Reason: On CRAN ('test-tables-concomitant-medications-cmt01b.R:1:1')"/>
    </testcase>
    <testcase time="0.267000000000053" classname="tables_concomitant_medications_cmt01b" name="tables_concomitant_medications_cmt01b.qmd_result_v4_development">
      <skipped message="Reason: On CRAN ('test-tables-concomitant-medications-cmt01b.R:1:1')"/>
    </testcase>
  </testsuite>
  <testsuite name="tables-concomitant-medications-cmt02_pt" timestamp="2024-05-14T15:27:01Z" hostname="e80cd839fadb" tests="1" skipped="1" failures="0" errors="0" time="0.077">
    <testcase time="0.0769999999999982" classname="tables_concomitant_medications_cmt02_pt" name="tables_concomitant_medications_cmt02_pt.qmd_result_v1_development">
      <skipped message="Reason: On CRAN ('test-tables-concomitant-medications-cmt02_pt.R:1:1')"/>
    </testcase>
  </testsuite>
  <testsuite name="tables-deaths-dtht01" timestamp="2024-05-14T15:27:02Z" hostname="e80cd839fadb" tests="4" skipped="4" failures="0" errors="0" time="0.47">
    <testcase time="0.171999999999912" classname="tables_deaths_dtht01" name="tables_deaths_dtht01.qmd_result_v1_development">
      <skipped message="Reason: On CRAN ('test-tables-deaths-dtht01.R:1:1')"/>
    </testcase>
    <testcase time="0.134000000000015" classname="tables_deaths_dtht01" name="tables_deaths_dtht01.qmd_result_v2_development">
      <skipped message="Reason: On CRAN ('test-tables-deaths-dtht01.R:1:1')"/>
    </testcase>
    <testcase time="0.0679999999999836" classname="tables_deaths_dtht01" name="tables_deaths_dtht01.qmd_result_v3_development">
      <skipped message="Reason: On CRAN ('test-tables-deaths-dtht01.R:1:1')"/>
    </testcase>
    <testcase time="0.0960000000000036" classname="tables_deaths_dtht01" name="tables_deaths_dtht01.qmd_result_v4_development">
      <skipped message="Reason: On CRAN ('test-tables-deaths-dtht01.R:1:1')"/>
    </testcase>
  </testsuite>
  <testsuite name="tables-demography-dmt01" timestamp="2024-05-14T15:27:02Z" hostname="e80cd839fadb" tests="5" skipped="5" failures="0" errors="0" time="0.732">
    <testcase time="0.198000000000093" classname="tables_demography_dmt01" name="tables_demography_dmt01.qmd_result_v1_development">
      <skipped message="Reason: On CRAN ('test-tables-demography-dmt01.R:1:1')"/>
    </testcase>
    <testcase time="0.153999999999996" classname="tables_demography_dmt01" name="tables_demography_dmt01.qmd_result_v2_development">
      <skipped message="Reason: On CRAN ('test-tables-demography-dmt01.R:1:1')"/>
    </testcase>
    <testcase time="0.141999999999939" classname="tables_demography_dmt01" name="tables_demography_dmt01.qmd_result_v3_development">
      <skipped message="Reason: On CRAN ('test-tables-demography-dmt01.R:1:1')"/>
    </testcase>
    <testcase time="0.129000000000019" classname="tables_demography_dmt01" name="tables_demography_dmt01.qmd_result_v4_development">
      <skipped message="Reason: On CRAN ('test-tables-demography-dmt01.R:1:1')"/>
    </testcase>
    <testcase time="0.109000000000037" classname="tables_demography_dmt01" name="tables_demography_dmt01.qmd_result_v5_development">
      <skipped message="Reason: On CRAN ('test-tables-demography-dmt01.R:1:1')"/>
    </testcase>
  </testsuite>
  <testsuite name="tables-disclosures-disclosurest01" timestamp="2024-05-14T15:27:03Z" hostname="e80cd839fadb" tests="6" skipped="6" failures="0" errors="0" time="0.58">
    <testcase time="0.13900000000001" classname="tables_disclosures_disclosurest01" name="tables_disclosures_disclosurest01.qmd_result_v1_development">
      <skipped message="Reason: On CRAN ('test-tables-disclosures-disclosurest01.R:1:1')"/>
    </testcase>
    <testcase time="0.153999999999996" classname="tables_disclosures_disclosurest01" name="tables_disclosures_disclosurest01.qmd_result_v2_development">
      <skipped message="Reason: On CRAN ('test-tables-disclosures-disclosurest01.R:1:1')"/>
    </testcase>
    <testcase time="0.0749999999999318" classname="tables_disclosures_disclosurest01" name="tables_disclosures_disclosurest01.qmd_result_v3_development">
      <skipped message="Reason: On CRAN ('test-tables-disclosures-disclosurest01.R:1:1')"/>
    </testcase>
    <testcase time="0.09699999999998" classname="tables_disclosures_disclosurest01" name="tables_disclosures_disclosurest01.qmd_result_v4_development">
      <skipped message="Reason: On CRAN ('test-tables-disclosures-disclosurest01.R:1:1')"/>
    </testcase>
    <testcase time="0.0740000000000691" classname="tables_disclosures_disclosurest01" name="tables_disclosures_disclosurest01.qmd_result_v5_development">
      <skipped message="Reason: On CRAN ('test-tables-disclosures-disclosurest01.R:1:1')"/>
    </testcase>
    <testcase time="0.04099999999994" classname="tables_disclosures_disclosurest01" name="tables_disclosures_disclosurest01.qmd_result_v6_development">
      <skipped message="Reason: On CRAN ('test-tables-disclosures-disclosurest01.R:1:1')"/>
    </testcase>
  </testsuite>
  <testsuite name="tables-disclosures-eudrat01" timestamp="2024-05-14T15:27:03Z" hostname="e80cd839fadb" tests="1" skipped="1" failures="0" errors="0" time="0.123">
    <testcase time="0.123000000000047" classname="tables_disclosures_eudrat01" name="tables_disclosures_eudrat01.qmd_result_v1_development">
      <skipped message="Reason: On CRAN ('test-tables-disclosures-eudrat01.R:1:1')"/>
    </testcase>
  </testsuite>
  <testsuite name="tables-disclosures-eudrat02" timestamp="2024-05-14T15:27:03Z" hostname="e80cd839fadb" tests="1" skipped="1" failures="0" errors="0" time="0.086">
    <testcase time="0.0860000000000127" classname="tables_disclosures_eudrat02" name="tables_disclosures_eudrat02.qmd_result_v1_development">
      <skipped message="Reason: On CRAN ('test-tables-disclosures-eudrat02.R:1:1')"/>
    </testcase>
  </testsuite>
  <testsuite name="tables-disposition-dst01" timestamp="2024-05-14T15:27:04Z" hostname="e80cd839fadb" tests="3" skipped="3" failures="0" errors="0" time="0.341">
    <testcase time="0.15199999999993" classname="tables_disposition_dst01" name="tables_disposition_dst01.qmd_result_v1_development">
      <skipped message="Reason: On CRAN ('test-tables-disposition-dst01.R:1:1')"/>
    </testcase>
    <testcase time="0.0830000000000837" classname="tables_disposition_dst01" name="tables_disposition_dst01.qmd_result_v2_development">
      <skipped message="Reason: On CRAN ('test-tables-disposition-dst01.R:1:1')"/>
    </testcase>
    <testcase time="0.105999999999995" classname="tables_disposition_dst01" name="tables_disposition_dst01.qmd_result_v3_development">
      <skipped message="Reason: On CRAN ('test-tables-disposition-dst01.R:1:1')"/>
    </testcase>
  </testsuite>
  <testsuite name="tables-disposition-pdt01" timestamp="2024-05-14T15:27:04Z" hostname="e80cd839fadb" tests="1" skipped="1" failures="0" errors="0" time="0.142">
    <testcase time="0.141999999999939" classname="tables_disposition_pdt01" name="tables_disposition_pdt01.qmd_result_v1_development">
      <skipped message="Reason: On CRAN ('test-tables-disposition-pdt01.R:1:1')"/>
    </testcase>
  </testsuite>
  <testsuite name="tables-disposition-pdt02" timestamp="2024-05-14T15:27:04Z" hostname="e80cd839fadb" tests="1" skipped="1" failures="0" errors="0" time="0.068">
    <testcase time="0.0679999999999836" classname="tables_disposition_pdt02" name="tables_disposition_pdt02.qmd_result_v1_development">
      <skipped message="Reason: On CRAN ('test-tables-disposition-pdt02.R:1:1')"/>
    </testcase>
  </testsuite>
  <testsuite name="tables-efficacy-aovt01" timestamp="2024-05-14T15:27:05Z" hostname="e80cd839fadb" tests="1" skipped="1" failures="0" errors="0" time="1.056">
    <testcase time="1.05600000000004" classname="tables_efficacy_aovt01" name="tables_efficacy_aovt01.qmd_result_v1_development">
      <skipped message="Reason: On CRAN ('test-tables-efficacy-aovt01.R:1:1')"/>
    </testcase>
  </testsuite>
  <testsuite name="tables-efficacy-aovt02" timestamp="2024-05-14T15:27:05Z" hostname="e80cd839fadb" tests="1" skipped="1" failures="0" errors="0" time="0.143">
    <testcase time="0.143000000000029" classname="tables_efficacy_aovt02" name="tables_efficacy_aovt02.qmd_result_v1_development">
      <skipped message="Reason: On CRAN ('test-tables-efficacy-aovt02.R:1:1')"/>
    </testcase>
  </testsuite>
  <testsuite name="tables-efficacy-aovt03" timestamp="2024-05-14T15:27:06Z" hostname="e80cd839fadb" tests="1" skipped="1" failures="0" errors="0" time="0.913">
    <testcase time="0.913000000000011" classname="tables_efficacy_aovt03" name="tables_efficacy_aovt03.qmd_result_v1_development">
      <skipped message="Reason: On CRAN ('test-tables-efficacy-aovt03.R:1:1')"/>
    </testcase>
  </testsuite>
  <testsuite name="tables-efficacy-cfbt01" timestamp="2024-05-14T15:27:06Z" hostname="e80cd839fadb" tests="1" skipped="1" failures="0" errors="0" time="0.203">
    <testcase time="0.202999999999975" classname="tables_efficacy_cfbt01" name="tables_efficacy_cfbt01.qmd_result_v1_development">
      <skipped message="Reason: On CRAN ('test-tables-efficacy-cfbt01.R:1:1')"/>
    </testcase>
  </testsuite>
  <testsuite name="tables-efficacy-cmht01" timestamp="2024-05-14T15:27:08Z" hostname="e80cd839fadb" tests="2" skipped="2" failures="0" errors="0" time="2.284">
    <testcase time="2.04700000000003" classname="tables_efficacy_cmht01" name="tables_efficacy_cmht01.qmd_result_v1_development">
      <skipped message="Reason: On CRAN ('test-tables-efficacy-cmht01.R:1:1')"/>
    </testcase>
    <testcase time="0.236999999999966" classname="tables_efficacy_cmht01" name="tables_efficacy_cmht01.qmd_result_v2_development">
      <skipped message="Reason: On CRAN ('test-tables-efficacy-cmht01.R:1:1')"/>
    </testcase>
  </testsuite>
  <testsuite name="tables-efficacy-coxt01" timestamp="2024-05-14T15:27:09Z" hostname="e80cd839fadb" tests="4" skipped="4" failures="0" errors="0" time="0.395">
    <testcase time="0.138000000000034" classname="tables_efficacy_coxt01" name="tables_efficacy_coxt01.qmd_result_v1_development">
      <skipped message="Reason: On CRAN ('test-tables-efficacy-coxt01.R:1:1')"/>
    </testcase>
    <testcase time="0.0910000000000082" classname="tables_efficacy_coxt01" name="tables_efficacy_coxt01.qmd_result_v2_development">
      <skipped message="Reason: On CRAN ('test-tables-efficacy-coxt01.R:1:1')"/>
    </testcase>
    <testcase time="0.0909999999998945" classname="tables_efficacy_coxt01" name="tables_efficacy_coxt01.qmd_result_v3_development">
      <skipped message="Reason: On CRAN ('test-tables-efficacy-coxt01.R:1:1')"/>
    </testcase>
    <testcase time="0.0750000000000455" classname="tables_efficacy_coxt01" name="tables_efficacy_coxt01.qmd_result_v4_development">
      <skipped message="Reason: On CRAN ('test-tables-efficacy-coxt01.R:1:1')"/>
    </testcase>
  </testsuite>
  <testsuite name="tables-efficacy-coxt02" timestamp="2024-05-14T15:27:09Z" hostname="e80cd839fadb" tests="2" skipped="2" failures="0" errors="0" time="0.13">
    <testcase time="0.0750000000000455" classname="tables_efficacy_coxt02" name="tables_efficacy_coxt02.qmd_result_v1_development">
      <skipped message="Reason: On CRAN ('test-tables-efficacy-coxt02.R:1:1')"/>
    </testcase>
    <testcase time="0.05499999999995" classname="tables_efficacy_coxt02" name="tables_efficacy_coxt02.qmd_result_v2_development">
      <skipped message="Reason: On CRAN ('test-tables-efficacy-coxt02.R:1:1')"/>
    </testcase>
  </testsuite>
  <testsuite name="tables-efficacy-dort01" timestamp="2024-05-14T15:27:10Z" hostname="e80cd839fadb" tests="4" skipped="4" failures="0" errors="0" time="0.924">
    <testcase time="0.652000000000044" classname="tables_efficacy_dort01" name="tables_efficacy_dort01.qmd_result_v1_development">
      <skipped message="Reason: On CRAN ('test-tables-efficacy-dort01.R:1:1')"/>
    </testcase>
    <testcase time="0.0860000000000127" classname="tables_efficacy_dort01" name="tables_efficacy_dort01.qmd_result_v2_development">
      <skipped message="Reason: On CRAN ('test-tables-efficacy-dort01.R:1:1')"/>
    </testcase>
    <testcase time="0.104999999999905" classname="tables_efficacy_dort01" name="tables_efficacy_dort01.qmd_result_v3_development">
      <skipped message="Reason: On CRAN ('test-tables-efficacy-dort01.R:1:1')"/>
    </testcase>
    <testcase time="0.0810000000000173" classname="tables_efficacy_dort01" name="tables_efficacy_dort01.qmd_result_v4_development">
      <skipped message="Reason: On CRAN ('test-tables-efficacy-dort01.R:1:1')"/>
    </testcase>
  </testsuite>
  <testsuite name="tables-efficacy-lgrt02" timestamp="2024-05-14T15:27:10Z" hostname="e80cd839fadb" tests="4" skipped="4" failures="0" errors="0" time="0.809">
    <testcase time="0.162000000000035" classname="tables_efficacy_lgrt02" name="tables_efficacy_lgrt02.qmd_result_v1_development">
      <skipped message="Reason: On CRAN ('test-tables-efficacy-lgrt02.R:1:1')"/>
    </testcase>
    <testcase time="0.13900000000001" classname="tables_efficacy_lgrt02" name="tables_efficacy_lgrt02.qmd_result_v2_development">
      <skipped message="Reason: On CRAN ('test-tables-efficacy-lgrt02.R:1:1')"/>
    </testcase>
    <testcase time="0.367999999999938" classname="tables_efficacy_lgrt02" name="tables_efficacy_lgrt02.qmd_result_v3_development">
      <skipped message="Reason: On CRAN ('test-tables-efficacy-lgrt02.R:1:1')"/>
    </testcase>
    <testcase time="0.1400000000001" classname="tables_efficacy_lgrt02" name="tables_efficacy_lgrt02.qmd_result_v4_development">
      <skipped message="Reason: On CRAN ('test-tables-efficacy-lgrt02.R:1:1')"/>
    </testcase>
  </testsuite>
  <testsuite name="tables-efficacy-mmrmt01" timestamp="2024-05-14T15:27:11Z" hostname="e80cd839fadb" tests="4" skipped="4" failures="0" errors="0" time="0.588">
    <testcase time="0.197999999999979" classname="tables_efficacy_mmrmt01" name="tables_efficacy_mmrmt01.qmd_result_v1_development">
      <skipped message="Reason: On CRAN ('test-tables-efficacy-mmrmt01.R:1:1')"/>
    </testcase>
    <testcase time="0.0789999999999509" classname="tables_efficacy_mmrmt01" name="tables_efficacy_mmrmt01.qmd_result_v2_development">
      <skipped message="Reason: On CRAN ('test-tables-efficacy-mmrmt01.R:1:1')"/>
    </testcase>
    <testcase time="0.235000000000014" classname="tables_efficacy_mmrmt01" name="tables_efficacy_mmrmt01.qmd_result_v3_development">
      <skipped message="Reason: On CRAN ('test-tables-efficacy-mmrmt01.R:1:1')"/>
    </testcase>
    <testcase time="0.0760000000000218" classname="tables_efficacy_mmrmt01" name="tables_efficacy_mmrmt01.qmd_result_baseline_development">
      <skipped message="Reason: On CRAN ('test-tables-efficacy-mmrmt01.R:1:1')"/>
    </testcase>
  </testsuite>
  <testsuite name="tables-efficacy-onct05" timestamp="2024-05-14T15:27:12Z" hostname="e80cd839fadb" tests="4" skipped="4" failures="0" errors="0" time="0.467">
    <testcase time="0.178999999999974" classname="tables_efficacy_onct05" name="tables_efficacy_onct05.qmd_result_v1_development">
      <skipped message="Reason: On CRAN ('test-tables-efficacy-onct05.R:1:1')"/>
    </testcase>
    <testcase time="0.105999999999995" classname="tables_efficacy_onct05" name="tables_efficacy_onct05.qmd_result_v2_development">
      <skipped message="Reason: On CRAN ('test-tables-efficacy-onct05.R:1:1')"/>
    </testcase>
    <testcase time="0.0960000000000036" classname="tables_efficacy_onct05" name="tables_efficacy_onct05.qmd_result_v3_development">
      <skipped message="Reason: On CRAN ('test-tables-efficacy-onct05.R:1:1')"/>
    </testcase>
    <testcase time="0.0860000000000127" classname="tables_efficacy_onct05" name="tables_efficacy_onct05.qmd_result_v4_development">
      <skipped message="Reason: On CRAN ('test-tables-efficacy-onct05.R:1:1')"/>
    </testcase>
  </testsuite>
  <testsuite name="tables-efficacy-ratet01" timestamp="2024-05-14T15:27:12Z" hostname="e80cd839fadb" tests="1" skipped="1" failures="0" errors="0" time="0.255">
    <testcase time="0.254999999999995" classname="tables_efficacy_ratet01" name="tables_efficacy_ratet01.qmd_result_v1_development">
      <skipped message="Reason: On CRAN ('test-tables-efficacy-ratet01.R:1:1')"/>
    </testcase>
  </testsuite>
  <testsuite name="tables-efficacy-rbmit01" timestamp="2024-05-14T15:27:12Z" hostname="e80cd839fadb" tests="1" skipped="1" failures="0" errors="0" time="0.119">
    <testcase time="0.119000000000028" classname="tables_efficacy_rbmit01" name="tables_efficacy_rbmit01.qmd_result_v1_development">
      <skipped message="Reason: On CRAN ('test-tables-efficacy-rbmit01.R:1:1')"/>
    </testcase>
  </testsuite>
  <testsuite name="tables-efficacy-rspt01" timestamp="2024-05-14T15:27:13Z" hostname="e80cd839fadb" tests="6" skipped="6" failures="0" errors="0" time="0.911">
    <testcase time="0.427000000000021" classname="tables_efficacy_rspt01" name="tables_efficacy_rspt01.qmd_result_v1_development">
      <skipped message="Reason: On CRAN ('test-tables-efficacy-rspt01.R:1:1')"/>
    </testcase>
    <testcase time="0.0910000000000082" classname="tables_efficacy_rspt01" name="tables_efficacy_rspt01.qmd_result_v2_development">
      <skipped message="Reason: On CRAN ('test-tables-efficacy-rspt01.R:1:1')"/>
    </testcase>
    <testcase time="0.0939999999999372" classname="tables_efficacy_rspt01" name="tables_efficacy_rspt01.qmd_result_v3_development">
      <skipped message="Reason: On CRAN ('test-tables-efficacy-rspt01.R:1:1')"/>
    </testcase>
    <testcase time="0.125999999999976" classname="tables_efficacy_rspt01" name="tables_efficacy_rspt01.qmd_result_v4_development">
      <skipped message="Reason: On CRAN ('test-tables-efficacy-rspt01.R:1:1')"/>
    </testcase>
    <testcase time="0.0930000000000746" classname="tables_efficacy_rspt01" name="tables_efficacy_rspt01.qmd_result_v5_development">
      <skipped message="Reason: On CRAN ('test-tables-efficacy-rspt01.R:1:1')"/>
    </testcase>
    <testcase time="0.0799999999999272" classname="tables_efficacy_rspt01" name="tables_efficacy_rspt01.qmd_result_v6_development">
      <skipped message="Reason: On CRAN ('test-tables-efficacy-rspt01.R:1:1')"/>
    </testcase>
  </testsuite>
  <testsuite name="tables-efficacy-ttet01" timestamp="2024-05-14T15:27:14Z" hostname="e80cd839fadb" tests="6" skipped="6" failures="0" errors="0" time="1.802">
    <testcase time="1.20100000000002" classname="tables_efficacy_ttet01" name="tables_efficacy_ttet01.qmd_result_v1_development">
      <skipped message="Reason: On CRAN ('test-tables-efficacy-ttet01.R:1:1')"/>
    </testcase>
    <testcase time="0.110000000000014" classname="tables_efficacy_ttet01" name="tables_efficacy_ttet01.qmd_result_v2_development">
      <skipped message="Reason: On CRAN ('test-tables-efficacy-ttet01.R:1:1')"/>
    </testcase>
    <testcase time="0.115999999999985" classname="tables_efficacy_ttet01" name="tables_efficacy_ttet01.qmd_result_v3_development">
      <skipped message="Reason: On CRAN ('test-tables-efficacy-ttet01.R:1:1')"/>
    </testcase>
    <testcase time="0.134000000000015" classname="tables_efficacy_ttet01" name="tables_efficacy_ttet01.qmd_result_v4_development">
      <skipped message="Reason: On CRAN ('test-tables-efficacy-ttet01.R:1:1')"/>
    </testcase>
    <testcase time="0.115999999999985" classname="tables_efficacy_ttet01" name="tables_efficacy_ttet01.qmd_result_v5_development">
      <skipped message="Reason: On CRAN ('test-tables-efficacy-ttet01.R:1:1')"/>
    </testcase>
    <testcase time="0.125" classname="tables_efficacy_ttet01" name="tables_efficacy_ttet01.qmd_result_v6_development">
      <skipped message="Reason: On CRAN ('test-tables-efficacy-ttet01.R:1:1')"/>
    </testcase>
  </testsuite>
  <testsuite name="tables-exposure-ext01" timestamp="2024-05-14T15:27:15Z" hostname="e80cd839fadb" tests="3" skipped="3" failures="0" errors="0" time="0.588">
    <testcase time="0.201999999999998" classname="tables_exposure_ext01" name="tables_exposure_ext01.qmd_result_v1_development">
      <skipped message="Reason: On CRAN ('test-tables-exposure-ext01.R:1:1')"/>
    </testcase>
    <testcase time="0.177000000000021" classname="tables_exposure_ext01" name="tables_exposure_ext01.qmd_result_v2_development">
      <skipped message="Reason: On CRAN ('test-tables-exposure-ext01.R:1:1')"/>
    </testcase>
    <testcase time="0.208999999999946" classname="tables_exposure_ext01" name="tables_exposure_ext01.qmd_result_v3_development">
      <skipped message="Reason: On CRAN ('test-tables-exposure-ext01.R:1:1')"/>
    </testcase>
  </testsuite>
  <testsuite name="tables-lab-results-lbt01" timestamp="2024-05-14T15:27:16Z" hostname="e80cd839fadb" tests="1" skipped="1" failures="0" errors="0" time="0.211">
    <testcase time="0.211000000000013" classname="tables_lab_results_lbt01" name="tables_lab_results_lbt01.qmd_result_v1_development">
      <skipped message="Reason: On CRAN ('test-tables-lab-results-lbt01.R:1:1')"/>
    </testcase>
  </testsuite>
  <testsuite name="tables-lab-results-lbt02" timestamp="2024-05-14T15:27:16Z" hostname="e80cd839fadb" tests="1" skipped="1" failures="0" errors="0" time="0.153">
    <testcase time="0.15300000000002" classname="tables_lab_results_lbt02" name="tables_lab_results_lbt02.qmd_result_v1_development">
      <skipped message="Reason: On CRAN ('test-tables-lab-results-lbt02.R:1:1')"/>
    </testcase>
  </testsuite>
  <testsuite name="tables-lab-results-lbt03" timestamp="2024-05-14T15:27:16Z" hostname="e80cd839fadb" tests="2" skipped="2" failures="0" errors="0" time="0.275">
    <testcase time="0.148000000000025" classname="tables_lab_results_lbt03" name="tables_lab_results_lbt03.qmd_result_v1_development">
      <skipped message="Reason: On CRAN ('test-tables-lab-results-lbt03.R:1:1')"/>
    </testcase>
    <testcase time="0.126999999999953" classname="tables_lab_results_lbt03" name="tables_lab_results_lbt03.qmd_result_v2_development">
      <skipped message="Reason: On CRAN ('test-tables-lab-results-lbt03.R:1:1')"/>
    </testcase>
  </testsuite>
  <testsuite name="tables-lab-results-lbt04" timestamp="2024-05-14T15:27:16Z" hostname="e80cd839fadb" tests="1" skipped="1" failures="0" errors="0" time="0.075">
    <testcase time="0.0750000000000455" classname="tables_lab_results_lbt04" name="tables_lab_results_lbt04.qmd_result_v1_development">
      <skipped message="Reason: On CRAN ('test-tables-lab-results-lbt04.R:1:1')"/>
    </testcase>
  </testsuite>
  <testsuite name="tables-lab-results-lbt05" timestamp="2024-05-14T15:27:16Z" hostname="e80cd839fadb" tests="3" skipped="3" failures="0" errors="0" time="0.367">
    <testcase time="0.135999999999967" classname="tables_lab_results_lbt05" name="tables_lab_results_lbt05.qmd_result_v1_development">
      <skipped message="Reason: On CRAN ('test-tables-lab-results-lbt05.R:1:1')"/>
    </testcase>
    <testcase time="0.125" classname="tables_lab_results_lbt05" name="tables_lab_results_lbt05.qmd_result_v2_development">
      <skipped message="Reason: On CRAN ('test-tables-lab-results-lbt05.R:1:1')"/>
    </testcase>
    <testcase time="0.105999999999995" classname="tables_lab_results_lbt05" name="tables_lab_results_lbt05.qmd_result_v4_development">
      <skipped message="Reason: On CRAN ('test-tables-lab-results-lbt05.R:1:1')"/>
    </testcase>
  </testsuite>
  <testsuite name="tables-lab-results-lbt06" timestamp="2024-05-14T15:27:17Z" hostname="e80cd839fadb" tests="2" skipped="2" failures="0" errors="0" time="0.74">
    <testcase time="0.288999999999987" classname="tables_lab_results_lbt06" name="tables_lab_results_lbt06.qmd_result_v1_development">
      <skipped message="Reason: On CRAN ('test-tables-lab-results-lbt06.R:1:1')"/>
    </testcase>
    <testcase time="0.451000000000022" classname="tables_lab_results_lbt06" name="tables_lab_results_lbt06.qmd_result_v2_development">
      <skipped message="Reason: On CRAN ('test-tables-lab-results-lbt06.R:1:1')"/>
    </testcase>
  </testsuite>
  <testsuite name="tables-lab-results-lbt07" timestamp="2024-05-14T15:27:18Z" hostname="e80cd839fadb" tests="1" skipped="1" failures="0" errors="0" time="0.16">
    <testcase time="0.159999999999968" classname="tables_lab_results_lbt07" name="tables_lab_results_lbt07.qmd_result_v1_development">
      <skipped message="Reason: On CRAN ('test-tables-lab-results-lbt07.R:1:1')"/>
    </testcase>
  </testsuite>
  <testsuite name="tables-lab-results-lbt08" timestamp="2024-05-14T15:27:18Z" hostname="e80cd839fadb" tests="1" skipped="1" failures="0" errors="0" time="0.14">
    <testcase time="0.1400000000001" classname="tables_lab_results_lbt08" name="tables_lab_results_lbt08.qmd_result_v1_development">
      <skipped message="Reason: On CRAN ('test-tables-lab-results-lbt08.R:1:1')"/>
    </testcase>
  </testsuite>
  <testsuite name="tables-lab-results-lbt09" timestamp="2024-05-14T15:27:18Z" hostname="e80cd839fadb" tests="2" skipped="2" failures="0" errors="0" time="0.503">
    <testcase time="0.317000000000007" classname="tables_lab_results_lbt09" name="tables_lab_results_lbt09.qmd_result_v1_development">
      <skipped message="Reason: On CRAN ('test-tables-lab-results-lbt09.R:1:1')"/>
    </testcase>
    <testcase time="0.185999999999922" classname="tables_lab_results_lbt09" name="tables_lab_results_lbt09.qmd_result_v2_development">
      <skipped message="Reason: On CRAN ('test-tables-lab-results-lbt09.R:1:1')"/>
    </testcase>
  </testsuite>
  <testsuite name="tables-lab-results-lbt10" timestamp="2024-05-14T15:27:18Z" hostname="e80cd839fadb" tests="2" skipped="2" failures="0" errors="0" time="0.113">
    <testcase time="0.0679999999999836" classname="tables_lab_results_lbt10" name="tables_lab_results_lbt10.qmd_result_v1_development">
      <skipped message="Reason: On CRAN ('test-tables-lab-results-lbt10.R:1:1')"/>
    </testcase>
    <testcase time="0.0450000000000728" classname="tables_lab_results_lbt10" name="tables_lab_results_lbt10.qmd_result_v2_development">
      <skipped message="Reason: On CRAN ('test-tables-lab-results-lbt10.R:1:1')"/>
    </testcase>
  </testsuite>
  <testsuite name="tables-lab-results-lbt10_bl" timestamp="2024-05-14T15:27:18Z" hostname="e80cd839fadb" tests="2" skipped="2" failures="0" errors="0" time="0.111">
    <testcase time="0.0659999999999172" classname="tables_lab_results_lbt10_bl" name="tables_lab_results_lbt10_bl.qmd_result_v1_development">
      <skipped message="Reason: On CRAN ('test-tables-lab-results-lbt10_bl.R:1:1')"/>
    </testcase>
    <testcase time="0.0450000000000728" classname="tables_lab_results_lbt10_bl" name="tables_lab_results_lbt10_bl.qmd_result_v2_development">
      <skipped message="Reason: On CRAN ('test-tables-lab-results-lbt10_bl.R:1:1')"/>
    </testcase>
  </testsuite>
  <testsuite name="tables-lab-results-lbt11" timestamp="2024-05-14T15:27:19Z" hostname="e80cd839fadb" tests="3" skipped="3" failures="0" errors="0" time="0.485">
    <testcase time="0.317999999999984" classname="tables_lab_results_lbt11" name="tables_lab_results_lbt11.qmd_result_v1_development">
      <skipped message="Reason: On CRAN ('test-tables-lab-results-lbt11.R:1:1')"/>
    </testcase>
    <testcase time="0.06899999999996" classname="tables_lab_results_lbt11" name="tables_lab_results_lbt11.qmd_result_v2_development">
      <skipped message="Reason: On CRAN ('test-tables-lab-results-lbt11.R:1:1')"/>
    </testcase>
    <testcase time="0.09800000000007" classname="tables_lab_results_lbt11" name="tables_lab_results_lbt11.qmd_result_v3_development">
      <skipped message="Reason: On CRAN ('test-tables-lab-results-lbt11.R:1:1')"/>
    </testcase>
  </testsuite>
  <testsuite name="tables-lab-results-lbt11_bl" timestamp="2024-05-14T15:27:19Z" hostname="e80cd839fadb" tests="3" skipped="3" failures="0" errors="0" time="0.475">
    <testcase time="0.299999999999955" classname="tables_lab_results_lbt11_bl" name="tables_lab_results_lbt11_bl.qmd_result_v1_development">
      <skipped message="Reason: On CRAN ('test-tables-lab-results-lbt11_bl.R:1:1')"/>
    </testcase>
    <testcase time="0.0660000000000309" classname="tables_lab_results_lbt11_bl" name="tables_lab_results_lbt11_bl.qmd_result_v2_development">
      <skipped message="Reason: On CRAN ('test-tables-lab-results-lbt11_bl.R:1:1')"/>
    </testcase>
    <testcase time="0.109000000000037" classname="tables_lab_results_lbt11_bl" name="tables_lab_results_lbt11_bl.qmd_result_v3_development">
      <skipped message="Reason: On CRAN ('test-tables-lab-results-lbt11_bl.R:1:1')"/>
    </testcase>
  </testsuite>
  <testsuite name="tables-lab-results-lbt12" timestamp="2024-05-14T15:27:20Z" hostname="e80cd839fadb" tests="1" skipped="1" failures="0" errors="0" time="0.096">
    <testcase time="0.09599999999989" classname="tables_lab_results_lbt12" name="tables_lab_results_lbt12.qmd_result_v1_development">
      <skipped message="Reason: On CRAN ('test-tables-lab-results-lbt12.R:1:1')"/>
    </testcase>
  </testsuite>
  <testsuite name="tables-lab-results-lbt12_bl" timestamp="2024-05-14T15:27:20Z" hostname="e80cd839fadb" tests="1" skipped="1" failures="0" errors="0" time="0.092">
    <testcase time="0.0920000000000982" classname="tables_lab_results_lbt12_bl" name="tables_lab_results_lbt12_bl.qmd_result_v1_development">
      <skipped message="Reason: On CRAN ('test-tables-lab-results-lbt12_bl.R:1:1')"/>
    </testcase>
  </testsuite>
  <testsuite name="tables-lab-results-lbt13" timestamp="2024-05-14T15:27:20Z" hostname="e80cd839fadb" tests="5" skipped="5" failures="0" errors="0" time="3.041">
    <testcase time="0.723999999999933" classname="tables_lab_results_lbt13" name="tables_lab_results_lbt13.qmd_result_v1_development">
      <skipped message="Reason: On CRAN ('test-tables-lab-results-lbt13.R:1:1')"/>
    </testcase>
    <testcase time="0.47300000000007" classname="tables_lab_results_lbt13" name="tables_lab_results_lbt13.qmd_result_v2_development">
      <skipped message="Reason: On CRAN ('test-tables-lab-results-lbt13.R:1:1')"/>
    </testcase>
    <testcase time="0.472999999999956" classname="tables_lab_results_lbt13" name="tables_lab_results_lbt13.qmd_result_v3_development">
      <skipped message="Reason: On CRAN ('test-tables-lab-results-lbt13.R:1:1')"/>
    </testcase>
    <testcase time="0.474000000000046" classname="tables_lab_results_lbt13" name="tables_lab_results_lbt13.qmd_result_v4_development">
      <skipped message="Reason: On CRAN ('test-tables-lab-results-lbt13.R:1:1')"/>
    </testcase>
    <testcase time="0.896999999999935" classname="tables_lab_results_lbt13" name="tables_lab_results_lbt13.qmd_result_v5_development">
      <skipped message="Reason: On CRAN ('test-tables-lab-results-lbt13.R:1:1')"/>
    </testcase>
  </testsuite>
  <testsuite name="tables-lab-results-lbt14" timestamp="2024-05-14T15:27:23Z" hostname="e80cd839fadb" tests="5" skipped="5" failures="0" errors="0" time="1.733">
    <testcase time="0.379000000000019" classname="tables_lab_results_lbt14" name="tables_lab_results_lbt14.qmd_result_v1_development">
      <skipped message="Reason: On CRAN ('test-tables-lab-results-lbt14.R:1:1')"/>
    </testcase>
    <testcase time="0.269000000000005" classname="tables_lab_results_lbt14" name="tables_lab_results_lbt14.qmd_result_v2_development">
      <skipped message="Reason: On CRAN ('test-tables-lab-results-lbt14.R:1:1')"/>
    </testcase>
    <testcase time="0.269000000000005" classname="tables_lab_results_lbt14" name="tables_lab_results_lbt14.qmd_result_v3_development">
      <skipped message="Reason: On CRAN ('test-tables-lab-results-lbt14.R:1:1')"/>
    </testcase>
    <testcase time="0.268000000000029" classname="tables_lab_results_lbt14" name="tables_lab_results_lbt14.qmd_result_v4_development">
      <skipped message="Reason: On CRAN ('test-tables-lab-results-lbt14.R:1:1')"/>
    </testcase>
    <testcase time="0.548000000000002" classname="tables_lab_results_lbt14" name="tables_lab_results_lbt14.qmd_result_v5_development">
      <skipped message="Reason: On CRAN ('test-tables-lab-results-lbt14.R:1:1')"/>
    </testcase>
  </testsuite>
  <testsuite name="tables-lab-results-lbt15" timestamp="2024-05-14T15:27:24Z" hostname="e80cd839fadb" tests="2" skipped="2" failures="0" errors="0" time="0.186">
    <testcase time="0.100999999999999" classname="tables_lab_results_lbt15" name="tables_lab_results_lbt15.qmd_result_v1_development">
      <skipped message="Reason: On CRAN ('test-tables-lab-results-lbt15.R:1:1')"/>
    </testcase>
    <testcase time="0.0849999999999227" classname="tables_lab_results_lbt15" name="tables_lab_results_lbt15.qmd_result_v2_development">
      <skipped message="Reason: On CRAN ('test-tables-lab-results-lbt15.R:1:1')"/>
    </testcase>
  </testsuite>
  <testsuite name="tables-medical-history-mht01" timestamp="2024-05-14T15:27:25Z" hostname="e80cd839fadb" tests="4" skipped="4" failures="0" errors="0" time="0.571">
    <testcase time="0.152000000000044" classname="tables_medical_history_mht01" name="tables_medical_history_mht01.qmd_result_v1_development">
      <skipped message="Reason: On CRAN ('test-tables-medical-history-mht01.R:1:1')"/>
    </testcase>
    <testcase time="0.176000000000045" classname="tables_medical_history_mht01" name="tables_medical_history_mht01.qmd_result_v2_development">
      <skipped message="Reason: On CRAN ('test-tables-medical-history-mht01.R:1:1')"/>
    </testcase>
    <testcase time="0.107999999999947" classname="tables_medical_history_mht01" name="tables_medical_history_mht01.qmd_result_v3_development">
      <skipped message="Reason: On CRAN ('test-tables-medical-history-mht01.R:1:1')"/>
    </testcase>
    <testcase time="0.134999999999991" classname="tables_medical_history_mht01" name="tables_medical_history_mht01.qmd_result_v4_development">
      <skipped message="Reason: On CRAN ('test-tables-medical-history-mht01.R:1:1')"/>
    </testcase>
  </testsuite>
  <testsuite name="tables-pharmacokinetic-pkct01" timestamp="2024-05-14T15:27:26Z" hostname="e80cd839fadb" tests="3" skipped="3" failures="0" errors="0" time="0.783">
    <testcase time="0.467999999999961" classname="tables_pharmacokinetic_pkct01" name="tables_pharmacokinetic_pkct01.qmd_result_v1_development">
      <skipped message="Reason: On CRAN ('test-tables-pharmacokinetic-pkct01.R:1:1')"/>
    </testcase>
    <testcase time="0.170000000000073" classname="tables_pharmacokinetic_pkct01" name="tables_pharmacokinetic_pkct01.qmd_result_v2_development">
      <skipped message="Reason: On CRAN ('test-tables-pharmacokinetic-pkct01.R:1:1')"/>
    </testcase>
    <testcase time="0.144999999999982" classname="tables_pharmacokinetic_pkct01" name="tables_pharmacokinetic_pkct01.qmd_result_v3_development">
      <skipped message="Reason: On CRAN ('test-tables-pharmacokinetic-pkct01.R:1:1')"/>
    </testcase>
  </testsuite>
  <testsuite name="tables-pharmacokinetic-pkpt02" timestamp="2024-05-14T15:27:26Z" hostname="e80cd839fadb" tests="2" skipped="2" failures="0" errors="0" time="0.217">
    <testcase time="0.129000000000019" classname="tables_pharmacokinetic_pkpt02" name="tables_pharmacokinetic_pkpt02.qmd_result_v1_development">
      <skipped message="Reason: On CRAN ('test-tables-pharmacokinetic-pkpt02.R:1:1')"/>
    </testcase>
    <testcase time="0.0879999999999654" classname="tables_pharmacokinetic_pkpt02" name="tables_pharmacokinetic_pkpt02.qmd_result_v2_development">
      <skipped message="Reason: On CRAN ('test-tables-pharmacokinetic-pkpt02.R:1:1')"/>
    </testcase>
  </testsuite>
  <testsuite name="tables-pharmacokinetic-pkpt03" timestamp="2024-05-14T15:27:28Z" hostname="e80cd839fadb" tests="3" skipped="3" failures="0" errors="0" time="1.475">
    <testcase time="1.447" classname="tables_pharmacokinetic_pkpt03" name="tables_pharmacokinetic_pkpt03.qmd_result_v1_development">
      <skipped message="Reason: Snapshot test is not implemented for object of class: list. ('test-tables-pharmacokinetic-pkpt03.R:1:1')"/>
    </testcase>
    <testcase time="0.01400000000001" classname="tables_pharmacokinetic_pkpt03" name="tables_pharmacokinetic_pkpt03.qmd_result_v2_development">
      <skipped message="Reason: Snapshot test is not implemented for object of class: list. ('test-tables-pharmacokinetic-pkpt03.R:1:1')"/>
    </testcase>
    <testcase time="0.01400000000001" classname="tables_pharmacokinetic_pkpt03" name="tables_pharmacokinetic_pkpt03.qmd_result_v3_development">
      <skipped message="Reason: Snapshot test is not implemented for object of class: list. ('test-tables-pharmacokinetic-pkpt03.R:1:1')"/>
    </testcase>
  </testsuite>
  <testsuite name="tables-pharmacokinetic-pkpt04" timestamp="2024-05-14T15:27:28Z" hostname="e80cd839fadb" tests="2" skipped="2" failures="0" errors="0" time="0.267">
    <testcase time="0.161000000000058" classname="tables_pharmacokinetic_pkpt04" name="tables_pharmacokinetic_pkpt04.qmd_result_v1_development">
      <skipped message="Reason: On CRAN ('test-tables-pharmacokinetic-pkpt04.R:1:1')"/>
    </testcase>
    <testcase time="0.105999999999995" classname="tables_pharmacokinetic_pkpt04" name="tables_pharmacokinetic_pkpt04.qmd_result_v2_development">
      <skipped message="Reason: On CRAN ('test-tables-pharmacokinetic-pkpt04.R:1:1')"/>
    </testcase>
  </testsuite>
  <testsuite name="tables-pharmacokinetic-pkpt05" timestamp="2024-05-14T15:27:28Z" hostname="e80cd839fadb" tests="2" skipped="2" failures="0" errors="0" time="0.238">
    <testcase time="0.155999999999949" classname="tables_pharmacokinetic_pkpt05" name="tables_pharmacokinetic_pkpt05.qmd_result_v1_development">
      <skipped message="Reason: On CRAN ('test-tables-pharmacokinetic-pkpt05.R:1:1')"/>
    </testcase>
    <testcase time="0.0819999999999936" classname="tables_pharmacokinetic_pkpt05" name="tables_pharmacokinetic_pkpt05.qmd_result_v2_development">
      <skipped message="Reason: On CRAN ('test-tables-pharmacokinetic-pkpt05.R:1:1')"/>
    </testcase>
  </testsuite>
  <testsuite name="tables-pharmacokinetic-pkpt06" timestamp="2024-05-14T15:27:28Z" hostname="e80cd839fadb" tests="2" skipped="2" failures="0" errors="0" time="0.115">
    <testcase time="0.0679999999999836" classname="tables_pharmacokinetic_pkpt06" name="tables_pharmacokinetic_pkpt06.qmd_result_v1_development">
      <skipped message="Reason: On CRAN ('test-tables-pharmacokinetic-pkpt06.R:1:1')"/>
    </testcase>
    <testcase time="0.0470000000000255" classname="tables_pharmacokinetic_pkpt06" name="tables_pharmacokinetic_pkpt06.qmd_result_v2_development">
      <skipped message="Reason: On CRAN ('test-tables-pharmacokinetic-pkpt06.R:1:1')"/>
    </testcase>
  </testsuite>
  <testsuite name="tables-pharmacokinetic-pkpt07" timestamp="2024-05-14T15:27:28Z" hostname="e80cd839fadb" tests="2" skipped="2" failures="0" errors="0" time="0.134">
    <testcase time="0.0800000000000409" classname="tables_pharmacokinetic_pkpt07" name="tables_pharmacokinetic_pkpt07.qmd_result_v1_development">
      <skipped message="Reason: On CRAN ('test-tables-pharmacokinetic-pkpt07.R:1:1')"/>
    </testcase>
    <testcase time="0.0539999999999736" classname="tables_pharmacokinetic_pkpt07" name="tables_pharmacokinetic_pkpt07.qmd_result_v2_development">
      <skipped message="Reason: On CRAN ('test-tables-pharmacokinetic-pkpt07.R:1:1')"/>
    </testcase>
  </testsuite>
  <testsuite name="tables-pharmacokinetic-pkpt08" timestamp="2024-05-14T15:27:28Z" hostname="e80cd839fadb" tests="1" skipped="1" failures="0" errors="0" time="0.122">
    <testcase time="0.121999999999957" classname="tables_pharmacokinetic_pkpt08" name="tables_pharmacokinetic_pkpt08.qmd_result_v1_development">
      <skipped message="Reason: On CRAN ('test-tables-pharmacokinetic-pkpt08.R:1:1')"/>
    </testcase>
  </testsuite>
  <testsuite name="tables-pharmacokinetic-pkpt11" timestamp="2024-05-14T15:27:29Z" hostname="e80cd839fadb" tests="1" skipped="1" failures="0" errors="0" time="0.062">
    <testcase time="0.0620000000000118" classname="tables_pharmacokinetic_pkpt11" name="tables_pharmacokinetic_pkpt11.qmd_result_v1_development">
      <skipped message="Reason: On CRAN ('test-tables-pharmacokinetic-pkpt11.R:1:1')"/>
    </testcase>
  </testsuite>
  <testsuite name="tables-risk-management-plan-rmpt01" timestamp="2024-05-14T15:27:29Z" hostname="e80cd839fadb" tests="1" skipped="1" failures="0" errors="0" time="0.053">
    <testcase time="0.0529999999999973" classname="tables_risk_management_plan_rmpt01" name="tables_risk_management_plan_rmpt01.qmd_result_v1_development">
      <skipped message="Reason: On CRAN ('test-tables-risk-management-plan-rmpt01.R:1:1')"/>
    </testcase>
  </testsuite>
  <testsuite name="tables-risk-management-plan-rmpt03" timestamp="2024-05-14T15:27:29Z" hostname="e80cd839fadb" tests="2" skipped="2" failures="0" errors="0" time="0.154">
    <testcase time="0.0930000000000746" classname="tables_risk_management_plan_rmpt03" name="tables_risk_management_plan_rmpt03.qmd_result_v1_development">
      <skipped message="Reason: On CRAN ('test-tables-risk-management-plan-rmpt03.R:1:1')"/>
    </testcase>
    <testcase time="0.0609999999999218" classname="tables_risk_management_plan_rmpt03" name="tables_risk_management_plan_rmpt03.qmd_result_v2_development">
      <skipped message="Reason: On CRAN ('test-tables-risk-management-plan-rmpt03.R:1:1')"/>
    </testcase>
  </testsuite>
  <testsuite name="tables-risk-management-plan-rmpt04" timestamp="2024-05-14T15:27:29Z" hostname="e80cd839fadb" tests="1" skipped="1" failures="0" errors="0" time="0.048">
    <testcase time="0.0480000000000018" classname="tables_risk_management_plan_rmpt04" name="tables_risk_management_plan_rmpt04.qmd_result_v1_development">
      <skipped message="Reason: On CRAN ('test-tables-risk-management-plan-rmpt04.R:1:1')"/>
    </testcase>
  </testsuite>
  <testsuite name="tables-risk-management-plan-rmpt05" timestamp="2024-05-14T15:27:29Z" hostname="e80cd839fadb" tests="1" skipped="1" failures="0" errors="0" time="0.061">
    <testcase time="0.0610000000000355" classname="tables_risk_management_plan_rmpt05" name="tables_risk_management_plan_rmpt05.qmd_result_v1_development">
      <skipped message="Reason: On CRAN ('test-tables-risk-management-plan-rmpt05.R:1:1')"/>
    </testcase>
  </testsuite>
  <testsuite name="tables-risk-management-plan-rmpt06" timestamp="2024-05-14T15:27:29Z" hostname="e80cd839fadb" tests="4" skipped="4" failures="0" errors="0" time="0.434">
    <testcase time="0.158000000000015" classname="tables_risk_management_plan_rmpt06" name="tables_risk_management_plan_rmpt06.qmd_result_v1_development">
      <skipped message="Reason: On CRAN ('test-tables-risk-management-plan-rmpt06.R:1:1')"/>
    </testcase>
    <testcase time="0.0760000000000218" classname="tables_risk_management_plan_rmpt06" name="tables_risk_management_plan_rmpt06.qmd_result_v2_development">
      <skipped message="Reason: On CRAN ('test-tables-risk-management-plan-rmpt06.R:1:1')"/>
    </testcase>
    <testcase time="0.100000000000023" classname="tables_risk_management_plan_rmpt06" name="tables_risk_management_plan_rmpt06.qmd_result_v3_development">
      <skipped message="Reason: On CRAN ('test-tables-risk-management-plan-rmpt06.R:1:1')"/>
    </testcase>
    <testcase time="0.0999999999999091" classname="tables_risk_management_plan_rmpt06" name="tables_risk_management_plan_rmpt06.qmd_result_v4_development">
      <skipped message="Reason: On CRAN ('test-tables-risk-management-plan-rmpt06.R:1:1')"/>
    </testcase>
  </testsuite>
  <testsuite name="tables-safety-enrollment01" timestamp="2024-05-14T15:27:30Z" hostname="e80cd839fadb" tests="4" skipped="4" failures="0" errors="0" time="2.198">
    <testcase time="0.721000000000004" classname="tables_safety_enrollment01" name="tables_safety_enrollment01.qmd_result_v1_development">
      <skipped message="Reason: On CRAN ('test-tables-safety-enrollment01.R:1:1')"/>
    </testcase>
    <testcase time="0.471000000000004" classname="tables_safety_enrollment01" name="tables_safety_enrollment01.qmd_result_v2_development">
      <skipped message="Reason: On CRAN ('test-tables-safety-enrollment01.R:1:1')"/>
    </testcase>
    <testcase time="0.532000000000039" classname="tables_safety_enrollment01" name="tables_safety_enrollment01.qmd_result_v3_development">
      <skipped message="Reason: On CRAN ('test-tables-safety-enrollment01.R:1:1')"/>
    </testcase>
    <testcase time="0.474000000000046" classname="tables_safety_enrollment01" name="tables_safety_enrollment01.qmd_result_v4_development">
      <skipped message="Reason: On CRAN ('test-tables-safety-enrollment01.R:1:1')"/>
    </testcase>
  </testsuite>
  <testsuite name="tables-vital-signs-vst01" timestamp="2024-05-14T15:27:32Z" hostname="e80cd839fadb" tests="1" skipped="1" failures="0" errors="0" time="0.325">
    <testcase time="0.324999999999932" classname="tables_vital_signs_vst01" name="tables_vital_signs_vst01.qmd_result_v1_development">
      <skipped message="Reason: On CRAN ('test-tables-vital-signs-vst01.R:1:1')"/>
    </testcase>
  </testsuite>
  <testsuite name="tables-vital-signs-vst02" timestamp="2024-05-14T15:27:32Z" hostname="e80cd839fadb" tests="2" skipped="2" failures="0" errors="0" time="0.233">
    <testcase time="0.122000000000071" classname="tables_vital_signs_vst02" name="tables_vital_signs_vst02.qmd_result_v1_development">
      <skipped message="Reason: On CRAN ('test-tables-vital-signs-vst02.R:1:1')"/>
    </testcase>
    <testcase time="0.11099999999999" classname="tables_vital_signs_vst02" name="tables_vital_signs_vst02.qmd_result_v2_development">
      <skipped message="Reason: On CRAN ('test-tables-vital-signs-vst02.R:1:1')"/>
    </testcase>
  </testsuite>
</testsuites>
