<?xml version="1.0" encoding="UTF-8"?>
<testsuites>
  <testsuite name="graphs-efficacy-fstg01" timestamp="2024-11-28T09:58:41Z" hostname="a8f84a27ef9f" tests="7" skipped="7" failures="0" errors="0" time="2.525">
    <testcase time="2.357" classname="graphs_efficacy_fstg01" name="graphs_efficacy_fstg01.qmd_width_development">
      <skipped message="Reason: Snapshot test is not implemented for object of class: numeric. ('test-graphs-efficacy-fstg01.R:1:1')"/>
    </testcase>
    <testcase time="0.0739999999999998" classname="graphs_efficacy_fstg01" name="graphs_efficacy_fstg01.qmd_height_development">
      <skipped message="Reason: Snapshot test is not implemented for object of class: numeric. ('test-graphs-efficacy-fstg01.R:1:1')"/>
    </testcase>
    <testcase time="0.0329999999999999" classname="graphs_efficacy_fstg01" name="graphs_efficacy_fstg01.qmd_plot_v1_development">
      <skipped message="Reason: Snapshot test is not implemented for object of class: gg, ggplot. ('test-graphs-efficacy-fstg01.R:1:1')"/>
    </testcase>
    <testcase time="0.016" classname="graphs_efficacy_fstg01" name="graphs_efficacy_fstg01.qmd_plot_v2_development">
      <skipped message="Reason: Snapshot test is not implemented for object of class: gg, ggplot. ('test-graphs-efficacy-fstg01.R:1:1')"/>
    </testcase>
    <testcase time="0.0150000000000001" classname="graphs_efficacy_fstg01" name="graphs_efficacy_fstg01.qmd_plot_v3_development">
      <skipped message="Reason: Snapshot test is not implemented for object of class: gg, ggplot. ('test-graphs-efficacy-fstg01.R:1:1')"/>
    </testcase>
    <testcase time="0.0150000000000001" classname="graphs_efficacy_fstg01" name="graphs_efficacy_fstg01.qmd_plot_v4_development">
      <skipped message="Reason: Snapshot test is not implemented for object of class: gg, ggplot. ('test-graphs-efficacy-fstg01.R:1:1')"/>
    </testcase>
    <testcase time="0.0149999999999997" classname="graphs_efficacy_fstg01" name="graphs_efficacy_fstg01.qmd_plot_v5_development">
      <skipped message="Reason: Snapshot test is not implemented for object of class: gg, ggplot. ('test-graphs-efficacy-fstg01.R:1:1')"/>
    </testcase>
  </testsuite>
  <testsuite name="graphs-efficacy-fstg02" timestamp="2024-11-28T09:58:42Z" hostname="a8f84a27ef9f" tests="7" skipped="7" failures="0" errors="0" time="0.53">
    <testcase time="0.44" classname="graphs_efficacy_fstg02" name="graphs_efficacy_fstg02.qmd_width_development">
      <skipped message="Reason: Snapshot test is not implemented for object of class: numeric. ('test-graphs-efficacy-fstg02.R:1:1')"/>
    </testcase>
    <testcase time="0.016" classname="graphs_efficacy_fstg02" name="graphs_efficacy_fstg02.qmd_height_development">
      <skipped message="Reason: Snapshot test is not implemented for object of class: numeric. ('test-graphs-efficacy-fstg02.R:1:1')"/>
    </testcase>
    <testcase time="0.0149999999999997" classname="graphs_efficacy_fstg02" name="graphs_efficacy_fstg02.qmd_plot_v1_development">
      <skipped message="Reason: Snapshot test is not implemented for object of class: gg, ggplot. ('test-graphs-efficacy-fstg02.R:1:1')"/>
    </testcase>
    <testcase time="0.0150000000000001" classname="graphs_efficacy_fstg02" name="graphs_efficacy_fstg02.qmd_plot_v2_development">
      <skipped message="Reason: Snapshot test is not implemented for object of class: gg, ggplot. ('test-graphs-efficacy-fstg02.R:1:1')"/>
    </testcase>
    <testcase time="0.0150000000000001" classname="graphs_efficacy_fstg02" name="graphs_efficacy_fstg02.qmd_plot_v3_development">
      <skipped message="Reason: Snapshot test is not implemented for object of class: gg, ggplot. ('test-graphs-efficacy-fstg02.R:1:1')"/>
    </testcase>
    <testcase time="0.0149999999999997" classname="graphs_efficacy_fstg02" name="graphs_efficacy_fstg02.qmd_plot_v4_development">
      <skipped message="Reason: Snapshot test is not implemented for object of class: gg, ggplot. ('test-graphs-efficacy-fstg02.R:1:1')"/>
    </testcase>
    <testcase time="0.0140000000000002" classname="graphs_efficacy_fstg02" name="graphs_efficacy_fstg02.qmd_plot_v3.width_development">
      <skipped message="Reason: Snapshot test is not implemented for object of class: numeric. ('test-graphs-efficacy-fstg02.R:1:1')"/>
    </testcase>
  </testsuite>
  <testsuite name="graphs-efficacy-kmg01" timestamp="2024-11-28T09:58:43Z" hostname="a8f84a27ef9f" tests="8" skipped="8" failures="0" errors="0" time="0.928">
    <testcase time="0.823" classname="graphs_efficacy_kmg01" name="graphs_efficacy_kmg01.qmd_width_development">
      <skipped message="Reason: Snapshot test is not implemented for object of class: numeric. ('test-graphs-efficacy-kmg01.R:1:1')"/>
    </testcase>
    <testcase time="0.0129999999999999" classname="graphs_efficacy_kmg01" name="graphs_efficacy_kmg01.qmd_height_development">
      <skipped message="Reason: Snapshot test is not implemented for object of class: numeric. ('test-graphs-efficacy-kmg01.R:1:1')"/>
    </testcase>
    <testcase time="0.0119999999999996" classname="graphs_efficacy_kmg01" name="graphs_efficacy_kmg01.qmd_plot_v1_development">
      <skipped message="Reason: Snapshot test is not implemented for object of class: gg, ggplot. ('test-graphs-efficacy-kmg01.R:1:1')"/>
    </testcase>
    <testcase time="0.0120000000000005" classname="graphs_efficacy_kmg01" name="graphs_efficacy_kmg01.qmd_plot_v2_development">
      <skipped message="Reason: Snapshot test is not implemented for object of class: gg, ggplot. ('test-graphs-efficacy-kmg01.R:1:1')"/>
    </testcase>
    <testcase time="0.0119999999999996" classname="graphs_efficacy_kmg01" name="graphs_efficacy_kmg01.qmd_plot_v3_development">
      <skipped message="Reason: Snapshot test is not implemented for object of class: gg, ggplot. ('test-graphs-efficacy-kmg01.R:1:1')"/>
    </testcase>
    <testcase time="0.0170000000000003" classname="graphs_efficacy_kmg01" name="graphs_efficacy_kmg01.qmd_plot_v4_development">
      <skipped message="Reason: Snapshot test is not implemented for object of class: gg, ggplot. ('test-graphs-efficacy-kmg01.R:1:1')"/>
    </testcase>
    <testcase time="0.0199999999999996" classname="graphs_efficacy_kmg01" name="graphs_efficacy_kmg01.qmd_plot_v5_development">
      <skipped message="Reason: Snapshot test is not implemented for object of class: gg, ggplot. ('test-graphs-efficacy-kmg01.R:1:1')"/>
    </testcase>
    <testcase time="0.0190000000000001" classname="graphs_efficacy_kmg01" name="graphs_efficacy_kmg01.qmd_plot_v6_development">
      <skipped message="Reason: Snapshot test is not implemented for object of class: gg, ggplot. ('test-graphs-efficacy-kmg01.R:1:1')"/>
    </testcase>
  </testsuite>
  <testsuite name="graphs-efficacy-mmrmg01" timestamp="2024-11-28T09:58:43Z" hostname="a8f84a27ef9f" tests="6" skipped="6" failures="0" errors="0" time="0.589">
    <testcase time="0.523" classname="graphs_efficacy_mmrmg01" name="graphs_efficacy_mmrmg01.qmd_plot_v1_development">
      <skipped message="Reason: Snapshot test is not implemented for object of class: gg, ggplot. ('test-graphs-efficacy-mmrmg01.R:1:1')"/>
    </testcase>
    <testcase time="0.0140000000000002" classname="graphs_efficacy_mmrmg01" name="graphs_efficacy_mmrmg01.qmd_plot_v2_development">
      <skipped message="Reason: Snapshot test is not implemented for object of class: gg, ggplot. ('test-graphs-efficacy-mmrmg01.R:1:1')"/>
    </testcase>
    <testcase time="0.0129999999999999" classname="graphs_efficacy_mmrmg01" name="graphs_efficacy_mmrmg01.qmd_plot_v3_development">
      <skipped message="Reason: Snapshot test is not implemented for object of class: gg, ggplot. ('test-graphs-efficacy-mmrmg01.R:1:1')"/>
    </testcase>
    <testcase time="0.0129999999999999" classname="graphs_efficacy_mmrmg01" name="graphs_efficacy_mmrmg01.qmd_plot_v4_development">
      <skipped message="Reason: Snapshot test is not implemented for object of class: gg, ggplot. ('test-graphs-efficacy-mmrmg01.R:1:1')"/>
    </testcase>
    <testcase time="0.0129999999999999" classname="graphs_efficacy_mmrmg01" name="graphs_efficacy_mmrmg01.qmd_plot_v5_development">
      <skipped message="Reason: Snapshot test is not implemented for object of class: gg, ggplot. ('test-graphs-efficacy-mmrmg01.R:1:1')"/>
    </testcase>
    <testcase time="0.0130000000000008" classname="graphs_efficacy_mmrmg01" name="graphs_efficacy_mmrmg01.qmd_plot_v6_development">
      <skipped message="Reason: Snapshot test is not implemented for object of class: gg, ggplot. ('test-graphs-efficacy-mmrmg01.R:1:1')"/>
    </testcase>
  </testsuite>
  <testsuite name="graphs-efficacy-mmrmg02" timestamp="2024-11-28T09:58:43Z" hostname="a8f84a27ef9f" tests="3" skipped="3" failures="0" errors="0" time="0.153">
    <testcase time="0.127" classname="graphs_efficacy_mmrmg02" name="graphs_efficacy_mmrmg02.qmd_width_development">
      <skipped message="Reason: Snapshot test is not implemented for object of class: numeric. ('test-graphs-efficacy-mmrmg02.R:1:1')"/>
    </testcase>
    <testcase time="0.0130000000000008" classname="graphs_efficacy_mmrmg02" name="graphs_efficacy_mmrmg02.qmd_plot_v1_development">
      <skipped message="Reason: Snapshot test is not implemented for object of class: gg, ggplot. ('test-graphs-efficacy-mmrmg02.R:1:1')"/>
    </testcase>
    <testcase time="0.0129999999999999" classname="graphs_efficacy_mmrmg02" name="graphs_efficacy_mmrmg02.qmd_plot_v2_development">
      <skipped message="Reason: Snapshot test is not implemented for object of class: gg, ggplot. ('test-graphs-efficacy-mmrmg02.R:1:1')"/>
    </testcase>
  </testsuite>
  <testsuite name="graphs-other-brg01" timestamp="2024-11-28T09:58:44Z" hostname="a8f84a27ef9f" tests="9" skipped="9" failures="0" errors="0" time="0.485">
    <testcase time="0.388" classname="graphs_other_brg01" name="graphs_other_brg01.qmd_plot_v1_development">
      <skipped message="Reason: Snapshot test is not implemented for object of class: gg, ggplot. ('test-graphs-other-brg01.R:1:1')"/>
    </testcase>
    <testcase time="0.0129999999999999" classname="graphs_other_brg01" name="graphs_other_brg01.qmd_plot_v2_development">
      <skipped message="Reason: Snapshot test is not implemented for object of class: gg, ggplot. ('test-graphs-other-brg01.R:1:1')"/>
    </testcase>
    <testcase time="0.0110000000000001" classname="graphs_other_brg01" name="graphs_other_brg01.qmd_plot_v3_development">
      <skipped message="Reason: Snapshot test is not implemented for object of class: gg, ggplot. ('test-graphs-other-brg01.R:1:1')"/>
    </testcase>
    <testcase time="0.0119999999999996" classname="graphs_other_brg01" name="graphs_other_brg01.qmd_plot_v4_development">
      <skipped message="Reason: Snapshot test is not implemented for object of class: gg, ggplot. ('test-graphs-other-brg01.R:1:1')"/>
    </testcase>
    <testcase time="0.0120000000000005" classname="graphs_other_brg01" name="graphs_other_brg01.qmd_plot_v5_development">
      <skipped message="Reason: Snapshot test is not implemented for object of class: gg, ggplot. ('test-graphs-other-brg01.R:1:1')"/>
    </testcase>
    <testcase time="0.0119999999999996" classname="graphs_other_brg01" name="graphs_other_brg01.qmd_plot_v6_development">
      <skipped message="Reason: Snapshot test is not implemented for object of class: gg, ggplot. ('test-graphs-other-brg01.R:1:1')"/>
    </testcase>
    <testcase time="0.0120000000000005" classname="graphs_other_brg01" name="graphs_other_brg01.qmd_plot_v7_development">
      <skipped message="Reason: Snapshot test is not implemented for object of class: gg, ggplot. ('test-graphs-other-brg01.R:1:1')"/>
    </testcase>
    <testcase time="0.0119999999999996" classname="graphs_other_brg01" name="graphs_other_brg01.qmd_plot_v8_development">
      <skipped message="Reason: Snapshot test is not implemented for object of class: gg, ggplot. ('test-graphs-other-brg01.R:1:1')"/>
    </testcase>
    <testcase time="0.0129999999999999" classname="graphs_other_brg01" name="graphs_other_brg01.qmd_plot_v9_development">
      <skipped message="Reason: Snapshot test is not implemented for object of class: gg, ggplot. ('test-graphs-other-brg01.R:1:1')"/>
    </testcase>
  </testsuite>
  <testsuite name="graphs-other-bwg01" timestamp="2024-11-28T09:58:45Z" hostname="a8f84a27ef9f" tests="9" skipped="9" failures="0" errors="0" time="0.664">
    <testcase time="0.569" classname="graphs_other_bwg01" name="graphs_other_bwg01.qmd_plot_v1_development">
      <skipped message="Reason: Snapshot test is not implemented for object of class: gg, ggplot. ('test-graphs-other-bwg01.R:1:1')"/>
    </testcase>
    <testcase time="0.0120000000000005" classname="graphs_other_bwg01" name="graphs_other_bwg01.qmd_plot_v2_development">
      <skipped message="Reason: Snapshot test is not implemented for object of class: gg, ggplot. ('test-graphs-other-bwg01.R:1:1')"/>
    </testcase>
    <testcase time="0.0119999999999996" classname="graphs_other_bwg01" name="graphs_other_bwg01.qmd_plot_v3_development">
      <skipped message="Reason: Snapshot test is not implemented for object of class: gg, ggplot. ('test-graphs-other-bwg01.R:1:1')"/>
    </testcase>
    <testcase time="0.0120000000000005" classname="graphs_other_bwg01" name="graphs_other_bwg01.qmd_plot_v4_development">
      <skipped message="Reason: Snapshot test is not implemented for object of class: gg, ggplot. ('test-graphs-other-bwg01.R:1:1')"/>
    </testcase>
    <testcase time="0.0119999999999996" classname="graphs_other_bwg01" name="graphs_other_bwg01.qmd_plot_v5_development">
      <skipped message="Reason: Snapshot test is not implemented for object of class: gg, ggplot. ('test-graphs-other-bwg01.R:1:1')"/>
    </testcase>
    <testcase time="0.0120000000000005" classname="graphs_other_bwg01" name="graphs_other_bwg01.qmd_plot_v6_development">
      <skipped message="Reason: Snapshot test is not implemented for object of class: gg, ggplot. ('test-graphs-other-bwg01.R:1:1')"/>
    </testcase>
    <testcase time="0.0110000000000001" classname="graphs_other_bwg01" name="graphs_other_bwg01.qmd_plot_v7_development">
      <skipped message="Reason: Snapshot test is not implemented for object of class: gg, ggplot. ('test-graphs-other-bwg01.R:1:1')"/>
    </testcase>
    <testcase time="0.0119999999999996" classname="graphs_other_bwg01" name="graphs_other_bwg01.qmd_plot_v8_development">
      <skipped message="Reason: Snapshot test is not implemented for object of class: gg, ggplot. ('test-graphs-other-bwg01.R:1:1')"/>
    </testcase>
    <testcase time="0.0120000000000005" classname="graphs_other_bwg01" name="graphs_other_bwg01.qmd_plot_v9_development">
      <skipped message="Reason: Snapshot test is not implemented for object of class: gg, ggplot. ('test-graphs-other-bwg01.R:1:1')"/>
    </testcase>
  </testsuite>
  <testsuite name="graphs-other-cig01" timestamp="2024-11-28T09:58:45Z" hostname="a8f84a27ef9f" tests="5" skipped="4" failures="0" errors="0" time="0.229">
    <testcase time="0.188" classname="graphs_other_cig01" name="graphs_other_cig01.qmd_table_v6_development"/>
    <testcase time="0.00400000000000045" classname="graphs_other_cig01" name="graphs_other_cig01.qmd_plot_v1_and_v2_development">
      <skipped message="Reason: Snapshot test is not implemented for object of class: gg, ggplot. ('test-graphs-other-cig01.R:1:1')"/>
    </testcase>
    <testcase time="0.0129999999999999" classname="graphs_other_cig01" name="graphs_other_cig01.qmd_plot_v3_development">
      <skipped message="Reason: Snapshot test is not implemented for object of class: gg, ggplot. ('test-graphs-other-cig01.R:1:1')"/>
    </testcase>
    <testcase time="0.0119999999999996" classname="graphs_other_cig01" name="graphs_other_cig01.qmd_plot_v4_development">
      <skipped message="Reason: Snapshot test is not implemented for object of class: gg, ggplot. ('test-graphs-other-cig01.R:1:1')"/>
    </testcase>
    <testcase time="0.0120000000000005" classname="graphs_other_cig01" name="graphs_other_cig01.qmd_plot_v5_development">
      <skipped message="Reason: Snapshot test is not implemented for object of class: gg, ggplot. ('test-graphs-other-cig01.R:1:1')"/>
    </testcase>
  </testsuite>
  <testsuite name="graphs-other-ippg01" timestamp="2024-11-28T09:58:45Z" hostname="a8f84a27ef9f" tests="2" skipped="2" failures="0" errors="0" time="0.048">
    <testcase time="0.0359999999999996" classname="graphs_other_ippg01" name="graphs_other_ippg01.qmd_plots_v1_development">
      <skipped message="Reason: Snapshot test is not implemented for object of class: list. ('test-graphs-other-ippg01.R:1:1')"/>
    </testcase>
    <testcase time="0.0120000000000005" classname="graphs_other_ippg01" name="graphs_other_ippg01.qmd_plots_v2_development">
      <skipped message="Reason: Snapshot test is not implemented for object of class: list. ('test-graphs-other-ippg01.R:1:1')"/>
    </testcase>
  </testsuite>
  <testsuite name="graphs-other-ltg01" timestamp="2024-11-28T09:58:45Z" hostname="a8f84a27ef9f" tests="7" skipped="7" failures="0" errors="0" time="0.169">
    <testcase time="0.0939999999999994" classname="graphs_other_ltg01" name="graphs_other_ltg01.qmd_plot_v1_development">
      <skipped message="Reason: Snapshot test is not implemented for object of class: gg, ggplot. ('test-graphs-other-ltg01.R:1:1')"/>
    </testcase>
    <testcase time="0.0129999999999999" classname="graphs_other_ltg01" name="graphs_other_ltg01.qmd_plot_v2_development">
      <skipped message="Reason: Snapshot test is not implemented for object of class: gg, ggplot. ('test-graphs-other-ltg01.R:1:1')"/>
    </testcase>
    <testcase time="0.0120000000000005" classname="graphs_other_ltg01" name="graphs_other_ltg01.qmd_plot_v3_development">
      <skipped message="Reason: Snapshot test is not implemented for object of class: gg, ggplot. ('test-graphs-other-ltg01.R:1:1')"/>
    </testcase>
    <testcase time="0.0129999999999999" classname="graphs_other_ltg01" name="graphs_other_ltg01.qmd_plot_v4_development">
      <skipped message="Reason: Snapshot test is not implemented for object of class: gg, ggplot. ('test-graphs-other-ltg01.R:1:1')"/>
    </testcase>
    <testcase time="0.0119999999999996" classname="graphs_other_ltg01" name="graphs_other_ltg01.qmd_plot_v51_development">
      <skipped message="Reason: Snapshot test is not implemented for object of class: gg, ggplot. ('test-graphs-other-ltg01.R:1:1')"/>
    </testcase>
    <testcase time="0.0130000000000008" classname="graphs_other_ltg01" name="graphs_other_ltg01.qmd_plot_v52_development">
      <skipped message="Reason: Snapshot test is not implemented for object of class: gg, ggplot. ('test-graphs-other-ltg01.R:1:1')"/>
    </testcase>
    <testcase time="0.0119999999999996" classname="graphs_other_ltg01" name="graphs_other_ltg01.qmd_plot_v53_development">
      <skipped message="Reason: Snapshot test is not implemented for object of class: gg, ggplot. ('test-graphs-other-ltg01.R:1:1')"/>
    </testcase>
  </testsuite>
  <testsuite name="graphs-other-mng01" timestamp="2024-11-28T09:58:45Z" hostname="a8f84a27ef9f" tests="7" skipped="7" failures="0" errors="0" time="0.219">
    <testcase time="0.147" classname="graphs_other_mng01" name="graphs_other_mng01.qmd_plot_v1_development">
      <skipped message="Reason: Snapshot test is not implemented for object of class: gg, ggplot. ('test-graphs-other-mng01.R:1:1')"/>
    </testcase>
    <testcase time="0.0129999999999999" classname="graphs_other_mng01" name="graphs_other_mng01.qmd_plot_v2_development">
      <skipped message="Reason: Snapshot test is not implemented for object of class: gg, ggplot. ('test-graphs-other-mng01.R:1:1')"/>
    </testcase>
    <testcase time="0.0119999999999996" classname="graphs_other_mng01" name="graphs_other_mng01.qmd_plot_v3_development">
      <skipped message="Reason: Snapshot test is not implemented for object of class: gg, ggplot. ('test-graphs-other-mng01.R:1:1')"/>
    </testcase>
    <testcase time="0.0120000000000005" classname="graphs_other_mng01" name="graphs_other_mng01.qmd_plot_v4_development">
      <skipped message="Reason: Snapshot test is not implemented for object of class: gg, ggplot. ('test-graphs-other-mng01.R:1:1')"/>
    </testcase>
    <testcase time="0.0110000000000001" classname="graphs_other_mng01" name="graphs_other_mng01.qmd_plot_v5_development">
      <skipped message="Reason: Snapshot test is not implemented for object of class: gg, ggplot. ('test-graphs-other-mng01.R:1:1')"/>
    </testcase>
    <testcase time="0.0119999999999996" classname="graphs_other_mng01" name="graphs_other_mng01.qmd_plot_v6_development">
      <skipped message="Reason: Snapshot test is not implemented for object of class: gg, ggplot. ('test-graphs-other-mng01.R:1:1')"/>
    </testcase>
    <testcase time="0.0120000000000005" classname="graphs_other_mng01" name="graphs_other_mng01.qmd_plot_v7_development">
      <skipped message="Reason: Snapshot test is not implemented for object of class: gg, ggplot. ('test-graphs-other-mng01.R:1:1')"/>
    </testcase>
  </testsuite>
  <testsuite name="graphs-pharmacokinetic-pkcg01" timestamp="2024-11-28T09:58:45Z" hostname="a8f84a27ef9f" tests="2" skipped="2" failures="0" errors="0" time="0.045">
    <testcase time="0.0329999999999995" classname="graphs_pharmacokinetic_pkcg01" name="graphs_pharmacokinetic_pkcg01.qmd_plot_v1_development">
      <skipped message="Reason: Snapshot test is not implemented for object of class: gg, ggplot. ('test-graphs-pharmacokinetic-pkcg01.R:1:1')"/>
    </testcase>
    <testcase time="0.0120000000000005" classname="graphs_pharmacokinetic_pkcg01" name="graphs_pharmacokinetic_pkcg01.qmd_plot_v2_development">
      <skipped message="Reason: Snapshot test is not implemented for object of class: gg, ggplot. ('test-graphs-pharmacokinetic-pkcg01.R:1:1')"/>
    </testcase>
  </testsuite>
  <testsuite name="graphs-pharmacokinetic-pkcg02" timestamp="2024-11-28T09:58:45Z" hostname="a8f84a27ef9f" tests="2" skipped="2" failures="0" errors="0" time="0.048">
    <testcase time="0.0350000000000001" classname="graphs_pharmacokinetic_pkcg02" name="graphs_pharmacokinetic_pkcg02.qmd_plot_v1_development">
      <skipped message="Reason: Snapshot test is not implemented for object of class: gg, ggplot. ('test-graphs-pharmacokinetic-pkcg02.R:1:1')"/>
    </testcase>
    <testcase time="0.0129999999999999" classname="graphs_pharmacokinetic_pkcg02" name="graphs_pharmacokinetic_pkcg02.qmd_plot_v2_development">
      <skipped message="Reason: Snapshot test is not implemented for object of class: gg, ggplot. ('test-graphs-pharmacokinetic-pkcg02.R:1:1')"/>
    </testcase>
  </testsuite>
  <testsuite name="graphs-pharmacokinetic-pkcg03" timestamp="2024-11-28T09:58:45Z" hostname="a8f84a27ef9f" tests="2" skipped="2" failures="0" errors="0" time="0.067">
    <testcase time="0.0550000000000006" classname="graphs_pharmacokinetic_pkcg03" name="graphs_pharmacokinetic_pkcg03.qmd_plot_v1_development">
      <skipped message="Reason: Snapshot test is not implemented for object of class: gg, ggplot. ('test-graphs-pharmacokinetic-pkcg03.R:1:1')"/>
    </testcase>
    <testcase time="0.0119999999999996" classname="graphs_pharmacokinetic_pkcg03" name="graphs_pharmacokinetic_pkcg03.qmd_plot_v2_development">
      <skipped message="Reason: Snapshot test is not implemented for object of class: gg, ggplot. ('test-graphs-pharmacokinetic-pkcg03.R:1:1')"/>
    </testcase>
  </testsuite>
  <testsuite name="graphs-pharmacokinetic-pkpg01" timestamp="2024-11-28T09:58:46Z" hostname="a8f84a27ef9f" tests="2" skipped="2" failures="0" errors="0" time="0.067">
    <testcase time="0.0540000000000003" classname="graphs_pharmacokinetic_pkpg01" name="graphs_pharmacokinetic_pkpg01.qmd_plot_v1_development">
      <skipped message="Reason: Snapshot test is not implemented for object of class: gg, ggplot. ('test-graphs-pharmacokinetic-pkpg01.R:1:1')"/>
    </testcase>
    <testcase time="0.0129999999999999" classname="graphs_pharmacokinetic_pkpg01" name="graphs_pharmacokinetic_pkpg01.qmd_plot_v2_development">
      <skipped message="Reason: Snapshot test is not implemented for object of class: gg, ggplot. ('test-graphs-pharmacokinetic-pkpg01.R:1:1')"/>
    </testcase>
  </testsuite>
  <testsuite name="graphs-pharmacokinetic-pkpg02" timestamp="2024-11-28T09:58:46Z" hostname="a8f84a27ef9f" tests="2" skipped="2" failures="0" errors="0" time="0.073">
    <testcase time="0.0599999999999996" classname="graphs_pharmacokinetic_pkpg02" name="graphs_pharmacokinetic_pkpg02.qmd_plot_v1_development">
      <skipped message="Reason: Snapshot test is not implemented for object of class: gg, ggplot. ('test-graphs-pharmacokinetic-pkpg02.R:1:1')"/>
    </testcase>
    <testcase time="0.0130000000000008" classname="graphs_pharmacokinetic_pkpg02" name="graphs_pharmacokinetic_pkpg02.qmd_plot_v2_development">
      <skipped message="Reason: Snapshot test is not implemented for object of class: gg, ggplot. ('test-graphs-pharmacokinetic-pkpg02.R:1:1')"/>
    </testcase>
  </testsuite>
  <testsuite name="graphs-pharmacokinetic-pkpg03" timestamp="2024-11-28T09:58:46Z" hostname="a8f84a27ef9f" tests="1" skipped="1" failures="0" errors="0" time="0.055">
    <testcase time="0.0549999999999997" classname="graphs_pharmacokinetic_pkpg03" name="graphs_pharmacokinetic_pkpg03.qmd_plot_v1_development">
      <skipped message="Reason: Snapshot test is not implemented for object of class: gg, ggplot. ('test-graphs-pharmacokinetic-pkpg03.R:1:1')"/>
    </testcase>
  </testsuite>
  <testsuite name="graphs-pharmacokinetic-pkpg04" timestamp="2024-11-28T09:58:46Z" hostname="a8f84a27ef9f" tests="1" skipped="1" failures="0" errors="0" time="0.051">
    <testcase time="0.0510000000000002" classname="graphs_pharmacokinetic_pkpg04" name="graphs_pharmacokinetic_pkpg04.qmd_plot_v1_development">
      <skipped message="Reason: Snapshot test is not implemented for object of class: gg, ggplot. ('test-graphs-pharmacokinetic-pkpg04.R:1:1')"/>
    </testcase>
  </testsuite>
  <testsuite name="graphs-pharmacokinetic-pkpg06" timestamp="2024-11-28T09:58:46Z" hostname="a8f84a27ef9f" tests="4" skipped="4" failures="0" errors="0" time="0.071">
    <testcase time="0.0349999999999993" classname="graphs_pharmacokinetic_pkpg06" name="graphs_pharmacokinetic_pkpg06.qmd_plot_v1_development">
      <skipped message="Reason: Snapshot test is not implemented for object of class: gg, ggplot. ('test-graphs-pharmacokinetic-pkpg06.R:1:1')"/>
    </testcase>
    <testcase time="0.0120000000000005" classname="graphs_pharmacokinetic_pkpg06" name="graphs_pharmacokinetic_pkpg06.qmd_plot_v2_development">
      <skipped message="Reason: Snapshot test is not implemented for object of class: gg, ggplot. ('test-graphs-pharmacokinetic-pkpg06.R:1:1')"/>
    </testcase>
    <testcase time="0.0119999999999996" classname="graphs_pharmacokinetic_pkpg06" name="graphs_pharmacokinetic_pkpg06.qmd_plot_v3_development">
      <skipped message="Reason: Snapshot test is not implemented for object of class: gg, ggplot. ('test-graphs-pharmacokinetic-pkpg06.R:1:1')"/>
    </testcase>
    <testcase time="0.0120000000000005" classname="graphs_pharmacokinetic_pkpg06" name="graphs_pharmacokinetic_pkpg06.qmd_plot_v4_development">
      <skipped message="Reason: Snapshot test is not implemented for object of class: gg, ggplot. ('test-graphs-pharmacokinetic-pkpg06.R:1:1')"/>
    </testcase>
  </testsuite>
  <testsuite name="listings-ADA-adal02" timestamp="2024-11-28T09:58:46Z" hostname="a8f84a27ef9f" tests="1" skipped="0" failures="0" errors="0" time="0.067">
    <testcase time="0.0670000000000002" classname="listings_ADA_adal02" name="listings_ADA_adal02.qmd_lsting_development"/>
  </testsuite>
  <testsuite name="listings-ECG-egl01" timestamp="2024-11-28T09:58:46Z" hostname="a8f84a27ef9f" tests="1" skipped="0" failures="0" errors="0" time="0.057">
    <testcase time="0.0569999999999995" classname="listings_ECG_egl01" name="listings_ECG_egl01.qmd_lsting_development"/>
  </testsuite>
  <testsuite name="listings-adverse-events-ael01" timestamp="2024-11-28T09:58:46Z" hostname="a8f84a27ef9f" tests="1" skipped="0" failures="0" errors="0" time="0.038">
    <testcase time="0.0380000000000003" classname="listings_adverse_events_ael01" name="listings_adverse_events_ael01.qmd_lsting_development"/>
  </testsuite>
  <testsuite name="listings-adverse-events-ael01_nollt" timestamp="2024-11-28T09:58:46Z" hostname="a8f84a27ef9f" tests="1" skipped="0" failures="0" errors="0" time="0.038">
    <testcase time="0.0380000000000003" classname="listings_adverse_events_ael01_nollt" name="listings_adverse_events_ael01_nollt.qmd_lsting_development"/>
  </testsuite>
  <testsuite name="listings-adverse-events-ael02" timestamp="2024-11-28T09:58:46Z" hostname="a8f84a27ef9f" tests="1" skipped="0" failures="0" errors="0" time="0.087">
    <testcase time="0.0869999999999997" classname="listings_adverse_events_ael02" name="listings_adverse_events_ael02.qmd_lsting_development"/>
  </testsuite>
  <testsuite name="listings-adverse-events-ael02_ed" timestamp="2024-11-28T09:58:46Z" hostname="a8f84a27ef9f" tests="1" skipped="0" failures="0" errors="0" time="0.063">
    <testcase time="0.0629999999999997" classname="listings_adverse_events_ael02_ed" name="listings_adverse_events_ael02_ed.qmd_lsting_development"/>
  </testsuite>
  <testsuite name="listings-adverse-events-ael03" timestamp="2024-11-28T09:58:46Z" hostname="a8f84a27ef9f" tests="1" skipped="0" failures="0" errors="0" time="0.057">
    <testcase time="0.0570000000000004" classname="listings_adverse_events_ael03" name="listings_adverse_events_ael03.qmd_lsting_development"/>
  </testsuite>
  <testsuite name="listings-adverse-events-ael04" timestamp="2024-11-28T09:58:46Z" hostname="a8f84a27ef9f" tests="1" skipped="0" failures="0" errors="0" time="0.048">
    <testcase time="0.048" classname="listings_adverse_events_ael04" name="listings_adverse_events_ael04.qmd_lsting_development"/>
  </testsuite>
  <testsuite name="listings-concomitant-medications-cml01" timestamp="2024-11-28T09:58:46Z" hostname="a8f84a27ef9f" tests="1" skipped="0" failures="0" errors="0" time="0.063">
    <testcase time="0.0629999999999997" classname="listings_concomitant_medications_cml01" name="listings_concomitant_medications_cml01.qmd_lsting_development"/>
  </testsuite>
  <testsuite name="listings-concomitant-medications-cml02a_gl" timestamp="2024-11-28T09:58:46Z" hostname="a8f84a27ef9f" tests="1" skipped="0" failures="0" errors="0" time="0.039">
    <testcase time="0.0390000000000006" classname="listings_concomitant_medications_cml02a_gl" name="listings_concomitant_medications_cml02a_gl.qmd_lsting_development"/>
  </testsuite>
  <testsuite name="listings-concomitant-medications-cml02b_gl" timestamp="2024-11-28T09:58:46Z" hostname="a8f84a27ef9f" tests="1" skipped="0" failures="0" errors="0" time="0.042">
    <testcase time="0.0419999999999998" classname="listings_concomitant_medications_cml02b_gl" name="listings_concomitant_medications_cml02b_gl.qmd_lsting_development"/>
  </testsuite>
  <testsuite name="listings-development-safety-update-report-dsur4" timestamp="2024-11-28T09:58:46Z" hostname="a8f84a27ef9f" tests="1" skipped="0" failures="0" errors="0" time="0.038">
    <testcase time="0.0379999999999994" classname="listings_development_safety_update_report_dsur4" name="listings_development_safety_update_report_dsur4.qmd_lsting_development"/>
  </testsuite>
  <testsuite name="listings-disposition-dsl01" timestamp="2024-11-28T09:58:46Z" hostname="a8f84a27ef9f" tests="1" skipped="0" failures="0" errors="0" time="0.045">
    <testcase time="0.0450000000000008" classname="listings_disposition_dsl01" name="listings_disposition_dsl01.qmd_lsting_development"/>
  </testsuite>
  <testsuite name="listings-disposition-dsl02" timestamp="2024-11-28T09:58:46Z" hostname="a8f84a27ef9f" tests="1" skipped="0" failures="0" errors="0" time="0.051">
    <testcase time="0.0510000000000002" classname="listings_disposition_dsl02" name="listings_disposition_dsl02.qmd_lsting_development"/>
  </testsuite>
  <testsuite name="listings-efficacy-oncl01" timestamp="2024-11-28T09:58:47Z" hostname="a8f84a27ef9f" tests="1" skipped="0" failures="0" errors="0" time="0.052">
    <testcase time="0.0519999999999996" classname="listings_efficacy_oncl01" name="listings_efficacy_oncl01.qmd_lsting_development"/>
  </testsuite>
  <testsuite name="listings-exposure-exl01" timestamp="2024-11-28T09:58:47Z" hostname="a8f84a27ef9f" tests="1" skipped="0" failures="0" errors="0" time="0.055">
    <testcase time="0.0549999999999997" classname="listings_exposure_exl01" name="listings_exposure_exl01.qmd_lsting_development"/>
  </testsuite>
  <testsuite name="listings-lab-results-lbl01" timestamp="2024-11-28T09:58:47Z" hostname="a8f84a27ef9f" tests="1" skipped="0" failures="0" errors="0" time="0.059">
    <testcase time="0.0589999999999993" classname="listings_lab_results_lbl01" name="listings_lab_results_lbl01.qmd_lsting_development"/>
  </testsuite>
  <testsuite name="listings-lab-results-lbl01_rls" timestamp="2024-11-28T09:58:47Z" hostname="a8f84a27ef9f" tests="1" skipped="0" failures="0" errors="0" time="0.052">
    <testcase time="0.0520000000000014" classname="listings_lab_results_lbl01_rls" name="listings_lab_results_lbl01_rls.qmd_lsting_development"/>
  </testsuite>
  <testsuite name="listings-lab-results-lbl02a" timestamp="2024-11-28T09:58:47Z" hostname="a8f84a27ef9f" tests="1" skipped="0" failures="0" errors="0" time="0.052">
    <testcase time="0.0519999999999996" classname="listings_lab_results_lbl02a" name="listings_lab_results_lbl02a.qmd_lsting_development"/>
  </testsuite>
  <testsuite name="listings-lab-results-lbl02a_rls" timestamp="2024-11-28T09:58:47Z" hostname="a8f84a27ef9f" tests="1" skipped="0" failures="0" errors="0" time="0.064">
    <testcase time="0.0640000000000001" classname="listings_lab_results_lbl02a_rls" name="listings_lab_results_lbl02a_rls.qmd_lsting_development"/>
  </testsuite>
  <testsuite name="listings-lab-results-lbl02b" timestamp="2024-11-28T09:58:47Z" hostname="a8f84a27ef9f" tests="1" skipped="0" failures="0" errors="0" time="0.052">
    <testcase time="0.0519999999999996" classname="listings_lab_results_lbl02b" name="listings_lab_results_lbl02b.qmd_lsting_development"/>
  </testsuite>
  <testsuite name="listings-medical-history-mhl01" timestamp="2024-11-28T09:58:47Z" hostname="a8f84a27ef9f" tests="1" skipped="0" failures="0" errors="0" time="0.055">
    <testcase time="0.0549999999999997" classname="listings_medical_history_mhl01" name="listings_medical_history_mhl01.qmd_lsting_development"/>
  </testsuite>
  <testsuite name="listings-pharmacokinetic-pkcl01" timestamp="2024-11-28T09:58:47Z" hostname="a8f84a27ef9f" tests="1" skipped="0" failures="0" errors="0" time="0.047">
    <testcase time="0.0470000000000006" classname="listings_pharmacokinetic_pkcl01" name="listings_pharmacokinetic_pkcl01.qmd_lsting_development"/>
  </testsuite>
  <testsuite name="listings-pharmacokinetic-pkcl02" timestamp="2024-11-28T09:58:47Z" hostname="a8f84a27ef9f" tests="1" skipped="0" failures="0" errors="0" time="0.067">
    <testcase time="0.0670000000000002" classname="listings_pharmacokinetic_pkcl02" name="listings_pharmacokinetic_pkcl02.qmd_lsting_development"/>
  </testsuite>
  <testsuite name="listings-pharmacokinetic-pkpl01" timestamp="2024-11-28T09:58:47Z" hostname="a8f84a27ef9f" tests="1" skipped="0" failures="0" errors="0" time="0.048">
    <testcase time="0.048" classname="listings_pharmacokinetic_pkpl01" name="listings_pharmacokinetic_pkpl01.qmd_lsting_development"/>
  </testsuite>
  <testsuite name="listings-pharmacokinetic-pkpl02" timestamp="2024-11-28T09:58:47Z" hostname="a8f84a27ef9f" tests="1" skipped="0" failures="0" errors="0" time="0.049">
    <testcase time="0.0489999999999995" classname="listings_pharmacokinetic_pkpl02" name="listings_pharmacokinetic_pkpl02.qmd_lsting_development"/>
  </testsuite>
  <testsuite name="listings-pharmacokinetic-pkpl04" timestamp="2024-11-28T09:58:47Z" hostname="a8f84a27ef9f" tests="1" skipped="0" failures="0" errors="0" time="0.051">
    <testcase time="0.0510000000000002" classname="listings_pharmacokinetic_pkpl04" name="listings_pharmacokinetic_pkpl04.qmd_lsting_development"/>
  </testsuite>
  <testsuite name="listings-vital-signs-vsl01" timestamp="2024-11-28T09:58:47Z" hostname="a8f84a27ef9f" tests="1" skipped="0" failures="0" errors="0" time="0.079">
    <testcase time="0.0790000000000006" classname="listings_vital_signs_vsl01" name="listings_vital_signs_vsl01.qmd_lsting_development"/>
  </testsuite>
  <testsuite name="tables-ADA-adat01" timestamp="2024-11-28T09:58:47Z" hostname="a8f84a27ef9f" tests="1" skipped="0" failures="0" errors="0" time="0.216">
    <testcase time="0.215999999999999" classname="tables_ADA_adat01" name="tables_ADA_adat01.qmd_result_v1_development"/>
  </testsuite>
  <testsuite name="tables-ADA-adat02" timestamp="2024-11-28T09:58:48Z" hostname="a8f84a27ef9f" tests="1" skipped="0" failures="0" errors="0" time="0.084">
    <testcase time="0.0839999999999996" classname="tables_ADA_adat02" name="tables_ADA_adat02.qmd_result_v1_development"/>
  </testsuite>
  <testsuite name="tables-ADA-adat03" timestamp="2024-11-28T09:58:48Z" hostname="a8f84a27ef9f" tests="1" skipped="0" failures="0" errors="0" time="0.35">
    <testcase time="0.35" classname="tables_ADA_adat03" name="tables_ADA_adat03.qmd_result_v1_development"/>
  </testsuite>
  <testsuite name="tables-ADA-adat04a" timestamp="2024-11-28T09:58:48Z" hostname="a8f84a27ef9f" tests="1" skipped="0" failures="0" errors="0" time="0.216">
    <testcase time="0.216000000000001" classname="tables_ADA_adat04a" name="tables_ADA_adat04a.qmd_result_v1_development"/>
  </testsuite>
  <testsuite name="tables-ADA-adat04b" timestamp="2024-11-28T09:58:48Z" hostname="a8f84a27ef9f" tests="1" skipped="0" failures="0" errors="0" time="0.138">
    <testcase time="0.138" classname="tables_ADA_adat04b" name="tables_ADA_adat04b.qmd_result_v1_development"/>
  </testsuite>
  <testsuite name="tables-ECG-egt01" timestamp="2024-11-28T09:58:48Z" hostname="a8f84a27ef9f" tests="1" skipped="0" failures="0" errors="0" time="0.553">
    <testcase time="0.552999999999999" classname="tables_ECG_egt01" name="tables_ECG_egt01.qmd_result_v1_development"/>
  </testsuite>
  <testsuite name="tables-ECG-egt02" timestamp="2024-11-28T09:58:49Z" hostname="a8f84a27ef9f" tests="2" skipped="0" failures="0" errors="0" time="0.191">
    <testcase time="0.105" classname="tables_ECG_egt02" name="tables_ECG_egt02.qmd_result_v1_development"/>
    <testcase time="0.0860000000000003" classname="tables_ECG_egt02" name="tables_ECG_egt02.qmd_result_v2_development"/>
  </testsuite>
  <testsuite name="tables-ECG-egt03" timestamp="2024-11-28T09:58:50Z" hostname="a8f84a27ef9f" tests="2" skipped="0" failures="0" errors="0" time="1.63">
    <testcase time="1.508" classname="tables_ECG_egt03" name="tables_ECG_egt03.qmd_result_v1_development"/>
    <testcase time="0.122" classname="tables_ECG_egt03" name="tables_ECG_egt03.qmd_result_v2_development"/>
  </testsuite>
  <testsuite name="tables-ECG-egt04" timestamp="2024-11-28T09:58:51Z" hostname="a8f84a27ef9f" tests="1" skipped="0" failures="0" errors="0" time="0.179">
    <testcase time="0.179" classname="tables_ECG_egt04" name="tables_ECG_egt04.qmd_result_v1_development"/>
  </testsuite>
  <testsuite name="tables-ECG-egt05_qtcat" timestamp="2024-11-28T09:58:51Z" hostname="a8f84a27ef9f" tests="1" skipped="0" failures="1" errors="0" time="0.379">
    <testcase time="0.379" classname="tables_ECG_egt05_qtcat" name="tables_ECG_egt05_qtcat.qmd_result_v1_development">
      <failure type="failure" message="Snapshot of code has changed (variant 'development'): ('test-tables-ECG-egt05_qtcat.R:1:1')">Snapshot of code has changed (variant 'development'):
old[1:7] vs new[1:7]
  Code
    print(data_snap[[i]])
  Output
-   Parameter                                                             
+                                                                         
      Analysis Visit             A: Drug X    B: Placebo    C: Combination
        Category                  (N=134)       (N=134)        (N=132)    
    ——————————————————————————————————————————————————————————————————————

* Run `testthat::snapshot_accept('development/tables-ECG-egt05_qtcat')` to accept the change.
* Run `testthat::snapshot_review('development/tables-ECG-egt05_qtcat')` to interactively review the change.</failure>
    </testcase>
  </testsuite>
  <testsuite name="tables-adverse-events-aet01" timestamp="2024-11-28T09:58:51Z" hostname="a8f84a27ef9f" tests="4" skipped="0" failures="0" errors="0" time="0.518">
    <testcase time="0.15" classname="tables_adverse_events_aet01" name="tables_adverse_events_aet01.qmd_result_v1_development"/>
    <testcase time="0.125" classname="tables_adverse_events_aet01" name="tables_adverse_events_aet01.qmd_result_v2_development"/>
    <testcase time="0.113999999999999" classname="tables_adverse_events_aet01" name="tables_adverse_events_aet01.qmd_result_v3_development"/>
    <testcase time="0.129" classname="tables_adverse_events_aet01" name="tables_adverse_events_aet01.qmd_result_v4_development"/>
  </testsuite>
  <testsuite name="tables-adverse-events-aet01_aesi" timestamp="2024-11-28T09:58:52Z" hostname="a8f84a27ef9f" tests="4" skipped="0" failures="0" errors="0" time="0.692">
    <testcase time="0.15" classname="tables_adverse_events_aet01_aesi" name="tables_adverse_events_aet01_aesi.qmd_result_v1_development"/>
    <testcase time="0.155000000000001" classname="tables_adverse_events_aet01_aesi" name="tables_adverse_events_aet01_aesi.qmd_result_v2_development"/>
    <testcase time="0.222999999999999" classname="tables_adverse_events_aet01_aesi" name="tables_adverse_events_aet01_aesi.qmd_result_v3_development"/>
    <testcase time="0.164" classname="tables_adverse_events_aet01_aesi" name="tables_adverse_events_aet01_aesi.qmd_result_v4_development"/>
  </testsuite>
  <testsuite name="tables-adverse-events-aet02" timestamp="2024-11-28T09:58:53Z" hostname="a8f84a27ef9f" tests="13" skipped="0" failures="2" errors="0" time="2.1">
    <testcase time="0.336" classname="tables_adverse_events_aet02" name="tables_adverse_events_aet02.qmd_result_v1_development"/>
    <testcase time="0.218" classname="tables_adverse_events_aet02" name="tables_adverse_events_aet02.qmd_result_v2_development"/>
    <testcase time="0.192" classname="tables_adverse_events_aet02" name="tables_adverse_events_aet02.qmd_result_v3_development"/>
    <testcase time="0.276999999999999" classname="tables_adverse_events_aet02" name="tables_adverse_events_aet02.qmd_result_v4_development">
      <failure type="failure" message="Snapshot of code has changed (variant 'development'): ('test-tables-adverse-events-aet02.R:1:1')">Snapshot of code has changed (variant 'development'):
old[1:7] vs new[1:7]
  Code
    print(data_snap[[i]])
  Output
-   MedDRA System Organ Class                                                                               
+                                                                                                           
      High Level Term                                               A: Drug X    B: Placebo   C: Combination
        MedDRA Preferred Term                                        (N=134)      (N=134)        (N=132)    
    ————————————————————————————————————————————————————————————————————————————————————————————————————————

* Run `testthat::snapshot_accept('development/tables-adverse-events-aet02')` to accept the change.
* Run `testthat::snapshot_review('development/tables-adverse-events-aet02')` to interactively review the change.</failure>
    </testcase>
    <testcase time="0.105" classname="tables_adverse_events_aet02" name="tables_adverse_events_aet02.qmd_result_v5_development"/>
    <testcase time="0.17" classname="tables_adverse_events_aet02" name="tables_adverse_events_aet02.qmd_result_v6_development"/>
    <testcase time="0.118" classname="tables_adverse_events_aet02" name="tables_adverse_events_aet02.qmd_result_v7_development"/>
    <testcase time="0.151" classname="tables_adverse_events_aet02" name="tables_adverse_events_aet02.qmd_result_v8_development">
      <failure type="failure" message="Snapshot of code has changed (variant 'development'): ('test-tables-adverse-events-aet02.R:1:1')">Snapshot of code has changed (variant 'development'):
old[1:7] vs new[1:7]
  Code
    print(data_snap[[i]])
  Output
-   MedDRA System Organ Class                                           
+                                                                       
      High Level Term           A: Drug X    B: Placebo   C: Combination
        MedDRA Preferred Term    (N=134)      (N=134)        (N=132)    
    ————————————————————————————————————————————————————————————————————

* Run `testthat::snapshot_accept('development/tables-adverse-events-aet02')` to accept the change.
* Run `testthat::snapshot_review('development/tables-adverse-events-aet02')` to interactively review the change.</failure>
    </testcase>
    <testcase time="0.119" classname="tables_adverse_events_aet02" name="tables_adverse_events_aet02.qmd_result_v9_development"/>
    <testcase time="0.117000000000001" classname="tables_adverse_events_aet02" name="tables_adverse_events_aet02.qmd_result_v10_development"/>
    <testcase time="0.093" classname="tables_adverse_events_aet02" name="tables_adverse_events_aet02.qmd_result_v11_development"/>
    <testcase time="0.111999999999998" classname="tables_adverse_events_aet02" name="tables_adverse_events_aet02.qmd_result_v12_development"/>
    <testcase time="0.0919999999999987" classname="tables_adverse_events_aet02" name="tables_adverse_events_aet02.qmd_result_v13_development"/>
  </testsuite>
  <testsuite name="tables-adverse-events-aet02_smq" timestamp="2024-11-28T09:58:55Z" hostname="a8f84a27ef9f" tests="2" skipped="0" failures="0" errors="0" time="0.202">
    <testcase time="0.100000000000001" classname="tables_adverse_events_aet02_smq" name="tables_adverse_events_aet02_smq.qmd_result_v1_development"/>
    <testcase time="0.102" classname="tables_adverse_events_aet02_smq" name="tables_adverse_events_aet02_smq.qmd_result_v2_development"/>
  </testsuite>
  <testsuite name="tables-adverse-events-aet03" timestamp="2024-11-28T09:58:55Z" hostname="a8f84a27ef9f" tests="1" skipped="0" failures="1" errors="0" time="0.363">
    <testcase time="0.363" classname="tables_adverse_events_aet03" name="tables_adverse_events_aet03.qmd_result_v1_development">
      <failure type="failure" message="Snapshot of code has changed (variant 'development'): ('test-tables-adverse-events-aet03.R:1:1')">Snapshot of code has changed (variant 'development'):
old[1:7] vs new[1:7]
  Code
    print(data_snap[[i]])
  Output
-   MedDRA System Organ Class                                            
+                                                                        
      MedDRA Preferred Term      A: Drug X    B: Placebo   C: Combination
        Severity/Intensity        (N=134)      (N=134)        (N=132)    
    —————————————————————————————————————————————————————————————————————

* Run `testthat::snapshot_accept('development/tables-adverse-events-aet03')` to accept the change.
* Run `testthat::snapshot_review('development/tables-adverse-events-aet03')` to interactively review the change.</failure>
    </testcase>
  </testsuite>
  <testsuite name="tables-adverse-events-aet04" timestamp="2024-11-28T09:58:55Z" hostname="a8f84a27ef9f" tests="8" skipped="0" failures="8" errors="0" time="4.049">
    <testcase time="0.701000000000001" classname="tables_adverse_events_aet04" name="tables_adverse_events_aet04.qmd_result_v1_development">
      <failure type="failure" message="Snapshot of code has changed (variant 'development'): ('test-tables-adverse-events-aet04.R:1:1')">Snapshot of code has changed (variant 'development'):
old[1:7] vs new[1:7]
  Code
    print(data_snap[[i]])
  Output
-   MedDRA System Organ Class                                                            
+                                                                                        
      MedDRA Preferred Term                      A: Drug X    B: Placebo   C: Combination
                                Grade             (N=134)      (N=134)        (N=132)    
    —————————————————————————————————————————————————————————————————————————————————————

* Run `testthat::snapshot_accept('development/tables-adverse-events-aet04')` to accept the change.
* Run `testthat::snapshot_review('development/tables-adverse-events-aet04')` to interactively review the change.</failure>
    </testcase>
    <testcase time="0.780000000000001" classname="tables_adverse_events_aet04" name="tables_adverse_events_aet04.qmd_result_v2_development">
      <failure type="failure" message="Snapshot of code has changed (variant 'development'): ('test-tables-adverse-events-aet04.R:1:1')">Snapshot of code has changed (variant 'development'):
old[1:7] vs new[1:7]
  Code
    print(data_snap[[i]])
  Output
-   MedDRA System Organ Class                                                            
+                                                                                        
      MedDRA Preferred Term                      A: Drug X    B: Placebo   C: Combination
                                Grade             (N=134)      (N=134)        (N=132)    
    —————————————————————————————————————————————————————————————————————————————————————

* Run `testthat::snapshot_accept('development/tables-adverse-events-aet04')` to accept the change.
* Run `testthat::snapshot_review('development/tables-adverse-events-aet04')` to interactively review the change.</failure>
    </testcase>
    <testcase time="0.677999999999997" classname="tables_adverse_events_aet04" name="tables_adverse_events_aet04.qmd_result_v3_development">
      <failure type="failure" message="Snapshot of code has changed (variant 'development'): ('test-tables-adverse-events-aet04.R:1:1')">Snapshot of code has changed (variant 'development'):
old[1:7] vs new[1:7]
  Code
    print(data_snap[[i]])
  Output
-   MedDRA System Organ Class                                                            
+                                                                                        
      MedDRA Preferred Term                      A: Drug X    B: Placebo   C: Combination
                                Grade             (N=134)      (N=134)        (N=132)    
    —————————————————————————————————————————————————————————————————————————————————————

* Run `testthat::snapshot_accept('development/tables-adverse-events-aet04')` to accept the change.
* Run `testthat::snapshot_review('development/tables-adverse-events-aet04')` to interactively review the change.</failure>
    </testcase>
    <testcase time="0.389000000000003" classname="tables_adverse_events_aet04" name="tables_adverse_events_aet04.qmd_result_v4_development">
      <failure type="failure" message="Snapshot of code has changed (variant 'development'): ('test-tables-adverse-events-aet04.R:1:1')">Snapshot of code has changed (variant 'development'):
old[1:7] vs new[1:7]
  Code
    print(data_snap[[i]])
  Output
-   MedDRA System Organ Class                                                            
+                                                                                        
      MedDRA Preferred Term                      A: Drug X    B: Placebo   C: Combination
                                Grade             (N=134)      (N=134)        (N=132)    
    —————————————————————————————————————————————————————————————————————————————————————

* Run `testthat::snapshot_accept('development/tables-adverse-events-aet04')` to accept the change.
* Run `testthat::snapshot_review('development/tables-adverse-events-aet04')` to interactively review the change.</failure>
    </testcase>
    <testcase time="0.375" classname="tables_adverse_events_aet04" name="tables_adverse_events_aet04.qmd_result_v6_development">
      <failure type="failure" message="Snapshot of code has changed (variant 'development'): ('test-tables-adverse-events-aet04.R:1:1')">Snapshot of code has changed (variant 'development'):
old[1:7] vs new[1:7]
  Code
    print(data_snap[[i]])
  Output
-   MedDRA System Organ Class                                                            
+                                                                                        
      MedDRA Preferred Term                      A: Drug X    B: Placebo   C: Combination
                                Grade             (N=134)      (N=134)        (N=132)    
    —————————————————————————————————————————————————————————————————————————————————————

* Run `testthat::snapshot_accept('development/tables-adverse-events-aet04')` to accept the change.
* Run `testthat::snapshot_review('development/tables-adverse-events-aet04')` to interactively review the change.</failure>
    </testcase>
    <testcase time="0.372999999999998" classname="tables_adverse_events_aet04" name="tables_adverse_events_aet04.qmd_result_v8_development">
      <failure type="failure" message="Snapshot of code has changed (variant 'development'): ('test-tables-adverse-events-aet04.R:1:1')">Snapshot of code has changed (variant 'development'):
old[1:7] vs new[1:7]
  Code
    print(data_snap[[i]])
  Output
-   MedDRA System Organ Class                                                            
+                                                                                        
      MedDRA Preferred Term                      A: Drug X    B: Placebo   C: Combination
                                Grade             (N=134)      (N=134)        (N=132)    
    —————————————————————————————————————————————————————————————————————————————————————

* Run `testthat::snapshot_accept('development/tables-adverse-events-aet04')` to accept the change.
* Run `testthat::snapshot_review('development/tables-adverse-events-aet04')` to interactively review the change.</failure>
    </testcase>
    <testcase time="0.376000000000001" classname="tables_adverse_events_aet04" name="tables_adverse_events_aet04.qmd_result_v9_development">
      <failure type="failure" message="Snapshot of code has changed (variant 'development'): ('test-tables-adverse-events-aet04.R:1:1')">Snapshot of code has changed (variant 'development'):
old[1:7] vs new[1:7]
  Code
    print(data_snap[[i]])
  Output
-   MedDRA System Organ Class                                                            
+                                                                                        
      MedDRA Preferred Term                      A: Drug X    B: Placebo   C: Combination
                                Grade             (N=134)      (N=134)        (N=132)    
    —————————————————————————————————————————————————————————————————————————————————————

* Run `testthat::snapshot_accept('development/tables-adverse-events-aet04')` to accept the change.
* Run `testthat::snapshot_review('development/tables-adverse-events-aet04')` to interactively review the change.</failure>
    </testcase>
    <testcase time="0.376999999999999" classname="tables_adverse_events_aet04" name="tables_adverse_events_aet04.qmd_result_v11_development">
      <failure type="failure" message="Snapshot of code has changed (variant 'development'): ('test-tables-adverse-events-aet04.R:1:1')">Snapshot of code has changed (variant 'development'):
old[1:7] vs new[1:7]
  Code
    print(data_snap[[i]])
  Output
-   MedDRA System Organ Class                                                            
+                                                                                        
      MedDRA Preferred Term                      A: Drug X    B: Placebo   C: Combination
                                Grade             (N=134)      (N=134)        (N=132)    
    —————————————————————————————————————————————————————————————————————————————————————

* Run `testthat::snapshot_accept('development/tables-adverse-events-aet04')` to accept the change.
* Run `testthat::snapshot_review('development/tables-adverse-events-aet04')` to interactively review the change.</failure>
    </testcase>
  </testsuite>
  <testsuite name="tables-adverse-events-aet04_pi" timestamp="2024-11-28T09:59:00Z" hostname="a8f84a27ef9f" tests="8" skipped="0" failures="0" errors="0" time="1.733">
    <testcase time="0.734000000000002" classname="tables_adverse_events_aet04_pi" name="tables_adverse_events_aet04_pi.qmd_result_v1_development"/>
    <testcase time="0.114999999999998" classname="tables_adverse_events_aet04_pi" name="tables_adverse_events_aet04_pi.qmd_result_v2_development"/>
    <testcase time="0.138000000000002" classname="tables_adverse_events_aet04_pi" name="tables_adverse_events_aet04_pi.qmd_result_v3_development"/>
    <testcase time="0.105" classname="tables_adverse_events_aet04_pi" name="tables_adverse_events_aet04_pi.qmd_result_v4_development"/>
    <testcase time="0.164999999999999" classname="tables_adverse_events_aet04_pi" name="tables_adverse_events_aet04_pi.qmd_result_v5_development"/>
    <testcase time="0.158999999999999" classname="tables_adverse_events_aet04_pi" name="tables_adverse_events_aet04_pi.qmd_result_v6_development"/>
    <testcase time="0.161000000000001" classname="tables_adverse_events_aet04_pi" name="tables_adverse_events_aet04_pi.qmd_result_v7_development"/>
    <testcase time="0.155999999999999" classname="tables_adverse_events_aet04_pi" name="tables_adverse_events_aet04_pi.qmd_result_v8_development"/>
  </testsuite>
  <testsuite name="tables-adverse-events-aet05" timestamp="2024-11-28T09:59:01Z" hostname="a8f84a27ef9f" tests="2" skipped="0" failures="0" errors="0" time="0.14">
    <testcase time="0.0730000000000004" classname="tables_adverse_events_aet05" name="tables_adverse_events_aet05.qmd_result_v1_development"/>
    <testcase time="0.0670000000000002" classname="tables_adverse_events_aet05" name="tables_adverse_events_aet05.qmd_result_v2_development"/>
  </testsuite>
  <testsuite name="tables-adverse-events-aet05_all" timestamp="2024-11-28T09:59:01Z" hostname="a8f84a27ef9f" tests="2" skipped="0" failures="0" errors="0" time="0.145">
    <testcase time="0.0790000000000006" classname="tables_adverse_events_aet05_all" name="tables_adverse_events_aet05_all.qmd_result_v1_development"/>
    <testcase time="0.0659999999999989" classname="tables_adverse_events_aet05_all" name="tables_adverse_events_aet05_all.qmd_result_v2_development"/>
  </testsuite>
  <testsuite name="tables-adverse-events-aet06" timestamp="2024-11-28T09:59:01Z" hostname="a8f84a27ef9f" tests="5" skipped="0" failures="0" errors="0" time="1.955">
    <testcase time="0.620000000000001" classname="tables_adverse_events_aet06" name="tables_adverse_events_aet06.qmd_result_v1_development"/>
    <testcase time="0.311" classname="tables_adverse_events_aet06" name="tables_adverse_events_aet06.qmd_result_v2_development"/>
    <testcase time="0.358000000000001" classname="tables_adverse_events_aet06" name="tables_adverse_events_aet06.qmd_result_v3_development"/>
    <testcase time="0.254999999999999" classname="tables_adverse_events_aet06" name="tables_adverse_events_aet06.qmd_result_v4_development"/>
    <testcase time="0.411000000000001" classname="tables_adverse_events_aet06" name="tables_adverse_events_aet06.qmd_result_v5_development"/>
  </testsuite>
  <testsuite name="tables-adverse-events-aet06_smq" timestamp="2024-11-28T09:59:03Z" hostname="a8f84a27ef9f" tests="3" skipped="0" failures="0" errors="0" time="0.474">
    <testcase time="0.171999999999997" classname="tables_adverse_events_aet06_smq" name="tables_adverse_events_aet06_smq.qmd_result_v1_development"/>
    <testcase time="0.153000000000002" classname="tables_adverse_events_aet06_smq" name="tables_adverse_events_aet06_smq.qmd_result_v2_development"/>
    <testcase time="0.148999999999997" classname="tables_adverse_events_aet06_smq" name="tables_adverse_events_aet06_smq.qmd_result_v3_development"/>
  </testsuite>
  <testsuite name="tables-adverse-events-aet07" timestamp="2024-11-28T09:59:04Z" hostname="a8f84a27ef9f" tests="2" skipped="0" failures="0" errors="0" time="0.144">
    <testcase time="0.0770000000000017" classname="tables_adverse_events_aet07" name="tables_adverse_events_aet07.qmd_result_v1_development"/>
    <testcase time="0.0670000000000002" classname="tables_adverse_events_aet07" name="tables_adverse_events_aet07.qmd_result_v2_development"/>
  </testsuite>
  <testsuite name="tables-adverse-events-aet09" timestamp="2024-11-28T09:59:04Z" hostname="a8f84a27ef9f" tests="2" skipped="0" failures="1" errors="0" time="0.412">
    <testcase time="0.196000000000002" classname="tables_adverse_events_aet09" name="tables_adverse_events_aet09.qmd_result_v1_development"/>
    <testcase time="0.215999999999998" classname="tables_adverse_events_aet09" name="tables_adverse_events_aet09.qmd_result_v2_development">
      <failure type="failure" message="Snapshot of code has changed (variant 'development'): ('test-tables-adverse-events-aet09.R:1:1')">Snapshot of code has changed (variant 'development'):
old[1:7] vs new[1:7]
  Code
    print(data_snap[[i]])
  Output
-   Body System or Organ Class                                                                                                       
+                                                                                                                                    
      High Level Term                                                                       A: Drug X    B: Placebo    C: Combination
        Dictionary-Derived Term                                                              (N=134)       (N=134)        (N=132)    
    —————————————————————————————————————————————————————————————————————————————————————————————————————————————————————————————————

* Run `testthat::snapshot_accept('development/tables-adverse-events-aet09')` to accept the change.
* Run `testthat::snapshot_review('development/tables-adverse-events-aet09')` to interactively review the change.</failure>
    </testcase>
  </testsuite>
  <testsuite name="tables-adverse-events-aet09_smq" timestamp="2024-11-28T09:59:04Z" hostname="a8f84a27ef9f" tests="2" skipped="0" failures="0" errors="0" time="0.205">
    <testcase time="0.105" classname="tables_adverse_events_aet09_smq" name="tables_adverse_events_aet09_smq.qmd_result_v1_development"/>
    <testcase time="0.100000000000001" classname="tables_adverse_events_aet09_smq" name="tables_adverse_events_aet09_smq.qmd_result_v2_development"/>
  </testsuite>
  <testsuite name="tables-adverse-events-aet10" timestamp="2024-11-28T09:59:04Z" hostname="a8f84a27ef9f" tests="2" skipped="0" failures="0" errors="0" time="0.257">
    <testcase time="0.148999999999997" classname="tables_adverse_events_aet10" name="tables_adverse_events_aet10.qmd_result_v1_development"/>
    <testcase time="0.108000000000001" classname="tables_adverse_events_aet10" name="tables_adverse_events_aet10.qmd_result_v2_development"/>
  </testsuite>
  <testsuite name="tables-concomitant-medications-cmt01" timestamp="2024-11-28T09:59:05Z" hostname="a8f84a27ef9f" tests="4" skipped="0" failures="0" errors="0" time="0.529">
    <testcase time="0.164000000000001" classname="tables_concomitant_medications_cmt01" name="tables_concomitant_medications_cmt01.qmd_result_v1_development"/>
    <testcase time="0.105" classname="tables_concomitant_medications_cmt01" name="tables_concomitant_medications_cmt01.qmd_result_v2_development"/>
    <testcase time="0.117999999999999" classname="tables_concomitant_medications_cmt01" name="tables_concomitant_medications_cmt01.qmd_result_v3_development"/>
    <testcase time="0.141999999999999" classname="tables_concomitant_medications_cmt01" name="tables_concomitant_medications_cmt01.qmd_result_v4_development"/>
  </testsuite>
  <testsuite name="tables-concomitant-medications-cmt01a" timestamp="2024-11-28T09:59:05Z" hostname="a8f84a27ef9f" tests="4" skipped="0" failures="0" errors="0" time="0.862">
    <testcase time="0.264000000000003" classname="tables_concomitant_medications_cmt01a" name="tables_concomitant_medications_cmt01a.qmd_result_v1_development"/>
    <testcase time="0.207999999999998" classname="tables_concomitant_medications_cmt01a" name="tables_concomitant_medications_cmt01a.qmd_result_v2_development"/>
    <testcase time="0.210000000000001" classname="tables_concomitant_medications_cmt01a" name="tables_concomitant_medications_cmt01a.qmd_result_v3_development"/>
    <testcase time="0.18" classname="tables_concomitant_medications_cmt01a" name="tables_concomitant_medications_cmt01a.qmd_result_v4_development"/>
  </testsuite>
  <testsuite name="tables-concomitant-medications-cmt01b" timestamp="2024-11-28T09:59:06Z" hostname="a8f84a27ef9f" tests="3" skipped="0" failures="3" errors="0" time="1.027">
    <testcase time="0.404999999999998" classname="tables_concomitant_medications_cmt01b" name="tables_concomitant_medications_cmt01b.qmd_result_v1_development">
      <failure type="failure" message="Snapshot of code has changed (variant 'development'): ('test-tables-concomitant-medications-cmt01b.R:1:1')">Snapshot of code has changed (variant 'development'):
old[1:7] vs new[1:7]
  Code
    print(data_snap[[i]])
  Output
-   ATC Level 1 Text                                                                                         
+                                                                                                            
      ATC Level 2 Text                                                                                       
        ATC Level 3 Text                                                                                     
          ATC Level 4 Text                                          A: Drug X    B: Placebo    C: Combination

* Run `testthat::snapshot_accept('development/tables-concomitant-medications-cmt01b')` to accept the change.
* Run `testthat::snapshot_review('development/tables-concomitant-medications-cmt01b')` to interactively review the change.</failure>
    </testcase>
    <testcase time="0.270000000000003" classname="tables_concomitant_medications_cmt01b" name="tables_concomitant_medications_cmt01b.qmd_result_v2_development">
      <failure type="failure" message="Snapshot of code has changed (variant 'development'): ('test-tables-concomitant-medications-cmt01b.R:1:1')">Snapshot of code has changed (variant 'development'):
old[1:7] vs new[1:7]
  Code
    print(data_snap[[i]])
  Output
-   ATC Level 3 Text                                                                                     
+                                                                                                        
      ATC Level 2 Text                                          A: Drug X    B: Placebo    C: Combination
        Other Treatment                                          (N=134)       (N=134)        (N=132)    
    —————————————————————————————————————————————————————————————————————————————————————————————————————

* Run `testthat::snapshot_accept('development/tables-concomitant-medications-cmt01b')` to accept the change.
* Run `testthat::snapshot_review('development/tables-concomitant-medications-cmt01b')` to interactively review the change.</failure>
    </testcase>
    <testcase time="0.352" classname="tables_concomitant_medications_cmt01b" name="tables_concomitant_medications_cmt01b.qmd_result_v4_development">
      <failure type="failure" message="Snapshot of code has changed (variant 'development'): ('test-tables-concomitant-medications-cmt01b.R:1:1')">Snapshot of code has changed (variant 'development'):
old[1:7] vs new[1:7]
  Code
    print(data_snap[[i]])
  Output
-   ATC Level 1 Text                                                                                       
+                                                                                                          
      ATC Level 2 Text                                                                                     
        ATC Level 3 Text                                                                                   
          ATC Level 4 Text                                         A: Drug X    B: Placebo   C: Combination

* Run `testthat::snapshot_accept('development/tables-concomitant-medications-cmt01b')` to accept the change.
* Run `testthat::snapshot_review('development/tables-concomitant-medications-cmt01b')` to interactively review the change.</failure>
    </testcase>
  </testsuite>
  <testsuite name="tables-concomitant-medications-cmt02_pt" timestamp="2024-11-28T09:59:07Z" hostname="a8f84a27ef9f" tests="1" skipped="0" failures="0" errors="0" time="0.124">
    <testcase time="0.123999999999999" classname="tables_concomitant_medications_cmt02_pt" name="tables_concomitant_medications_cmt02_pt.qmd_result_v1_development"/>
  </testsuite>
  <testsuite name="tables-deaths-dtht01" timestamp="2024-11-28T09:59:07Z" hostname="a8f84a27ef9f" tests="4" skipped="0" failures="0" errors="0" time="0.687">
    <testcase time="0.222999999999999" classname="tables_deaths_dtht01" name="tables_deaths_dtht01.qmd_result_v1_development"/>
    <testcase time="0.231000000000002" classname="tables_deaths_dtht01" name="tables_deaths_dtht01.qmd_result_v2_development"/>
    <testcase time="0.105" classname="tables_deaths_dtht01" name="tables_deaths_dtht01.qmd_result_v3_development"/>
    <testcase time="0.128" classname="tables_deaths_dtht01" name="tables_deaths_dtht01.qmd_result_v4_development"/>
  </testsuite>
  <testsuite name="tables-demography-dmt01" timestamp="2024-11-28T09:59:08Z" hostname="a8f84a27ef9f" tests="5" skipped="0" failures="0" errors="0" time="0.973">
    <testcase time="0.264999999999997" classname="tables_demography_dmt01" name="tables_demography_dmt01.qmd_result_v1_development"/>
    <testcase time="0.194000000000003" classname="tables_demography_dmt01" name="tables_demography_dmt01.qmd_result_v2_development"/>
    <testcase time="0.190999999999999" classname="tables_demography_dmt01" name="tables_demography_dmt01.qmd_result_v3_development"/>
    <testcase time="0.167999999999999" classname="tables_demography_dmt01" name="tables_demography_dmt01.qmd_result_v4_development"/>
    <testcase time="0.155000000000001" classname="tables_demography_dmt01" name="tables_demography_dmt01.qmd_result_v5_development"/>
  </testsuite>
  <testsuite name="tables-disclosures-disclosurest01" timestamp="2024-11-28T09:59:09Z" hostname="a8f84a27ef9f" tests="6" skipped="0" failures="1" errors="0" time="0.897">
    <testcase time="0.210000000000001" classname="tables_disclosures_disclosurest01" name="tables_disclosures_disclosurest01.qmd_result_v1_development"/>
    <testcase time="0.200999999999997" classname="tables_disclosures_disclosurest01" name="tables_disclosures_disclosurest01.qmd_result_v2_development"/>
    <testcase time="0.115000000000002" classname="tables_disclosures_disclosurest01" name="tables_disclosures_disclosurest01.qmd_result_v3_development"/>
    <testcase time="0.155000000000001" classname="tables_disclosures_disclosurest01" name="tables_disclosures_disclosurest01.qmd_result_v4_development"/>
    <testcase time="0.128" classname="tables_disclosures_disclosurest01" name="tables_disclosures_disclosurest01.qmd_result_v5_development">
      <failure type="failure" message="Snapshot of code has changed (variant 'development'): ('test-tables-disclosures-disclosurest01.R:1:1')">Snapshot of code has changed (variant 'development'):
old[1:7] vs new[1:7]
  Code
    print(data_snap[[i]])
  Output
-   Body System or Organ Class                                                                                                                                     
+                                                                                                                                                                  
      Dictionary-Derived Term                                          Patients (All)   Events (All)   Events (Related)   Events (Fatal)   Events (Fatal &amp; Related)
    ———————————————————————————————————————————————————————————————————————————————————————————————————————————————————————————————————————————————————————————————
    Total number of patients with at least one serious adverse event        104                                                                                    

* Run `testthat::snapshot_accept('development/tables-disclosures-disclosurest01')` to accept the change.
* Run `testthat::snapshot_review('development/tables-disclosures-disclosurest01')` to interactively review the change.</failure>
    </testcase>
    <testcase time="0.0879999999999974" classname="tables_disclosures_disclosurest01" name="tables_disclosures_disclosurest01.qmd_result_v6_development"/>
  </testsuite>
  <testsuite name="tables-disclosures-eudrat01" timestamp="2024-11-28T09:59:10Z" hostname="a8f84a27ef9f" tests="1" skipped="0" failures="0" errors="0" time="0.196">
    <testcase time="0.196000000000002" classname="tables_disclosures_eudrat01" name="tables_disclosures_eudrat01.qmd_result_v1_development"/>
  </testsuite>
  <testsuite name="tables-disclosures-eudrat02" timestamp="2024-11-28T09:59:10Z" hostname="a8f84a27ef9f" tests="1" skipped="0" failures="1" errors="0" time="0.143">
    <testcase time="0.143000000000001" classname="tables_disclosures_eudrat02" name="tables_disclosures_eudrat02.qmd_result_v1_development">
      <failure type="failure" message="Snapshot of code has changed (variant 'development'): ('test-tables-disclosures-eudrat02.R:1:1')">Snapshot of code has changed (variant 'development'):
old[1:7] vs new[1:7]
  Code
    print(data_snap[[i]])
  Output
-   Body System or Organ Class                                                                                                                                     
+                                                                                                                                                                  
      Dictionary-Derived Term                                          Patients (All)   Events (All)   Events (Related)   Events (Fatal)   Events (Fatal &amp; Related)
    ———————————————————————————————————————————————————————————————————————————————————————————————————————————————————————————————————————————————————————————————
    Total number of patients with at least one serious adverse event        104                                                                                    

* Run `testthat::snapshot_accept('development/tables-disclosures-eudrat02')` to accept the change.
* Run `testthat::snapshot_review('development/tables-disclosures-eudrat02')` to interactively review the change.</failure>
    </testcase>
  </testsuite>
  <testsuite name="tables-disposition-dst01" timestamp="2024-11-28T09:59:10Z" hostname="a8f84a27ef9f" tests="3" skipped="0" failures="0" errors="0" time="0.534">
    <testcase time="0.225999999999999" classname="tables_disposition_dst01" name="tables_disposition_dst01.qmd_result_v1_development"/>
    <testcase time="0.164000000000001" classname="tables_disposition_dst01" name="tables_disposition_dst01.qmd_result_v2_development"/>
    <testcase time="0.143999999999998" classname="tables_disposition_dst01" name="tables_disposition_dst01.qmd_result_v3_development"/>
  </testsuite>
  <testsuite name="tables-disposition-pdt01" timestamp="2024-11-28T09:59:11Z" hostname="a8f84a27ef9f" tests="1" skipped="0" failures="0" errors="0" time="0.219">
    <testcase time="0.219000000000001" classname="tables_disposition_pdt01" name="tables_disposition_pdt01.qmd_result_v1_development"/>
  </testsuite>
  <testsuite name="tables-disposition-pdt02" timestamp="2024-11-28T09:59:11Z" hostname="a8f84a27ef9f" tests="1" skipped="0" failures="0" errors="0" time="0.109">
    <testcase time="0.109000000000002" classname="tables_disposition_pdt02" name="tables_disposition_pdt02.qmd_result_v1_development"/>
  </testsuite>
  <testsuite name="tables-efficacy-aovt01" timestamp="2024-11-28T09:59:12Z" hostname="a8f84a27ef9f" tests="1" skipped="0" failures="0" errors="0" time="0.899">
    <testcase time="0.898999999999994" classname="tables_efficacy_aovt01" name="tables_efficacy_aovt01.qmd_result_v1_development"/>
  </testsuite>
  <testsuite name="tables-efficacy-aovt02" timestamp="2024-11-28T09:59:12Z" hostname="a8f84a27ef9f" tests="1" skipped="0" failures="0" errors="0" time="0.397">
    <testcase time="0.397000000000006" classname="tables_efficacy_aovt02" name="tables_efficacy_aovt02.qmd_result_v1_development"/>
  </testsuite>
  <testsuite name="tables-efficacy-aovt03" timestamp="2024-11-28T09:59:13Z" hostname="a8f84a27ef9f" tests="1" skipped="0" failures="0" errors="0" time="0.947">
    <testcase time="0.947000000000003" classname="tables_efficacy_aovt03" name="tables_efficacy_aovt03.qmd_result_v1_development"/>
  </testsuite>
  <testsuite name="tables-efficacy-cfbt01" timestamp="2024-11-28T09:59:13Z" hostname="a8f84a27ef9f" tests="1" skipped="0" failures="1" errors="0" time="0.281">
    <testcase time="0.280999999999999" classname="tables_efficacy_cfbt01" name="tables_efficacy_cfbt01.qmd_result_v1_development">
      <failure type="failure" message="Snapshot of code has changed (variant 'development'): ('test-tables-efficacy-cfbt01.R:1:1')">Snapshot of code has changed (variant 'development'):
old[2:8] vs new[2:8]
    print(data_snap[[i]])
  Output
                                   A: Drug X                        B: Placebo                      C: Combination         
-   Parameter                             Change from                       Change from                       Change from  
+                                         Change from                       Change from                       Change from  
      Analysis Visit    Value at Visit      Baseline      Value at Visit      Baseline      Value at Visit      Baseline   
    ———————————————————————————————————————————————————————————————————————————————————————————————————————————————————————
    BFI All Questions                                                                                                      

* Run `testthat::snapshot_accept('development/tables-efficacy-cfbt01')` to accept the change.
* Run `testthat::snapshot_review('development/tables-efficacy-cfbt01')` to interactively review the change.</failure>
    </testcase>
  </testsuite>
  <testsuite name="tables-efficacy-cmht01" timestamp="2024-11-28T09:59:15Z" hostname="a8f84a27ef9f" tests="2" skipped="0" failures="0" errors="0" time="2.414">
    <testcase time="1.943" classname="tables_efficacy_cmht01" name="tables_efficacy_cmht01.qmd_result_v1_development"/>
    <testcase time="0.471000000000004" classname="tables_efficacy_cmht01" name="tables_efficacy_cmht01.qmd_result_v2_development"/>
  </testsuite>
  <testsuite name="tables-efficacy-coxt01" timestamp="2024-11-28T09:59:16Z" hostname="a8f84a27ef9f" tests="4" skipped="0" failures="0" errors="0" time="0.518">
    <testcase time="0.144999999999996" classname="tables_efficacy_coxt01" name="tables_efficacy_coxt01.qmd_result_v1_development"/>
    <testcase time="0.119" classname="tables_efficacy_coxt01" name="tables_efficacy_coxt01.qmd_result_v2_development"/>
    <testcase time="0.131" classname="tables_efficacy_coxt01" name="tables_efficacy_coxt01.qmd_result_v3_development"/>
    <testcase time="0.122999999999998" classname="tables_efficacy_coxt01" name="tables_efficacy_coxt01.qmd_result_v4_development"/>
  </testsuite>
  <testsuite name="tables-efficacy-coxt02" timestamp="2024-11-28T09:59:16Z" hostname="a8f84a27ef9f" tests="2" skipped="0" failures="0" errors="0" time="0.175">
    <testcase time="0.0980000000000061" classname="tables_efficacy_coxt02" name="tables_efficacy_coxt02.qmd_result_v1_development"/>
    <testcase time="0.0769999999999982" classname="tables_efficacy_coxt02" name="tables_efficacy_coxt02.qmd_result_v2_development"/>
  </testsuite>
  <testsuite name="tables-efficacy-dort01" timestamp="2024-11-28T09:59:17Z" hostname="a8f84a27ef9f" tests="4" skipped="0" failures="0" errors="0" time="1.014">
    <testcase time="0.680999999999997" classname="tables_efficacy_dort01" name="tables_efficacy_dort01.qmd_result_v1_development"/>
    <testcase time="0.130000000000003" classname="tables_efficacy_dort01" name="tables_efficacy_dort01.qmd_result_v2_development"/>
    <testcase time="0.100999999999999" classname="tables_efficacy_dort01" name="tables_efficacy_dort01.qmd_result_v3_development"/>
    <testcase time="0.101999999999997" classname="tables_efficacy_dort01" name="tables_efficacy_dort01.qmd_result_v4_development"/>
  </testsuite>
  <testsuite name="tables-efficacy-lgrt02" timestamp="2024-11-28T09:59:18Z" hostname="a8f84a27ef9f" tests="4" skipped="0" failures="0" errors="0" time="0.972">
    <testcase time="0.479000000000006" classname="tables_efficacy_lgrt02" name="tables_efficacy_lgrt02.qmd_result_v1_development"/>
    <testcase time="0.168999999999997" classname="tables_efficacy_lgrt02" name="tables_efficacy_lgrt02.qmd_result_v2_development"/>
    <testcase time="0.148000000000003" classname="tables_efficacy_lgrt02" name="tables_efficacy_lgrt02.qmd_result_v3_development"/>
    <testcase time="0.175999999999995" classname="tables_efficacy_lgrt02" name="tables_efficacy_lgrt02.qmd_result_v4_development"/>
  </testsuite>
  <testsuite name="tables-efficacy-mmrmt01" timestamp="2024-11-28T09:59:19Z" hostname="a8f84a27ef9f" tests="4" skipped="0" failures="0" errors="0" time="0.654">
    <testcase time="0.215000000000003" classname="tables_efficacy_mmrmt01" name="tables_efficacy_mmrmt01.qmd_result_v1_development"/>
    <testcase time="0.0940000000000012" classname="tables_efficacy_mmrmt01" name="tables_efficacy_mmrmt01.qmd_result_v2_development"/>
    <testcase time="0.253" classname="tables_efficacy_mmrmt01" name="tables_efficacy_mmrmt01.qmd_result_v3_development"/>
    <testcase time="0.0919999999999987" classname="tables_efficacy_mmrmt01" name="tables_efficacy_mmrmt01.qmd_result_baseline_development"/>
  </testsuite>
  <testsuite name="tables-efficacy-onct05" timestamp="2024-11-28T09:59:19Z" hostname="a8f84a27ef9f" tests="4" skipped="0" failures="0" errors="0" time="0.669">
    <testcase time="0.25" classname="tables_efficacy_onct05" name="tables_efficacy_onct05.qmd_result_v1_development"/>
    <testcase time="0.152999999999999" classname="tables_efficacy_onct05" name="tables_efficacy_onct05.qmd_result_v2_development"/>
    <testcase time="0.137" classname="tables_efficacy_onct05" name="tables_efficacy_onct05.qmd_result_v3_development"/>
    <testcase time="0.128999999999998" classname="tables_efficacy_onct05" name="tables_efficacy_onct05.qmd_result_v4_development"/>
  </testsuite>
  <testsuite name="tables-efficacy-ratet01" timestamp="2024-11-28T09:59:20Z" hostname="a8f84a27ef9f" tests="1" skipped="0" failures="1" errors="0" time="0.287">
    <testcase time="0.286999999999999" classname="tables_efficacy_ratet01" name="tables_efficacy_ratet01.qmd_result_v1_development">
      <failure type="failure" message="Snapshot of code has changed (variant 'development'): ('test-tables-efficacy-ratet01.R:1:1')">Snapshot of code has changed (variant 'development'):
old vs new
  Code
    print(data_snap[[i]])
  Output
-                                                   B: Placebo         A: Drug X        C: Combination 
+                                                    B: Placebo           A: Drug X          C: Combination  
-                                                    (N=134)            (N=134)            (N=132)     
+                                                     (N=134)              (N=134)              (N=132)      
-   ———————————————————————————————————————————————————————————————————————————————————————————————————
+   —————————————————————————————————————————————————————————————————————————————————————————————————————————
-   Number of exacerbations per patient                                                                
+   Number of exacerbations per patient                                                                      
-     0                                             10 (7.46%)         6 (4.48%)          11 (8.33%)   
+     0                                              10 (7.46%)           6 (4.48%)            11 (8.33%)    
-     1                                            25 (18.66%)        21 (15.67%)        14 (10.61%)   
+     1                                             25 (18.66%)          21 (15.67%)          14 (10.61%)    
-     2                                            38 (28.36%)        41 (30.60%)        33 (25.00%)   
+     2                                             38 (28.36%)          41 (30.60%)          33 (25.00%)    
-     3                                            22 (16.42%)        26 (19.40%)        21 (15.91%)   
+     3                                             22 (16.42%)          26 (19.40%)          21 (15.91%)    
-     4                                             13 (9.70%)        18 (13.43%)        30 (22.73%)   
+     4                                              13 (9.70%)          18 (13.43%)          30 (22.73%)    
-     5                                             11 (8.21%)         10 (7.46%)         12 (9.09%)   
+     5                                              11 (8.21%)           10 (7.46%)           12 (9.09%)    
-     6                                             10 (7.46%)         7 (5.22%)          7 (5.30%)    
+     6                                              10 (7.46%)           7 (5.22%)            7 (5.30%)     
-     7                                             3 (2.24%)          4 (2.99%)          3 (2.27%)    
+     7                                              3 (2.24%)            4 (2.99%)            3 (2.27%)     
-     8                                             1 (0.75%)          1 (0.75%)          1 (0.76%)    
+     8                                              1 (0.75%)            1 (0.75%)            1 (0.76%)     
-     9                                             1 (0.75%)          0 (0.00%)          0 (0.00%)    
+     9                                              1 (0.75%)            0 (0.00%)            0 (0.00%)     
-   Unadjusted exacerbation rate (per year)                                                            
+   Unadjusted exacerbation rate (per year)                                                                  
-     Rate                                            7.2364             8.2148             9.8131     
+     Rate                                             7.2364               8.2148               9.8131      
-   Adjusted (QP) exacerbation rate (per year)                                                         
+   Adjusted (QP) exacerbation rate (per year)                                                               
-     Rate                                            2.4550             2.8514             3.4304     
+     Rate                                             2.4550               2.8514               3.4304      
-       Rate CI                                  (1.6194, 3.7219)   (1.8974, 4.2850)   (2.2946, 5.1284)
+       Rate CI                                   (1.6194, 3.7219)     (1.8974, 4.2850)     (2.2946, 5.1284) 
-     Rate Ratio                                                         1.1615             1.3973     
+     Rate Ratio                                                            1.1615               1.3973      
-       Rate Ratio CI                                               (0.6462, 2.0877)   (0.7789, 2.5067)
+       Rate Ratio CI                                                  (0.6462, 2.0877)     (0.7789, 2.5067) 
-       p-value                                                          0.6169             0.2619     
+       p-value                                                             0.6169               0.2619      
-   Adjusted (NB) exacerbation rate (per year)                                                         
+   Adjusted (NB) exacerbation rate (per year)                                                               
-     Rate                                            2.7374             2.8150             2.9789     
+     Rate                                            18.4450              28.0582              23.9304      
-       Rate CI                                  (2.3932, 3.1311)   (2.4681, 3.2106)   (2.6152, 3.3932)
+       Rate CI                                  (13.9015, 24.4736)   (21.3288, 36.9108)   (18.1382, 31.5722)
-     Rate Ratio                                                         1.0283             1.0882     
+     Rate Ratio                                                            1.5212               1.2974      
-       Rate Ratio CI                                               (0.8856, 1.1941)   (0.9381, 1.2624)
+       Rate Ratio CI                                                  (1.1166, 2.0724)     (0.9505, 1.7708) 
-       p-value                                                          0.7140             0.2643     
+       p-value                                                             0.0078               0.1009      

* Run `testthat::snapshot_accept('development/tables-efficacy-ratet01')` to accept the change.
* Run `testthat::snapshot_review('development/tables-efficacy-ratet01')` to interactively review the change.</failure>
    </testcase>
  </testsuite>
  <testsuite name="tables-efficacy-rspt01" timestamp="2024-11-28T09:59:21Z" hostname="a8f84a27ef9f" tests="6" skipped="0" failures="0" errors="0" time="1.111">
    <testcase time="0.462000000000003" classname="tables_efficacy_rspt01" name="tables_efficacy_rspt01.qmd_result_v1_development"/>
    <testcase time="0.130000000000003" classname="tables_efficacy_rspt01" name="tables_efficacy_rspt01.qmd_result_v2_development"/>
    <testcase time="0.116" classname="tables_efficacy_rspt01" name="tables_efficacy_rspt01.qmd_result_v3_development"/>
    <testcase time="0.131999999999998" classname="tables_efficacy_rspt01" name="tables_efficacy_rspt01.qmd_result_v4_development"/>
    <testcase time="0.168999999999997" classname="tables_efficacy_rspt01" name="tables_efficacy_rspt01.qmd_result_v5_development"/>
    <testcase time="0.102000000000004" classname="tables_efficacy_rspt01" name="tables_efficacy_rspt01.qmd_result_v6_development"/>
  </testsuite>
  <testsuite name="tables-efficacy-ttet01" timestamp="2024-11-28T09:59:22Z" hostname="a8f84a27ef9f" tests="6" skipped="0" failures="0" errors="0" time="1.972">
    <testcase time="1.201" classname="tables_efficacy_ttet01" name="tables_efficacy_ttet01.qmd_result_v1_development"/>
    <testcase time="0.170999999999999" classname="tables_efficacy_ttet01" name="tables_efficacy_ttet01.qmd_result_v2_development"/>
    <testcase time="0.138999999999996" classname="tables_efficacy_ttet01" name="tables_efficacy_ttet01.qmd_result_v3_development"/>
    <testcase time="0.167000000000002" classname="tables_efficacy_ttet01" name="tables_efficacy_ttet01.qmd_result_v4_development"/>
    <testcase time="0.139999999999993" classname="tables_efficacy_ttet01" name="tables_efficacy_ttet01.qmd_result_v5_development"/>
    <testcase time="0.154000000000003" classname="tables_efficacy_ttet01" name="tables_efficacy_ttet01.qmd_result_v6_development"/>
  </testsuite>
  <testsuite name="tables-exposure-ext01" timestamp="2024-11-28T09:59:23Z" hostname="a8f84a27ef9f" tests="3" skipped="0" failures="0" errors="0" time="0.698">
    <testcase time="0.264000000000003" classname="tables_exposure_ext01" name="tables_exposure_ext01.qmd_result_v1_development"/>
    <testcase time="0.205999999999996" classname="tables_exposure_ext01" name="tables_exposure_ext01.qmd_result_v2_development"/>
    <testcase time="0.228000000000002" classname="tables_exposure_ext01" name="tables_exposure_ext01.qmd_result_v3_development"/>
  </testsuite>
  <testsuite name="tables-lab-results-lbt01" timestamp="2024-11-28T09:59:24Z" hostname="a8f84a27ef9f" tests="1" skipped="0" failures="0" errors="0" time="0.259">
    <testcase time="0.259" classname="tables_lab_results_lbt01" name="tables_lab_results_lbt01.qmd_result_v1_development"/>
  </testsuite>
  <testsuite name="tables-lab-results-lbt02" timestamp="2024-11-28T09:59:24Z" hostname="a8f84a27ef9f" tests="1" skipped="0" failures="0" errors="0" time="0.19">
    <testcase time="0.189999999999998" classname="tables_lab_results_lbt02" name="tables_lab_results_lbt02.qmd_result_v1_development"/>
  </testsuite>
  <testsuite name="tables-lab-results-lbt03" timestamp="2024-11-28T09:59:24Z" hostname="a8f84a27ef9f" tests="2" skipped="0" failures="0" errors="0" time="0.326">
    <testcase time="0.163000000000004" classname="tables_lab_results_lbt03" name="tables_lab_results_lbt03.qmd_result_v1_development"/>
    <testcase time="0.162999999999997" classname="tables_lab_results_lbt03" name="tables_lab_results_lbt03.qmd_result_v2_development"/>
  </testsuite>
  <testsuite name="tables-lab-results-lbt04" timestamp="2024-11-28T09:59:25Z" hostname="a8f84a27ef9f" tests="1" skipped="0" failures="0" errors="0" time="0.094">
    <testcase time="0.0940000000000012" classname="tables_lab_results_lbt04" name="tables_lab_results_lbt04.qmd_result_v1_development"/>
  </testsuite>
  <testsuite name="tables-lab-results-lbt05" timestamp="2024-11-28T09:59:25Z" hostname="a8f84a27ef9f" tests="3" skipped="0" failures="0" errors="0" time="0.457">
    <testcase time="0.162999999999997" classname="tables_lab_results_lbt05" name="tables_lab_results_lbt05.qmd_result_v1_development"/>
    <testcase time="0.170000000000002" classname="tables_lab_results_lbt05" name="tables_lab_results_lbt05.qmd_result_v2_development"/>
    <testcase time="0.124000000000002" classname="tables_lab_results_lbt05" name="tables_lab_results_lbt05.qmd_result_v4_development"/>
  </testsuite>
  <testsuite name="tables-lab-results-lbt06" timestamp="2024-11-28T09:59:25Z" hostname="a8f84a27ef9f" tests="2" skipped="0" failures="2" errors="0" time="0.779">
    <testcase time="0.268999999999998" classname="tables_lab_results_lbt06" name="tables_lab_results_lbt06.qmd_result_v1_development">
      <failure type="failure" message="Snapshot of code has changed (variant 'development'): ('test-tables-lab-results-lbt06.R:1:1')">Snapshot of code has changed (variant 'development'):
old[1:7] vs new[1:7]
  Code
    print(data_snap[[i]])
  Output
-   Visit                                                                                  
+                                                                                          
      Analysis Reference Range Indicator     A: Drug X        B: Placebo     C: Combination
        Baseline Status                       (N=134)          (N=134)          (N=132)    
    ———————————————————————————————————————————————————————————————————————————————————————

* Run `testthat::snapshot_accept('development/tables-lab-results-lbt06')` to accept the change.
* Run `testthat::snapshot_review('development/tables-lab-results-lbt06')` to interactively review the change.</failure>
    </testcase>
    <testcase time="0.509999999999998" classname="tables_lab_results_lbt06" name="tables_lab_results_lbt06.qmd_result_v2_development">
      <failure type="failure" message="Snapshot of code has changed (variant 'development'): ('test-tables-lab-results-lbt06.R:1:1')">Snapshot of code has changed (variant 'development'):
old[1:7] vs new[1:7]
  Code
    print(data_snap[[i]])
  Output
-   Parameter                                                                                
+                                                                                            
      Visit                                                                                  
        Analysis Reference Range Indicator     A: Drug X        B: Placebo     C: Combination
          Baseline Status                       (N=134)          (N=134)          (N=132)    

* Run `testthat::snapshot_accept('development/tables-lab-results-lbt06')` to accept the change.
* Run `testthat::snapshot_review('development/tables-lab-results-lbt06')` to interactively review the change.</failure>
    </testcase>
  </testsuite>
  <testsuite name="tables-lab-results-lbt07" timestamp="2024-11-28T09:59:26Z" hostname="a8f84a27ef9f" tests="1" skipped="0" failures="1" errors="0" time="0.201">
    <testcase time="0.201000000000001" classname="tables_lab_results_lbt07" name="tables_lab_results_lbt07.qmd_result_v1_development">
      <failure type="failure" message="Snapshot of code has changed (variant 'development'): ('test-tables-lab-results-lbt07.R:1:1')">Snapshot of code has changed (variant 'development'):
old[1:7] vs new[1:7]
  Code
    print(data_snap[[i]])
  Output
-   Parameter                                                                          
+                                                                                      
      Direction of Abnormality                 A: Drug X    B: Placebo   C: Combination
                Highest NCI CTCAE Grade         (N=134)      (N=134)        (N=132)    
    ———————————————————————————————————————————————————————————————————————————————————

* Run `testthat::snapshot_accept('development/tables-lab-results-lbt07')` to accept the change.
* Run `testthat::snapshot_review('development/tables-lab-results-lbt07')` to interactively review the change.</failure>
    </testcase>
  </testsuite>
  <testsuite name="tables-lab-results-lbt08" timestamp="2024-11-28T09:59:26Z" hostname="a8f84a27ef9f" tests="1" skipped="0" failures="1" errors="0" time="0.181">
    <testcase time="0.181000000000004" classname="tables_lab_results_lbt08" name="tables_lab_results_lbt08.qmd_result_v1_development">
      <failure type="failure" message="Snapshot of code has changed (variant 'development'): ('test-tables-lab-results-lbt08.R:1:1')">Snapshot of code has changed (variant 'development'):
old[1:7] vs new[1:7]
  Code
    print(data_snap[[i]])
  Output
-   Parameter Code                                                                
+                                                                                 
      Direction of Abnormality        ARM A            ARM B            ARM C     
        Highest NCI CTCAE Grade      (N=134)          (N=134)          (N=132)    
    ——————————————————————————————————————————————————————————————————————————————

* Run `testthat::snapshot_accept('development/tables-lab-results-lbt08')` to accept the change.
* Run `testthat::snapshot_review('development/tables-lab-results-lbt08')` to interactively review the change.</failure>
    </testcase>
  </testsuite>
  <testsuite name="tables-lab-results-lbt09" timestamp="2024-11-28T09:59:27Z" hostname="a8f84a27ef9f" tests="2" skipped="0" failures="0" errors="0" time="0.595">
    <testcase time="0.382999999999996" classname="tables_lab_results_lbt09" name="tables_lab_results_lbt09.qmd_result_v1_development"/>
    <testcase time="0.212000000000003" classname="tables_lab_results_lbt09" name="tables_lab_results_lbt09.qmd_result_v2_development"/>
  </testsuite>
  <testsuite name="tables-lab-results-lbt10" timestamp="2024-11-28T09:59:27Z" hostname="a8f84a27ef9f" tests="2" skipped="0" failures="0" errors="0" time="0.18">
    <testcase time="0.110999999999997" classname="tables_lab_results_lbt10" name="tables_lab_results_lbt10.qmd_result_v1_development"/>
    <testcase time="0.0690000000000026" classname="tables_lab_results_lbt10" name="tables_lab_results_lbt10.qmd_result_v2_development"/>
  </testsuite>
  <testsuite name="tables-lab-results-lbt10_bl" timestamp="2024-11-28T09:59:27Z" hostname="a8f84a27ef9f" tests="2" skipped="0" failures="0" errors="0" time="0.17">
    <testcase time="0.0910000000000011" classname="tables_lab_results_lbt10_bl" name="tables_lab_results_lbt10_bl.qmd_result_v1_development"/>
    <testcase time="0.0790000000000006" classname="tables_lab_results_lbt10_bl" name="tables_lab_results_lbt10_bl.qmd_result_v2_development"/>
  </testsuite>
  <testsuite name="tables-lab-results-lbt11" timestamp="2024-11-28T09:59:28Z" hostname="a8f84a27ef9f" tests="3" skipped="0" failures="0" errors="0" time="0.545">
    <testcase time="0.326000000000001" classname="tables_lab_results_lbt11" name="tables_lab_results_lbt11.qmd_result_v1_development"/>
    <testcase time="0.101999999999997" classname="tables_lab_results_lbt11" name="tables_lab_results_lbt11.qmd_result_v2_development"/>
    <testcase time="0.116999999999997" classname="tables_lab_results_lbt11" name="tables_lab_results_lbt11.qmd_result_v3_development"/>
  </testsuite>
  <testsuite name="tables-lab-results-lbt11_bl" timestamp="2024-11-28T09:59:28Z" hostname="a8f84a27ef9f" tests="3" skipped="0" failures="0" errors="0" time="0.551">
    <testcase time="0.337000000000003" classname="tables_lab_results_lbt11_bl" name="tables_lab_results_lbt11_bl.qmd_result_v1_development"/>
    <testcase time="0.088000000000001" classname="tables_lab_results_lbt11_bl" name="tables_lab_results_lbt11_bl.qmd_result_v2_development"/>
    <testcase time="0.125999999999998" classname="tables_lab_results_lbt11_bl" name="tables_lab_results_lbt11_bl.qmd_result_v3_development"/>
  </testsuite>
  <testsuite name="tables-lab-results-lbt12" timestamp="2024-11-28T09:59:29Z" hostname="a8f84a27ef9f" tests="1" skipped="0" failures="0" errors="0" time="0.121">
    <testcase time="0.121000000000002" classname="tables_lab_results_lbt12" name="tables_lab_results_lbt12.qmd_result_v1_development"/>
  </testsuite>
  <testsuite name="tables-lab-results-lbt12_bl" timestamp="2024-11-28T09:59:29Z" hostname="a8f84a27ef9f" tests="1" skipped="0" failures="0" errors="0" time="0.116">
    <testcase time="0.116" classname="tables_lab_results_lbt12_bl" name="tables_lab_results_lbt12_bl.qmd_result_v1_development"/>
  </testsuite>
  <testsuite name="tables-lab-results-lbt13" timestamp="2024-11-28T09:59:29Z" hostname="a8f84a27ef9f" tests="5" skipped="0" failures="5" errors="0" time="3.306">
    <testcase time="0.871000000000002" classname="tables_lab_results_lbt13" name="tables_lab_results_lbt13.qmd_result_v1_development">
      <failure type="failure" message="Snapshot of code has changed (variant 'development'): ('test-tables-lab-results-lbt13.R:1:1')">Snapshot of code has changed (variant 'development'):
old[1:7] vs new[1:7]
  Code
    print(data_snap[[i]])
  Output
-   Parameter Code                                                             
+                                                                              
      Visit                                                                    
        NCI CTCAE Grade at Visit      A: Drug X    B: Placebo    C: Combination
          Baseline NCI CTCAE Grade     (N=134)       (N=134)        (N=132)    

* Run `testthat::snapshot_accept('development/tables-lab-results-lbt13')` to accept the change.
* Run `testthat::snapshot_review('development/tables-lab-results-lbt13')` to interactively review the change.</failure>
    </testcase>
    <testcase time="0.511999999999993" classname="tables_lab_results_lbt13" name="tables_lab_results_lbt13.qmd_result_v2_development">
      <failure type="failure" message="Snapshot of code has changed (variant 'development'): ('test-tables-lab-results-lbt13.R:1:1')">Snapshot of code has changed (variant 'development'):
old[1:7] vs new[1:7]
  Code
    print(data_snap[[i]])
  Output
-   Parameter Code                                                            
+                                                                             
      Visit                                                                   
        NCI CTCAE Grade at Visit     A: Drug X    B: Placebo    C: Combination
          Baseline NCI CTCAE Grade    (N=134)       (N=134)        (N=132)    

* Run `testthat::snapshot_accept('development/tables-lab-results-lbt13')` to accept the change.
* Run `testthat::snapshot_review('development/tables-lab-results-lbt13')` to interactively review the change.</failure>
    </testcase>
    <testcase time="0.492000000000004" classname="tables_lab_results_lbt13" name="tables_lab_results_lbt13.qmd_result_v3_development">
      <failure type="failure" message="Snapshot of code has changed (variant 'development'): ('test-tables-lab-results-lbt13.R:1:1')">Snapshot of code has changed (variant 'development'):
old[1:7] vs new[1:7]
  Code
    print(data_snap[[i]])
  Output
-   Parameter Code                                                             
+                                                                              
      Visit                                                                    
        NCI CTCAE Grade at Visit      A: Drug X    B: Placebo    C: Combination
          Baseline NCI CTCAE Grade     (N=134)       (N=134)        (N=132)    

* Run `testthat::snapshot_accept('development/tables-lab-results-lbt13')` to accept the change.
* Run `testthat::snapshot_review('development/tables-lab-results-lbt13')` to interactively review the change.</failure>
    </testcase>
    <testcase time="0.521000000000001" classname="tables_lab_results_lbt13" name="tables_lab_results_lbt13.qmd_result_v4_development">
      <failure type="failure" message="Snapshot of code has changed (variant 'development'): ('test-tables-lab-results-lbt13.R:1:1')">Snapshot of code has changed (variant 'development'):
old[1:7] vs new[1:7]
  Code
    print(data_snap[[i]])
  Output
-   Parameter Code                                                            
+                                                                             
      Visit                                                                   
        NCI CTCAE Grade at Visit     A: Drug X    B: Placebo    C: Combination
          Baseline NCI CTCAE Grade    (N=134)       (N=134)        (N=132)    

* Run `testthat::snapshot_accept('development/tables-lab-results-lbt13')` to accept the change.
* Run `testthat::snapshot_review('development/tables-lab-results-lbt13')` to interactively review the change.</failure>
    </testcase>
    <testcase time="0.910000000000004" classname="tables_lab_results_lbt13" name="tables_lab_results_lbt13.qmd_result_v5_development">
      <failure type="failure" message="Snapshot of code has changed (variant 'development'): ('test-tables-lab-results-lbt13.R:1:1')">Snapshot of code has changed (variant 'development'):
old[1:7] vs new[1:7]
  Code
    print(data_snap[[i]])
  Output
-   Parameter Code                                                            
+                                                                             
      Visit                                                                   
        NCI CTCAE Grade at Visit     A: Drug X    B: Placebo    C: Combination
          Baseline NCI CTCAE Grade    (N=134)       (N=134)        (N=132)    

* Run `testthat::snapshot_accept('development/tables-lab-results-lbt13')` to accept the change.
* Run `testthat::snapshot_review('development/tables-lab-results-lbt13')` to interactively review the change.</failure>
    </testcase>
  </testsuite>
  <testsuite name="tables-lab-results-lbt14" timestamp="2024-11-28T09:59:32Z" hostname="a8f84a27ef9f" tests="5" skipped="0" failures="5" errors="0" time="1.963">
    <testcase time="0.455999999999996" classname="tables_lab_results_lbt14" name="tables_lab_results_lbt14.qmd_result_v1_development">
      <failure type="failure" message="Snapshot of code has changed (variant 'development'): ('test-tables-lab-results-lbt14.R:1:1')">Snapshot of code has changed (variant 'development'):
old[1:7] vs new[1:7]
  Code
    print(data_snap[[i]])
  Output
-   Parameter                                                                             
+                                                                                         
          Baseline NCI-CTCAE Grade                A: Drug X    B: Placebo   C: Combination
                  Post-baseline NCI-CTCAE Grade    (N=134)      (N=134)        (N=132)    
    ——————————————————————————————————————————————————————————————————————————————————————

* Run `testthat::snapshot_accept('development/tables-lab-results-lbt14')` to accept the change.
* Run `testthat::snapshot_review('development/tables-lab-results-lbt14')` to interactively review the change.</failure>
    </testcase>
    <testcase time="0.305" classname="tables_lab_results_lbt14" name="tables_lab_results_lbt14.qmd_result_v2_development">
      <failure type="failure" message="Snapshot of code has changed (variant 'development'): ('test-tables-lab-results-lbt14.R:1:1')">Snapshot of code has changed (variant 'development'):
old[1:7] vs new[1:7]
  Code
    print(data_snap[[i]])
  Output
-   Parameter                                                                             
+                                                                                         
          Baseline NCI-CTCAE Grade                A: Drug X    B: Placebo   C: Combination
                  Post-baseline NCI-CTCAE Grade    (N=134)      (N=134)        (N=132)    
    ——————————————————————————————————————————————————————————————————————————————————————

* Run `testthat::snapshot_accept('development/tables-lab-results-lbt14')` to accept the change.
* Run `testthat::snapshot_review('development/tables-lab-results-lbt14')` to interactively review the change.</failure>
    </testcase>
    <testcase time="0.305" classname="tables_lab_results_lbt14" name="tables_lab_results_lbt14.qmd_result_v3_development">
      <failure type="failure" message="Snapshot of code has changed (variant 'development'): ('test-tables-lab-results-lbt14.R:1:1')">Snapshot of code has changed (variant 'development'):
old[1:7] vs new[1:7]
  Code
    print(data_snap[[i]])
  Output
-   Parameter                                                                             
+                                                                                         
          Baseline NCI-CTCAE Grade                A: Drug X    B: Placebo   C: Combination
                  Post-baseline NCI-CTCAE Grade    (N=134)      (N=134)        (N=132)    
    ——————————————————————————————————————————————————————————————————————————————————————

* Run `testthat::snapshot_accept('development/tables-lab-results-lbt14')` to accept the change.
* Run `testthat::snapshot_review('development/tables-lab-results-lbt14')` to interactively review the change.</failure>
    </testcase>
    <testcase time="0.297000000000004" classname="tables_lab_results_lbt14" name="tables_lab_results_lbt14.qmd_result_v4_development">
      <failure type="failure" message="Snapshot of code has changed (variant 'development'): ('test-tables-lab-results-lbt14.R:1:1')">Snapshot of code has changed (variant 'development'):
old[1:7] vs new[1:7]
  Code
    print(data_snap[[i]])
  Output
-   Parameter                                                                             
+                                                                                         
          Baseline NCI-CTCAE Grade                A: Drug X    B: Placebo   C: Combination
                  Post-baseline NCI-CTCAE Grade    (N=134)      (N=134)        (N=132)    
    ——————————————————————————————————————————————————————————————————————————————————————

* Run `testthat::snapshot_accept('development/tables-lab-results-lbt14')` to accept the change.
* Run `testthat::snapshot_review('development/tables-lab-results-lbt14')` to interactively review the change.</failure>
    </testcase>
    <testcase time="0.599999999999994" classname="tables_lab_results_lbt14" name="tables_lab_results_lbt14.qmd_result_v5_development">
      <failure type="failure" message="Snapshot of code has changed (variant 'development'): ('test-tables-lab-results-lbt14.R:1:1')">Snapshot of code has changed (variant 'development'):
old[1:7] vs new[1:7]
  Code
    print(data_snap[[i]])
  Output
-   Parameter                                                                             
+                                                                                         
          Baseline NCI-CTCAE Grade                A: Drug X    B: Placebo   C: Combination
                  Post-baseline NCI-CTCAE Grade    (N=134)      (N=134)        (N=132)    
    ——————————————————————————————————————————————————————————————————————————————————————

* Run `testthat::snapshot_accept('development/tables-lab-results-lbt14')` to accept the change.
* Run `testthat::snapshot_review('development/tables-lab-results-lbt14')` to interactively review the change.</failure>
    </testcase>
  </testsuite>
  <testsuite name="tables-lab-results-lbt15" timestamp="2024-11-28T09:59:34Z" hostname="a8f84a27ef9f" tests="2" skipped="0" failures="2" errors="0" time="0.271">
    <testcase time="0.150000000000006" classname="tables_lab_results_lbt15" name="tables_lab_results_lbt15.qmd_result_v1_development">
      <failure type="failure" message="Snapshot of code has changed (variant 'development'): ('test-tables-lab-results-lbt15.R:1:1')">Snapshot of code has changed (variant 'development'):
old[1:7] vs new[1:7]
  Code
    print(data_snap[[i]])
  Output
-   Category for Lab Test                                                                                      
+                                                                                                              
      Parameter                                A: Drug X        B: Placebo     C: Combination    All Patients  
                Direction of Abnormality        (N=134)          (N=134)          (N=132)           (N=400)    
    ———————————————————————————————————————————————————————————————————————————————————————————————————————————

* Run `testthat::snapshot_accept('development/tables-lab-results-lbt15')` to accept the change.
* Run `testthat::snapshot_review('development/tables-lab-results-lbt15')` to interactively review the change.</failure>
    </testcase>
    <testcase time="0.120999999999995" classname="tables_lab_results_lbt15" name="tables_lab_results_lbt15.qmd_result_v2_development">
      <failure type="failure" message="Snapshot of code has changed (variant 'development'): ('test-tables-lab-results-lbt15.R:1:1')">Snapshot of code has changed (variant 'development'):
old[1:7] vs new[1:7]
  Code
    print(data_snap[[i]])
  Output
-   Category for Lab Test                                                                                      
+                                                                                                              
      Parameter                                A: Drug X        B: Placebo     C: Combination    All Patients  
                Direction of Abnormality        (N=134)          (N=134)          (N=132)           (N=400)    
    ———————————————————————————————————————————————————————————————————————————————————————————————————————————

* Run `testthat::snapshot_accept('development/tables-lab-results-lbt15')` to accept the change.
* Run `testthat::snapshot_review('development/tables-lab-results-lbt15')` to interactively review the change.</failure>
    </testcase>
  </testsuite>
  <testsuite name="tables-medical-history-mht01" timestamp="2024-11-28T09:59:34Z" hostname="a8f84a27ef9f" tests="4" skipped="0" failures="0" errors="0" time="0.561">
    <testcase time="0.194000000000003" classname="tables_medical_history_mht01" name="tables_medical_history_mht01.qmd_result_v1_development"/>
    <testcase time="0.078000000000003" classname="tables_medical_history_mht01" name="tables_medical_history_mht01.qmd_result_v2_development"/>
    <testcase time="0.132999999999996" classname="tables_medical_history_mht01" name="tables_medical_history_mht01.qmd_result_v3_development"/>
    <testcase time="0.155999999999999" classname="tables_medical_history_mht01" name="tables_medical_history_mht01.qmd_result_v4_development"/>
  </testsuite>
  <testsuite name="tables-pharmacokinetic-pkct01" timestamp="2024-11-28T09:59:35Z" hostname="a8f84a27ef9f" tests="3" skipped="0" failures="3" errors="0" time="1.058">
    <testcase time="0.527999999999999" classname="tables_pharmacokinetic_pkct01" name="tables_pharmacokinetic_pkct01.qmd_result_v1_development">
      <failure type="failure" message="Snapshot of code has changed (variant 'development'): ('test-tables-pharmacokinetic-pkct01.R:1:1')">Snapshot of code has changed (variant 'development'):
old[7:13] vs new[7:13]
    Treatment: A: Drug X
    
    ——————————————————————————————————————————————————————————————————————————————————————————————————————————————————————————————————————————————————————————
-   Treatment Group                            Number                                                                                                         
+                                              Number                                                                                                         
      Visit                                      of                                                                                                           
        Nominal Time (hr) / Timepoint    n    LTRs/BLQs    Mean       SD     CV (%) Mean   Geometric Mean   CV % Geometric Mean   Median    Minimum    Maximum
    ——————————————————————————————————————————————————————————————————————————————————————————————————————————————————————————————————————————————————————————

* Run `testthat::snapshot_accept('development/tables-pharmacokinetic-pkct01')` to accept the change.
* Run `testthat::snapshot_review('development/tables-pharmacokinetic-pkct01')` to interactively review the change.</failure>
    </testcase>
    <testcase time="0.303000000000004" classname="tables_pharmacokinetic_pkct01" name="tables_pharmacokinetic_pkct01.qmd_result_v2_development">
      <failure type="failure" message="Snapshot of code has changed (variant 'development'): ('test-tables-pharmacokinetic-pkct01.R:1:1')">Snapshot of code has changed (variant 'development'):
old[7:13] vs new[7:13]
    Treatment: A: Drug X
    
    ——————————————————————————————————————————————————————————————————————————————————————————————————————————————————————————————————————————————————————————
-   Treatment Group                            Number                                                                                                         
+                                              Number                                                                                                         
      Visit                                      of                                                                                                           
        Nominal Time (hr) / Timepoint    n    LTRs/BLQs    Mean       SD     CV (%) Mean   Geometric Mean   CV % Geometric Mean   Median    Minimum    Maximum
    ——————————————————————————————————————————————————————————————————————————————————————————————————————————————————————————————————————————————————————————

* Run `testthat::snapshot_accept('development/tables-pharmacokinetic-pkct01')` to accept the change.
* Run `testthat::snapshot_review('development/tables-pharmacokinetic-pkct01')` to interactively review the change.</failure>
    </testcase>
    <testcase time="0.226999999999997" classname="tables_pharmacokinetic_pkct01" name="tables_pharmacokinetic_pkct01.qmd_result_v3_development">
      <failure type="failure" message="Snapshot of code has changed (variant 'development'): ('test-tables-pharmacokinetic-pkct01.R:1:1')">Snapshot of code has changed (variant 'development'):
old[7:13] vs new[7:13]
    Treatment: A: Drug X
    
    ——————————————————————————————————————————————————————————————————————————————————————————————————————————————————————————————————————————————————————————
-   Treatment Group                            Number                                                                                                         
+                                              Number                                                                                                         
      Visit                                      of                                                                                                           
        Nominal Time (hr) / Timepoint    n    LTRs/BLQs    Mean       SD     CV (%) Mean   Geometric Mean   CV % Geometric Mean   Median    Minimum    Maximum
    ——————————————————————————————————————————————————————————————————————————————————————————————————————————————————————————————————————————————————————————

* Run `testthat::snapshot_accept('development/tables-pharmacokinetic-pkct01')` to accept the change.
* Run `testthat::snapshot_review('development/tables-pharmacokinetic-pkct01')` to interactively review the change.</failure>
    </testcase>
  </testsuite>
  <testsuite name="tables-pharmacokinetic-pkpt02" timestamp="2024-11-28T09:59:36Z" hostname="a8f84a27ef9f" tests="2" skipped="0" failures="0" errors="0" time="0.288">
    <testcase time="0.163000000000004" classname="tables_pharmacokinetic_pkpt02" name="tables_pharmacokinetic_pkpt02.qmd_result_v1_development"/>
    <testcase time="0.125" classname="tables_pharmacokinetic_pkpt02" name="tables_pharmacokinetic_pkpt02.qmd_result_v2_development"/>
  </testsuite>
  <testsuite name="tables-pharmacokinetic-pkpt03" timestamp="2024-11-28T09:59:38Z" hostname="a8f84a27ef9f" tests="3" skipped="3" failures="0" errors="0" time="1.867">
    <testcase time="1.842" classname="tables_pharmacokinetic_pkpt03" name="tables_pharmacokinetic_pkpt03.qmd_result_v1_development">
      <skipped message="Reason: Snapshot test is not implemented for object of class: list. ('test-tables-pharmacokinetic-pkpt03.R:1:1')"/>
    </testcase>
    <testcase time="0.0129999999999981" classname="tables_pharmacokinetic_pkpt03" name="tables_pharmacokinetic_pkpt03.qmd_result_v2_development">
      <skipped message="Reason: Snapshot test is not implemented for object of class: list. ('test-tables-pharmacokinetic-pkpt03.R:1:1')"/>
    </testcase>
    <testcase time="0.0120000000000005" classname="tables_pharmacokinetic_pkpt03" name="tables_pharmacokinetic_pkpt03.qmd_result_v3_development">
      <skipped message="Reason: Snapshot test is not implemented for object of class: list. ('test-tables-pharmacokinetic-pkpt03.R:1:1')"/>
    </testcase>
  </testsuite>
  <testsuite name="tables-pharmacokinetic-pkpt04" timestamp="2024-11-28T09:59:38Z" hostname="a8f84a27ef9f" tests="2" skipped="0" failures="0" errors="0" time="0.308">
    <testcase time="0.184000000000005" classname="tables_pharmacokinetic_pkpt04" name="tables_pharmacokinetic_pkpt04.qmd_result_v1_development"/>
    <testcase time="0.123999999999995" classname="tables_pharmacokinetic_pkpt04" name="tables_pharmacokinetic_pkpt04.qmd_result_v2_development"/>
  </testsuite>
  <testsuite name="tables-pharmacokinetic-pkpt05" timestamp="2024-11-28T09:59:38Z" hostname="a8f84a27ef9f" tests="2" skipped="0" failures="2" errors="0" time="0.331">
    <testcase time="0.201999999999998" classname="tables_pharmacokinetic_pkpt05" name="tables_pharmacokinetic_pkpt05.qmd_result_v1_development">
      <failure type="failure" message="Snapshot of code has changed (variant 'development'): ('test-tables-pharmacokinetic-pkpt05.R:1:1')">Snapshot of code has changed (variant 'development'):
old[6:12] vs new[6:12]
    Visit: CYCLE 1 DAY 1
    
    —————————————————————————————————————————————————————————————————————————————————————————————————————————————————————————————
-   Treatment Arm                                                                                                                
+                                                                                                                                
      PK Parameter          n     Mean        SD      CV (%)   Geometric Mean   CV % Geometric Mean   Median    Minimum   Maximum
    —————————————————————————————————————————————————————————————————————————————————————————————————————————————————————————————
    ARM A                                                                                                                        

* Run `testthat::snapshot_accept('development/tables-pharmacokinetic-pkpt05')` to accept the change.
* Run `testthat::snapshot_review('development/tables-pharmacokinetic-pkpt05')` to interactively review the change.</failure>
    </testcase>
    <testcase time="0.129000000000005" classname="tables_pharmacokinetic_pkpt05" name="tables_pharmacokinetic_pkpt05.qmd_result_v2_development">
      <failure type="failure" message="Snapshot of code has changed (variant 'development'): ('test-tables-pharmacokinetic-pkpt05.R:1:1')">Snapshot of code has changed (variant 'development'):
old[6:12] vs new[6:12]
    Visit: CYCLE 1 DAY 1
    
    ————————————————————————————————————————————————————————————————————————————————————————————————————————————————————————————
-   Treatment Arm                                                                                                               
+                                                                                                                               
      PK Parameter          n     Mean       SD      CV (%)   Geometric Mean   CV % Geometric Mean   Median    Minimum   Maximum
    ————————————————————————————————————————————————————————————————————————————————————————————————————————————————————————————
    ARM C                                                                                                                       

* Run `testthat::snapshot_accept('development/tables-pharmacokinetic-pkpt05')` to accept the change.
* Run `testthat::snapshot_review('development/tables-pharmacokinetic-pkpt05')` to interactively review the change.</failure>
    </testcase>
  </testsuite>
  <testsuite name="tables-pharmacokinetic-pkpt06" timestamp="2024-11-28T09:59:39Z" hostname="a8f84a27ef9f" tests="2" skipped="0" failures="0" errors="0" time="0.156">
    <testcase time="0.0929999999999964" classname="tables_pharmacokinetic_pkpt06" name="tables_pharmacokinetic_pkpt06.qmd_result_v1_development"/>
    <testcase time="0.0630000000000024" classname="tables_pharmacokinetic_pkpt06" name="tables_pharmacokinetic_pkpt06.qmd_result_v2_development"/>
  </testsuite>
  <testsuite name="tables-pharmacokinetic-pkpt07" timestamp="2024-11-28T09:59:39Z" hostname="a8f84a27ef9f" tests="2" skipped="0" failures="2" errors="0" time="0.244">
    <testcase time="0.136000000000003" classname="tables_pharmacokinetic_pkpt07" name="tables_pharmacokinetic_pkpt07.qmd_result_v1_development">
      <failure type="failure" message="Snapshot of code has changed (variant 'development'): ('test-tables-pharmacokinetic-pkpt07.R:1:1')">Snapshot of code has changed (variant 'development'):
old[6:12] vs new[6:12]
    Visit: CYCLE 1 DAY 1
    
    —————————————————————————————————————————————————————————————————————————————————————————————————————————————————————————————
-   Treatment Arm                                                                                                                
+                                                                                                                                
      PK Parameter          n     Mean        SD      CV (%)   Geometric Mean   CV % Geometric Mean   Median    Minimum   Maximum
    —————————————————————————————————————————————————————————————————————————————————————————————————————————————————————————————
    ARM A                                                                                                                        

* Run `testthat::snapshot_accept('development/tables-pharmacokinetic-pkpt07')` to accept the change.
* Run `testthat::snapshot_review('development/tables-pharmacokinetic-pkpt07')` to interactively review the change.</failure>
    </testcase>
    <testcase time="0.107999999999997" classname="tables_pharmacokinetic_pkpt07" name="tables_pharmacokinetic_pkpt07.qmd_result_v2_development">
      <failure type="failure" message="Snapshot of code has changed (variant 'development'): ('test-tables-pharmacokinetic-pkpt07.R:1:1')">Snapshot of code has changed (variant 'development'):
old[6:12] vs new[6:12]
    Visit: CYCLE 1 DAY 1
    
    ————————————————————————————————————————————————————————————————————————————————————————————————————————————————————————————
-   Treatment Arm                                                                                                               
+                                                                                                                               
      PK Parameter          n     Mean       SD      CV (%)   Geometric Mean   CV % Geometric Mean   Median    Minimum   Maximum
    ————————————————————————————————————————————————————————————————————————————————————————————————————————————————————————————
    ARM C                                                                                                                       

* Run `testthat::snapshot_accept('development/tables-pharmacokinetic-pkpt07')` to accept the change.
* Run `testthat::snapshot_review('development/tables-pharmacokinetic-pkpt07')` to interactively review the change.</failure>
    </testcase>
  </testsuite>
  <testsuite name="tables-pharmacokinetic-pkpt08" timestamp="2024-11-28T09:59:39Z" hostname="a8f84a27ef9f" tests="1" skipped="0" failures="0" errors="0" time="0.15">
    <testcase time="0.149999999999999" classname="tables_pharmacokinetic_pkpt08" name="tables_pharmacokinetic_pkpt08.qmd_result_v1_development"/>
  </testsuite>
  <testsuite name="tables-pharmacokinetic-pkpt11" timestamp="2024-11-28T09:59:39Z" hostname="a8f84a27ef9f" tests="1" skipped="0" failures="1" errors="0" time="0.092">
    <testcase time="0.0919999999999987" classname="tables_pharmacokinetic_pkpt11" name="tables_pharmacokinetic_pkpt11.qmd_result_v1_development">
      <failure type="failure" message="Snapshot of code has changed (variant 'development'): ('test-tables-pharmacokinetic-pkpt11.R:1:1')">Snapshot of code has changed (variant 'development'):
old[6:12] vs new[6:12]
    Analyte: Plasma Drug X
    
    ———————————————————————————————————————————————————————————————————————————————————————————————————————————————————————
-   PK Parameter                                                                                                           
+                                                                                                                          
                            Comparison                  n    Geometric Mean Ratio   90% CI Lower Bound   90% CI Upper Bound
    ———————————————————————————————————————————————————————————————————————————————————————————————————————————————————————
    AUCinf obs (day*ug/mL)                                                                                                 

* Run `testthat::snapshot_accept('development/tables-pharmacokinetic-pkpt11')` to accept the change.
* Run `testthat::snapshot_review('development/tables-pharmacokinetic-pkpt11')` to interactively review the change.</failure>
    </testcase>
  </testsuite>
  <testsuite name="tables-risk-management-plan-rmpt01" timestamp="2024-11-28T09:59:39Z" hostname="a8f84a27ef9f" tests="1" skipped="0" failures="0" errors="0" time="0.085">
    <testcase time="0.0850000000000009" classname="tables_risk_management_plan_rmpt01" name="tables_risk_management_plan_rmpt01.qmd_result_v1_development"/>
  </testsuite>
  <testsuite name="tables-risk-management-plan-rmpt03" timestamp="2024-11-28T09:59:39Z" hostname="a8f84a27ef9f" tests="2" skipped="0" failures="0" errors="0" time="0.214">
    <testcase time="0.122" classname="tables_risk_management_plan_rmpt03" name="tables_risk_management_plan_rmpt03.qmd_result_v1_development"/>
    <testcase time="0.0919999999999987" classname="tables_risk_management_plan_rmpt03" name="tables_risk_management_plan_rmpt03.qmd_result_v2_development"/>
  </testsuite>
  <testsuite name="tables-risk-management-plan-rmpt04" timestamp="2024-11-28T09:59:40Z" hostname="a8f84a27ef9f" tests="1" skipped="0" failures="0" errors="0" time="0.068">
    <testcase time="0.0680000000000049" classname="tables_risk_management_plan_rmpt04" name="tables_risk_management_plan_rmpt04.qmd_result_v1_development"/>
  </testsuite>
  <testsuite name="tables-risk-management-plan-rmpt05" timestamp="2024-11-28T09:59:40Z" hostname="a8f84a27ef9f" tests="1" skipped="0" failures="0" errors="0" time="0.081">
    <testcase time="0.080999999999996" classname="tables_risk_management_plan_rmpt05" name="tables_risk_management_plan_rmpt05.qmd_result_v1_development"/>
  </testsuite>
  <testsuite name="tables-risk-management-plan-rmpt06" timestamp="2024-11-28T09:59:40Z" hostname="a8f84a27ef9f" tests="4" skipped="0" failures="0" errors="0" time="0.502">
    <testcase time="0.178000000000004" classname="tables_risk_management_plan_rmpt06" name="tables_risk_management_plan_rmpt06.qmd_result_v1_development"/>
    <testcase time="0.0869999999999962" classname="tables_risk_management_plan_rmpt06" name="tables_risk_management_plan_rmpt06.qmd_result_v2_development"/>
    <testcase time="0.118000000000002" classname="tables_risk_management_plan_rmpt06" name="tables_risk_management_plan_rmpt06.qmd_result_v3_development"/>
    <testcase time="0.119" classname="tables_risk_management_plan_rmpt06" name="tables_risk_management_plan_rmpt06.qmd_result_v4_development"/>
  </testsuite>
  <testsuite name="tables-safety-enrollment01" timestamp="2024-11-28T09:59:40Z" hostname="a8f84a27ef9f" tests="4" skipped="0" failures="2" errors="0" time="2.228">
    <testcase time="0.725999999999999" classname="tables_safety_enrollment01" name="tables_safety_enrollment01.qmd_result_v1_development">
      <failure type="failure" message="Snapshot of code has changed (variant 'development'): ('test-tables-safety-enrollment01.R:1:1')">Snapshot of code has changed (variant 'development'):
old[1:7] vs new[1:7]
  Code
    print(data_snap[[i]])
  Output
-   Geographic Region 1                                                                  
+                                                                                        
      Country                     A: Drug X    B: Placebo   C: Combination   All Patients
        Investigator Identifier    (N=134)      (N=134)        (N=132)         (N=400)   
    —————————————————————————————————————————————————————————————————————————————————————

* Run `testthat::snapshot_accept('development/tables-safety-enrollment01')` to accept the change.
* Run `testthat::snapshot_review('development/tables-safety-enrollment01')` to interactively review the change.</failure>
    </testcase>
    <testcase time="0.490000000000002" classname="tables_safety_enrollment01" name="tables_safety_enrollment01.qmd_result_v2_development"/>
    <testcase time="0.522999999999996" classname="tables_safety_enrollment01" name="tables_safety_enrollment01.qmd_result_v3_development">
      <failure type="failure" message="Snapshot of code has changed (variant 'development'): ('test-tables-safety-enrollment01.R:1:1')">Snapshot of code has changed (variant 'development'):
old[1:7] vs new[1:7]
  Code
    print(data_snap[[i]])
  Output
-   Geographic Region 1                                                                         
+                                                                                               
      Country                            A: Drug X    B: Placebo   C: Combination   All Patients
        Investigator Number/Name          (N=134)      (N=134)        (N=132)         (N=400)   
    ————————————————————————————————————————————————————————————————————————————————————————————

* Run `testthat::snapshot_accept('development/tables-safety-enrollment01')` to accept the change.
* Run `testthat::snapshot_review('development/tables-safety-enrollment01')` to interactively review the change.</failure>
    </testcase>
    <testcase time="0.488999999999997" classname="tables_safety_enrollment01" name="tables_safety_enrollment01.qmd_result_v4_development"/>
  </testsuite>
  <testsuite name="tables-vital-signs-vst01" timestamp="2024-11-28T09:59:43Z" hostname="a8f84a27ef9f" tests="1" skipped="0" failures="0" errors="0" time="0.333">
    <testcase time="0.332999999999998" classname="tables_vital_signs_vst01" name="tables_vital_signs_vst01.qmd_result_v1_development"/>
  </testsuite>
  <testsuite name="tables-vital-signs-vst02" timestamp="2024-11-28T09:59:43Z" hostname="a8f84a27ef9f" tests="2" skipped="0" failures="0" errors="0" time="0.278">
    <testcase time="0.14500000000001" classname="tables_vital_signs_vst02" name="tables_vital_signs_vst02.qmd_result_v1_development"/>
    <testcase time="0.132999999999996" classname="tables_vital_signs_vst02" name="tables_vital_signs_vst02.qmd_result_v2_development"/>
  </testsuite>
</testsuites>
