<?xml version="1.0" encoding="UTF-8"?>
<testsuites>
  <testsuite name="graphs-efficacy-fstg01" timestamp="2024-07-10T15:51:45Z" hostname="de2d92b75923" tests="7" skipped="7" failures="0" errors="0" time="2.361">
    <testcase time="2.202" classname="graphs_efficacy_fstg01" name="graphs_efficacy_fstg01.qmd_width_development">
      <skipped message="Reason: Snapshot test is not implemented for object of class: numeric. ('test-graphs-efficacy-fstg01.R:1:1')"/>
    </testcase>
    <testcase time="0.0590000000000828" classname="graphs_efficacy_fstg01" name="graphs_efficacy_fstg01.qmd_height_development">
      <skipped message="Reason: Snapshot test is not implemented for object of class: numeric. ('test-graphs-efficacy-fstg01.R:1:1')"/>
    </testcase>
    <testcase time="0.0419999999999163" classname="graphs_efficacy_fstg01" name="graphs_efficacy_fstg01.qmd_plot_v1_development">
      <skipped message="Reason: On CI ('test-graphs-efficacy-fstg01.R:1:1')"/>
    </testcase>
    <testcase time="0.0150000000001" classname="graphs_efficacy_fstg01" name="graphs_efficacy_fstg01.qmd_plot_v2_development">
      <skipped message="Reason: On CI ('test-graphs-efficacy-fstg01.R:1:1')"/>
    </testcase>
    <testcase time="0.0139999999998963" classname="graphs_efficacy_fstg01" name="graphs_efficacy_fstg01.qmd_plot_v3_development">
      <skipped message="Reason: On CI ('test-graphs-efficacy-fstg01.R:1:1')"/>
    </testcase>
    <testcase time="0.0150000000001" classname="graphs_efficacy_fstg01" name="graphs_efficacy_fstg01.qmd_plot_v4_development">
      <skipped message="Reason: On CI ('test-graphs-efficacy-fstg01.R:1:1')"/>
    </testcase>
    <testcase time="0.0139999999998963" classname="graphs_efficacy_fstg01" name="graphs_efficacy_fstg01.qmd_plot_v5_development">
      <skipped message="Reason: On CI ('test-graphs-efficacy-fstg01.R:1:1')"/>
    </testcase>
  </testsuite>
  <testsuite name="graphs-efficacy-fstg02" timestamp="2024-07-10T15:51:45Z" hostname="de2d92b75923" tests="7" skipped="7" failures="0" errors="0" time="0.53">
    <testcase time="0.443000000000097" classname="graphs_efficacy_fstg02" name="graphs_efficacy_fstg02.qmd_width_development">
      <skipped message="Reason: Snapshot test is not implemented for object of class: numeric. ('test-graphs-efficacy-fstg02.R:1:1')"/>
    </testcase>
    <testcase time="0.0149999999999864" classname="graphs_efficacy_fstg02" name="graphs_efficacy_fstg02.qmd_height_development">
      <skipped message="Reason: Snapshot test is not implemented for object of class: numeric. ('test-graphs-efficacy-fstg02.R:1:1')"/>
    </testcase>
    <testcase time="0.01400000000001" classname="graphs_efficacy_fstg02" name="graphs_efficacy_fstg02.qmd_plot_v1_development">
      <skipped message="Reason: On CI ('test-graphs-efficacy-fstg02.R:1:1')"/>
    </testcase>
    <testcase time="0.0149999999999864" classname="graphs_efficacy_fstg02" name="graphs_efficacy_fstg02.qmd_plot_v2_development">
      <skipped message="Reason: On CI ('test-graphs-efficacy-fstg02.R:1:1')"/>
    </testcase>
    <testcase time="0.01400000000001" classname="graphs_efficacy_fstg02" name="graphs_efficacy_fstg02.qmd_plot_v3_development">
      <skipped message="Reason: On CI ('test-graphs-efficacy-fstg02.R:1:1')"/>
    </testcase>
    <testcase time="0.0149999999999864" classname="graphs_efficacy_fstg02" name="graphs_efficacy_fstg02.qmd_plot_v4_development">
      <skipped message="Reason: On CI ('test-graphs-efficacy-fstg02.R:1:1')"/>
    </testcase>
    <testcase time="0.01400000000001" classname="graphs_efficacy_fstg02" name="graphs_efficacy_fstg02.qmd_plot_v3.width_development">
      <skipped message="Reason: Snapshot test is not implemented for object of class: numeric. ('test-graphs-efficacy-fstg02.R:1:1')"/>
    </testcase>
  </testsuite>
  <testsuite name="graphs-efficacy-kmg01" timestamp="2024-07-10T15:51:46Z" hostname="de2d92b75923" tests="8" skipped="8" failures="0" errors="0" time="0.928">
    <testcase time="0.84699999999998" classname="graphs_efficacy_kmg01" name="graphs_efficacy_kmg01.qmd_width_development">
      <skipped message="Reason: Snapshot test is not implemented for object of class: numeric. ('test-graphs-efficacy-kmg01.R:1:1')"/>
    </testcase>
    <testcase time="0.0119999999999436" classname="graphs_efficacy_kmg01" name="graphs_efficacy_kmg01.qmd_height_development">
      <skipped message="Reason: Snapshot test is not implemented for object of class: numeric. ('test-graphs-efficacy-kmg01.R:1:1')"/>
    </testcase>
    <testcase time="0.0110000000000809" classname="graphs_efficacy_kmg01" name="graphs_efficacy_kmg01.qmd_plot_v1_development">
      <skipped message="Reason: On CI ('test-graphs-efficacy-kmg01.R:1:1')"/>
    </testcase>
    <testcase time="0.0119999999999436" classname="graphs_efficacy_kmg01" name="graphs_efficacy_kmg01.qmd_plot_v2_development">
      <skipped message="Reason: On CI ('test-graphs-efficacy-kmg01.R:1:1')"/>
    </testcase>
    <testcase time="0.0120000000000573" classname="graphs_efficacy_kmg01" name="graphs_efficacy_kmg01.qmd_plot_v3_development">
      <skipped message="Reason: On CI ('test-graphs-efficacy-kmg01.R:1:1')"/>
    </testcase>
    <testcase time="0.0109999999999673" classname="graphs_efficacy_kmg01" name="graphs_efficacy_kmg01.qmd_plot_v4_development">
      <skipped message="Reason: On CI ('test-graphs-efficacy-kmg01.R:1:1')"/>
    </testcase>
    <testcase time="0.0119999999999436" classname="graphs_efficacy_kmg01" name="graphs_efficacy_kmg01.qmd_plot_v5_development">
      <skipped message="Reason: On CI ('test-graphs-efficacy-kmg01.R:1:1')"/>
    </testcase>
    <testcase time="0.0110000000000809" classname="graphs_efficacy_kmg01" name="graphs_efficacy_kmg01.qmd_plot_v6_development">
      <skipped message="Reason: On CI ('test-graphs-efficacy-kmg01.R:1:1')"/>
    </testcase>
  </testsuite>
  <testsuite name="graphs-efficacy-mmrmg01" timestamp="2024-07-10T15:51:47Z" hostname="de2d92b75923" tests="6" skipped="6" failures="0" errors="0" time="0.744">
    <testcase time="0.687999999999988" classname="graphs_efficacy_mmrmg01" name="graphs_efficacy_mmrmg01.qmd_plot_v1_development">
      <skipped message="Reason: On CI ('test-graphs-efficacy-mmrmg01.R:1:1')"/>
    </testcase>
    <testcase time="0.0119999999999436" classname="graphs_efficacy_mmrmg01" name="graphs_efficacy_mmrmg01.qmd_plot_v2_development">
      <skipped message="Reason: On CI ('test-graphs-efficacy-mmrmg01.R:1:1')"/>
    </testcase>
    <testcase time="0.0110000000000809" classname="graphs_efficacy_mmrmg01" name="graphs_efficacy_mmrmg01.qmd_plot_v3_development">
      <skipped message="Reason: On CI ('test-graphs-efficacy-mmrmg01.R:1:1')"/>
    </testcase>
    <testcase time="0.0109999999999673" classname="graphs_efficacy_mmrmg01" name="graphs_efficacy_mmrmg01.qmd_plot_v4_development">
      <skipped message="Reason: On CI ('test-graphs-efficacy-mmrmg01.R:1:1')"/>
    </testcase>
    <testcase time="0.0109999999999673" classname="graphs_efficacy_mmrmg01" name="graphs_efficacy_mmrmg01.qmd_plot_v5_development">
      <skipped message="Reason: On CI ('test-graphs-efficacy-mmrmg01.R:1:1')"/>
    </testcase>
    <testcase time="0.0110000000000809" classname="graphs_efficacy_mmrmg01" name="graphs_efficacy_mmrmg01.qmd_plot_v6_development">
      <skipped message="Reason: On CI ('test-graphs-efficacy-mmrmg01.R:1:1')"/>
    </testcase>
  </testsuite>
  <testsuite name="graphs-efficacy-mmrmg02" timestamp="2024-07-10T15:51:47Z" hostname="de2d92b75923" tests="3" skipped="3" failures="0" errors="0" time="0.146">
    <testcase time="0.121999999999957" classname="graphs_efficacy_mmrmg02" name="graphs_efficacy_mmrmg02.qmd_width_development">
      <skipped message="Reason: Snapshot test is not implemented for object of class: numeric. ('test-graphs-efficacy-mmrmg02.R:1:1')"/>
    </testcase>
    <testcase time="0.0119999999999436" classname="graphs_efficacy_mmrmg02" name="graphs_efficacy_mmrmg02.qmd_plot_v1_development">
      <skipped message="Reason: On CI ('test-graphs-efficacy-mmrmg02.R:1:1')"/>
    </testcase>
    <testcase time="0.0120000000000573" classname="graphs_efficacy_mmrmg02" name="graphs_efficacy_mmrmg02.qmd_plot_v2_development">
      <skipped message="Reason: On CI ('test-graphs-efficacy-mmrmg02.R:1:1')"/>
    </testcase>
  </testsuite>
  <testsuite name="graphs-other-brg01" timestamp="2024-07-10T15:51:47Z" hostname="de2d92b75923" tests="9" skipped="9" failures="0" errors="0" time="0.185">
    <testcase time="0.0929999999999609" classname="graphs_other_brg01" name="graphs_other_brg01.qmd_plot_v1_development">
      <skipped message="Reason: On CI ('test-graphs-other-brg01.R:1:1')"/>
    </testcase>
    <testcase time="0.0120000000000573" classname="graphs_other_brg01" name="graphs_other_brg01.qmd_plot_v2_development">
      <skipped message="Reason: On CI ('test-graphs-other-brg01.R:1:1')"/>
    </testcase>
    <testcase time="0.0109999999999673" classname="graphs_other_brg01" name="graphs_other_brg01.qmd_plot_v3_development">
      <skipped message="Reason: On CI ('test-graphs-other-brg01.R:1:1')"/>
    </testcase>
    <testcase time="0.0120000000000573" classname="graphs_other_brg01" name="graphs_other_brg01.qmd_plot_v4_development">
      <skipped message="Reason: On CI ('test-graphs-other-brg01.R:1:1')"/>
    </testcase>
    <testcase time="0.0109999999999673" classname="graphs_other_brg01" name="graphs_other_brg01.qmd_plot_v5_development">
      <skipped message="Reason: On CI ('test-graphs-other-brg01.R:1:1')"/>
    </testcase>
    <testcase time="0.0119999999999436" classname="graphs_other_brg01" name="graphs_other_brg01.qmd_plot_v6_development">
      <skipped message="Reason: On CI ('test-graphs-other-brg01.R:1:1')"/>
    </testcase>
    <testcase time="0.0110000000000809" classname="graphs_other_brg01" name="graphs_other_brg01.qmd_plot_v7_development">
      <skipped message="Reason: On CI ('test-graphs-other-brg01.R:1:1')"/>
    </testcase>
    <testcase time="0.0119999999999436" classname="graphs_other_brg01" name="graphs_other_brg01.qmd_plot_v8_development">
      <skipped message="Reason: On CI ('test-graphs-other-brg01.R:1:1')"/>
    </testcase>
    <testcase time="0.0109999999999673" classname="graphs_other_brg01" name="graphs_other_brg01.qmd_plot_v9_development">
      <skipped message="Reason: On CI ('test-graphs-other-brg01.R:1:1')"/>
    </testcase>
  </testsuite>
  <testsuite name="graphs-other-bwg01" timestamp="2024-07-10T15:51:48Z" hostname="de2d92b75923" tests="9" skipped="9" failures="0" errors="0" time="0.659">
    <testcase time="0.569000000000074" classname="graphs_other_bwg01" name="graphs_other_bwg01.qmd_plot_v1_development">
      <skipped message="Reason: On CI ('test-graphs-other-bwg01.R:1:1')"/>
    </testcase>
    <testcase time="0.0119999999999436" classname="graphs_other_bwg01" name="graphs_other_bwg01.qmd_plot_v2_development">
      <skipped message="Reason: On CI ('test-graphs-other-bwg01.R:1:1')"/>
    </testcase>
    <testcase time="0.0109999999999673" classname="graphs_other_bwg01" name="graphs_other_bwg01.qmd_plot_v3_development">
      <skipped message="Reason: On CI ('test-graphs-other-bwg01.R:1:1')"/>
    </testcase>
    <testcase time="0.0110000000000809" classname="graphs_other_bwg01" name="graphs_other_bwg01.qmd_plot_v4_development">
      <skipped message="Reason: On CI ('test-graphs-other-bwg01.R:1:1')"/>
    </testcase>
    <testcase time="0.0109999999999673" classname="graphs_other_bwg01" name="graphs_other_bwg01.qmd_plot_v5_development">
      <skipped message="Reason: On CI ('test-graphs-other-bwg01.R:1:1')"/>
    </testcase>
    <testcase time="0.0109999999999673" classname="graphs_other_bwg01" name="graphs_other_bwg01.qmd_plot_v6_development">
      <skipped message="Reason: On CI ('test-graphs-other-bwg01.R:1:1')"/>
    </testcase>
    <testcase time="0.0120000000000573" classname="graphs_other_bwg01" name="graphs_other_bwg01.qmd_plot_v7_development">
      <skipped message="Reason: On CI ('test-graphs-other-bwg01.R:1:1')"/>
    </testcase>
    <testcase time="0.0109999999999673" classname="graphs_other_bwg01" name="graphs_other_bwg01.qmd_plot_v8_development">
      <skipped message="Reason: On CI ('test-graphs-other-bwg01.R:1:1')"/>
    </testcase>
    <testcase time="0.0109999999999673" classname="graphs_other_bwg01" name="graphs_other_bwg01.qmd_plot_v9_development">
      <skipped message="Reason: On CI ('test-graphs-other-bwg01.R:1:1')"/>
    </testcase>
  </testsuite>
  <testsuite name="graphs-other-cig01" timestamp="2024-07-10T15:51:48Z" hostname="de2d92b75923" tests="5" skipped="4" failures="0" errors="0" time="0.216">
    <testcase time="0.177000000000021" classname="graphs_other_cig01" name="graphs_other_cig01.qmd_table_v6_development"/>
    <testcase time="0.0040000000000191" classname="graphs_other_cig01" name="graphs_other_cig01.qmd_plot_v1_and_v2_development">
      <skipped message="Reason: On CI ('test-graphs-other-cig01.R:1:1')"/>
    </testcase>
    <testcase time="0.0120000000000573" classname="graphs_other_cig01" name="graphs_other_cig01.qmd_plot_v3_development">
      <skipped message="Reason: On CI ('test-graphs-other-cig01.R:1:1')"/>
    </testcase>
    <testcase time="0.0109999999999673" classname="graphs_other_cig01" name="graphs_other_cig01.qmd_plot_v4_development">
      <skipped message="Reason: On CI ('test-graphs-other-cig01.R:1:1')"/>
    </testcase>
    <testcase time="0.0119999999999436" classname="graphs_other_cig01" name="graphs_other_cig01.qmd_plot_v5_development">
      <skipped message="Reason: On CI ('test-graphs-other-cig01.R:1:1')"/>
    </testcase>
  </testsuite>
  <testsuite name="graphs-other-ippg01" timestamp="2024-07-10T15:51:48Z" hostname="de2d92b75923" tests="2" skipped="2" failures="0" errors="0" time="0.056">
    <testcase time="0.0450000000000728" classname="graphs_other_ippg01" name="graphs_other_ippg01.qmd_plots_v1_development">
      <skipped message="Reason: Snapshot test is not implemented for object of class: list. ('test-graphs-other-ippg01.R:1:1')"/>
    </testcase>
    <testcase time="0.0109999999999673" classname="graphs_other_ippg01" name="graphs_other_ippg01.qmd_plots_v2_development">
      <skipped message="Reason: Snapshot test is not implemented for object of class: list. ('test-graphs-other-ippg01.R:1:1')"/>
    </testcase>
  </testsuite>
  <testsuite name="graphs-other-ltg01" timestamp="2024-07-10T15:51:48Z" hostname="de2d92b75923" tests="7" skipped="7" failures="0" errors="0" time="0.162">
    <testcase time="0.0940000000000509" classname="graphs_other_ltg01" name="graphs_other_ltg01.qmd_plot_v1_development">
      <skipped message="Reason: On CI ('test-graphs-other-ltg01.R:1:1')"/>
    </testcase>
    <testcase time="0.0119999999999436" classname="graphs_other_ltg01" name="graphs_other_ltg01.qmd_plot_v2_development">
      <skipped message="Reason: On CI ('test-graphs-other-ltg01.R:1:1')"/>
    </testcase>
    <testcase time="0.0109999999999673" classname="graphs_other_ltg01" name="graphs_other_ltg01.qmd_plot_v3_development">
      <skipped message="Reason: On CI ('test-graphs-other-ltg01.R:1:1')"/>
    </testcase>
    <testcase time="0.0120000000000573" classname="graphs_other_ltg01" name="graphs_other_ltg01.qmd_plot_v4_development">
      <skipped message="Reason: On CI ('test-graphs-other-ltg01.R:1:1')"/>
    </testcase>
    <testcase time="0.0109999999999673" classname="graphs_other_ltg01" name="graphs_other_ltg01.qmd_plot_v51_development">
      <skipped message="Reason: On CI ('test-graphs-other-ltg01.R:1:1')"/>
    </testcase>
    <testcase time="0.0109999999999673" classname="graphs_other_ltg01" name="graphs_other_ltg01.qmd_plot_v52_development">
      <skipped message="Reason: On CI ('test-graphs-other-ltg01.R:1:1')"/>
    </testcase>
    <testcase time="0.0110000000000809" classname="graphs_other_ltg01" name="graphs_other_ltg01.qmd_plot_v53_development">
      <skipped message="Reason: On CI ('test-graphs-other-ltg01.R:1:1')"/>
    </testcase>
  </testsuite>
  <testsuite name="graphs-other-mng01" timestamp="2024-07-10T15:51:48Z" hostname="de2d92b75923" tests="7" skipped="7" failures="0" errors="0" time="0.434">
    <testcase time="0.155999999999949" classname="graphs_other_mng01" name="graphs_other_mng01.qmd_plot_v1_development">
      <skipped message="Reason: On CI ('test-graphs-other-mng01.R:1:1')"/>
    </testcase>
    <testcase time="0.0109999999999673" classname="graphs_other_mng01" name="graphs_other_mng01.qmd_plot_v2_development">
      <skipped message="Reason: On CI ('test-graphs-other-mng01.R:1:1')"/>
    </testcase>
    <testcase time="0.0120000000000573" classname="graphs_other_mng01" name="graphs_other_mng01.qmd_plot_v3_development">
      <skipped message="Reason: On CI ('test-graphs-other-mng01.R:1:1')"/>
    </testcase>
    <testcase time="0.0109999999999673" classname="graphs_other_mng01" name="graphs_other_mng01.qmd_plot_v4_development">
      <skipped message="Reason: On CI ('test-graphs-other-mng01.R:1:1')"/>
    </testcase>
    <testcase time="0.221000000000004" classname="graphs_other_mng01" name="graphs_other_mng01.qmd_plot_v5_development">
      <skipped message="Reason: On CI ('test-graphs-other-mng01.R:1:1')"/>
    </testcase>
    <testcase time="0.0120000000000573" classname="graphs_other_mng01" name="graphs_other_mng01.qmd_plot_v6_development">
      <skipped message="Reason: On CI ('test-graphs-other-mng01.R:1:1')"/>
    </testcase>
    <testcase time="0.0109999999999673" classname="graphs_other_mng01" name="graphs_other_mng01.qmd_plot_v7_development">
      <skipped message="Reason: On CI ('test-graphs-other-mng01.R:1:1')"/>
    </testcase>
  </testsuite>
  <testsuite name="graphs-pharmacokinetic-pkcg01" timestamp="2024-07-10T15:51:49Z" hostname="de2d92b75923" tests="2" skipped="2" failures="0" errors="0" time="0.044">
    <testcase time="0.0330000000000155" classname="graphs_pharmacokinetic_pkcg01" name="graphs_pharmacokinetic_pkcg01.qmd_plot_v1_development">
      <skipped message="Reason: On CI ('test-graphs-pharmacokinetic-pkcg01.R:1:1')"/>
    </testcase>
    <testcase time="0.0109999999999673" classname="graphs_pharmacokinetic_pkcg01" name="graphs_pharmacokinetic_pkcg01.qmd_plot_v2_development">
      <skipped message="Reason: On CI ('test-graphs-pharmacokinetic-pkcg01.R:1:1')"/>
    </testcase>
  </testsuite>
  <testsuite name="graphs-pharmacokinetic-pkcg02" timestamp="2024-07-10T15:51:49Z" hostname="de2d92b75923" tests="2" skipped="2" failures="0" errors="0" time="0.046">
    <testcase time="0.0339999999999918" classname="graphs_pharmacokinetic_pkcg02" name="graphs_pharmacokinetic_pkcg02.qmd_plot_v1_development">
      <skipped message="Reason: On CI ('test-graphs-pharmacokinetic-pkcg02.R:1:1')"/>
    </testcase>
    <testcase time="0.0120000000000573" classname="graphs_pharmacokinetic_pkcg02" name="graphs_pharmacokinetic_pkcg02.qmd_plot_v2_development">
      <skipped message="Reason: On CI ('test-graphs-pharmacokinetic-pkcg02.R:1:1')"/>
    </testcase>
  </testsuite>
  <testsuite name="graphs-pharmacokinetic-pkcg03" timestamp="2024-07-10T15:51:49Z" hostname="de2d92b75923" tests="2" skipped="2" failures="0" errors="0" time="0.066">
    <testcase time="0.0539999999999736" classname="graphs_pharmacokinetic_pkcg03" name="graphs_pharmacokinetic_pkcg03.qmd_plot_v1_development">
      <skipped message="Reason: On CI ('test-graphs-pharmacokinetic-pkcg03.R:1:1')"/>
    </testcase>
    <testcase time="0.0119999999999436" classname="graphs_pharmacokinetic_pkcg03" name="graphs_pharmacokinetic_pkcg03.qmd_plot_v2_development">
      <skipped message="Reason: On CI ('test-graphs-pharmacokinetic-pkcg03.R:1:1')"/>
    </testcase>
  </testsuite>
  <testsuite name="graphs-pharmacokinetic-pkpg01" timestamp="2024-07-10T15:51:49Z" hostname="de2d92b75923" tests="2" skipped="2" failures="0" errors="0" time="0.065">
    <testcase time="0.0529999999999973" classname="graphs_pharmacokinetic_pkpg01" name="graphs_pharmacokinetic_pkpg01.qmd_plot_v1_development">
      <skipped message="Reason: On CI ('test-graphs-pharmacokinetic-pkpg01.R:1:1')"/>
    </testcase>
    <testcase time="0.0120000000000573" classname="graphs_pharmacokinetic_pkpg01" name="graphs_pharmacokinetic_pkpg01.qmd_plot_v2_development">
      <skipped message="Reason: On CI ('test-graphs-pharmacokinetic-pkpg01.R:1:1')"/>
    </testcase>
  </testsuite>
  <testsuite name="graphs-pharmacokinetic-pkpg02" timestamp="2024-07-10T15:51:49Z" hostname="de2d92b75923" tests="2" skipped="2" failures="0" errors="0" time="0.072">
    <testcase time="0.0610000000000355" classname="graphs_pharmacokinetic_pkpg02" name="graphs_pharmacokinetic_pkpg02.qmd_plot_v1_development">
      <skipped message="Reason: On CI ('test-graphs-pharmacokinetic-pkpg02.R:1:1')"/>
    </testcase>
    <testcase time="0.0109999999999673" classname="graphs_pharmacokinetic_pkpg02" name="graphs_pharmacokinetic_pkpg02.qmd_plot_v2_development">
      <skipped message="Reason: On CI ('test-graphs-pharmacokinetic-pkpg02.R:1:1')"/>
    </testcase>
  </testsuite>
  <testsuite name="graphs-pharmacokinetic-pkpg03" timestamp="2024-07-10T15:51:49Z" hostname="de2d92b75923" tests="1" skipped="1" failures="0" errors="0" time="0.044">
    <testcase time="0.0439999999999827" classname="graphs_pharmacokinetic_pkpg03" name="graphs_pharmacokinetic_pkpg03.qmd_plot_v1_development">
      <skipped message="Reason: On CI ('test-graphs-pharmacokinetic-pkpg03.R:1:1')"/>
    </testcase>
  </testsuite>
  <testsuite name="graphs-pharmacokinetic-pkpg04" timestamp="2024-07-10T15:51:49Z" hostname="de2d92b75923" tests="1" skipped="1" failures="0" errors="0" time="0.05">
    <testcase time="0.0499999999999545" classname="graphs_pharmacokinetic_pkpg04" name="graphs_pharmacokinetic_pkpg04.qmd_plot_v1_development">
      <skipped message="Reason: On CI ('test-graphs-pharmacokinetic-pkpg04.R:1:1')"/>
    </testcase>
  </testsuite>
  <testsuite name="graphs-pharmacokinetic-pkpg06" timestamp="2024-07-10T15:51:49Z" hostname="de2d92b75923" tests="4" skipped="4" failures="0" errors="0" time="0.07">
    <testcase time="0.0350000000000819" classname="graphs_pharmacokinetic_pkpg06" name="graphs_pharmacokinetic_pkpg06.qmd_plot_v1_development">
      <skipped message="Reason: On CI ('test-graphs-pharmacokinetic-pkpg06.R:1:1')"/>
    </testcase>
    <testcase time="0.0119999999999436" classname="graphs_pharmacokinetic_pkpg06" name="graphs_pharmacokinetic_pkpg06.qmd_plot_v2_development">
      <skipped message="Reason: On CI ('test-graphs-pharmacokinetic-pkpg06.R:1:1')"/>
    </testcase>
    <testcase time="0.0120000000000573" classname="graphs_pharmacokinetic_pkpg06" name="graphs_pharmacokinetic_pkpg06.qmd_plot_v3_development">
      <skipped message="Reason: On CI ('test-graphs-pharmacokinetic-pkpg06.R:1:1')"/>
    </testcase>
    <testcase time="0.0109999999999673" classname="graphs_pharmacokinetic_pkpg06" name="graphs_pharmacokinetic_pkpg06.qmd_plot_v4_development">
      <skipped message="Reason: On CI ('test-graphs-pharmacokinetic-pkpg06.R:1:1')"/>
    </testcase>
  </testsuite>
  <testsuite name="listings-ADA-adal02" timestamp="2024-07-10T15:51:49Z" hostname="de2d92b75923" tests="1" skipped="0" failures="0" errors="0" time="0.062">
    <testcase time="0.0620000000000118" classname="listings_ADA_adal02" name="listings_ADA_adal02.qmd_lsting_development"/>
  </testsuite>
  <testsuite name="listings-ECG-egl01" timestamp="2024-07-10T15:51:49Z" hostname="de2d92b75923" tests="1" skipped="0" failures="0" errors="0" time="0.054">
    <testcase time="0.0539999999999736" classname="listings_ECG_egl01" name="listings_ECG_egl01.qmd_lsting_development"/>
  </testsuite>
  <testsuite name="listings-adverse-events-ael01" timestamp="2024-07-10T15:51:49Z" hostname="de2d92b75923" tests="1" skipped="0" failures="0" errors="0" time="0.036">
    <testcase time="0.0360000000000582" classname="listings_adverse_events_ael01" name="listings_adverse_events_ael01.qmd_lsting_development"/>
  </testsuite>
  <testsuite name="listings-adverse-events-ael01_nollt" timestamp="2024-07-10T15:51:49Z" hostname="de2d92b75923" tests="1" skipped="0" failures="0" errors="0" time="0.034">
    <testcase time="0.0339999999999918" classname="listings_adverse_events_ael01_nollt" name="listings_adverse_events_ael01_nollt.qmd_lsting_development"/>
  </testsuite>
  <testsuite name="listings-adverse-events-ael02" timestamp="2024-07-10T15:51:49Z" hostname="de2d92b75923" tests="1" skipped="0" failures="0" errors="0" time="0.056">
    <testcase time="0.0559999999999263" classname="listings_adverse_events_ael02" name="listings_adverse_events_ael02.qmd_lsting_development"/>
  </testsuite>
  <testsuite name="listings-adverse-events-ael02_ed" timestamp="2024-07-10T15:51:49Z" hostname="de2d92b75923" tests="1" skipped="0" failures="0" errors="0" time="0.068">
    <testcase time="0.0680000000000973" classname="listings_adverse_events_ael02_ed" name="listings_adverse_events_ael02_ed.qmd_lsting_development"/>
  </testsuite>
  <testsuite name="listings-adverse-events-ael03" timestamp="2024-07-10T15:51:50Z" hostname="de2d92b75923" tests="1" skipped="0" failures="0" errors="0" time="0.053">
    <testcase time="0.0529999999999973" classname="listings_adverse_events_ael03" name="listings_adverse_events_ael03.qmd_lsting_development"/>
  </testsuite>
  <testsuite name="listings-adverse-events-ael04" timestamp="2024-07-10T15:51:50Z" hostname="de2d92b75923" tests="1" skipped="0" failures="0" errors="0" time="0.043">
    <testcase time="0.0429999999998927" classname="listings_adverse_events_ael04" name="listings_adverse_events_ael04.qmd_lsting_development"/>
  </testsuite>
  <testsuite name="listings-concomitant-medications-cml01" timestamp="2024-07-10T15:51:50Z" hostname="de2d92b75923" tests="1" skipped="0" failures="0" errors="0" time="0.058">
    <testcase time="0.0580000000001064" classname="listings_concomitant_medications_cml01" name="listings_concomitant_medications_cml01.qmd_lsting_development"/>
  </testsuite>
  <testsuite name="listings-concomitant-medications-cml02a_gl" timestamp="2024-07-10T15:51:50Z" hostname="de2d92b75923" tests="1" skipped="0" failures="0" errors="0" time="0.035">
    <testcase time="0.0349999999999682" classname="listings_concomitant_medications_cml02a_gl" name="listings_concomitant_medications_cml02a_gl.qmd_lsting_development"/>
  </testsuite>
  <testsuite name="listings-concomitant-medications-cml02b_gl" timestamp="2024-07-10T15:51:50Z" hostname="de2d92b75923" tests="1" skipped="0" failures="0" errors="0" time="0.038">
    <testcase time="0.0380000000000109" classname="listings_concomitant_medications_cml02b_gl" name="listings_concomitant_medications_cml02b_gl.qmd_lsting_development"/>
  </testsuite>
  <testsuite name="listings-development-safety-update-report-dsur4" timestamp="2024-07-10T15:51:50Z" hostname="de2d92b75923" tests="1" skipped="0" failures="0" errors="0" time="0.034">
    <testcase time="0.0339999999999918" classname="listings_development_safety_update_report_dsur4" name="listings_development_safety_update_report_dsur4.qmd_lsting_development"/>
  </testsuite>
  <testsuite name="listings-disposition-dsl01" timestamp="2024-07-10T15:51:50Z" hostname="de2d92b75923" tests="1" skipped="0" failures="0" errors="0" time="0.04">
    <testcase time="0.0399999999999636" classname="listings_disposition_dsl01" name="listings_disposition_dsl01.qmd_lsting_development"/>
  </testsuite>
  <testsuite name="listings-disposition-dsl02" timestamp="2024-07-10T15:51:50Z" hostname="de2d92b75923" tests="1" skipped="0" failures="0" errors="0" time="0.043">
    <testcase time="0.0430000000000064" classname="listings_disposition_dsl02" name="listings_disposition_dsl02.qmd_lsting_development"/>
  </testsuite>
  <testsuite name="listings-efficacy-oncl01" timestamp="2024-07-10T15:51:50Z" hostname="de2d92b75923" tests="1" skipped="0" failures="0" errors="0" time="0.047">
    <testcase time="0.0470000000000255" classname="listings_efficacy_oncl01" name="listings_efficacy_oncl01.qmd_lsting_development"/>
  </testsuite>
  <testsuite name="listings-exposure-exl01" timestamp="2024-07-10T15:51:50Z" hostname="de2d92b75923" tests="1" skipped="0" failures="0" errors="0" time="0.048">
    <testcase time="0.0480000000000018" classname="listings_exposure_exl01" name="listings_exposure_exl01.qmd_lsting_development"/>
  </testsuite>
  <testsuite name="listings-lab-results-lbl01" timestamp="2024-07-10T15:51:50Z" hostname="de2d92b75923" tests="1" skipped="0" failures="0" errors="0" time="0.045">
    <testcase time="0.0449999999999591" classname="listings_lab_results_lbl01" name="listings_lab_results_lbl01.qmd_lsting_development"/>
  </testsuite>
  <testsuite name="listings-lab-results-lbl01_rls" timestamp="2024-07-10T15:51:50Z" hostname="de2d92b75923" tests="1" skipped="0" failures="0" errors="0" time="0.045">
    <testcase time="0.0450000000000728" classname="listings_lab_results_lbl01_rls" name="listings_lab_results_lbl01_rls.qmd_lsting_development"/>
  </testsuite>
  <testsuite name="listings-lab-results-lbl02a" timestamp="2024-07-10T15:51:50Z" hostname="de2d92b75923" tests="1" skipped="0" failures="0" errors="0" time="0.053">
    <testcase time="0.0529999999999973" classname="listings_lab_results_lbl02a" name="listings_lab_results_lbl02a.qmd_lsting_development"/>
  </testsuite>
  <testsuite name="listings-lab-results-lbl02a_rls" timestamp="2024-07-10T15:51:50Z" hostname="de2d92b75923" tests="1" skipped="0" failures="0" errors="0" time="0.06">
    <testcase time="0.0599999999999454" classname="listings_lab_results_lbl02a_rls" name="listings_lab_results_lbl02a_rls.qmd_lsting_development"/>
  </testsuite>
  <testsuite name="listings-lab-results-lbl02b" timestamp="2024-07-10T15:51:50Z" hostname="de2d92b75923" tests="1" skipped="0" failures="0" errors="0" time="0.047">
    <testcase time="0.0470000000000255" classname="listings_lab_results_lbl02b" name="listings_lab_results_lbl02b.qmd_lsting_development"/>
  </testsuite>
  <testsuite name="listings-medical-history-mhl01" timestamp="2024-07-10T15:51:50Z" hostname="de2d92b75923" tests="1" skipped="0" failures="0" errors="0" time="0.051">
    <testcase time="0.0509999999999309" classname="listings_medical_history_mhl01" name="listings_medical_history_mhl01.qmd_lsting_development"/>
  </testsuite>
  <testsuite name="listings-pharmacokinetic-pkcl01" timestamp="2024-07-10T15:51:50Z" hostname="de2d92b75923" tests="1" skipped="0" failures="0" errors="0" time="0.043">
    <testcase time="0.0430000000000064" classname="listings_pharmacokinetic_pkcl01" name="listings_pharmacokinetic_pkcl01.qmd_lsting_development"/>
  </testsuite>
  <testsuite name="listings-pharmacokinetic-pkcl02" timestamp="2024-07-10T15:51:50Z" hostname="de2d92b75923" tests="1" skipped="0" failures="0" errors="0" time="0.062">
    <testcase time="0.0620000000000118" classname="listings_pharmacokinetic_pkcl02" name="listings_pharmacokinetic_pkcl02.qmd_lsting_development"/>
  </testsuite>
  <testsuite name="listings-pharmacokinetic-pkpl01" timestamp="2024-07-10T15:51:50Z" hostname="de2d92b75923" tests="1" skipped="0" failures="0" errors="0" time="0.043">
    <testcase time="0.0430000000000064" classname="listings_pharmacokinetic_pkpl01" name="listings_pharmacokinetic_pkpl01.qmd_lsting_development"/>
  </testsuite>
  <testsuite name="listings-pharmacokinetic-pkpl02" timestamp="2024-07-10T15:51:50Z" hostname="de2d92b75923" tests="1" skipped="0" failures="0" errors="0" time="0.046">
    <testcase time="0.0460000000000491" classname="listings_pharmacokinetic_pkpl02" name="listings_pharmacokinetic_pkpl02.qmd_lsting_development"/>
  </testsuite>
  <testsuite name="listings-pharmacokinetic-pkpl04" timestamp="2024-07-10T15:51:50Z" hostname="de2d92b75923" tests="1" skipped="0" failures="0" errors="0" time="0.048">
    <testcase time="0.0480000000000018" classname="listings_pharmacokinetic_pkpl04" name="listings_pharmacokinetic_pkpl04.qmd_lsting_development"/>
  </testsuite>
  <testsuite name="listings-vital-signs-vsl01" timestamp="2024-07-10T15:51:51Z" hostname="de2d92b75923" tests="1" skipped="0" failures="0" errors="0" time="0.066">
    <testcase time="0.0659999999999172" classname="listings_vital_signs_vsl01" name="listings_vital_signs_vsl01.qmd_lsting_development"/>
  </testsuite>
  <testsuite name="tables-ADA-adat01" timestamp="2024-07-10T15:51:51Z" hostname="de2d92b75923" tests="1" skipped="0" failures="1" errors="0" time="0.291">
    <testcase time="0.291000000000054" classname="tables_ADA_adat01" name="tables_ADA_adat01.qmd_result_v1_development">
      <failure type="failure" message="Snapshot of code has changed (variant 'development'): ('test-tables-ADA-adat01.R:1:1')">Snapshot of code has changed (variant 'development'):
old[3:24] vs new[3:24]
  Output
    Baseline Prevalence and Incidence of Treatment Emergent ADA
    
-   —————————————————————————————————————————————————————————————————————————————————————————————————————————————————
+   ———————————————————————————————————————————————————————————————————————————————————————————————————————————————————
-                                                  A: Drug X    C: Combination   &lt;Missing&gt;   B: Placebo   All Drug X 
+                                                    A: Drug X    C: Combination   &lt;Missing&gt;   B: Placebo   All Drug X 
-                                                   (N=134)        (N=132)         (N=0)      (N=134)       (N=266)  
+                                                     (N=134)        (N=132)         (N=0)      (N=134)       (N=266)  
-   —————————————————————————————————————————————————————————————————————————————————————————————————————————————————
+   ———————————————————————————————————————————————————————————————————————————————————————————————————————————————————
-   Baseline Prevalence of ADAs                                                                                      
+   Baseline Prevalence of ADAs                                                                                        
-     Baseline evaluable patients                     134            132             0           0            266    
+     Baseline evaluable patients                       134            132             0           0            266    
-   Patient with a positive sample at baseline     63 (47.0%)     64 (48.5%)         0           0        127 (47.7%)
+     Patient with a positive sample at baseline     63 (47.0%)     64 (48.5%)         0           0        127 (47.7%)
-   Patient with no positive samples at baseline       71             68             0           0            139    
+     Patient with no positive samples at baseline       71             68             0           0            139    
-   Incidence of Treatment Emergent ADAs                                                                             
+   Incidence of Treatment Emergent ADAs                                                                               
-     Post-baseline evaluable patients                134            132             0           0            266    
+     Post-baseline evaluable patients                  134            132             0           0            266    
-   Patient positive for Treatment Emergent ADA        0              0              0           0             0     
+     Patient positive for Treatment Emergent ADA        0              0              0           0             0     
-   Treatment-induced ADA                              0              0              0           0             0     
+       Treatment-induced ADA                            0              0              0           0             0     
-   Treatment-enhanced ADA                             0              0              0           0             0     
+       Treatment-enhanced ADA                           0              0              0           0             0     
-   Patient negative for Treatment Emergent ADA        0              0              0           0             0     
+     Patient negative for Treatment Emergent ADA        0              0              0           0             0     
-   Treatment unaffected                               0              0              0           0             0     
+       Treatment unaffected                             0              0              0           0             0     
-   —————————————————————————————————————————————————————————————————————————————————————————————————————————————————
+   ———————————————————————————————————————————————————————————————————————————————————————————————————————————————————
    
    ADA = Anti-Drug Antibodies (is also referred to as ATA, or Anti-Therapeutic Antibodies) Baseline evaluable patient = a patient with an ADA assay result from a baseline sample(s)
      Post-baseline evaluable patient = a patient with an ADA assay result from at least one post-baseline sample Number of patients positive for Treatment Emergent

* Run `testthat::snapshot_accept('development/tables-ADA-adat01')` to accept the change.
* Run `testthat::snapshot_review('development/tables-ADA-adat01')` to interactively review the change.</failure>
    </testcase>
  </testsuite>
  <testsuite name="tables-ADA-adat02" timestamp="2024-07-10T15:51:51Z" hostname="de2d92b75923" tests="1" skipped="0" failures="0" errors="0" time="0.095">
    <testcase time="0.0950000000000273" classname="tables_ADA_adat02" name="tables_ADA_adat02.qmd_result_v1_development"/>
  </testsuite>
  <testsuite name="tables-ADA-adat03" timestamp="2024-07-10T15:51:51Z" hostname="de2d92b75923" tests="1" skipped="0" failures="0" errors="0" time="0.328">
    <testcase time="0.327999999999975" classname="tables_ADA_adat03" name="tables_ADA_adat03.qmd_result_v1_development"/>
  </testsuite>
  <testsuite name="tables-ADA-adat04a" timestamp="2024-07-10T15:51:51Z" hostname="de2d92b75923" tests="1" skipped="0" failures="1" errors="0" time="0.168">
    <testcase time="0.168000000000006" classname="tables_ADA_adat04a" name="tables_ADA_adat04a.qmd_result_v1_development">
      <failure type="failure" message="Snapshot of code has changed (variant 'development'): ('test-tables-ADA-adat04a.R:1:1')">Snapshot of code has changed (variant 'development'):
old[4:27] vs new[4:27]
    Baseline Prevalence and Incidence of Treatment Emergent NAbs
    Protocol: A: Drug X Antibody
    
-   ————————————————————————————————————————————————————————————————————————————————————————————————————————————————————
+   —————————————————————————————————————————————————————————————————————————————————————————————————————————————————————
-                                                       A: Drug X   C: Combination   &lt;Missing&gt;   B: Placebo   All Drug X
+                                                        A: Drug X   C: Combination   &lt;Missing&gt;   B: Placebo   All Drug X
-                                                        (N=134)       (N=132)         (N=0)      (N=134)      (N=266)  
+                                                         (N=134)       (N=132)         (N=0)      (N=134)      (N=266)  
-   ————————————————————————————————————————————————————————————————————————————————————————————————————————————————————
+   —————————————————————————————————————————————————————————————————————————————————————————————————————————————————————
-   Baseline Prevalence of NAbs                                                                                         
+   Baseline Prevalence of NAbs                                                                                          
-     Baseline evaluable patients for ADA                  134           132             0           0           266    
+     Baseline evaluable patients for ADA                   134           132             0           0           266    
-     Patients with a positive ADA sample at baseline      63             64             0           0           127    
+     Patients with a positive ADA sample at baseline       63             64             0           0           127    
-   Patients with a positive NAb sample at baseline         0             0              0           0            0     
+     Patients with a positive NAb sample at baseline        0             0              0           0            0     
-   Patient with no positive NAb samples at baseline        0             0              0           0            0     
+     Patient with no positive NAb samples at baseline       0             0              0           0            0     
-   Incidence of Treatment Emergent NAbs                                                                                
+   Incidence of Treatment Emergent NAbs                                                                                 
-     Post-baseline evaluable patients for ADA             134           132             0           0           266    
+     Post-baseline evaluable patients for ADA              134           132             0           0           266    
-     Patients positive for ADA                            66             59             0           0           125    
+     Patients positive for ADA                             66             59             0           0           125    
-   Patients positive for Treatment Emergent NAb            0             0              0           0            0     
+     Patients positive for Treatment Emergent NAb           0             0              0           0            0     
-   Treatment-induced NAb                                   0             0              0           0            0     
+     Treatment-induced NAb                                  0             0              0           0            0     
-   Treatment-enhanced NAb                                  0             0              0           0            0     
+     Treatment-enhanced NAb                                 0             0              0           0            0     
-   Patients negative for NAb                               0             0              0           0            0     
+     Patients negative for NAb                              0             0              0           0            0     
-   Treatment unaffected                                    0             0              0           0            0     
+     Treatment unaffected                                   0             0              0           0            0     
-   ————————————————————————————————————————————————————————————————————————————————————————————————————————————————————
+   —————————————————————————————————————————————————————————————————————————————————————————————————————————————————————
    
    NAb = Neutralizing Antibodies ADA = Anti-Drug Antibodies (is also referred to as ATA, or Anti-Therapeutic Antibodies) Baseline evaluable patient for ADA = a patient with an ADA assay result from a baseline sample(s)
      Baseline evaluable patient for NAb = a patient with a NAb assay result from a baseline sample(s)

* Run `testthat::snapshot_accept('development/tables-ADA-adat04a')` to accept the change.
* Run `testthat::snapshot_review('development/tables-ADA-adat04a')` to interactively review the change.</failure>
    </testcase>
  </testsuite>
  <testsuite name="tables-ADA-adat04b" timestamp="2024-07-10T15:51:51Z" hostname="de2d92b75923" tests="1" skipped="0" failures="1" errors="0" time="0.148">
    <testcase time="0.148000000000025" classname="tables_ADA_adat04b" name="tables_ADA_adat04b.qmd_result_v1_development">
      <failure type="failure" message="Snapshot of code has changed (variant 'development'): ('test-tables-ADA-adat04b.R:1:1')">Snapshot of code has changed (variant 'development'):
old[4:24] vs new[4:24]
    Baseline Prevalence and Incidence of Neutralizing Antibodies (NAbs)
    Protocol: A: Drug X Antibody
    
-   ————————————————————————————————————————————————————————————————————————————————————————————————————————————————————
+   —————————————————————————————————————————————————————————————————————————————————————————————————————————————————————
-                                                       A: Drug X   C: Combination   &lt;Missing&gt;   B: Placebo   All Drug X
+                                                        A: Drug X   C: Combination   &lt;Missing&gt;   B: Placebo   All Drug X
-                                                        (N=134)       (N=132)         (N=0)      (N=134)      (N=266)  
+                                                         (N=134)       (N=132)         (N=0)      (N=134)      (N=266)  
-   ————————————————————————————————————————————————————————————————————————————————————————————————————————————————————
+   —————————————————————————————————————————————————————————————————————————————————————————————————————————————————————
-   Baseline Prevalence of NAbs                                                                                         
+   Baseline Prevalence of NAbs                                                                                          
-     Baseline evaluable patients for ADA                  134           132             0           0           266    
+     Baseline evaluable patients for ADA                   134           132             0           0           266    
-     Patients with a positive ADA sample at baseline      63             64             0           0           127    
+     Patients with a positive ADA sample at baseline       63             64             0           0           127    
-   Patients with a positive NAb sample at baseline         0             0              0           0            0     
+     Patients with a positive NAb sample at baseline        0             0              0           0            0     
-   Patients with no positive NAb sample at baseline        0             0              0           0            0     
+     Patients with no positive NAb sample at baseline       0             0              0           0            0     
-   Incidence of NAbs                                                                                                   
+   Incidence of NAbs                                                                                                    
-     Post-baseline evaluable patients for ADA             134           132             0           0           266    
+     Post-baseline evaluable patients for ADA              134           132             0           0           266    
-     Patients positive for ADA                            66             59             0           0           125    
+     Patients positive for ADA                             66             59             0           0           125    
-   Patients positive for NAb                               0             0              0           0            0     
+     Patients positive for NAb                              0             0              0           0            0     
-   Patients negative for NAb                              134           132             0           0           266    
+     Patients negative for NAb                             134           132             0           0           266    
-   ————————————————————————————————————————————————————————————————————————————————————————————————————————————————————
+   —————————————————————————————————————————————————————————————————————————————————————————————————————————————————————
    
    NAb = Neutralizing Antibodies ADA = Anti-Drug Antibodies (is also referred to as ATA, or Anti-Therapeutic Antibodies) Baseline evaluable patient for ADA = a patient with an ADA assay result from a baseline sample(s) Baseline evaluable patient for NAb = a patient with a NAb assay result from a baseline sample(s) Post-baseline evaluable patient for ADA = a patient with an ADA assay result from at least one post-baseline sample Post-baseline evaluable patient for NAb = a patient with a NAb assay result from at least one post-baseline sample Number of patients positive for ADA = the number of post-baseline evaluable patients for ADA determined to have Treatment Emergent ADA during the study period.
    Number of patients positive for NAb = the number (and percentage) of post-baseline evaluable patients for ADA determined to have at least one positive post-baseline NAb result during the study period. Number of patients negative for NAb = number of post-baseline evaluable patients with all negative post-baseline NAb results.

* Run `testthat::snapshot_accept('development/tables-ADA-adat04b')` to accept the change.
* Run `testthat::snapshot_review('development/tables-ADA-adat04b')` to interactively review the change.</failure>
    </testcase>
  </testsuite>
  <testsuite name="tables-ECG-egt01" timestamp="2024-07-10T15:51:52Z" hostname="de2d92b75923" tests="1" skipped="0" failures="0" errors="0" time="0.54">
    <testcase time="0.539999999999964" classname="tables_ECG_egt01" name="tables_ECG_egt01.qmd_result_v1_development"/>
  </testsuite>
  <testsuite name="tables-ECG-egt02" timestamp="2024-07-10T15:51:52Z" hostname="de2d92b75923" tests="2" skipped="0" failures="0" errors="0" time="0.176">
    <testcase time="0.0890000000000555" classname="tables_ECG_egt02" name="tables_ECG_egt02.qmd_result_v1_development"/>
    <testcase time="0.0869999999999891" classname="tables_ECG_egt02" name="tables_ECG_egt02.qmd_result_v2_development"/>
  </testsuite>
  <testsuite name="tables-ECG-egt03" timestamp="2024-07-10T15:51:53Z" hostname="de2d92b75923" tests="2" skipped="0" failures="0" errors="0" time="1.44">
    <testcase time="1.32599999999991" classname="tables_ECG_egt03" name="tables_ECG_egt03.qmd_result_v1_development"/>
    <testcase time="0.114000000000033" classname="tables_ECG_egt03" name="tables_ECG_egt03.qmd_result_v2_development"/>
  </testsuite>
  <testsuite name="tables-ECG-egt04" timestamp="2024-07-10T15:51:54Z" hostname="de2d92b75923" tests="1" skipped="0" failures="0" errors="0" time="0.37">
    <testcase time="0.370000000000005" classname="tables_ECG_egt04" name="tables_ECG_egt04.qmd_result_v1_development"/>
  </testsuite>
  <testsuite name="tables-ECG-egt05_qtcat" timestamp="2024-07-10T15:51:54Z" hostname="de2d92b75923" tests="1" skipped="0" failures="0" errors="0" time="0.285">
    <testcase time="0.284999999999968" classname="tables_ECG_egt05_qtcat" name="tables_ECG_egt05_qtcat.qmd_result_v1_development"/>
  </testsuite>
  <testsuite name="tables-adverse-events-aet01" timestamp="2024-07-10T15:51:54Z" hostname="de2d92b75923" tests="4" skipped="0" failures="0" errors="0" time="0.47">
    <testcase time="0.133000000000038" classname="tables_adverse_events_aet01" name="tables_adverse_events_aet01.qmd_result_v1_development"/>
    <testcase time="0.125" classname="tables_adverse_events_aet01" name="tables_adverse_events_aet01.qmd_result_v2_development"/>
    <testcase time="0.0910000000000082" classname="tables_adverse_events_aet01" name="tables_adverse_events_aet01.qmd_result_v3_development"/>
    <testcase time="0.120999999999981" classname="tables_adverse_events_aet01" name="tables_adverse_events_aet01.qmd_result_v4_development"/>
  </testsuite>
  <testsuite name="tables-adverse-events-aet01_aesi" timestamp="2024-07-10T15:51:55Z" hostname="de2d92b75923" tests="4" skipped="0" failures="0" errors="0" time="0.639">
    <testcase time="0.131000000000085" classname="tables_adverse_events_aet01_aesi" name="tables_adverse_events_aet01_aesi.qmd_result_v1_development"/>
    <testcase time="0.150999999999954" classname="tables_adverse_events_aet01_aesi" name="tables_adverse_events_aet01_aesi.qmd_result_v2_development"/>
    <testcase time="0.201999999999998" classname="tables_adverse_events_aet01_aesi" name="tables_adverse_events_aet01_aesi.qmd_result_v3_development"/>
    <testcase time="0.154999999999973" classname="tables_adverse_events_aet01_aesi" name="tables_adverse_events_aet01_aesi.qmd_result_v4_development"/>
  </testsuite>
  <testsuite name="tables-adverse-events-aet02" timestamp="2024-07-10T15:51:56Z" hostname="de2d92b75923" tests="13" skipped="0" failures="0" errors="0" time="1.897">
    <testcase time="0.317000000000007" classname="tables_adverse_events_aet02" name="tables_adverse_events_aet02.qmd_result_v1_development"/>
    <testcase time="0.173000000000002" classname="tables_adverse_events_aet02" name="tables_adverse_events_aet02.qmd_result_v2_development"/>
    <testcase time="0.186000000000035" classname="tables_adverse_events_aet02" name="tables_adverse_events_aet02.qmd_result_v3_development"/>
    <testcase time="0.245999999999981" classname="tables_adverse_events_aet02" name="tables_adverse_events_aet02.qmd_result_v4_development"/>
    <testcase time="0.09699999999998" classname="tables_adverse_events_aet02" name="tables_adverse_events_aet02.qmd_result_v5_development"/>
    <testcase time="0.154999999999973" classname="tables_adverse_events_aet02" name="tables_adverse_events_aet02.qmd_result_v6_development"/>
    <testcase time="0.103000000000065" classname="tables_adverse_events_aet02" name="tables_adverse_events_aet02.qmd_result_v7_development"/>
    <testcase time="0.138000000000034" classname="tables_adverse_events_aet02" name="tables_adverse_events_aet02.qmd_result_v8_development"/>
    <testcase time="0.101999999999975" classname="tables_adverse_events_aet02" name="tables_adverse_events_aet02.qmd_result_v9_development"/>
    <testcase time="0.103999999999928" classname="tables_adverse_events_aet02" name="tables_adverse_events_aet02.qmd_result_v10_development"/>
    <testcase time="0.08400000000006" classname="tables_adverse_events_aet02" name="tables_adverse_events_aet02.qmd_result_v11_development"/>
    <testcase time="0.109000000000037" classname="tables_adverse_events_aet02" name="tables_adverse_events_aet02.qmd_result_v12_development"/>
    <testcase time="0.08299999999997" classname="tables_adverse_events_aet02" name="tables_adverse_events_aet02.qmd_result_v13_development"/>
  </testsuite>
  <testsuite name="tables-adverse-events-aet02_smq" timestamp="2024-07-10T15:51:57Z" hostname="de2d92b75923" tests="2" skipped="0" failures="0" errors="0" time="0.179">
    <testcase time="0.08299999999997" classname="tables_adverse_events_aet02_smq" name="tables_adverse_events_aet02_smq.qmd_result_v1_development"/>
    <testcase time="0.0960000000000036" classname="tables_adverse_events_aet02_smq" name="tables_adverse_events_aet02_smq.qmd_result_v2_development"/>
  </testsuite>
  <testsuite name="tables-adverse-events-aet03" timestamp="2024-07-10T15:51:58Z" hostname="de2d92b75923" tests="1" skipped="0" failures="0" errors="0" time="0.328">
    <testcase time="0.327999999999975" classname="tables_adverse_events_aet03" name="tables_adverse_events_aet03.qmd_result_v1_development"/>
  </testsuite>
  <testsuite name="tables-adverse-events-aet04" timestamp="2024-07-10T15:51:58Z" hostname="de2d92b75923" tests="8" skipped="0" failures="0" errors="0" time="3.411">
    <testcase time="0.586000000000013" classname="tables_adverse_events_aet04" name="tables_adverse_events_aet04.qmd_result_v1_development"/>
    <testcase time="0.34699999999998" classname="tables_adverse_events_aet04" name="tables_adverse_events_aet04.qmd_result_v2_development"/>
    <testcase time="0.6400000000001" classname="tables_adverse_events_aet04" name="tables_adverse_events_aet04.qmd_result_v3_development"/>
    <testcase time="0.352999999999952" classname="tables_adverse_events_aet04" name="tables_adverse_events_aet04.qmd_result_v4_development"/>
    <testcase time="0.342999999999961" classname="tables_adverse_events_aet04" name="tables_adverse_events_aet04.qmd_result_v6_development"/>
    <testcase time="0.343000000000075" classname="tables_adverse_events_aet04" name="tables_adverse_events_aet04.qmd_result_v8_development"/>
    <testcase time="0.447999999999979" classname="tables_adverse_events_aet04" name="tables_adverse_events_aet04.qmd_result_v9_development"/>
    <testcase time="0.350999999999999" classname="tables_adverse_events_aet04" name="tables_adverse_events_aet04.qmd_result_v11_development"/>
  </testsuite>
  <testsuite name="tables-adverse-events-aet04_pi" timestamp="2024-07-10T15:52:02Z" hostname="de2d92b75923" tests="8" skipped="0" failures="0" errors="0" time="1.663">
    <testcase time="0.705000000000041" classname="tables_adverse_events_aet04_pi" name="tables_adverse_events_aet04_pi.qmd_result_v1_development"/>
    <testcase time="0.130999999999972" classname="tables_adverse_events_aet04_pi" name="tables_adverse_events_aet04_pi.qmd_result_v2_development"/>
    <testcase time="0.125" classname="tables_adverse_events_aet04_pi" name="tables_adverse_events_aet04_pi.qmd_result_v3_development"/>
    <testcase time="0.104000000000042" classname="tables_adverse_events_aet04_pi" name="tables_adverse_events_aet04_pi.qmd_result_v4_development"/>
    <testcase time="0.153999999999996" classname="tables_adverse_events_aet04_pi" name="tables_adverse_events_aet04_pi.qmd_result_v5_development"/>
    <testcase time="0.146999999999935" classname="tables_adverse_events_aet04_pi" name="tables_adverse_events_aet04_pi.qmd_result_v6_development"/>
    <testcase time="0.149000000000001" classname="tables_adverse_events_aet04_pi" name="tables_adverse_events_aet04_pi.qmd_result_v7_development"/>
    <testcase time="0.148000000000025" classname="tables_adverse_events_aet04_pi" name="tables_adverse_events_aet04_pi.qmd_result_v8_development"/>
  </testsuite>
  <testsuite name="tables-adverse-events-aet05" timestamp="2024-07-10T15:52:03Z" hostname="de2d92b75923" tests="2" skipped="0" failures="0" errors="0" time="0.132">
    <testcase time="0.06899999999996" classname="tables_adverse_events_aet05" name="tables_adverse_events_aet05.qmd_result_v1_development"/>
    <testcase time="0.0629999999999882" classname="tables_adverse_events_aet05" name="tables_adverse_events_aet05.qmd_result_v2_development"/>
  </testsuite>
  <testsuite name="tables-adverse-events-aet05_all" timestamp="2024-07-10T15:52:03Z" hostname="de2d92b75923" tests="2" skipped="0" failures="0" errors="0" time="0.137">
    <testcase time="0.0740000000000691" classname="tables_adverse_events_aet05_all" name="tables_adverse_events_aet05_all.qmd_result_v1_development"/>
    <testcase time="0.0629999999999882" classname="tables_adverse_events_aet05_all" name="tables_adverse_events_aet05_all.qmd_result_v2_development"/>
  </testsuite>
  <testsuite name="tables-adverse-events-aet06" timestamp="2024-07-10T15:52:03Z" hostname="de2d92b75923" tests="5" skipped="0" failures="0" errors="0" time="1.928">
    <testcase time="0.809999999999945" classname="tables_adverse_events_aet06" name="tables_adverse_events_aet06.qmd_result_v1_development"/>
    <testcase time="0.259999999999991" classname="tables_adverse_events_aet06" name="tables_adverse_events_aet06.qmd_result_v2_development"/>
    <testcase time="0.315000000000055" classname="tables_adverse_events_aet06" name="tables_adverse_events_aet06.qmd_result_v3_development"/>
    <testcase time="0.217999999999961" classname="tables_adverse_events_aet06" name="tables_adverse_events_aet06.qmd_result_v4_development"/>
    <testcase time="0.325000000000045" classname="tables_adverse_events_aet06" name="tables_adverse_events_aet06.qmd_result_v5_development"/>
  </testsuite>
  <testsuite name="tables-adverse-events-aet06_smq" timestamp="2024-07-10T15:52:05Z" hostname="de2d92b75923" tests="3" skipped="0" failures="0" errors="0" time="0.367">
    <testcase time="0.134999999999991" classname="tables_adverse_events_aet06_smq" name="tables_adverse_events_aet06_smq.qmd_result_v1_development"/>
    <testcase time="0.131999999999948" classname="tables_adverse_events_aet06_smq" name="tables_adverse_events_aet06_smq.qmd_result_v2_development"/>
    <testcase time="0.100000000000023" classname="tables_adverse_events_aet06_smq" name="tables_adverse_events_aet06_smq.qmd_result_v3_development"/>
  </testsuite>
  <testsuite name="tables-adverse-events-aet07" timestamp="2024-07-10T15:52:06Z" hostname="de2d92b75923" tests="2" skipped="0" failures="0" errors="0" time="0.13">
    <testcase time="0.0690000000000737" classname="tables_adverse_events_aet07" name="tables_adverse_events_aet07.qmd_result_v1_development"/>
    <testcase time="0.0609999999999218" classname="tables_adverse_events_aet07" name="tables_adverse_events_aet07.qmd_result_v2_development"/>
  </testsuite>
  <testsuite name="tables-adverse-events-aet09" timestamp="2024-07-10T15:52:06Z" hostname="de2d92b75923" tests="2" skipped="0" failures="0" errors="0" time="0.327">
    <testcase time="0.157000000000039" classname="tables_adverse_events_aet09" name="tables_adverse_events_aet09.qmd_result_v1_development"/>
    <testcase time="0.170000000000073" classname="tables_adverse_events_aet09" name="tables_adverse_events_aet09.qmd_result_v2_development"/>
  </testsuite>
  <testsuite name="tables-adverse-events-aet09_smq" timestamp="2024-07-10T15:52:06Z" hostname="de2d92b75923" tests="2" skipped="0" failures="0" errors="0" time="0.173">
    <testcase time="0.0839999999999463" classname="tables_adverse_events_aet09_smq" name="tables_adverse_events_aet09_smq.qmd_result_v1_development"/>
    <testcase time="0.0889999999999418" classname="tables_adverse_events_aet09_smq" name="tables_adverse_events_aet09_smq.qmd_result_v2_development"/>
  </testsuite>
  <testsuite name="tables-adverse-events-aet10" timestamp="2024-07-10T15:52:06Z" hostname="de2d92b75923" tests="2" skipped="0" failures="0" errors="0" time="0.206">
    <testcase time="0.118000000000052" classname="tables_adverse_events_aet10" name="tables_adverse_events_aet10.qmd_result_v1_development"/>
    <testcase time="0.0879999999999654" classname="tables_adverse_events_aet10" name="tables_adverse_events_aet10.qmd_result_v2_development"/>
  </testsuite>
  <testsuite name="tables-concomitant-medications-cmt01" timestamp="2024-07-10T15:52:06Z" hostname="de2d92b75923" tests="4" skipped="0" failures="0" errors="0" time="0.438">
    <testcase time="0.138000000000034" classname="tables_concomitant_medications_cmt01" name="tables_concomitant_medications_cmt01.qmd_result_v1_development"/>
    <testcase time="0.0869999999999891" classname="tables_concomitant_medications_cmt01" name="tables_concomitant_medications_cmt01.qmd_result_v2_development"/>
    <testcase time="0.0960000000000036" classname="tables_concomitant_medications_cmt01" name="tables_concomitant_medications_cmt01.qmd_result_v3_development"/>
    <testcase time="0.116999999999962" classname="tables_concomitant_medications_cmt01" name="tables_concomitant_medications_cmt01.qmd_result_v4_development"/>
  </testsuite>
  <testsuite name="tables-concomitant-medications-cmt01a" timestamp="2024-07-10T15:52:07Z" hostname="de2d92b75923" tests="4" skipped="0" failures="0" errors="0" time="0.719">
    <testcase time="0.227000000000089" classname="tables_concomitant_medications_cmt01a" name="tables_concomitant_medications_cmt01a.qmd_result_v1_development"/>
    <testcase time="0.168999999999983" classname="tables_concomitant_medications_cmt01a" name="tables_concomitant_medications_cmt01a.qmd_result_v2_development"/>
    <testcase time="0.175999999999931" classname="tables_concomitant_medications_cmt01a" name="tables_concomitant_medications_cmt01a.qmd_result_v3_development"/>
    <testcase time="0.147000000000048" classname="tables_concomitant_medications_cmt01a" name="tables_concomitant_medications_cmt01a.qmd_result_v4_development"/>
  </testsuite>
  <testsuite name="tables-concomitant-medications-cmt01b" timestamp="2024-07-10T15:52:08Z" hostname="de2d92b75923" tests="3" skipped="0" failures="0" errors="0" time="0.816">
    <testcase time="0.335000000000036" classname="tables_concomitant_medications_cmt01b" name="tables_concomitant_medications_cmt01b.qmd_result_v1_development"/>
    <testcase time="0.206000000000017" classname="tables_concomitant_medications_cmt01b" name="tables_concomitant_medications_cmt01b.qmd_result_v2_development"/>
    <testcase time="0.274999999999977" classname="tables_concomitant_medications_cmt01b" name="tables_concomitant_medications_cmt01b.qmd_result_v4_development"/>
  </testsuite>
  <testsuite name="tables-concomitant-medications-cmt02_pt" timestamp="2024-07-10T15:52:08Z" hostname="de2d92b75923" tests="1" skipped="0" failures="0" errors="0" time="0.094">
    <testcase time="0.0939999999999372" classname="tables_concomitant_medications_cmt02_pt" name="tables_concomitant_medications_cmt02_pt.qmd_result_v1_development"/>
  </testsuite>
  <testsuite name="tables-deaths-dtht01" timestamp="2024-07-10T15:52:09Z" hostname="de2d92b75923" tests="4" skipped="0" failures="0" errors="0" time="0.584">
    <testcase time="0.189000000000078" classname="tables_deaths_dtht01" name="tables_deaths_dtht01.qmd_result_v1_development"/>
    <testcase time="0.204999999999927" classname="tables_deaths_dtht01" name="tables_deaths_dtht01.qmd_result_v2_development"/>
    <testcase time="0.0869999999999891" classname="tables_deaths_dtht01" name="tables_deaths_dtht01.qmd_result_v3_development"/>
    <testcase time="0.103000000000065" classname="tables_deaths_dtht01" name="tables_deaths_dtht01.qmd_result_v4_development"/>
  </testsuite>
  <testsuite name="tables-demography-dmt01" timestamp="2024-07-10T15:52:09Z" hostname="de2d92b75923" tests="5" skipped="0" failures="0" errors="0" time="0.82">
    <testcase time="0.232999999999947" classname="tables_demography_dmt01" name="tables_demography_dmt01.qmd_result_v1_development"/>
    <testcase time="0.157000000000039" classname="tables_demography_dmt01" name="tables_demography_dmt01.qmd_result_v2_development"/>
    <testcase time="0.168999999999983" classname="tables_demography_dmt01" name="tables_demography_dmt01.qmd_result_v3_development"/>
    <testcase time="0.137000000000057" classname="tables_demography_dmt01" name="tables_demography_dmt01.qmd_result_v4_development"/>
    <testcase time="0.12399999999991" classname="tables_demography_dmt01" name="tables_demography_dmt01.qmd_result_v5_development"/>
  </testsuite>
  <testsuite name="tables-disclosures-disclosurest01" timestamp="2024-07-10T15:52:10Z" hostname="de2d92b75923" tests="6" skipped="0" failures="0" errors="0" time="0.721">
    <testcase time="0.175000000000068" classname="tables_disclosures_disclosurest01" name="tables_disclosures_disclosurest01.qmd_result_v1_development"/>
    <testcase time="0.158000000000015" classname="tables_disclosures_disclosurest01" name="tables_disclosures_disclosurest01.qmd_result_v2_development"/>
    <testcase time="0.107999999999947" classname="tables_disclosures_disclosurest01" name="tables_disclosures_disclosurest01.qmd_result_v3_development"/>
    <testcase time="0.125" classname="tables_disclosures_disclosurest01" name="tables_disclosures_disclosurest01.qmd_result_v4_development"/>
    <testcase time="0.0940000000000509" classname="tables_disclosures_disclosurest01" name="tables_disclosures_disclosurest01.qmd_result_v5_development"/>
    <testcase time="0.0609999999999218" classname="tables_disclosures_disclosurest01" name="tables_disclosures_disclosurest01.qmd_result_v6_development"/>
  </testsuite>
  <testsuite name="tables-disclosures-eudrat01" timestamp="2024-07-10T15:52:11Z" hostname="de2d92b75923" tests="1" skipped="0" failures="0" errors="0" time="0.162">
    <testcase time="0.162000000000035" classname="tables_disclosures_eudrat01" name="tables_disclosures_eudrat01.qmd_result_v1_development"/>
  </testsuite>
  <testsuite name="tables-disclosures-eudrat02" timestamp="2024-07-10T15:52:11Z" hostname="de2d92b75923" tests="1" skipped="0" failures="0" errors="0" time="0.104">
    <testcase time="0.104000000000042" classname="tables_disclosures_eudrat02" name="tables_disclosures_eudrat02.qmd_result_v1_development"/>
  </testsuite>
  <testsuite name="tables-disposition-dst01" timestamp="2024-07-10T15:52:11Z" hostname="de2d92b75923" tests="3" skipped="0" failures="0" errors="0" time="0.4">
    <testcase time="0.187000000000012" classname="tables_disposition_dst01" name="tables_disposition_dst01.qmd_result_v1_development"/>
    <testcase time="0.0989999999999327" classname="tables_disposition_dst01" name="tables_disposition_dst01.qmd_result_v2_development"/>
    <testcase time="0.114000000000033" classname="tables_disposition_dst01" name="tables_disposition_dst01.qmd_result_v3_development"/>
  </testsuite>
  <testsuite name="tables-disposition-pdt01" timestamp="2024-07-10T15:52:11Z" hostname="de2d92b75923" tests="1" skipped="0" failures="0" errors="0" time="0.166">
    <testcase time="0.16599999999994" classname="tables_disposition_pdt01" name="tables_disposition_pdt01.qmd_result_v1_development"/>
  </testsuite>
  <testsuite name="tables-disposition-pdt02" timestamp="2024-07-10T15:52:11Z" hostname="de2d92b75923" tests="1" skipped="0" failures="0" errors="0" time="0.084">
    <testcase time="0.08400000000006" classname="tables_disposition_pdt02" name="tables_disposition_pdt02.qmd_result_v1_development"/>
  </testsuite>
  <testsuite name="tables-efficacy-aovt01" timestamp="2024-07-10T15:52:12Z" hostname="de2d92b75923" tests="1" skipped="0" failures="0" errors="0" time="1.055">
    <testcase time="1.05499999999995" classname="tables_efficacy_aovt01" name="tables_efficacy_aovt01.qmd_result_v1_development"/>
  </testsuite>
  <testsuite name="tables-efficacy-aovt02" timestamp="2024-07-10T15:52:13Z" hostname="de2d92b75923" tests="1" skipped="0" failures="0" errors="0" time="0.162">
    <testcase time="0.162000000000035" classname="tables_efficacy_aovt02" name="tables_efficacy_aovt02.qmd_result_v1_development"/>
  </testsuite>
  <testsuite name="tables-efficacy-aovt03" timestamp="2024-07-10T15:52:14Z" hostname="de2d92b75923" tests="1" skipped="0" failures="0" errors="0" time="0.94">
    <testcase time="0.939999999999941" classname="tables_efficacy_aovt03" name="tables_efficacy_aovt03.qmd_result_v1_development"/>
  </testsuite>
  <testsuite name="tables-efficacy-cfbt01" timestamp="2024-07-10T15:52:14Z" hostname="de2d92b75923" tests="1" skipped="0" failures="0" errors="0" time="0.226">
    <testcase time="0.225999999999999" classname="tables_efficacy_cfbt01" name="tables_efficacy_cfbt01.qmd_result_v1_development"/>
  </testsuite>
  <testsuite name="tables-efficacy-cmht01" timestamp="2024-07-10T15:52:16Z" hostname="de2d92b75923" tests="2" skipped="0" failures="0" errors="0" time="2.382">
    <testcase time="2.11300000000006" classname="tables_efficacy_cmht01" name="tables_efficacy_cmht01.qmd_result_v1_development"/>
    <testcase time="0.269000000000005" classname="tables_efficacy_cmht01" name="tables_efficacy_cmht01.qmd_result_v2_development"/>
  </testsuite>
  <testsuite name="tables-efficacy-coxt01" timestamp="2024-07-10T15:52:16Z" hostname="de2d92b75923" tests="4" skipped="0" failures="0" errors="0" time="0.471">
    <testcase time="0.168000000000006" classname="tables_efficacy_coxt01" name="tables_efficacy_coxt01.qmd_result_v1_development"/>
    <testcase time="0.106999999999971" classname="tables_efficacy_coxt01" name="tables_efficacy_coxt01.qmd_result_v2_development"/>
    <testcase time="0.0960000000000036" classname="tables_efficacy_coxt01" name="tables_efficacy_coxt01.qmd_result_v3_development"/>
    <testcase time="0.100000000000023" classname="tables_efficacy_coxt01" name="tables_efficacy_coxt01.qmd_result_v4_development"/>
  </testsuite>
  <testsuite name="tables-efficacy-coxt02" timestamp="2024-07-10T15:52:17Z" hostname="de2d92b75923" tests="2" skipped="0" failures="0" errors="0" time="0.164">
    <testcase time="0.0939999999999372" classname="tables_efficacy_coxt02" name="tables_efficacy_coxt02.qmd_result_v1_development"/>
    <testcase time="0.07000000000005" classname="tables_efficacy_coxt02" name="tables_efficacy_coxt02.qmd_result_v2_development"/>
  </testsuite>
  <testsuite name="tables-efficacy-dort01" timestamp="2024-07-10T15:52:18Z" hostname="de2d92b75923" tests="4" skipped="0" failures="0" errors="0" time="1.178">
    <testcase time="0.879999999999995" classname="tables_efficacy_dort01" name="tables_efficacy_dort01.qmd_result_v1_development"/>
    <testcase time="0.100000000000023" classname="tables_efficacy_dort01" name="tables_efficacy_dort01.qmd_result_v2_development"/>
    <testcase time="0.0979999999999563" classname="tables_efficacy_dort01" name="tables_efficacy_dort01.qmd_result_v3_development"/>
    <testcase time="0.100000000000023" classname="tables_efficacy_dort01" name="tables_efficacy_dort01.qmd_result_v4_development"/>
  </testsuite>
  <testsuite name="tables-efficacy-lgrt02" timestamp="2024-07-10T15:52:18Z" hostname="de2d92b75923" tests="4" skipped="0" failures="0" errors="0" time="0.69">
    <testcase time="0.216999999999985" classname="tables_efficacy_lgrt02" name="tables_efficacy_lgrt02.qmd_result_v1_development"/>
    <testcase time="0.161000000000058" classname="tables_efficacy_lgrt02" name="tables_efficacy_lgrt02.qmd_result_v2_development"/>
    <testcase time="0.136999999999944" classname="tables_efficacy_lgrt02" name="tables_efficacy_lgrt02.qmd_result_v3_development"/>
    <testcase time="0.175000000000068" classname="tables_efficacy_lgrt02" name="tables_efficacy_lgrt02.qmd_result_v4_development"/>
  </testsuite>
  <testsuite name="tables-efficacy-mmrmt01" timestamp="2024-07-10T15:52:19Z" hostname="de2d92b75923" tests="4" skipped="0" failures="0" errors="0" time="0.629">
    <testcase time="0.20799999999997" classname="tables_efficacy_mmrmt01" name="tables_efficacy_mmrmt01.qmd_result_v1_development"/>
    <testcase time="0.0889999999999418" classname="tables_efficacy_mmrmt01" name="tables_efficacy_mmrmt01.qmd_result_v2_development"/>
    <testcase time="0.244000000000028" classname="tables_efficacy_mmrmt01" name="tables_efficacy_mmrmt01.qmd_result_v3_development"/>
    <testcase time="0.0879999999999654" classname="tables_efficacy_mmrmt01" name="tables_efficacy_mmrmt01.qmd_result_baseline_development"/>
  </testsuite>
  <testsuite name="tables-efficacy-onct05" timestamp="2024-07-10T15:52:20Z" hostname="de2d92b75923" tests="4" skipped="0" failures="0" errors="0" time="0.644">
    <testcase time="0.258000000000038" classname="tables_efficacy_onct05" name="tables_efficacy_onct05.qmd_result_v1_development"/>
    <testcase time="0.129000000000019" classname="tables_efficacy_onct05" name="tables_efficacy_onct05.qmd_result_v2_development"/>
    <testcase time="0.134999999999991" classname="tables_efficacy_onct05" name="tables_efficacy_onct05.qmd_result_v3_development"/>
    <testcase time="0.121999999999957" classname="tables_efficacy_onct05" name="tables_efficacy_onct05.qmd_result_v4_development"/>
  </testsuite>
  <testsuite name="tables-efficacy-ratet01" timestamp="2024-07-10T15:52:20Z" hostname="de2d92b75923" tests="1" skipped="0" failures="0" errors="0" time="0.268">
    <testcase time="0.268000000000029" classname="tables_efficacy_ratet01" name="tables_efficacy_ratet01.qmd_result_v1_development"/>
  </testsuite>
  <testsuite name="tables-efficacy-rbmit01" timestamp="2024-07-10T15:52:20Z" hostname="de2d92b75923" tests="1" skipped="0" failures="0" errors="0" time="0.184">
    <testcase time="0.183999999999969" classname="tables_efficacy_rbmit01" name="tables_efficacy_rbmit01.qmd_result_v1_development"/>
  </testsuite>
  <testsuite name="tables-efficacy-rspt01" timestamp="2024-07-10T15:52:21Z" hostname="de2d92b75923" tests="6" skipped="0" failures="0" errors="0" time="1.025">
    <testcase time="0.455000000000041" classname="tables_efficacy_rspt01" name="tables_efficacy_rspt01.qmd_result_v1_development"/>
    <testcase time="0.105999999999995" classname="tables_efficacy_rspt01" name="tables_efficacy_rspt01.qmd_result_v2_development"/>
    <testcase time="0.109000000000037" classname="tables_efficacy_rspt01" name="tables_efficacy_rspt01.qmd_result_v3_development"/>
    <testcase time="0.144999999999982" classname="tables_efficacy_rspt01" name="tables_efficacy_rspt01.qmd_result_v4_development"/>
    <testcase time="0.114000000000033" classname="tables_efficacy_rspt01" name="tables_efficacy_rspt01.qmd_result_v5_development"/>
    <testcase time="0.0960000000000036" classname="tables_efficacy_rspt01" name="tables_efficacy_rspt01.qmd_result_v6_development"/>
  </testsuite>
  <testsuite name="tables-efficacy-ttet01" timestamp="2024-07-10T15:52:23Z" hostname="de2d92b75923" tests="6" skipped="0" failures="0" errors="0" time="1.934">
    <testcase time="1.23099999999999" classname="tables_efficacy_ttet01" name="tables_efficacy_ttet01.qmd_result_v1_development"/>
    <testcase time="0.134999999999991" classname="tables_efficacy_ttet01" name="tables_efficacy_ttet01.qmd_result_v2_development"/>
    <testcase time="0.132999999999925" classname="tables_efficacy_ttet01" name="tables_efficacy_ttet01.qmd_result_v3_development"/>
    <testcase time="0.157000000000039" classname="tables_efficacy_ttet01" name="tables_efficacy_ttet01.qmd_result_v4_development"/>
    <testcase time="0.137000000000057" classname="tables_efficacy_ttet01" name="tables_efficacy_ttet01.qmd_result_v5_development"/>
    <testcase time="0.140999999999963" classname="tables_efficacy_ttet01" name="tables_efficacy_ttet01.qmd_result_v6_development"/>
  </testsuite>
  <testsuite name="tables-exposure-ext01" timestamp="2024-07-10T15:52:23Z" hostname="de2d92b75923" tests="3" skipped="0" failures="0" errors="0" time="0.65">
    <testcase time="0.230000000000018" classname="tables_exposure_ext01" name="tables_exposure_ext01.qmd_result_v1_development"/>
    <testcase time="0.182999999999993" classname="tables_exposure_ext01" name="tables_exposure_ext01.qmd_result_v2_development"/>
    <testcase time="0.236999999999966" classname="tables_exposure_ext01" name="tables_exposure_ext01.qmd_result_v3_development"/>
  </testsuite>
  <testsuite name="tables-lab-results-lbt01" timestamp="2024-07-10T15:52:24Z" hostname="de2d92b75923" tests="1" skipped="0" failures="0" errors="0" time="0.242">
    <testcase time="0.241999999999962" classname="tables_lab_results_lbt01" name="tables_lab_results_lbt01.qmd_result_v1_development"/>
  </testsuite>
  <testsuite name="tables-lab-results-lbt02" timestamp="2024-07-10T15:52:24Z" hostname="de2d92b75923" tests="1" skipped="0" failures="0" errors="0" time="0.176">
    <testcase time="0.176000000000045" classname="tables_lab_results_lbt02" name="tables_lab_results_lbt02.qmd_result_v1_development"/>
  </testsuite>
  <testsuite name="tables-lab-results-lbt03" timestamp="2024-07-10T15:52:25Z" hostname="de2d92b75923" tests="2" skipped="0" failures="0" errors="0" time="0.314">
    <testcase time="0.158000000000015" classname="tables_lab_results_lbt03" name="tables_lab_results_lbt03.qmd_result_v1_development"/>
    <testcase time="0.155999999999949" classname="tables_lab_results_lbt03" name="tables_lab_results_lbt03.qmd_result_v2_development"/>
  </testsuite>
  <testsuite name="tables-lab-results-lbt04" timestamp="2024-07-10T15:52:25Z" hostname="de2d92b75923" tests="1" skipped="0" failures="0" errors="0" time="0.087">
    <testcase time="0.0869999999999891" classname="tables_lab_results_lbt04" name="tables_lab_results_lbt04.qmd_result_v1_development"/>
  </testsuite>
  <testsuite name="tables-lab-results-lbt05" timestamp="2024-07-10T15:52:25Z" hostname="de2d92b75923" tests="3" skipped="0" failures="0" errors="0" time="0.427">
    <testcase time="0.163000000000011" classname="tables_lab_results_lbt05" name="tables_lab_results_lbt05.qmd_result_v1_development"/>
    <testcase time="0.148000000000025" classname="tables_lab_results_lbt05" name="tables_lab_results_lbt05.qmd_result_v2_development"/>
    <testcase time="0.115999999999985" classname="tables_lab_results_lbt05" name="tables_lab_results_lbt05.qmd_result_v4_development"/>
  </testsuite>
  <testsuite name="tables-lab-results-lbt06" timestamp="2024-07-10T15:52:25Z" hostname="de2d92b75923" tests="2" skipped="0" failures="0" errors="0" time="0.713">
    <testcase time="0.25" classname="tables_lab_results_lbt06" name="tables_lab_results_lbt06.qmd_result_v1_development"/>
    <testcase time="0.463000000000079" classname="tables_lab_results_lbt06" name="tables_lab_results_lbt06.qmd_result_v2_development"/>
  </testsuite>
  <testsuite name="tables-lab-results-lbt07" timestamp="2024-07-10T15:52:26Z" hostname="de2d92b75923" tests="1" skipped="0" failures="0" errors="0" time="0.174">
    <testcase time="0.173999999999978" classname="tables_lab_results_lbt07" name="tables_lab_results_lbt07.qmd_result_v1_development"/>
  </testsuite>
  <testsuite name="tables-lab-results-lbt08" timestamp="2024-07-10T15:52:26Z" hostname="de2d92b75923" tests="1" skipped="0" failures="0" errors="0" time="0.152">
    <testcase time="0.15199999999993" classname="tables_lab_results_lbt08" name="tables_lab_results_lbt08.qmd_result_v1_development"/>
  </testsuite>
  <testsuite name="tables-lab-results-lbt09" timestamp="2024-07-10T15:52:26Z" hostname="de2d92b75923" tests="2" skipped="0" failures="0" errors="0" time="0.57">
    <testcase time="0.355999999999995" classname="tables_lab_results_lbt09" name="tables_lab_results_lbt09.qmd_result_v1_development"/>
    <testcase time="0.214000000000055" classname="tables_lab_results_lbt09" name="tables_lab_results_lbt09.qmd_result_v2_development"/>
  </testsuite>
  <testsuite name="tables-lab-results-lbt10" timestamp="2024-07-10T15:52:27Z" hostname="de2d92b75923" tests="2" skipped="0" failures="0" errors="0" time="0.15">
    <testcase time="0.0869999999999891" classname="tables_lab_results_lbt10" name="tables_lab_results_lbt10.qmd_result_v1_development"/>
    <testcase time="0.0629999999999882" classname="tables_lab_results_lbt10" name="tables_lab_results_lbt10.qmd_result_v2_development"/>
  </testsuite>
  <testsuite name="tables-lab-results-lbt10_bl" timestamp="2024-07-10T15:52:27Z" hostname="de2d92b75923" tests="2" skipped="0" failures="0" errors="0" time="0.163">
    <testcase time="0.0979999999999563" classname="tables_lab_results_lbt10_bl" name="tables_lab_results_lbt10_bl.qmd_result_v1_development"/>
    <testcase time="0.0650000000000546" classname="tables_lab_results_lbt10_bl" name="tables_lab_results_lbt10_bl.qmd_result_v2_development"/>
  </testsuite>
  <testsuite name="tables-lab-results-lbt11" timestamp="2024-07-10T15:52:28Z" hostname="de2d92b75923" tests="3" skipped="0" failures="0" errors="0" time="0.539">
    <testcase time="0.323999999999955" classname="tables_lab_results_lbt11" name="tables_lab_results_lbt11.qmd_result_v1_development"/>
    <testcase time="0.0970000000000937" classname="tables_lab_results_lbt11" name="tables_lab_results_lbt11.qmd_result_v2_development"/>
    <testcase time="0.117999999999938" classname="tables_lab_results_lbt11" name="tables_lab_results_lbt11.qmd_result_v3_development"/>
  </testsuite>
  <testsuite name="tables-lab-results-lbt11_bl" timestamp="2024-07-10T15:52:28Z" hostname="de2d92b75923" tests="3" skipped="0" failures="0" errors="0" time="0.533">
    <testcase time="0.330000000000041" classname="tables_lab_results_lbt11_bl" name="tables_lab_results_lbt11_bl.qmd_result_v1_development"/>
    <testcase time="0.0899999999999181" classname="tables_lab_results_lbt11_bl" name="tables_lab_results_lbt11_bl.qmd_result_v2_development"/>
    <testcase time="0.113000000000056" classname="tables_lab_results_lbt11_bl" name="tables_lab_results_lbt11_bl.qmd_result_v3_development"/>
  </testsuite>
  <testsuite name="tables-lab-results-lbt12" timestamp="2024-07-10T15:52:28Z" hostname="de2d92b75923" tests="1" skipped="0" failures="0" errors="0" time="0.117">
    <testcase time="0.116999999999962" classname="tables_lab_results_lbt12" name="tables_lab_results_lbt12.qmd_result_v1_development"/>
  </testsuite>
  <testsuite name="tables-lab-results-lbt12_bl" timestamp="2024-07-10T15:52:28Z" hostname="de2d92b75923" tests="1" skipped="0" failures="0" errors="0" time="0.11">
    <testcase time="0.110000000000014" classname="tables_lab_results_lbt12_bl" name="tables_lab_results_lbt12_bl.qmd_result_v1_development"/>
  </testsuite>
  <testsuite name="tables-lab-results-lbt13" timestamp="2024-07-10T15:52:29Z" hostname="de2d92b75923" tests="5" skipped="0" failures="0" errors="0" time="3.206">
    <testcase time="0.912000000000035" classname="tables_lab_results_lbt13" name="tables_lab_results_lbt13.qmd_result_v1_development"/>
    <testcase time="0.474000000000046" classname="tables_lab_results_lbt13" name="tables_lab_results_lbt13.qmd_result_v2_development"/>
    <testcase time="0.476999999999975" classname="tables_lab_results_lbt13" name="tables_lab_results_lbt13.qmd_result_v3_development"/>
    <testcase time="0.476999999999975" classname="tables_lab_results_lbt13" name="tables_lab_results_lbt13.qmd_result_v4_development"/>
    <testcase time="0.865999999999985" classname="tables_lab_results_lbt13" name="tables_lab_results_lbt13.qmd_result_v5_development"/>
  </testsuite>
  <testsuite name="tables-lab-results-lbt14" timestamp="2024-07-10T15:52:32Z" hostname="de2d92b75923" tests="5" skipped="0" failures="0" errors="0" time="1.736">
    <testcase time="0.393000000000029" classname="tables_lab_results_lbt14" name="tables_lab_results_lbt14.qmd_result_v1_development"/>
    <testcase time="0.259999999999991" classname="tables_lab_results_lbt14" name="tables_lab_results_lbt14.qmd_result_v2_development"/>
    <testcase time="0.280999999999949" classname="tables_lab_results_lbt14" name="tables_lab_results_lbt14.qmd_result_v3_development"/>
    <testcase time="0.276000000000067" classname="tables_lab_results_lbt14" name="tables_lab_results_lbt14.qmd_result_v4_development"/>
    <testcase time="0.525999999999954" classname="tables_lab_results_lbt14" name="tables_lab_results_lbt14.qmd_result_v5_development"/>
  </testsuite>
  <testsuite name="tables-lab-results-lbt15" timestamp="2024-07-10T15:52:34Z" hostname="de2d92b75923" tests="2" skipped="0" failures="0" errors="0" time="0.233">
    <testcase time="0.134000000000015" classname="tables_lab_results_lbt15" name="tables_lab_results_lbt15.qmd_result_v1_development"/>
    <testcase time="0.0990000000000464" classname="tables_lab_results_lbt15" name="tables_lab_results_lbt15.qmd_result_v2_development"/>
  </testsuite>
  <testsuite name="tables-medical-history-mht01" timestamp="2024-07-10T15:52:34Z" hostname="de2d92b75923" tests="4" skipped="0" failures="0" errors="0" time="0.517">
    <testcase time="0.163999999999987" classname="tables_medical_history_mht01" name="tables_medical_history_mht01.qmd_result_v1_development"/>
    <testcase time="0.0869999999999891" classname="tables_medical_history_mht01" name="tables_medical_history_mht01.qmd_result_v2_development"/>
    <testcase time="0.120000000000005" classname="tables_medical_history_mht01" name="tables_medical_history_mht01.qmd_result_v3_development"/>
    <testcase time="0.145999999999958" classname="tables_medical_history_mht01" name="tables_medical_history_mht01.qmd_result_v4_development"/>
  </testsuite>
  <testsuite name="tables-pharmacokinetic-pkct01" timestamp="2024-07-10T15:52:35Z" hostname="de2d92b75923" tests="3" skipped="0" failures="0" errors="0" time="0.89">
    <testcase time="0.507000000000062" classname="tables_pharmacokinetic_pkct01" name="tables_pharmacokinetic_pkct01.qmd_result_v1_development"/>
    <testcase time="0.202999999999975" classname="tables_pharmacokinetic_pkct01" name="tables_pharmacokinetic_pkct01.qmd_result_v2_development"/>
    <testcase time="0.17999999999995" classname="tables_pharmacokinetic_pkct01" name="tables_pharmacokinetic_pkct01.qmd_result_v3_development"/>
  </testsuite>
  <testsuite name="tables-pharmacokinetic-pkpt02" timestamp="2024-07-10T15:52:35Z" hostname="de2d92b75923" tests="2" skipped="0" failures="0" errors="0" time="0.26">
    <testcase time="0.160000000000082" classname="tables_pharmacokinetic_pkpt02" name="tables_pharmacokinetic_pkpt02.qmd_result_v1_development"/>
    <testcase time="0.100000000000023" classname="tables_pharmacokinetic_pkpt02" name="tables_pharmacokinetic_pkpt02.qmd_result_v2_development"/>
  </testsuite>
  <testsuite name="tables-pharmacokinetic-pkpt03" timestamp="2024-07-10T15:52:37Z" hostname="de2d92b75923" tests="3" skipped="3" failures="0" errors="0" time="1.536">
    <testcase time="1.50999999999999" classname="tables_pharmacokinetic_pkpt03" name="tables_pharmacokinetic_pkpt03.qmd_result_v1_development">
      <skipped message="Reason: Snapshot test is not implemented for object of class: list. ('test-tables-pharmacokinetic-pkpt03.R:1:1')"/>
    </testcase>
    <testcase time="0.01299999999992" classname="tables_pharmacokinetic_pkpt03" name="tables_pharmacokinetic_pkpt03.qmd_result_v2_development">
      <skipped message="Reason: Snapshot test is not implemented for object of class: list. ('test-tables-pharmacokinetic-pkpt03.R:1:1')"/>
    </testcase>
    <testcase time="0.0130000000000337" classname="tables_pharmacokinetic_pkpt03" name="tables_pharmacokinetic_pkpt03.qmd_result_v3_development">
      <skipped message="Reason: Snapshot test is not implemented for object of class: list. ('test-tables-pharmacokinetic-pkpt03.R:1:1')"/>
    </testcase>
  </testsuite>
  <testsuite name="tables-pharmacokinetic-pkpt04" timestamp="2024-07-10T15:52:37Z" hostname="de2d92b75923" tests="2" skipped="0" failures="0" errors="0" time="0.415">
    <testcase time="0.293000000000006" classname="tables_pharmacokinetic_pkpt04" name="tables_pharmacokinetic_pkpt04.qmd_result_v1_development"/>
    <testcase time="0.121999999999957" classname="tables_pharmacokinetic_pkpt04" name="tables_pharmacokinetic_pkpt04.qmd_result_v2_development"/>
  </testsuite>
  <testsuite name="tables-pharmacokinetic-pkpt05" timestamp="2024-07-10T15:52:37Z" hostname="de2d92b75923" tests="2" skipped="0" failures="0" errors="0" time="0.317">
    <testcase time="0.184000000000083" classname="tables_pharmacokinetic_pkpt05" name="tables_pharmacokinetic_pkpt05.qmd_result_v1_development"/>
    <testcase time="0.132999999999925" classname="tables_pharmacokinetic_pkpt05" name="tables_pharmacokinetic_pkpt05.qmd_result_v2_development"/>
  </testsuite>
  <testsuite name="tables-pharmacokinetic-pkpt06" timestamp="2024-07-10T15:52:38Z" hostname="de2d92b75923" tests="2" skipped="0" failures="0" errors="0" time="0.145">
    <testcase time="0.08400000000006" classname="tables_pharmacokinetic_pkpt06" name="tables_pharmacokinetic_pkpt06.qmd_result_v1_development"/>
    <testcase time="0.0609999999999218" classname="tables_pharmacokinetic_pkpt06" name="tables_pharmacokinetic_pkpt06.qmd_result_v2_development"/>
  </testsuite>
  <testsuite name="tables-pharmacokinetic-pkpt07" timestamp="2024-07-10T15:52:38Z" hostname="de2d92b75923" tests="2" skipped="0" failures="0" errors="0" time="0.219">
    <testcase time="0.119000000000028" classname="tables_pharmacokinetic_pkpt07" name="tables_pharmacokinetic_pkpt07.qmd_result_v1_development"/>
    <testcase time="0.100000000000023" classname="tables_pharmacokinetic_pkpt07" name="tables_pharmacokinetic_pkpt07.qmd_result_v2_development"/>
  </testsuite>
  <testsuite name="tables-pharmacokinetic-pkpt08" timestamp="2024-07-10T15:52:38Z" hostname="de2d92b75923" tests="1" skipped="0" failures="0" errors="0" time="0.147">
    <testcase time="0.147000000000048" classname="tables_pharmacokinetic_pkpt08" name="tables_pharmacokinetic_pkpt08.qmd_result_v1_development"/>
  </testsuite>
  <testsuite name="tables-pharmacokinetic-pkpt11" timestamp="2024-07-10T15:52:38Z" hostname="de2d92b75923" tests="1" skipped="0" failures="0" errors="0" time="0.081">
    <testcase time="0.0809999999999036" classname="tables_pharmacokinetic_pkpt11" name="tables_pharmacokinetic_pkpt11.qmd_result_v1_development"/>
  </testsuite>
  <testsuite name="tables-risk-management-plan-rmpt01" timestamp="2024-07-10T15:52:38Z" hostname="de2d92b75923" tests="1" skipped="0" failures="0" errors="0" time="0.065">
    <testcase time="0.0650000000000546" classname="tables_risk_management_plan_rmpt01" name="tables_risk_management_plan_rmpt01.qmd_result_v1_development"/>
  </testsuite>
  <testsuite name="tables-risk-management-plan-rmpt03" timestamp="2024-07-10T15:52:38Z" hostname="de2d92b75923" tests="2" skipped="0" failures="0" errors="0" time="0.235">
    <testcase time="0.122999999999934" classname="tables_risk_management_plan_rmpt03" name="tables_risk_management_plan_rmpt03.qmd_result_v1_development"/>
    <testcase time="0.11200000000008" classname="tables_risk_management_plan_rmpt03" name="tables_risk_management_plan_rmpt03.qmd_result_v2_development"/>
  </testsuite>
  <testsuite name="tables-risk-management-plan-rmpt04" timestamp="2024-07-10T15:52:39Z" hostname="de2d92b75923" tests="1" skipped="0" failures="0" errors="0" time="0.065">
    <testcase time="0.0649999999999409" classname="tables_risk_management_plan_rmpt04" name="tables_risk_management_plan_rmpt04.qmd_result_v1_development"/>
  </testsuite>
  <testsuite name="tables-risk-management-plan-rmpt05" timestamp="2024-07-10T15:52:39Z" hostname="de2d92b75923" tests="1" skipped="0" failures="0" errors="0" time="0.08">
    <testcase time="0.0800000000000409" classname="tables_risk_management_plan_rmpt05" name="tables_risk_management_plan_rmpt05.qmd_result_v1_development"/>
  </testsuite>
  <testsuite name="tables-risk-management-plan-rmpt06" timestamp="2024-07-10T15:52:39Z" hostname="de2d92b75923" tests="4" skipped="0" failures="0" errors="0" time="0.512">
    <testcase time="0.174999999999955" classname="tables_risk_management_plan_rmpt06" name="tables_risk_management_plan_rmpt06.qmd_result_v1_development"/>
    <testcase time="0.100999999999999" classname="tables_risk_management_plan_rmpt06" name="tables_risk_management_plan_rmpt06.qmd_result_v2_development"/>
    <testcase time="0.119000000000028" classname="tables_risk_management_plan_rmpt06" name="tables_risk_management_plan_rmpt06.qmd_result_v3_development"/>
    <testcase time="0.116999999999962" classname="tables_risk_management_plan_rmpt06" name="tables_risk_management_plan_rmpt06.qmd_result_v4_development"/>
  </testsuite>
  <testsuite name="tables-safety-enrollment01" timestamp="2024-07-10T15:52:39Z" hostname="de2d92b75923" tests="4" skipped="0" failures="0" errors="0" time="2.382">
    <testcase time="0.780000000000086" classname="tables_safety_enrollment01" name="tables_safety_enrollment01.qmd_result_v1_development"/>
    <testcase time="0.557000000000016" classname="tables_safety_enrollment01" name="tables_safety_enrollment01.qmd_result_v2_development"/>
    <testcase time="0.538999999999987" classname="tables_safety_enrollment01" name="tables_safety_enrollment01.qmd_result_v3_development"/>
    <testcase time="0.505999999999972" classname="tables_safety_enrollment01" name="tables_safety_enrollment01.qmd_result_v4_development"/>
  </testsuite>
  <testsuite name="tables-vital-signs-vst01" timestamp="2024-07-10T15:52:42Z" hostname="de2d92b75923" tests="1" skipped="0" failures="0" errors="0" time="0.349">
    <testcase time="0.348999999999933" classname="tables_vital_signs_vst01" name="tables_vital_signs_vst01.qmd_result_v1_development"/>
  </testsuite>
  <testsuite name="tables-vital-signs-vst02" timestamp="2024-07-10T15:52:42Z" hostname="de2d92b75923" tests="2" skipped="0" failures="0" errors="0" time="0.283">
    <testcase time="0.144000000000005" classname="tables_vital_signs_vst02" name="tables_vital_signs_vst02.qmd_result_v1_development"/>
    <testcase time="0.13900000000001" classname="tables_vital_signs_vst02" name="tables_vital_signs_vst02.qmd_result_v2_development"/>
  </testsuite>
</testsuites>
