<?xml version="1.0" encoding="UTF-8"?>
<testsuites>
  <testsuite name="graphs-efficacy-fstg01" timestamp="2024-10-24T15:46:49Z" hostname="7f43e6d9a897" tests="7" skipped="7" failures="0" errors="0" time="2.358">
    <testcase time="2.20899999999995" classname="graphs_efficacy_fstg01" name="graphs_efficacy_fstg01.qmd_width_development">
      <skipped message="Reason: Snapshot test is not implemented for object of class: numeric. ('test-graphs-efficacy-fstg01.R:1:1')"/>
    </testcase>
    <testcase time="0.0590000000000828" classname="graphs_efficacy_fstg01" name="graphs_efficacy_fstg01.qmd_height_development">
      <skipped message="Reason: Snapshot test is not implemented for object of class: numeric. ('test-graphs-efficacy-fstg01.R:1:1')"/>
    </testcase>
    <testcase time="0.0319999999999254" classname="graphs_efficacy_fstg01" name="graphs_efficacy_fstg01.qmd_plot_v1_development">
      <skipped message="Reason: Snapshot test is not implemented for object of class: gg, ggplot. ('test-graphs-efficacy-fstg01.R:1:1')"/>
    </testcase>
    <testcase time="0.0150000000001" classname="graphs_efficacy_fstg01" name="graphs_efficacy_fstg01.qmd_plot_v2_development">
      <skipped message="Reason: Snapshot test is not implemented for object of class: gg, ggplot. ('test-graphs-efficacy-fstg01.R:1:1')"/>
    </testcase>
    <testcase time="0.0139999999998963" classname="graphs_efficacy_fstg01" name="graphs_efficacy_fstg01.qmd_plot_v3_development">
      <skipped message="Reason: Snapshot test is not implemented for object of class: gg, ggplot. ('test-graphs-efficacy-fstg01.R:1:1')"/>
    </testcase>
    <testcase time="0.0150000000001" classname="graphs_efficacy_fstg01" name="graphs_efficacy_fstg01.qmd_plot_v4_development">
      <skipped message="Reason: Snapshot test is not implemented for object of class: gg, ggplot. ('test-graphs-efficacy-fstg01.R:1:1')"/>
    </testcase>
    <testcase time="0.0139999999998963" classname="graphs_efficacy_fstg01" name="graphs_efficacy_fstg01.qmd_plot_v5_development">
      <skipped message="Reason: Snapshot test is not implemented for object of class: gg, ggplot. ('test-graphs-efficacy-fstg01.R:1:1')"/>
    </testcase>
  </testsuite>
  <testsuite name="graphs-efficacy-fstg02" timestamp="2024-10-24T15:46:50Z" hostname="7f43e6d9a897" tests="7" skipped="7" failures="0" errors="0" time="0.523">
    <testcase time="0.435000000000059" classname="graphs_efficacy_fstg02" name="graphs_efficacy_fstg02.qmd_width_development">
      <skipped message="Reason: Snapshot test is not implemented for object of class: numeric. ('test-graphs-efficacy-fstg02.R:1:1')"/>
    </testcase>
    <testcase time="0.0149999999999864" classname="graphs_efficacy_fstg02" name="graphs_efficacy_fstg02.qmd_height_development">
      <skipped message="Reason: Snapshot test is not implemented for object of class: numeric. ('test-graphs-efficacy-fstg02.R:1:1')"/>
    </testcase>
    <testcase time="0.0149999999999864" classname="graphs_efficacy_fstg02" name="graphs_efficacy_fstg02.qmd_plot_v1_development">
      <skipped message="Reason: Snapshot test is not implemented for object of class: gg, ggplot. ('test-graphs-efficacy-fstg02.R:1:1')"/>
    </testcase>
    <testcase time="0.0149999999999864" classname="graphs_efficacy_fstg02" name="graphs_efficacy_fstg02.qmd_plot_v2_development">
      <skipped message="Reason: Snapshot test is not implemented for object of class: gg, ggplot. ('test-graphs-efficacy-fstg02.R:1:1')"/>
    </testcase>
    <testcase time="0.01400000000001" classname="graphs_efficacy_fstg02" name="graphs_efficacy_fstg02.qmd_plot_v3_development">
      <skipped message="Reason: Snapshot test is not implemented for object of class: gg, ggplot. ('test-graphs-efficacy-fstg02.R:1:1')"/>
    </testcase>
    <testcase time="0.0149999999999864" classname="graphs_efficacy_fstg02" name="graphs_efficacy_fstg02.qmd_plot_v4_development">
      <skipped message="Reason: Snapshot test is not implemented for object of class: gg, ggplot. ('test-graphs-efficacy-fstg02.R:1:1')"/>
    </testcase>
    <testcase time="0.01400000000001" classname="graphs_efficacy_fstg02" name="graphs_efficacy_fstg02.qmd_plot_v3.width_development">
      <skipped message="Reason: Snapshot test is not implemented for object of class: numeric. ('test-graphs-efficacy-fstg02.R:1:1')"/>
    </testcase>
  </testsuite>
  <testsuite name="graphs-efficacy-kmg01" timestamp="2024-10-24T15:46:50Z" hostname="7f43e6d9a897" tests="8" skipped="8" failures="0" errors="0" time="0.919">
    <testcase time="0.838000000000079" classname="graphs_efficacy_kmg01" name="graphs_efficacy_kmg01.qmd_width_development">
      <skipped message="Reason: Snapshot test is not implemented for object of class: numeric. ('test-graphs-efficacy-kmg01.R:1:1')"/>
    </testcase>
    <testcase time="0.0119999999999436" classname="graphs_efficacy_kmg01" name="graphs_efficacy_kmg01.qmd_height_development">
      <skipped message="Reason: Snapshot test is not implemented for object of class: numeric. ('test-graphs-efficacy-kmg01.R:1:1')"/>
    </testcase>
    <testcase time="0.0120000000000573" classname="graphs_efficacy_kmg01" name="graphs_efficacy_kmg01.qmd_plot_v1_development">
      <skipped message="Reason: Snapshot test is not implemented for object of class: gg, ggplot. ('test-graphs-efficacy-kmg01.R:1:1')"/>
    </testcase>
    <testcase time="0.0109999999999673" classname="graphs_efficacy_kmg01" name="graphs_efficacy_kmg01.qmd_plot_v2_development">
      <skipped message="Reason: Snapshot test is not implemented for object of class: gg, ggplot. ('test-graphs-efficacy-kmg01.R:1:1')"/>
    </testcase>
    <testcase time="0.0119999999999436" classname="graphs_efficacy_kmg01" name="graphs_efficacy_kmg01.qmd_plot_v3_development">
      <skipped message="Reason: Snapshot test is not implemented for object of class: gg, ggplot. ('test-graphs-efficacy-kmg01.R:1:1')"/>
    </testcase>
    <testcase time="0.0110000000000809" classname="graphs_efficacy_kmg01" name="graphs_efficacy_kmg01.qmd_plot_v4_development">
      <skipped message="Reason: Snapshot test is not implemented for object of class: gg, ggplot. ('test-graphs-efficacy-kmg01.R:1:1')"/>
    </testcase>
    <testcase time="0.0119999999999436" classname="graphs_efficacy_kmg01" name="graphs_efficacy_kmg01.qmd_plot_v5_development">
      <skipped message="Reason: Snapshot test is not implemented for object of class: gg, ggplot. ('test-graphs-efficacy-kmg01.R:1:1')"/>
    </testcase>
    <testcase time="0.0109999999999673" classname="graphs_efficacy_kmg01" name="graphs_efficacy_kmg01.qmd_plot_v6_development">
      <skipped message="Reason: Snapshot test is not implemented for object of class: gg, ggplot. ('test-graphs-efficacy-kmg01.R:1:1')"/>
    </testcase>
  </testsuite>
  <testsuite name="graphs-efficacy-mmrmg01" timestamp="2024-10-24T15:46:51Z" hostname="7f43e6d9a897" tests="6" skipped="6" failures="0" errors="0" time="0.721">
    <testcase time="0.664000000000101" classname="graphs_efficacy_mmrmg01" name="graphs_efficacy_mmrmg01.qmd_plot_v1_development">
      <skipped message="Reason: Snapshot test is not implemented for object of class: gg, ggplot. ('test-graphs-efficacy-mmrmg01.R:1:1')"/>
    </testcase>
    <testcase time="0.0119999999999436" classname="graphs_efficacy_mmrmg01" name="graphs_efficacy_mmrmg01.qmd_plot_v2_development">
      <skipped message="Reason: Snapshot test is not implemented for object of class: gg, ggplot. ('test-graphs-efficacy-mmrmg01.R:1:1')"/>
    </testcase>
    <testcase time="0.0109999999999673" classname="graphs_efficacy_mmrmg01" name="graphs_efficacy_mmrmg01.qmd_plot_v3_development">
      <skipped message="Reason: Snapshot test is not implemented for object of class: gg, ggplot. ('test-graphs-efficacy-mmrmg01.R:1:1')"/>
    </testcase>
    <testcase time="0.0120000000000573" classname="graphs_efficacy_mmrmg01" name="graphs_efficacy_mmrmg01.qmd_plot_v4_development">
      <skipped message="Reason: Snapshot test is not implemented for object of class: gg, ggplot. ('test-graphs-efficacy-mmrmg01.R:1:1')"/>
    </testcase>
    <testcase time="0.0109999999999673" classname="graphs_efficacy_mmrmg01" name="graphs_efficacy_mmrmg01.qmd_plot_v5_development">
      <skipped message="Reason: Snapshot test is not implemented for object of class: gg, ggplot. ('test-graphs-efficacy-mmrmg01.R:1:1')"/>
    </testcase>
    <testcase time="0.0109999999999673" classname="graphs_efficacy_mmrmg01" name="graphs_efficacy_mmrmg01.qmd_plot_v6_development">
      <skipped message="Reason: Snapshot test is not implemented for object of class: gg, ggplot. ('test-graphs-efficacy-mmrmg01.R:1:1')"/>
    </testcase>
  </testsuite>
  <testsuite name="graphs-efficacy-mmrmg02" timestamp="2024-10-24T15:46:51Z" hostname="7f43e6d9a897" tests="3" skipped="3" failures="0" errors="0" time="0.142">
    <testcase time="0.118000000000052" classname="graphs_efficacy_mmrmg02" name="graphs_efficacy_mmrmg02.qmd_width_development">
      <skipped message="Reason: Snapshot test is not implemented for object of class: numeric. ('test-graphs-efficacy-mmrmg02.R:1:1')"/>
    </testcase>
    <testcase time="0.0119999999999436" classname="graphs_efficacy_mmrmg02" name="graphs_efficacy_mmrmg02.qmd_plot_v1_development">
      <skipped message="Reason: Snapshot test is not implemented for object of class: gg, ggplot. ('test-graphs-efficacy-mmrmg02.R:1:1')"/>
    </testcase>
    <testcase time="0.0120000000000573" classname="graphs_efficacy_mmrmg02" name="graphs_efficacy_mmrmg02.qmd_plot_v2_development">
      <skipped message="Reason: Snapshot test is not implemented for object of class: gg, ggplot. ('test-graphs-efficacy-mmrmg02.R:1:1')"/>
    </testcase>
  </testsuite>
  <testsuite name="graphs-other-brg01" timestamp="2024-10-24T15:46:52Z" hostname="7f43e6d9a897" tests="9" skipped="9" failures="0" errors="0" time="0.182">
    <testcase time="0.0900000000000318" classname="graphs_other_brg01" name="graphs_other_brg01.qmd_plot_v1_development">
      <skipped message="Reason: Snapshot test is not implemented for object of class: gg, ggplot. ('test-graphs-other-brg01.R:1:1')"/>
    </testcase>
    <testcase time="0.0119999999999436" classname="graphs_other_brg01" name="graphs_other_brg01.qmd_plot_v2_development">
      <skipped message="Reason: Snapshot test is not implemented for object of class: gg, ggplot. ('test-graphs-other-brg01.R:1:1')"/>
    </testcase>
    <testcase time="0.0109999999999673" classname="graphs_other_brg01" name="graphs_other_brg01.qmd_plot_v3_development">
      <skipped message="Reason: Snapshot test is not implemented for object of class: gg, ggplot. ('test-graphs-other-brg01.R:1:1')"/>
    </testcase>
    <testcase time="0.0120000000000573" classname="graphs_other_brg01" name="graphs_other_brg01.qmd_plot_v4_development">
      <skipped message="Reason: Snapshot test is not implemented for object of class: gg, ggplot. ('test-graphs-other-brg01.R:1:1')"/>
    </testcase>
    <testcase time="0.0109999999999673" classname="graphs_other_brg01" name="graphs_other_brg01.qmd_plot_v5_development">
      <skipped message="Reason: Snapshot test is not implemented for object of class: gg, ggplot. ('test-graphs-other-brg01.R:1:1')"/>
    </testcase>
    <testcase time="0.0120000000000573" classname="graphs_other_brg01" name="graphs_other_brg01.qmd_plot_v6_development">
      <skipped message="Reason: Snapshot test is not implemented for object of class: gg, ggplot. ('test-graphs-other-brg01.R:1:1')"/>
    </testcase>
    <testcase time="0.0109999999999673" classname="graphs_other_brg01" name="graphs_other_brg01.qmd_plot_v7_development">
      <skipped message="Reason: Snapshot test is not implemented for object of class: gg, ggplot. ('test-graphs-other-brg01.R:1:1')"/>
    </testcase>
    <testcase time="0.0109999999999673" classname="graphs_other_brg01" name="graphs_other_brg01.qmd_plot_v8_development">
      <skipped message="Reason: Snapshot test is not implemented for object of class: gg, ggplot. ('test-graphs-other-brg01.R:1:1')"/>
    </testcase>
    <testcase time="0.0120000000000573" classname="graphs_other_brg01" name="graphs_other_brg01.qmd_plot_v9_development">
      <skipped message="Reason: Snapshot test is not implemented for object of class: gg, ggplot. ('test-graphs-other-brg01.R:1:1')"/>
    </testcase>
  </testsuite>
  <testsuite name="graphs-other-bwg01" timestamp="2024-10-24T15:46:52Z" hostname="7f43e6d9a897" tests="9" skipped="9" failures="0" errors="0" time="0.641">
    <testcase time="0.549999999999955" classname="graphs_other_bwg01" name="graphs_other_bwg01.qmd_plot_v1_development">
      <skipped message="Reason: Snapshot test is not implemented for object of class: gg, ggplot. ('test-graphs-other-bwg01.R:1:1')"/>
    </testcase>
    <testcase time="0.0120000000000573" classname="graphs_other_bwg01" name="graphs_other_bwg01.qmd_plot_v2_development">
      <skipped message="Reason: Snapshot test is not implemented for object of class: gg, ggplot. ('test-graphs-other-bwg01.R:1:1')"/>
    </testcase>
    <testcase time="0.0109999999999673" classname="graphs_other_bwg01" name="graphs_other_bwg01.qmd_plot_v3_development">
      <skipped message="Reason: Snapshot test is not implemented for object of class: gg, ggplot. ('test-graphs-other-bwg01.R:1:1')"/>
    </testcase>
    <testcase time="0.0119999999999436" classname="graphs_other_bwg01" name="graphs_other_bwg01.qmd_plot_v4_development">
      <skipped message="Reason: Snapshot test is not implemented for object of class: gg, ggplot. ('test-graphs-other-bwg01.R:1:1')"/>
    </testcase>
    <testcase time="0.0110000000000809" classname="graphs_other_bwg01" name="graphs_other_bwg01.qmd_plot_v5_development">
      <skipped message="Reason: Snapshot test is not implemented for object of class: gg, ggplot. ('test-graphs-other-bwg01.R:1:1')"/>
    </testcase>
    <testcase time="0.0109999999999673" classname="graphs_other_bwg01" name="graphs_other_bwg01.qmd_plot_v6_development">
      <skipped message="Reason: Snapshot test is not implemented for object of class: gg, ggplot. ('test-graphs-other-bwg01.R:1:1')"/>
    </testcase>
    <testcase time="0.0120000000000573" classname="graphs_other_bwg01" name="graphs_other_bwg01.qmd_plot_v7_development">
      <skipped message="Reason: Snapshot test is not implemented for object of class: gg, ggplot. ('test-graphs-other-bwg01.R:1:1')"/>
    </testcase>
    <testcase time="0.0109999999999673" classname="graphs_other_bwg01" name="graphs_other_bwg01.qmd_plot_v8_development">
      <skipped message="Reason: Snapshot test is not implemented for object of class: gg, ggplot. ('test-graphs-other-bwg01.R:1:1')"/>
    </testcase>
    <testcase time="0.0109999999999673" classname="graphs_other_bwg01" name="graphs_other_bwg01.qmd_plot_v9_development">
      <skipped message="Reason: Snapshot test is not implemented for object of class: gg, ggplot. ('test-graphs-other-bwg01.R:1:1')"/>
    </testcase>
  </testsuite>
  <testsuite name="graphs-other-cig01" timestamp="2024-10-24T15:46:52Z" hostname="7f43e6d9a897" tests="5" skipped="4" failures="0" errors="0" time="0.216">
    <testcase time="0.177000000000021" classname="graphs_other_cig01" name="graphs_other_cig01.qmd_table_v6_development"/>
    <testcase time="0.0040000000000191" classname="graphs_other_cig01" name="graphs_other_cig01.qmd_plot_v1_and_v2_development">
      <skipped message="Reason: Snapshot test is not implemented for object of class: gg, ggplot. ('test-graphs-other-cig01.R:1:1')"/>
    </testcase>
    <testcase time="0.0119999999999436" classname="graphs_other_cig01" name="graphs_other_cig01.qmd_plot_v3_development">
      <skipped message="Reason: Snapshot test is not implemented for object of class: gg, ggplot. ('test-graphs-other-cig01.R:1:1')"/>
    </testcase>
    <testcase time="0.0110000000000809" classname="graphs_other_cig01" name="graphs_other_cig01.qmd_plot_v4_development">
      <skipped message="Reason: Snapshot test is not implemented for object of class: gg, ggplot. ('test-graphs-other-cig01.R:1:1')"/>
    </testcase>
    <testcase time="0.0119999999999436" classname="graphs_other_cig01" name="graphs_other_cig01.qmd_plot_v5_development">
      <skipped message="Reason: Snapshot test is not implemented for object of class: gg, ggplot. ('test-graphs-other-cig01.R:1:1')"/>
    </testcase>
  </testsuite>
  <testsuite name="graphs-other-ippg01" timestamp="2024-10-24T15:46:53Z" hostname="7f43e6d9a897" tests="2" skipped="2" failures="0" errors="0" time="0.056">
    <testcase time="0.0439999999999827" classname="graphs_other_ippg01" name="graphs_other_ippg01.qmd_plots_v1_development">
      <skipped message="Reason: Snapshot test is not implemented for object of class: list. ('test-graphs-other-ippg01.R:1:1')"/>
    </testcase>
    <testcase time="0.0120000000000573" classname="graphs_other_ippg01" name="graphs_other_ippg01.qmd_plots_v2_development">
      <skipped message="Reason: Snapshot test is not implemented for object of class: list. ('test-graphs-other-ippg01.R:1:1')"/>
    </testcase>
  </testsuite>
  <testsuite name="graphs-other-ltg01" timestamp="2024-10-24T15:46:53Z" hostname="7f43e6d9a897" tests="7" skipped="7" failures="0" errors="0" time="0.157">
    <testcase time="0.0899999999999181" classname="graphs_other_ltg01" name="graphs_other_ltg01.qmd_plot_v1_development">
      <skipped message="Reason: Snapshot test is not implemented for object of class: gg, ggplot. ('test-graphs-other-ltg01.R:1:1')"/>
    </testcase>
    <testcase time="0.0109999999999673" classname="graphs_other_ltg01" name="graphs_other_ltg01.qmd_plot_v2_development">
      <skipped message="Reason: Snapshot test is not implemented for object of class: gg, ggplot. ('test-graphs-other-ltg01.R:1:1')"/>
    </testcase>
    <testcase time="0.0109999999999673" classname="graphs_other_ltg01" name="graphs_other_ltg01.qmd_plot_v3_development">
      <skipped message="Reason: Snapshot test is not implemented for object of class: gg, ggplot. ('test-graphs-other-ltg01.R:1:1')"/>
    </testcase>
    <testcase time="0.0109999999999673" classname="graphs_other_ltg01" name="graphs_other_ltg01.qmd_plot_v4_development">
      <skipped message="Reason: Snapshot test is not implemented for object of class: gg, ggplot. ('test-graphs-other-ltg01.R:1:1')"/>
    </testcase>
    <testcase time="0.0110000000000809" classname="graphs_other_ltg01" name="graphs_other_ltg01.qmd_plot_v51_development">
      <skipped message="Reason: Snapshot test is not implemented for object of class: gg, ggplot. ('test-graphs-other-ltg01.R:1:1')"/>
    </testcase>
    <testcase time="0.0119999999999436" classname="graphs_other_ltg01" name="graphs_other_ltg01.qmd_plot_v52_development">
      <skipped message="Reason: Snapshot test is not implemented for object of class: gg, ggplot. ('test-graphs-other-ltg01.R:1:1')"/>
    </testcase>
    <testcase time="0.0110000000000809" classname="graphs_other_ltg01" name="graphs_other_ltg01.qmd_plot_v53_development">
      <skipped message="Reason: Snapshot test is not implemented for object of class: gg, ggplot. ('test-graphs-other-ltg01.R:1:1')"/>
    </testcase>
  </testsuite>
  <testsuite name="graphs-other-mng01" timestamp="2024-10-24T15:46:53Z" hostname="7f43e6d9a897" tests="7" skipped="7" failures="0" errors="0" time="0.429">
    <testcase time="0.15199999999993" classname="graphs_other_mng01" name="graphs_other_mng01.qmd_plot_v1_development">
      <skipped message="Reason: Snapshot test is not implemented for object of class: gg, ggplot. ('test-graphs-other-mng01.R:1:1')"/>
    </testcase>
    <testcase time="0.0109999999999673" classname="graphs_other_mng01" name="graphs_other_mng01.qmd_plot_v2_development">
      <skipped message="Reason: Snapshot test is not implemented for object of class: gg, ggplot. ('test-graphs-other-mng01.R:1:1')"/>
    </testcase>
    <testcase time="0.0110000000000809" classname="graphs_other_mng01" name="graphs_other_mng01.qmd_plot_v3_development">
      <skipped message="Reason: Snapshot test is not implemented for object of class: gg, ggplot. ('test-graphs-other-mng01.R:1:1')"/>
    </testcase>
    <testcase time="0.0109999999999673" classname="graphs_other_mng01" name="graphs_other_mng01.qmd_plot_v4_development">
      <skipped message="Reason: Snapshot test is not implemented for object of class: gg, ggplot. ('test-graphs-other-mng01.R:1:1')"/>
    </testcase>
    <testcase time="0.0120000000000573" classname="graphs_other_mng01" name="graphs_other_mng01.qmd_plot_v5_development">
      <skipped message="Reason: Snapshot test is not implemented for object of class: gg, ggplot. ('test-graphs-other-mng01.R:1:1')"/>
    </testcase>
    <testcase time="0.219999999999914" classname="graphs_other_mng01" name="graphs_other_mng01.qmd_plot_v6_development">
      <skipped message="Reason: Snapshot test is not implemented for object of class: gg, ggplot. ('test-graphs-other-mng01.R:1:1')"/>
    </testcase>
    <testcase time="0.0120000000000573" classname="graphs_other_mng01" name="graphs_other_mng01.qmd_plot_v7_development">
      <skipped message="Reason: Snapshot test is not implemented for object of class: gg, ggplot. ('test-graphs-other-mng01.R:1:1')"/>
    </testcase>
  </testsuite>
  <testsuite name="graphs-pharmacokinetic-pkcg01" timestamp="2024-10-24T15:46:53Z" hostname="7f43e6d9a897" tests="2" skipped="2" failures="0" errors="0" time="0.043">
    <testcase time="0.0319999999999254" classname="graphs_pharmacokinetic_pkcg01" name="graphs_pharmacokinetic_pkcg01.qmd_plot_v1_development">
      <skipped message="Reason: Snapshot test is not implemented for object of class: gg, ggplot. ('test-graphs-pharmacokinetic-pkcg01.R:1:1')"/>
    </testcase>
    <testcase time="0.0110000000000809" classname="graphs_pharmacokinetic_pkcg01" name="graphs_pharmacokinetic_pkcg01.qmd_plot_v2_development">
      <skipped message="Reason: Snapshot test is not implemented for object of class: gg, ggplot. ('test-graphs-pharmacokinetic-pkcg01.R:1:1')"/>
    </testcase>
  </testsuite>
  <testsuite name="graphs-pharmacokinetic-pkcg02" timestamp="2024-10-24T15:46:53Z" hostname="7f43e6d9a897" tests="2" skipped="2" failures="0" errors="0" time="0.045">
    <testcase time="0.0339999999999918" classname="graphs_pharmacokinetic_pkcg02" name="graphs_pharmacokinetic_pkcg02.qmd_plot_v1_development">
      <skipped message="Reason: Snapshot test is not implemented for object of class: gg, ggplot. ('test-graphs-pharmacokinetic-pkcg02.R:1:1')"/>
    </testcase>
    <testcase time="0.0109999999999673" classname="graphs_pharmacokinetic_pkcg02" name="graphs_pharmacokinetic_pkcg02.qmd_plot_v2_development">
      <skipped message="Reason: Snapshot test is not implemented for object of class: gg, ggplot. ('test-graphs-pharmacokinetic-pkcg02.R:1:1')"/>
    </testcase>
  </testsuite>
  <testsuite name="graphs-pharmacokinetic-pkcg03" timestamp="2024-10-24T15:46:53Z" hostname="7f43e6d9a897" tests="2" skipped="2" failures="0" errors="0" time="0.065">
    <testcase time="0.0529999999999973" classname="graphs_pharmacokinetic_pkcg03" name="graphs_pharmacokinetic_pkcg03.qmd_plot_v1_development">
      <skipped message="Reason: Snapshot test is not implemented for object of class: gg, ggplot. ('test-graphs-pharmacokinetic-pkcg03.R:1:1')"/>
    </testcase>
    <testcase time="0.0120000000000573" classname="graphs_pharmacokinetic_pkcg03" name="graphs_pharmacokinetic_pkcg03.qmd_plot_v2_development">
      <skipped message="Reason: Snapshot test is not implemented for object of class: gg, ggplot. ('test-graphs-pharmacokinetic-pkcg03.R:1:1')"/>
    </testcase>
  </testsuite>
  <testsuite name="graphs-pharmacokinetic-pkpg01" timestamp="2024-10-24T15:46:53Z" hostname="7f43e6d9a897" tests="2" skipped="2" failures="0" errors="0" time="0.063">
    <testcase time="0.0519999999999072" classname="graphs_pharmacokinetic_pkpg01" name="graphs_pharmacokinetic_pkpg01.qmd_plot_v1_development">
      <skipped message="Reason: Snapshot test is not implemented for object of class: gg, ggplot. ('test-graphs-pharmacokinetic-pkpg01.R:1:1')"/>
    </testcase>
    <testcase time="0.0110000000000809" classname="graphs_pharmacokinetic_pkpg01" name="graphs_pharmacokinetic_pkpg01.qmd_plot_v2_development">
      <skipped message="Reason: Snapshot test is not implemented for object of class: gg, ggplot. ('test-graphs-pharmacokinetic-pkpg01.R:1:1')"/>
    </testcase>
  </testsuite>
  <testsuite name="graphs-pharmacokinetic-pkpg02" timestamp="2024-10-24T15:46:53Z" hostname="7f43e6d9a897" tests="2" skipped="2" failures="0" errors="0" time="0.071">
    <testcase time="0.0589999999999691" classname="graphs_pharmacokinetic_pkpg02" name="graphs_pharmacokinetic_pkpg02.qmd_plot_v1_development">
      <skipped message="Reason: Snapshot test is not implemented for object of class: gg, ggplot. ('test-graphs-pharmacokinetic-pkpg02.R:1:1')"/>
    </testcase>
    <testcase time="0.0119999999999436" classname="graphs_pharmacokinetic_pkpg02" name="graphs_pharmacokinetic_pkpg02.qmd_plot_v2_development">
      <skipped message="Reason: Snapshot test is not implemented for object of class: gg, ggplot. ('test-graphs-pharmacokinetic-pkpg02.R:1:1')"/>
    </testcase>
  </testsuite>
  <testsuite name="graphs-pharmacokinetic-pkpg03" timestamp="2024-10-24T15:46:53Z" hostname="7f43e6d9a897" tests="1" skipped="1" failures="0" errors="0" time="0.042">
    <testcase time="0.04200000000003" classname="graphs_pharmacokinetic_pkpg03" name="graphs_pharmacokinetic_pkpg03.qmd_plot_v1_development">
      <skipped message="Reason: Snapshot test is not implemented for object of class: gg, ggplot. ('test-graphs-pharmacokinetic-pkpg03.R:1:1')"/>
    </testcase>
  </testsuite>
  <testsuite name="graphs-pharmacokinetic-pkpg04" timestamp="2024-10-24T15:46:53Z" hostname="7f43e6d9a897" tests="1" skipped="1" failures="0" errors="0" time="0.05">
    <testcase time="0.0500000000000682" classname="graphs_pharmacokinetic_pkpg04" name="graphs_pharmacokinetic_pkpg04.qmd_plot_v1_development">
      <skipped message="Reason: Snapshot test is not implemented for object of class: gg, ggplot. ('test-graphs-pharmacokinetic-pkpg04.R:1:1')"/>
    </testcase>
  </testsuite>
  <testsuite name="graphs-pharmacokinetic-pkpg06" timestamp="2024-10-24T15:46:54Z" hostname="7f43e6d9a897" tests="4" skipped="4" failures="0" errors="0" time="0.069">
    <testcase time="0.0339999999999918" classname="graphs_pharmacokinetic_pkpg06" name="graphs_pharmacokinetic_pkpg06.qmd_plot_v1_development">
      <skipped message="Reason: Snapshot test is not implemented for object of class: gg, ggplot. ('test-graphs-pharmacokinetic-pkpg06.R:1:1')"/>
    </testcase>
    <testcase time="0.0119999999999436" classname="graphs_pharmacokinetic_pkpg06" name="graphs_pharmacokinetic_pkpg06.qmd_plot_v2_development">
      <skipped message="Reason: Snapshot test is not implemented for object of class: gg, ggplot. ('test-graphs-pharmacokinetic-pkpg06.R:1:1')"/>
    </testcase>
    <testcase time="0.0110000000000809" classname="graphs_pharmacokinetic_pkpg06" name="graphs_pharmacokinetic_pkpg06.qmd_plot_v3_development">
      <skipped message="Reason: Snapshot test is not implemented for object of class: gg, ggplot. ('test-graphs-pharmacokinetic-pkpg06.R:1:1')"/>
    </testcase>
    <testcase time="0.0119999999999436" classname="graphs_pharmacokinetic_pkpg06" name="graphs_pharmacokinetic_pkpg06.qmd_plot_v4_development">
      <skipped message="Reason: Snapshot test is not implemented for object of class: gg, ggplot. ('test-graphs-pharmacokinetic-pkpg06.R:1:1')"/>
    </testcase>
  </testsuite>
  <testsuite name="listings-ADA-adal02" timestamp="2024-10-24T15:46:54Z" hostname="7f43e6d9a897" tests="1" skipped="0" failures="0" errors="0" time="0.062">
    <testcase time="0.0620000000000118" classname="listings_ADA_adal02" name="listings_ADA_adal02.qmd_lsting_development"/>
  </testsuite>
  <testsuite name="listings-ECG-egl01" timestamp="2024-10-24T15:46:54Z" hostname="7f43e6d9a897" tests="1" skipped="0" failures="0" errors="0" time="0.054">
    <testcase time="0.0539999999999736" classname="listings_ECG_egl01" name="listings_ECG_egl01.qmd_lsting_development"/>
  </testsuite>
  <testsuite name="listings-adverse-events-ael01" timestamp="2024-10-24T15:46:54Z" hostname="7f43e6d9a897" tests="1" skipped="0" failures="0" errors="0" time="0.036">
    <testcase time="0.0360000000000582" classname="listings_adverse_events_ael01" name="listings_adverse_events_ael01.qmd_lsting_development"/>
  </testsuite>
  <testsuite name="listings-adverse-events-ael01_nollt" timestamp="2024-10-24T15:46:54Z" hostname="7f43e6d9a897" tests="1" skipped="0" failures="0" errors="0" time="0.035">
    <testcase time="0.0349999999999682" classname="listings_adverse_events_ael01_nollt" name="listings_adverse_events_ael01_nollt.qmd_lsting_development"/>
  </testsuite>
  <testsuite name="listings-adverse-events-ael02" timestamp="2024-10-24T15:46:54Z" hostname="7f43e6d9a897" tests="1" skipped="0" failures="0" errors="0" time="0.058">
    <testcase time="0.0579999999999927" classname="listings_adverse_events_ael02" name="listings_adverse_events_ael02.qmd_lsting_development"/>
  </testsuite>
  <testsuite name="listings-adverse-events-ael02_ed" timestamp="2024-10-24T15:46:54Z" hostname="7f43e6d9a897" tests="1" skipped="0" failures="0" errors="0" time="0.069">
    <testcase time="0.06899999999996" classname="listings_adverse_events_ael02_ed" name="listings_adverse_events_ael02_ed.qmd_lsting_development"/>
  </testsuite>
  <testsuite name="listings-adverse-events-ael03" timestamp="2024-10-24T15:46:54Z" hostname="7f43e6d9a897" tests="1" skipped="0" failures="0" errors="0" time="0.052">
    <testcase time="0.0520000000000209" classname="listings_adverse_events_ael03" name="listings_adverse_events_ael03.qmd_lsting_development"/>
  </testsuite>
  <testsuite name="listings-adverse-events-ael04" timestamp="2024-10-24T15:46:54Z" hostname="7f43e6d9a897" tests="1" skipped="0" failures="0" errors="0" time="0.043">
    <testcase time="0.0430000000000064" classname="listings_adverse_events_ael04" name="listings_adverse_events_ael04.qmd_lsting_development"/>
  </testsuite>
  <testsuite name="listings-concomitant-medications-cml01" timestamp="2024-10-24T15:46:54Z" hostname="7f43e6d9a897" tests="1" skipped="0" failures="0" errors="0" time="0.057">
    <testcase time="0.0570000000000164" classname="listings_concomitant_medications_cml01" name="listings_concomitant_medications_cml01.qmd_lsting_development"/>
  </testsuite>
  <testsuite name="listings-concomitant-medications-cml02a_gl" timestamp="2024-10-24T15:46:54Z" hostname="7f43e6d9a897" tests="1" skipped="0" failures="0" errors="0" time="0.034">
    <testcase time="0.0339999999999918" classname="listings_concomitant_medications_cml02a_gl" name="listings_concomitant_medications_cml02a_gl.qmd_lsting_development"/>
  </testsuite>
  <testsuite name="listings-concomitant-medications-cml02b_gl" timestamp="2024-10-24T15:46:54Z" hostname="7f43e6d9a897" tests="1" skipped="0" failures="0" errors="0" time="0.038">
    <testcase time="0.0380000000000109" classname="listings_concomitant_medications_cml02b_gl" name="listings_concomitant_medications_cml02b_gl.qmd_lsting_development"/>
  </testsuite>
  <testsuite name="listings-development-safety-update-report-dsur4" timestamp="2024-10-24T15:46:54Z" hostname="7f43e6d9a897" tests="1" skipped="0" failures="0" errors="0" time="0.035">
    <testcase time="0.0349999999999682" classname="listings_development_safety_update_report_dsur4" name="listings_development_safety_update_report_dsur4.qmd_lsting_development"/>
  </testsuite>
  <testsuite name="listings-disposition-dsl01" timestamp="2024-10-24T15:46:54Z" hostname="7f43e6d9a897" tests="1" skipped="0" failures="0" errors="0" time="0.04">
    <testcase time="0.0400000000000773" classname="listings_disposition_dsl01" name="listings_disposition_dsl01.qmd_lsting_development"/>
  </testsuite>
  <testsuite name="listings-disposition-dsl02" timestamp="2024-10-24T15:46:54Z" hostname="7f43e6d9a897" tests="1" skipped="0" failures="0" errors="0" time="0.043">
    <testcase time="0.0430000000000064" classname="listings_disposition_dsl02" name="listings_disposition_dsl02.qmd_lsting_development"/>
  </testsuite>
  <testsuite name="listings-efficacy-oncl01" timestamp="2024-10-24T15:46:54Z" hostname="7f43e6d9a897" tests="1" skipped="0" failures="0" errors="0" time="0.046">
    <testcase time="0.0459999999999354" classname="listings_efficacy_oncl01" name="listings_efficacy_oncl01.qmd_lsting_development"/>
  </testsuite>
  <testsuite name="listings-exposure-exl01" timestamp="2024-10-24T15:46:54Z" hostname="7f43e6d9a897" tests="1" skipped="0" failures="0" errors="0" time="0.049">
    <testcase time="0.0489999999999782" classname="listings_exposure_exl01" name="listings_exposure_exl01.qmd_lsting_development"/>
  </testsuite>
  <testsuite name="listings-lab-results-lbl01" timestamp="2024-10-24T15:46:54Z" hostname="7f43e6d9a897" tests="1" skipped="0" failures="0" errors="0" time="0.047">
    <testcase time="0.0470000000000255" classname="listings_lab_results_lbl01" name="listings_lab_results_lbl01.qmd_lsting_development"/>
  </testsuite>
  <testsuite name="listings-lab-results-lbl01_rls" timestamp="2024-10-24T15:46:54Z" hostname="7f43e6d9a897" tests="1" skipped="0" failures="0" errors="0" time="0.046">
    <testcase time="0.0460000000000491" classname="listings_lab_results_lbl01_rls" name="listings_lab_results_lbl01_rls.qmd_lsting_development"/>
  </testsuite>
  <testsuite name="listings-lab-results-lbl02a" timestamp="2024-10-24T15:46:54Z" hostname="7f43e6d9a897" tests="1" skipped="0" failures="0" errors="0" time="0.047">
    <testcase time="0.0469999999999118" classname="listings_lab_results_lbl02a" name="listings_lab_results_lbl02a.qmd_lsting_development"/>
  </testsuite>
  <testsuite name="listings-lab-results-lbl02a_rls" timestamp="2024-10-24T15:46:54Z" hostname="7f43e6d9a897" tests="1" skipped="0" failures="0" errors="0" time="0.071">
    <testcase time="0.0710000000000264" classname="listings_lab_results_lbl02a_rls" name="listings_lab_results_lbl02a_rls.qmd_lsting_development"/>
  </testsuite>
  <testsuite name="listings-lab-results-lbl02b" timestamp="2024-10-24T15:46:55Z" hostname="7f43e6d9a897" tests="1" skipped="0" failures="0" errors="0" time="0.048">
    <testcase time="0.0480000000000018" classname="listings_lab_results_lbl02b" name="listings_lab_results_lbl02b.qmd_lsting_development"/>
  </testsuite>
  <testsuite name="listings-medical-history-mhl01" timestamp="2024-10-24T15:46:55Z" hostname="7f43e6d9a897" tests="1" skipped="0" failures="0" errors="0" time="0.053">
    <testcase time="0.0529999999999973" classname="listings_medical_history_mhl01" name="listings_medical_history_mhl01.qmd_lsting_development"/>
  </testsuite>
  <testsuite name="listings-pharmacokinetic-pkcl01" timestamp="2024-10-24T15:46:55Z" hostname="7f43e6d9a897" tests="1" skipped="0" failures="0" errors="0" time="0.045">
    <testcase time="0.0450000000000728" classname="listings_pharmacokinetic_pkcl01" name="listings_pharmacokinetic_pkcl01.qmd_lsting_development"/>
  </testsuite>
  <testsuite name="listings-pharmacokinetic-pkcl02" timestamp="2024-10-24T15:46:55Z" hostname="7f43e6d9a897" tests="1" skipped="0" failures="0" errors="0" time="0.063">
    <testcase time="0.0629999999999882" classname="listings_pharmacokinetic_pkcl02" name="listings_pharmacokinetic_pkcl02.qmd_lsting_development"/>
  </testsuite>
  <testsuite name="listings-pharmacokinetic-pkpl01" timestamp="2024-10-24T15:46:55Z" hostname="7f43e6d9a897" tests="1" skipped="0" failures="0" errors="0" time="0.043">
    <testcase time="0.0430000000000064" classname="listings_pharmacokinetic_pkpl01" name="listings_pharmacokinetic_pkpl01.qmd_lsting_development"/>
  </testsuite>
  <testsuite name="listings-pharmacokinetic-pkpl02" timestamp="2024-10-24T15:46:55Z" hostname="7f43e6d9a897" tests="1" skipped="0" failures="0" errors="0" time="0.046">
    <testcase time="0.0459999999999354" classname="listings_pharmacokinetic_pkpl02" name="listings_pharmacokinetic_pkpl02.qmd_lsting_development"/>
  </testsuite>
  <testsuite name="listings-pharmacokinetic-pkpl04" timestamp="2024-10-24T15:46:55Z" hostname="7f43e6d9a897" tests="1" skipped="0" failures="0" errors="0" time="0.048">
    <testcase time="0.0480000000000018" classname="listings_pharmacokinetic_pkpl04" name="listings_pharmacokinetic_pkpl04.qmd_lsting_development"/>
  </testsuite>
  <testsuite name="listings-vital-signs-vsl01" timestamp="2024-10-24T15:46:55Z" hostname="7f43e6d9a897" tests="1" skipped="0" failures="0" errors="0" time="0.066">
    <testcase time="0.0660000000000309" classname="listings_vital_signs_vsl01" name="listings_vital_signs_vsl01.qmd_lsting_development"/>
  </testsuite>
  <testsuite name="tables-ADA-adat01" timestamp="2024-10-24T15:46:55Z" hostname="7f43e6d9a897" tests="1" skipped="0" failures="0" errors="0" time="0.212">
    <testcase time="0.211999999999989" classname="tables_ADA_adat01" name="tables_ADA_adat01.qmd_result_v1_development"/>
  </testsuite>
  <testsuite name="tables-ADA-adat02" timestamp="2024-10-24T15:46:55Z" hostname="7f43e6d9a897" tests="1" skipped="0" failures="0" errors="0" time="0.078">
    <testcase time="0.0779999999999745" classname="tables_ADA_adat02" name="tables_ADA_adat02.qmd_result_v1_development"/>
  </testsuite>
  <testsuite name="tables-ADA-adat03" timestamp="2024-10-24T15:46:55Z" hostname="7f43e6d9a897" tests="1" skipped="0" failures="0" errors="0" time="0.329">
    <testcase time="0.329000000000065" classname="tables_ADA_adat03" name="tables_ADA_adat03.qmd_result_v1_development"/>
  </testsuite>
  <testsuite name="tables-ADA-adat04a" timestamp="2024-10-24T15:46:56Z" hostname="7f43e6d9a897" tests="1" skipped="0" failures="0" errors="0" time="0.144">
    <testcase time="0.144000000000005" classname="tables_ADA_adat04a" name="tables_ADA_adat04a.qmd_result_v1_development"/>
  </testsuite>
  <testsuite name="tables-ADA-adat04b" timestamp="2024-10-24T15:46:56Z" hostname="7f43e6d9a897" tests="1" skipped="0" failures="0" errors="0" time="0.126">
    <testcase time="0.125999999999976" classname="tables_ADA_adat04b" name="tables_ADA_adat04b.qmd_result_v1_development"/>
  </testsuite>
  <testsuite name="tables-ECG-egt01" timestamp="2024-10-24T15:46:56Z" hostname="7f43e6d9a897" tests="1" skipped="0" failures="0" errors="0" time="0.542">
    <testcase time="0.54200000000003" classname="tables_ECG_egt01" name="tables_ECG_egt01.qmd_result_v1_development"/>
  </testsuite>
  <testsuite name="tables-ECG-egt02" timestamp="2024-10-24T15:46:56Z" hostname="7f43e6d9a897" tests="2" skipped="0" failures="0" errors="0" time="0.169">
    <testcase time="0.0889999999999418" classname="tables_ECG_egt02" name="tables_ECG_egt02.qmd_result_v1_development"/>
    <testcase time="0.0800000000000409" classname="tables_ECG_egt02" name="tables_ECG_egt02.qmd_result_v2_development"/>
  </testsuite>
  <testsuite name="tables-ECG-egt03" timestamp="2024-10-24T15:46:58Z" hostname="7f43e6d9a897" tests="2" skipped="0" failures="0" errors="0" time="1.341">
    <testcase time="1.22500000000002" classname="tables_ECG_egt03" name="tables_ECG_egt03.qmd_result_v1_development"/>
    <testcase time="0.115999999999985" classname="tables_ECG_egt03" name="tables_ECG_egt03.qmd_result_v2_development"/>
  </testsuite>
  <testsuite name="tables-ECG-egt04" timestamp="2024-10-24T15:46:58Z" hostname="7f43e6d9a897" tests="1" skipped="0" failures="0" errors="0" time="0.233">
    <testcase time="0.232999999999947" classname="tables_ECG_egt04" name="tables_ECG_egt04.qmd_result_v1_development"/>
  </testsuite>
  <testsuite name="tables-ECG-egt05_qtcat" timestamp="2024-10-24T15:46:58Z" hostname="7f43e6d9a897" tests="1" skipped="0" failures="0" errors="0" time="0.292">
    <testcase time="0.29200000000003" classname="tables_ECG_egt05_qtcat" name="tables_ECG_egt05_qtcat.qmd_result_v1_development"/>
  </testsuite>
  <testsuite name="tables-adverse-events-aet01" timestamp="2024-10-24T15:46:58Z" hostname="7f43e6d9a897" tests="4" skipped="0" failures="0" errors="0" time="0.488">
    <testcase time="0.134999999999991" classname="tables_adverse_events_aet01" name="tables_adverse_events_aet01.qmd_result_v1_development"/>
    <testcase time="0.131999999999948" classname="tables_adverse_events_aet01" name="tables_adverse_events_aet01.qmd_result_v2_development"/>
    <testcase time="0.0960000000000036" classname="tables_adverse_events_aet01" name="tables_adverse_events_aet01.qmd_result_v3_development"/>
    <testcase time="0.125" classname="tables_adverse_events_aet01" name="tables_adverse_events_aet01.qmd_result_v4_development"/>
  </testsuite>
  <testsuite name="tables-adverse-events-aet01_aesi" timestamp="2024-10-24T15:46:59Z" hostname="7f43e6d9a897" tests="4" skipped="0" failures="0" errors="0" time="0.659">
    <testcase time="0.134000000000015" classname="tables_adverse_events_aet01_aesi" name="tables_adverse_events_aet01_aesi.qmd_result_v1_development"/>
    <testcase time="0.160000000000082" classname="tables_adverse_events_aet01_aesi" name="tables_adverse_events_aet01_aesi.qmd_result_v2_development"/>
    <testcase time="0.206999999999994" classname="tables_adverse_events_aet01_aesi" name="tables_adverse_events_aet01_aesi.qmd_result_v3_development"/>
    <testcase time="0.157999999999902" classname="tables_adverse_events_aet01_aesi" name="tables_adverse_events_aet01_aesi.qmd_result_v4_development"/>
  </testsuite>
  <testsuite name="tables-adverse-events-aet02" timestamp="2024-10-24T15:47:00Z" hostname="7f43e6d9a897" tests="13" skipped="0" failures="0" errors="0" time="1.957">
    <testcase time="0.322000000000003" classname="tables_adverse_events_aet02" name="tables_adverse_events_aet02.qmd_result_v1_development"/>
    <testcase time="0.176999999999907" classname="tables_adverse_events_aet02" name="tables_adverse_events_aet02.qmd_result_v2_development"/>
    <testcase time="0.191000000000031" classname="tables_adverse_events_aet02" name="tables_adverse_events_aet02.qmd_result_v3_development"/>
    <testcase time="0.254999999999995" classname="tables_adverse_events_aet02" name="tables_adverse_events_aet02.qmd_result_v4_development"/>
    <testcase time="0.100999999999999" classname="tables_adverse_events_aet02" name="tables_adverse_events_aet02.qmd_result_v5_development"/>
    <testcase time="0.158999999999992" classname="tables_adverse_events_aet02" name="tables_adverse_events_aet02.qmd_result_v6_development"/>
    <testcase time="0.105999999999995" classname="tables_adverse_events_aet02" name="tables_adverse_events_aet02.qmd_result_v7_development"/>
    <testcase time="0.145000000000095" classname="tables_adverse_events_aet02" name="tables_adverse_events_aet02.qmd_result_v8_development"/>
    <testcase time="0.105999999999995" classname="tables_adverse_events_aet02" name="tables_adverse_events_aet02.qmd_result_v9_development"/>
    <testcase time="0.106999999999971" classname="tables_adverse_events_aet02" name="tables_adverse_events_aet02.qmd_result_v10_development"/>
    <testcase time="0.0869999999999891" classname="tables_adverse_events_aet02" name="tables_adverse_events_aet02.qmd_result_v11_development"/>
    <testcase time="0.109000000000037" classname="tables_adverse_events_aet02" name="tables_adverse_events_aet02.qmd_result_v12_development"/>
    <testcase time="0.0919999999998709" classname="tables_adverse_events_aet02" name="tables_adverse_events_aet02.qmd_result_v13_development"/>
  </testsuite>
  <testsuite name="tables-adverse-events-aet02_smq" timestamp="2024-10-24T15:47:02Z" hostname="7f43e6d9a897" tests="2" skipped="0" failures="0" errors="0" time="0.185">
    <testcase time="0.0860000000000127" classname="tables_adverse_events_aet02_smq" name="tables_adverse_events_aet02_smq.qmd_result_v1_development"/>
    <testcase time="0.0990000000001601" classname="tables_adverse_events_aet02_smq" name="tables_adverse_events_aet02_smq.qmd_result_v2_development"/>
  </testsuite>
  <testsuite name="tables-adverse-events-aet03" timestamp="2024-10-24T15:47:02Z" hostname="7f43e6d9a897" tests="1" skipped="0" failures="0" errors="0" time="0.338">
    <testcase time="0.337999999999965" classname="tables_adverse_events_aet03" name="tables_adverse_events_aet03.qmd_result_v1_development"/>
  </testsuite>
  <testsuite name="tables-adverse-events-aet04" timestamp="2024-10-24T15:47:02Z" hostname="7f43e6d9a897" tests="8" skipped="0" failures="0" errors="0" time="3.502">
    <testcase time="0.594000000000051" classname="tables_adverse_events_aet04" name="tables_adverse_events_aet04.qmd_result_v1_development"/>
    <testcase time="0.350999999999885" classname="tables_adverse_events_aet04" name="tables_adverse_events_aet04.qmd_result_v2_development"/>
    <testcase time="0.663999999999987" classname="tables_adverse_events_aet04" name="tables_adverse_events_aet04.qmd_result_v3_development"/>
    <testcase time="0.367999999999938" classname="tables_adverse_events_aet04" name="tables_adverse_events_aet04.qmd_result_v4_development"/>
    <testcase time="0.358000000000175" classname="tables_adverse_events_aet04" name="tables_adverse_events_aet04.qmd_result_v6_development"/>
    <testcase time="0.355999999999995" classname="tables_adverse_events_aet04" name="tables_adverse_events_aet04.qmd_result_v8_development"/>
    <testcase time="0.437999999999874" classname="tables_adverse_events_aet04" name="tables_adverse_events_aet04.qmd_result_v9_development"/>
    <testcase time="0.373000000000047" classname="tables_adverse_events_aet04" name="tables_adverse_events_aet04.qmd_result_v11_development"/>
  </testsuite>
  <testsuite name="tables-adverse-events-aet04_pi" timestamp="2024-10-24T15:47:06Z" hostname="7f43e6d9a897" tests="8" skipped="0" failures="0" errors="0" time="2.024">
    <testcase time="0.712999999999965" classname="tables_adverse_events_aet04_pi" name="tables_adverse_events_aet04_pi.qmd_result_v1_development"/>
    <testcase time="0.132000000000062" classname="tables_adverse_events_aet04_pi" name="tables_adverse_events_aet04_pi.qmd_result_v2_development"/>
    <testcase time="0.129999999999882" classname="tables_adverse_events_aet04_pi" name="tables_adverse_events_aet04_pi.qmd_result_v3_development"/>
    <testcase time="0.460000000000036" classname="tables_adverse_events_aet04_pi" name="tables_adverse_events_aet04_pi.qmd_result_v4_development"/>
    <testcase time="0.149000000000115" classname="tables_adverse_events_aet04_pi" name="tables_adverse_events_aet04_pi.qmd_result_v5_development"/>
    <testcase time="0.15300000000002" classname="tables_adverse_events_aet04_pi" name="tables_adverse_events_aet04_pi.qmd_result_v6_development"/>
    <testcase time="0.142999999999802" classname="tables_adverse_events_aet04_pi" name="tables_adverse_events_aet04_pi.qmd_result_v7_development"/>
    <testcase time="0.144000000000005" classname="tables_adverse_events_aet04_pi" name="tables_adverse_events_aet04_pi.qmd_result_v8_development"/>
  </testsuite>
  <testsuite name="tables-adverse-events-aet05" timestamp="2024-10-24T15:47:08Z" hostname="7f43e6d9a897" tests="2" skipped="0" failures="0" errors="0" time="0.139">
    <testcase time="0.0750000000000455" classname="tables_adverse_events_aet05" name="tables_adverse_events_aet05.qmd_result_v1_development"/>
    <testcase time="0.0640000000000782" classname="tables_adverse_events_aet05" name="tables_adverse_events_aet05.qmd_result_v2_development"/>
  </testsuite>
  <testsuite name="tables-adverse-events-aet05_all" timestamp="2024-10-24T15:47:08Z" hostname="7f43e6d9a897" tests="2" skipped="0" failures="0" errors="0" time="0.132">
    <testcase time="0.0679999999999836" classname="tables_adverse_events_aet05_all" name="tables_adverse_events_aet05_all.qmd_result_v1_development"/>
    <testcase time="0.0640000000000782" classname="tables_adverse_events_aet05_all" name="tables_adverse_events_aet05_all.qmd_result_v2_development"/>
  </testsuite>
  <testsuite name="tables-adverse-events-aet06" timestamp="2024-10-24T15:47:08Z" hostname="7f43e6d9a897" tests="5" skipped="0" failures="0" errors="0" time="1.622">
    <testcase time="0.459999999999809" classname="tables_adverse_events_aet06" name="tables_adverse_events_aet06.qmd_result_v1_development"/>
    <testcase time="0.273000000000138" classname="tables_adverse_events_aet06" name="tables_adverse_events_aet06.qmd_result_v2_development"/>
    <testcase time="0.322999999999865" classname="tables_adverse_events_aet06" name="tables_adverse_events_aet06.qmd_result_v3_development"/>
    <testcase time="0.225000000000136" classname="tables_adverse_events_aet06" name="tables_adverse_events_aet06.qmd_result_v4_development"/>
    <testcase time="0.340999999999894" classname="tables_adverse_events_aet06" name="tables_adverse_events_aet06.qmd_result_v5_development"/>
  </testsuite>
  <testsuite name="tables-adverse-events-aet06_smq" timestamp="2024-10-24T15:47:09Z" hostname="7f43e6d9a897" tests="3" skipped="0" failures="0" errors="0" time="0.389">
    <testcase time="0.138000000000147" classname="tables_adverse_events_aet06_smq" name="tables_adverse_events_aet06_smq.qmd_result_v1_development"/>
    <testcase time="0.145999999999958" classname="tables_adverse_events_aet06_smq" name="tables_adverse_events_aet06_smq.qmd_result_v2_development"/>
    <testcase time="0.105000000000018" classname="tables_adverse_events_aet06_smq" name="tables_adverse_events_aet06_smq.qmd_result_v3_development"/>
  </testsuite>
  <testsuite name="tables-adverse-events-aet07" timestamp="2024-10-24T15:47:10Z" hostname="7f43e6d9a897" tests="2" skipped="0" failures="0" errors="0" time="0.134">
    <testcase time="0.0670000000000073" classname="tables_adverse_events_aet07" name="tables_adverse_events_aet07.qmd_result_v1_development"/>
    <testcase time="0.0670000000000073" classname="tables_adverse_events_aet07" name="tables_adverse_events_aet07.qmd_result_v2_development"/>
  </testsuite>
  <testsuite name="tables-adverse-events-aet09" timestamp="2024-10-24T15:47:10Z" hostname="7f43e6d9a897" tests="2" skipped="0" failures="0" errors="0" time="0.345">
    <testcase time="0.162000000000035" classname="tables_adverse_events_aet09" name="tables_adverse_events_aet09.qmd_result_v1_development"/>
    <testcase time="0.182999999999993" classname="tables_adverse_events_aet09" name="tables_adverse_events_aet09.qmd_result_v2_development"/>
  </testsuite>
  <testsuite name="tables-adverse-events-aet09_smq" timestamp="2024-10-24T15:47:10Z" hostname="7f43e6d9a897" tests="2" skipped="0" failures="0" errors="0" time="0.182">
    <testcase time="0.0839999999998327" classname="tables_adverse_events_aet09_smq" name="tables_adverse_events_aet09_smq.qmd_result_v1_development"/>
    <testcase time="0.0980000000001837" classname="tables_adverse_events_aet09_smq" name="tables_adverse_events_aet09_smq.qmd_result_v2_development"/>
  </testsuite>
  <testsuite name="tables-adverse-events-aet10" timestamp="2024-10-24T15:47:11Z" hostname="7f43e6d9a897" tests="2" skipped="0" failures="0" errors="0" time="0.218">
    <testcase time="0.120999999999867" classname="tables_adverse_events_aet10" name="tables_adverse_events_aet10.qmd_result_v1_development"/>
    <testcase time="0.09699999999998" classname="tables_adverse_events_aet10" name="tables_adverse_events_aet10.qmd_result_v2_development"/>
  </testsuite>
  <testsuite name="tables-concomitant-medications-cmt01" timestamp="2024-10-24T15:47:11Z" hostname="7f43e6d9a897" tests="4" skipped="0" failures="0" errors="0" time="0.454">
    <testcase time="0.133000000000038" classname="tables_concomitant_medications_cmt01" name="tables_concomitant_medications_cmt01.qmd_result_v1_development"/>
    <testcase time="0.09699999999998" classname="tables_concomitant_medications_cmt01" name="tables_concomitant_medications_cmt01.qmd_result_v2_development"/>
    <testcase time="0.0989999999999327" classname="tables_concomitant_medications_cmt01" name="tables_concomitant_medications_cmt01.qmd_result_v3_development"/>
    <testcase time="0.125" classname="tables_concomitant_medications_cmt01" name="tables_concomitant_medications_cmt01.qmd_result_v4_development"/>
  </testsuite>
  <testsuite name="tables-concomitant-medications-cmt01a" timestamp="2024-10-24T15:47:11Z" hostname="7f43e6d9a897" tests="4" skipped="0" failures="0" errors="0" time="0.821">
    <testcase time="0.235999999999876" classname="tables_concomitant_medications_cmt01a" name="tables_concomitant_medications_cmt01a.qmd_result_v1_development"/>
    <testcase time="0.18100000000004" classname="tables_concomitant_medications_cmt01a" name="tables_concomitant_medications_cmt01a.qmd_result_v2_development"/>
    <testcase time="0.233999999999924" classname="tables_concomitant_medications_cmt01a" name="tables_concomitant_medications_cmt01a.qmd_result_v3_development"/>
    <testcase time="0.170000000000073" classname="tables_concomitant_medications_cmt01a" name="tables_concomitant_medications_cmt01a.qmd_result_v4_development"/>
  </testsuite>
  <testsuite name="tables-concomitant-medications-cmt01b" timestamp="2024-10-24T15:47:12Z" hostname="7f43e6d9a897" tests="3" skipped="0" failures="0" errors="0" time="0.905">
    <testcase time="0.365000000000009" classname="tables_concomitant_medications_cmt01b" name="tables_concomitant_medications_cmt01b.qmd_result_v1_development"/>
    <testcase time="0.226999999999862" classname="tables_concomitant_medications_cmt01b" name="tables_concomitant_medications_cmt01b.qmd_result_v2_development"/>
    <testcase time="0.313000000000102" classname="tables_concomitant_medications_cmt01b" name="tables_concomitant_medications_cmt01b.qmd_result_v4_development"/>
  </testsuite>
  <testsuite name="tables-concomitant-medications-cmt02_pt" timestamp="2024-10-24T15:47:13Z" hostname="7f43e6d9a897" tests="1" skipped="0" failures="0" errors="0" time="0.113">
    <testcase time="0.113000000000056" classname="tables_concomitant_medications_cmt02_pt" name="tables_concomitant_medications_cmt02_pt.qmd_result_v1_development"/>
  </testsuite>
  <testsuite name="tables-deaths-dtht01" timestamp="2024-10-24T15:47:13Z" hostname="7f43e6d9a897" tests="4" skipped="0" failures="0" errors="0" time="0.581">
    <testcase time="0.196999999999889" classname="tables_deaths_dtht01" name="tables_deaths_dtht01.qmd_result_v1_development"/>
    <testcase time="0.178000000000111" classname="tables_deaths_dtht01" name="tables_deaths_dtht01.qmd_result_v2_development"/>
    <testcase time="0.0950000000000273" classname="tables_deaths_dtht01" name="tables_deaths_dtht01.qmd_result_v3_development"/>
    <testcase time="0.110999999999876" classname="tables_deaths_dtht01" name="tables_deaths_dtht01.qmd_result_v4_development"/>
  </testsuite>
  <testsuite name="tables-demography-dmt01" timestamp="2024-10-24T15:47:14Z" hostname="7f43e6d9a897" tests="5" skipped="0" failures="0" errors="0" time="0.884">
    <testcase time="0.23700000000008" classname="tables_demography_dmt01" name="tables_demography_dmt01.qmd_result_v1_development"/>
    <testcase time="0.183999999999969" classname="tables_demography_dmt01" name="tables_demography_dmt01.qmd_result_v2_development"/>
    <testcase time="0.170000000000073" classname="tables_demography_dmt01" name="tables_demography_dmt01.qmd_result_v3_development"/>
    <testcase time="0.156999999999925" classname="tables_demography_dmt01" name="tables_demography_dmt01.qmd_result_v4_development"/>
    <testcase time="0.135999999999967" classname="tables_demography_dmt01" name="tables_demography_dmt01.qmd_result_v5_development"/>
  </testsuite>
  <testsuite name="tables-disclosures-disclosurest01" timestamp="2024-10-24T15:47:15Z" hostname="7f43e6d9a897" tests="6" skipped="0" failures="0" errors="0" time="0.773">
    <testcase time="0.179000000000087" classname="tables_disclosures_disclosurest01" name="tables_disclosures_disclosurest01.qmd_result_v1_development"/>
    <testcase time="0.18100000000004" classname="tables_disclosures_disclosurest01" name="tables_disclosures_disclosurest01.qmd_result_v2_development"/>
    <testcase time="0.102999999999838" classname="tables_disclosures_disclosurest01" name="tables_disclosures_disclosurest01.qmd_result_v3_development"/>
    <testcase time="0.1400000000001" classname="tables_disclosures_disclosurest01" name="tables_disclosures_disclosurest01.qmd_result_v4_development"/>
    <testcase time="0.105999999999995" classname="tables_disclosures_disclosurest01" name="tables_disclosures_disclosurest01.qmd_result_v5_development"/>
    <testcase time="0.0640000000000782" classname="tables_disclosures_disclosurest01" name="tables_disclosures_disclosurest01.qmd_result_v6_development"/>
  </testsuite>
  <testsuite name="tables-disclosures-eudrat01" timestamp="2024-10-24T15:47:15Z" hostname="7f43e6d9a897" tests="1" skipped="0" failures="0" errors="0" time="0.189">
    <testcase time="0.188999999999851" classname="tables_disclosures_eudrat01" name="tables_disclosures_eudrat01.qmd_result_v1_development"/>
  </testsuite>
  <testsuite name="tables-disclosures-eudrat02" timestamp="2024-10-24T15:47:15Z" hostname="7f43e6d9a897" tests="1" skipped="0" failures="0" errors="0" time="0.117">
    <testcase time="0.116999999999962" classname="tables_disclosures_eudrat02" name="tables_disclosures_eudrat02.qmd_result_v1_development"/>
  </testsuite>
  <testsuite name="tables-disposition-dst01" timestamp="2024-10-24T15:47:16Z" hostname="7f43e6d9a897" tests="3" skipped="0" failures="0" errors="0" time="0.426">
    <testcase time="0.183999999999969" classname="tables_disposition_dst01" name="tables_disposition_dst01.qmd_result_v1_development"/>
    <testcase time="0.120000000000118" classname="tables_disposition_dst01" name="tables_disposition_dst01.qmd_result_v2_development"/>
    <testcase time="0.122000000000071" classname="tables_disposition_dst01" name="tables_disposition_dst01.qmd_result_v3_development"/>
  </testsuite>
  <testsuite name="tables-disposition-pdt01" timestamp="2024-10-24T15:47:16Z" hostname="7f43e6d9a897" tests="1" skipped="0" failures="0" errors="0" time="0.18">
    <testcase time="0.179999999999836" classname="tables_disposition_pdt01" name="tables_disposition_pdt01.qmd_result_v1_development"/>
  </testsuite>
  <testsuite name="tables-disposition-pdt02" timestamp="2024-10-24T15:47:16Z" hostname="7f43e6d9a897" tests="1" skipped="0" failures="0" errors="0" time="0.094">
    <testcase time="0.0940000000000509" classname="tables_disposition_pdt02" name="tables_disposition_pdt02.qmd_result_v1_development"/>
  </testsuite>
  <testsuite name="tables-efficacy-aovt01" timestamp="2024-10-24T15:47:17Z" hostname="7f43e6d9a897" tests="1" skipped="0" failures="0" errors="0" time="0.895">
    <testcase time="0.894999999999982" classname="tables_efficacy_aovt01" name="tables_efficacy_aovt01.qmd_result_v1_development"/>
  </testsuite>
  <testsuite name="tables-efficacy-aovt02" timestamp="2024-10-24T15:47:17Z" hostname="7f43e6d9a897" tests="1" skipped="0" failures="0" errors="0" time="0.171">
    <testcase time="0.171000000000049" classname="tables_efficacy_aovt02" name="tables_efficacy_aovt02.qmd_result_v1_development"/>
  </testsuite>
  <testsuite name="tables-efficacy-aovt03" timestamp="2024-10-24T15:47:18Z" hostname="7f43e6d9a897" tests="1" skipped="0" failures="0" errors="0" time="0.947">
    <testcase time="0.947000000000116" classname="tables_efficacy_aovt03" name="tables_efficacy_aovt03.qmd_result_v1_development"/>
  </testsuite>
  <testsuite name="tables-efficacy-cfbt01" timestamp="2024-10-24T15:47:18Z" hostname="7f43e6d9a897" tests="1" skipped="0" failures="0" errors="0" time="0.419">
    <testcase time="0.418999999999869" classname="tables_efficacy_cfbt01" name="tables_efficacy_cfbt01.qmd_result_v1_development"/>
  </testsuite>
  <testsuite name="tables-efficacy-cmht01" timestamp="2024-10-24T15:47:20Z" hostname="7f43e6d9a897" tests="2" skipped="0" failures="0" errors="0" time="2.094">
    <testcase time="1.83500000000004" classname="tables_efficacy_cmht01" name="tables_efficacy_cmht01.qmd_result_v1_development"/>
    <testcase time="0.259000000000015" classname="tables_efficacy_cmht01" name="tables_efficacy_cmht01.qmd_result_v2_development"/>
  </testsuite>
  <testsuite name="tables-efficacy-coxt01" timestamp="2024-10-24T15:47:21Z" hostname="7f43e6d9a897" tests="4" skipped="0" failures="0" errors="0" time="0.49">
    <testcase time="0.170000000000073" classname="tables_efficacy_coxt01" name="tables_efficacy_coxt01.qmd_result_v1_development"/>
    <testcase time="0.121999999999844" classname="tables_efficacy_coxt01" name="tables_efficacy_coxt01.qmd_result_v2_development"/>
    <testcase time="0.09699999999998" classname="tables_efficacy_coxt01" name="tables_efficacy_coxt01.qmd_result_v3_development"/>
    <testcase time="0.101000000000113" classname="tables_efficacy_coxt01" name="tables_efficacy_coxt01.qmd_result_v4_development"/>
  </testsuite>
  <testsuite name="tables-efficacy-coxt02" timestamp="2024-10-24T15:47:21Z" hostname="7f43e6d9a897" tests="2" skipped="0" failures="0" errors="0" time="0.168">
    <testcase time="0.0950000000000273" classname="tables_efficacy_coxt02" name="tables_efficacy_coxt02.qmd_result_v1_development"/>
    <testcase time="0.0729999999998654" classname="tables_efficacy_coxt02" name="tables_efficacy_coxt02.qmd_result_v2_development"/>
  </testsuite>
  <testsuite name="tables-efficacy-dort01" timestamp="2024-10-24T15:47:22Z" hostname="7f43e6d9a897" tests="4" skipped="0" failures="0" errors="0" time="1.198">
    <testcase time="0.894000000000005" classname="tables_efficacy_dort01" name="tables_efficacy_dort01.qmd_result_v1_development"/>
    <testcase time="0.101000000000113" classname="tables_efficacy_dort01" name="tables_efficacy_dort01.qmd_result_v2_development"/>
    <testcase time="0.101999999999862" classname="tables_efficacy_dort01" name="tables_efficacy_dort01.qmd_result_v3_development"/>
    <testcase time="0.101000000000113" classname="tables_efficacy_dort01" name="tables_efficacy_dort01.qmd_result_v4_development"/>
  </testsuite>
  <testsuite name="tables-efficacy-lgrt02" timestamp="2024-10-24T15:47:23Z" hostname="7f43e6d9a897" tests="4" skipped="0" failures="0" errors="0" time="0.678">
    <testcase time="0.211000000000013" classname="tables_efficacy_lgrt02" name="tables_efficacy_lgrt02.qmd_result_v1_development"/>
    <testcase time="0.161000000000058" classname="tables_efficacy_lgrt02" name="tables_efficacy_lgrt02.qmd_result_v2_development"/>
    <testcase time="0.138999999999896" classname="tables_efficacy_lgrt02" name="tables_efficacy_lgrt02.qmd_result_v3_development"/>
    <testcase time="0.166999999999916" classname="tables_efficacy_lgrt02" name="tables_efficacy_lgrt02.qmd_result_v4_development"/>
  </testsuite>
  <testsuite name="tables-efficacy-mmrmt01" timestamp="2024-10-24T15:47:23Z" hostname="7f43e6d9a897" tests="4" skipped="0" failures="0" errors="0" time="0.634">
    <testcase time="0.20900000000006" classname="tables_efficacy_mmrmt01" name="tables_efficacy_mmrmt01.qmd_result_v1_development"/>
    <testcase time="0.0899999999999181" classname="tables_efficacy_mmrmt01" name="tables_efficacy_mmrmt01.qmd_result_v2_development"/>
    <testcase time="0.245000000000118" classname="tables_efficacy_mmrmt01" name="tables_efficacy_mmrmt01.qmd_result_v3_development"/>
    <testcase time="0.0899999999999181" classname="tables_efficacy_mmrmt01" name="tables_efficacy_mmrmt01.qmd_result_baseline_development"/>
  </testsuite>
  <testsuite name="tables-efficacy-onct05" timestamp="2024-10-24T15:47:24Z" hostname="7f43e6d9a897" tests="4" skipped="0" failures="0" errors="0" time="0.648">
    <testcase time="0.241000000000213" classname="tables_efficacy_onct05" name="tables_efficacy_onct05.qmd_result_v1_development"/>
    <testcase time="0.146999999999935" classname="tables_efficacy_onct05" name="tables_efficacy_onct05.qmd_result_v2_development"/>
    <testcase time="0.130999999999858" classname="tables_efficacy_onct05" name="tables_efficacy_onct05.qmd_result_v3_development"/>
    <testcase time="0.129000000000133" classname="tables_efficacy_onct05" name="tables_efficacy_onct05.qmd_result_v4_development"/>
  </testsuite>
  <testsuite name="tables-efficacy-ratet01" timestamp="2024-10-24T15:47:25Z" hostname="7f43e6d9a897" tests="1" skipped="0" failures="0" errors="0" time="0.272">
    <testcase time="0.271999999999935" classname="tables_efficacy_ratet01" name="tables_efficacy_ratet01.qmd_result_v1_development"/>
  </testsuite>
  <testsuite name="tables-efficacy-rspt01" timestamp="2024-10-24T15:47:25Z" hostname="7f43e6d9a897" tests="6" skipped="0" failures="0" errors="0" time="1.032">
    <testcase time="0.444999999999936" classname="tables_efficacy_rspt01" name="tables_efficacy_rspt01.qmd_result_v1_development"/>
    <testcase time="0.134999999999991" classname="tables_efficacy_rspt01" name="tables_efficacy_rspt01.qmd_result_v2_development"/>
    <testcase time="0.108000000000175" classname="tables_efficacy_rspt01" name="tables_efficacy_rspt01.qmd_result_v3_development"/>
    <testcase time="0.126999999999953" classname="tables_efficacy_rspt01" name="tables_efficacy_rspt01.qmd_result_v4_development"/>
    <testcase time="0.117999999999938" classname="tables_efficacy_rspt01" name="tables_efficacy_rspt01.qmd_result_v5_development"/>
    <testcase time="0.0989999999999327" classname="tables_efficacy_rspt01" name="tables_efficacy_rspt01.qmd_result_v6_development"/>
  </testsuite>
  <testsuite name="tables-efficacy-ttet01" timestamp="2024-10-24T15:47:27Z" hostname="7f43e6d9a897" tests="6" skipped="0" failures="0" errors="0" time="2.036">
    <testcase time="1.20700000000011" classname="tables_efficacy_ttet01" name="tables_efficacy_ttet01.qmd_result_v1_development"/>
    <testcase time="0.127999999999929" classname="tables_efficacy_ttet01" name="tables_efficacy_ttet01.qmd_result_v2_development"/>
    <testcase time="0.259999999999991" classname="tables_efficacy_ttet01" name="tables_efficacy_ttet01.qmd_result_v3_development"/>
    <testcase time="0.151000000000067" classname="tables_efficacy_ttet01" name="tables_efficacy_ttet01.qmd_result_v4_development"/>
    <testcase time="0.138999999999896" classname="tables_efficacy_ttet01" name="tables_efficacy_ttet01.qmd_result_v5_development"/>
    <testcase time="0.151000000000067" classname="tables_efficacy_ttet01" name="tables_efficacy_ttet01.qmd_result_v6_development"/>
  </testsuite>
  <testsuite name="tables-exposure-ext01" timestamp="2024-10-24T15:47:28Z" hostname="7f43e6d9a897" tests="3" skipped="0" failures="0" errors="0" time="0.635">
    <testcase time="0.215000000000146" classname="tables_exposure_ext01" name="tables_exposure_ext01.qmd_result_v1_development"/>
    <testcase time="0.194999999999936" classname="tables_exposure_ext01" name="tables_exposure_ext01.qmd_result_v2_development"/>
    <testcase time="0.224999999999909" classname="tables_exposure_ext01" name="tables_exposure_ext01.qmd_result_v3_development"/>
  </testsuite>
  <testsuite name="tables-lab-results-lbt01" timestamp="2024-10-24T15:47:29Z" hostname="7f43e6d9a897" tests="1" skipped="0" failures="0" errors="0" time="0.239">
    <testcase time="0.239000000000033" classname="tables_lab_results_lbt01" name="tables_lab_results_lbt01.qmd_result_v1_development"/>
  </testsuite>
  <testsuite name="tables-lab-results-lbt02" timestamp="2024-10-24T15:47:29Z" hostname="7f43e6d9a897" tests="1" skipped="0" failures="0" errors="0" time="0.173">
    <testcase time="0.173000000000002" classname="tables_lab_results_lbt02" name="tables_lab_results_lbt02.qmd_result_v1_development"/>
  </testsuite>
  <testsuite name="tables-lab-results-lbt03" timestamp="2024-10-24T15:47:29Z" hostname="7f43e6d9a897" tests="2" skipped="0" failures="0" errors="0" time="0.308">
    <testcase time="0.166999999999916" classname="tables_lab_results_lbt03" name="tables_lab_results_lbt03.qmd_result_v1_development"/>
    <testcase time="0.141000000000076" classname="tables_lab_results_lbt03" name="tables_lab_results_lbt03.qmd_result_v2_development"/>
  </testsuite>
  <testsuite name="tables-lab-results-lbt04" timestamp="2024-10-24T15:47:29Z" hostname="7f43e6d9a897" tests="1" skipped="0" failures="0" errors="0" time="0.088">
    <testcase time="0.0879999999999654" classname="tables_lab_results_lbt04" name="tables_lab_results_lbt04.qmd_result_v1_development"/>
  </testsuite>
  <testsuite name="tables-lab-results-lbt05" timestamp="2024-10-24T15:47:29Z" hostname="7f43e6d9a897" tests="3" skipped="0" failures="0" errors="0" time="0.43">
    <testcase time="0.16800000000012" classname="tables_lab_results_lbt05" name="tables_lab_results_lbt05.qmd_result_v1_development"/>
    <testcase time="0.144000000000005" classname="tables_lab_results_lbt05" name="tables_lab_results_lbt05.qmd_result_v2_development"/>
    <testcase time="0.117999999999938" classname="tables_lab_results_lbt05" name="tables_lab_results_lbt05.qmd_result_v4_development"/>
  </testsuite>
  <testsuite name="tables-lab-results-lbt06" timestamp="2024-10-24T15:47:30Z" hostname="7f43e6d9a897" tests="2" skipped="0" failures="0" errors="0" time="0.708">
    <testcase time="0.244000000000142" classname="tables_lab_results_lbt06" name="tables_lab_results_lbt06.qmd_result_v1_development"/>
    <testcase time="0.463999999999942" classname="tables_lab_results_lbt06" name="tables_lab_results_lbt06.qmd_result_v2_development"/>
  </testsuite>
  <testsuite name="tables-lab-results-lbt07" timestamp="2024-10-24T15:47:31Z" hostname="7f43e6d9a897" tests="1" skipped="0" failures="0" errors="0" time="0.17">
    <testcase time="0.170000000000073" classname="tables_lab_results_lbt07" name="tables_lab_results_lbt07.qmd_result_v1_development"/>
  </testsuite>
  <testsuite name="tables-lab-results-lbt08" timestamp="2024-10-24T15:47:31Z" hostname="7f43e6d9a897" tests="1" skipped="0" failures="0" errors="0" time="0.155">
    <testcase time="0.154999999999973" classname="tables_lab_results_lbt08" name="tables_lab_results_lbt08.qmd_result_v1_development"/>
  </testsuite>
  <testsuite name="tables-lab-results-lbt09" timestamp="2024-10-24T15:47:31Z" hostname="7f43e6d9a897" tests="2" skipped="0" failures="0" errors="0" time="0.556">
    <testcase time="0.345000000000027" classname="tables_lab_results_lbt09" name="tables_lab_results_lbt09.qmd_result_v1_development"/>
    <testcase time="0.210999999999785" classname="tables_lab_results_lbt09" name="tables_lab_results_lbt09.qmd_result_v2_development"/>
  </testsuite>
  <testsuite name="tables-lab-results-lbt10" timestamp="2024-10-24T15:47:31Z" hostname="7f43e6d9a897" tests="2" skipped="0" failures="0" errors="0" time="0.153">
    <testcase time="0.0869999999999891" classname="tables_lab_results_lbt10" name="tables_lab_results_lbt10.qmd_result_v1_development"/>
    <testcase time="0.0660000000000309" classname="tables_lab_results_lbt10" name="tables_lab_results_lbt10.qmd_result_v2_development"/>
  </testsuite>
  <testsuite name="tables-lab-results-lbt10_bl" timestamp="2024-10-24T15:47:32Z" hostname="7f43e6d9a897" tests="2" skipped="0" failures="0" errors="0" time="0.163">
    <testcase time="0.0910000000001219" classname="tables_lab_results_lbt10_bl" name="tables_lab_results_lbt10_bl.qmd_result_v1_development"/>
    <testcase time="0.071999999999889" classname="tables_lab_results_lbt10_bl" name="tables_lab_results_lbt10_bl.qmd_result_v2_development"/>
  </testsuite>
  <testsuite name="tables-lab-results-lbt11" timestamp="2024-10-24T15:47:32Z" hostname="7f43e6d9a897" tests="3" skipped="0" failures="0" errors="0" time="0.558">
    <testcase time="0.32100000000014" classname="tables_lab_results_lbt11" name="tables_lab_results_lbt11.qmd_result_v1_development"/>
    <testcase time="0.0860000000000127" classname="tables_lab_results_lbt11" name="tables_lab_results_lbt11.qmd_result_v2_development"/>
    <testcase time="0.15099999999984" classname="tables_lab_results_lbt11" name="tables_lab_results_lbt11.qmd_result_v3_development"/>
  </testsuite>
  <testsuite name="tables-lab-results-lbt11_bl" timestamp="2024-10-24T15:47:33Z" hostname="7f43e6d9a897" tests="3" skipped="0" failures="0" errors="0" time="0.531">
    <testcase time="0.332000000000107" classname="tables_lab_results_lbt11_bl" name="tables_lab_results_lbt11_bl.qmd_result_v1_development"/>
    <testcase time="0.0850000000000364" classname="tables_lab_results_lbt11_bl" name="tables_lab_results_lbt11_bl.qmd_result_v2_development"/>
    <testcase time="0.114000000000033" classname="tables_lab_results_lbt11_bl" name="tables_lab_results_lbt11_bl.qmd_result_v3_development"/>
  </testsuite>
  <testsuite name="tables-lab-results-lbt12" timestamp="2024-10-24T15:47:33Z" hostname="7f43e6d9a897" tests="1" skipped="0" failures="0" errors="0" time="0.121">
    <testcase time="0.120999999999867" classname="tables_lab_results_lbt12" name="tables_lab_results_lbt12.qmd_result_v1_development"/>
  </testsuite>
  <testsuite name="tables-lab-results-lbt12_bl" timestamp="2024-10-24T15:47:33Z" hostname="7f43e6d9a897" tests="1" skipped="0" failures="0" errors="0" time="0.118">
    <testcase time="0.117999999999938" classname="tables_lab_results_lbt12_bl" name="tables_lab_results_lbt12_bl.qmd_result_v1_development"/>
  </testsuite>
  <testsuite name="tables-lab-results-lbt13" timestamp="2024-10-24T15:47:33Z" hostname="7f43e6d9a897" tests="5" skipped="0" failures="0" errors="0" time="3.133">
    <testcase time="0.811000000000149" classname="tables_lab_results_lbt13" name="tables_lab_results_lbt13.qmd_result_v1_development"/>
    <testcase time="0.482999999999947" classname="tables_lab_results_lbt13" name="tables_lab_results_lbt13.qmd_result_v2_development"/>
    <testcase time="0.480999999999995" classname="tables_lab_results_lbt13" name="tables_lab_results_lbt13.qmd_result_v3_development"/>
    <testcase time="0.478000000000065" classname="tables_lab_results_lbt13" name="tables_lab_results_lbt13.qmd_result_v4_development"/>
    <testcase time="0.879999999999882" classname="tables_lab_results_lbt13" name="tables_lab_results_lbt13.qmd_result_v5_development"/>
  </testsuite>
  <testsuite name="tables-lab-results-lbt14" timestamp="2024-10-24T15:47:36Z" hostname="7f43e6d9a897" tests="5" skipped="0" failures="5" errors="0" time="1.975">
    <testcase time="0.475000000000136" classname="tables_lab_results_lbt14" name="tables_lab_results_lbt14.qmd_result_v1_development">
      <failure type="failure" message="Snapshot of code has changed (variant 'development'): ('test-tables-lab-results-lbt14.R:1:1')">Snapshot of code has changed (variant 'development'):
old[10:65] vs new[10:65]
                  Not High                        134 (100%)   134 (100%)     132 (100%)  
    C-Reactive Protein Measurement                                                        
          Not High                                   114          112            115      
-                 Not High                        45 (39.5%)   55 (49.1%)     57 (49.6%)  
+                 Not High                        45 (33.6%)   55 (41.0%)     57 (43.2%)  
-                 1                               18 (15.8%)   18 (16.1%)     19 (16.5%)  
+                 1                               18 (13.4%)   18 (13.4%)     19 (14.4%)  
-                 2                               19 (16.7%)   10 (8.9%)      11 (9.6%)   
+                 2                               19 (14.2%)   10 (7.5%)      11 (8.3%)   
-                 3                               22 (19.3%)   13 (11.6%)     20 (17.4%)  
+                 3                               22 (16.4%)   13 (9.7%)      20 (15.2%)  
-                 4                               10 (8.8%)    16 (14.3%)      8 (7.0%)   
+                 4                               10 (7.5%)    16 (11.9%)      8 (6.1%)   
          1                                           8            10             7       
-                 Not High                        5 (62.5%)    2 (20.0%)      2 (28.6%)   
+                 Not High                         5 (3.7%)     2 (1.5%)       2 (1.5%)   
-                 1                                   0        1 (10.0%)          0       
+                 1                                   0         1 (0.7%)          0       
-                 2                               1 (12.5%)    3 (30.0%)      3 (42.9%)   
+                 2                                1 (0.7%)     3 (2.2%)       3 (2.3%)   
-                 3                               1 (12.5%)    1 (10.0%)          0       
+                 3                                1 (0.7%)     1 (0.7%)          0       
-                 4                               1 (12.5%)    3 (30.0%)      2 (28.6%)   
+                 4                                1 (0.7%)     3 (2.2%)       2 (1.5%)   
          2                                           2            6              7       
-                 Not High                        1 (50.0%)    4 (66.7%)      4 (57.1%)   
+                 Not High                         1 (0.7%)     4 (3.0%)       4 (3.0%)   
-                 1                                   0        1 (16.7%)      2 (28.6%)   
+                 1                                   0         1 (0.7%)       2 (1.5%)   
-                 2                               1 (50.0%)    1 (16.7%)          0       
+                 2                                1 (0.7%)     1 (0.7%)          0       
-                 4                                   0            0          1 (14.3%)   
+                 4                                   0            0           1 (0.8%)   
          3                                           7            4              3       
-                 Not High                        3 (42.9%)        0          2 (66.7%)   
+                 Not High                         3 (2.2%)        0           2 (1.5%)   
-                 1                               2 (28.6%)    1 (25.0%)      1 (33.3%)   
+                 1                                2 (1.5%)     1 (0.7%)       1 (0.8%)   
-                 2                                   0        1 (25.0%)          0       
+                 2                                   0         1 (0.7%)          0       
-                 3                               1 (14.3%)    1 (25.0%)          0       
+                 3                                1 (0.7%)     1 (0.7%)          0       
-                 4                               1 (14.3%)    1 (25.0%)          0       
+                 4                                1 (0.7%)     1 (0.7%)          0       
          4                                           3            2              0       
-                 Not High                        1 (33.3%)        0              0       
+                 Not High                         1 (0.7%)        0              0       
-                 1                                   0        1 (50.0%)          0       
+                 1                                   0         1 (0.7%)          0       
-                 3                               1 (33.3%)    1 (50.0%)          0       
+                 3                                1 (0.7%)     1 (0.7%)          0       
-                 4                               1 (33.3%)        0              0       
+                 4                                1 (0.7%)        0              0       
    Immunoglobulin A Measurement                                                          
          Not High                                   119          116            113      
-                 Not High                        55 (46.2%)   54 (46.6%)     51 (45.1%)  
+                 Not High                        55 (41.0%)   54 (40.3%)     51 (38.6%)  
-                 1                               18 (15.1%)   11 (9.5%)      15 (13.3%)  
+                 1                               18 (13.4%)   11 (8.2%)      15 (11.4%)  
-                 2                               14 (11.8%)   22 (19.0%)     19 (16.8%)  
+                 2                               14 (10.4%)   22 (16.4%)     19 (14.4%)  
-                 3                               20 (16.8%)   19 (16.4%)     20 (17.7%)  
+                 3                               20 (14.9%)   19 (14.2%)     20 (15.2%)  
-                 4                               12 (10.1%)   10 (8.6%)       8 (7.1%)   
+                 4                               12 (9.0%)    10 (7.5%)       8 (6.1%)   
          1                                           5            4              2       
-                 Not High                        4 (80.0%)    1 (25.0%)       2 (100%)   
+                 Not High                         4 (3.0%)     1 (0.7%)       2 (1.5%)   
-                 2                               1 (20.0%)    1 (25.0%)          0       
+                 2                                1 (0.7%)     1 (0.7%)          0       
-                 3                                   0        2 (50.0%)          0       
+                 3                                   0         2 (1.5%)          0       
          2                                           4            4              5       
-                 Not High                        2 (50.0%)    3 (75.0%)      3 (60.0%)   
+                 Not High                         2 (1.5%)     3 (2.2%)       3 (2.3%)   
-                 1                               1 (25.0%)        0          2 (40.0%)   
+                 1                                1 (0.7%)        0           2 (1.5%)   
-                 3                               1 (25.0%)        0              0       
+                 3                                1 (0.7%)        0              0       
-                 4                                   0        1 (25.0%)          0       
+                 4                                   0         1 (0.7%)          0       
          3                                           4            5              11      
-                 Not High                        3 (75.0%)    1 (20.0%)      6 (54.5%)   
+                 Not High                         3 (2.2%)     1 (0.7%)       6 (4.5%)   
-                 1                                   0        1 (20.0%)       1 (9.1%)   
+                 1                                   0         1 (0.7%)       1 (0.8%)   
-                 2                               1 (25.0%)        0              0       
+                 2                                1 (0.7%)        0              0       
-                 3                                   0        2 (40.0%)      3 (27.3%)   
+                 3                                   0         2 (1.5%)       3 (2.3%)   
-                 4                                   0        1 (20.0%)       1 (9.1%)   
+                 4                                   0         1 (0.7%)       1 (0.8%)   
          4                                           2            5              1       
-                 Not High                            0        3 (60.0%)       1 (100%)   
+                 Not High                            0         3 (2.2%)       1 (0.8%)   
-                 2                               1 (50.0%)    1 (20.0%)          0       
+                 2                                1 (0.7%)     1 (0.7%)          0       
-                 4                               1 (50.0%)    1 (20.0%)          0       
+                 4                                1 (0.7%)     1 (0.7%)          0       

* Run `testthat::snapshot_accept('development/tables-lab-results-lbt14')` to accept the change.
* Run `testthat::snapshot_review('development/tables-lab-results-lbt14')` to interactively review the change.</failure>
    </testcase>
    <testcase time="0.316000000000031" classname="tables_lab_results_lbt14" name="tables_lab_results_lbt14.qmd_result_v2_development">
      <failure type="failure" message="Snapshot of code has changed (variant 'development'): ('test-tables-lab-results-lbt14.R:1:1')">Snapshot of code has changed (variant 'development'):
old[7:65] vs new[7:65]
    ——————————————————————————————————————————————————————————————————————————————————————
    Alanine Aminotransferase Measurement                                                  
          Not Low                                    113          117            123      
-                 Not Low                         56 (49.6%)   55 (47.0%)     62 (50.4%)  
+                 Not Low                         56 (41.8%)   55 (41.0%)     62 (47.0%)  
-                 1                               11 (9.7%)     9 (7.7%)      15 (12.2%)  
+                 1                               11 (8.2%)     9 (6.7%)      15 (11.4%)  
-                 2                               15 (13.3%)   23 (19.7%)     16 (13.0%)  
+                 2                               15 (11.2%)   23 (17.2%)     16 (12.1%)  
-                 3                               15 (13.3%)   21 (17.9%)     13 (10.6%)  
+                 3                               15 (11.2%)   21 (15.7%)     13 (9.8%)   
-                 4                               16 (14.2%)    9 (7.7%)      17 (13.8%)  
+                 4                               16 (11.9%)    9 (6.7%)      17 (12.9%)  
          1                                           6            6              4       
-                 Not Low                         3 (50.0%)    5 (83.3%)      3 (75.0%)   
+                 Not Low                          3 (2.2%)     5 (3.7%)       3 (2.3%)   
-                 1                               3 (50.0%)        0              0       
+                 1                                3 (2.2%)        0              0       
-                 4                                   0        1 (16.7%)      1 (25.0%)   
+                 4                                   0         1 (0.7%)       1 (0.8%)   
          2                                           8            5              1       
-                 Not Low                         5 (62.5%)    3 (60.0%)          0       
+                 Not Low                          5 (3.7%)     3 (2.2%)          0       
-                 1                                   0        1 (20.0%)          0       
+                 1                                   0         1 (0.7%)          0       
-                 2                               2 (25.0%)        0              0       
+                 2                                2 (1.5%)        0              0       
-                 3                                   0        1 (20.0%)       1 (100%)   
+                 3                                   0         1 (0.7%)       1 (0.8%)   
-                 4                               1 (12.5%)        0              0       
+                 4                                1 (0.7%)        0              0       
          3                                           3            3              2       
-                 Not Low                             0        1 (33.3%)          0       
+                 Not Low                             0         1 (0.7%)          0       
-                 1                               1 (33.3%)        0              0       
+                 1                                1 (0.7%)        0              0       
-                 2                               1 (33.3%)        0          1 (50.0%)   
+                 2                                1 (0.7%)        0           1 (0.8%)   
-                 3                               1 (33.3%)    2 (66.7%)      1 (50.0%)   
+                 3                                1 (0.7%)     2 (1.5%)       1 (0.8%)   
          4                                           4            3              2       
-                 Not Low                          4 (100%)    1 (33.3%)      1 (50.0%)   
+                 Not Low                          4 (3.0%)     1 (0.7%)       1 (0.8%)   
-                 1                                   0        1 (33.3%)          0       
+                 1                                   0         1 (0.7%)          0       
-                 2                                   0        1 (33.3%)          0       
+                 2                                   0         1 (0.7%)          0       
-                 3                                   0            0          1 (50.0%)   
+                 3                                   0            0           1 (0.8%)   
    C-Reactive Protein Measurement                                                        
          Not Low                                    119          113            112      
-                 Not Low                         41 (34.5%)   42 (37.2%)     50 (44.6%)  
+                 Not Low                         41 (30.6%)   42 (31.3%)     50 (37.9%)  
-                 1                               20 (16.8%)   18 (15.9%)     11 (9.8%)   
+                 1                               20 (14.9%)   18 (13.4%)     11 (8.3%)   
-                 2                               24 (20.2%)   20 (17.7%)     14 (12.5%)  
+                 2                               24 (17.9%)   20 (14.9%)     14 (10.6%)  
-                 3                               25 (21.0%)   18 (15.9%)     21 (18.8%)  
+                 3                               25 (18.7%)   18 (13.4%)     21 (15.9%)  
-                 4                                9 (7.6%)    15 (13.3%)     16 (14.3%)  
+                 4                                9 (6.7%)    15 (11.2%)     16 (12.1%)  
          1                                           3            5              9       
-                 Not Low                         2 (66.7%)    2 (40.0%)      2 (22.2%)   
+                 Not Low                          2 (1.5%)     2 (1.5%)       2 (1.5%)   
-                 2                                   0        1 (20.0%)      3 (33.3%)   
+                 2                                   0         1 (0.7%)       3 (2.3%)   
-                 3                               1 (33.3%)    1 (20.0%)          0       
+                 3                                1 (0.7%)     1 (0.7%)          0       
-                 4                                   0        1 (20.0%)      4 (44.4%)   
+                 4                                   0         1 (0.7%)       4 (3.0%)   
          2                                           5            9              2       
-                 Not Low                         3 (60.0%)    4 (44.4%)      1 (50.0%)   
+                 Not Low                          3 (2.2%)     4 (3.0%)       1 (0.8%)   
-                 1                               1 (20.0%)    4 (44.4%)          0       
+                 1                                1 (0.7%)     4 (3.0%)          0       
-                 3                                   0        1 (11.1%)      1 (50.0%)   
+                 3                                   0         1 (0.7%)       1 (0.8%)   
-                 4                               1 (20.0%)        0              0       
+                 4                                1 (0.7%)        0              0       
          3                                           4            5              7       
-                 Not Low                         1 (25.0%)    4 (80.0%)      2 (28.6%)   
+                 Not Low                          1 (0.7%)     4 (3.0%)       2 (1.5%)   
-                 1                                   0            0          1 (14.3%)   
+                 1                                   0            0           1 (0.8%)   
-                 2                                   0            0          1 (14.3%)   
+                 2                                   0            0           1 (0.8%)   
-                 3                               3 (75.0%)    1 (20.0%)      2 (28.6%)   
+                 3                                3 (2.2%)     1 (0.7%)       2 (1.5%)   
-                 4                                   0            0          1 (14.3%)   
+                 4                                   0            0           1 (0.8%)   
          4                                           3            2              2       
-                 Not Low                          3 (100%)    1 (50.0%)          0       
+                 Not Low                          3 (2.2%)     1 (0.7%)          0       
-                 2                                   0        1 (50.0%)          0       
+                 2                                   0         1 (0.7%)          0       
-                 3                                   0            0          1 (50.0%)   
+                 3                                   0            0           1 (0.8%)   
-                 4                                   0            0          1 (50.0%)   
+                 4                                   0            0           1 (0.8%)   
    Immunoglobulin A Measurement                                                          
          Not Low                                    134          134            132      
                  Not Low                         134 (100%)   134 (100%)     132 (100%)  

* Run `testthat::snapshot_accept('development/tables-lab-results-lbt14')` to accept the change.
* Run `testthat::snapshot_review('development/tables-lab-results-lbt14')` to interactively review the change.</failure>
    </testcase>
    <testcase time="0.306999999999789" classname="tables_lab_results_lbt14" name="tables_lab_results_lbt14.qmd_result_v3_development">
      <failure type="failure" message="Snapshot of code has changed (variant 'development'): ('test-tables-lab-results-lbt14.R:1:1')">Snapshot of code has changed (variant 'development'):
old[10:65] vs new[10:65]
                  Not High                        134 (100%)   134 (100%)     132 (100%)  
    C-Reactive Protein Measurement                                                        
          Not High                                   114          112            115      
-                 Not High                        45 (39.5%)   55 (49.1%)     57 (49.6%)  
+                 Not High                        45 (33.6%)   55 (41.0%)     57 (43.2%)  
-                 1                               18 (15.8%)   18 (16.1%)     19 (16.5%)  
+                 1                               18 (13.4%)   18 (13.4%)     19 (14.4%)  
-                 2                               19 (16.7%)   10 (8.9%)      11 (9.6%)   
+                 2                               19 (14.2%)   10 (7.5%)      11 (8.3%)   
-                 3                               22 (19.3%)   13 (11.6%)     20 (17.4%)  
+                 3                               22 (16.4%)   13 (9.7%)      20 (15.2%)  
-                 4                               10 (8.8%)    16 (14.3%)      8 (7.0%)   
+                 4                               10 (7.5%)    16 (11.9%)      8 (6.1%)   
          1                                           8            10             7       
-                 Not High                        5 (62.5%)    2 (20.0%)      2 (28.6%)   
+                 Not High                         5 (3.7%)     2 (1.5%)       2 (1.5%)   
-                 1                                   0        1 (10.0%)          0       
+                 1                                   0         1 (0.7%)          0       
-                 2                               1 (12.5%)    3 (30.0%)      3 (42.9%)   
+                 2                                1 (0.7%)     3 (2.2%)       3 (2.3%)   
-                 3                               1 (12.5%)    1 (10.0%)          0       
+                 3                                1 (0.7%)     1 (0.7%)          0       
-                 4                               1 (12.5%)    3 (30.0%)      2 (28.6%)   
+                 4                                1 (0.7%)     3 (2.2%)       2 (1.5%)   
          2                                           2            6              7       
-                 Not High                        1 (50.0%)    4 (66.7%)      4 (57.1%)   
+                 Not High                         1 (0.7%)     4 (3.0%)       4 (3.0%)   
-                 1                                   0        1 (16.7%)      2 (28.6%)   
+                 1                                   0         1 (0.7%)       2 (1.5%)   
-                 2                               1 (50.0%)    1 (16.7%)          0       
+                 2                                1 (0.7%)     1 (0.7%)          0       
-                 4                                   0            0          1 (14.3%)   
+                 4                                   0            0           1 (0.8%)   
          3                                           7            4              3       
-                 Not High                        3 (42.9%)        0          2 (66.7%)   
+                 Not High                         3 (2.2%)        0           2 (1.5%)   
-                 1                               2 (28.6%)    1 (25.0%)      1 (33.3%)   
+                 1                                2 (1.5%)     1 (0.7%)       1 (0.8%)   
-                 2                                   0        1 (25.0%)          0       
+                 2                                   0         1 (0.7%)          0       
-                 3                               1 (14.3%)    1 (25.0%)          0       
+                 3                                1 (0.7%)     1 (0.7%)          0       
-                 4                               1 (14.3%)    1 (25.0%)          0       
+                 4                                1 (0.7%)     1 (0.7%)          0       
          4                                           3            2              0       
-                 Not High                        1 (33.3%)        0              0       
+                 Not High                         1 (0.7%)        0              0       
-                 1                                   0        1 (50.0%)          0       
+                 1                                   0         1 (0.7%)          0       
-                 3                               1 (33.3%)    1 (50.0%)          0       
+                 3                                1 (0.7%)     1 (0.7%)          0       
-                 4                               1 (33.3%)        0              0       
+                 4                                1 (0.7%)        0              0       
    Immunoglobulin A Measurement                                                          
          Not High                                   119          116            113      
-                 Not High                        55 (46.2%)   54 (46.6%)     51 (45.1%)  
+                 Not High                        55 (41.0%)   54 (40.3%)     51 (38.6%)  
-                 1                               18 (15.1%)   11 (9.5%)      15 (13.3%)  
+                 1                               18 (13.4%)   11 (8.2%)      15 (11.4%)  
-                 2                               14 (11.8%)   22 (19.0%)     19 (16.8%)  
+                 2                               14 (10.4%)   22 (16.4%)     19 (14.4%)  
-                 3                               20 (16.8%)   19 (16.4%)     20 (17.7%)  
+                 3                               20 (14.9%)   19 (14.2%)     20 (15.2%)  
-                 4                               12 (10.1%)   10 (8.6%)       8 (7.1%)   
+                 4                               12 (9.0%)    10 (7.5%)       8 (6.1%)   
          1                                           5            4              2       
-                 Not High                        4 (80.0%)    1 (25.0%)       2 (100%)   
+                 Not High                         4 (3.0%)     1 (0.7%)       2 (1.5%)   
-                 2                               1 (20.0%)    1 (25.0%)          0       
+                 2                                1 (0.7%)     1 (0.7%)          0       
-                 3                                   0        2 (50.0%)          0       
+                 3                                   0         2 (1.5%)          0       
          2                                           4            4              5       
-                 Not High                        2 (50.0%)    3 (75.0%)      3 (60.0%)   
+                 Not High                         2 (1.5%)     3 (2.2%)       3 (2.3%)   
-                 1                               1 (25.0%)        0          2 (40.0%)   
+                 1                                1 (0.7%)        0           2 (1.5%)   
-                 3                               1 (25.0%)        0              0       
+                 3                                1 (0.7%)        0              0       
-                 4                                   0        1 (25.0%)          0       
+                 4                                   0         1 (0.7%)          0       
          3                                           4            5              11      
-                 Not High                        3 (75.0%)    1 (20.0%)      6 (54.5%)   
+                 Not High                         3 (2.2%)     1 (0.7%)       6 (4.5%)   
-                 1                                   0        1 (20.0%)       1 (9.1%)   
+                 1                                   0         1 (0.7%)       1 (0.8%)   
-                 2                               1 (25.0%)        0              0       
+                 2                                1 (0.7%)        0              0       
-                 3                                   0        2 (40.0%)      3 (27.3%)   
+                 3                                   0         2 (1.5%)       3 (2.3%)   
-                 4                                   0        1 (20.0%)       1 (9.1%)   
+                 4                                   0         1 (0.7%)       1 (0.8%)   
          4                                           2            5              1       
-                 Not High                            0        3 (60.0%)       1 (100%)   
+                 Not High                            0         3 (2.2%)       1 (0.8%)   
-                 2                               1 (50.0%)    1 (20.0%)          0       
+                 2                                1 (0.7%)     1 (0.7%)          0       
-                 4                               1 (50.0%)    1 (20.0%)          0       
+                 4                                1 (0.7%)     1 (0.7%)          0       

* Run `testthat::snapshot_accept('development/tables-lab-results-lbt14')` to accept the change.
* Run `testthat::snapshot_review('development/tables-lab-results-lbt14')` to interactively review the change.</failure>
    </testcase>
    <testcase time="0.301000000000158" classname="tables_lab_results_lbt14" name="tables_lab_results_lbt14.qmd_result_v4_development">
      <failure type="failure" message="Snapshot of code has changed (variant 'development'): ('test-tables-lab-results-lbt14.R:1:1')">Snapshot of code has changed (variant 'development'):
old[7:65] vs new[7:65]
    ——————————————————————————————————————————————————————————————————————————————————————
    Alanine Aminotransferase Measurement                                                  
          Not Low                                    113          117            123      
-                 Not Low                         56 (49.6%)   55 (47.0%)     62 (50.4%)  
+                 Not Low                         56 (41.8%)   55 (41.0%)     62 (47.0%)  
-                 1                               11 (9.7%)     9 (7.7%)      15 (12.2%)  
+                 1                               11 (8.2%)     9 (6.7%)      15 (11.4%)  
-                 2                               15 (13.3%)   23 (19.7%)     16 (13.0%)  
+                 2                               15 (11.2%)   23 (17.2%)     16 (12.1%)  
-                 3                               15 (13.3%)   21 (17.9%)     13 (10.6%)  
+                 3                               15 (11.2%)   21 (15.7%)     13 (9.8%)   
-                 4                               16 (14.2%)    9 (7.7%)      17 (13.8%)  
+                 4                               16 (11.9%)    9 (6.7%)      17 (12.9%)  
          1                                           6            6              4       
-                 Not Low                         3 (50.0%)    5 (83.3%)      3 (75.0%)   
+                 Not Low                          3 (2.2%)     5 (3.7%)       3 (2.3%)   
-                 1                               3 (50.0%)        0              0       
+                 1                                3 (2.2%)        0              0       
-                 4                                   0        1 (16.7%)      1 (25.0%)   
+                 4                                   0         1 (0.7%)       1 (0.8%)   
          2                                           8            5              1       
-                 Not Low                         5 (62.5%)    3 (60.0%)          0       
+                 Not Low                          5 (3.7%)     3 (2.2%)          0       
-                 1                                   0        1 (20.0%)          0       
+                 1                                   0         1 (0.7%)          0       
-                 2                               2 (25.0%)        0              0       
+                 2                                2 (1.5%)        0              0       
-                 3                                   0        1 (20.0%)       1 (100%)   
+                 3                                   0         1 (0.7%)       1 (0.8%)   
-                 4                               1 (12.5%)        0              0       
+                 4                                1 (0.7%)        0              0       
          3                                           3            3              2       
-                 Not Low                             0        1 (33.3%)          0       
+                 Not Low                             0         1 (0.7%)          0       
-                 1                               1 (33.3%)        0              0       
+                 1                                1 (0.7%)        0              0       
-                 2                               1 (33.3%)        0          1 (50.0%)   
+                 2                                1 (0.7%)        0           1 (0.8%)   
-                 3                               1 (33.3%)    2 (66.7%)      1 (50.0%)   
+                 3                                1 (0.7%)     2 (1.5%)       1 (0.8%)   
          4                                           4            3              2       
-                 Not Low                          4 (100%)    1 (33.3%)      1 (50.0%)   
+                 Not Low                          4 (3.0%)     1 (0.7%)       1 (0.8%)   
-                 1                                   0        1 (33.3%)          0       
+                 1                                   0         1 (0.7%)          0       
-                 2                                   0        1 (33.3%)          0       
+                 2                                   0         1 (0.7%)          0       
-                 3                                   0            0          1 (50.0%)   
+                 3                                   0            0           1 (0.8%)   
    C-Reactive Protein Measurement                                                        
          Not Low                                    119          113            112      
-                 Not Low                         41 (34.5%)   42 (37.2%)     50 (44.6%)  
+                 Not Low                         41 (30.6%)   42 (31.3%)     50 (37.9%)  
-                 1                               20 (16.8%)   18 (15.9%)     11 (9.8%)   
+                 1                               20 (14.9%)   18 (13.4%)     11 (8.3%)   
-                 2                               24 (20.2%)   20 (17.7%)     14 (12.5%)  
+                 2                               24 (17.9%)   20 (14.9%)     14 (10.6%)  
-                 3                               25 (21.0%)   18 (15.9%)     21 (18.8%)  
+                 3                               25 (18.7%)   18 (13.4%)     21 (15.9%)  
-                 4                                9 (7.6%)    15 (13.3%)     16 (14.3%)  
+                 4                                9 (6.7%)    15 (11.2%)     16 (12.1%)  
          1                                           3            5              9       
-                 Not Low                         2 (66.7%)    2 (40.0%)      2 (22.2%)   
+                 Not Low                          2 (1.5%)     2 (1.5%)       2 (1.5%)   
-                 2                                   0        1 (20.0%)      3 (33.3%)   
+                 2                                   0         1 (0.7%)       3 (2.3%)   
-                 3                               1 (33.3%)    1 (20.0%)          0       
+                 3                                1 (0.7%)     1 (0.7%)          0       
-                 4                                   0        1 (20.0%)      4 (44.4%)   
+                 4                                   0         1 (0.7%)       4 (3.0%)   
          2                                           5            9              2       
-                 Not Low                         3 (60.0%)    4 (44.4%)      1 (50.0%)   
+                 Not Low                          3 (2.2%)     4 (3.0%)       1 (0.8%)   
-                 1                               1 (20.0%)    4 (44.4%)          0       
+                 1                                1 (0.7%)     4 (3.0%)          0       
-                 3                                   0        1 (11.1%)      1 (50.0%)   
+                 3                                   0         1 (0.7%)       1 (0.8%)   
-                 4                               1 (20.0%)        0              0       
+                 4                                1 (0.7%)        0              0       
          3                                           4            5              7       
-                 Not Low                         1 (25.0%)    4 (80.0%)      2 (28.6%)   
+                 Not Low                          1 (0.7%)     4 (3.0%)       2 (1.5%)   
-                 1                                   0            0          1 (14.3%)   
+                 1                                   0            0           1 (0.8%)   
-                 2                                   0            0          1 (14.3%)   
+                 2                                   0            0           1 (0.8%)   
-                 3                               3 (75.0%)    1 (20.0%)      2 (28.6%)   
+                 3                                3 (2.2%)     1 (0.7%)       2 (1.5%)   
-                 4                                   0            0          1 (14.3%)   
+                 4                                   0            0           1 (0.8%)   
          4                                           3            2              2       
-                 Not Low                          3 (100%)    1 (50.0%)          0       
+                 Not Low                          3 (2.2%)     1 (0.7%)          0       
-                 2                                   0        1 (50.0%)          0       
+                 2                                   0         1 (0.7%)          0       
-                 3                                   0            0          1 (50.0%)   
+                 3                                   0            0           1 (0.8%)   
-                 4                                   0            0          1 (50.0%)   
+                 4                                   0            0           1 (0.8%)   
    Immunoglobulin A Measurement                                                          
          Not Low                                    134          134            132      
                  Not Low                         134 (100%)   134 (100%)     132 (100%)  

* Run `testthat::snapshot_accept('development/tables-lab-results-lbt14')` to accept the change.
* Run `testthat::snapshot_review('development/tables-lab-results-lbt14')` to interactively review the change.</failure>
    </testcase>
    <testcase time="0.576000000000022" classname="tables_lab_results_lbt14" name="tables_lab_results_lbt14.qmd_result_v5_development">
      <failure type="failure" message="Snapshot of code has changed (variant 'development'): ('test-tables-lab-results-lbt14.R:1:1')">Snapshot of code has changed (variant 'development'):
old[50:88] vs new[50:88]
                  Missing                             0            0              0       
    C-Reactive Protein Measurement                                                        
          Not High                                   114          112            115      
-                 Not High                        45 (39.5%)   55 (49.1%)     57 (49.6%)  
+                 Not High                        45 (33.6%)   55 (41.0%)     57 (43.2%)  
-                 1                               18 (15.8%)   18 (16.1%)     19 (16.5%)  
+                 1                               18 (13.4%)   18 (13.4%)     19 (14.4%)  
-                 2                               19 (16.7%)   10 (8.9%)      11 (9.6%)   
+                 2                               19 (14.2%)   10 (7.5%)      11 (8.3%)   
-                 3                               22 (19.3%)   13 (11.6%)     20 (17.4%)  
+                 3                               22 (16.4%)   13 (9.7%)      20 (15.2%)  
-                 4                               10 (8.8%)    16 (14.3%)      8 (7.0%)   
+                 4                               10 (7.5%)    16 (11.9%)      8 (6.1%)   
                  Missing                             0            0              0       
          1                                           8            10             7       
-                 Not High                        5 (62.5%)    2 (20.0%)      2 (28.6%)   
+                 Not High                         5 (3.7%)     2 (1.5%)       2 (1.5%)   
-                 1                                   0        1 (10.0%)          0       
+                 1                                   0         1 (0.7%)          0       
-                 2                               1 (12.5%)    3 (30.0%)      3 (42.9%)   
+                 2                                1 (0.7%)     3 (2.2%)       3 (2.3%)   
-                 3                               1 (12.5%)    1 (10.0%)          0       
+                 3                                1 (0.7%)     1 (0.7%)          0       
-                 4                               1 (12.5%)    3 (30.0%)      2 (28.6%)   
+                 4                                1 (0.7%)     3 (2.2%)       2 (1.5%)   
                  Missing                             0            0              0       
          2                                           2            6              7       
-                 Not High                        1 (50.0%)    4 (66.7%)      4 (57.1%)   
+                 Not High                         1 (0.7%)     4 (3.0%)       4 (3.0%)   
-                 1                                   0        1 (16.7%)      2 (28.6%)   
+                 1                                   0         1 (0.7%)       2 (1.5%)   
-                 2                               1 (50.0%)    1 (16.7%)          0       
+                 2                                1 (0.7%)     1 (0.7%)          0       
                  3                                   0            0              0       
-                 4                                   0            0          1 (14.3%)   
+                 4                                   0            0           1 (0.8%)   
                  Missing                             0            0              0       
          3                                           7            4              3       
-                 Not High                        3 (42.9%)        0          2 (66.7%)   
+                 Not High                         3 (2.2%)        0           2 (1.5%)   
-                 1                               2 (28.6%)    1 (25.0%)      1 (33.3%)   
+                 1                                2 (1.5%)     1 (0.7%)       1 (0.8%)   
-                 2                                   0        1 (25.0%)          0       
+                 2                                   0         1 (0.7%)          0       
-                 3                               1 (14.3%)    1 (25.0%)          0       
+                 3                                1 (0.7%)     1 (0.7%)          0       
-                 4                               1 (14.3%)    1 (25.0%)          0       
+                 4                                1 (0.7%)     1 (0.7%)          0       
                  Missing                             0            0              0       
          4                                           3            2              0       
-                 Not High                        1 (33.3%)        0              0       
+                 Not High                         1 (0.7%)        0              0       
-                 1                                   0        1 (50.0%)          0       
+                 1                                   0         1 (0.7%)          0       
                  2                                   0            0              0       
-                 3                               1 (33.3%)    1 (50.0%)          0       
+                 3                                1 (0.7%)     1 (0.7%)          0       
-                 4                               1 (33.3%)        0              0       
+                 4                                1 (0.7%)        0              0       
                  Missing                             0            0              0       
          Missing                                     0            0              0       
                  Not High                            0            0              0       

old[93:131] vs new[93:131]
                  Missing                             0            0              0       
    Immunoglobulin A Measurement                                                          
          Not High                                   119          116            113      
-                 Not High                        55 (46.2%)   54 (46.6%)     51 (45.1%)  
+                 Not High                        55 (41.0%)   54 (40.3%)     51 (38.6%)  
-                 1                               18 (15.1%)   11 (9.5%)      15 (13.3%)  
+                 1                               18 (13.4%)   11 (8.2%)      15 (11.4%)  
-                 2                               14 (11.8%)   22 (19.0%)     19 (16.8%)  
+                 2                               14 (10.4%)   22 (16.4%)     19 (14.4%)  
-                 3                               20 (16.8%)   19 (16.4%)     20 (17.7%)  
+                 3                               20 (14.9%)   19 (14.2%)     20 (15.2%)  
-                 4                               12 (10.1%)   10 (8.6%)       8 (7.1%)   
+                 4                               12 (9.0%)    10 (7.5%)       8 (6.1%)   
                  Missing                             0            0              0       
          1                                           5            4              2       
-                 Not High                        4 (80.0%)    1 (25.0%)       2 (100%)   
+                 Not High                         4 (3.0%)     1 (0.7%)       2 (1.5%)   
                  1                                   0            0              0       
-                 2                               1 (20.0%)    1 (25.0%)          0       
+                 2                                1 (0.7%)     1 (0.7%)          0       
-                 3                                   0        2 (50.0%)          0       
+                 3                                   0         2 (1.5%)          0       
                  4                                   0            0              0       
                  Missing                             0            0              0       
          2                                           4            4              5       
-                 Not High                        2 (50.0%)    3 (75.0%)      3 (60.0%)   
+                 Not High                         2 (1.5%)     3 (2.2%)       3 (2.3%)   
-                 1                               1 (25.0%)        0          2 (40.0%)   
+                 1                                1 (0.7%)        0           2 (1.5%)   
                  2                                   0            0              0       
-                 3                               1 (25.0%)        0              0       
+                 3                                1 (0.7%)        0              0       
-                 4                                   0        1 (25.0%)          0       
+                 4                                   0         1 (0.7%)          0       
                  Missing                             0            0              0       
          3                                           4            5              11      
-                 Not High                        3 (75.0%)    1 (20.0%)      6 (54.5%)   
+                 Not High                         3 (2.2%)     1 (0.7%)       6 (4.5%)   
-                 1                                   0        1 (20.0%)       1 (9.1%)   
+                 1                                   0         1 (0.7%)       1 (0.8%)   
-                 2                               1 (25.0%)        0              0       
+                 2                                1 (0.7%)        0              0       
-                 3                                   0        2 (40.0%)      3 (27.3%)   
+                 3                                   0         2 (1.5%)       3 (2.3%)   
-                 4                                   0        1 (20.0%)       1 (9.1%)   
+                 4                                   0         1 (0.7%)       1 (0.8%)   
                  Missing                             0            0              0       
          4                                           2            5              1       
-                 Not High                            0        3 (60.0%)       1 (100%)   
+                 Not High                            0         3 (2.2%)       1 (0.8%)   
                  1                                   0            0              0       
-                 2                               1 (50.0%)    1 (20.0%)          0       
+                 2                                1 (0.7%)     1 (0.7%)          0       
                  3                                   0            0              0       
-                 4                               1 (50.0%)    1 (20.0%)          0       
+                 4                                1 (0.7%)     1 (0.7%)          0       
                  Missing                             0            0              0       
          Missing                                     0            0              0       
                  Not High                            0            0              0       

* Run `testthat::snapshot_accept('development/tables-lab-results-lbt14')` to accept the change.
* Run `testthat::snapshot_review('development/tables-lab-results-lbt14')` to interactively review the change.</failure>
    </testcase>
  </testsuite>
  <testsuite name="tables-lab-results-lbt15" timestamp="2024-10-24T15:47:38Z" hostname="7f43e6d9a897" tests="2" skipped="0" failures="0" errors="0" time="0.239">
    <testcase time="0.139999999999873" classname="tables_lab_results_lbt15" name="tables_lab_results_lbt15.qmd_result_v1_development"/>
    <testcase time="0.0990000000001601" classname="tables_lab_results_lbt15" name="tables_lab_results_lbt15.qmd_result_v2_development"/>
  </testsuite>
  <testsuite name="tables-medical-history-mht01" timestamp="2024-10-24T15:47:38Z" hostname="7f43e6d9a897" tests="4" skipped="0" failures="0" errors="0" time="0.55">
    <testcase time="0.183999999999969" classname="tables_medical_history_mht01" name="tables_medical_history_mht01.qmd_result_v1_development"/>
    <testcase time="0.0750000000000455" classname="tables_medical_history_mht01" name="tables_medical_history_mht01.qmd_result_v2_development"/>
    <testcase time="0.132999999999811" classname="tables_medical_history_mht01" name="tables_medical_history_mht01.qmd_result_v3_development"/>
    <testcase time="0.158000000000129" classname="tables_medical_history_mht01" name="tables_medical_history_mht01.qmd_result_v4_development"/>
  </testsuite>
  <testsuite name="tables-pharmacokinetic-pkct01" timestamp="2024-10-24T15:47:39Z" hostname="7f43e6d9a897" tests="3" skipped="0" failures="0" errors="0" time="1.261">
    <testcase time="0.572999999999865" classname="tables_pharmacokinetic_pkct01" name="tables_pharmacokinetic_pkct01.qmd_result_v1_development"/>
    <testcase time="0.192999999999984" classname="tables_pharmacokinetic_pkct01" name="tables_pharmacokinetic_pkct01.qmd_result_v2_development"/>
    <testcase time="0.495000000000118" classname="tables_pharmacokinetic_pkct01" name="tables_pharmacokinetic_pkct01.qmd_result_v3_development"/>
  </testsuite>
  <testsuite name="tables-pharmacokinetic-pkpt02" timestamp="2024-10-24T15:47:40Z" hostname="7f43e6d9a897" tests="2" skipped="0" failures="0" errors="0" time="0.248">
    <testcase time="0.145999999999958" classname="tables_pharmacokinetic_pkpt02" name="tables_pharmacokinetic_pkpt02.qmd_result_v1_development"/>
    <testcase time="0.102000000000089" classname="tables_pharmacokinetic_pkpt02" name="tables_pharmacokinetic_pkpt02.qmd_result_v2_development"/>
  </testsuite>
  <testsuite name="tables-pharmacokinetic-pkpt03" timestamp="2024-10-24T15:47:42Z" hostname="7f43e6d9a897" tests="3" skipped="3" failures="0" errors="0" time="1.692">
    <testcase time="1.66899999999987" classname="tables_pharmacokinetic_pkpt03" name="tables_pharmacokinetic_pkpt03.qmd_result_v1_development">
      <skipped message="Reason: Snapshot test is not implemented for object of class: list. ('test-tables-pharmacokinetic-pkpt03.R:1:1')"/>
    </testcase>
    <testcase time="0.012000000000171" classname="tables_pharmacokinetic_pkpt03" name="tables_pharmacokinetic_pkpt03.qmd_result_v2_development">
      <skipped message="Reason: Snapshot test is not implemented for object of class: list. ('test-tables-pharmacokinetic-pkpt03.R:1:1')"/>
    </testcase>
    <testcase time="0.0109999999999673" classname="tables_pharmacokinetic_pkpt03" name="tables_pharmacokinetic_pkpt03.qmd_result_v3_development">
      <skipped message="Reason: Snapshot test is not implemented for object of class: list. ('test-tables-pharmacokinetic-pkpt03.R:1:1')"/>
    </testcase>
  </testsuite>
  <testsuite name="tables-pharmacokinetic-pkpt04" timestamp="2024-10-24T15:47:42Z" hostname="7f43e6d9a897" tests="2" skipped="0" failures="0" errors="0" time="0.292">
    <testcase time="0.175999999999931" classname="tables_pharmacokinetic_pkpt04" name="tables_pharmacokinetic_pkpt04.qmd_result_v1_development"/>
    <testcase time="0.115999999999985" classname="tables_pharmacokinetic_pkpt04" name="tables_pharmacokinetic_pkpt04.qmd_result_v2_development"/>
  </testsuite>
  <testsuite name="tables-pharmacokinetic-pkpt05" timestamp="2024-10-24T15:47:42Z" hostname="7f43e6d9a897" tests="2" skipped="0" failures="0" errors="0" time="0.295">
    <testcase time="0.188000000000102" classname="tables_pharmacokinetic_pkpt05" name="tables_pharmacokinetic_pkpt05.qmd_result_v1_development"/>
    <testcase time="0.106999999999971" classname="tables_pharmacokinetic_pkpt05" name="tables_pharmacokinetic_pkpt05.qmd_result_v2_development"/>
  </testsuite>
  <testsuite name="tables-pharmacokinetic-pkpt06" timestamp="2024-10-24T15:47:43Z" hostname="7f43e6d9a897" tests="2" skipped="0" failures="0" errors="0" time="0.139">
    <testcase time="0.0799999999999272" classname="tables_pharmacokinetic_pkpt06" name="tables_pharmacokinetic_pkpt06.qmd_result_v1_development"/>
    <testcase time="0.0589999999999691" classname="tables_pharmacokinetic_pkpt06" name="tables_pharmacokinetic_pkpt06.qmd_result_v2_development"/>
  </testsuite>
  <testsuite name="tables-pharmacokinetic-pkpt07" timestamp="2024-10-24T15:47:43Z" hostname="7f43e6d9a897" tests="2" skipped="0" failures="0" errors="0" time="0.202">
    <testcase time="0.113000000000056" classname="tables_pharmacokinetic_pkpt07" name="tables_pharmacokinetic_pkpt07.qmd_result_v1_development"/>
    <testcase time="0.0889999999999418" classname="tables_pharmacokinetic_pkpt07" name="tables_pharmacokinetic_pkpt07.qmd_result_v2_development"/>
  </testsuite>
  <testsuite name="tables-pharmacokinetic-pkpt08" timestamp="2024-10-24T15:47:43Z" hostname="7f43e6d9a897" tests="1" skipped="0" failures="0" errors="0" time="0.14">
    <testcase time="0.1400000000001" classname="tables_pharmacokinetic_pkpt08" name="tables_pharmacokinetic_pkpt08.qmd_result_v1_development"/>
  </testsuite>
  <testsuite name="tables-pharmacokinetic-pkpt11" timestamp="2024-10-24T15:47:43Z" hostname="7f43e6d9a897" tests="1" skipped="0" failures="0" errors="0" time="0.078">
    <testcase time="0.0779999999999745" classname="tables_pharmacokinetic_pkpt11" name="tables_pharmacokinetic_pkpt11.qmd_result_v1_development"/>
  </testsuite>
  <testsuite name="tables-risk-management-plan-rmpt01" timestamp="2024-10-24T15:47:43Z" hostname="7f43e6d9a897" tests="1" skipped="0" failures="0" errors="0" time="0.064">
    <testcase time="0.0640000000000782" classname="tables_risk_management_plan_rmpt01" name="tables_risk_management_plan_rmpt01.qmd_result_v1_development"/>
  </testsuite>
  <testsuite name="tables-risk-management-plan-rmpt03" timestamp="2024-10-24T15:47:43Z" hostname="7f43e6d9a897" tests="2" skipped="0" failures="0" errors="0" time="0.206">
    <testcase time="0.117999999999938" classname="tables_risk_management_plan_rmpt03" name="tables_risk_management_plan_rmpt03.qmd_result_v1_development"/>
    <testcase time="0.0879999999999654" classname="tables_risk_management_plan_rmpt03" name="tables_risk_management_plan_rmpt03.qmd_result_v2_development"/>
  </testsuite>
  <testsuite name="tables-risk-management-plan-rmpt04" timestamp="2024-10-24T15:47:44Z" hostname="7f43e6d9a897" tests="1" skipped="0" failures="0" errors="0" time="0.072">
    <testcase time="0.071999999999889" classname="tables_risk_management_plan_rmpt04" name="tables_risk_management_plan_rmpt04.qmd_result_v1_development"/>
  </testsuite>
  <testsuite name="tables-risk-management-plan-rmpt05" timestamp="2024-10-24T15:47:44Z" hostname="7f43e6d9a897" tests="1" skipped="0" failures="0" errors="0" time="0.078">
    <testcase time="0.0780000000002019" classname="tables_risk_management_plan_rmpt05" name="tables_risk_management_plan_rmpt05.qmd_result_v1_development"/>
  </testsuite>
  <testsuite name="tables-risk-management-plan-rmpt06" timestamp="2024-10-24T15:47:44Z" hostname="7f43e6d9a897" tests="4" skipped="0" failures="0" errors="0" time="0.481">
    <testcase time="0.163999999999987" classname="tables_risk_management_plan_rmpt06" name="tables_risk_management_plan_rmpt06.qmd_result_v1_development"/>
    <testcase time="0.0829999999998563" classname="tables_risk_management_plan_rmpt06" name="tables_risk_management_plan_rmpt06.qmd_result_v2_development"/>
    <testcase time="0.114000000000033" classname="tables_risk_management_plan_rmpt06" name="tables_risk_management_plan_rmpt06.qmd_result_v3_development"/>
    <testcase time="0.120000000000118" classname="tables_risk_management_plan_rmpt06" name="tables_risk_management_plan_rmpt06.qmd_result_v4_development"/>
  </testsuite>
  <testsuite name="tables-safety-enrollment01" timestamp="2024-10-24T15:47:44Z" hostname="7f43e6d9a897" tests="4" skipped="0" failures="0" errors="0" time="2.411">
    <testcase time="0.723999999999933" classname="tables_safety_enrollment01" name="tables_safety_enrollment01.qmd_result_v1_development"/>
    <testcase time="0.732999999999947" classname="tables_safety_enrollment01" name="tables_safety_enrollment01.qmd_result_v2_development"/>
    <testcase time="0.498000000000047" classname="tables_safety_enrollment01" name="tables_safety_enrollment01.qmd_result_v3_development"/>
    <testcase time="0.455999999999904" classname="tables_safety_enrollment01" name="tables_safety_enrollment01.qmd_result_v4_development"/>
  </testsuite>
  <testsuite name="tables-vital-signs-vst01" timestamp="2024-10-24T15:47:47Z" hostname="7f43e6d9a897" tests="1" skipped="0" failures="0" errors="0" time="0.321">
    <testcase time="0.32100000000014" classname="tables_vital_signs_vst01" name="tables_vital_signs_vst01.qmd_result_v1_development"/>
  </testsuite>
  <testsuite name="tables-vital-signs-vst02" timestamp="2024-10-24T15:47:47Z" hostname="7f43e6d9a897" tests="2" skipped="0" failures="0" errors="0" time="0.267">
    <testcase time="0.139999999999873" classname="tables_vital_signs_vst02" name="tables_vital_signs_vst02.qmd_result_v1_development"/>
    <testcase time="0.12700000000018" classname="tables_vital_signs_vst02" name="tables_vital_signs_vst02.qmd_result_v2_development"/>
  </testsuite>
</testsuites>
