<?xml version="1.0" encoding="UTF-8"?>
<testsuites>
  <testsuite name="graph-snaps" timestamp="2023-08-17T08:10:29Z" hostname="7bf06e35674b" tests="24" skipped="24" failures="0" errors="0" time="8.274">
    <testcase time="0.865000000000009" classname="graph_snaps" name="plot_v1">
      <skipped message="Reason: On CRAN ('test-graph-snaps.R:49:9')"/>
    </testcase>
    <testcase time="0.210000000000036" classname="graph_snaps" name="plot_v2">
      <skipped message="Reason: On CRAN ('test-graph-snaps.R:49:9')"/>
    </testcase>
    <testcase time="0.137000000000057" classname="graph_snaps" name="plot_v3">
      <skipped message="Reason: On CRAN ('test-graph-snaps.R:49:9')"/>
    </testcase>
    <testcase time="0.120000000000005" classname="graph_snaps" name="plot_v4">
      <skipped message="Reason: On CRAN ('test-graph-snaps.R:49:9')"/>
    </testcase>
    <testcase time="0.12399999999991" classname="graph_snaps" name="plot_v5">
      <skipped message="Reason: On CRAN ('test-graph-snaps.R:49:9')"/>
    </testcase>
    <testcase time="0.187999999999988" classname="graph_snaps" name="plot_v6">
      <skipped message="Reason: On CRAN ('test-graph-snaps.R:49:9')"/>
    </testcase>
    <testcase time="0.17999999999995" classname="graph_snaps" name="plot_v7">
      <skipped message="Reason: On CRAN ('test-graph-snaps.R:49:9')"/>
    </testcase>
    <testcase time="0.135999999999967" classname="graph_snaps" name="plot_v8">
      <skipped message="Reason: On CRAN ('test-graph-snaps.R:49:9')"/>
    </testcase>
    <testcase time="0.206999999999994" classname="graph_snaps" name="plot_v9">
      <skipped message="Reason: On CRAN ('test-graph-snaps.R:49:9')"/>
    </testcase>
    <testcase time="1.34700000000009" classname="graph_snaps" name="plot_v1">
      <skipped message="Reason: On CRAN ('test-graph-snaps.R:49:9')"/>
    </testcase>
    <testcase time="0.185999999999922" classname="graph_snaps" name="plot_v2">
      <skipped message="Reason: On CRAN ('test-graph-snaps.R:49:9')"/>
    </testcase>
    <testcase time="0.201000000000022" classname="graph_snaps" name="plot_v3">
      <skipped message="Reason: On CRAN ('test-graph-snaps.R:49:9')"/>
    </testcase>
    <testcase time="0.198999999999955" classname="graph_snaps" name="plot_v4">
      <skipped message="Reason: On CRAN ('test-graph-snaps.R:49:9')"/>
    </testcase>
    <testcase time="0.184000000000083" classname="graph_snaps" name="plot_v5">
      <skipped message="Reason: On CRAN ('test-graph-snaps.R:49:9')"/>
    </testcase>
    <testcase time="0.377999999999929" classname="graph_snaps" name="plot_v6">
      <skipped message="Reason: On CRAN ('test-graph-snaps.R:49:9')"/>
    </testcase>
    <testcase time="0.382000000000062" classname="graph_snaps" name="plot_v7">
      <skipped message="Reason: On CRAN ('test-graph-snaps.R:49:9')"/>
    </testcase>
    <testcase time="0.158999999999992" classname="graph_snaps" name="plot_v8">
      <skipped message="Reason: On CRAN ('test-graph-snaps.R:49:9')"/>
    </testcase>
    <testcase time="0.150999999999954" classname="graph_snaps" name="plot_v9">
      <skipped message="Reason: On CRAN ('test-graph-snaps.R:49:9')"/>
    </testcase>
    <testcase time="1.70700000000011" classname="graph_snaps" name="table_v6">
      <skipped message="Reason: On CRAN ('test-graph-snaps.R:49:9')"/>
    </testcase>
    <testcase time="0.27699999999993" classname="graph_snaps" name="plot_v1_and_v2">
      <skipped message="Reason: On CRAN ('test-graph-snaps.R:49:9')"/>
    </testcase>
    <testcase time="0.245000000000005" classname="graph_snaps" name="plot_v3">
      <skipped message="Reason: On CRAN ('test-graph-snaps.R:49:9')"/>
    </testcase>
    <testcase time="0.245000000000005" classname="graph_snaps" name="plot_v4">
      <skipped message="Reason: On CRAN ('test-graph-snaps.R:49:9')"/>
    </testcase>
    <testcase time="0.228000000000065" classname="graph_snaps" name="plot_v5">
      <skipped message="Reason: On CRAN ('test-graph-snaps.R:49:9')"/>
    </testcase>
    <testcase time="0.217999999999961" classname="graph_snaps" name="_unnamed_">
      <skipped message="Reason: On CRAN ('test-graph-snaps.R:40:9')"/>
    </testcase>
  </testsuite>
  <testsuite name="markdown-snaps" timestamp="2023-08-17T08:10:37Z" hostname="7bf06e35674b" tests="251" skipped="251" failures="0" errors="0" time="55.272">
    <testcase time="0.379000000000019" classname="markdown_snaps" name="result_v1">
      <skipped message="Reason: On CRAN ('test-markdown-snaps.R:40:7')"/>
    </testcase>
    <testcase time="0.136999999999944" classname="markdown_snaps" name="result_v2">
      <skipped message="Reason: On CRAN ('test-markdown-snaps.R:40:7')"/>
    </testcase>
    <testcase time="0.0919999999999845" classname="markdown_snaps" name="result_v3">
      <skipped message="Reason: On CRAN ('test-markdown-snaps.R:40:7')"/>
    </testcase>
    <testcase time="0.127000000000066" classname="markdown_snaps" name="result_v4">
      <skipped message="Reason: On CRAN ('test-markdown-snaps.R:40:7')"/>
    </testcase>
    <testcase time="0.149000000000001" classname="markdown_snaps" name="result_v1">
      <skipped message="Reason: On CRAN ('test-markdown-snaps.R:40:7')"/>
    </testcase>
    <testcase time="0.150999999999954" classname="markdown_snaps" name="result_v2">
      <skipped message="Reason: On CRAN ('test-markdown-snaps.R:40:7')"/>
    </testcase>
    <testcase time="0.22300000000007" classname="markdown_snaps" name="result_v3">
      <skipped message="Reason: On CRAN ('test-markdown-snaps.R:40:7')"/>
    </testcase>
    <testcase time="0.16599999999994" classname="markdown_snaps" name="result_v4">
      <skipped message="Reason: On CRAN ('test-markdown-snaps.R:40:7')"/>
    </testcase>
    <testcase time="0.354000000000042" classname="markdown_snaps" name="result_v1">
      <skipped message="Reason: On CRAN ('test-markdown-snaps.R:40:7')"/>
    </testcase>
    <testcase time="0.200999999999908" classname="markdown_snaps" name="result_v2">
      <skipped message="Reason: On CRAN ('test-markdown-snaps.R:40:7')"/>
    </testcase>
    <testcase time="0.189999999999941" classname="markdown_snaps" name="result_v3">
      <skipped message="Reason: On CRAN ('test-markdown-snaps.R:40:7')"/>
    </testcase>
    <testcase time="0.271999999999935" classname="markdown_snaps" name="result_v4">
      <skipped message="Reason: On CRAN ('test-markdown-snaps.R:40:7')"/>
    </testcase>
    <testcase time="0.0960000000000036" classname="markdown_snaps" name="result_v5">
      <skipped message="Reason: On CRAN ('test-markdown-snaps.R:40:7')"/>
    </testcase>
    <testcase time="0.172000000000025" classname="markdown_snaps" name="result_v6">
      <skipped message="Reason: On CRAN ('test-markdown-snaps.R:40:7')"/>
    </testcase>
    <testcase time="0.105000000000018" classname="markdown_snaps" name="result_v7">
      <skipped message="Reason: On CRAN ('test-markdown-snaps.R:40:7')"/>
    </testcase>
    <testcase time="0.141000000000076" classname="markdown_snaps" name="result_v8">
      <skipped message="Reason: On CRAN ('test-markdown-snaps.R:40:7')"/>
    </testcase>
    <testcase time="0.105999999999995" classname="markdown_snaps" name="result_v9">
      <skipped message="Reason: On CRAN ('test-markdown-snaps.R:40:7')"/>
    </testcase>
    <testcase time="0.11200000000008" classname="markdown_snaps" name="result_v10">
      <skipped message="Reason: On CRAN ('test-markdown-snaps.R:40:7')"/>
    </testcase>
    <testcase time="0.0829999999998563" classname="markdown_snaps" name="result_v11">
      <skipped message="Reason: On CRAN ('test-markdown-snaps.R:40:7')"/>
    </testcase>
    <testcase time="0.108999999999924" classname="markdown_snaps" name="result_v12">
      <skipped message="Reason: On CRAN ('test-markdown-snaps.R:40:7')"/>
    </testcase>
    <testcase time="0.0850000000000364" classname="markdown_snaps" name="result_v13">
      <skipped message="Reason: On CRAN ('test-markdown-snaps.R:40:7')"/>
    </testcase>
    <testcase time="0.0779999999999745" classname="markdown_snaps" name="result_v1">
      <skipped message="Reason: On CRAN ('test-markdown-snaps.R:40:7')"/>
    </testcase>
    <testcase time="0.139000000000124" classname="markdown_snaps" name="result_v2">
      <skipped message="Reason: On CRAN ('test-markdown-snaps.R:40:7')"/>
    </testcase>
    <testcase time="0.366999999999962" classname="markdown_snaps" name="result_v1">
      <skipped message="Reason: On CRAN ('test-markdown-snaps.R:40:7')"/>
    </testcase>
    <testcase time="0.745000000000118" classname="markdown_snaps" name="result_v1">
      <skipped message="Reason: On CRAN ('test-markdown-snaps.R:40:7')"/>
    </testcase>
    <testcase time="0.383999999999787" classname="markdown_snaps" name="result_v2">
      <skipped message="Reason: On CRAN ('test-markdown-snaps.R:40:7')"/>
    </testcase>
    <testcase time="0.723000000000184" classname="markdown_snaps" name="result_v3">
      <skipped message="Reason: On CRAN ('test-markdown-snaps.R:40:7')"/>
    </testcase>
    <testcase time="0.395999999999958" classname="markdown_snaps" name="result_v4">
      <skipped message="Reason: On CRAN ('test-markdown-snaps.R:40:7')"/>
    </testcase>
    <testcase time="0.383000000000038" classname="markdown_snaps" name="result_v6">
      <skipped message="Reason: On CRAN ('test-markdown-snaps.R:40:7')"/>
    </testcase>
    <testcase time="0.391999999999825" classname="markdown_snaps" name="result_v8">
      <skipped message="Reason: On CRAN ('test-markdown-snaps.R:40:7')"/>
    </testcase>
    <testcase time="0.385000000000218" classname="markdown_snaps" name="result_v9">
      <skipped message="Reason: On CRAN ('test-markdown-snaps.R:40:7')"/>
    </testcase>
    <testcase time="0.44399999999996" classname="markdown_snaps" name="result_v11">
      <skipped message="Reason: On CRAN ('test-markdown-snaps.R:40:7')"/>
    </testcase>
    <testcase time="1.44499999999994" classname="markdown_snaps" name="result_v1">
      <skipped message="Reason: On CRAN ('test-markdown-snaps.R:40:7')"/>
    </testcase>
    <testcase time="0.115000000000009" classname="markdown_snaps" name="result_v2">
      <skipped message="Reason: On CRAN ('test-markdown-snaps.R:40:7')"/>
    </testcase>
    <testcase time="0.139999999999873" classname="markdown_snaps" name="result_v3">
      <skipped message="Reason: On CRAN ('test-markdown-snaps.R:40:7')"/>
    </testcase>
    <testcase time="0.103000000000065" classname="markdown_snaps" name="result_v4">
      <skipped message="Reason: On CRAN ('test-markdown-snaps.R:40:7')"/>
    </testcase>
    <testcase time="0.172000000000025" classname="markdown_snaps" name="result_v5">
      <skipped message="Reason: On CRAN ('test-markdown-snaps.R:40:7')"/>
    </testcase>
    <testcase time="0.166999999999916" classname="markdown_snaps" name="result_v6">
      <skipped message="Reason: On CRAN ('test-markdown-snaps.R:40:7')"/>
    </testcase>
    <testcase time="0.128000000000156" classname="markdown_snaps" name="result_v7">
      <skipped message="Reason: On CRAN ('test-markdown-snaps.R:40:7')"/>
    </testcase>
    <testcase time="0.129999999999882" classname="markdown_snaps" name="result_v8">
      <skipped message="Reason: On CRAN ('test-markdown-snaps.R:40:7')"/>
    </testcase>
    <testcase time="0.0610000000001492" classname="markdown_snaps" name="result_v1">
      <skipped message="Reason: On CRAN ('test-markdown-snaps.R:40:7')"/>
    </testcase>
    <testcase time="0.0589999999999691" classname="markdown_snaps" name="result_v2">
      <skipped message="Reason: On CRAN ('test-markdown-snaps.R:40:7')"/>
    </testcase>
    <testcase time="0.0609999999999218" classname="markdown_snaps" name="result_v1">
      <skipped message="Reason: On CRAN ('test-markdown-snaps.R:40:7')"/>
    </testcase>
    <testcase time="0.0579999999999927" classname="markdown_snaps" name="result_v2">
      <skipped message="Reason: On CRAN ('test-markdown-snaps.R:40:7')"/>
    </testcase>
    <testcase time="0.557000000000016" classname="markdown_snaps" name="result_v1">
      <skipped message="Reason: On CRAN ('test-markdown-snaps.R:40:7')"/>
    </testcase>
    <testcase time="0.260999999999967" classname="markdown_snaps" name="result_v2">
      <skipped message="Reason: On CRAN ('test-markdown-snaps.R:40:7')"/>
    </testcase>
    <testcase time="0.309999999999945" classname="markdown_snaps" name="result_v3">
      <skipped message="Reason: On CRAN ('test-markdown-snaps.R:40:7')"/>
    </testcase>
    <testcase time="0.223000000000184" classname="markdown_snaps" name="result_v4">
      <skipped message="Reason: On CRAN ('test-markdown-snaps.R:40:7')"/>
    </testcase>
    <testcase time="0.338999999999942" classname="markdown_snaps" name="result_v5">
      <skipped message="Reason: On CRAN ('test-markdown-snaps.R:40:7')"/>
    </testcase>
    <testcase time="0.138999999999896" classname="markdown_snaps" name="result_v1">
      <skipped message="Reason: On CRAN ('test-markdown-snaps.R:40:7')"/>
    </testcase>
    <testcase time="0.143000000000029" classname="markdown_snaps" name="result_v2">
      <skipped message="Reason: On CRAN ('test-markdown-snaps.R:40:7')"/>
    </testcase>
    <testcase time="0.0950000000000273" classname="markdown_snaps" name="result_v3">
      <skipped message="Reason: On CRAN ('test-markdown-snaps.R:40:7')"/>
    </testcase>
    <testcase time="0.0579999999999927" classname="markdown_snaps" name="result_v1">
      <skipped message="Reason: On CRAN ('test-markdown-snaps.R:40:7')"/>
    </testcase>
    <testcase time="0.0570000000000164" classname="markdown_snaps" name="result_v2">
      <skipped message="Reason: On CRAN ('test-markdown-snaps.R:40:7')"/>
    </testcase>
    <testcase time="0.170000000000073" classname="markdown_snaps" name="result_v1">
      <skipped message="Reason: On CRAN ('test-markdown-snaps.R:40:7')"/>
    </testcase>
    <testcase time="0.192000000000007" classname="markdown_snaps" name="result_v2">
      <skipped message="Reason: On CRAN ('test-markdown-snaps.R:40:7')"/>
    </testcase>
    <testcase time="0.0750000000000455" classname="markdown_snaps" name="result_v1">
      <skipped message="Reason: On CRAN ('test-markdown-snaps.R:40:7')"/>
    </testcase>
    <testcase time="0.0889999999999418" classname="markdown_snaps" name="result_v2">
      <skipped message="Reason: On CRAN ('test-markdown-snaps.R:40:7')"/>
    </testcase>
    <testcase time="0.118999999999915" classname="markdown_snaps" name="result_v1">
      <skipped message="Reason: On CRAN ('test-markdown-snaps.R:40:7')"/>
    </testcase>
    <testcase time="0.0860000000000127" classname="markdown_snaps" name="result_v2">
      <skipped message="Reason: On CRAN ('test-markdown-snaps.R:40:7')"/>
    </testcase>
    <testcase time="1.23299999999995" classname="markdown_snaps" name="result_v1">
      <skipped message="Reason: On CRAN ('test-markdown-snaps.R:40:7')"/>
    </testcase>
    <testcase time="0.241999999999962" classname="markdown_snaps" name="result_v1">
      <skipped message="Reason: On CRAN ('test-markdown-snaps.R:40:7')"/>
    </testcase>
    <testcase time="0.162000000000035" classname="markdown_snaps" name="result_v1">
      <skipped message="Reason: On CRAN ('test-markdown-snaps.R:40:7')"/>
    </testcase>
    <testcase time="0.0879999999999654" classname="markdown_snaps" name="result_v2">
      <skipped message="Reason: On CRAN ('test-markdown-snaps.R:40:7')"/>
    </testcase>
    <testcase time="0.0930000000000746" classname="markdown_snaps" name="result_v3">
      <skipped message="Reason: On CRAN ('test-markdown-snaps.R:40:7')"/>
    </testcase>
    <testcase time="0.106999999999971" classname="markdown_snaps" name="result_v4">
      <skipped message="Reason: On CRAN ('test-markdown-snaps.R:40:7')"/>
    </testcase>
    <testcase time="0.0920000000000982" classname="markdown_snaps" name="result_v1">
      <skipped message="Reason: On CRAN ('test-markdown-snaps.R:40:7')"/>
    </testcase>
    <testcase time="0.0679999999999836" classname="markdown_snaps" name="result_v2">
      <skipped message="Reason: On CRAN ('test-markdown-snaps.R:40:7')"/>
    </testcase>
    <testcase time="1.096" classname="markdown_snaps" name="result_v1">
      <skipped message="Reason: On CRAN ('test-markdown-snaps.R:40:7')"/>
    </testcase>
    <testcase time="0.105000000000018" classname="markdown_snaps" name="result_v2">
      <skipped message="Reason: On CRAN ('test-markdown-snaps.R:40:7')"/>
    </testcase>
    <testcase time="0.105999999999995" classname="markdown_snaps" name="result_v3">
      <skipped message="Reason: On CRAN ('test-markdown-snaps.R:40:7')"/>
    </testcase>
    <testcase time="0.1099999999999" classname="markdown_snaps" name="result_v4">
      <skipped message="Reason: On CRAN ('test-markdown-snaps.R:40:7')"/>
    </testcase>
    <testcase time="0.269000000000005" classname="markdown_snaps" name="result_v1">
      <skipped message="Reason: On CRAN ('test-markdown-snaps.R:40:7')"/>
    </testcase>
    <testcase time="0.163999999999987" classname="markdown_snaps" name="result_v2">
      <skipped message="Reason: On CRAN ('test-markdown-snaps.R:40:7')"/>
    </testcase>
    <testcase time="0.138000000000147" classname="markdown_snaps" name="result_v3">
      <skipped message="Reason: On CRAN ('test-markdown-snaps.R:40:7')"/>
    </testcase>
    <testcase time="0.474999999999909" classname="markdown_snaps" name="result_v4">
      <skipped message="Reason: On CRAN ('test-markdown-snaps.R:40:7')"/>
    </testcase>
    <testcase time="0.227000000000089" classname="markdown_snaps" name="result_v1">
      <skipped message="Reason: On CRAN ('test-markdown-snaps.R:40:7')"/>
    </testcase>
    <testcase time="0.0909999999998945" classname="markdown_snaps" name="result_v2">
      <skipped message="Reason: On CRAN ('test-markdown-snaps.R:40:7')"/>
    </testcase>
    <testcase time="0.251999999999953" classname="markdown_snaps" name="result_v3">
      <skipped message="Reason: On CRAN ('test-markdown-snaps.R:40:7')"/>
    </testcase>
    <testcase time="0.260000000000218" classname="markdown_snaps" name="result_v1">
      <skipped message="Reason: On CRAN ('test-markdown-snaps.R:40:7')"/>
    </testcase>
    <testcase time="0.106999999999971" classname="markdown_snaps" name="result_v2">
      <skipped message="Reason: On CRAN ('test-markdown-snaps.R:40:7')"/>
    </testcase>
    <testcase time="0.106999999999971" classname="markdown_snaps" name="result_v3">
      <skipped message="Reason: On CRAN ('test-markdown-snaps.R:40:7')"/>
    </testcase>
    <testcase time="0.102999999999838" classname="markdown_snaps" name="result_v4">
      <skipped message="Reason: On CRAN ('test-markdown-snaps.R:40:7')"/>
    </testcase>
    <testcase time="0.621000000000095" classname="markdown_snaps" name="result_v1">
      <skipped message="Reason: On CRAN ('test-markdown-snaps.R:40:7')"/>
    </testcase>
    <testcase time="0.113000000000056" classname="markdown_snaps" name="result_v2">
      <skipped message="Reason: On CRAN ('test-markdown-snaps.R:40:7')"/>
    </testcase>
    <testcase time="0.130999999999858" classname="markdown_snaps" name="result_v3">
      <skipped message="Reason: On CRAN ('test-markdown-snaps.R:40:7')"/>
    </testcase>
    <testcase time="0.12700000000018" classname="markdown_snaps" name="result_v4">
      <skipped message="Reason: On CRAN ('test-markdown-snaps.R:40:7')"/>
    </testcase>
    <testcase time="0.1099999999999" classname="markdown_snaps" name="result_v5">
      <skipped message="Reason: On CRAN ('test-markdown-snaps.R:40:7')"/>
    </testcase>
    <testcase time="0.0940000000000509" classname="markdown_snaps" name="result_v6">
      <skipped message="Reason: On CRAN ('test-markdown-snaps.R:40:7')"/>
    </testcase>
    <testcase time="2.23900000000003" classname="markdown_snaps" name="result_v1">
      <skipped message="Reason: On CRAN ('test-markdown-snaps.R:40:7')"/>
    </testcase>
    <testcase time="0.112999999999829" classname="markdown_snaps" name="result_v2">
      <skipped message="Reason: On CRAN ('test-markdown-snaps.R:40:7')"/>
    </testcase>
    <testcase time="0.121000000000095" classname="markdown_snaps" name="result_v3">
      <skipped message="Reason: On CRAN ('test-markdown-snaps.R:40:7')"/>
    </testcase>
    <testcase time="0.134999999999991" classname="markdown_snaps" name="result_v4">
      <skipped message="Reason: On CRAN ('test-markdown-snaps.R:40:7')"/>
    </testcase>
    <testcase time="0.132000000000062" classname="markdown_snaps" name="result_v5">
      <skipped message="Reason: On CRAN ('test-markdown-snaps.R:40:7')"/>
    </testcase>
    <testcase time="0.125999999999976" classname="markdown_snaps" name="result_v6">
      <skipped message="Reason: On CRAN ('test-markdown-snaps.R:40:7')"/>
    </testcase>
    <testcase time="0.241999999999962" classname="markdown_snaps" name="result_v1">
      <skipped message="Reason: On CRAN ('test-markdown-snaps.R:40:7')"/>
    </testcase>
    <testcase time="0.183999999999969" classname="markdown_snaps" name="result_v1">
      <skipped message="Reason: On CRAN ('test-markdown-snaps.R:40:7')"/>
    </testcase>
    <testcase time="0.211000000000013" classname="markdown_snaps" name="result_v1">
      <skipped message="Reason: On CRAN ('test-markdown-snaps.R:40:7')"/>
    </testcase>
    <testcase time="0.150000000000091" classname="markdown_snaps" name="result_v2">
      <skipped message="Reason: On CRAN ('test-markdown-snaps.R:40:7')"/>
    </testcase>
    <testcase time="0.08400000000006" classname="markdown_snaps" name="result_v1">
      <skipped message="Reason: On CRAN ('test-markdown-snaps.R:40:7')"/>
    </testcase>
    <testcase time="0.172999999999774" classname="markdown_snaps" name="result_v1">
      <skipped message="Reason: On CRAN ('test-markdown-snaps.R:40:7')"/>
    </testcase>
    <testcase time="0.465000000000146" classname="markdown_snaps" name="result_v2">
      <skipped message="Reason: On CRAN ('test-markdown-snaps.R:40:7')"/>
    </testcase>
    <testcase time="0.114000000000033" classname="markdown_snaps" name="result_v4">
      <skipped message="Reason: On CRAN ('test-markdown-snaps.R:40:7')"/>
    </testcase>
    <testcase time="0.241999999999962" classname="markdown_snaps" name="result_v1">
      <skipped message="Reason: On CRAN ('test-markdown-snaps.R:40:7')"/>
    </testcase>
    <testcase time="0.461000000000013" classname="markdown_snaps" name="result_v2">
      <skipped message="Reason: On CRAN ('test-markdown-snaps.R:40:7')"/>
    </testcase>
    <testcase time="0.155999999999949" classname="markdown_snaps" name="result_v1">
      <skipped message="Reason: On CRAN ('test-markdown-snaps.R:40:7')"/>
    </testcase>
    <testcase time="0.149000000000115" classname="markdown_snaps" name="result_v1">
      <skipped message="Reason: On CRAN ('test-markdown-snaps.R:40:7')"/>
    </testcase>
    <testcase time="0.360999999999876" classname="markdown_snaps" name="result_v1">
      <skipped message="Reason: On CRAN ('test-markdown-snaps.R:40:7')"/>
    </testcase>
    <testcase time="0.184999999999945" classname="markdown_snaps" name="result_v2">
      <skipped message="Reason: On CRAN ('test-markdown-snaps.R:40:7')"/>
    </testcase>
    <testcase time="0.0800000000001546" classname="markdown_snaps" name="result_v1">
      <skipped message="Reason: On CRAN ('test-markdown-snaps.R:40:7')"/>
    </testcase>
    <testcase time="0.0559999999998126" classname="markdown_snaps" name="result_v2">
      <skipped message="Reason: On CRAN ('test-markdown-snaps.R:40:7')"/>
    </testcase>
    <testcase time="0.0800000000001546" classname="markdown_snaps" name="result_v1">
      <skipped message="Reason: On CRAN ('test-markdown-snaps.R:40:7')"/>
    </testcase>
    <testcase time="0.0579999999999927" classname="markdown_snaps" name="result_v2">
      <skipped message="Reason: On CRAN ('test-markdown-snaps.R:40:7')"/>
    </testcase>
    <testcase time="0.41599999999994" classname="markdown_snaps" name="result_v1">
      <skipped message="Reason: On CRAN ('test-markdown-snaps.R:40:7')"/>
    </testcase>
    <testcase time="0.0879999999999654" classname="markdown_snaps" name="result_v2">
      <skipped message="Reason: On CRAN ('test-markdown-snaps.R:40:7')"/>
    </testcase>
    <testcase time="0.0940000000000509" classname="markdown_snaps" name="result_v3">
      <skipped message="Reason: On CRAN ('test-markdown-snaps.R:40:7')"/>
    </testcase>
    <testcase time="0.413000000000011" classname="markdown_snaps" name="result_v1">
      <skipped message="Reason: On CRAN ('test-markdown-snaps.R:40:7')"/>
    </testcase>
    <testcase time="0.0699999999999363" classname="markdown_snaps" name="result_v2">
      <skipped message="Reason: On CRAN ('test-markdown-snaps.R:40:7')"/>
    </testcase>
    <testcase time="0.0960000000000036" classname="markdown_snaps" name="result_v3">
      <skipped message="Reason: On CRAN ('test-markdown-snaps.R:40:7')"/>
    </testcase>
    <testcase time="0.106999999999971" classname="markdown_snaps" name="result_v1">
      <skipped message="Reason: On CRAN ('test-markdown-snaps.R:40:7')"/>
    </testcase>
    <testcase time="0.106999999999971" classname="markdown_snaps" name="result_v1">
      <skipped message="Reason: On CRAN ('test-markdown-snaps.R:40:7')"/>
    </testcase>
    <testcase time="0.754000000000133" classname="markdown_snaps" name="result_v1">
      <skipped message="Reason: On CRAN ('test-markdown-snaps.R:40:7')"/>
    </testcase>
    <testcase time="0.479000000000042" classname="markdown_snaps" name="result_v2">
      <skipped message="Reason: On CRAN ('test-markdown-snaps.R:40:7')"/>
    </testcase>
    <testcase time="0.454999999999927" classname="markdown_snaps" name="result_v3">
      <skipped message="Reason: On CRAN ('test-markdown-snaps.R:40:7')"/>
    </testcase>
    <testcase time="0.587999999999965" classname="markdown_snaps" name="result_v4">
      <skipped message="Reason: On CRAN ('test-markdown-snaps.R:40:7')"/>
    </testcase>
    <testcase time="0.875999999999976" classname="markdown_snaps" name="result_v5">
      <skipped message="Reason: On CRAN ('test-markdown-snaps.R:40:7')"/>
    </testcase>
    <testcase time="0.419000000000096" classname="markdown_snaps" name="result_v1">
      <skipped message="Reason: On CRAN ('test-markdown-snaps.R:40:7')"/>
    </testcase>
    <testcase time="0.298000000000002" classname="markdown_snaps" name="result_v2">
      <skipped message="Reason: On CRAN ('test-markdown-snaps.R:40:7')"/>
    </testcase>
    <testcase time="0.269999999999982" classname="markdown_snaps" name="result_v3">
      <skipped message="Reason: On CRAN ('test-markdown-snaps.R:40:7')"/>
    </testcase>
    <testcase time="0.27800000000002" classname="markdown_snaps" name="result_v4">
      <skipped message="Reason: On CRAN ('test-markdown-snaps.R:40:7')"/>
    </testcase>
    <testcase time="0.54099999999994" classname="markdown_snaps" name="result_v5">
      <skipped message="Reason: On CRAN ('test-markdown-snaps.R:40:7')"/>
    </testcase>
    <testcase time="0.111000000000104" classname="markdown_snaps" name="result_v1">
      <skipped message="Reason: On CRAN ('test-markdown-snaps.R:40:7')"/>
    </testcase>
    <testcase time="0.0919999999998709" classname="markdown_snaps" name="result_v2">
      <skipped message="Reason: On CRAN ('test-markdown-snaps.R:40:7')"/>
    </testcase>
    <testcase time="0.0499999999999545" classname="markdown_snaps" name="lsting">
      <skipped message="Reason: On CRAN ('test-markdown-snaps.R:40:7')"/>
    </testcase>
    <testcase time="0.0350000000000819" classname="markdown_snaps" name="lsting">
      <skipped message="Reason: On CRAN ('test-markdown-snaps.R:40:7')"/>
    </testcase>
    <testcase time="0.0670000000000073" classname="markdown_snaps" name="lsting">
      <skipped message="Reason: On CRAN ('test-markdown-snaps.R:40:7')"/>
    </testcase>
    <testcase time="0.0679999999999836" classname="markdown_snaps" name="lsting">
      <skipped message="Reason: On CRAN ('test-markdown-snaps.R:40:7')"/>
    </testcase>
    <testcase time="0.0720000000001164" classname="markdown_snaps" name="lsting">
      <skipped message="Reason: On CRAN ('test-markdown-snaps.R:40:7')"/>
    </testcase>
    <testcase time="0.0509999999999309" classname="markdown_snaps" name="lsting">
      <skipped message="Reason: On CRAN ('test-markdown-snaps.R:40:7')"/>
    </testcase>
    <testcase time="0.189000000000078" classname="markdown_snaps" name="result_v1">
      <skipped message="Reason: On CRAN ('test-markdown-snaps.R:40:7')"/>
    </testcase>
    <testcase time="1.05099999999993" classname="markdown_snaps" name="result_v1">
      <skipped message="Reason: On CRAN ('test-markdown-snaps.R:40:7')"/>
    </testcase>
    <testcase time="2.93599999999992" classname="markdown_snaps" name="result_v1">
      <skipped message="Reason: On CRAN ('test-markdown-snaps.R:40:7')"/>
    </testcase>
    <testcase time="0.294000000000096" classname="markdown_snaps" name="result_v2">
      <skipped message="Reason: On CRAN ('test-markdown-snaps.R:40:7')"/>
    </testcase>
    <testcase time="0.0819999999998799" classname="markdown_snaps" name="lsting">
      <skipped message="Reason: On CRAN ('test-markdown-snaps.R:40:7')"/>
    </testcase>
    <testcase time="0.0440000000000964" classname="markdown_snaps" name="lsting">
      <skipped message="Reason: On CRAN ('test-markdown-snaps.R:40:7')"/>
    </testcase>
    <testcase time="0.0509999999999309" classname="markdown_snaps" name="lsting">
      <skipped message="Reason: On CRAN ('test-markdown-snaps.R:40:7')"/>
    </testcase>
    <testcase time="0.221000000000004" classname="markdown_snaps" name="result_v1">
      <skipped message="Reason: On CRAN ('test-markdown-snaps.R:40:7')"/>
    </testcase>
    <testcase time="0.197000000000116" classname="markdown_snaps" name="result_v2">
      <skipped message="Reason: On CRAN ('test-markdown-snaps.R:40:7')"/>
    </testcase>
    <testcase time="0.0889999999999418" classname="markdown_snaps" name="result_v3">
      <skipped message="Reason: On CRAN ('test-markdown-snaps.R:40:7')"/>
    </testcase>
    <testcase time="0.115999999999985" classname="markdown_snaps" name="result_v4">
      <skipped message="Reason: On CRAN ('test-markdown-snaps.R:40:7')"/>
    </testcase>
    <testcase time="0.0860000000000127" classname="markdown_snaps" name="result_v5">
      <skipped message="Reason: On CRAN ('test-markdown-snaps.R:40:7')"/>
    </testcase>
    <testcase time="0.0529999999998836" classname="markdown_snaps" name="result_v6">
      <skipped message="Reason: On CRAN ('test-markdown-snaps.R:40:7')"/>
    </testcase>
    <testcase time="0.0500000000001819" classname="markdown_snaps" name="lsting">
      <skipped message="Reason: On CRAN ('test-markdown-snaps.R:40:7')"/>
    </testcase>
    <testcase time="0.0499999999999545" classname="markdown_snaps" name="lsting">
      <skipped message="Reason: On CRAN ('test-markdown-snaps.R:40:7')"/>
    </testcase>
    <testcase time="0.0370000000000346" classname="markdown_snaps" name="lsting">
      <skipped message="Reason: On CRAN ('test-markdown-snaps.R:40:7')"/>
    </testcase>
    <testcase time="0.0660000000000309" classname="markdown_snaps" name="lsting">
      <skipped message="Reason: On CRAN ('test-markdown-snaps.R:40:7')"/>
    </testcase>
    <testcase time="0.112999999999829" classname="markdown_snaps" name="lsting">
      <skipped message="Reason: On CRAN ('test-markdown-snaps.R:40:7')"/>
    </testcase>
    <testcase time="0.0550000000000637" classname="markdown_snaps" name="lsting">
      <skipped message="Reason: On CRAN ('test-markdown-snaps.R:40:7')"/>
    </testcase>
    <testcase time="0.0519999999999072" classname="markdown_snaps" name="lsting">
      <skipped message="Reason: On CRAN ('test-markdown-snaps.R:40:7')"/>
    </testcase>
    <testcase time="0.0570000000000164" classname="markdown_snaps" name="lsting">
      <skipped message="Reason: On CRAN ('test-markdown-snaps.R:40:7')"/>
    </testcase>
    <testcase time="0.0790000000001783" classname="markdown_snaps" name="lsting">
      <skipped message="Reason: On CRAN ('test-markdown-snaps.R:40:7')"/>
    </testcase>
    <testcase time="0.0589999999999691" classname="markdown_snaps" name="lsting">
      <skipped message="Reason: On CRAN ('test-markdown-snaps.R:40:7')"/>
    </testcase>
    <testcase time="0.0649999999998272" classname="markdown_snaps" name="lsting">
      <skipped message="Reason: On CRAN ('test-markdown-snaps.R:40:7')"/>
    </testcase>
    <testcase time="0.0520000000001346" classname="markdown_snaps" name="lsting">
      <skipped message="Reason: On CRAN ('test-markdown-snaps.R:40:7')"/>
    </testcase>
    <testcase time="0.259000000000015" classname="markdown_snaps" name="result_v1">
      <skipped message="Reason: On CRAN ('test-markdown-snaps.R:40:7')"/>
    </testcase>
    <testcase time="0.421000000000049" classname="markdown_snaps" name="result_v1">
      <skipped message="Reason: On CRAN ('test-markdown-snaps.R:40:7')"/>
    </testcase>
    <testcase time="0.0570000000000164" classname="markdown_snaps" name="result_v1">
      <skipped message="Reason: On CRAN ('test-markdown-snaps.R:40:7')"/>
    </testcase>
    <testcase time="0.118999999999915" classname="markdown_snaps" name="result_v1">
      <skipped message="Reason: On CRAN ('test-markdown-snaps.R:40:7')"/>
    </testcase>
    <testcase time="0.0729999999998654" classname="markdown_snaps" name="result_v2">
      <skipped message="Reason: On CRAN ('test-markdown-snaps.R:40:7')"/>
    </testcase>
    <testcase time="0.05600000000004" classname="markdown_snaps" name="result_v1">
      <skipped message="Reason: On CRAN ('test-markdown-snaps.R:40:7')"/>
    </testcase>
    <testcase time="0.06899999999996" classname="markdown_snaps" name="result_v1">
      <skipped message="Reason: On CRAN ('test-markdown-snaps.R:40:7')"/>
    </testcase>
    <testcase time="0.193000000000211" classname="markdown_snaps" name="result_v1">
      <skipped message="Reason: On CRAN ('test-markdown-snaps.R:40:7')"/>
    </testcase>
    <testcase time="0.0860000000000127" classname="markdown_snaps" name="result_v2">
      <skipped message="Reason: On CRAN ('test-markdown-snaps.R:40:7')"/>
    </testcase>
    <testcase time="0.129999999999882" classname="markdown_snaps" name="result_v3">
      <skipped message="Reason: On CRAN ('test-markdown-snaps.R:40:7')"/>
    </testcase>
    <testcase time="0.1099999999999" classname="markdown_snaps" name="result_v4">
      <skipped message="Reason: On CRAN ('test-markdown-snaps.R:40:7')"/>
    </testcase>
    <testcase time="0.0670000000000073" classname="markdown_snaps" name="lsting">
      <skipped message="Reason: On CRAN ('test-markdown-snaps.R:40:7')"/>
    </testcase>
    <testcase time="0.0370000000000346" classname="markdown_snaps" name="lsting">
      <skipped message="Reason: On CRAN ('test-markdown-snaps.R:40:7')"/>
    </testcase>
    <testcase time="0.190000000000055" classname="markdown_snaps" name="result_v1">
      <skipped message="Reason: On CRAN ('test-markdown-snaps.R:40:7')"/>
    </testcase>
    <testcase time="0.0850000000000364" classname="markdown_snaps" name="result_v1">
      <skipped message="Reason: On CRAN ('test-markdown-snaps.R:40:7')"/>
    </testcase>
    <testcase time="0.187999999999874" classname="markdown_snaps" name="result_v1">
      <skipped message="Reason: On CRAN ('test-markdown-snaps.R:40:7')"/>
    </testcase>
    <testcase time="0.207000000000107" classname="markdown_snaps" name="result_v1">
      <skipped message="Reason: On CRAN ('test-markdown-snaps.R:40:7')"/>
    </testcase>
    <testcase time="0.190000000000055" classname="markdown_snaps" name="result_v1">
      <skipped message="Reason: On CRAN ('test-markdown-snaps.R:40:7')"/>
    </testcase>
    <testcase time="0.0499999999999545" classname="markdown_snaps" name="lsting">
      <skipped message="Reason: On CRAN ('test-markdown-snaps.R:40:7')"/>
    </testcase>
    <testcase time="0.0519999999999072" classname="markdown_snaps" name="lsting">
      <skipped message="Reason: On CRAN ('test-markdown-snaps.R:40:7')"/>
    </testcase>
    <testcase time="0.210000000000036" classname="markdown_snaps" name="result_v1">
      <skipped message="Reason: On CRAN ('test-markdown-snaps.R:40:7')"/>
    </testcase>
    <testcase time="0.0499999999999545" classname="markdown_snaps" name="lsting">
      <skipped message="Reason: On CRAN ('test-markdown-snaps.R:40:7')"/>
    </testcase>
    <testcase time="0.0489999999999782" classname="markdown_snaps" name="lsting">
      <skipped message="Reason: On CRAN ('test-markdown-snaps.R:40:7')"/>
    </testcase>
    <testcase time="0.0490000000002055" classname="markdown_snaps" name="lsting">
      <skipped message="Reason: On CRAN ('test-markdown-snaps.R:40:7')"/>
    </testcase>
    <testcase time="0.15099999999984" classname="markdown_snaps" name="result_v1">
      <skipped message="Reason: On CRAN ('test-markdown-snaps.R:40:7')"/>
    </testcase>
    <testcase time="0.115000000000009" classname="markdown_snaps" name="result_v2">
      <skipped message="Reason: On CRAN ('test-markdown-snaps.R:40:7')"/>
    </testcase>
    <testcase time="0.150000000000091" classname="markdown_snaps" name="result_v1">
      <skipped message="Reason: On CRAN ('test-markdown-snaps.R:40:7')"/>
    </testcase>
    <testcase time="0.0860000000000127" classname="markdown_snaps" name="result_v2">
      <skipped message="Reason: On CRAN ('test-markdown-snaps.R:40:7')"/>
    </testcase>
    <testcase time="0.191000000000031" classname="markdown_snaps" name="result_v1">
      <skipped message="Reason: On CRAN ('test-markdown-snaps.R:40:7')"/>
    </testcase>
    <testcase time="0.120999999999867" classname="markdown_snaps" name="result_v2">
      <skipped message="Reason: On CRAN ('test-markdown-snaps.R:40:7')"/>
    </testcase>
    <testcase time="0.195000000000164" classname="markdown_snaps" name="result_v1">
      <skipped message="Reason: On CRAN ('test-markdown-snaps.R:40:7')"/>
    </testcase>
    <testcase time="0.0949999999997999" classname="markdown_snaps" name="result_v2">
      <skipped message="Reason: On CRAN ('test-markdown-snaps.R:40:7')"/>
    </testcase>
    <testcase time="0.0769999999999982" classname="markdown_snaps" name="result_v1">
      <skipped message="Reason: On CRAN ('test-markdown-snaps.R:40:7')"/>
    </testcase>
    <testcase time="0.0550000000000637" classname="markdown_snaps" name="result_v2">
      <skipped message="Reason: On CRAN ('test-markdown-snaps.R:40:7')"/>
    </testcase>
    <testcase time="0.0989999999999327" classname="markdown_snaps" name="result_v1">
      <skipped message="Reason: On CRAN ('test-markdown-snaps.R:40:7')"/>
    </testcase>
    <testcase time="0.0690000000001874" classname="markdown_snaps" name="result_v2">
      <skipped message="Reason: On CRAN ('test-markdown-snaps.R:40:7')"/>
    </testcase>
    <testcase time="0.125999999999976" classname="markdown_snaps" name="result_v1">
      <skipped message="Reason: On CRAN ('test-markdown-snaps.R:40:7')"/>
    </testcase>
    <testcase time="0.0660000000000309" classname="markdown_snaps" name="result_v1">
      <skipped message="Reason: On CRAN ('test-markdown-snaps.R:40:7')"/>
    </testcase>
    <testcase time="0.146999999999935" classname="markdown_snaps" name="result_v1">
      <skipped message="Reason: On CRAN ('test-markdown-snaps.R:40:7')"/>
    </testcase>
    <testcase time="0.0819999999998799" classname="markdown_snaps" name="result_v2">
      <skipped message="Reason: On CRAN ('test-markdown-snaps.R:40:7')"/>
    </testcase>
    <testcase time="0.0940000000000509" classname="markdown_snaps" name="result_v3">
      <skipped message="Reason: On CRAN ('test-markdown-snaps.R:40:7')"/>
    </testcase>
    <testcase time="0.122000000000071" classname="markdown_snaps" name="result_v4">
      <skipped message="Reason: On CRAN ('test-markdown-snaps.R:40:7')"/>
    </testcase>
    <testcase time="0.240999999999985" classname="markdown_snaps" name="result_v1">
      <skipped message="Reason: On CRAN ('test-markdown-snaps.R:40:7')"/>
    </testcase>
    <testcase time="0.192999999999984" classname="markdown_snaps" name="result_v2">
      <skipped message="Reason: On CRAN ('test-markdown-snaps.R:40:7')"/>
    </testcase>
    <testcase time="0.176999999999907" classname="markdown_snaps" name="result_v3">
      <skipped message="Reason: On CRAN ('test-markdown-snaps.R:40:7')"/>
    </testcase>
    <testcase time="0.151000000000067" classname="markdown_snaps" name="result_v4">
      <skipped message="Reason: On CRAN ('test-markdown-snaps.R:40:7')"/>
    </testcase>
    <testcase time="0.377999999999929" classname="markdown_snaps" name="result_v1">
      <skipped message="Reason: On CRAN ('test-markdown-snaps.R:40:7')"/>
    </testcase>
    <testcase time="0.201000000000022" classname="markdown_snaps" name="result_v2">
      <skipped message="Reason: On CRAN ('test-markdown-snaps.R:40:7')"/>
    </testcase>
    <testcase time="0.29300000000012" classname="markdown_snaps" name="result_v4">
      <skipped message="Reason: On CRAN ('test-markdown-snaps.R:40:7')"/>
    </testcase>
    <testcase time="0.0879999999999654" classname="markdown_snaps" name="result_v1">
      <skipped message="Reason: On CRAN ('test-markdown-snaps.R:40:7')"/>
    </testcase>
    <testcase time="0.228000000000065" classname="markdown_snaps" name="result_v1">
      <skipped message="Reason: On CRAN ('test-markdown-snaps.R:40:7')"/>
    </testcase>
    <testcase time="0.16599999999994" classname="markdown_snaps" name="result_v2">
      <skipped message="Reason: On CRAN ('test-markdown-snaps.R:40:7')"/>
    </testcase>
    <testcase time="0.172000000000025" classname="markdown_snaps" name="result_v3">
      <skipped message="Reason: On CRAN ('test-markdown-snaps.R:40:7')"/>
    </testcase>
    <testcase time="0.138999999999896" classname="markdown_snaps" name="result_v4">
      <skipped message="Reason: On CRAN ('test-markdown-snaps.R:40:7')"/>
    </testcase>
    <testcase time="0.125999999999976" classname="markdown_snaps" name="result_v5">
      <skipped message="Reason: On CRAN ('test-markdown-snaps.R:40:7')"/>
    </testcase>
    <testcase time="0.30600000000004" classname="markdown_snaps" name="result_v1">
      <skipped message="Reason: On CRAN ('test-markdown-snaps.R:40:7')"/>
    </testcase>
    <testcase time="0.101000000000113" classname="markdown_snaps" name="result_v2">
      <skipped message="Reason: On CRAN ('test-markdown-snaps.R:40:7')"/>
    </testcase>
    <testcase time="0.115000000000009" classname="markdown_snaps" name="result_v3">
      <skipped message="Reason: On CRAN ('test-markdown-snaps.R:40:7')"/>
    </testcase>
    <testcase time="0.246999999999844" classname="markdown_snaps" name="result_v1">
      <skipped message="Reason: On CRAN ('test-markdown-snaps.R:40:7')"/>
    </testcase>
    <testcase time="0.158000000000129" classname="markdown_snaps" name="result_v2">
      <skipped message="Reason: On CRAN ('test-markdown-snaps.R:40:7')"/>
    </testcase>
    <testcase time="0.0850000000000364" classname="markdown_snaps" name="result_v3">
      <skipped message="Reason: On CRAN ('test-markdown-snaps.R:40:7')"/>
    </testcase>
    <testcase time="0.103999999999814" classname="markdown_snaps" name="result_v4">
      <skipped message="Reason: On CRAN ('test-markdown-snaps.R:40:7')"/>
    </testcase>
    <testcase time="0.62700000000018" classname="markdown_snaps" name="result_v1">
      <skipped message="Reason: On CRAN ('test-markdown-snaps.R:40:7')"/>
    </testcase>
    <testcase time="0.0889999999999418" classname="markdown_snaps" name="result_v1">
      <skipped message="Reason: On CRAN ('test-markdown-snaps.R:40:7')"/>
    </testcase>
    <testcase time="0.0940000000000509" classname="markdown_snaps" name="result_v2">
      <skipped message="Reason: On CRAN ('test-markdown-snaps.R:40:7')"/>
    </testcase>
    <testcase time="0.147999999999911" classname="markdown_snaps" name="result_v1">
      <skipped message="Reason: On CRAN ('test-markdown-snaps.R:40:7')"/>
    </testcase>
    <testcase time="0.113000000000056" classname="markdown_snaps" name="result_v2">
      <skipped message="Reason: On CRAN ('test-markdown-snaps.R:40:7')"/>
    </testcase>
    <testcase time="0.108999999999924" classname="markdown_snaps" name="result_v1">
      <skipped message="Reason: On CRAN ('test-markdown-snaps.R:40:7')"/>
    </testcase>
    <testcase time="0.319999999999936" classname="markdown_snaps" name="result_v1">
      <skipped message="Reason: On CRAN ('test-markdown-snaps.R:40:7')"/>
    </testcase>
    <testcase time="1.15600000000018" classname="markdown_snaps" name="result_v1">
      <skipped message="Reason: On CRAN ('test-markdown-snaps.R:40:7')"/>
    </testcase>
    <testcase time="0.601999999999862" classname="markdown_snaps" name="result_v2">
      <skipped message="Reason: On CRAN ('test-markdown-snaps.R:40:7')"/>
    </testcase>
    <testcase time="0.623000000000047" classname="markdown_snaps" name="result_v3">
      <skipped message="Reason: On CRAN ('test-markdown-snaps.R:40:7')"/>
    </testcase>
    <testcase time="0.596000000000004" classname="markdown_snaps" name="result_v4">
      <skipped message="Reason: On CRAN ('test-markdown-snaps.R:40:7')"/>
    </testcase>
    <testcase time="0.159000000000106" classname="markdown_snaps" name="result_v1">
      <skipped message="Reason: On CRAN ('test-markdown-snaps.R:40:7')"/>
    </testcase>
    <testcase time="0.108999999999924" classname="markdown_snaps" name="result_v1">
      <skipped message="Reason: On CRAN ('test-markdown-snaps.R:40:7')"/>
    </testcase>
    <testcase time="0.249000000000024" classname="markdown_snaps" name="result_v1">
      <skipped message="Reason: On CRAN ('test-markdown-snaps.R:40:7')"/>
    </testcase>
    <testcase time="0.216999999999871" classname="markdown_snaps" name="result_v2">
      <skipped message="Reason: On CRAN ('test-markdown-snaps.R:40:7')"/>
    </testcase>
    <testcase time="0.246000000000095" classname="markdown_snaps" name="result_v3">
      <skipped message="Reason: On CRAN ('test-markdown-snaps.R:40:7')"/>
    </testcase>
    <testcase time="0.185999999999922" classname="markdown_snaps" name="result_v1">
      <skipped message="Reason: On CRAN ('test-markdown-snaps.R:40:7')"/>
    </testcase>
    <testcase time="0.06899999999996" classname="markdown_snaps" name="result_v2">
      <skipped message="Reason: On CRAN ('test-markdown-snaps.R:40:7')"/>
    </testcase>
    <testcase time="0.119000000000142" classname="markdown_snaps" name="result_v3">
      <skipped message="Reason: On CRAN ('test-markdown-snaps.R:40:7')"/>
    </testcase>
    <testcase time="0.157999999999902" classname="markdown_snaps" name="result_v4">
      <skipped message="Reason: On CRAN ('test-markdown-snaps.R:40:7')"/>
    </testcase>
    <testcase time="0.161000000000058" classname="markdown_snaps" name="result_v1">
      <skipped message="Reason: On CRAN ('test-markdown-snaps.R:40:7')"/>
    </testcase>
    <testcase time="0.0799999999999272" classname="markdown_snaps" name="result_v1">
      <skipped message="Reason: On CRAN ('test-markdown-snaps.R:40:7')"/>
    </testcase>
    <testcase time="0.367000000000189" classname="markdown_snaps" name="result_v1">
      <skipped message="Reason: On CRAN ('test-markdown-snaps.R:40:7')"/>
    </testcase>
    <testcase time="0.161999999999807" classname="markdown_snaps" name="result_v1">
      <skipped message="Reason: On CRAN ('test-markdown-snaps.R:40:7')"/>
    </testcase>
    <testcase time="0.121000000000095" classname="markdown_snaps" name="result_v2">
      <skipped message="Reason: On CRAN ('test-markdown-snaps.R:40:7')"/>
    </testcase>
  </testsuite>
</testsuites>
