<?xml version="1.0" encoding="UTF-8"?>
<testsuites>
  <testsuite name="aet04" timestamp="2023-07-19T11:20:19Z" hostname="5a6375700a33" tests="8" skipped="8" failures="0" errors="0" time="4.779">
    <testcase time="2.26199999999994" classname="aet04" name="result_v1">
      <skipped message="Reason: On CRAN ('test-aet04.R:11:5')"/>
    </testcase>
    <testcase time="0.382000000000062" classname="aet04" name="result_v2">
      <skipped message="Reason: On CRAN ('test-aet04.R:11:5')"/>
    </testcase>
    <testcase time="0.625999999999976" classname="aet04" name="result_v3">
      <skipped message="Reason: On CRAN ('test-aet04.R:11:5')"/>
    </testcase>
    <testcase time="0.311999999999898" classname="aet04" name="result_v4">
      <skipped message="Reason: On CRAN ('test-aet04.R:11:5')"/>
    </testcase>
    <testcase time="0.302000000000135" classname="aet04" name="result_v6">
      <skipped message="Reason: On CRAN ('test-aet04.R:11:5')"/>
    </testcase>
    <testcase time="0.298999999999978" classname="aet04" name="result_v8">
      <skipped message="Reason: On CRAN ('test-aet04.R:11:5')"/>
    </testcase>
    <testcase time="0.299999999999955" classname="aet04" name="result_v9">
      <skipped message="Reason: On CRAN ('test-aet04.R:11:5')"/>
    </testcase>
    <testcase time="0.296000000000049" classname="aet04" name="result_v11">
      <skipped message="Reason: On CRAN ('test-aet04.R:11:5')"/>
    </testcase>
  </testsuite>
</testsuites>
