<?xml version="1.0" encoding="UTF-8"?>
<testsuites>
  <testsuite name="graphs-efficacy-fstg01" timestamp="2024-11-12T10:10:28Z" hostname="b7427e89a06f" tests="7" skipped="7" failures="0" errors="0" time="2.571">
    <testcase time="2.383" classname="graphs_efficacy_fstg01" name="graphs_efficacy_fstg01.qmd_width_development">
      <skipped message="Reason: Snapshot test is not implemented for object of class: numeric. ('test-graphs-efficacy-fstg01.R:1:1')"/>
    </testcase>
    <testcase time="0.0900000000000003" classname="graphs_efficacy_fstg01" name="graphs_efficacy_fstg01.qmd_height_development">
      <skipped message="Reason: Snapshot test is not implemented for object of class: numeric. ('test-graphs-efficacy-fstg01.R:1:1')"/>
    </testcase>
    <testcase time="0.0369999999999999" classname="graphs_efficacy_fstg01" name="graphs_efficacy_fstg01.qmd_plot_v1_development">
      <skipped message="Reason: Snapshot test is not implemented for object of class: gg, ggplot. ('test-graphs-efficacy-fstg01.R:1:1')"/>
    </testcase>
    <testcase time="0.016" classname="graphs_efficacy_fstg01" name="graphs_efficacy_fstg01.qmd_plot_v2_development">
      <skipped message="Reason: Snapshot test is not implemented for object of class: gg, ggplot. ('test-graphs-efficacy-fstg01.R:1:1')"/>
    </testcase>
    <testcase time="0.0150000000000001" classname="graphs_efficacy_fstg01" name="graphs_efficacy_fstg01.qmd_plot_v3_development">
      <skipped message="Reason: Snapshot test is not implemented for object of class: gg, ggplot. ('test-graphs-efficacy-fstg01.R:1:1')"/>
    </testcase>
    <testcase time="0.0149999999999997" classname="graphs_efficacy_fstg01" name="graphs_efficacy_fstg01.qmd_plot_v4_development">
      <skipped message="Reason: Snapshot test is not implemented for object of class: gg, ggplot. ('test-graphs-efficacy-fstg01.R:1:1')"/>
    </testcase>
    <testcase time="0.0150000000000001" classname="graphs_efficacy_fstg01" name="graphs_efficacy_fstg01.qmd_plot_v5_development">
      <skipped message="Reason: Snapshot test is not implemented for object of class: gg, ggplot. ('test-graphs-efficacy-fstg01.R:1:1')"/>
    </testcase>
  </testsuite>
  <testsuite name="graphs-efficacy-fstg02" timestamp="2024-11-12T10:10:29Z" hostname="b7427e89a06f" tests="7" skipped="7" failures="0" errors="0" time="0.534">
    <testcase time="0.444" classname="graphs_efficacy_fstg02" name="graphs_efficacy_fstg02.qmd_width_development">
      <skipped message="Reason: Snapshot test is not implemented for object of class: numeric. ('test-graphs-efficacy-fstg02.R:1:1')"/>
    </testcase>
    <testcase time="0.016" classname="graphs_efficacy_fstg02" name="graphs_efficacy_fstg02.qmd_height_development">
      <skipped message="Reason: Snapshot test is not implemented for object of class: numeric. ('test-graphs-efficacy-fstg02.R:1:1')"/>
    </testcase>
    <testcase time="0.0150000000000001" classname="graphs_efficacy_fstg02" name="graphs_efficacy_fstg02.qmd_plot_v1_development">
      <skipped message="Reason: Snapshot test is not implemented for object of class: gg, ggplot. ('test-graphs-efficacy-fstg02.R:1:1')"/>
    </testcase>
    <testcase time="0.0150000000000001" classname="graphs_efficacy_fstg02" name="graphs_efficacy_fstg02.qmd_plot_v2_development">
      <skipped message="Reason: Snapshot test is not implemented for object of class: gg, ggplot. ('test-graphs-efficacy-fstg02.R:1:1')"/>
    </testcase>
    <testcase time="0.0139999999999998" classname="graphs_efficacy_fstg02" name="graphs_efficacy_fstg02.qmd_plot_v3_development">
      <skipped message="Reason: Snapshot test is not implemented for object of class: gg, ggplot. ('test-graphs-efficacy-fstg02.R:1:1')"/>
    </testcase>
    <testcase time="0.0150000000000001" classname="graphs_efficacy_fstg02" name="graphs_efficacy_fstg02.qmd_plot_v4_development">
      <skipped message="Reason: Snapshot test is not implemented for object of class: gg, ggplot. ('test-graphs-efficacy-fstg02.R:1:1')"/>
    </testcase>
    <testcase time="0.0150000000000001" classname="graphs_efficacy_fstg02" name="graphs_efficacy_fstg02.qmd_plot_v3.width_development">
      <skipped message="Reason: Snapshot test is not implemented for object of class: numeric. ('test-graphs-efficacy-fstg02.R:1:1')"/>
    </testcase>
  </testsuite>
  <testsuite name="graphs-efficacy-kmg01" timestamp="2024-11-12T10:10:29Z" hostname="b7427e89a06f" tests="8" skipped="8" failures="0" errors="0" time="0.925">
    <testcase time="0.838" classname="graphs_efficacy_kmg01" name="graphs_efficacy_kmg01.qmd_width_development">
      <skipped message="Reason: Snapshot test is not implemented for object of class: numeric. ('test-graphs-efficacy-kmg01.R:1:1')"/>
    </testcase>
    <testcase time="0.0129999999999999" classname="graphs_efficacy_kmg01" name="graphs_efficacy_kmg01.qmd_height_development">
      <skipped message="Reason: Snapshot test is not implemented for object of class: numeric. ('test-graphs-efficacy-kmg01.R:1:1')"/>
    </testcase>
    <testcase time="0.0120000000000005" classname="graphs_efficacy_kmg01" name="graphs_efficacy_kmg01.qmd_plot_v1_development">
      <skipped message="Reason: Snapshot test is not implemented for object of class: gg, ggplot. ('test-graphs-efficacy-kmg01.R:1:1')"/>
    </testcase>
    <testcase time="0.0119999999999996" classname="graphs_efficacy_kmg01" name="graphs_efficacy_kmg01.qmd_plot_v2_development">
      <skipped message="Reason: Snapshot test is not implemented for object of class: gg, ggplot. ('test-graphs-efficacy-kmg01.R:1:1')"/>
    </testcase>
    <testcase time="0.0120000000000005" classname="graphs_efficacy_kmg01" name="graphs_efficacy_kmg01.qmd_plot_v3_development">
      <skipped message="Reason: Snapshot test is not implemented for object of class: gg, ggplot. ('test-graphs-efficacy-kmg01.R:1:1')"/>
    </testcase>
    <testcase time="0.0129999999999999" classname="graphs_efficacy_kmg01" name="graphs_efficacy_kmg01.qmd_plot_v4_development">
      <skipped message="Reason: Snapshot test is not implemented for object of class: gg, ggplot. ('test-graphs-efficacy-kmg01.R:1:1')"/>
    </testcase>
    <testcase time="0.0129999999999999" classname="graphs_efficacy_kmg01" name="graphs_efficacy_kmg01.qmd_plot_v5_development">
      <skipped message="Reason: Snapshot test is not implemented for object of class: gg, ggplot. ('test-graphs-efficacy-kmg01.R:1:1')"/>
    </testcase>
    <testcase time="0.0120000000000005" classname="graphs_efficacy_kmg01" name="graphs_efficacy_kmg01.qmd_plot_v6_development">
      <skipped message="Reason: Snapshot test is not implemented for object of class: gg, ggplot. ('test-graphs-efficacy-kmg01.R:1:1')"/>
    </testcase>
  </testsuite>
  <testsuite name="graphs-efficacy-mmrmg01" timestamp="2024-11-12T10:10:30Z" hostname="b7427e89a06f" tests="6" skipped="6" failures="0" errors="0" time="0.573">
    <testcase time="0.507" classname="graphs_efficacy_mmrmg01" name="graphs_efficacy_mmrmg01.qmd_plot_v1_development">
      <skipped message="Reason: Snapshot test is not implemented for object of class: gg, ggplot. ('test-graphs-efficacy-mmrmg01.R:1:1')"/>
    </testcase>
    <testcase time="0.0140000000000002" classname="graphs_efficacy_mmrmg01" name="graphs_efficacy_mmrmg01.qmd_plot_v2_development">
      <skipped message="Reason: Snapshot test is not implemented for object of class: gg, ggplot. ('test-graphs-efficacy-mmrmg01.R:1:1')"/>
    </testcase>
    <testcase time="0.0129999999999999" classname="graphs_efficacy_mmrmg01" name="graphs_efficacy_mmrmg01.qmd_plot_v3_development">
      <skipped message="Reason: Snapshot test is not implemented for object of class: gg, ggplot. ('test-graphs-efficacy-mmrmg01.R:1:1')"/>
    </testcase>
    <testcase time="0.0129999999999999" classname="graphs_efficacy_mmrmg01" name="graphs_efficacy_mmrmg01.qmd_plot_v4_development">
      <skipped message="Reason: Snapshot test is not implemented for object of class: gg, ggplot. ('test-graphs-efficacy-mmrmg01.R:1:1')"/>
    </testcase>
    <testcase time="0.0129999999999999" classname="graphs_efficacy_mmrmg01" name="graphs_efficacy_mmrmg01.qmd_plot_v5_development">
      <skipped message="Reason: Snapshot test is not implemented for object of class: gg, ggplot. ('test-graphs-efficacy-mmrmg01.R:1:1')"/>
    </testcase>
    <testcase time="0.0129999999999999" classname="graphs_efficacy_mmrmg01" name="graphs_efficacy_mmrmg01.qmd_plot_v6_development">
      <skipped message="Reason: Snapshot test is not implemented for object of class: gg, ggplot. ('test-graphs-efficacy-mmrmg01.R:1:1')"/>
    </testcase>
  </testsuite>
  <testsuite name="graphs-efficacy-mmrmg02" timestamp="2024-11-12T10:10:30Z" hostname="b7427e89a06f" tests="3" skipped="3" failures="0" errors="0" time="0.154">
    <testcase time="0.127" classname="graphs_efficacy_mmrmg02" name="graphs_efficacy_mmrmg02.qmd_width_development">
      <skipped message="Reason: Snapshot test is not implemented for object of class: numeric. ('test-graphs-efficacy-mmrmg02.R:1:1')"/>
    </testcase>
    <testcase time="0.0129999999999999" classname="graphs_efficacy_mmrmg02" name="graphs_efficacy_mmrmg02.qmd_plot_v1_development">
      <skipped message="Reason: Snapshot test is not implemented for object of class: gg, ggplot. ('test-graphs-efficacy-mmrmg02.R:1:1')"/>
    </testcase>
    <testcase time="0.0140000000000002" classname="graphs_efficacy_mmrmg02" name="graphs_efficacy_mmrmg02.qmd_plot_v2_development">
      <skipped message="Reason: Snapshot test is not implemented for object of class: gg, ggplot. ('test-graphs-efficacy-mmrmg02.R:1:1')"/>
    </testcase>
  </testsuite>
  <testsuite name="graphs-other-brg01" timestamp="2024-11-12T10:10:31Z" hostname="b7427e89a06f" tests="9" skipped="9" failures="0" errors="0" time="0.481">
    <testcase time="0.386" classname="graphs_other_brg01" name="graphs_other_brg01.qmd_plot_v1_development">
      <skipped message="Reason: Snapshot test is not implemented for object of class: gg, ggplot. ('test-graphs-other-brg01.R:1:1')"/>
    </testcase>
    <testcase time="0.0120000000000005" classname="graphs_other_brg01" name="graphs_other_brg01.qmd_plot_v2_development">
      <skipped message="Reason: Snapshot test is not implemented for object of class: gg, ggplot. ('test-graphs-other-brg01.R:1:1')"/>
    </testcase>
    <testcase time="0.0119999999999996" classname="graphs_other_brg01" name="graphs_other_brg01.qmd_plot_v3_development">
      <skipped message="Reason: Snapshot test is not implemented for object of class: gg, ggplot. ('test-graphs-other-brg01.R:1:1')"/>
    </testcase>
    <testcase time="0.0120000000000005" classname="graphs_other_brg01" name="graphs_other_brg01.qmd_plot_v4_development">
      <skipped message="Reason: Snapshot test is not implemented for object of class: gg, ggplot. ('test-graphs-other-brg01.R:1:1')"/>
    </testcase>
    <testcase time="0.0109999999999992" classname="graphs_other_brg01" name="graphs_other_brg01.qmd_plot_v5_development">
      <skipped message="Reason: Snapshot test is not implemented for object of class: gg, ggplot. ('test-graphs-other-brg01.R:1:1')"/>
    </testcase>
    <testcase time="0.0120000000000005" classname="graphs_other_brg01" name="graphs_other_brg01.qmd_plot_v6_development">
      <skipped message="Reason: Snapshot test is not implemented for object of class: gg, ggplot. ('test-graphs-other-brg01.R:1:1')"/>
    </testcase>
    <testcase time="0.0119999999999996" classname="graphs_other_brg01" name="graphs_other_brg01.qmd_plot_v7_development">
      <skipped message="Reason: Snapshot test is not implemented for object of class: gg, ggplot. ('test-graphs-other-brg01.R:1:1')"/>
    </testcase>
    <testcase time="0.0120000000000005" classname="graphs_other_brg01" name="graphs_other_brg01.qmd_plot_v8_development">
      <skipped message="Reason: Snapshot test is not implemented for object of class: gg, ggplot. ('test-graphs-other-brg01.R:1:1')"/>
    </testcase>
    <testcase time="0.0119999999999996" classname="graphs_other_brg01" name="graphs_other_brg01.qmd_plot_v9_development">
      <skipped message="Reason: Snapshot test is not implemented for object of class: gg, ggplot. ('test-graphs-other-brg01.R:1:1')"/>
    </testcase>
  </testsuite>
  <testsuite name="graphs-other-bwg01" timestamp="2024-11-12T10:10:31Z" hostname="b7427e89a06f" tests="9" skipped="9" failures="0" errors="0" time="0.679">
    <testcase time="0.572" classname="graphs_other_bwg01" name="graphs_other_bwg01.qmd_plot_v1_development">
      <skipped message="Reason: Snapshot test is not implemented for object of class: gg, ggplot. ('test-graphs-other-bwg01.R:1:1')"/>
    </testcase>
    <testcase time="0.0170000000000003" classname="graphs_other_bwg01" name="graphs_other_bwg01.qmd_plot_v2_development">
      <skipped message="Reason: Snapshot test is not implemented for object of class: gg, ggplot. ('test-graphs-other-bwg01.R:1:1')"/>
    </testcase>
    <testcase time="0.016" classname="graphs_other_bwg01" name="graphs_other_bwg01.qmd_plot_v3_development">
      <skipped message="Reason: Snapshot test is not implemented for object of class: gg, ggplot. ('test-graphs-other-bwg01.R:1:1')"/>
    </testcase>
    <testcase time="0.0140000000000002" classname="graphs_other_bwg01" name="graphs_other_bwg01.qmd_plot_v4_development">
      <skipped message="Reason: Snapshot test is not implemented for object of class: gg, ggplot. ('test-graphs-other-bwg01.R:1:1')"/>
    </testcase>
    <testcase time="0.0129999999999999" classname="graphs_other_bwg01" name="graphs_other_bwg01.qmd_plot_v5_development">
      <skipped message="Reason: Snapshot test is not implemented for object of class: gg, ggplot. ('test-graphs-other-bwg01.R:1:1')"/>
    </testcase>
    <testcase time="0.0119999999999996" classname="graphs_other_bwg01" name="graphs_other_bwg01.qmd_plot_v6_development">
      <skipped message="Reason: Snapshot test is not implemented for object of class: gg, ggplot. ('test-graphs-other-bwg01.R:1:1')"/>
    </testcase>
    <testcase time="0.0120000000000005" classname="graphs_other_bwg01" name="graphs_other_bwg01.qmd_plot_v7_development">
      <skipped message="Reason: Snapshot test is not implemented for object of class: gg, ggplot. ('test-graphs-other-bwg01.R:1:1')"/>
    </testcase>
    <testcase time="0.0110000000000001" classname="graphs_other_bwg01" name="graphs_other_bwg01.qmd_plot_v8_development">
      <skipped message="Reason: Snapshot test is not implemented for object of class: gg, ggplot. ('test-graphs-other-bwg01.R:1:1')"/>
    </testcase>
    <testcase time="0.0119999999999996" classname="graphs_other_bwg01" name="graphs_other_bwg01.qmd_plot_v9_development">
      <skipped message="Reason: Snapshot test is not implemented for object of class: gg, ggplot. ('test-graphs-other-bwg01.R:1:1')"/>
    </testcase>
  </testsuite>
  <testsuite name="graphs-other-cig01" timestamp="2024-11-12T10:10:31Z" hostname="b7427e89a06f" tests="5" skipped="4" failures="0" errors="0" time="0.225">
    <testcase time="0.185" classname="graphs_other_cig01" name="graphs_other_cig01.qmd_table_v6_development"/>
    <testcase time="0.00500000000000078" classname="graphs_other_cig01" name="graphs_other_cig01.qmd_plot_v1_and_v2_development">
      <skipped message="Reason: Snapshot test is not implemented for object of class: gg, ggplot. ('test-graphs-other-cig01.R:1:1')"/>
    </testcase>
    <testcase time="0.0119999999999996" classname="graphs_other_cig01" name="graphs_other_cig01.qmd_plot_v3_development">
      <skipped message="Reason: Snapshot test is not implemented for object of class: gg, ggplot. ('test-graphs-other-cig01.R:1:1')"/>
    </testcase>
    <testcase time="0.0120000000000005" classname="graphs_other_cig01" name="graphs_other_cig01.qmd_plot_v4_development">
      <skipped message="Reason: Snapshot test is not implemented for object of class: gg, ggplot. ('test-graphs-other-cig01.R:1:1')"/>
    </testcase>
    <testcase time="0.0109999999999992" classname="graphs_other_cig01" name="graphs_other_cig01.qmd_plot_v5_development">
      <skipped message="Reason: Snapshot test is not implemented for object of class: gg, ggplot. ('test-graphs-other-cig01.R:1:1')"/>
    </testcase>
  </testsuite>
  <testsuite name="graphs-other-ippg01" timestamp="2024-11-12T10:10:32Z" hostname="b7427e89a06f" tests="2" skipped="2" failures="0" errors="0" time="0.047">
    <testcase time="0.0350000000000001" classname="graphs_other_ippg01" name="graphs_other_ippg01.qmd_plots_v1_development">
      <skipped message="Reason: Snapshot test is not implemented for object of class: list. ('test-graphs-other-ippg01.R:1:1')"/>
    </testcase>
    <testcase time="0.0120000000000005" classname="graphs_other_ippg01" name="graphs_other_ippg01.qmd_plots_v2_development">
      <skipped message="Reason: Snapshot test is not implemented for object of class: list. ('test-graphs-other-ippg01.R:1:1')"/>
    </testcase>
  </testsuite>
  <testsuite name="graphs-other-ltg01" timestamp="2024-11-12T10:10:32Z" hostname="b7427e89a06f" tests="7" skipped="7" failures="0" errors="0" time="0.166">
    <testcase time="0.0939999999999994" classname="graphs_other_ltg01" name="graphs_other_ltg01.qmd_plot_v1_development">
      <skipped message="Reason: Snapshot test is not implemented for object of class: gg, ggplot. ('test-graphs-other-ltg01.R:1:1')"/>
    </testcase>
    <testcase time="0.0120000000000005" classname="graphs_other_ltg01" name="graphs_other_ltg01.qmd_plot_v2_development">
      <skipped message="Reason: Snapshot test is not implemented for object of class: gg, ggplot. ('test-graphs-other-ltg01.R:1:1')"/>
    </testcase>
    <testcase time="0.0119999999999996" classname="graphs_other_ltg01" name="graphs_other_ltg01.qmd_plot_v3_development">
      <skipped message="Reason: Snapshot test is not implemented for object of class: gg, ggplot. ('test-graphs-other-ltg01.R:1:1')"/>
    </testcase>
    <testcase time="0.0120000000000005" classname="graphs_other_ltg01" name="graphs_other_ltg01.qmd_plot_v4_development">
      <skipped message="Reason: Snapshot test is not implemented for object of class: gg, ggplot. ('test-graphs-other-ltg01.R:1:1')"/>
    </testcase>
    <testcase time="0.0119999999999996" classname="graphs_other_ltg01" name="graphs_other_ltg01.qmd_plot_v51_development">
      <skipped message="Reason: Snapshot test is not implemented for object of class: gg, ggplot. ('test-graphs-other-ltg01.R:1:1')"/>
    </testcase>
    <testcase time="0.0120000000000005" classname="graphs_other_ltg01" name="graphs_other_ltg01.qmd_plot_v52_development">
      <skipped message="Reason: Snapshot test is not implemented for object of class: gg, ggplot. ('test-graphs-other-ltg01.R:1:1')"/>
    </testcase>
    <testcase time="0.0119999999999996" classname="graphs_other_ltg01" name="graphs_other_ltg01.qmd_plot_v53_development">
      <skipped message="Reason: Snapshot test is not implemented for object of class: gg, ggplot. ('test-graphs-other-ltg01.R:1:1')"/>
    </testcase>
  </testsuite>
  <testsuite name="graphs-other-mng01" timestamp="2024-11-12T10:10:32Z" hostname="b7427e89a06f" tests="7" skipped="7" failures="0" errors="0" time="0.214">
    <testcase time="0.144" classname="graphs_other_mng01" name="graphs_other_mng01.qmd_plot_v1_development">
      <skipped message="Reason: Snapshot test is not implemented for object of class: gg, ggplot. ('test-graphs-other-mng01.R:1:1')"/>
    </testcase>
    <testcase time="0.0120000000000005" classname="graphs_other_mng01" name="graphs_other_mng01.qmd_plot_v2_development">
      <skipped message="Reason: Snapshot test is not implemented for object of class: gg, ggplot. ('test-graphs-other-mng01.R:1:1')"/>
    </testcase>
    <testcase time="0.0119999999999996" classname="graphs_other_mng01" name="graphs_other_mng01.qmd_plot_v3_development">
      <skipped message="Reason: Snapshot test is not implemented for object of class: gg, ggplot. ('test-graphs-other-mng01.R:1:1')"/>
    </testcase>
    <testcase time="0.0110000000000001" classname="graphs_other_mng01" name="graphs_other_mng01.qmd_plot_v4_development">
      <skipped message="Reason: Snapshot test is not implemented for object of class: gg, ggplot. ('test-graphs-other-mng01.R:1:1')"/>
    </testcase>
    <testcase time="0.0120000000000005" classname="graphs_other_mng01" name="graphs_other_mng01.qmd_plot_v5_development">
      <skipped message="Reason: Snapshot test is not implemented for object of class: gg, ggplot. ('test-graphs-other-mng01.R:1:1')"/>
    </testcase>
    <testcase time="0.0119999999999996" classname="graphs_other_mng01" name="graphs_other_mng01.qmd_plot_v6_development">
      <skipped message="Reason: Snapshot test is not implemented for object of class: gg, ggplot. ('test-graphs-other-mng01.R:1:1')"/>
    </testcase>
    <testcase time="0.0110000000000001" classname="graphs_other_mng01" name="graphs_other_mng01.qmd_plot_v7_development">
      <skipped message="Reason: Snapshot test is not implemented for object of class: gg, ggplot. ('test-graphs-other-mng01.R:1:1')"/>
    </testcase>
  </testsuite>
  <testsuite name="graphs-pharmacokinetic-pkcg01" timestamp="2024-11-12T10:10:32Z" hostname="b7427e89a06f" tests="2" skipped="2" failures="0" errors="0" time="0.045">
    <testcase time="0.0329999999999995" classname="graphs_pharmacokinetic_pkcg01" name="graphs_pharmacokinetic_pkcg01.qmd_plot_v1_development">
      <skipped message="Reason: Snapshot test is not implemented for object of class: gg, ggplot. ('test-graphs-pharmacokinetic-pkcg01.R:1:1')"/>
    </testcase>
    <testcase time="0.0120000000000005" classname="graphs_pharmacokinetic_pkcg01" name="graphs_pharmacokinetic_pkcg01.qmd_plot_v2_development">
      <skipped message="Reason: Snapshot test is not implemented for object of class: gg, ggplot. ('test-graphs-pharmacokinetic-pkcg01.R:1:1')"/>
    </testcase>
  </testsuite>
  <testsuite name="graphs-pharmacokinetic-pkcg02" timestamp="2024-11-12T10:10:32Z" hostname="b7427e89a06f" tests="2" skipped="2" failures="0" errors="0" time="0.046">
    <testcase time="0.0350000000000001" classname="graphs_pharmacokinetic_pkcg02" name="graphs_pharmacokinetic_pkcg02.qmd_plot_v1_development">
      <skipped message="Reason: Snapshot test is not implemented for object of class: gg, ggplot. ('test-graphs-pharmacokinetic-pkcg02.R:1:1')"/>
    </testcase>
    <testcase time="0.0110000000000001" classname="graphs_pharmacokinetic_pkcg02" name="graphs_pharmacokinetic_pkcg02.qmd_plot_v2_development">
      <skipped message="Reason: Snapshot test is not implemented for object of class: gg, ggplot. ('test-graphs-pharmacokinetic-pkcg02.R:1:1')"/>
    </testcase>
  </testsuite>
  <testsuite name="graphs-pharmacokinetic-pkcg03" timestamp="2024-11-12T10:10:32Z" hostname="b7427e89a06f" tests="2" skipped="2" failures="0" errors="0" time="0.066">
    <testcase time="0.0540000000000003" classname="graphs_pharmacokinetic_pkcg03" name="graphs_pharmacokinetic_pkcg03.qmd_plot_v1_development">
      <skipped message="Reason: Snapshot test is not implemented for object of class: gg, ggplot. ('test-graphs-pharmacokinetic-pkcg03.R:1:1')"/>
    </testcase>
    <testcase time="0.0119999999999996" classname="graphs_pharmacokinetic_pkcg03" name="graphs_pharmacokinetic_pkcg03.qmd_plot_v2_development">
      <skipped message="Reason: Snapshot test is not implemented for object of class: gg, ggplot. ('test-graphs-pharmacokinetic-pkcg03.R:1:1')"/>
    </testcase>
  </testsuite>
  <testsuite name="graphs-pharmacokinetic-pkpg01" timestamp="2024-11-12T10:10:32Z" hostname="b7427e89a06f" tests="2" skipped="2" failures="0" errors="0" time="0.065">
    <testcase time="0.0530000000000008" classname="graphs_pharmacokinetic_pkpg01" name="graphs_pharmacokinetic_pkpg01.qmd_plot_v1_development">
      <skipped message="Reason: Snapshot test is not implemented for object of class: gg, ggplot. ('test-graphs-pharmacokinetic-pkpg01.R:1:1')"/>
    </testcase>
    <testcase time="0.0119999999999996" classname="graphs_pharmacokinetic_pkpg01" name="graphs_pharmacokinetic_pkpg01.qmd_plot_v2_development">
      <skipped message="Reason: Snapshot test is not implemented for object of class: gg, ggplot. ('test-graphs-pharmacokinetic-pkpg01.R:1:1')"/>
    </testcase>
  </testsuite>
  <testsuite name="graphs-pharmacokinetic-pkpg02" timestamp="2024-11-12T10:10:32Z" hostname="b7427e89a06f" tests="2" skipped="2" failures="0" errors="0" time="0.072">
    <testcase time="0.0599999999999996" classname="graphs_pharmacokinetic_pkpg02" name="graphs_pharmacokinetic_pkpg02.qmd_plot_v1_development">
      <skipped message="Reason: Snapshot test is not implemented for object of class: gg, ggplot. ('test-graphs-pharmacokinetic-pkpg02.R:1:1')"/>
    </testcase>
    <testcase time="0.0120000000000005" classname="graphs_pharmacokinetic_pkpg02" name="graphs_pharmacokinetic_pkpg02.qmd_plot_v2_development">
      <skipped message="Reason: Snapshot test is not implemented for object of class: gg, ggplot. ('test-graphs-pharmacokinetic-pkpg02.R:1:1')"/>
    </testcase>
  </testsuite>
  <testsuite name="graphs-pharmacokinetic-pkpg03" timestamp="2024-11-12T10:10:32Z" hostname="b7427e89a06f" tests="1" skipped="1" failures="0" errors="0" time="0.054">
    <testcase time="0.0540000000000003" classname="graphs_pharmacokinetic_pkpg03" name="graphs_pharmacokinetic_pkpg03.qmd_plot_v1_development">
      <skipped message="Reason: Snapshot test is not implemented for object of class: gg, ggplot. ('test-graphs-pharmacokinetic-pkpg03.R:1:1')"/>
    </testcase>
  </testsuite>
  <testsuite name="graphs-pharmacokinetic-pkpg04" timestamp="2024-11-12T10:10:32Z" hostname="b7427e89a06f" tests="1" skipped="1" failures="0" errors="0" time="0.051">
    <testcase time="0.0510000000000002" classname="graphs_pharmacokinetic_pkpg04" name="graphs_pharmacokinetic_pkpg04.qmd_plot_v1_development">
      <skipped message="Reason: Snapshot test is not implemented for object of class: gg, ggplot. ('test-graphs-pharmacokinetic-pkpg04.R:1:1')"/>
    </testcase>
  </testsuite>
  <testsuite name="graphs-pharmacokinetic-pkpg06" timestamp="2024-11-12T10:10:33Z" hostname="b7427e89a06f" tests="4" skipped="4" failures="0" errors="0" time="0.076">
    <testcase time="0.0399999999999991" classname="graphs_pharmacokinetic_pkpg06" name="graphs_pharmacokinetic_pkpg06.qmd_plot_v1_development">
      <skipped message="Reason: Snapshot test is not implemented for object of class: gg, ggplot. ('test-graphs-pharmacokinetic-pkpg06.R:1:1')"/>
    </testcase>
    <testcase time="0.0120000000000005" classname="graphs_pharmacokinetic_pkpg06" name="graphs_pharmacokinetic_pkpg06.qmd_plot_v2_development">
      <skipped message="Reason: Snapshot test is not implemented for object of class: gg, ggplot. ('test-graphs-pharmacokinetic-pkpg06.R:1:1')"/>
    </testcase>
    <testcase time="0.0119999999999996" classname="graphs_pharmacokinetic_pkpg06" name="graphs_pharmacokinetic_pkpg06.qmd_plot_v3_development">
      <skipped message="Reason: Snapshot test is not implemented for object of class: gg, ggplot. ('test-graphs-pharmacokinetic-pkpg06.R:1:1')"/>
    </testcase>
    <testcase time="0.0120000000000005" classname="graphs_pharmacokinetic_pkpg06" name="graphs_pharmacokinetic_pkpg06.qmd_plot_v4_development">
      <skipped message="Reason: Snapshot test is not implemented for object of class: gg, ggplot. ('test-graphs-pharmacokinetic-pkpg06.R:1:1')"/>
    </testcase>
  </testsuite>
  <testsuite name="listings-ADA-adal02" timestamp="2024-11-12T10:10:33Z" hostname="b7427e89a06f" tests="1" skipped="0" failures="0" errors="0" time="0.065">
    <testcase time="0.0649999999999995" classname="listings_ADA_adal02" name="listings_ADA_adal02.qmd_lsting_development"/>
  </testsuite>
  <testsuite name="listings-ECG-egl01" timestamp="2024-11-12T10:10:33Z" hostname="b7427e89a06f" tests="1" skipped="0" failures="0" errors="0" time="0.056">
    <testcase time="0.056" classname="listings_ECG_egl01" name="listings_ECG_egl01.qmd_lsting_development"/>
  </testsuite>
  <testsuite name="listings-adverse-events-ael01" timestamp="2024-11-12T10:10:33Z" hostname="b7427e89a06f" tests="1" skipped="0" failures="0" errors="0" time="0.039">
    <testcase time="0.0390000000000006" classname="listings_adverse_events_ael01" name="listings_adverse_events_ael01.qmd_lsting_development"/>
  </testsuite>
  <testsuite name="listings-adverse-events-ael01_nollt" timestamp="2024-11-12T10:10:33Z" hostname="b7427e89a06f" tests="1" skipped="0" failures="0" errors="0" time="0.036">
    <testcase time="0.0359999999999996" classname="listings_adverse_events_ael01_nollt" name="listings_adverse_events_ael01_nollt.qmd_lsting_development"/>
  </testsuite>
  <testsuite name="listings-adverse-events-ael02" timestamp="2024-11-12T10:10:33Z" hostname="b7427e89a06f" tests="1" skipped="0" failures="0" errors="0" time="0.086">
    <testcase time="0.0860000000000003" classname="listings_adverse_events_ael02" name="listings_adverse_events_ael02.qmd_lsting_development"/>
  </testsuite>
  <testsuite name="listings-adverse-events-ael02_ed" timestamp="2024-11-12T10:10:33Z" hostname="b7427e89a06f" tests="1" skipped="0" failures="0" errors="0" time="0.071">
    <testcase time="0.0709999999999997" classname="listings_adverse_events_ael02_ed" name="listings_adverse_events_ael02_ed.qmd_lsting_development"/>
  </testsuite>
  <testsuite name="listings-adverse-events-ael03" timestamp="2024-11-12T10:10:33Z" hostname="b7427e89a06f" tests="1" skipped="0" failures="0" errors="0" time="0.057">
    <testcase time="0.0570000000000004" classname="listings_adverse_events_ael03" name="listings_adverse_events_ael03.qmd_lsting_development"/>
  </testsuite>
  <testsuite name="listings-adverse-events-ael04" timestamp="2024-11-12T10:10:33Z" hostname="b7427e89a06f" tests="1" skipped="0" failures="0" errors="0" time="0.048">
    <testcase time="0.048" classname="listings_adverse_events_ael04" name="listings_adverse_events_ael04.qmd_lsting_development"/>
  </testsuite>
  <testsuite name="listings-concomitant-medications-cml01" timestamp="2024-11-12T10:10:33Z" hostname="b7427e89a06f" tests="1" skipped="0" failures="0" errors="0" time="0.062">
    <testcase time="0.0619999999999994" classname="listings_concomitant_medications_cml01" name="listings_concomitant_medications_cml01.qmd_lsting_development"/>
  </testsuite>
  <testsuite name="listings-concomitant-medications-cml02a_gl" timestamp="2024-11-12T10:10:33Z" hostname="b7427e89a06f" tests="1" skipped="0" failures="0" errors="0" time="0.037">
    <testcase time="0.0370000000000008" classname="listings_concomitant_medications_cml02a_gl" name="listings_concomitant_medications_cml02a_gl.qmd_lsting_development"/>
  </testsuite>
  <testsuite name="listings-concomitant-medications-cml02b_gl" timestamp="2024-11-12T10:10:33Z" hostname="b7427e89a06f" tests="1" skipped="0" failures="0" errors="0" time="0.04">
    <testcase time="0.0399999999999991" classname="listings_concomitant_medications_cml02b_gl" name="listings_concomitant_medications_cml02b_gl.qmd_lsting_development"/>
  </testsuite>
  <testsuite name="listings-development-safety-update-report-dsur4" timestamp="2024-11-12T10:10:33Z" hostname="b7427e89a06f" tests="1" skipped="0" failures="0" errors="0" time="0.037">
    <testcase time="0.0370000000000008" classname="listings_development_safety_update_report_dsur4" name="listings_development_safety_update_report_dsur4.qmd_lsting_development"/>
  </testsuite>
  <testsuite name="listings-disposition-dsl01" timestamp="2024-11-12T10:10:33Z" hostname="b7427e89a06f" tests="1" skipped="0" failures="0" errors="0" time="0.041">
    <testcase time="0.0410000000000004" classname="listings_disposition_dsl01" name="listings_disposition_dsl01.qmd_lsting_development"/>
  </testsuite>
  <testsuite name="listings-disposition-dsl02" timestamp="2024-11-12T10:10:33Z" hostname="b7427e89a06f" tests="1" skipped="0" failures="0" errors="0" time="0.045">
    <testcase time="0.0449999999999999" classname="listings_disposition_dsl02" name="listings_disposition_dsl02.qmd_lsting_development"/>
  </testsuite>
  <testsuite name="listings-efficacy-oncl01" timestamp="2024-11-12T10:10:33Z" hostname="b7427e89a06f" tests="1" skipped="0" failures="0" errors="0" time="0.051">
    <testcase time="0.0510000000000002" classname="listings_efficacy_oncl01" name="listings_efficacy_oncl01.qmd_lsting_development"/>
  </testsuite>
  <testsuite name="listings-exposure-exl01" timestamp="2024-11-12T10:10:33Z" hostname="b7427e89a06f" tests="1" skipped="0" failures="0" errors="0" time="0.051">
    <testcase time="0.0509999999999984" classname="listings_exposure_exl01" name="listings_exposure_exl01.qmd_lsting_development"/>
  </testsuite>
  <testsuite name="listings-lab-results-lbl01" timestamp="2024-11-12T10:10:33Z" hostname="b7427e89a06f" tests="1" skipped="0" failures="0" errors="0" time="0.056">
    <testcase time="0.0560000000000009" classname="listings_lab_results_lbl01" name="listings_lab_results_lbl01.qmd_lsting_development"/>
  </testsuite>
  <testsuite name="listings-lab-results-lbl01_rls" timestamp="2024-11-12T10:10:33Z" hostname="b7427e89a06f" tests="1" skipped="0" failures="0" errors="0" time="0.05">
    <testcase time="0.0500000000000007" classname="listings_lab_results_lbl01_rls" name="listings_lab_results_lbl01_rls.qmd_lsting_development"/>
  </testsuite>
  <testsuite name="listings-lab-results-lbl02a" timestamp="2024-11-12T10:10:34Z" hostname="b7427e89a06f" tests="1" skipped="0" failures="0" errors="0" time="0.05">
    <testcase time="0.0499999999999989" classname="listings_lab_results_lbl02a" name="listings_lab_results_lbl02a.qmd_lsting_development"/>
  </testsuite>
  <testsuite name="listings-lab-results-lbl02a_rls" timestamp="2024-11-12T10:10:34Z" hostname="b7427e89a06f" tests="1" skipped="0" failures="0" errors="0" time="0.063">
    <testcase time="0.0630000000000006" classname="listings_lab_results_lbl02a_rls" name="listings_lab_results_lbl02a_rls.qmd_lsting_development"/>
  </testsuite>
  <testsuite name="listings-lab-results-lbl02b" timestamp="2024-11-12T10:10:34Z" hostname="b7427e89a06f" tests="1" skipped="0" failures="0" errors="0" time="0.051">
    <testcase time="0.0510000000000002" classname="listings_lab_results_lbl02b" name="listings_lab_results_lbl02b.qmd_lsting_development"/>
  </testsuite>
  <testsuite name="listings-medical-history-mhl01" timestamp="2024-11-12T10:10:34Z" hostname="b7427e89a06f" tests="1" skipped="0" failures="0" errors="0" time="0.054">
    <testcase time="0.0540000000000003" classname="listings_medical_history_mhl01" name="listings_medical_history_mhl01.qmd_lsting_development"/>
  </testsuite>
  <testsuite name="listings-pharmacokinetic-pkcl01" timestamp="2024-11-12T10:10:34Z" hostname="b7427e89a06f" tests="1" skipped="0" failures="0" errors="0" time="0.045">
    <testcase time="0.0449999999999999" classname="listings_pharmacokinetic_pkcl01" name="listings_pharmacokinetic_pkcl01.qmd_lsting_development"/>
  </testsuite>
  <testsuite name="listings-pharmacokinetic-pkcl02" timestamp="2024-11-12T10:10:34Z" hostname="b7427e89a06f" tests="1" skipped="0" failures="0" errors="0" time="0.064">
    <testcase time="0.0640000000000001" classname="listings_pharmacokinetic_pkcl02" name="listings_pharmacokinetic_pkcl02.qmd_lsting_development"/>
  </testsuite>
  <testsuite name="listings-pharmacokinetic-pkpl01" timestamp="2024-11-12T10:10:34Z" hostname="b7427e89a06f" tests="1" skipped="0" failures="0" errors="0" time="0.046">
    <testcase time="0.0459999999999994" classname="listings_pharmacokinetic_pkpl01" name="listings_pharmacokinetic_pkpl01.qmd_lsting_development"/>
  </testsuite>
  <testsuite name="listings-pharmacokinetic-pkpl02" timestamp="2024-11-12T10:10:34Z" hostname="b7427e89a06f" tests="1" skipped="0" failures="0" errors="0" time="0.05">
    <testcase time="0.0499999999999989" classname="listings_pharmacokinetic_pkpl02" name="listings_pharmacokinetic_pkpl02.qmd_lsting_development"/>
  </testsuite>
  <testsuite name="listings-pharmacokinetic-pkpl04" timestamp="2024-11-12T10:10:34Z" hostname="b7427e89a06f" tests="1" skipped="0" failures="0" errors="0" time="0.052">
    <testcase time="0.0520000000000014" classname="listings_pharmacokinetic_pkpl04" name="listings_pharmacokinetic_pkpl04.qmd_lsting_development"/>
  </testsuite>
  <testsuite name="listings-vital-signs-vsl01" timestamp="2024-11-12T10:10:34Z" hostname="b7427e89a06f" tests="1" skipped="0" failures="0" errors="0" time="0.077">
    <testcase time="0.077" classname="listings_vital_signs_vsl01" name="listings_vital_signs_vsl01.qmd_lsting_development"/>
  </testsuite>
  <testsuite name="tables-ADA-adat01" timestamp="2024-11-12T10:10:34Z" hostname="b7427e89a06f" tests="1" skipped="0" failures="0" errors="0" time="0.21">
    <testcase time="0.209999999999999" classname="tables_ADA_adat01" name="tables_ADA_adat01.qmd_result_v1_development"/>
  </testsuite>
  <testsuite name="tables-ADA-adat02" timestamp="2024-11-12T10:10:34Z" hostname="b7427e89a06f" tests="1" skipped="0" failures="0" errors="0" time="0.082">
    <testcase time="0.0820000000000007" classname="tables_ADA_adat02" name="tables_ADA_adat02.qmd_result_v1_development"/>
  </testsuite>
  <testsuite name="tables-ADA-adat03" timestamp="2024-11-12T10:10:35Z" hostname="b7427e89a06f" tests="1" skipped="0" failures="0" errors="0" time="0.348">
    <testcase time="0.347999999999999" classname="tables_ADA_adat03" name="tables_ADA_adat03.qmd_result_v1_development"/>
  </testsuite>
  <testsuite name="tables-ADA-adat04a" timestamp="2024-11-12T10:10:35Z" hostname="b7427e89a06f" tests="1" skipped="0" failures="0" errors="0" time="0.202">
    <testcase time="0.202" classname="tables_ADA_adat04a" name="tables_ADA_adat04a.qmd_result_v1_development"/>
  </testsuite>
  <testsuite name="tables-ADA-adat04b" timestamp="2024-11-12T10:10:35Z" hostname="b7427e89a06f" tests="1" skipped="0" failures="0" errors="0" time="0.134">
    <testcase time="0.134" classname="tables_ADA_adat04b" name="tables_ADA_adat04b.qmd_result_v1_development"/>
  </testsuite>
  <testsuite name="tables-ECG-egt01" timestamp="2024-11-12T10:10:35Z" hostname="b7427e89a06f" tests="1" skipped="0" failures="0" errors="0" time="0.548">
    <testcase time="0.548" classname="tables_ECG_egt01" name="tables_ECG_egt01.qmd_result_v1_development"/>
  </testsuite>
  <testsuite name="tables-ECG-egt02" timestamp="2024-11-12T10:10:36Z" hostname="b7427e89a06f" tests="2" skipped="0" failures="0" errors="0" time="0.184">
    <testcase time="0.101000000000001" classname="tables_ECG_egt02" name="tables_ECG_egt02.qmd_result_v1_development"/>
    <testcase time="0.0830000000000002" classname="tables_ECG_egt02" name="tables_ECG_egt02.qmd_result_v2_development"/>
  </testsuite>
  <testsuite name="tables-ECG-egt03" timestamp="2024-11-12T10:10:37Z" hostname="b7427e89a06f" tests="2" skipped="0" failures="0" errors="0" time="1.599">
    <testcase time="1.481" classname="tables_ECG_egt03" name="tables_ECG_egt03.qmd_result_v1_development"/>
    <testcase time="0.118" classname="tables_ECG_egt03" name="tables_ECG_egt03.qmd_result_v2_development"/>
  </testsuite>
  <testsuite name="tables-ECG-egt04" timestamp="2024-11-12T10:10:37Z" hostname="b7427e89a06f" tests="1" skipped="0" failures="0" errors="0" time="0.175">
    <testcase time="0.174999999999999" classname="tables_ECG_egt04" name="tables_ECG_egt04.qmd_result_v1_development"/>
  </testsuite>
  <testsuite name="tables-ECG-egt05_qtcat" timestamp="2024-11-12T10:10:38Z" hostname="b7427e89a06f" tests="1" skipped="0" failures="0" errors="0" time="0.3">
    <testcase time="0.300000000000001" classname="tables_ECG_egt05_qtcat" name="tables_ECG_egt05_qtcat.qmd_result_v1_development"/>
  </testsuite>
  <testsuite name="tables-adverse-events-aet01" timestamp="2024-11-12T10:10:38Z" hostname="b7427e89a06f" tests="4" skipped="0" failures="0" errors="0" time="0.538">
    <testcase time="0.138999999999999" classname="tables_adverse_events_aet01" name="tables_adverse_events_aet01.qmd_result_v1_development"/>
    <testcase time="0.148000000000001" classname="tables_adverse_events_aet01" name="tables_adverse_events_aet01.qmd_result_v2_development"/>
    <testcase time="0.116" classname="tables_adverse_events_aet01" name="tables_adverse_events_aet01.qmd_result_v3_development"/>
    <testcase time="0.135" classname="tables_adverse_events_aet01" name="tables_adverse_events_aet01.qmd_result_v4_development"/>
  </testsuite>
  <testsuite name="tables-adverse-events-aet01_aesi" timestamp="2024-11-12T10:10:38Z" hostname="b7427e89a06f" tests="4" skipped="0" failures="0" errors="0" time="0.675">
    <testcase time="0.146000000000001" classname="tables_adverse_events_aet01_aesi" name="tables_adverse_events_aet01_aesi.qmd_result_v1_development"/>
    <testcase time="0.151" classname="tables_adverse_events_aet01_aesi" name="tables_adverse_events_aet01_aesi.qmd_result_v2_development"/>
    <testcase time="0.218" classname="tables_adverse_events_aet01_aesi" name="tables_adverse_events_aet01_aesi.qmd_result_v3_development"/>
    <testcase time="0.16" classname="tables_adverse_events_aet01_aesi" name="tables_adverse_events_aet01_aesi.qmd_result_v4_development"/>
  </testsuite>
  <testsuite name="tables-adverse-events-aet02" timestamp="2024-11-12T10:10:39Z" hostname="b7427e89a06f" tests="13" skipped="0" failures="0" errors="0" time="1.982">
    <testcase time="0.324" classname="tables_adverse_events_aet02" name="tables_adverse_events_aet02.qmd_result_v1_development"/>
    <testcase time="0.184999999999999" classname="tables_adverse_events_aet02" name="tables_adverse_events_aet02.qmd_result_v2_development"/>
    <testcase time="0.195" classname="tables_adverse_events_aet02" name="tables_adverse_events_aet02.qmd_result_v3_development"/>
    <testcase time="0.257" classname="tables_adverse_events_aet02" name="tables_adverse_events_aet02.qmd_result_v4_development"/>
    <testcase time="0.0940000000000012" classname="tables_adverse_events_aet02" name="tables_adverse_events_aet02.qmd_result_v5_development"/>
    <testcase time="0.164999999999999" classname="tables_adverse_events_aet02" name="tables_adverse_events_aet02.qmd_result_v6_development"/>
    <testcase time="0.109" classname="tables_adverse_events_aet02" name="tables_adverse_events_aet02.qmd_result_v7_development"/>
    <testcase time="0.147" classname="tables_adverse_events_aet02" name="tables_adverse_events_aet02.qmd_result_v8_development"/>
    <testcase time="0.108000000000001" classname="tables_adverse_events_aet02" name="tables_adverse_events_aet02.qmd_result_v9_development"/>
    <testcase time="0.107999999999999" classname="tables_adverse_events_aet02" name="tables_adverse_events_aet02.qmd_result_v10_development"/>
    <testcase time="0.0900000000000016" classname="tables_adverse_events_aet02" name="tables_adverse_events_aet02.qmd_result_v11_development"/>
    <testcase time="0.112" classname="tables_adverse_events_aet02" name="tables_adverse_events_aet02.qmd_result_v12_development"/>
    <testcase time="0.0879999999999992" classname="tables_adverse_events_aet02" name="tables_adverse_events_aet02.qmd_result_v13_development"/>
  </testsuite>
  <testsuite name="tables-adverse-events-aet02_smq" timestamp="2024-11-12T10:10:41Z" hostname="b7427e89a06f" tests="2" skipped="0" failures="0" errors="0" time="0.188">
    <testcase time="0.0869999999999997" classname="tables_adverse_events_aet02_smq" name="tables_adverse_events_aet02_smq.qmd_result_v1_development"/>
    <testcase time="0.100999999999999" classname="tables_adverse_events_aet02_smq" name="tables_adverse_events_aet02_smq.qmd_result_v2_development"/>
  </testsuite>
  <testsuite name="tables-adverse-events-aet03" timestamp="2024-11-12T10:10:41Z" hostname="b7427e89a06f" tests="1" skipped="0" failures="0" errors="0" time="0.345">
    <testcase time="0.345000000000002" classname="tables_adverse_events_aet03" name="tables_adverse_events_aet03.qmd_result_v1_development"/>
  </testsuite>
  <testsuite name="tables-adverse-events-aet04" timestamp="2024-11-12T10:10:42Z" hostname="b7427e89a06f" tests="8" skipped="0" failures="0" errors="0" time="3.644">
    <testcase time="0.654999999999998" classname="tables_adverse_events_aet04" name="tables_adverse_events_aet04.qmd_result_v1_development"/>
    <testcase time="0.446000000000002" classname="tables_adverse_events_aet04" name="tables_adverse_events_aet04.qmd_result_v2_development"/>
    <testcase time="0.681999999999999" classname="tables_adverse_events_aet04" name="tables_adverse_events_aet04.qmd_result_v3_development"/>
    <testcase time="0.380000000000003" classname="tables_adverse_events_aet04" name="tables_adverse_events_aet04.qmd_result_v4_development"/>
    <testcase time="0.366" classname="tables_adverse_events_aet04" name="tables_adverse_events_aet04.qmd_result_v6_development"/>
    <testcase time="0.366999999999997" classname="tables_adverse_events_aet04" name="tables_adverse_events_aet04.qmd_result_v8_development"/>
    <testcase time="0.382000000000001" classname="tables_adverse_events_aet04" name="tables_adverse_events_aet04.qmd_result_v9_development"/>
    <testcase time="0.366" classname="tables_adverse_events_aet04" name="tables_adverse_events_aet04.qmd_result_v11_development"/>
  </testsuite>
  <testsuite name="tables-adverse-events-aet04_pi" timestamp="2024-11-12T10:10:46Z" hostname="b7427e89a06f" tests="8" skipped="0" failures="0" errors="0" time="2.053">
    <testcase time="1.106" classname="tables_adverse_events_aet04_pi" name="tables_adverse_events_aet04_pi.qmd_result_v1_development"/>
    <testcase time="0.113" classname="tables_adverse_events_aet04_pi" name="tables_adverse_events_aet04_pi.qmd_result_v2_development"/>
    <testcase time="0.132000000000001" classname="tables_adverse_events_aet04_pi" name="tables_adverse_events_aet04_pi.qmd_result_v3_development"/>
    <testcase time="0.100000000000001" classname="tables_adverse_events_aet04_pi" name="tables_adverse_events_aet04_pi.qmd_result_v4_development"/>
    <testcase time="0.155999999999999" classname="tables_adverse_events_aet04_pi" name="tables_adverse_events_aet04_pi.qmd_result_v5_development"/>
    <testcase time="0.149999999999999" classname="tables_adverse_events_aet04_pi" name="tables_adverse_events_aet04_pi.qmd_result_v6_development"/>
    <testcase time="0.146999999999998" classname="tables_adverse_events_aet04_pi" name="tables_adverse_events_aet04_pi.qmd_result_v7_development"/>
    <testcase time="0.149000000000001" classname="tables_adverse_events_aet04_pi" name="tables_adverse_events_aet04_pi.qmd_result_v8_development"/>
  </testsuite>
  <testsuite name="tables-adverse-events-aet05" timestamp="2024-11-12T10:10:47Z" hostname="b7427e89a06f" tests="2" skipped="0" failures="0" errors="0" time="0.135">
    <testcase time="0.0700000000000003" classname="tables_adverse_events_aet05" name="tables_adverse_events_aet05.qmd_result_v1_development"/>
    <testcase time="0.0650000000000013" classname="tables_adverse_events_aet05" name="tables_adverse_events_aet05.qmd_result_v2_development"/>
  </testsuite>
  <testsuite name="tables-adverse-events-aet05_all" timestamp="2024-11-12T10:10:47Z" hostname="b7427e89a06f" tests="2" skipped="0" failures="0" errors="0" time="0.139">
    <testcase time="0.0700000000000003" classname="tables_adverse_events_aet05_all" name="tables_adverse_events_aet05_all.qmd_result_v1_development"/>
    <testcase time="0.0689999999999991" classname="tables_adverse_events_aet05_all" name="tables_adverse_events_aet05_all.qmd_result_v2_development"/>
  </testsuite>
  <testsuite name="tables-adverse-events-aet06" timestamp="2024-11-12T10:10:48Z" hostname="b7427e89a06f" tests="5" skipped="0" failures="0" errors="0" time="1.688">
    <testcase time="0.465" classname="tables_adverse_events_aet06" name="tables_adverse_events_aet06.qmd_result_v1_development"/>
    <testcase time="0.318999999999999" classname="tables_adverse_events_aet06" name="tables_adverse_events_aet06.qmd_result_v2_development"/>
    <testcase time="0.327999999999999" classname="tables_adverse_events_aet06" name="tables_adverse_events_aet06.qmd_result_v3_development"/>
    <testcase time="0.235000000000003" classname="tables_adverse_events_aet06" name="tables_adverse_events_aet06.qmd_result_v4_development"/>
    <testcase time="0.340999999999998" classname="tables_adverse_events_aet06" name="tables_adverse_events_aet06.qmd_result_v5_development"/>
  </testsuite>
  <testsuite name="tables-adverse-events-aet06_smq" timestamp="2024-11-12T10:10:49Z" hostname="b7427e89a06f" tests="3" skipped="0" failures="0" errors="0" time="0.4">
    <testcase time="0.150000000000002" classname="tables_adverse_events_aet06_smq" name="tables_adverse_events_aet06_smq.qmd_result_v1_development"/>
    <testcase time="0.140000000000001" classname="tables_adverse_events_aet06_smq" name="tables_adverse_events_aet06_smq.qmd_result_v2_development"/>
    <testcase time="0.109999999999999" classname="tables_adverse_events_aet06_smq" name="tables_adverse_events_aet06_smq.qmd_result_v3_development"/>
  </testsuite>
  <testsuite name="tables-adverse-events-aet07" timestamp="2024-11-12T10:10:50Z" hostname="b7427e89a06f" tests="2" skipped="0" failures="0" errors="0" time="0.168">
    <testcase time="0.0670000000000002" classname="tables_adverse_events_aet07" name="tables_adverse_events_aet07.qmd_result_v1_development"/>
    <testcase time="0.100999999999999" classname="tables_adverse_events_aet07" name="tables_adverse_events_aet07.qmd_result_v2_development"/>
  </testsuite>
  <testsuite name="tables-adverse-events-aet09" timestamp="2024-11-12T10:10:50Z" hostname="b7427e89a06f" tests="2" skipped="0" failures="0" errors="0" time="0.377">
    <testcase time="0.178999999999998" classname="tables_adverse_events_aet09" name="tables_adverse_events_aet09.qmd_result_v1_development"/>
    <testcase time="0.198" classname="tables_adverse_events_aet09" name="tables_adverse_events_aet09.qmd_result_v2_development"/>
  </testsuite>
  <testsuite name="tables-adverse-events-aet09_smq" timestamp="2024-11-12T10:10:50Z" hostname="b7427e89a06f" tests="2" skipped="0" failures="0" errors="0" time="0.187">
    <testcase time="0.0899999999999999" classname="tables_adverse_events_aet09_smq" name="tables_adverse_events_aet09_smq.qmd_result_v1_development"/>
    <testcase time="0.0970000000000013" classname="tables_adverse_events_aet09_smq" name="tables_adverse_events_aet09_smq.qmd_result_v2_development"/>
  </testsuite>
  <testsuite name="tables-adverse-events-aet10" timestamp="2024-11-12T10:10:50Z" hostname="b7427e89a06f" tests="2" skipped="0" failures="0" errors="0" time="0.233">
    <testcase time="0.126000000000001" classname="tables_adverse_events_aet10" name="tables_adverse_events_aet10.qmd_result_v1_development"/>
    <testcase time="0.106999999999999" classname="tables_adverse_events_aet10" name="tables_adverse_events_aet10.qmd_result_v2_development"/>
  </testsuite>
  <testsuite name="tables-concomitant-medications-cmt01" timestamp="2024-11-12T10:10:51Z" hostname="b7427e89a06f" tests="4" skipped="0" failures="0" errors="0" time="0.49">
    <testcase time="0.143999999999998" classname="tables_concomitant_medications_cmt01" name="tables_concomitant_medications_cmt01.qmd_result_v1_development"/>
    <testcase time="0.100999999999999" classname="tables_concomitant_medications_cmt01" name="tables_concomitant_medications_cmt01.qmd_result_v2_development"/>
    <testcase time="0.115000000000002" classname="tables_concomitant_medications_cmt01" name="tables_concomitant_medications_cmt01.qmd_result_v3_development"/>
    <testcase time="0.129999999999999" classname="tables_concomitant_medications_cmt01" name="tables_concomitant_medications_cmt01.qmd_result_v4_development"/>
  </testsuite>
  <testsuite name="tables-concomitant-medications-cmt01a" timestamp="2024-11-12T10:10:51Z" hostname="b7427e89a06f" tests="4" skipped="0" failures="0" errors="0" time="0.797">
    <testcase time="0.248000000000001" classname="tables_concomitant_medications_cmt01a" name="tables_concomitant_medications_cmt01a.qmd_result_v1_development"/>
    <testcase time="0.184999999999999" classname="tables_concomitant_medications_cmt01a" name="tables_concomitant_medications_cmt01a.qmd_result_v2_development"/>
    <testcase time="0.196000000000002" classname="tables_concomitant_medications_cmt01a" name="tables_concomitant_medications_cmt01a.qmd_result_v3_development"/>
    <testcase time="0.167999999999999" classname="tables_concomitant_medications_cmt01a" name="tables_concomitant_medications_cmt01a.qmd_result_v4_development"/>
  </testsuite>
  <testsuite name="tables-concomitant-medications-cmt01b" timestamp="2024-11-12T10:10:52Z" hostname="b7427e89a06f" tests="3" skipped="0" failures="0" errors="0" time="0.897">
    <testcase time="0.367000000000001" classname="tables_concomitant_medications_cmt01b" name="tables_concomitant_medications_cmt01b.qmd_result_v1_development"/>
    <testcase time="0.227" classname="tables_concomitant_medications_cmt01b" name="tables_concomitant_medications_cmt01b.qmd_result_v2_development"/>
    <testcase time="0.302999999999997" classname="tables_concomitant_medications_cmt01b" name="tables_concomitant_medications_cmt01b.qmd_result_v4_development"/>
  </testsuite>
  <testsuite name="tables-concomitant-medications-cmt02_pt" timestamp="2024-11-12T10:10:53Z" hostname="b7427e89a06f" tests="1" skipped="0" failures="0" errors="0" time="0.108">
    <testcase time="0.108000000000001" classname="tables_concomitant_medications_cmt02_pt" name="tables_concomitant_medications_cmt02_pt.qmd_result_v1_development"/>
  </testsuite>
  <testsuite name="tables-deaths-dtht01" timestamp="2024-11-12T10:10:53Z" hostname="b7427e89a06f" tests="4" skipped="0" failures="0" errors="0" time="0.586">
    <testcase time="0.212" classname="tables_deaths_dtht01" name="tables_deaths_dtht01.qmd_result_v1_development"/>
    <testcase time="0.168000000000003" classname="tables_deaths_dtht01" name="tables_deaths_dtht01.qmd_result_v2_development"/>
    <testcase time="0.093" classname="tables_deaths_dtht01" name="tables_deaths_dtht01.qmd_result_v3_development"/>
    <testcase time="0.113" classname="tables_deaths_dtht01" name="tables_deaths_dtht01.qmd_result_v4_development"/>
  </testsuite>
  <testsuite name="tables-demography-dmt01" timestamp="2024-11-12T10:10:54Z" hostname="b7427e89a06f" tests="5" skipped="0" failures="0" errors="0" time="0.868">
    <testcase time="0.239999999999998" classname="tables_demography_dmt01" name="tables_demography_dmt01.qmd_result_v1_development"/>
    <testcase time="0.173000000000002" classname="tables_demography_dmt01" name="tables_demography_dmt01.qmd_result_v2_development"/>
    <testcase time="0.164999999999999" classname="tables_demography_dmt01" name="tables_demography_dmt01.qmd_result_v3_development"/>
    <testcase time="0.152999999999999" classname="tables_demography_dmt01" name="tables_demography_dmt01.qmd_result_v4_development"/>
    <testcase time="0.137" classname="tables_demography_dmt01" name="tables_demography_dmt01.qmd_result_v5_development"/>
  </testsuite>
  <testsuite name="tables-disclosures-disclosurest01" timestamp="2024-11-12T10:10:54Z" hostname="b7427e89a06f" tests="6" skipped="0" failures="0" errors="0" time="0.874">
    <testcase time="0.18" classname="tables_disclosures_disclosurest01" name="tables_disclosures_disclosurest01.qmd_result_v1_development"/>
    <testcase time="0.249000000000002" classname="tables_disclosures_disclosurest01" name="tables_disclosures_disclosurest01.qmd_result_v2_development"/>
    <testcase time="0.114999999999998" classname="tables_disclosures_disclosurest01" name="tables_disclosures_disclosurest01.qmd_result_v3_development"/>
    <testcase time="0.132000000000001" classname="tables_disclosures_disclosurest01" name="tables_disclosures_disclosurest01.qmd_result_v4_development"/>
    <testcase time="0.111999999999998" classname="tables_disclosures_disclosurest01" name="tables_disclosures_disclosurest01.qmd_result_v5_development"/>
    <testcase time="0.0859999999999985" classname="tables_disclosures_disclosurest01" name="tables_disclosures_disclosurest01.qmd_result_v6_development"/>
  </testsuite>
  <testsuite name="tables-disclosures-eudrat01" timestamp="2024-11-12T10:10:55Z" hostname="b7427e89a06f" tests="1" skipped="0" failures="0" errors="0" time="0.177">
    <testcase time="0.177000000000003" classname="tables_disclosures_eudrat01" name="tables_disclosures_eudrat01.qmd_result_v1_development"/>
  </testsuite>
  <testsuite name="tables-disclosures-eudrat02" timestamp="2024-11-12T10:10:55Z" hostname="b7427e89a06f" tests="1" skipped="0" failures="0" errors="0" time="0.126">
    <testcase time="0.125999999999998" classname="tables_disclosures_eudrat02" name="tables_disclosures_eudrat02.qmd_result_v1_development"/>
  </testsuite>
  <testsuite name="tables-disposition-dst01" timestamp="2024-11-12T10:10:56Z" hostname="b7427e89a06f" tests="3" skipped="0" failures="0" errors="0" time="0.437">
    <testcase time="0.184000000000001" classname="tables_disposition_dst01" name="tables_disposition_dst01.qmd_result_v1_development"/>
    <testcase time="0.120999999999999" classname="tables_disposition_dst01" name="tables_disposition_dst01.qmd_result_v2_development"/>
    <testcase time="0.132000000000001" classname="tables_disposition_dst01" name="tables_disposition_dst01.qmd_result_v3_development"/>
  </testsuite>
  <testsuite name="tables-disposition-pdt01" timestamp="2024-11-12T10:10:56Z" hostname="b7427e89a06f" tests="1" skipped="0" failures="0" errors="0" time="0.165">
    <testcase time="0.164999999999999" classname="tables_disposition_pdt01" name="tables_disposition_pdt01.qmd_result_v1_development"/>
  </testsuite>
  <testsuite name="tables-disposition-pdt02" timestamp="2024-11-12T10:10:56Z" hostname="b7427e89a06f" tests="1" skipped="0" failures="0" errors="0" time="0.12">
    <testcase time="0.120000000000001" classname="tables_disposition_pdt02" name="tables_disposition_pdt02.qmd_result_v1_development"/>
  </testsuite>
  <testsuite name="tables-efficacy-aovt01" timestamp="2024-11-12T10:10:57Z" hostname="b7427e89a06f" tests="1" skipped="0" failures="0" errors="0" time="0.855">
    <testcase time="0.855" classname="tables_efficacy_aovt01" name="tables_efficacy_aovt01.qmd_result_v1_development"/>
  </testsuite>
  <testsuite name="tables-efficacy-aovt02" timestamp="2024-11-12T10:10:57Z" hostname="b7427e89a06f" tests="1" skipped="0" failures="0" errors="0" time="0.17">
    <testcase time="0.169999999999998" classname="tables_efficacy_aovt02" name="tables_efficacy_aovt02.qmd_result_v1_development"/>
  </testsuite>
  <testsuite name="tables-efficacy-aovt03" timestamp="2024-11-12T10:10:58Z" hostname="b7427e89a06f" tests="1" skipped="0" failures="0" errors="0" time="1.179">
    <testcase time="1.179" classname="tables_efficacy_aovt03" name="tables_efficacy_aovt03.qmd_result_v1_development"/>
  </testsuite>
  <testsuite name="tables-efficacy-cfbt01" timestamp="2024-11-12T10:10:58Z" hostname="b7427e89a06f" tests="1" skipped="0" failures="0" errors="0" time="0.255">
    <testcase time="0.255000000000003" classname="tables_efficacy_cfbt01" name="tables_efficacy_cfbt01.qmd_result_v1_development"/>
  </testsuite>
  <testsuite name="tables-efficacy-cmht01" timestamp="2024-11-12T10:11:01Z" hostname="b7427e89a06f" tests="2" skipped="0" failures="0" errors="0" time="2.169">
    <testcase time="1.89299999999999" classname="tables_efficacy_cmht01" name="tables_efficacy_cmht01.qmd_result_v1_development"/>
    <testcase time="0.276000000000003" classname="tables_efficacy_cmht01" name="tables_efficacy_cmht01.qmd_result_v2_development"/>
  </testsuite>
  <testsuite name="tables-efficacy-coxt01" timestamp="2024-11-12T10:11:01Z" hostname="b7427e89a06f" tests="4" skipped="0" failures="0" errors="0" time="0.48">
    <testcase time="0.179000000000002" classname="tables_efficacy_coxt01" name="tables_efficacy_coxt01.qmd_result_v1_development"/>
    <testcase time="0.0959999999999965" classname="tables_efficacy_coxt01" name="tables_efficacy_coxt01.qmd_result_v2_development"/>
    <testcase time="0.100000000000001" classname="tables_efficacy_coxt01" name="tables_efficacy_coxt01.qmd_result_v3_development"/>
    <testcase time="0.104999999999997" classname="tables_efficacy_coxt01" name="tables_efficacy_coxt01.qmd_result_v4_development"/>
  </testsuite>
  <testsuite name="tables-efficacy-coxt02" timestamp="2024-11-12T10:11:01Z" hostname="b7427e89a06f" tests="2" skipped="0" failures="0" errors="0" time="0.204">
    <testcase time="0.106999999999999" classname="tables_efficacy_coxt02" name="tables_efficacy_coxt02.qmd_result_v1_development"/>
    <testcase time="0.0970000000000013" classname="tables_efficacy_coxt02" name="tables_efficacy_coxt02.qmd_result_v2_development"/>
  </testsuite>
  <testsuite name="tables-efficacy-dort01" timestamp="2024-11-12T10:11:02Z" hostname="b7427e89a06f" tests="4" skipped="0" failures="0" errors="0" time="1.189">
    <testcase time="0.879000000000005" classname="tables_efficacy_dort01" name="tables_efficacy_dort01.qmd_result_v1_development"/>
    <testcase time="0.102999999999994" classname="tables_efficacy_dort01" name="tables_efficacy_dort01.qmd_result_v2_development"/>
    <testcase time="0.103000000000002" classname="tables_efficacy_dort01" name="tables_efficacy_dort01.qmd_result_v3_development"/>
    <testcase time="0.103999999999999" classname="tables_efficacy_dort01" name="tables_efficacy_dort01.qmd_result_v4_development"/>
  </testsuite>
  <testsuite name="tables-efficacy-lgrt02" timestamp="2024-11-12T10:11:03Z" hostname="b7427e89a06f" tests="4" skipped="0" failures="0" errors="0" time="0.695">
    <testcase time="0.215000000000003" classname="tables_efficacy_lgrt02" name="tables_efficacy_lgrt02.qmd_result_v1_development"/>
    <testcase time="0.167000000000002" classname="tables_efficacy_lgrt02" name="tables_efficacy_lgrt02.qmd_result_v2_development"/>
    <testcase time="0.141999999999996" classname="tables_efficacy_lgrt02" name="tables_efficacy_lgrt02.qmd_result_v3_development"/>
    <testcase time="0.170999999999999" classname="tables_efficacy_lgrt02" name="tables_efficacy_lgrt02.qmd_result_v4_development"/>
  </testsuite>
  <testsuite name="tables-efficacy-mmrmt01" timestamp="2024-11-12T10:11:03Z" hostname="b7427e89a06f" tests="4" skipped="0" failures="0" errors="0" time="0.652">
    <testcase time="0.213999999999999" classname="tables_efficacy_mmrmt01" name="tables_efficacy_mmrmt01.qmd_result_v1_development"/>
    <testcase time="0.101000000000006" classname="tables_efficacy_mmrmt01" name="tables_efficacy_mmrmt01.qmd_result_v2_development"/>
    <testcase time="0.242999999999995" classname="tables_efficacy_mmrmt01" name="tables_efficacy_mmrmt01.qmd_result_v3_development"/>
    <testcase time="0.0940000000000012" classname="tables_efficacy_mmrmt01" name="tables_efficacy_mmrmt01.qmd_result_baseline_development"/>
  </testsuite>
  <testsuite name="tables-efficacy-onct05" timestamp="2024-11-12T10:11:04Z" hostname="b7427e89a06f" tests="4" skipped="0" failures="0" errors="0" time="0.664">
    <testcase time="0.258000000000003" classname="tables_efficacy_onct05" name="tables_efficacy_onct05.qmd_result_v1_development"/>
    <testcase time="0.134999999999998" classname="tables_efficacy_onct05" name="tables_efficacy_onct05.qmd_result_v2_development"/>
    <testcase time="0.142000000000003" classname="tables_efficacy_onct05" name="tables_efficacy_onct05.qmd_result_v3_development"/>
    <testcase time="0.128999999999998" classname="tables_efficacy_onct05" name="tables_efficacy_onct05.qmd_result_v4_development"/>
  </testsuite>
  <testsuite name="tables-efficacy-ratet01" timestamp="2024-11-12T10:11:05Z" hostname="b7427e89a06f" tests="1" skipped="0" failures="0" errors="0" time="0.271">
    <testcase time="0.271000000000001" classname="tables_efficacy_ratet01" name="tables_efficacy_ratet01.qmd_result_v1_development"/>
  </testsuite>
  <testsuite name="tables-efficacy-rspt01" timestamp="2024-11-12T10:11:05Z" hostname="b7427e89a06f" tests="6" skipped="0" failures="0" errors="0" time="1.04">
    <testcase time="0.463000000000001" classname="tables_efficacy_rspt01" name="tables_efficacy_rspt01.qmd_result_v1_development"/>
    <testcase time="0.109999999999999" classname="tables_efficacy_rspt01" name="tables_efficacy_rspt01.qmd_result_v2_development"/>
    <testcase time="0.120999999999995" classname="tables_efficacy_rspt01" name="tables_efficacy_rspt01.qmd_result_v3_development"/>
    <testcase time="0.128" classname="tables_efficacy_rspt01" name="tables_efficacy_rspt01.qmd_result_v4_development"/>
    <testcase time="0.113" classname="tables_efficacy_rspt01" name="tables_efficacy_rspt01.qmd_result_v5_development"/>
    <testcase time="0.105000000000004" classname="tables_efficacy_rspt01" name="tables_efficacy_rspt01.qmd_result_v6_development"/>
  </testsuite>
  <testsuite name="tables-efficacy-ttet01" timestamp="2024-11-12T10:11:07Z" hostname="b7427e89a06f" tests="6" skipped="0" failures="0" errors="0" time="2.064">
    <testcase time="1.203" classname="tables_efficacy_ttet01" name="tables_efficacy_ttet01.qmd_result_v1_development"/>
    <testcase time="0.156999999999996" classname="tables_efficacy_ttet01" name="tables_efficacy_ttet01.qmd_result_v2_development"/>
    <testcase time="0.244" classname="tables_efficacy_ttet01" name="tables_efficacy_ttet01.qmd_result_v3_development"/>
    <testcase time="0.164999999999999" classname="tables_efficacy_ttet01" name="tables_efficacy_ttet01.qmd_result_v4_development"/>
    <testcase time="0.137999999999998" classname="tables_efficacy_ttet01" name="tables_efficacy_ttet01.qmd_result_v5_development"/>
    <testcase time="0.157000000000004" classname="tables_efficacy_ttet01" name="tables_efficacy_ttet01.qmd_result_v6_development"/>
  </testsuite>
  <testsuite name="tables-exposure-ext01" timestamp="2024-11-12T10:11:08Z" hostname="b7427e89a06f" tests="3" skipped="0" failures="0" errors="0" time="0.742">
    <testcase time="0.234000000000002" classname="tables_exposure_ext01" name="tables_exposure_ext01.qmd_result_v1_development"/>
    <testcase time="0.241999999999997" classname="tables_exposure_ext01" name="tables_exposure_ext01.qmd_result_v2_development"/>
    <testcase time="0.265999999999998" classname="tables_exposure_ext01" name="tables_exposure_ext01.qmd_result_v3_development"/>
  </testsuite>
  <testsuite name="tables-lab-results-lbt01" timestamp="2024-11-12T10:11:09Z" hostname="b7427e89a06f" tests="1" skipped="0" failures="0" errors="0" time="0.248">
    <testcase time="0.248000000000005" classname="tables_lab_results_lbt01" name="tables_lab_results_lbt01.qmd_result_v1_development"/>
  </testsuite>
  <testsuite name="tables-lab-results-lbt02" timestamp="2024-11-12T10:11:09Z" hostname="b7427e89a06f" tests="1" skipped="0" failures="0" errors="0" time="0.183">
    <testcase time="0.183" classname="tables_lab_results_lbt02" name="tables_lab_results_lbt02.qmd_result_v1_development"/>
  </testsuite>
  <testsuite name="tables-lab-results-lbt03" timestamp="2024-11-12T10:11:09Z" hostname="b7427e89a06f" tests="2" skipped="0" failures="0" errors="0" time="0.328">
    <testcase time="0.160999999999994" classname="tables_lab_results_lbt03" name="tables_lab_results_lbt03.qmd_result_v1_development"/>
    <testcase time="0.167000000000002" classname="tables_lab_results_lbt03" name="tables_lab_results_lbt03.qmd_result_v2_development"/>
  </testsuite>
  <testsuite name="tables-lab-results-lbt04" timestamp="2024-11-12T10:11:10Z" hostname="b7427e89a06f" tests="1" skipped="0" failures="0" errors="0" time="0.093">
    <testcase time="0.0930000000000035" classname="tables_lab_results_lbt04" name="tables_lab_results_lbt04.qmd_result_v1_development"/>
  </testsuite>
  <testsuite name="tables-lab-results-lbt05" timestamp="2024-11-12T10:11:10Z" hostname="b7427e89a06f" tests="3" skipped="0" failures="0" errors="0" time="0.688">
    <testcase time="0.161999999999999" classname="tables_lab_results_lbt05" name="tables_lab_results_lbt05.qmd_result_v1_development"/>
    <testcase time="0.402000000000001" classname="tables_lab_results_lbt05" name="tables_lab_results_lbt05.qmd_result_v2_development"/>
    <testcase time="0.123999999999995" classname="tables_lab_results_lbt05" name="tables_lab_results_lbt05.qmd_result_v4_development"/>
  </testsuite>
  <testsuite name="tables-lab-results-lbt06" timestamp="2024-11-12T10:11:10Z" hostname="b7427e89a06f" tests="2" skipped="0" failures="0" errors="0" time="0.713">
    <testcase time="0.242000000000004" classname="tables_lab_results_lbt06" name="tables_lab_results_lbt06.qmd_result_v1_development"/>
    <testcase time="0.470999999999997" classname="tables_lab_results_lbt06" name="tables_lab_results_lbt06.qmd_result_v2_development"/>
  </testsuite>
  <testsuite name="tables-lab-results-lbt07" timestamp="2024-11-12T10:11:11Z" hostname="b7427e89a06f" tests="1" skipped="0" failures="0" errors="0" time="0.17">
    <testcase time="0.170000000000002" classname="tables_lab_results_lbt07" name="tables_lab_results_lbt07.qmd_result_v1_development"/>
  </testsuite>
  <testsuite name="tables-lab-results-lbt08" timestamp="2024-11-12T10:11:11Z" hostname="b7427e89a06f" tests="1" skipped="0" failures="0" errors="0" time="0.155">
    <testcase time="0.155000000000001" classname="tables_lab_results_lbt08" name="tables_lab_results_lbt08.qmd_result_v1_development"/>
  </testsuite>
  <testsuite name="tables-lab-results-lbt09" timestamp="2024-11-12T10:11:12Z" hostname="b7427e89a06f" tests="2" skipped="0" failures="0" errors="0" time="0.549">
    <testcase time="0.347000000000001" classname="tables_lab_results_lbt09" name="tables_lab_results_lbt09.qmd_result_v1_development"/>
    <testcase time="0.201999999999998" classname="tables_lab_results_lbt09" name="tables_lab_results_lbt09.qmd_result_v2_development"/>
  </testsuite>
  <testsuite name="tables-lab-results-lbt10" timestamp="2024-11-12T10:11:12Z" hostname="b7427e89a06f" tests="2" skipped="0" failures="0" errors="0" time="0.156">
    <testcase time="0.0889999999999986" classname="tables_lab_results_lbt10" name="tables_lab_results_lbt10.qmd_result_v1_development"/>
    <testcase time="0.0670000000000002" classname="tables_lab_results_lbt10" name="tables_lab_results_lbt10.qmd_result_v2_development"/>
  </testsuite>
  <testsuite name="tables-lab-results-lbt10_bl" timestamp="2024-11-12T10:11:12Z" hostname="b7427e89a06f" tests="2" skipped="0" failures="0" errors="0" time="0.159">
    <testcase time="0.0940000000000012" classname="tables_lab_results_lbt10_bl" name="tables_lab_results_lbt10_bl.qmd_result_v1_development"/>
    <testcase time="0.0649999999999977" classname="tables_lab_results_lbt10_bl" name="tables_lab_results_lbt10_bl.qmd_result_v2_development"/>
  </testsuite>
  <testsuite name="tables-lab-results-lbt11" timestamp="2024-11-12T10:11:13Z" hostname="b7427e89a06f" tests="3" skipped="0" failures="0" errors="0" time="0.518">
    <testcase time="0.317" classname="tables_lab_results_lbt11" name="tables_lab_results_lbt11.qmd_result_v1_development"/>
    <testcase time="0.0859999999999985" classname="tables_lab_results_lbt11" name="tables_lab_results_lbt11.qmd_result_v2_development"/>
    <testcase time="0.115000000000002" classname="tables_lab_results_lbt11" name="tables_lab_results_lbt11.qmd_result_v3_development"/>
  </testsuite>
  <testsuite name="tables-lab-results-lbt11_bl" timestamp="2024-11-12T10:11:13Z" hostname="b7427e89a06f" tests="3" skipped="0" failures="0" errors="0" time="0.527">
    <testcase time="0.326999999999998" classname="tables_lab_results_lbt11_bl" name="tables_lab_results_lbt11_bl.qmd_result_v1_development"/>
    <testcase time="0.0850000000000009" classname="tables_lab_results_lbt11_bl" name="tables_lab_results_lbt11_bl.qmd_result_v2_development"/>
    <testcase time="0.115000000000002" classname="tables_lab_results_lbt11_bl" name="tables_lab_results_lbt11_bl.qmd_result_v3_development"/>
  </testsuite>
  <testsuite name="tables-lab-results-lbt12" timestamp="2024-11-12T10:11:13Z" hostname="b7427e89a06f" tests="1" skipped="0" failures="0" errors="0" time="0.11">
    <testcase time="0.109999999999999" classname="tables_lab_results_lbt12" name="tables_lab_results_lbt12.qmd_result_v1_development"/>
  </testsuite>
  <testsuite name="tables-lab-results-lbt12_bl" timestamp="2024-11-12T10:11:13Z" hostname="b7427e89a06f" tests="1" skipped="0" failures="0" errors="0" time="0.114">
    <testcase time="0.114000000000004" classname="tables_lab_results_lbt12_bl" name="tables_lab_results_lbt12_bl.qmd_result_v1_development"/>
  </testsuite>
  <testsuite name="tables-lab-results-lbt13" timestamp="2024-11-12T10:11:14Z" hostname="b7427e89a06f" tests="5" skipped="0" failures="0" errors="0" time="3.017">
    <testcase time="0.724999999999994" classname="tables_lab_results_lbt13" name="tables_lab_results_lbt13.qmd_result_v1_development"/>
    <testcase time="0.477000000000004" classname="tables_lab_results_lbt13" name="tables_lab_results_lbt13.qmd_result_v2_development"/>
    <testcase time="0.466999999999999" classname="tables_lab_results_lbt13" name="tables_lab_results_lbt13.qmd_result_v3_development"/>
    <testcase time="0.479999999999997" classname="tables_lab_results_lbt13" name="tables_lab_results_lbt13.qmd_result_v4_development"/>
    <testcase time="0.868000000000002" classname="tables_lab_results_lbt13" name="tables_lab_results_lbt13.qmd_result_v5_development"/>
  </testsuite>
  <testsuite name="tables-lab-results-lbt14" timestamp="2024-11-12T10:11:17Z" hostname="b7427e89a06f" tests="5" skipped="0" failures="0" errors="0" time="1.862">
    <testcase time="0.414999999999999" classname="tables_lab_results_lbt14" name="tables_lab_results_lbt14.qmd_result_v1_development"/>
    <testcase time="0.273000000000003" classname="tables_lab_results_lbt14" name="tables_lab_results_lbt14.qmd_result_v2_development"/>
    <testcase time="0.272999999999996" classname="tables_lab_results_lbt14" name="tables_lab_results_lbt14.qmd_result_v3_development"/>
    <testcase time="0.279000000000003" classname="tables_lab_results_lbt14" name="tables_lab_results_lbt14.qmd_result_v4_development"/>
    <testcase time="0.622" classname="tables_lab_results_lbt14" name="tables_lab_results_lbt14.qmd_result_v5_development"/>
  </testsuite>
  <testsuite name="tables-lab-results-lbt15" timestamp="2024-11-12T10:11:18Z" hostname="b7427e89a06f" tests="2" skipped="0" failures="0" errors="0" time="0.242">
    <testcase time="0.119" classname="tables_lab_results_lbt15" name="tables_lab_results_lbt15.qmd_result_v1_development"/>
    <testcase time="0.122999999999998" classname="tables_lab_results_lbt15" name="tables_lab_results_lbt15.qmd_result_v2_development"/>
  </testsuite>
  <testsuite name="tables-medical-history-mht01" timestamp="2024-11-12T10:11:19Z" hostname="b7427e89a06f" tests="4" skipped="0" failures="0" errors="0" time="0.576">
    <testcase time="0.207000000000001" classname="tables_medical_history_mht01" name="tables_medical_history_mht01.qmd_result_v1_development"/>
    <testcase time="0.0750000000000028" classname="tables_medical_history_mht01" name="tables_medical_history_mht01.qmd_result_v2_development"/>
    <testcase time="0.122" classname="tables_medical_history_mht01" name="tables_medical_history_mht01.qmd_result_v3_development"/>
    <testcase time="0.171999999999997" classname="tables_medical_history_mht01" name="tables_medical_history_mht01.qmd_result_v4_development"/>
  </testsuite>
  <testsuite name="tables-pharmacokinetic-pkct01" timestamp="2024-11-12T10:11:20Z" hostname="b7427e89a06f" tests="3" skipped="0" failures="0" errors="0" time="0.914">
    <testcase time="0.499000000000002" classname="tables_pharmacokinetic_pkct01" name="tables_pharmacokinetic_pkct01.qmd_result_v1_development"/>
    <testcase time="0.217999999999996" classname="tables_pharmacokinetic_pkct01" name="tables_pharmacokinetic_pkct01.qmd_result_v2_development"/>
    <testcase time="0.197000000000003" classname="tables_pharmacokinetic_pkct01" name="tables_pharmacokinetic_pkct01.qmd_result_v3_development"/>
  </testsuite>
  <testsuite name="tables-pharmacokinetic-pkpt02" timestamp="2024-11-12T10:11:20Z" hostname="b7427e89a06f" tests="2" skipped="0" failures="0" errors="0" time="0.277">
    <testcase time="0.161000000000001" classname="tables_pharmacokinetic_pkpt02" name="tables_pharmacokinetic_pkpt02.qmd_result_v1_development"/>
    <testcase time="0.116" classname="tables_pharmacokinetic_pkpt02" name="tables_pharmacokinetic_pkpt02.qmd_result_v2_development"/>
  </testsuite>
  <testsuite name="tables-pharmacokinetic-pkpt03" timestamp="2024-11-12T10:11:22Z" hostname="b7427e89a06f" tests="3" skipped="3" failures="0" errors="0" time="1.755">
    <testcase time="1.731" classname="tables_pharmacokinetic_pkpt03" name="tables_pharmacokinetic_pkpt03.qmd_result_v1_development">
      <skipped message="Reason: Snapshot test is not implemented for object of class: list. ('test-tables-pharmacokinetic-pkpt03.R:1:1')"/>
    </testcase>
    <testcase time="0.0120000000000005" classname="tables_pharmacokinetic_pkpt03" name="tables_pharmacokinetic_pkpt03.qmd_result_v2_development">
      <skipped message="Reason: Snapshot test is not implemented for object of class: list. ('test-tables-pharmacokinetic-pkpt03.R:1:1')"/>
    </testcase>
    <testcase time="0.0119999999999933" classname="tables_pharmacokinetic_pkpt03" name="tables_pharmacokinetic_pkpt03.qmd_result_v3_development">
      <skipped message="Reason: Snapshot test is not implemented for object of class: list. ('test-tables-pharmacokinetic-pkpt03.R:1:1')"/>
    </testcase>
  </testsuite>
  <testsuite name="tables-pharmacokinetic-pkpt04" timestamp="2024-11-12T10:11:22Z" hostname="b7427e89a06f" tests="2" skipped="0" failures="0" errors="0" time="0.318">
    <testcase time="0.182000000000002" classname="tables_pharmacokinetic_pkpt04" name="tables_pharmacokinetic_pkpt04.qmd_result_v1_development"/>
    <testcase time="0.136000000000003" classname="tables_pharmacokinetic_pkpt04" name="tables_pharmacokinetic_pkpt04.qmd_result_v2_development"/>
  </testsuite>
  <testsuite name="tables-pharmacokinetic-pkpt05" timestamp="2024-11-12T10:11:23Z" hostname="b7427e89a06f" tests="2" skipped="0" failures="0" errors="0" time="0.325">
    <testcase time="0.213000000000001" classname="tables_pharmacokinetic_pkpt05" name="tables_pharmacokinetic_pkpt05.qmd_result_v1_development"/>
    <testcase time="0.111999999999995" classname="tables_pharmacokinetic_pkpt05" name="tables_pharmacokinetic_pkpt05.qmd_result_v2_development"/>
  </testsuite>
  <testsuite name="tables-pharmacokinetic-pkpt06" timestamp="2024-11-12T10:11:23Z" hostname="b7427e89a06f" tests="2" skipped="0" failures="0" errors="0" time="0.361">
    <testcase time="0.0860000000000056" classname="tables_pharmacokinetic_pkpt06" name="tables_pharmacokinetic_pkpt06.qmd_result_v1_development"/>
    <testcase time="0.274999999999999" classname="tables_pharmacokinetic_pkpt06" name="tables_pharmacokinetic_pkpt06.qmd_result_v2_development"/>
  </testsuite>
  <testsuite name="tables-pharmacokinetic-pkpt07" timestamp="2024-11-12T10:11:23Z" hostname="b7427e89a06f" tests="2" skipped="0" failures="0" errors="0" time="0.208">
    <testcase time="0.117999999999995" classname="tables_pharmacokinetic_pkpt07" name="tables_pharmacokinetic_pkpt07.qmd_result_v1_development"/>
    <testcase time="0.0900000000000034" classname="tables_pharmacokinetic_pkpt07" name="tables_pharmacokinetic_pkpt07.qmd_result_v2_development"/>
  </testsuite>
  <testsuite name="tables-pharmacokinetic-pkpt08" timestamp="2024-11-12T10:11:23Z" hostname="b7427e89a06f" tests="1" skipped="0" failures="0" errors="0" time="0.141">
    <testcase time="0.140999999999998" classname="tables_pharmacokinetic_pkpt08" name="tables_pharmacokinetic_pkpt08.qmd_result_v1_development"/>
  </testsuite>
  <testsuite name="tables-pharmacokinetic-pkpt11" timestamp="2024-11-12T10:11:24Z" hostname="b7427e89a06f" tests="1" skipped="0" failures="0" errors="0" time="0.082">
    <testcase time="0.0820000000000007" classname="tables_pharmacokinetic_pkpt11" name="tables_pharmacokinetic_pkpt11.qmd_result_v1_development"/>
  </testsuite>
  <testsuite name="tables-risk-management-plan-rmpt01" timestamp="2024-11-12T10:11:24Z" hostname="b7427e89a06f" tests="1" skipped="0" failures="0" errors="0" time="0.07">
    <testcase time="0.0700000000000003" classname="tables_risk_management_plan_rmpt01" name="tables_risk_management_plan_rmpt01.qmd_result_v1_development"/>
  </testsuite>
  <testsuite name="tables-risk-management-plan-rmpt03" timestamp="2024-11-12T10:11:24Z" hostname="b7427e89a06f" tests="2" skipped="0" failures="0" errors="0" time="0.218">
    <testcase time="0.128999999999998" classname="tables_risk_management_plan_rmpt03" name="tables_risk_management_plan_rmpt03.qmd_result_v1_development"/>
    <testcase time="0.0890000000000057" classname="tables_risk_management_plan_rmpt03" name="tables_risk_management_plan_rmpt03.qmd_result_v2_development"/>
  </testsuite>
  <testsuite name="tables-risk-management-plan-rmpt04" timestamp="2024-11-12T10:11:24Z" hostname="b7427e89a06f" tests="1" skipped="0" failures="0" errors="0" time="0.065">
    <testcase time="0.0649999999999977" classname="tables_risk_management_plan_rmpt04" name="tables_risk_management_plan_rmpt04.qmd_result_v1_development"/>
  </testsuite>
  <testsuite name="tables-risk-management-plan-rmpt05" timestamp="2024-11-12T10:11:24Z" hostname="b7427e89a06f" tests="1" skipped="0" failures="0" errors="0" time="0.078">
    <testcase time="0.078000000000003" classname="tables_risk_management_plan_rmpt05" name="tables_risk_management_plan_rmpt05.qmd_result_v1_development"/>
  </testsuite>
  <testsuite name="tables-risk-management-plan-rmpt06" timestamp="2024-11-12T10:11:24Z" hostname="b7427e89a06f" tests="4" skipped="0" failures="0" errors="0" time="0.493">
    <testcase time="0.165999999999997" classname="tables_risk_management_plan_rmpt06" name="tables_risk_management_plan_rmpt06.qmd_result_v1_development"/>
    <testcase time="0.0869999999999962" classname="tables_risk_management_plan_rmpt06" name="tables_risk_management_plan_rmpt06.qmd_result_v2_development"/>
    <testcase time="0.124000000000002" classname="tables_risk_management_plan_rmpt06" name="tables_risk_management_plan_rmpt06.qmd_result_v3_development"/>
    <testcase time="0.116" classname="tables_risk_management_plan_rmpt06" name="tables_risk_management_plan_rmpt06.qmd_result_v4_development"/>
  </testsuite>
  <testsuite name="tables-safety-enrollment01" timestamp="2024-11-12T10:11:25Z" hostname="b7427e89a06f" tests="4" skipped="0" failures="0" errors="0" time="2.147">
    <testcase time="0.700000000000003" classname="tables_safety_enrollment01" name="tables_safety_enrollment01.qmd_result_v1_development"/>
    <testcase time="0.464999999999996" classname="tables_safety_enrollment01" name="tables_safety_enrollment01.qmd_result_v2_development"/>
    <testcase time="0.517000000000003" classname="tables_safety_enrollment01" name="tables_safety_enrollment01.qmd_result_v3_development"/>
    <testcase time="0.464999999999996" classname="tables_safety_enrollment01" name="tables_safety_enrollment01.qmd_result_v4_development"/>
  </testsuite>
  <testsuite name="tables-vital-signs-vst01" timestamp="2024-11-12T10:11:27Z" hostname="b7427e89a06f" tests="1" skipped="0" failures="0" errors="0" time="0.329">
    <testcase time="0.329000000000001" classname="tables_vital_signs_vst01" name="tables_vital_signs_vst01.qmd_result_v1_development"/>
  </testsuite>
  <testsuite name="tables-vital-signs-vst02" timestamp="2024-11-12T10:11:27Z" hostname="b7427e89a06f" tests="2" skipped="0" failures="0" errors="0" time="0.264">
    <testcase time="0.141000000000005" classname="tables_vital_signs_vst02" name="tables_vital_signs_vst02.qmd_result_v1_development"/>
    <testcase time="0.122999999999998" classname="tables_vital_signs_vst02" name="tables_vital_signs_vst02.qmd_result_v2_development"/>
  </testsuite>
</testsuites>
