<?xml version="1.0" encoding="UTF-8"?>
<testsuites>
  <testsuite name="graph-snaps" timestamp="2023-11-01T15:35:08Z" hostname="8786a0a86476" tests="30" skipped="30" failures="0" errors="0" time="9.303">
    <testcase time="2.21600000000001" classname="graph_snaps" name="plot_v1">
      <skipped message="Reason: On CRAN ('test-graph-snaps.R:49:9')"/>
    </testcase>
    <testcase time="0.538000000000011" classname="graph_snaps" name="plot_v2">
      <skipped message="Reason: On CRAN ('test-graph-snaps.R:49:9')"/>
    </testcase>
    <testcase time="0.174999999999955" classname="graph_snaps" name="plot_v3">
      <skipped message="Reason: On CRAN ('test-graph-snaps.R:49:9')"/>
    </testcase>
    <testcase time="0.215000000000032" classname="graph_snaps" name="plot_v4">
      <skipped message="Reason: On CRAN ('test-graph-snaps.R:49:9')"/>
    </testcase>
    <testcase time="0.377999999999929" classname="graph_snaps" name="plot_v5">
      <skipped message="Reason: On CRAN ('test-graph-snaps.R:49:9')"/>
    </testcase>
    <testcase time="0.267000000000053" classname="graph_snaps" name="plot_v6">
      <skipped message="Reason: On CRAN ('test-graph-snaps.R:49:9')"/>
    </testcase>
    <testcase time="0.25" classname="graph_snaps" name="plot_v1">
      <skipped message="Reason: On CRAN ('test-graph-snaps.R:49:9')"/>
    </testcase>
    <testcase time="0.134000000000015" classname="graph_snaps" name="plot_v2">
      <skipped message="Reason: On CRAN ('test-graph-snaps.R:49:9')"/>
    </testcase>
    <testcase time="0.103999999999928" classname="graph_snaps" name="plot_v3">
      <skipped message="Reason: On CRAN ('test-graph-snaps.R:49:9')"/>
    </testcase>
    <testcase time="0.0990000000000464" classname="graph_snaps" name="plot_v4">
      <skipped message="Reason: On CRAN ('test-graph-snaps.R:49:9')"/>
    </testcase>
    <testcase time="0.109000000000037" classname="graph_snaps" name="plot_v5">
      <skipped message="Reason: On CRAN ('test-graph-snaps.R:49:9')"/>
    </testcase>
    <testcase time="0.149000000000001" classname="graph_snaps" name="plot_v6">
      <skipped message="Reason: On CRAN ('test-graph-snaps.R:49:9')"/>
    </testcase>
    <testcase time="0.162999999999897" classname="graph_snaps" name="plot_v7">
      <skipped message="Reason: On CRAN ('test-graph-snaps.R:49:9')"/>
    </testcase>
    <testcase time="0.120000000000005" classname="graph_snaps" name="plot_v8">
      <skipped message="Reason: On CRAN ('test-graph-snaps.R:49:9')"/>
    </testcase>
    <testcase time="0.386000000000081" classname="graph_snaps" name="plot_v9">
      <skipped message="Reason: On CRAN ('test-graph-snaps.R:49:9')"/>
    </testcase>
    <testcase time="1.28800000000001" classname="graph_snaps" name="plot_v1">
      <skipped message="Reason: On CRAN ('test-graph-snaps.R:49:9')"/>
    </testcase>
    <testcase time="0.168000000000006" classname="graph_snaps" name="plot_v2">
      <skipped message="Reason: On CRAN ('test-graph-snaps.R:49:9')"/>
    </testcase>
    <testcase time="0.178999999999974" classname="graph_snaps" name="plot_v3">
      <skipped message="Reason: On CRAN ('test-graph-snaps.R:49:9')"/>
    </testcase>
    <testcase time="0.173000000000002" classname="graph_snaps" name="plot_v4">
      <skipped message="Reason: On CRAN ('test-graph-snaps.R:49:9')"/>
    </testcase>
    <testcase time="0.158999999999992" classname="graph_snaps" name="plot_v5">
      <skipped message="Reason: On CRAN ('test-graph-snaps.R:49:9')"/>
    </testcase>
    <testcase time="0.32000000000005" classname="graph_snaps" name="plot_v6">
      <skipped message="Reason: On CRAN ('test-graph-snaps.R:49:9')"/>
    </testcase>
    <testcase time="0.331999999999994" classname="graph_snaps" name="plot_v7">
      <skipped message="Reason: On CRAN ('test-graph-snaps.R:49:9')"/>
    </testcase>
    <testcase time="0.129999999999995" classname="graph_snaps" name="plot_v8">
      <skipped message="Reason: On CRAN ('test-graph-snaps.R:49:9')"/>
    </testcase>
    <testcase time="0.140999999999963" classname="graph_snaps" name="plot_v9">
      <skipped message="Reason: On CRAN ('test-graph-snaps.R:49:9')"/>
    </testcase>
    <testcase time="0.100999999999999" classname="graph_snaps" name="table_v6">
      <skipped message="Reason: On CRAN ('test-graph-snaps.R:49:9')"/>
    </testcase>
    <testcase time="0.201000000000022" classname="graph_snaps" name="plot_v1_and_v2">
      <skipped message="Reason: On CRAN ('test-graph-snaps.R:49:9')"/>
    </testcase>
    <testcase time="0.197999999999979" classname="graph_snaps" name="plot_v3">
      <skipped message="Reason: On CRAN ('test-graph-snaps.R:49:9')"/>
    </testcase>
    <testcase time="0.225999999999999" classname="graph_snaps" name="plot_v4">
      <skipped message="Reason: On CRAN ('test-graph-snaps.R:49:9')"/>
    </testcase>
    <testcase time="0.201999999999998" classname="graph_snaps" name="plot_v5">
      <skipped message="Reason: On CRAN ('test-graph-snaps.R:49:9')"/>
    </testcase>
    <testcase time="0.182000000000016" classname="graph_snaps" name="_unnamed_">
      <skipped message="Reason: On CRAN ('test-graph-snaps.R:40:9')"/>
    </testcase>
  </testsuite>
  <testsuite name="markdown-snaps" timestamp="2023-11-01T15:35:16Z" hostname="8786a0a86476" tests="251" skipped="251" failures="0" errors="0" time="58.705">
    <testcase time="0.196000000000026" classname="markdown_snaps" name="lsting">
      <skipped message="Reason: On CRAN ('test-markdown-snaps.R:40:7')"/>
    </testcase>
    <testcase time="0.500999999999976" classname="markdown_snaps" name="result_v1">
      <skipped message="Reason: On CRAN ('test-markdown-snaps.R:40:7')"/>
    </testcase>
    <testcase time="0.0819999999999936" classname="markdown_snaps" name="result_v1">
      <skipped message="Reason: On CRAN ('test-markdown-snaps.R:40:7')"/>
    </testcase>
    <testcase time="0.359000000000037" classname="markdown_snaps" name="result_v1">
      <skipped message="Reason: On CRAN ('test-markdown-snaps.R:40:7')"/>
    </testcase>
    <testcase time="0.197999999999979" classname="markdown_snaps" name="result_v1">
      <skipped message="Reason: On CRAN ('test-markdown-snaps.R:40:7')"/>
    </testcase>
    <testcase time="0.170999999999935" classname="markdown_snaps" name="result_v1">
      <skipped message="Reason: On CRAN ('test-markdown-snaps.R:40:7')"/>
    </testcase>
    <testcase time="0.0570000000000164" classname="markdown_snaps" name="lsting">
      <skipped message="Reason: On CRAN ('test-markdown-snaps.R:40:7')"/>
    </testcase>
    <testcase time="0.625999999999976" classname="markdown_snaps" name="result_v1">
      <skipped message="Reason: On CRAN ('test-markdown-snaps.R:40:7')"/>
    </testcase>
    <testcase time="0.08400000000006" classname="markdown_snaps" name="result_v1">
      <skipped message="Reason: On CRAN ('test-markdown-snaps.R:40:7')"/>
    </testcase>
    <testcase time="0.289999999999964" classname="markdown_snaps" name="result_v2">
      <skipped message="Reason: On CRAN ('test-markdown-snaps.R:40:7')"/>
    </testcase>
    <testcase time="1.56900000000007" classname="markdown_snaps" name="result_v1">
      <skipped message="Reason: On CRAN ('test-markdown-snaps.R:40:7')"/>
    </testcase>
    <testcase time="0.134999999999991" classname="markdown_snaps" name="result_v2">
      <skipped message="Reason: On CRAN ('test-markdown-snaps.R:40:7')"/>
    </testcase>
    <testcase time="0.198999999999955" classname="markdown_snaps" name="result_v1">
      <skipped message="Reason: On CRAN ('test-markdown-snaps.R:40:7')"/>
    </testcase>
    <testcase time="0.335000000000036" classname="markdown_snaps" name="result_v1">
      <skipped message="Reason: On CRAN ('test-markdown-snaps.R:40:7')"/>
    </testcase>
    <testcase time="0.0339999999999918" classname="markdown_snaps" name="lsting">
      <skipped message="Reason: On CRAN ('test-markdown-snaps.R:40:7')"/>
    </testcase>
    <testcase time="0.0319999999999254" classname="markdown_snaps" name="lsting">
      <skipped message="Reason: On CRAN ('test-markdown-snaps.R:40:7')"/>
    </testcase>
    <testcase time="0.0570000000000164" classname="markdown_snaps" name="lsting">
      <skipped message="Reason: On CRAN ('test-markdown-snaps.R:40:7')"/>
    </testcase>
    <testcase time="0.0600000000000591" classname="markdown_snaps" name="lsting">
      <skipped message="Reason: On CRAN ('test-markdown-snaps.R:40:7')"/>
    </testcase>
    <testcase time="0.0589999999999691" classname="markdown_snaps" name="lsting">
      <skipped message="Reason: On CRAN ('test-markdown-snaps.R:40:7')"/>
    </testcase>
    <testcase time="0.0430000000000064" classname="markdown_snaps" name="lsting">
      <skipped message="Reason: On CRAN ('test-markdown-snaps.R:40:7')"/>
    </testcase>
    <testcase time="0.136999999999944" classname="markdown_snaps" name="result_v1">
      <skipped message="Reason: On CRAN ('test-markdown-snaps.R:40:7')"/>
    </testcase>
    <testcase time="0.130000000000109" classname="markdown_snaps" name="result_v2">
      <skipped message="Reason: On CRAN ('test-markdown-snaps.R:40:7')"/>
    </testcase>
    <testcase time="0.0999999999999091" classname="markdown_snaps" name="result_v3">
      <skipped message="Reason: On CRAN ('test-markdown-snaps.R:40:7')"/>
    </testcase>
    <testcase time="0.129999999999995" classname="markdown_snaps" name="result_v4">
      <skipped message="Reason: On CRAN ('test-markdown-snaps.R:40:7')"/>
    </testcase>
    <testcase time="0.145000000000095" classname="markdown_snaps" name="result_v1">
      <skipped message="Reason: On CRAN ('test-markdown-snaps.R:40:7')"/>
    </testcase>
    <testcase time="0.162999999999897" classname="markdown_snaps" name="result_v2">
      <skipped message="Reason: On CRAN ('test-markdown-snaps.R:40:7')"/>
    </testcase>
    <testcase time="0.232000000000085" classname="markdown_snaps" name="result_v3">
      <skipped message="Reason: On CRAN ('test-markdown-snaps.R:40:7')"/>
    </testcase>
    <testcase time="0.174999999999955" classname="markdown_snaps" name="result_v4">
      <skipped message="Reason: On CRAN ('test-markdown-snaps.R:40:7')"/>
    </testcase>
    <testcase time="0.418000000000006" classname="markdown_snaps" name="result_v1">
      <skipped message="Reason: On CRAN ('test-markdown-snaps.R:40:7')"/>
    </testcase>
    <testcase time="0.200000000000045" classname="markdown_snaps" name="result_v2">
      <skipped message="Reason: On CRAN ('test-markdown-snaps.R:40:7')"/>
    </testcase>
    <testcase time="0.201999999999998" classname="markdown_snaps" name="result_v3">
      <skipped message="Reason: On CRAN ('test-markdown-snaps.R:40:7')"/>
    </testcase>
    <testcase time="0.301999999999907" classname="markdown_snaps" name="result_v4">
      <skipped message="Reason: On CRAN ('test-markdown-snaps.R:40:7')"/>
    </testcase>
    <testcase time="0.0950000000000273" classname="markdown_snaps" name="result_v5">
      <skipped message="Reason: On CRAN ('test-markdown-snaps.R:40:7')"/>
    </testcase>
    <testcase time="0.180000000000064" classname="markdown_snaps" name="result_v6">
      <skipped message="Reason: On CRAN ('test-markdown-snaps.R:40:7')"/>
    </testcase>
    <testcase time="0.113999999999919" classname="markdown_snaps" name="result_v7">
      <skipped message="Reason: On CRAN ('test-markdown-snaps.R:40:7')"/>
    </testcase>
    <testcase time="0.145000000000095" classname="markdown_snaps" name="result_v8">
      <skipped message="Reason: On CRAN ('test-markdown-snaps.R:40:7')"/>
    </testcase>
    <testcase time="0.115999999999985" classname="markdown_snaps" name="result_v9">
      <skipped message="Reason: On CRAN ('test-markdown-snaps.R:40:7')"/>
    </testcase>
    <testcase time="0.112999999999943" classname="markdown_snaps" name="result_v10">
      <skipped message="Reason: On CRAN ('test-markdown-snaps.R:40:7')"/>
    </testcase>
    <testcase time="0.0860000000000127" classname="markdown_snaps" name="result_v11">
      <skipped message="Reason: On CRAN ('test-markdown-snaps.R:40:7')"/>
    </testcase>
    <testcase time="0.114000000000033" classname="markdown_snaps" name="result_v12">
      <skipped message="Reason: On CRAN ('test-markdown-snaps.R:40:7')"/>
    </testcase>
    <testcase time="0.0849999999999227" classname="markdown_snaps" name="result_v13">
      <skipped message="Reason: On CRAN ('test-markdown-snaps.R:40:7')"/>
    </testcase>
    <testcase time="0.0890000000000555" classname="markdown_snaps" name="result_v1">
      <skipped message="Reason: On CRAN ('test-markdown-snaps.R:40:7')"/>
    </testcase>
    <testcase time="0.102999999999952" classname="markdown_snaps" name="result_v2">
      <skipped message="Reason: On CRAN ('test-markdown-snaps.R:40:7')"/>
    </testcase>
    <testcase time="0.397000000000048" classname="markdown_snaps" name="result_v1">
      <skipped message="Reason: On CRAN ('test-markdown-snaps.R:40:7')"/>
    </testcase>
    <testcase time="1.02300000000002" classname="markdown_snaps" name="result_v1">
      <skipped message="Reason: On CRAN ('test-markdown-snaps.R:40:7')"/>
    </testcase>
    <testcase time="0.439999999999941" classname="markdown_snaps" name="result_v2">
      <skipped message="Reason: On CRAN ('test-markdown-snaps.R:40:7')"/>
    </testcase>
    <testcase time="0.77800000000002" classname="markdown_snaps" name="result_v3">
      <skipped message="Reason: On CRAN ('test-markdown-snaps.R:40:7')"/>
    </testcase>
    <testcase time="0.41700000000003" classname="markdown_snaps" name="result_v4">
      <skipped message="Reason: On CRAN ('test-markdown-snaps.R:40:7')"/>
    </testcase>
    <testcase time="0.394999999999982" classname="markdown_snaps" name="result_v6">
      <skipped message="Reason: On CRAN ('test-markdown-snaps.R:40:7')"/>
    </testcase>
    <testcase time="0.402000000000044" classname="markdown_snaps" name="result_v8">
      <skipped message="Reason: On CRAN ('test-markdown-snaps.R:40:7')"/>
    </testcase>
    <testcase time="0.404999999999973" classname="markdown_snaps" name="result_v9">
      <skipped message="Reason: On CRAN ('test-markdown-snaps.R:40:7')"/>
    </testcase>
    <testcase time="0.399999999999977" classname="markdown_snaps" name="result_v11">
      <skipped message="Reason: On CRAN ('test-markdown-snaps.R:40:7')"/>
    </testcase>
    <testcase time="0.869000000000028" classname="markdown_snaps" name="result_v1">
      <skipped message="Reason: On CRAN ('test-markdown-snaps.R:40:7')"/>
    </testcase>
    <testcase time="0.11099999999999" classname="markdown_snaps" name="result_v2">
      <skipped message="Reason: On CRAN ('test-markdown-snaps.R:40:7')"/>
    </testcase>
    <testcase time="0.112999999999943" classname="markdown_snaps" name="result_v3">
      <skipped message="Reason: On CRAN ('test-markdown-snaps.R:40:7')"/>
    </testcase>
    <testcase time="0.0819999999999936" classname="markdown_snaps" name="result_v4">
      <skipped message="Reason: On CRAN ('test-markdown-snaps.R:40:7')"/>
    </testcase>
    <testcase time="0.145000000000095" classname="markdown_snaps" name="result_v5">
      <skipped message="Reason: On CRAN ('test-markdown-snaps.R:40:7')"/>
    </testcase>
    <testcase time="0.134999999999991" classname="markdown_snaps" name="result_v6">
      <skipped message="Reason: On CRAN ('test-markdown-snaps.R:40:7')"/>
    </testcase>
    <testcase time="0.127999999999929" classname="markdown_snaps" name="result_v7">
      <skipped message="Reason: On CRAN ('test-markdown-snaps.R:40:7')"/>
    </testcase>
    <testcase time="0.141000000000076" classname="markdown_snaps" name="result_v8">
      <skipped message="Reason: On CRAN ('test-markdown-snaps.R:40:7')"/>
    </testcase>
    <testcase time="0.0599999999999454" classname="markdown_snaps" name="result_v1">
      <skipped message="Reason: On CRAN ('test-markdown-snaps.R:40:7')"/>
    </testcase>
    <testcase time="0.0589999999999691" classname="markdown_snaps" name="result_v2">
      <skipped message="Reason: On CRAN ('test-markdown-snaps.R:40:7')"/>
    </testcase>
    <testcase time="0.0610000000000355" classname="markdown_snaps" name="result_v1">
      <skipped message="Reason: On CRAN ('test-markdown-snaps.R:40:7')"/>
    </testcase>
    <testcase time="0.0620000000000118" classname="markdown_snaps" name="result_v2">
      <skipped message="Reason: On CRAN ('test-markdown-snaps.R:40:7')"/>
    </testcase>
    <testcase time="0.643000000000029" classname="markdown_snaps" name="result_v1">
      <skipped message="Reason: On CRAN ('test-markdown-snaps.R:40:7')"/>
    </testcase>
    <testcase time="0.289999999999964" classname="markdown_snaps" name="result_v2">
      <skipped message="Reason: On CRAN ('test-markdown-snaps.R:40:7')"/>
    </testcase>
    <testcase time="0.347999999999956" classname="markdown_snaps" name="result_v3">
      <skipped message="Reason: On CRAN ('test-markdown-snaps.R:40:7')"/>
    </testcase>
    <testcase time="0.248000000000047" classname="markdown_snaps" name="result_v4">
      <skipped message="Reason: On CRAN ('test-markdown-snaps.R:40:7')"/>
    </testcase>
    <testcase time="0.389999999999986" classname="markdown_snaps" name="result_v5">
      <skipped message="Reason: On CRAN ('test-markdown-snaps.R:40:7')"/>
    </testcase>
    <testcase time="0.15300000000002" classname="markdown_snaps" name="result_v1">
      <skipped message="Reason: On CRAN ('test-markdown-snaps.R:40:7')"/>
    </testcase>
    <testcase time="0.136999999999944" classname="markdown_snaps" name="result_v2">
      <skipped message="Reason: On CRAN ('test-markdown-snaps.R:40:7')"/>
    </testcase>
    <testcase time="0.0940000000000509" classname="markdown_snaps" name="result_v3">
      <skipped message="Reason: On CRAN ('test-markdown-snaps.R:40:7')"/>
    </testcase>
    <testcase time="0.0579999999999927" classname="markdown_snaps" name="result_v1">
      <skipped message="Reason: On CRAN ('test-markdown-snaps.R:40:7')"/>
    </testcase>
    <testcase time="0.0629999999999882" classname="markdown_snaps" name="result_v2">
      <skipped message="Reason: On CRAN ('test-markdown-snaps.R:40:7')"/>
    </testcase>
    <testcase time="0.173999999999978" classname="markdown_snaps" name="result_v1">
      <skipped message="Reason: On CRAN ('test-markdown-snaps.R:40:7')"/>
    </testcase>
    <testcase time="0.208000000000084" classname="markdown_snaps" name="result_v2">
      <skipped message="Reason: On CRAN ('test-markdown-snaps.R:40:7')"/>
    </testcase>
    <testcase time="0.0759999999999081" classname="markdown_snaps" name="result_v1">
      <skipped message="Reason: On CRAN ('test-markdown-snaps.R:40:7')"/>
    </testcase>
    <testcase time="0.0920000000000982" classname="markdown_snaps" name="result_v2">
      <skipped message="Reason: On CRAN ('test-markdown-snaps.R:40:7')"/>
    </testcase>
    <testcase time="0.133999999999901" classname="markdown_snaps" name="result_v1">
      <skipped message="Reason: On CRAN ('test-markdown-snaps.R:40:7')"/>
    </testcase>
    <testcase time="0.0900000000000318" classname="markdown_snaps" name="result_v2">
      <skipped message="Reason: On CRAN ('test-markdown-snaps.R:40:7')"/>
    </testcase>
    <testcase time="0.0629999999999882" classname="markdown_snaps" name="lsting">
      <skipped message="Reason: On CRAN ('test-markdown-snaps.R:40:7')"/>
    </testcase>
    <testcase time="0.0330000000000155" classname="markdown_snaps" name="lsting">
      <skipped message="Reason: On CRAN ('test-markdown-snaps.R:40:7')"/>
    </testcase>
    <testcase time="0.0380000000000109" classname="markdown_snaps" name="lsting">
      <skipped message="Reason: On CRAN ('test-markdown-snaps.R:40:7')"/>
    </testcase>
    <testcase time="0.149999999999977" classname="markdown_snaps" name="result_v1">
      <skipped message="Reason: On CRAN ('test-markdown-snaps.R:40:7')"/>
    </testcase>
    <testcase time="0.0900000000000318" classname="markdown_snaps" name="result_v2">
      <skipped message="Reason: On CRAN ('test-markdown-snaps.R:40:7')"/>
    </testcase>
    <testcase time="0.100999999999999" classname="markdown_snaps" name="result_v3">
      <skipped message="Reason: On CRAN ('test-markdown-snaps.R:40:7')"/>
    </testcase>
    <testcase time="0.130999999999972" classname="markdown_snaps" name="result_v4">
      <skipped message="Reason: On CRAN ('test-markdown-snaps.R:40:7')"/>
    </testcase>
    <testcase time="0.264999999999986" classname="markdown_snaps" name="result_v1">
      <skipped message="Reason: On CRAN ('test-markdown-snaps.R:40:7')"/>
    </testcase>
    <testcase time="0.198000000000093" classname="markdown_snaps" name="result_v2">
      <skipped message="Reason: On CRAN ('test-markdown-snaps.R:40:7')"/>
    </testcase>
    <testcase time="0.203999999999951" classname="markdown_snaps" name="result_v3">
      <skipped message="Reason: On CRAN ('test-markdown-snaps.R:40:7')"/>
    </testcase>
    <testcase time="0.173000000000002" classname="markdown_snaps" name="result_v4">
      <skipped message="Reason: On CRAN ('test-markdown-snaps.R:40:7')"/>
    </testcase>
    <testcase time="0.400999999999954" classname="markdown_snaps" name="result_v1">
      <skipped message="Reason: On CRAN ('test-markdown-snaps.R:40:7')"/>
    </testcase>
    <testcase time="0.240999999999985" classname="markdown_snaps" name="result_v2">
      <skipped message="Reason: On CRAN ('test-markdown-snaps.R:40:7')"/>
    </testcase>
    <testcase time="0.337000000000103" classname="markdown_snaps" name="result_v4">
      <skipped message="Reason: On CRAN ('test-markdown-snaps.R:40:7')"/>
    </testcase>
    <testcase time="0.0919999999999845" classname="markdown_snaps" name="result_v1">
      <skipped message="Reason: On CRAN ('test-markdown-snaps.R:40:7')"/>
    </testcase>
    <testcase time="0.233999999999924" classname="markdown_snaps" name="result_v1">
      <skipped message="Reason: On CRAN ('test-markdown-snaps.R:40:7')"/>
    </testcase>
    <testcase time="0.463000000000079" classname="markdown_snaps" name="result_v2">
      <skipped message="Reason: On CRAN ('test-markdown-snaps.R:40:7')"/>
    </testcase>
    <testcase time="0.0819999999999936" classname="markdown_snaps" name="result_v3">
      <skipped message="Reason: On CRAN ('test-markdown-snaps.R:40:7')"/>
    </testcase>
    <testcase time="0.0989999999999327" classname="markdown_snaps" name="result_v4">
      <skipped message="Reason: On CRAN ('test-markdown-snaps.R:40:7')"/>
    </testcase>
    <testcase time="0.235000000000014" classname="markdown_snaps" name="result_v1">
      <skipped message="Reason: On CRAN ('test-markdown-snaps.R:40:7')"/>
    </testcase>
    <testcase time="0.182999999999993" classname="markdown_snaps" name="result_v2">
      <skipped message="Reason: On CRAN ('test-markdown-snaps.R:40:7')"/>
    </testcase>
    <testcase time="0.16700000000003" classname="markdown_snaps" name="result_v3">
      <skipped message="Reason: On CRAN ('test-markdown-snaps.R:40:7')"/>
    </testcase>
    <testcase time="0.145999999999958" classname="markdown_snaps" name="result_v4">
      <skipped message="Reason: On CRAN ('test-markdown-snaps.R:40:7')"/>
    </testcase>
    <testcase time="0.129999999999995" classname="markdown_snaps" name="result_v5">
      <skipped message="Reason: On CRAN ('test-markdown-snaps.R:40:7')"/>
    </testcase>
    <testcase time="0.04200000000003" classname="markdown_snaps" name="lsting">
      <skipped message="Reason: On CRAN ('test-markdown-snaps.R:40:7')"/>
    </testcase>
    <testcase time="0.173000000000002" classname="markdown_snaps" name="result_v1">
      <skipped message="Reason: On CRAN ('test-markdown-snaps.R:40:7')"/>
    </testcase>
    <testcase time="0.169999999999959" classname="markdown_snaps" name="result_v2">
      <skipped message="Reason: On CRAN ('test-markdown-snaps.R:40:7')"/>
    </testcase>
    <testcase time="0.0910000000000082" classname="markdown_snaps" name="result_v3">
      <skipped message="Reason: On CRAN ('test-markdown-snaps.R:40:7')"/>
    </testcase>
    <testcase time="0.114000000000033" classname="markdown_snaps" name="result_v4">
      <skipped message="Reason: On CRAN ('test-markdown-snaps.R:40:7')"/>
    </testcase>
    <testcase time="0.09699999999998" classname="markdown_snaps" name="result_v5">
      <skipped message="Reason: On CRAN ('test-markdown-snaps.R:40:7')"/>
    </testcase>
    <testcase time="0.0500000000000682" classname="markdown_snaps" name="result_v6">
      <skipped message="Reason: On CRAN ('test-markdown-snaps.R:40:7')"/>
    </testcase>
    <testcase time="0.146999999999935" classname="markdown_snaps" name="result_v1">
      <skipped message="Reason: On CRAN ('test-markdown-snaps.R:40:7')"/>
    </testcase>
    <testcase time="0.0960000000000036" classname="markdown_snaps" name="result_v1">
      <skipped message="Reason: On CRAN ('test-markdown-snaps.R:40:7')"/>
    </testcase>
    <testcase time="0.0410000000000537" classname="markdown_snaps" name="lsting">
      <skipped message="Reason: On CRAN ('test-markdown-snaps.R:40:7')"/>
    </testcase>
    <testcase time="0.0439999999999827" classname="markdown_snaps" name="lsting">
      <skipped message="Reason: On CRAN ('test-markdown-snaps.R:40:7')"/>
    </testcase>
    <testcase time="0.200000000000045" classname="markdown_snaps" name="result_v1">
      <skipped message="Reason: On CRAN ('test-markdown-snaps.R:40:7')"/>
    </testcase>
    <testcase time="0.0989999999999327" classname="markdown_snaps" name="result_v2">
      <skipped message="Reason: On CRAN ('test-markdown-snaps.R:40:7')"/>
    </testcase>
    <testcase time="0.113000000000056" classname="markdown_snaps" name="result_v3">
      <skipped message="Reason: On CRAN ('test-markdown-snaps.R:40:7')"/>
    </testcase>
    <testcase time="0.164999999999964" classname="markdown_snaps" name="result_v1">
      <skipped message="Reason: On CRAN ('test-markdown-snaps.R:40:7')"/>
    </testcase>
    <testcase time="0.08400000000006" classname="markdown_snaps" name="result_v1">
      <skipped message="Reason: On CRAN ('test-markdown-snaps.R:40:7')"/>
    </testcase>
    <testcase time="0.740000000000009" classname="markdown_snaps" name="result_v1">
      <skipped message="Reason: On CRAN ('test-markdown-snaps.R:40:7')"/>
    </testcase>
    <testcase time="0.191999999999894" classname="markdown_snaps" name="result_v1">
      <skipped message="Reason: On CRAN ('test-markdown-snaps.R:40:7')"/>
    </testcase>
    <testcase time="1.21400000000006" classname="markdown_snaps" name="result_v1">
      <skipped message="Reason: On CRAN ('test-markdown-snaps.R:40:7')"/>
    </testcase>
    <testcase time="0.249000000000024" classname="markdown_snaps" name="result_v1">
      <skipped message="Reason: On CRAN ('test-markdown-snaps.R:40:7')"/>
    </testcase>
    <testcase time="2.43299999999999" classname="markdown_snaps" name="result_v1">
      <skipped message="Reason: On CRAN ('test-markdown-snaps.R:40:7')"/>
    </testcase>
    <testcase time="0.309999999999945" classname="markdown_snaps" name="result_v2">
      <skipped message="Reason: On CRAN ('test-markdown-snaps.R:40:7')"/>
    </testcase>
    <testcase time="0.172000000000025" classname="markdown_snaps" name="result_v1">
      <skipped message="Reason: On CRAN ('test-markdown-snaps.R:40:7')"/>
    </testcase>
    <testcase time="0.106999999999971" classname="markdown_snaps" name="result_v2">
      <skipped message="Reason: On CRAN ('test-markdown-snaps.R:40:7')"/>
    </testcase>
    <testcase time="0.0890000000000555" classname="markdown_snaps" name="result_v3">
      <skipped message="Reason: On CRAN ('test-markdown-snaps.R:40:7')"/>
    </testcase>
    <testcase time="0.0939999999999372" classname="markdown_snaps" name="result_v4">
      <skipped message="Reason: On CRAN ('test-markdown-snaps.R:40:7')"/>
    </testcase>
    <testcase time="0.0900000000000318" classname="markdown_snaps" name="result_v1">
      <skipped message="Reason: On CRAN ('test-markdown-snaps.R:40:7')"/>
    </testcase>
    <testcase time="0.07000000000005" classname="markdown_snaps" name="result_v2">
      <skipped message="Reason: On CRAN ('test-markdown-snaps.R:40:7')"/>
    </testcase>
    <testcase time="1.13199999999995" classname="markdown_snaps" name="result_v1">
      <skipped message="Reason: On CRAN ('test-markdown-snaps.R:40:7')"/>
    </testcase>
    <testcase time="0.106999999999971" classname="markdown_snaps" name="result_v2">
      <skipped message="Reason: On CRAN ('test-markdown-snaps.R:40:7')"/>
    </testcase>
    <testcase time="0.111000000000104" classname="markdown_snaps" name="result_v3">
      <skipped message="Reason: On CRAN ('test-markdown-snaps.R:40:7')"/>
    </testcase>
    <testcase time="0.11099999999999" classname="markdown_snaps" name="result_v4">
      <skipped message="Reason: On CRAN ('test-markdown-snaps.R:40:7')"/>
    </testcase>
    <testcase time="0.231999999999971" classname="markdown_snaps" name="result_v1">
      <skipped message="Reason: On CRAN ('test-markdown-snaps.R:40:7')"/>
    </testcase>
    <testcase time="0.16599999999994" classname="markdown_snaps" name="result_v2">
      <skipped message="Reason: On CRAN ('test-markdown-snaps.R:40:7')"/>
    </testcase>
    <testcase time="0.13900000000001" classname="markdown_snaps" name="result_v3">
      <skipped message="Reason: On CRAN ('test-markdown-snaps.R:40:7')"/>
    </testcase>
    <testcase time="0.173000000000002" classname="markdown_snaps" name="result_v4">
      <skipped message="Reason: On CRAN ('test-markdown-snaps.R:40:7')"/>
    </testcase>
    <testcase time="0.0470000000000255" classname="markdown_snaps" name="lsting">
      <skipped message="Reason: On CRAN ('test-markdown-snaps.R:40:7')"/>
    </testcase>
    <testcase time="0.233000000000061" classname="markdown_snaps" name="result_v1">
      <skipped message="Reason: On CRAN ('test-markdown-snaps.R:40:7')"/>
    </testcase>
    <testcase time="0.112999999999943" classname="markdown_snaps" name="result_v2">
      <skipped message="Reason: On CRAN ('test-markdown-snaps.R:40:7')"/>
    </testcase>
    <testcase time="0.111999999999966" classname="markdown_snaps" name="result_v3">
      <skipped message="Reason: On CRAN ('test-markdown-snaps.R:40:7')"/>
    </testcase>
    <testcase time="0.119000000000028" classname="markdown_snaps" name="result_v4">
      <skipped message="Reason: On CRAN ('test-markdown-snaps.R:40:7')"/>
    </testcase>
    <testcase time="0.245000000000005" classname="markdown_snaps" name="result_v1">
      <skipped message="Reason: On CRAN ('test-markdown-snaps.R:40:7')"/>
    </testcase>
    <testcase time="0.135999999999967" classname="markdown_snaps" name="result_v1">
      <skipped message="Reason: On CRAN ('test-markdown-snaps.R:40:7')"/>
    </testcase>
    <testcase time="0.559000000000083" classname="markdown_snaps" name="result_v1">
      <skipped message="Reason: On CRAN ('test-markdown-snaps.R:40:7')"/>
    </testcase>
    <testcase time="0.111999999999966" classname="markdown_snaps" name="result_v2">
      <skipped message="Reason: On CRAN ('test-markdown-snaps.R:40:7')"/>
    </testcase>
    <testcase time="0.116999999999962" classname="markdown_snaps" name="result_v3">
      <skipped message="Reason: On CRAN ('test-markdown-snaps.R:40:7')"/>
    </testcase>
    <testcase time="0.13900000000001" classname="markdown_snaps" name="result_v4">
      <skipped message="Reason: On CRAN ('test-markdown-snaps.R:40:7')"/>
    </testcase>
    <testcase time="0.115999999999985" classname="markdown_snaps" name="result_v5">
      <skipped message="Reason: On CRAN ('test-markdown-snaps.R:40:7')"/>
    </testcase>
    <testcase time="0.0990000000000464" classname="markdown_snaps" name="result_v6">
      <skipped message="Reason: On CRAN ('test-markdown-snaps.R:40:7')"/>
    </testcase>
    <testcase time="1.60299999999995" classname="markdown_snaps" name="result_v1">
      <skipped message="Reason: On CRAN ('test-markdown-snaps.R:40:7')"/>
    </testcase>
    <testcase time="0.117000000000075" classname="markdown_snaps" name="result_v2">
      <skipped message="Reason: On CRAN ('test-markdown-snaps.R:40:7')"/>
    </testcase>
    <testcase time="0.214999999999918" classname="markdown_snaps" name="result_v3">
      <skipped message="Reason: On CRAN ('test-markdown-snaps.R:40:7')"/>
    </testcase>
    <testcase time="0.136000000000081" classname="markdown_snaps" name="result_v4">
      <skipped message="Reason: On CRAN ('test-markdown-snaps.R:40:7')"/>
    </testcase>
    <testcase time="0.12399999999991" classname="markdown_snaps" name="result_v5">
      <skipped message="Reason: On CRAN ('test-markdown-snaps.R:40:7')"/>
    </testcase>
    <testcase time="0.134999999999991" classname="markdown_snaps" name="result_v6">
      <skipped message="Reason: On CRAN ('test-markdown-snaps.R:40:7')"/>
    </testcase>
    <testcase time="0.053000000000111" classname="markdown_snaps" name="lsting">
      <skipped message="Reason: On CRAN ('test-markdown-snaps.R:40:7')"/>
    </testcase>
    <testcase time="0.241999999999962" classname="markdown_snaps" name="result_v1">
      <skipped message="Reason: On CRAN ('test-markdown-snaps.R:40:7')"/>
    </testcase>
    <testcase time="0.217999999999961" classname="markdown_snaps" name="result_v2">
      <skipped message="Reason: On CRAN ('test-markdown-snaps.R:40:7')"/>
    </testcase>
    <testcase time="0.259999999999991" classname="markdown_snaps" name="result_v3">
      <skipped message="Reason: On CRAN ('test-markdown-snaps.R:40:7')"/>
    </testcase>
    <testcase time="0.0520000000000209" classname="markdown_snaps" name="lsting">
      <skipped message="Reason: On CRAN ('test-markdown-snaps.R:40:7')"/>
    </testcase>
    <testcase time="0.0480000000000018" classname="markdown_snaps" name="lsting">
      <skipped message="Reason: On CRAN ('test-markdown-snaps.R:40:7')"/>
    </testcase>
    <testcase time="0.0510000000000446" classname="markdown_snaps" name="lsting">
      <skipped message="Reason: On CRAN ('test-markdown-snaps.R:40:7')"/>
    </testcase>
    <testcase time="0.0670000000000073" classname="markdown_snaps" name="lsting">
      <skipped message="Reason: On CRAN ('test-markdown-snaps.R:40:7')"/>
    </testcase>
    <testcase time="0.0589999999999691" classname="markdown_snaps" name="lsting">
      <skipped message="Reason: On CRAN ('test-markdown-snaps.R:40:7')"/>
    </testcase>
    <testcase time="0.250999999999976" classname="markdown_snaps" name="result_v1">
      <skipped message="Reason: On CRAN ('test-markdown-snaps.R:40:7')"/>
    </testcase>
    <testcase time="0.183999999999969" classname="markdown_snaps" name="result_v1">
      <skipped message="Reason: On CRAN ('test-markdown-snaps.R:40:7')"/>
    </testcase>
    <testcase time="0.184000000000083" classname="markdown_snaps" name="result_v1">
      <skipped message="Reason: On CRAN ('test-markdown-snaps.R:40:7')"/>
    </testcase>
    <testcase time="0.153999999999996" classname="markdown_snaps" name="result_v2">
      <skipped message="Reason: On CRAN ('test-markdown-snaps.R:40:7')"/>
    </testcase>
    <testcase time="0.0839999999999463" classname="markdown_snaps" name="result_v1">
      <skipped message="Reason: On CRAN ('test-markdown-snaps.R:40:7')"/>
    </testcase>
    <testcase time="0.178999999999974" classname="markdown_snaps" name="result_v1">
      <skipped message="Reason: On CRAN ('test-markdown-snaps.R:40:7')"/>
    </testcase>
    <testcase time="0.15300000000002" classname="markdown_snaps" name="result_v2">
      <skipped message="Reason: On CRAN ('test-markdown-snaps.R:40:7')"/>
    </testcase>
    <testcase time="0.124000000000024" classname="markdown_snaps" name="result_v4">
      <skipped message="Reason: On CRAN ('test-markdown-snaps.R:40:7')"/>
    </testcase>
    <testcase time="0.278999999999996" classname="markdown_snaps" name="result_v1">
      <skipped message="Reason: On CRAN ('test-markdown-snaps.R:40:7')"/>
    </testcase>
    <testcase time="0.54200000000003" classname="markdown_snaps" name="result_v2">
      <skipped message="Reason: On CRAN ('test-markdown-snaps.R:40:7')"/>
    </testcase>
    <testcase time="0.182000000000016" classname="markdown_snaps" name="result_v1">
      <skipped message="Reason: On CRAN ('test-markdown-snaps.R:40:7')"/>
    </testcase>
    <testcase time="0.173000000000002" classname="markdown_snaps" name="result_v1">
      <skipped message="Reason: On CRAN ('test-markdown-snaps.R:40:7')"/>
    </testcase>
    <testcase time="0.394999999999982" classname="markdown_snaps" name="result_v1">
      <skipped message="Reason: On CRAN ('test-markdown-snaps.R:40:7')"/>
    </testcase>
    <testcase time="0.212999999999965" classname="markdown_snaps" name="result_v2">
      <skipped message="Reason: On CRAN ('test-markdown-snaps.R:40:7')"/>
    </testcase>
    <testcase time="0.08299999999997" classname="markdown_snaps" name="result_v1">
      <skipped message="Reason: On CRAN ('test-markdown-snaps.R:40:7')"/>
    </testcase>
    <testcase time="0.0650000000000546" classname="markdown_snaps" name="result_v2">
      <skipped message="Reason: On CRAN ('test-markdown-snaps.R:40:7')"/>
    </testcase>
    <testcase time="0.0839999999999463" classname="markdown_snaps" name="result_v1">
      <skipped message="Reason: On CRAN ('test-markdown-snaps.R:40:7')"/>
    </testcase>
    <testcase time="0.0579999999999927" classname="markdown_snaps" name="result_v2">
      <skipped message="Reason: On CRAN ('test-markdown-snaps.R:40:7')"/>
    </testcase>
    <testcase time="0.403999999999996" classname="markdown_snaps" name="result_v1">
      <skipped message="Reason: On CRAN ('test-markdown-snaps.R:40:7')"/>
    </testcase>
    <testcase time="0.0750000000000455" classname="markdown_snaps" name="result_v2">
      <skipped message="Reason: On CRAN ('test-markdown-snaps.R:40:7')"/>
    </testcase>
    <testcase time="0.163000000000011" classname="markdown_snaps" name="result_v3">
      <skipped message="Reason: On CRAN ('test-markdown-snaps.R:40:7')"/>
    </testcase>
    <testcase time="0.400999999999954" classname="markdown_snaps" name="result_v1">
      <skipped message="Reason: On CRAN ('test-markdown-snaps.R:40:7')"/>
    </testcase>
    <testcase time="0.0790000000000646" classname="markdown_snaps" name="result_v2">
      <skipped message="Reason: On CRAN ('test-markdown-snaps.R:40:7')"/>
    </testcase>
    <testcase time="0.105999999999995" classname="markdown_snaps" name="result_v3">
      <skipped message="Reason: On CRAN ('test-markdown-snaps.R:40:7')"/>
    </testcase>
    <testcase time="0.119000000000028" classname="markdown_snaps" name="result_v1">
      <skipped message="Reason: On CRAN ('test-markdown-snaps.R:40:7')"/>
    </testcase>
    <testcase time="0.125999999999976" classname="markdown_snaps" name="result_v1">
      <skipped message="Reason: On CRAN ('test-markdown-snaps.R:40:7')"/>
    </testcase>
    <testcase time="0.879000000000019" classname="markdown_snaps" name="result_v1">
      <skipped message="Reason: On CRAN ('test-markdown-snaps.R:40:7')"/>
    </testcase>
    <testcase time="0.566000000000031" classname="markdown_snaps" name="result_v2">
      <skipped message="Reason: On CRAN ('test-markdown-snaps.R:40:7')"/>
    </testcase>
    <testcase time="0.551999999999907" classname="markdown_snaps" name="result_v3">
      <skipped message="Reason: On CRAN ('test-markdown-snaps.R:40:7')"/>
    </testcase>
    <testcase time="0.557000000000016" classname="markdown_snaps" name="result_v4">
      <skipped message="Reason: On CRAN ('test-markdown-snaps.R:40:7')"/>
    </testcase>
    <testcase time="1.05100000000004" classname="markdown_snaps" name="result_v5">
      <skipped message="Reason: On CRAN ('test-markdown-snaps.R:40:7')"/>
    </testcase>
    <testcase time="0.458999999999946" classname="markdown_snaps" name="result_v1">
      <skipped message="Reason: On CRAN ('test-markdown-snaps.R:40:7')"/>
    </testcase>
    <testcase time="0.314000000000078" classname="markdown_snaps" name="result_v2">
      <skipped message="Reason: On CRAN ('test-markdown-snaps.R:40:7')"/>
    </testcase>
    <testcase time="0.312999999999988" classname="markdown_snaps" name="result_v3">
      <skipped message="Reason: On CRAN ('test-markdown-snaps.R:40:7')"/>
    </testcase>
    <testcase time="0.312000000000012" classname="markdown_snaps" name="result_v4">
      <skipped message="Reason: On CRAN ('test-markdown-snaps.R:40:7')"/>
    </testcase>
    <testcase time="0.630999999999972" classname="markdown_snaps" name="result_v5">
      <skipped message="Reason: On CRAN ('test-markdown-snaps.R:40:7')"/>
    </testcase>
    <testcase time="0.125" classname="markdown_snaps" name="result_v1">
      <skipped message="Reason: On CRAN ('test-markdown-snaps.R:40:7')"/>
    </testcase>
    <testcase time="0.09699999999998" classname="markdown_snaps" name="result_v2">
      <skipped message="Reason: On CRAN ('test-markdown-snaps.R:40:7')"/>
    </testcase>
    <testcase time="0.0579999999999927" classname="markdown_snaps" name="lsting">
      <skipped message="Reason: On CRAN ('test-markdown-snaps.R:40:7')"/>
    </testcase>
    <testcase time="0.188999999999965" classname="markdown_snaps" name="result_v1">
      <skipped message="Reason: On CRAN ('test-markdown-snaps.R:40:7')"/>
    </testcase>
    <testcase time="0.0690000000000737" classname="markdown_snaps" name="result_v2">
      <skipped message="Reason: On CRAN ('test-markdown-snaps.R:40:7')"/>
    </testcase>
    <testcase time="0.132999999999925" classname="markdown_snaps" name="result_v3">
      <skipped message="Reason: On CRAN ('test-markdown-snaps.R:40:7')"/>
    </testcase>
    <testcase time="0.158000000000015" classname="markdown_snaps" name="result_v4">
      <skipped message="Reason: On CRAN ('test-markdown-snaps.R:40:7')"/>
    </testcase>
    <testcase time="0.104000000000042" classname="markdown_snaps" name="lsting">
      <skipped message="Reason: On CRAN ('test-markdown-snaps.R:40:7')"/>
    </testcase>
    <testcase time="0.0510000000000446" classname="markdown_snaps" name="lsting">
      <skipped message="Reason: On CRAN ('test-markdown-snaps.R:40:7')"/>
    </testcase>
    <testcase time="0.590999999999894" classname="markdown_snaps" name="result_v1">
      <skipped message="Reason: On CRAN ('test-markdown-snaps.R:40:7')"/>
    </testcase>
    <testcase time="0.179000000000087" classname="markdown_snaps" name="result_v2">
      <skipped message="Reason: On CRAN ('test-markdown-snaps.R:40:7')"/>
    </testcase>
    <testcase time="0.201999999999998" classname="markdown_snaps" name="result_v3">
      <skipped message="Reason: On CRAN ('test-markdown-snaps.R:40:7')"/>
    </testcase>
    <testcase time="0.0489999999999782" classname="markdown_snaps" name="lsting">
      <skipped message="Reason: On CRAN ('test-markdown-snaps.R:40:7')"/>
    </testcase>
    <testcase time="0.0470000000000255" classname="markdown_snaps" name="lsting">
      <skipped message="Reason: On CRAN ('test-markdown-snaps.R:40:7')"/>
    </testcase>
    <testcase time="0.0480000000000018" classname="markdown_snaps" name="lsting">
      <skipped message="Reason: On CRAN ('test-markdown-snaps.R:40:7')"/>
    </testcase>
    <testcase time="0.158999999999992" classname="markdown_snaps" name="result_v1">
      <skipped message="Reason: On CRAN ('test-markdown-snaps.R:40:7')"/>
    </testcase>
    <testcase time="0.121999999999957" classname="markdown_snaps" name="result_v2">
      <skipped message="Reason: On CRAN ('test-markdown-snaps.R:40:7')"/>
    </testcase>
    <testcase time="2.41499999999996" classname="markdown_snaps" name="result_v1">
      <skipped message="Reason: On CRAN ('test-markdown-snaps.R:40:7')"/>
    </testcase>
    <testcase time="0.213000000000079" classname="markdown_snaps" name="result_v2">
      <skipped message="Reason: On CRAN ('test-markdown-snaps.R:40:7')"/>
    </testcase>
    <testcase time="0.166999999999916" classname="markdown_snaps" name="result_v3">
      <skipped message="Reason: On CRAN ('test-markdown-snaps.R:40:7')"/>
    </testcase>
    <testcase time="0.192000000000007" classname="markdown_snaps" name="result_v1">
      <skipped message="Reason: On CRAN ('test-markdown-snaps.R:40:7')"/>
    </testcase>
    <testcase time="0.132000000000062" classname="markdown_snaps" name="result_v2">
      <skipped message="Reason: On CRAN ('test-markdown-snaps.R:40:7')"/>
    </testcase>
    <testcase time="0.22199999999998" classname="markdown_snaps" name="result_v1">
      <skipped message="Reason: On CRAN ('test-markdown-snaps.R:40:7')"/>
    </testcase>
    <testcase time="0.0919999999999845" classname="markdown_snaps" name="result_v2">
      <skipped message="Reason: On CRAN ('test-markdown-snaps.R:40:7')"/>
    </testcase>
    <testcase time="0.0790000000000646" classname="markdown_snaps" name="result_v1">
      <skipped message="Reason: On CRAN ('test-markdown-snaps.R:40:7')"/>
    </testcase>
    <testcase time="0.0619999999998981" classname="markdown_snaps" name="result_v2">
      <skipped message="Reason: On CRAN ('test-markdown-snaps.R:40:7')"/>
    </testcase>
    <testcase time="0.100000000000023" classname="markdown_snaps" name="result_v1">
      <skipped message="Reason: On CRAN ('test-markdown-snaps.R:40:7')"/>
    </testcase>
    <testcase time="0.07000000000005" classname="markdown_snaps" name="result_v2">
      <skipped message="Reason: On CRAN ('test-markdown-snaps.R:40:7')"/>
    </testcase>
    <testcase time="0.381999999999948" classname="markdown_snaps" name="result_v1">
      <skipped message="Reason: On CRAN ('test-markdown-snaps.R:40:7')"/>
    </testcase>
    <testcase time="0.0670000000000073" classname="markdown_snaps" name="result_v1">
      <skipped message="Reason: On CRAN ('test-markdown-snaps.R:40:7')"/>
    </testcase>
    <testcase time="0.0570000000000164" classname="markdown_snaps" name="result_v1">
      <skipped message="Reason: On CRAN ('test-markdown-snaps.R:40:7')"/>
    </testcase>
    <testcase time="0.11099999999999" classname="markdown_snaps" name="result_v1">
      <skipped message="Reason: On CRAN ('test-markdown-snaps.R:40:7')"/>
    </testcase>
    <testcase time="0.0729999999999791" classname="markdown_snaps" name="result_v2">
      <skipped message="Reason: On CRAN ('test-markdown-snaps.R:40:7')"/>
    </testcase>
    <testcase time="0.05600000000004" classname="markdown_snaps" name="result_v1">
      <skipped message="Reason: On CRAN ('test-markdown-snaps.R:40:7')"/>
    </testcase>
    <testcase time="0.07000000000005" classname="markdown_snaps" name="result_v1">
      <skipped message="Reason: On CRAN ('test-markdown-snaps.R:40:7')"/>
    </testcase>
    <testcase time="0.181999999999903" classname="markdown_snaps" name="result_v1">
      <skipped message="Reason: On CRAN ('test-markdown-snaps.R:40:7')"/>
    </testcase>
    <testcase time="0.0950000000000273" classname="markdown_snaps" name="result_v2">
      <skipped message="Reason: On CRAN ('test-markdown-snaps.R:40:7')"/>
    </testcase>
    <testcase time="0.118000000000052" classname="markdown_snaps" name="result_v3">
      <skipped message="Reason: On CRAN ('test-markdown-snaps.R:40:7')"/>
    </testcase>
    <testcase time="0.116999999999962" classname="markdown_snaps" name="result_v4">
      <skipped message="Reason: On CRAN ('test-markdown-snaps.R:40:7')"/>
    </testcase>
    <testcase time="0.671000000000049" classname="markdown_snaps" name="result_v1">
      <skipped message="Reason: On CRAN ('test-markdown-snaps.R:40:7')"/>
    </testcase>
    <testcase time="0.469999999999914" classname="markdown_snaps" name="result_v2">
      <skipped message="Reason: On CRAN ('test-markdown-snaps.R:40:7')"/>
    </testcase>
    <testcase time="0.526000000000067" classname="markdown_snaps" name="result_v3">
      <skipped message="Reason: On CRAN ('test-markdown-snaps.R:40:7')"/>
    </testcase>
    <testcase time="0.475999999999999" classname="markdown_snaps" name="result_v4">
      <skipped message="Reason: On CRAN ('test-markdown-snaps.R:40:7')"/>
    </testcase>
    <testcase time="0.0610000000000355" classname="markdown_snaps" name="lsting">
      <skipped message="Reason: On CRAN ('test-markdown-snaps.R:40:7')"/>
    </testcase>
    <testcase time="0.358999999999924" classname="markdown_snaps" name="result_v1">
      <skipped message="Reason: On CRAN ('test-markdown-snaps.R:40:7')"/>
    </testcase>
    <testcase time="0.143000000000029" classname="markdown_snaps" name="result_v1">
      <skipped message="Reason: On CRAN ('test-markdown-snaps.R:40:7')"/>
    </testcase>
    <testcase time="0.129999999999995" classname="markdown_snaps" name="result_v2">
      <skipped message="Reason: On CRAN ('test-markdown-snaps.R:40:7')"/>
    </testcase>
  </testsuite>
</testsuites>
