<?xml version="1.0" encoding="UTF-8"?>
<testsuites>
  <testsuite name="graph-snaps" timestamp="2023-09-13T15:39:15Z" hostname="c323a8ac27d6" tests="24" skipped="24" failures="0" errors="0" time="8.784">
    <testcase time="0.950999999999794" classname="graph_snaps" name="plot_v1">
      <skipped message="Reason: On CRAN ('test-graph-snaps.R:49:9')"/>
    </testcase>
    <testcase time="0.227000000000089" classname="graph_snaps" name="plot_v2">
      <skipped message="Reason: On CRAN ('test-graph-snaps.R:49:9')"/>
    </testcase>
    <testcase time="0.145999999999958" classname="graph_snaps" name="plot_v3">
      <skipped message="Reason: On CRAN ('test-graph-snaps.R:49:9')"/>
    </testcase>
    <testcase time="0.129000000000133" classname="graph_snaps" name="plot_v4">
      <skipped message="Reason: On CRAN ('test-graph-snaps.R:49:9')"/>
    </testcase>
    <testcase time="0.138999999999896" classname="graph_snaps" name="plot_v5">
      <skipped message="Reason: On CRAN ('test-graph-snaps.R:49:9')"/>
    </testcase>
    <testcase time="0.203999999999951" classname="graph_snaps" name="plot_v6">
      <skipped message="Reason: On CRAN ('test-graph-snaps.R:49:9')"/>
    </testcase>
    <testcase time="0.194000000000187" classname="graph_snaps" name="plot_v7">
      <skipped message="Reason: On CRAN ('test-graph-snaps.R:49:9')"/>
    </testcase>
    <testcase time="0.142999999999802" classname="graph_snaps" name="plot_v8">
      <skipped message="Reason: On CRAN ('test-graph-snaps.R:49:9')"/>
    </testcase>
    <testcase time="0.216000000000122" classname="graph_snaps" name="plot_v9">
      <skipped message="Reason: On CRAN ('test-graph-snaps.R:49:9')"/>
    </testcase>
    <testcase time="1.43299999999999" classname="graph_snaps" name="plot_v1">
      <skipped message="Reason: On CRAN ('test-graph-snaps.R:49:9')"/>
    </testcase>
    <testcase time="0.191000000000031" classname="graph_snaps" name="plot_v2">
      <skipped message="Reason: On CRAN ('test-graph-snaps.R:49:9')"/>
    </testcase>
    <testcase time="0.211000000000013" classname="graph_snaps" name="plot_v3">
      <skipped message="Reason: On CRAN ('test-graph-snaps.R:49:9')"/>
    </testcase>
    <testcase time="0.205999999999904" classname="graph_snaps" name="plot_v4">
      <skipped message="Reason: On CRAN ('test-graph-snaps.R:49:9')"/>
    </testcase>
    <testcase time="0.192000000000007" classname="graph_snaps" name="plot_v5">
      <skipped message="Reason: On CRAN ('test-graph-snaps.R:49:9')"/>
    </testcase>
    <testcase time="0.392000000000053" classname="graph_snaps" name="plot_v6">
      <skipped message="Reason: On CRAN ('test-graph-snaps.R:49:9')"/>
    </testcase>
    <testcase time="0.410000000000082" classname="graph_snaps" name="plot_v7">
      <skipped message="Reason: On CRAN ('test-graph-snaps.R:49:9')"/>
    </testcase>
    <testcase time="0.154999999999973" classname="graph_snaps" name="plot_v8">
      <skipped message="Reason: On CRAN ('test-graph-snaps.R:49:9')"/>
    </testcase>
    <testcase time="0.156999999999925" classname="graph_snaps" name="plot_v9">
      <skipped message="Reason: On CRAN ('test-graph-snaps.R:49:9')"/>
    </testcase>
    <testcase time="1.81999999999994" classname="graph_snaps" name="table_v6">
      <skipped message="Reason: On CRAN ('test-graph-snaps.R:49:9')"/>
    </testcase>
    <testcase time="0.287000000000035" classname="graph_snaps" name="plot_v1_and_v2">
      <skipped message="Reason: On CRAN ('test-graph-snaps.R:49:9')"/>
    </testcase>
    <testcase time="0.251999999999953" classname="graph_snaps" name="plot_v3">
      <skipped message="Reason: On CRAN ('test-graph-snaps.R:49:9')"/>
    </testcase>
    <testcase time="0.262000000000171" classname="graph_snaps" name="plot_v4">
      <skipped message="Reason: On CRAN ('test-graph-snaps.R:49:9')"/>
    </testcase>
    <testcase time="0.232999999999947" classname="graph_snaps" name="plot_v5">
      <skipped message="Reason: On CRAN ('test-graph-snaps.R:49:9')"/>
    </testcase>
    <testcase time="0.233999999999924" classname="graph_snaps" name="_unnamed_">
      <skipped message="Reason: On CRAN ('test-graph-snaps.R:40:9')"/>
    </testcase>
  </testsuite>
  <testsuite name="markdown-snaps" timestamp="2023-09-13T15:39:23Z" hostname="c323a8ac27d6" tests="253" skipped="253" failures="0" errors="0" time="59.633">
    <testcase time="0.401000000000067" classname="markdown_snaps" name="result_v1">
      <skipped message="Reason: On CRAN ('test-markdown-snaps.R:40:7')"/>
    </testcase>
    <testcase time="0.15300000000002" classname="markdown_snaps" name="result_v2">
      <skipped message="Reason: On CRAN ('test-markdown-snaps.R:40:7')"/>
    </testcase>
    <testcase time="0.0979999999999563" classname="markdown_snaps" name="result_v3">
      <skipped message="Reason: On CRAN ('test-markdown-snaps.R:40:7')"/>
    </testcase>
    <testcase time="0.133000000000038" classname="markdown_snaps" name="result_v4">
      <skipped message="Reason: On CRAN ('test-markdown-snaps.R:40:7')"/>
    </testcase>
    <testcase time="0.154999999999973" classname="markdown_snaps" name="result_v1">
      <skipped message="Reason: On CRAN ('test-markdown-snaps.R:40:7')"/>
    </testcase>
    <testcase time="0.157999999999902" classname="markdown_snaps" name="result_v2">
      <skipped message="Reason: On CRAN ('test-markdown-snaps.R:40:7')"/>
    </testcase>
    <testcase time="0.229000000000042" classname="markdown_snaps" name="result_v3">
      <skipped message="Reason: On CRAN ('test-markdown-snaps.R:40:7')"/>
    </testcase>
    <testcase time="0.172000000000025" classname="markdown_snaps" name="result_v4">
      <skipped message="Reason: On CRAN ('test-markdown-snaps.R:40:7')"/>
    </testcase>
    <testcase time="0.386999999999944" classname="markdown_snaps" name="result_v1">
      <skipped message="Reason: On CRAN ('test-markdown-snaps.R:40:7')"/>
    </testcase>
    <testcase time="0.191000000000031" classname="markdown_snaps" name="result_v2">
      <skipped message="Reason: On CRAN ('test-markdown-snaps.R:40:7')"/>
    </testcase>
    <testcase time="0.202999999999975" classname="markdown_snaps" name="result_v3">
      <skipped message="Reason: On CRAN ('test-markdown-snaps.R:40:7')"/>
    </testcase>
    <testcase time="0.287000000000035" classname="markdown_snaps" name="result_v4">
      <skipped message="Reason: On CRAN ('test-markdown-snaps.R:40:7')"/>
    </testcase>
    <testcase time="0.0950000000000273" classname="markdown_snaps" name="result_v5">
      <skipped message="Reason: On CRAN ('test-markdown-snaps.R:40:7')"/>
    </testcase>
    <testcase time="0.176999999999907" classname="markdown_snaps" name="result_v6">
      <skipped message="Reason: On CRAN ('test-markdown-snaps.R:40:7')"/>
    </testcase>
    <testcase time="0.107000000000198" classname="markdown_snaps" name="result_v7">
      <skipped message="Reason: On CRAN ('test-markdown-snaps.R:40:7')"/>
    </testcase>
    <testcase time="0.148999999999887" classname="markdown_snaps" name="result_v8">
      <skipped message="Reason: On CRAN ('test-markdown-snaps.R:40:7')"/>
    </testcase>
    <testcase time="0.107999999999947" classname="markdown_snaps" name="result_v9">
      <skipped message="Reason: On CRAN ('test-markdown-snaps.R:40:7')"/>
    </testcase>
    <testcase time="0.118000000000166" classname="markdown_snaps" name="result_v10">
      <skipped message="Reason: On CRAN ('test-markdown-snaps.R:40:7')"/>
    </testcase>
    <testcase time="0.0879999999999654" classname="markdown_snaps" name="result_v11">
      <skipped message="Reason: On CRAN ('test-markdown-snaps.R:40:7')"/>
    </testcase>
    <testcase time="0.171000000000049" classname="markdown_snaps" name="result_v12">
      <skipped message="Reason: On CRAN ('test-markdown-snaps.R:40:7')"/>
    </testcase>
    <testcase time="0.0879999999999654" classname="markdown_snaps" name="result_v13">
      <skipped message="Reason: On CRAN ('test-markdown-snaps.R:40:7')"/>
    </testcase>
    <testcase time="0.0839999999998327" classname="markdown_snaps" name="result_v1">
      <skipped message="Reason: On CRAN ('test-markdown-snaps.R:40:7')"/>
    </testcase>
    <testcase time="0.11200000000008" classname="markdown_snaps" name="result_v2">
      <skipped message="Reason: On CRAN ('test-markdown-snaps.R:40:7')"/>
    </testcase>
    <testcase time="0.376999999999953" classname="markdown_snaps" name="result_v1">
      <skipped message="Reason: On CRAN ('test-markdown-snaps.R:40:7')"/>
    </testcase>
    <testcase time="1.18600000000015" classname="markdown_snaps" name="result_v1">
      <skipped message="Reason: On CRAN ('test-markdown-snaps.R:40:7')"/>
    </testcase>
    <testcase time="0.376999999999953" classname="markdown_snaps" name="result_v2">
      <skipped message="Reason: On CRAN ('test-markdown-snaps.R:40:7')"/>
    </testcase>
    <testcase time="0.683999999999969" classname="markdown_snaps" name="result_v3">
      <skipped message="Reason: On CRAN ('test-markdown-snaps.R:40:7')"/>
    </testcase>
    <testcase time="0.378999999999905" classname="markdown_snaps" name="result_v4">
      <skipped message="Reason: On CRAN ('test-markdown-snaps.R:40:7')"/>
    </testcase>
    <testcase time="0.368000000000166" classname="markdown_snaps" name="result_v6">
      <skipped message="Reason: On CRAN ('test-markdown-snaps.R:40:7')"/>
    </testcase>
    <testcase time="0.360999999999876" classname="markdown_snaps" name="result_v8">
      <skipped message="Reason: On CRAN ('test-markdown-snaps.R:40:7')"/>
    </testcase>
    <testcase time="0.365999999999985" classname="markdown_snaps" name="result_v9">
      <skipped message="Reason: On CRAN ('test-markdown-snaps.R:40:7')"/>
    </testcase>
    <testcase time="0.368000000000166" classname="markdown_snaps" name="result_v11">
      <skipped message="Reason: On CRAN ('test-markdown-snaps.R:40:7')"/>
    </testcase>
    <testcase time="1.02499999999986" classname="markdown_snaps" name="result_v1">
      <skipped message="Reason: On CRAN ('test-markdown-snaps.R:40:7')"/>
    </testcase>
    <testcase time="0.0960000000000036" classname="markdown_snaps" name="result_v2">
      <skipped message="Reason: On CRAN ('test-markdown-snaps.R:40:7')"/>
    </testcase>
    <testcase time="0.225000000000136" classname="markdown_snaps" name="result_v3">
      <skipped message="Reason: On CRAN ('test-markdown-snaps.R:40:7')"/>
    </testcase>
    <testcase time="0.467999999999847" classname="markdown_snaps" name="result_v4">
      <skipped message="Reason: On CRAN ('test-markdown-snaps.R:40:7')"/>
    </testcase>
    <testcase time="0.135999999999967" classname="markdown_snaps" name="result_v5">
      <skipped message="Reason: On CRAN ('test-markdown-snaps.R:40:7')"/>
    </testcase>
    <testcase time="0.134999999999991" classname="markdown_snaps" name="result_v6">
      <skipped message="Reason: On CRAN ('test-markdown-snaps.R:40:7')"/>
    </testcase>
    <testcase time="0.125" classname="markdown_snaps" name="result_v7">
      <skipped message="Reason: On CRAN ('test-markdown-snaps.R:40:7')"/>
    </testcase>
    <testcase time="0.131000000000085" classname="markdown_snaps" name="result_v8">
      <skipped message="Reason: On CRAN ('test-markdown-snaps.R:40:7')"/>
    </testcase>
    <testcase time="0.0660000000000309" classname="markdown_snaps" name="result_v1">
      <skipped message="Reason: On CRAN ('test-markdown-snaps.R:40:7')"/>
    </testcase>
    <testcase time="0.0570000000000164" classname="markdown_snaps" name="result_v2">
      <skipped message="Reason: On CRAN ('test-markdown-snaps.R:40:7')"/>
    </testcase>
    <testcase time="0.0599999999999454" classname="markdown_snaps" name="result_v1">
      <skipped message="Reason: On CRAN ('test-markdown-snaps.R:40:7')"/>
    </testcase>
    <testcase time="0.05600000000004" classname="markdown_snaps" name="result_v2">
      <skipped message="Reason: On CRAN ('test-markdown-snaps.R:40:7')"/>
    </testcase>
    <testcase time="0.567999999999984" classname="markdown_snaps" name="result_v1">
      <skipped message="Reason: On CRAN ('test-markdown-snaps.R:40:7')"/>
    </testcase>
    <testcase time="0.689000000000078" classname="markdown_snaps" name="result_v2">
      <skipped message="Reason: On CRAN ('test-markdown-snaps.R:40:7')"/>
    </testcase>
    <testcase time="0.29099999999994" classname="markdown_snaps" name="result_v3">
      <skipped message="Reason: On CRAN ('test-markdown-snaps.R:40:7')"/>
    </testcase>
    <testcase time="0.219000000000051" classname="markdown_snaps" name="result_v4">
      <skipped message="Reason: On CRAN ('test-markdown-snaps.R:40:7')"/>
    </testcase>
    <testcase time="0.338999999999942" classname="markdown_snaps" name="result_v5">
      <skipped message="Reason: On CRAN ('test-markdown-snaps.R:40:7')"/>
    </testcase>
    <testcase time="0.139999999999873" classname="markdown_snaps" name="result_v1">
      <skipped message="Reason: On CRAN ('test-markdown-snaps.R:40:7')"/>
    </testcase>
    <testcase time="0.141000000000076" classname="markdown_snaps" name="result_v2">
      <skipped message="Reason: On CRAN ('test-markdown-snaps.R:40:7')"/>
    </testcase>
    <testcase time="0.0940000000000509" classname="markdown_snaps" name="result_v3">
      <skipped message="Reason: On CRAN ('test-markdown-snaps.R:40:7')"/>
    </testcase>
    <testcase time="0.0570000000000164" classname="markdown_snaps" name="result_v1">
      <skipped message="Reason: On CRAN ('test-markdown-snaps.R:40:7')"/>
    </testcase>
    <testcase time="0.0570000000000164" classname="markdown_snaps" name="result_v2">
      <skipped message="Reason: On CRAN ('test-markdown-snaps.R:40:7')"/>
    </testcase>
    <testcase time="0.167999999999893" classname="markdown_snaps" name="result_v1">
      <skipped message="Reason: On CRAN ('test-markdown-snaps.R:40:7')"/>
    </testcase>
    <testcase time="0.495000000000118" classname="markdown_snaps" name="result_v2">
      <skipped message="Reason: On CRAN ('test-markdown-snaps.R:40:7')"/>
    </testcase>
    <testcase time="0.0799999999999272" classname="markdown_snaps" name="result_v1">
      <skipped message="Reason: On CRAN ('test-markdown-snaps.R:40:7')"/>
    </testcase>
    <testcase time="0.0960000000000036" classname="markdown_snaps" name="result_v2">
      <skipped message="Reason: On CRAN ('test-markdown-snaps.R:40:7')"/>
    </testcase>
    <testcase time="0.126999999999953" classname="markdown_snaps" name="result_v1">
      <skipped message="Reason: On CRAN ('test-markdown-snaps.R:40:7')"/>
    </testcase>
    <testcase time="0.0910000000001219" classname="markdown_snaps" name="result_v2">
      <skipped message="Reason: On CRAN ('test-markdown-snaps.R:40:7')"/>
    </testcase>
    <testcase time="0.765999999999849" classname="markdown_snaps" name="result_v1">
      <skipped message="Reason: On CRAN ('test-markdown-snaps.R:40:7')"/>
    </testcase>
    <testcase time="0.245000000000118" classname="markdown_snaps" name="result_v1">
      <skipped message="Reason: On CRAN ('test-markdown-snaps.R:40:7')"/>
    </testcase>
    <testcase time="0.167999999999893" classname="markdown_snaps" name="result_v1">
      <skipped message="Reason: On CRAN ('test-markdown-snaps.R:40:7')"/>
    </testcase>
    <testcase time="0.104000000000042" classname="markdown_snaps" name="result_v2">
      <skipped message="Reason: On CRAN ('test-markdown-snaps.R:40:7')"/>
    </testcase>
    <testcase time="0.0920000000000982" classname="markdown_snaps" name="result_v3">
      <skipped message="Reason: On CRAN ('test-markdown-snaps.R:40:7')"/>
    </testcase>
    <testcase time="0.09699999999998" classname="markdown_snaps" name="result_v4">
      <skipped message="Reason: On CRAN ('test-markdown-snaps.R:40:7')"/>
    </testcase>
    <testcase time="0.09699999999998" classname="markdown_snaps" name="result_v1">
      <skipped message="Reason: On CRAN ('test-markdown-snaps.R:40:7')"/>
    </testcase>
    <testcase time="0.0709999999999127" classname="markdown_snaps" name="result_v2">
      <skipped message="Reason: On CRAN ('test-markdown-snaps.R:40:7')"/>
    </testcase>
    <testcase time="0.991999999999962" classname="markdown_snaps" name="result_v1">
      <skipped message="Reason: On CRAN ('test-markdown-snaps.R:40:7')"/>
    </testcase>
    <testcase time="0.107000000000198" classname="markdown_snaps" name="result_v2">
      <skipped message="Reason: On CRAN ('test-markdown-snaps.R:40:7')"/>
    </testcase>
    <testcase time="0.106999999999971" classname="markdown_snaps" name="result_v3">
      <skipped message="Reason: On CRAN ('test-markdown-snaps.R:40:7')"/>
    </testcase>
    <testcase time="0.110999999999876" classname="markdown_snaps" name="result_v4">
      <skipped message="Reason: On CRAN ('test-markdown-snaps.R:40:7')"/>
    </testcase>
    <testcase time="0.241999999999962" classname="markdown_snaps" name="result_v1">
      <skipped message="Reason: On CRAN ('test-markdown-snaps.R:40:7')"/>
    </testcase>
    <testcase time="0.173000000000002" classname="markdown_snaps" name="result_v2">
      <skipped message="Reason: On CRAN ('test-markdown-snaps.R:40:7')"/>
    </testcase>
    <testcase time="0.161000000000058" classname="markdown_snaps" name="result_v3">
      <skipped message="Reason: On CRAN ('test-markdown-snaps.R:40:7')"/>
    </testcase>
    <testcase time="0.187000000000126" classname="markdown_snaps" name="result_v4">
      <skipped message="Reason: On CRAN ('test-markdown-snaps.R:40:7')"/>
    </testcase>
    <testcase time="0.253999999999905" classname="markdown_snaps" name="result_v1">
      <skipped message="Reason: On CRAN ('test-markdown-snaps.R:40:7')"/>
    </testcase>
    <testcase time="0.09699999999998" classname="markdown_snaps" name="result_v2">
      <skipped message="Reason: On CRAN ('test-markdown-snaps.R:40:7')"/>
    </testcase>
    <testcase time="0.278999999999996" classname="markdown_snaps" name="result_v3">
      <skipped message="Reason: On CRAN ('test-markdown-snaps.R:40:7')"/>
    </testcase>
    <testcase time="0.259999999999991" classname="markdown_snaps" name="result_v1">
      <skipped message="Reason: On CRAN ('test-markdown-snaps.R:40:7')"/>
    </testcase>
    <testcase time="0.135999999999967" classname="markdown_snaps" name="result_v2">
      <skipped message="Reason: On CRAN ('test-markdown-snaps.R:40:7')"/>
    </testcase>
    <testcase time="0.115999999999985" classname="markdown_snaps" name="result_v3">
      <skipped message="Reason: On CRAN ('test-markdown-snaps.R:40:7')"/>
    </testcase>
    <testcase time="0.113000000000056" classname="markdown_snaps" name="result_v4">
      <skipped message="Reason: On CRAN ('test-markdown-snaps.R:40:7')"/>
    </testcase>
    <testcase time="0.656999999999925" classname="markdown_snaps" name="result_v1">
      <skipped message="Reason: On CRAN ('test-markdown-snaps.R:40:7')"/>
    </testcase>
    <testcase time="0.119000000000142" classname="markdown_snaps" name="result_v2">
      <skipped message="Reason: On CRAN ('test-markdown-snaps.R:40:7')"/>
    </testcase>
    <testcase time="0.144000000000005" classname="markdown_snaps" name="result_v3">
      <skipped message="Reason: On CRAN ('test-markdown-snaps.R:40:7')"/>
    </testcase>
    <testcase time="0.146999999999935" classname="markdown_snaps" name="result_v4">
      <skipped message="Reason: On CRAN ('test-markdown-snaps.R:40:7')"/>
    </testcase>
    <testcase time="0.122000000000071" classname="markdown_snaps" name="result_v5">
      <skipped message="Reason: On CRAN ('test-markdown-snaps.R:40:7')"/>
    </testcase>
    <testcase time="0.104000000000042" classname="markdown_snaps" name="result_v6">
      <skipped message="Reason: On CRAN ('test-markdown-snaps.R:40:7')"/>
    </testcase>
    <testcase time="2.35299999999984" classname="markdown_snaps" name="result_v1">
      <skipped message="Reason: On CRAN ('test-markdown-snaps.R:40:7')"/>
    </testcase>
    <testcase time="0.121000000000095" classname="markdown_snaps" name="result_v2">
      <skipped message="Reason: On CRAN ('test-markdown-snaps.R:40:7')"/>
    </testcase>
    <testcase time="0.126999999999953" classname="markdown_snaps" name="result_v3">
      <skipped message="Reason: On CRAN ('test-markdown-snaps.R:40:7')"/>
    </testcase>
    <testcase time="0.1400000000001" classname="markdown_snaps" name="result_v4">
      <skipped message="Reason: On CRAN ('test-markdown-snaps.R:40:7')"/>
    </testcase>
    <testcase time="0.123000000000047" classname="markdown_snaps" name="result_v5">
      <skipped message="Reason: On CRAN ('test-markdown-snaps.R:40:7')"/>
    </testcase>
    <testcase time="0.13799999999992" classname="markdown_snaps" name="result_v6">
      <skipped message="Reason: On CRAN ('test-markdown-snaps.R:40:7')"/>
    </testcase>
    <testcase time="0.243999999999915" classname="markdown_snaps" name="result_v1">
      <skipped message="Reason: On CRAN ('test-markdown-snaps.R:40:7')"/>
    </testcase>
    <testcase time="0.192999999999984" classname="markdown_snaps" name="result_v1">
      <skipped message="Reason: On CRAN ('test-markdown-snaps.R:40:7')"/>
    </testcase>
    <testcase time="0.172000000000025" classname="markdown_snaps" name="result_v1">
      <skipped message="Reason: On CRAN ('test-markdown-snaps.R:40:7')"/>
    </testcase>
    <testcase time="0.164999999999964" classname="markdown_snaps" name="result_v2">
      <skipped message="Reason: On CRAN ('test-markdown-snaps.R:40:7')"/>
    </testcase>
    <testcase time="0.0830000000000837" classname="markdown_snaps" name="result_v1">
      <skipped message="Reason: On CRAN ('test-markdown-snaps.R:40:7')"/>
    </testcase>
    <testcase time="0.169000000000096" classname="markdown_snaps" name="result_v1">
      <skipped message="Reason: On CRAN ('test-markdown-snaps.R:40:7')"/>
    </testcase>
    <testcase time="0.158999999999878" classname="markdown_snaps" name="result_v2">
      <skipped message="Reason: On CRAN ('test-markdown-snaps.R:40:7')"/>
    </testcase>
    <testcase time="0.117999999999938" classname="markdown_snaps" name="result_v4">
      <skipped message="Reason: On CRAN ('test-markdown-snaps.R:40:7')"/>
    </testcase>
    <testcase time="0.268000000000029" classname="markdown_snaps" name="result_v1">
      <skipped message="Reason: On CRAN ('test-markdown-snaps.R:40:7')"/>
    </testcase>
    <testcase time="0.5" classname="markdown_snaps" name="result_v2">
      <skipped message="Reason: On CRAN ('test-markdown-snaps.R:40:7')"/>
    </testcase>
    <testcase time="0.177000000000135" classname="markdown_snaps" name="result_v1">
      <skipped message="Reason: On CRAN ('test-markdown-snaps.R:40:7')"/>
    </testcase>
    <testcase time="0.155999999999949" classname="markdown_snaps" name="result_v1">
      <skipped message="Reason: On CRAN ('test-markdown-snaps.R:40:7')"/>
    </testcase>
    <testcase time="0.376999999999953" classname="markdown_snaps" name="result_v1">
      <skipped message="Reason: On CRAN ('test-markdown-snaps.R:40:7')"/>
    </testcase>
    <testcase time="0.210000000000036" classname="markdown_snaps" name="result_v2">
      <skipped message="Reason: On CRAN ('test-markdown-snaps.R:40:7')"/>
    </testcase>
    <testcase time="0.08400000000006" classname="markdown_snaps" name="result_v1">
      <skipped message="Reason: On CRAN ('test-markdown-snaps.R:40:7')"/>
    </testcase>
    <testcase time="0.0599999999999454" classname="markdown_snaps" name="result_v2">
      <skipped message="Reason: On CRAN ('test-markdown-snaps.R:40:7')"/>
    </testcase>
    <testcase time="0.0869999999999891" classname="markdown_snaps" name="result_v1">
      <skipped message="Reason: On CRAN ('test-markdown-snaps.R:40:7')"/>
    </testcase>
    <testcase time="0.0699999999999363" classname="markdown_snaps" name="result_v2">
      <skipped message="Reason: On CRAN ('test-markdown-snaps.R:40:7')"/>
    </testcase>
    <testcase time="0.432000000000016" classname="markdown_snaps" name="result_v1">
      <skipped message="Reason: On CRAN ('test-markdown-snaps.R:40:7')"/>
    </testcase>
    <testcase time="0.0799999999999272" classname="markdown_snaps" name="result_v2">
      <skipped message="Reason: On CRAN ('test-markdown-snaps.R:40:7')"/>
    </testcase>
    <testcase time="0.122000000000071" classname="markdown_snaps" name="result_v3">
      <skipped message="Reason: On CRAN ('test-markdown-snaps.R:40:7')"/>
    </testcase>
    <testcase time="0.489000000000033" classname="markdown_snaps" name="result_v1">
      <skipped message="Reason: On CRAN ('test-markdown-snaps.R:40:7')"/>
    </testcase>
    <testcase time="0.0779999999999745" classname="markdown_snaps" name="result_v2">
      <skipped message="Reason: On CRAN ('test-markdown-snaps.R:40:7')"/>
    </testcase>
    <testcase time="0.104000000000042" classname="markdown_snaps" name="result_v3">
      <skipped message="Reason: On CRAN ('test-markdown-snaps.R:40:7')"/>
    </testcase>
    <testcase time="0.120000000000118" classname="markdown_snaps" name="result_v1">
      <skipped message="Reason: On CRAN ('test-markdown-snaps.R:40:7')"/>
    </testcase>
    <testcase time="0.467999999999847" classname="markdown_snaps" name="result_v1">
      <skipped message="Reason: On CRAN ('test-markdown-snaps.R:40:7')"/>
    </testcase>
    <testcase time="0.780999999999949" classname="markdown_snaps" name="result_v1">
      <skipped message="Reason: On CRAN ('test-markdown-snaps.R:40:7')"/>
    </testcase>
    <testcase time="0.483000000000175" classname="markdown_snaps" name="result_v2">
      <skipped message="Reason: On CRAN ('test-markdown-snaps.R:40:7')"/>
    </testcase>
    <testcase time="0.481999999999971" classname="markdown_snaps" name="result_v3">
      <skipped message="Reason: On CRAN ('test-markdown-snaps.R:40:7')"/>
    </testcase>
    <testcase time="0.479000000000042" classname="markdown_snaps" name="result_v4">
      <skipped message="Reason: On CRAN ('test-markdown-snaps.R:40:7')"/>
    </testcase>
    <testcase time="0.884999999999991" classname="markdown_snaps" name="result_v5">
      <skipped message="Reason: On CRAN ('test-markdown-snaps.R:40:7')"/>
    </testcase>
    <testcase time="0.434999999999945" classname="markdown_snaps" name="result_v1">
      <skipped message="Reason: On CRAN ('test-markdown-snaps.R:40:7')"/>
    </testcase>
    <testcase time="0.279999999999973" classname="markdown_snaps" name="result_v2">
      <skipped message="Reason: On CRAN ('test-markdown-snaps.R:40:7')"/>
    </testcase>
    <testcase time="0.27800000000002" classname="markdown_snaps" name="result_v3">
      <skipped message="Reason: On CRAN ('test-markdown-snaps.R:40:7')"/>
    </testcase>
    <testcase time="0.278999999999996" classname="markdown_snaps" name="result_v4">
      <skipped message="Reason: On CRAN ('test-markdown-snaps.R:40:7')"/>
    </testcase>
    <testcase time="0.541999999999916" classname="markdown_snaps" name="result_v5">
      <skipped message="Reason: On CRAN ('test-markdown-snaps.R:40:7')"/>
    </testcase>
    <testcase time="0.111000000000104" classname="markdown_snaps" name="result_v1">
      <skipped message="Reason: On CRAN ('test-markdown-snaps.R:40:7')"/>
    </testcase>
    <testcase time="0.0950000000000273" classname="markdown_snaps" name="result_v2">
      <skipped message="Reason: On CRAN ('test-markdown-snaps.R:40:7')"/>
    </testcase>
    <testcase time="0.0579999999999927" classname="markdown_snaps" name="lsting">
      <skipped message="Reason: On CRAN ('test-markdown-snaps.R:40:7')"/>
    </testcase>
    <testcase time="0.0370000000000346" classname="markdown_snaps" name="lsting">
      <skipped message="Reason: On CRAN ('test-markdown-snaps.R:40:7')"/>
    </testcase>
    <testcase time="0.0699999999999363" classname="markdown_snaps" name="lsting">
      <skipped message="Reason: On CRAN ('test-markdown-snaps.R:40:7')"/>
    </testcase>
    <testcase time="0.0699999999999363" classname="markdown_snaps" name="lsting">
      <skipped message="Reason: On CRAN ('test-markdown-snaps.R:40:7')"/>
    </testcase>
    <testcase time="0.0630000000001019" classname="markdown_snaps" name="lsting">
      <skipped message="Reason: On CRAN ('test-markdown-snaps.R:40:7')"/>
    </testcase>
    <testcase time="0.0519999999999072" classname="markdown_snaps" name="lsting">
      <skipped message="Reason: On CRAN ('test-markdown-snaps.R:40:7')"/>
    </testcase>
    <testcase time="0.208000000000084" classname="markdown_snaps" name="result_v1">
      <skipped message="Reason: On CRAN ('test-markdown-snaps.R:40:7')"/>
    </testcase>
    <testcase time="1.01800000000003" classname="markdown_snaps" name="result_v1">
      <skipped message="Reason: On CRAN ('test-markdown-snaps.R:40:7')"/>
    </testcase>
    <testcase time="3.2059999999999" classname="markdown_snaps" name="result_v1">
      <skipped message="Reason: On CRAN ('test-markdown-snaps.R:40:7')"/>
    </testcase>
    <testcase time="0.336999999999989" classname="markdown_snaps" name="result_v2">
      <skipped message="Reason: On CRAN ('test-markdown-snaps.R:40:7')"/>
    </testcase>
    <testcase time="0.0879999999999654" classname="markdown_snaps" name="lsting">
      <skipped message="Reason: On CRAN ('test-markdown-snaps.R:40:7')"/>
    </testcase>
    <testcase time="0.0540000000000873" classname="markdown_snaps" name="lsting">
      <skipped message="Reason: On CRAN ('test-markdown-snaps.R:40:7')"/>
    </testcase>
    <testcase time="0.0450000000000728" classname="markdown_snaps" name="lsting">
      <skipped message="Reason: On CRAN ('test-markdown-snaps.R:40:7')"/>
    </testcase>
    <testcase time="0.195999999999913" classname="markdown_snaps" name="result_v1">
      <skipped message="Reason: On CRAN ('test-markdown-snaps.R:40:7')"/>
    </testcase>
    <testcase time="0.170000000000073" classname="markdown_snaps" name="result_v2">
      <skipped message="Reason: On CRAN ('test-markdown-snaps.R:40:7')"/>
    </testcase>
    <testcase time="0.120999999999867" classname="markdown_snaps" name="result_v3">
      <skipped message="Reason: On CRAN ('test-markdown-snaps.R:40:7')"/>
    </testcase>
    <testcase time="0.121000000000095" classname="markdown_snaps" name="result_v4">
      <skipped message="Reason: On CRAN ('test-markdown-snaps.R:40:7')"/>
    </testcase>
    <testcase time="0.0899999999999181" classname="markdown_snaps" name="result_v5">
      <skipped message="Reason: On CRAN ('test-markdown-snaps.R:40:7')"/>
    </testcase>
    <testcase time="0.0570000000000164" classname="markdown_snaps" name="result_v6">
      <skipped message="Reason: On CRAN ('test-markdown-snaps.R:40:7')"/>
    </testcase>
    <testcase time="0.0480000000000018" classname="markdown_snaps" name="lsting">
      <skipped message="Reason: On CRAN ('test-markdown-snaps.R:40:7')"/>
    </testcase>
    <testcase time="0.0540000000000873" classname="markdown_snaps" name="lsting">
      <skipped message="Reason: On CRAN ('test-markdown-snaps.R:40:7')"/>
    </testcase>
    <testcase time="0.0389999999999873" classname="markdown_snaps" name="lsting">
      <skipped message="Reason: On CRAN ('test-markdown-snaps.R:40:7')"/>
    </testcase>
    <testcase time="0.418999999999869" classname="markdown_snaps" name="lsting">
      <skipped message="Reason: On CRAN ('test-markdown-snaps.R:40:7')"/>
    </testcase>
    <testcase time="0.0600000000001728" classname="markdown_snaps" name="lsting">
      <skipped message="Reason: On CRAN ('test-markdown-snaps.R:40:7')"/>
    </testcase>
    <testcase time="0.0589999999999691" classname="markdown_snaps" name="lsting">
      <skipped message="Reason: On CRAN ('test-markdown-snaps.R:40:7')"/>
    </testcase>
    <testcase time="0.0570000000000164" classname="markdown_snaps" name="lsting">
      <skipped message="Reason: On CRAN ('test-markdown-snaps.R:40:7')"/>
    </testcase>
    <testcase time="0.0619999999998981" classname="markdown_snaps" name="lsting">
      <skipped message="Reason: On CRAN ('test-markdown-snaps.R:40:7')"/>
    </testcase>
    <testcase time="0.0820000000001073" classname="markdown_snaps" name="lsting">
      <skipped message="Reason: On CRAN ('test-markdown-snaps.R:40:7')"/>
    </testcase>
    <testcase time="0.0619999999998981" classname="markdown_snaps" name="lsting">
      <skipped message="Reason: On CRAN ('test-markdown-snaps.R:40:7')"/>
    </testcase>
    <testcase time="0.0670000000000073" classname="markdown_snaps" name="lsting">
      <skipped message="Reason: On CRAN ('test-markdown-snaps.R:40:7')"/>
    </testcase>
    <testcase time="0.0540000000000873" classname="markdown_snaps" name="lsting">
      <skipped message="Reason: On CRAN ('test-markdown-snaps.R:40:7')"/>
    </testcase>
    <testcase time="0.266000000000076" classname="markdown_snaps" name="result_v1">
      <skipped message="Reason: On CRAN ('test-markdown-snaps.R:40:7')"/>
    </testcase>
    <testcase time="0.15099999999984" classname="markdown_snaps" name="result_v1">
      <skipped message="Reason: On CRAN ('test-markdown-snaps.R:40:7')"/>
    </testcase>
    <testcase time="0.0640000000000782" classname="markdown_snaps" name="result_v1">
      <skipped message="Reason: On CRAN ('test-markdown-snaps.R:40:7')"/>
    </testcase>
    <testcase time="0.126999999999953" classname="markdown_snaps" name="result_v1">
      <skipped message="Reason: On CRAN ('test-markdown-snaps.R:40:7')"/>
    </testcase>
    <testcase time="0.0799999999999272" classname="markdown_snaps" name="result_v2">
      <skipped message="Reason: On CRAN ('test-markdown-snaps.R:40:7')"/>
    </testcase>
    <testcase time="0.0610000000001492" classname="markdown_snaps" name="result_v1">
      <skipped message="Reason: On CRAN ('test-markdown-snaps.R:40:7')"/>
    </testcase>
    <testcase time="0.0760000000000218" classname="markdown_snaps" name="result_v1">
      <skipped message="Reason: On CRAN ('test-markdown-snaps.R:40:7')"/>
    </testcase>
    <testcase time="0.195999999999913" classname="markdown_snaps" name="result_v1">
      <skipped message="Reason: On CRAN ('test-markdown-snaps.R:40:7')"/>
    </testcase>
    <testcase time="0.0850000000000364" classname="markdown_snaps" name="result_v2">
      <skipped message="Reason: On CRAN ('test-markdown-snaps.R:40:7')"/>
    </testcase>
    <testcase time="0.119999999999891" classname="markdown_snaps" name="result_v3">
      <skipped message="Reason: On CRAN ('test-markdown-snaps.R:40:7')"/>
    </testcase>
    <testcase time="0.121000000000095" classname="markdown_snaps" name="result_v4">
      <skipped message="Reason: On CRAN ('test-markdown-snaps.R:40:7')"/>
    </testcase>
    <testcase time="0.0730000000000928" classname="markdown_snaps" name="lsting">
      <skipped message="Reason: On CRAN ('test-markdown-snaps.R:40:7')"/>
    </testcase>
    <testcase time="0.0399999999999636" classname="markdown_snaps" name="lsting">
      <skipped message="Reason: On CRAN ('test-markdown-snaps.R:40:7')"/>
    </testcase>
    <testcase time="0.212999999999965" classname="markdown_snaps" name="result_v1">
      <skipped message="Reason: On CRAN ('test-markdown-snaps.R:40:7')"/>
    </testcase>
    <testcase time="0.0899999999999181" classname="markdown_snaps" name="result_v1">
      <skipped message="Reason: On CRAN ('test-markdown-snaps.R:40:7')"/>
    </testcase>
    <testcase time="0.407000000000153" classname="markdown_snaps" name="result_v1">
      <skipped message="Reason: On CRAN ('test-markdown-snaps.R:40:7')"/>
    </testcase>
    <testcase time="0.214999999999918" classname="markdown_snaps" name="result_v1">
      <skipped message="Reason: On CRAN ('test-markdown-snaps.R:40:7')"/>
    </testcase>
    <testcase time="0.199000000000069" classname="markdown_snaps" name="result_v1">
      <skipped message="Reason: On CRAN ('test-markdown-snaps.R:40:7')"/>
    </testcase>
    <testcase time="0.0529999999998836" classname="markdown_snaps" name="lsting">
      <skipped message="Reason: On CRAN ('test-markdown-snaps.R:40:7')"/>
    </testcase>
    <testcase time="0.0570000000000164" classname="markdown_snaps" name="lsting">
      <skipped message="Reason: On CRAN ('test-markdown-snaps.R:40:7')"/>
    </testcase>
    <testcase time="0.636999999999944" classname="markdown_snaps" name="result_v1">
      <skipped message="Reason: On CRAN ('test-markdown-snaps.R:40:7')"/>
    </testcase>
    <testcase time="0.199000000000069" classname="markdown_snaps" name="result_v2">
      <skipped message="Reason: On CRAN ('test-markdown-snaps.R:40:7')"/>
    </testcase>
    <testcase time="0.177999999999884" classname="markdown_snaps" name="result_v3">
      <skipped message="Reason: On CRAN ('test-markdown-snaps.R:40:7')"/>
    </testcase>
    <testcase time="0.0600000000001728" classname="markdown_snaps" name="lsting">
      <skipped message="Reason: On CRAN ('test-markdown-snaps.R:40:7')"/>
    </testcase>
    <testcase time="0.0519999999999072" classname="markdown_snaps" name="lsting">
      <skipped message="Reason: On CRAN ('test-markdown-snaps.R:40:7')"/>
    </testcase>
    <testcase time="0.0520000000001346" classname="markdown_snaps" name="lsting">
      <skipped message="Reason: On CRAN ('test-markdown-snaps.R:40:7')"/>
    </testcase>
    <testcase time="0.158999999999878" classname="markdown_snaps" name="result_v1">
      <skipped message="Reason: On CRAN ('test-markdown-snaps.R:40:7')"/>
    </testcase>
    <testcase time="0.108999999999924" classname="markdown_snaps" name="result_v2">
      <skipped message="Reason: On CRAN ('test-markdown-snaps.R:40:7')"/>
    </testcase>
    <testcase time="0.161000000000058" classname="markdown_snaps" name="result_v1">
      <skipped message="Reason: On CRAN ('test-markdown-snaps.R:40:7')"/>
    </testcase>
    <testcase time="0.0900000000001455" classname="markdown_snaps" name="result_v2">
      <skipped message="Reason: On CRAN ('test-markdown-snaps.R:40:7')"/>
    </testcase>
    <testcase time="0.207999999999856" classname="markdown_snaps" name="result_v1">
      <skipped message="Reason: On CRAN ('test-markdown-snaps.R:40:7')"/>
    </testcase>
    <testcase time="0.125999999999976" classname="markdown_snaps" name="result_v2">
      <skipped message="Reason: On CRAN ('test-markdown-snaps.R:40:7')"/>
    </testcase>
    <testcase time="0.172000000000025" classname="markdown_snaps" name="result_v1">
      <skipped message="Reason: On CRAN ('test-markdown-snaps.R:40:7')"/>
    </testcase>
    <testcase time="0.103000000000065" classname="markdown_snaps" name="result_v2">
      <skipped message="Reason: On CRAN ('test-markdown-snaps.R:40:7')"/>
    </testcase>
    <testcase time="0.0819999999998799" classname="markdown_snaps" name="result_v1">
      <skipped message="Reason: On CRAN ('test-markdown-snaps.R:40:7')"/>
    </testcase>
    <testcase time="0.0630000000001019" classname="markdown_snaps" name="result_v2">
      <skipped message="Reason: On CRAN ('test-markdown-snaps.R:40:7')"/>
    </testcase>
    <testcase time="0.105000000000018" classname="markdown_snaps" name="result_v1">
      <skipped message="Reason: On CRAN ('test-markdown-snaps.R:40:7')"/>
    </testcase>
    <testcase time="0.071999999999889" classname="markdown_snaps" name="result_v2">
      <skipped message="Reason: On CRAN ('test-markdown-snaps.R:40:7')"/>
    </testcase>
    <testcase time="0.141000000000076" classname="markdown_snaps" name="result_v1">
      <skipped message="Reason: On CRAN ('test-markdown-snaps.R:40:7')"/>
    </testcase>
    <testcase time="0.071999999999889" classname="markdown_snaps" name="result_v1">
      <skipped message="Reason: On CRAN ('test-markdown-snaps.R:40:7')"/>
    </testcase>
    <testcase time="0.145000000000209" classname="markdown_snaps" name="result_v1">
      <skipped message="Reason: On CRAN ('test-markdown-snaps.R:40:7')"/>
    </testcase>
    <testcase time="0.100999999999885" classname="markdown_snaps" name="result_v2">
      <skipped message="Reason: On CRAN ('test-markdown-snaps.R:40:7')"/>
    </testcase>
    <testcase time="0.104000000000042" classname="markdown_snaps" name="result_v3">
      <skipped message="Reason: On CRAN ('test-markdown-snaps.R:40:7')"/>
    </testcase>
    <testcase time="0.126999999999953" classname="markdown_snaps" name="result_v4">
      <skipped message="Reason: On CRAN ('test-markdown-snaps.R:40:7')"/>
    </testcase>
    <testcase time="0.261999999999944" classname="markdown_snaps" name="result_v1">
      <skipped message="Reason: On CRAN ('test-markdown-snaps.R:40:7')"/>
    </testcase>
    <testcase time="0.204000000000178" classname="markdown_snaps" name="result_v2">
      <skipped message="Reason: On CRAN ('test-markdown-snaps.R:40:7')"/>
    </testcase>
    <testcase time="0.201999999999998" classname="markdown_snaps" name="result_v3">
      <skipped message="Reason: On CRAN ('test-markdown-snaps.R:40:7')"/>
    </testcase>
    <testcase time="0.164999999999964" classname="markdown_snaps" name="result_v4">
      <skipped message="Reason: On CRAN ('test-markdown-snaps.R:40:7')"/>
    </testcase>
    <testcase time="0.407999999999902" classname="markdown_snaps" name="result_v1">
      <skipped message="Reason: On CRAN ('test-markdown-snaps.R:40:7')"/>
    </testcase>
    <testcase time="0.322000000000116" classname="markdown_snaps" name="result_v2">
      <skipped message="Reason: On CRAN ('test-markdown-snaps.R:40:7')"/>
    </testcase>
    <testcase time="0.311999999999898" classname="markdown_snaps" name="result_v4">
      <skipped message="Reason: On CRAN ('test-markdown-snaps.R:40:7')"/>
    </testcase>
    <testcase time="0.0950000000000273" classname="markdown_snaps" name="result_v1">
      <skipped message="Reason: On CRAN ('test-markdown-snaps.R:40:7')"/>
    </testcase>
    <testcase time="0.269999999999982" classname="markdown_snaps" name="result_v1">
      <skipped message="Reason: On CRAN ('test-markdown-snaps.R:40:7')"/>
    </testcase>
    <testcase time="0.177000000000135" classname="markdown_snaps" name="result_v2">
      <skipped message="Reason: On CRAN ('test-markdown-snaps.R:40:7')"/>
    </testcase>
    <testcase time="0.185999999999922" classname="markdown_snaps" name="result_v3">
      <skipped message="Reason: On CRAN ('test-markdown-snaps.R:40:7')"/>
    </testcase>
    <testcase time="0.161000000000058" classname="markdown_snaps" name="result_v4">
      <skipped message="Reason: On CRAN ('test-markdown-snaps.R:40:7')"/>
    </testcase>
    <testcase time="0.134000000000015" classname="markdown_snaps" name="result_v5">
      <skipped message="Reason: On CRAN ('test-markdown-snaps.R:40:7')"/>
    </testcase>
    <testcase time="0.212999999999965" classname="markdown_snaps" name="result_v1">
      <skipped message="Reason: On CRAN ('test-markdown-snaps.R:40:7')"/>
    </testcase>
    <testcase time="0.124000000000024" classname="markdown_snaps" name="result_v2">
      <skipped message="Reason: On CRAN ('test-markdown-snaps.R:40:7')"/>
    </testcase>
    <testcase time="0.123000000000047" classname="markdown_snaps" name="result_v3">
      <skipped message="Reason: On CRAN ('test-markdown-snaps.R:40:7')"/>
    </testcase>
    <testcase time="0.253999999999905" classname="markdown_snaps" name="result_v1">
      <skipped message="Reason: On CRAN ('test-markdown-snaps.R:40:7')"/>
    </testcase>
    <testcase time="0.183999999999969" classname="markdown_snaps" name="result_v2">
      <skipped message="Reason: On CRAN ('test-markdown-snaps.R:40:7')"/>
    </testcase>
    <testcase time="0.0920000000000982" classname="markdown_snaps" name="result_v3">
      <skipped message="Reason: On CRAN ('test-markdown-snaps.R:40:7')"/>
    </testcase>
    <testcase time="0.107999999999947" classname="markdown_snaps" name="result_v4">
      <skipped message="Reason: On CRAN ('test-markdown-snaps.R:40:7')"/>
    </testcase>
    <testcase time="0.656999999999925" classname="markdown_snaps" name="result_v1">
      <skipped message="Reason: On CRAN ('test-markdown-snaps.R:40:7')"/>
    </testcase>
    <testcase time="0.09699999999998" classname="markdown_snaps" name="result_v1">
      <skipped message="Reason: On CRAN ('test-markdown-snaps.R:40:7')"/>
    </testcase>
    <testcase time="0.0800000000001546" classname="markdown_snaps" name="result_v2">
      <skipped message="Reason: On CRAN ('test-markdown-snaps.R:40:7')"/>
    </testcase>
    <testcase time="1.846" classname="markdown_snaps" name="result_v1">
      <skipped message="Reason: On CRAN ('test-markdown-snaps.R:40:7')"/>
    </testcase>
    <testcase time="0.120999999999867" classname="markdown_snaps" name="result_v2">
      <skipped message="Reason: On CRAN ('test-markdown-snaps.R:40:7')"/>
    </testcase>
    <testcase time="0.240000000000009" classname="markdown_snaps" name="result_v1">
      <skipped message="Reason: On CRAN ('test-markdown-snaps.R:40:7')"/>
    </testcase>
    <testcase time="0.336999999999989" classname="markdown_snaps" name="result_v1">
      <skipped message="Reason: On CRAN ('test-markdown-snaps.R:40:7')"/>
    </testcase>
    <testcase time="0.729000000000042" classname="markdown_snaps" name="result_v1">
      <skipped message="Reason: On CRAN ('test-markdown-snaps.R:40:7')"/>
    </testcase>
    <testcase time="0.501999999999953" classname="markdown_snaps" name="result_v2">
      <skipped message="Reason: On CRAN ('test-markdown-snaps.R:40:7')"/>
    </testcase>
    <testcase time="0.548999999999978" classname="markdown_snaps" name="result_v3">
      <skipped message="Reason: On CRAN ('test-markdown-snaps.R:40:7')"/>
    </testcase>
    <testcase time="0.507000000000062" classname="markdown_snaps" name="result_v4">
      <skipped message="Reason: On CRAN ('test-markdown-snaps.R:40:7')"/>
    </testcase>
    <testcase time="0.298000000000002" classname="markdown_snaps" name="result_v1">
      <skipped message="Reason: On CRAN ('test-markdown-snaps.R:40:7')"/>
    </testcase>
    <testcase time="0.114000000000033" classname="markdown_snaps" name="result_v1">
      <skipped message="Reason: On CRAN ('test-markdown-snaps.R:40:7')"/>
    </testcase>
    <testcase time="0.261999999999944" classname="markdown_snaps" name="result_v1">
      <skipped message="Reason: On CRAN ('test-markdown-snaps.R:40:7')"/>
    </testcase>
    <testcase time="0.236000000000104" classname="markdown_snaps" name="result_v2">
      <skipped message="Reason: On CRAN ('test-markdown-snaps.R:40:7')"/>
    </testcase>
    <testcase time="0.260999999999967" classname="markdown_snaps" name="result_v3">
      <skipped message="Reason: On CRAN ('test-markdown-snaps.R:40:7')"/>
    </testcase>
    <testcase time="0.201000000000022" classname="markdown_snaps" name="result_v1">
      <skipped message="Reason: On CRAN ('test-markdown-snaps.R:40:7')"/>
    </testcase>
    <testcase time="0.0769999999999982" classname="markdown_snaps" name="result_v2">
      <skipped message="Reason: On CRAN ('test-markdown-snaps.R:40:7')"/>
    </testcase>
    <testcase time="0.125" classname="markdown_snaps" name="result_v3">
      <skipped message="Reason: On CRAN ('test-markdown-snaps.R:40:7')"/>
    </testcase>
    <testcase time="0.158999999999878" classname="markdown_snaps" name="result_v4">
      <skipped message="Reason: On CRAN ('test-markdown-snaps.R:40:7')"/>
    </testcase>
    <testcase time="0.190000000000055" classname="markdown_snaps" name="result_v1">
      <skipped message="Reason: On CRAN ('test-markdown-snaps.R:40:7')"/>
    </testcase>
    <testcase time="0.08400000000006" classname="markdown_snaps" name="result_v1">
      <skipped message="Reason: On CRAN ('test-markdown-snaps.R:40:7')"/>
    </testcase>
    <testcase time="0.388999999999896" classname="markdown_snaps" name="result_v1">
      <skipped message="Reason: On CRAN ('test-markdown-snaps.R:40:7')"/>
    </testcase>
    <testcase time="0.155999999999949" classname="markdown_snaps" name="result_v1">
      <skipped message="Reason: On CRAN ('test-markdown-snaps.R:40:7')"/>
    </testcase>
    <testcase time="0.137000000000171" classname="markdown_snaps" name="result_v2">
      <skipped message="Reason: On CRAN ('test-markdown-snaps.R:40:7')"/>
    </testcase>
  </testsuite>
</testsuites>
