<?xml version="1.0" encoding="UTF-8"?>
<testsuites>
  <testsuite name="aet04" timestamp="2023-07-18T14:21:40Z" hostname="068128db79b3" tests="8" skipped="8" failures="0" errors="0" time="7.362">
    <testcase time="3.29099999999994" classname="aet04" name="result_v1">
      <skipped message="Reason: On CRAN ('test-aet04.R:11:5')"/>
    </testcase>
    <testcase time="0.59900000000016" classname="aet04" name="result_v2">
      <skipped message="Reason: On CRAN ('test-aet04.R:11:5')"/>
    </testcase>
    <testcase time="0.973999999999933" classname="aet04" name="result_v3">
      <skipped message="Reason: On CRAN ('test-aet04.R:11:5')"/>
    </testcase>
    <testcase time="0.557000000000016" classname="aet04" name="result_v4">
      <skipped message="Reason: On CRAN ('test-aet04.R:11:5')"/>
    </testcase>
    <testcase time="0.482999999999947" classname="aet04" name="result_v6">
      <skipped message="Reason: On CRAN ('test-aet04.R:11:5')"/>
    </testcase>
    <testcase time="0.468000000000075" classname="aet04" name="result_v8">
      <skipped message="Reason: On CRAN ('test-aet04.R:11:5')"/>
    </testcase>
    <testcase time="0.487999999999829" classname="aet04" name="result_v9">
      <skipped message="Reason: On CRAN ('test-aet04.R:11:5')"/>
    </testcase>
    <testcase time="0.50200000000018" classname="aet04" name="result_v11">
      <skipped message="Reason: On CRAN ('test-aet04.R:11:5')"/>
    </testcase>
  </testsuite>
</testsuites>
