<?xml version="1.0" encoding="UTF-8"?>
<testsuites>
  <testsuite name="graph-snaps" timestamp="2024-02-14T17:51:09Z" hostname="19552e01cabf" tests="36" skipped="36" failures="0" errors="0" time="7.86">
    <testcase time="0.31899999999996" classname="graph_snaps" name="plot_v1">
      <skipped message="Reason: On CRAN ('test-graph-snaps.R:78:11')"/>
    </testcase>
    <testcase time="0.136000000000081" classname="graph_snaps" name="plot_v2">
      <skipped message="Reason: On CRAN ('test-graph-snaps.R:78:11')"/>
    </testcase>
    <testcase time="0.118999999999915" classname="graph_snaps" name="plot_v3">
      <skipped message="Reason: On CRAN ('test-graph-snaps.R:78:11')"/>
    </testcase>
    <testcase time="0.0780000000000882" classname="graph_snaps" name="plot_v4">
      <skipped message="Reason: On CRAN ('test-graph-snaps.R:78:11')"/>
    </testcase>
    <testcase time="0.0729999999999791" classname="graph_snaps" name="plot_v5">
      <skipped message="Reason: On CRAN ('test-graph-snaps.R:78:11')"/>
    </testcase>
    <testcase time="0.0659999999999172" classname="graph_snaps" name="plot_v1">
      <skipped message="Reason: On CRAN ('test-graph-snaps.R:78:11')"/>
    </testcase>
    <testcase time="0.0580000000001064" classname="graph_snaps" name="plot_v2">
      <skipped message="Reason: On CRAN ('test-graph-snaps.R:78:11')"/>
    </testcase>
    <testcase time="0.04099999999994" classname="graph_snaps" name="plot_v3">
      <skipped message="Reason: On CRAN ('test-graph-snaps.R:78:11')"/>
    </testcase>
    <testcase time="0.0940000000000509" classname="graph_snaps" name="plot_v4">
      <skipped message="Reason: On CRAN ('test-graph-snaps.R:78:11')"/>
    </testcase>
    <testcase time="1.7059999999999" classname="graph_snaps" name="plot_v1">
      <skipped message="Reason: On CRAN ('test-graph-snaps.R:78:11')"/>
    </testcase>
    <testcase time="0.261000000000081" classname="graph_snaps" name="plot_v2">
      <skipped message="Reason: On CRAN ('test-graph-snaps.R:78:11')"/>
    </testcase>
    <testcase time="0.13799999999992" classname="graph_snaps" name="plot_v3">
      <skipped message="Reason: On CRAN ('test-graph-snaps.R:78:11')"/>
    </testcase>
    <testcase time="0.179000000000087" classname="graph_snaps" name="plot_v4">
      <skipped message="Reason: On CRAN ('test-graph-snaps.R:78:11')"/>
    </testcase>
    <testcase time="0.336999999999989" classname="graph_snaps" name="plot_v5">
      <skipped message="Reason: On CRAN ('test-graph-snaps.R:78:11')"/>
    </testcase>
    <testcase time="0.228999999999928" classname="graph_snaps" name="plot_v6">
      <skipped message="Reason: On CRAN ('test-graph-snaps.R:78:11')"/>
    </testcase>
    <testcase time="0.0440000000000964" classname="graph_snaps" name="plot_v1">
      <skipped message="Reason: On CRAN ('test-graph-snaps.R:78:11')"/>
    </testcase>
    <testcase time="0.0389999999999873" classname="graph_snaps" name="plot_v2">
      <skipped message="Reason: On CRAN ('test-graph-snaps.R:78:11')"/>
    </testcase>
    <testcase time="0.202999999999975" classname="graph_snaps" name="plot_v1">
      <skipped message="Reason: On CRAN ('test-graph-snaps.R:78:11')"/>
    </testcase>
    <testcase time="0.117999999999938" classname="graph_snaps" name="plot_v2">
      <skipped message="Reason: On CRAN ('test-graph-snaps.R:78:11')"/>
    </testcase>
    <testcase time="0.08400000000006" classname="graph_snaps" name="plot_v3">
      <skipped message="Reason: On CRAN ('test-graph-snaps.R:78:11')"/>
    </testcase>
    <testcase time="0.0850000000000364" classname="graph_snaps" name="plot_v4">
      <skipped message="Reason: On CRAN ('test-graph-snaps.R:78:11')"/>
    </testcase>
    <testcase time="0.0960000000000036" classname="graph_snaps" name="plot_v5">
      <skipped message="Reason: On CRAN ('test-graph-snaps.R:78:11')"/>
    </testcase>
    <testcase time="0.129999999999995" classname="graph_snaps" name="plot_v6">
      <skipped message="Reason: On CRAN ('test-graph-snaps.R:78:11')"/>
    </testcase>
    <testcase time="0.132999999999925" classname="graph_snaps" name="plot_v7">
      <skipped message="Reason: On CRAN ('test-graph-snaps.R:78:11')"/>
    </testcase>
    <testcase time="0.09800000000007" classname="graph_snaps" name="plot_v8">
      <skipped message="Reason: On CRAN ('test-graph-snaps.R:78:11')"/>
    </testcase>
    <testcase time="0.15199999999993" classname="graph_snaps" name="plot_v9">
      <skipped message="Reason: On CRAN ('test-graph-snaps.R:78:11')"/>
    </testcase>
    <testcase time="1.16600000000005" classname="graph_snaps" name="plot_v1">
      <skipped message="Reason: On CRAN ('test-graph-snaps.R:78:11')"/>
    </testcase>
    <testcase time="0.156999999999925" classname="graph_snaps" name="plot_v2">
      <skipped message="Reason: On CRAN ('test-graph-snaps.R:78:11')"/>
    </testcase>
    <testcase time="0.143000000000029" classname="graph_snaps" name="plot_v3">
      <skipped message="Reason: On CRAN ('test-graph-snaps.R:78:11')"/>
    </testcase>
    <testcase time="0.153999999999996" classname="graph_snaps" name="plot_v4">
      <skipped message="Reason: On CRAN ('test-graph-snaps.R:78:11')"/>
    </testcase>
    <testcase time="0.132000000000062" classname="graph_snaps" name="plot_v5">
      <skipped message="Reason: On CRAN ('test-graph-snaps.R:78:11')"/>
    </testcase>
    <testcase time="0.475999999999999" classname="graph_snaps" name="plot_v6">
      <skipped message="Reason: On CRAN ('test-graph-snaps.R:78:11')"/>
    </testcase>
    <testcase time="0.278999999999996" classname="graph_snaps" name="plot_v7">
      <skipped message="Reason: On CRAN ('test-graph-snaps.R:78:11')"/>
    </testcase>
    <testcase time="0.106999999999971" classname="graph_snaps" name="plot_v8">
      <skipped message="Reason: On CRAN ('test-graph-snaps.R:78:11')"/>
    </testcase>
    <testcase time="0.101999999999975" classname="graph_snaps" name="plot_v9">
      <skipped message="Reason: On CRAN ('test-graph-snaps.R:78:11')"/>
    </testcase>
    <testcase time="0.128000000000043" classname="graph_snaps" name="_unnamed_">
      <skipped message="Reason: On CRAN ('test-graph-snaps.R:48:7')"/>
    </testcase>
  </testsuite>
  <testsuite name="markdown-snaps" timestamp="2024-02-14T17:51:17Z" hostname="19552e01cabf" tests="253" skipped="253" failures="0" errors="0" time="50.011">
    <testcase time="0.134999999999991" classname="markdown_snaps" name="lsting">
      <skipped message="Reason: On CRAN ('test-markdown-snaps.R:40:7')"/>
    </testcase>
    <testcase time="0.201000000000022" classname="markdown_snaps" name="result_v1">
      <skipped message="Reason: On CRAN ('test-markdown-snaps.R:40:7')"/>
    </testcase>
    <testcase time="0.0670000000000073" classname="markdown_snaps" name="result_v1">
      <skipped message="Reason: On CRAN ('test-markdown-snaps.R:40:7')"/>
    </testcase>
    <testcase time="0.307999999999993" classname="markdown_snaps" name="result_v1">
      <skipped message="Reason: On CRAN ('test-markdown-snaps.R:40:7')"/>
    </testcase>
    <testcase time="0.157000000000039" classname="markdown_snaps" name="result_v1">
      <skipped message="Reason: On CRAN ('test-markdown-snaps.R:40:7')"/>
    </testcase>
    <testcase time="0.141999999999939" classname="markdown_snaps" name="result_v1">
      <skipped message="Reason: On CRAN ('test-markdown-snaps.R:40:7')"/>
    </testcase>
    <testcase time="0.0460000000000491" classname="markdown_snaps" name="lsting">
      <skipped message="Reason: On CRAN ('test-markdown-snaps.R:40:7')"/>
    </testcase>
    <testcase time="0.525999999999954" classname="markdown_snaps" name="result_v1">
      <skipped message="Reason: On CRAN ('test-markdown-snaps.R:40:7')"/>
    </testcase>
    <testcase time="0.06899999999996" classname="markdown_snaps" name="result_v1">
      <skipped message="Reason: On CRAN ('test-markdown-snaps.R:40:7')"/>
    </testcase>
    <testcase time="0.0710000000000264" classname="markdown_snaps" name="result_v2">
      <skipped message="Reason: On CRAN ('test-markdown-snaps.R:40:7')"/>
    </testcase>
    <testcase time="1.24200000000008" classname="markdown_snaps" name="result_v1">
      <skipped message="Reason: On CRAN ('test-markdown-snaps.R:40:7')"/>
    </testcase>
    <testcase time="0.117999999999938" classname="markdown_snaps" name="result_v2">
      <skipped message="Reason: On CRAN ('test-markdown-snaps.R:40:7')"/>
    </testcase>
    <testcase time="0.230000000000018" classname="markdown_snaps" name="result_v1">
      <skipped message="Reason: On CRAN ('test-markdown-snaps.R:40:7')"/>
    </testcase>
    <testcase time="0.301000000000045" classname="markdown_snaps" name="result_v1">
      <skipped message="Reason: On CRAN ('test-markdown-snaps.R:40:7')"/>
    </testcase>
    <testcase time="0.0289999999999964" classname="markdown_snaps" name="lsting">
      <skipped message="Reason: On CRAN ('test-markdown-snaps.R:40:7')"/>
    </testcase>
    <testcase time="0.0249999999999773" classname="markdown_snaps" name="lsting">
      <skipped message="Reason: On CRAN ('test-markdown-snaps.R:40:7')"/>
    </testcase>
    <testcase time="0.0480000000000018" classname="markdown_snaps" name="lsting">
      <skipped message="Reason: On CRAN ('test-markdown-snaps.R:40:7')"/>
    </testcase>
    <testcase time="0.0509999999999309" classname="markdown_snaps" name="lsting">
      <skipped message="Reason: On CRAN ('test-markdown-snaps.R:40:7')"/>
    </testcase>
    <testcase time="0.0520000000000209" classname="markdown_snaps" name="lsting">
      <skipped message="Reason: On CRAN ('test-markdown-snaps.R:40:7')"/>
    </testcase>
    <testcase time="0.0380000000000109" classname="markdown_snaps" name="lsting">
      <skipped message="Reason: On CRAN ('test-markdown-snaps.R:40:7')"/>
    </testcase>
    <testcase time="0.113000000000056" classname="markdown_snaps" name="result_v1">
      <skipped message="Reason: On CRAN ('test-markdown-snaps.R:40:7')"/>
    </testcase>
    <testcase time="0.325999999999908" classname="markdown_snaps" name="result_v2">
      <skipped message="Reason: On CRAN ('test-markdown-snaps.R:40:7')"/>
    </testcase>
    <testcase time="0.0760000000000218" classname="markdown_snaps" name="result_v3">
      <skipped message="Reason: On CRAN ('test-markdown-snaps.R:40:7')"/>
    </testcase>
    <testcase time="0.106999999999971" classname="markdown_snaps" name="result_v4">
      <skipped message="Reason: On CRAN ('test-markdown-snaps.R:40:7')"/>
    </testcase>
    <testcase time="0.117999999999938" classname="markdown_snaps" name="result_v1">
      <skipped message="Reason: On CRAN ('test-markdown-snaps.R:40:7')"/>
    </testcase>
    <testcase time="0.130999999999972" classname="markdown_snaps" name="result_v2">
      <skipped message="Reason: On CRAN ('test-markdown-snaps.R:40:7')"/>
    </testcase>
    <testcase time="0.19500000000005" classname="markdown_snaps" name="result_v3">
      <skipped message="Reason: On CRAN ('test-markdown-snaps.R:40:7')"/>
    </testcase>
    <testcase time="0.148000000000025" classname="markdown_snaps" name="result_v4">
      <skipped message="Reason: On CRAN ('test-markdown-snaps.R:40:7')"/>
    </testcase>
    <testcase time="0.275999999999954" classname="markdown_snaps" name="result_v1">
      <skipped message="Reason: On CRAN ('test-markdown-snaps.R:40:7')"/>
    </testcase>
    <testcase time="0.176000000000045" classname="markdown_snaps" name="result_v2">
      <skipped message="Reason: On CRAN ('test-markdown-snaps.R:40:7')"/>
    </testcase>
    <testcase time="0.16599999999994" classname="markdown_snaps" name="result_v3">
      <skipped message="Reason: On CRAN ('test-markdown-snaps.R:40:7')"/>
    </testcase>
    <testcase time="0.243000000000052" classname="markdown_snaps" name="result_v4">
      <skipped message="Reason: On CRAN ('test-markdown-snaps.R:40:7')"/>
    </testcase>
    <testcase time="0.0819999999999936" classname="markdown_snaps" name="result_v5">
      <skipped message="Reason: On CRAN ('test-markdown-snaps.R:40:7')"/>
    </testcase>
    <testcase time="0.149999999999977" classname="markdown_snaps" name="result_v6">
      <skipped message="Reason: On CRAN ('test-markdown-snaps.R:40:7')"/>
    </testcase>
    <testcase time="0.0879999999999654" classname="markdown_snaps" name="result_v7">
      <skipped message="Reason: On CRAN ('test-markdown-snaps.R:40:7')"/>
    </testcase>
    <testcase time="0.123000000000047" classname="markdown_snaps" name="result_v8">
      <skipped message="Reason: On CRAN ('test-markdown-snaps.R:40:7')"/>
    </testcase>
    <testcase time="0.0879999999999654" classname="markdown_snaps" name="result_v9">
      <skipped message="Reason: On CRAN ('test-markdown-snaps.R:40:7')"/>
    </testcase>
    <testcase time="0.0930000000000746" classname="markdown_snaps" name="result_v10">
      <skipped message="Reason: On CRAN ('test-markdown-snaps.R:40:7')"/>
    </testcase>
    <testcase time="0.06899999999996" classname="markdown_snaps" name="result_v11">
      <skipped message="Reason: On CRAN ('test-markdown-snaps.R:40:7')"/>
    </testcase>
    <testcase time="0.09699999999998" classname="markdown_snaps" name="result_v12">
      <skipped message="Reason: On CRAN ('test-markdown-snaps.R:40:7')"/>
    </testcase>
    <testcase time="0.0720000000000027" classname="markdown_snaps" name="result_v13">
      <skipped message="Reason: On CRAN ('test-markdown-snaps.R:40:7')"/>
    </testcase>
    <testcase time="0.0629999999999882" classname="markdown_snaps" name="result_v1">
      <skipped message="Reason: On CRAN ('test-markdown-snaps.R:40:7')"/>
    </testcase>
    <testcase time="0.0869999999999891" classname="markdown_snaps" name="result_v2">
      <skipped message="Reason: On CRAN ('test-markdown-snaps.R:40:7')"/>
    </testcase>
    <testcase time="0.319000000000074" classname="markdown_snaps" name="result_v1">
      <skipped message="Reason: On CRAN ('test-markdown-snaps.R:40:7')"/>
    </testcase>
    <testcase time="0.672000000000025" classname="markdown_snaps" name="result_v1">
      <skipped message="Reason: On CRAN ('test-markdown-snaps.R:40:7')"/>
    </testcase>
    <testcase time="0.367999999999938" classname="markdown_snaps" name="result_v2">
      <skipped message="Reason: On CRAN ('test-markdown-snaps.R:40:7')"/>
    </testcase>
    <testcase time="0.716999999999985" classname="markdown_snaps" name="result_v3">
      <skipped message="Reason: On CRAN ('test-markdown-snaps.R:40:7')"/>
    </testcase>
    <testcase time="0.38900000000001" classname="markdown_snaps" name="result_v4">
      <skipped message="Reason: On CRAN ('test-markdown-snaps.R:40:7')"/>
    </testcase>
    <testcase time="0.366999999999962" classname="markdown_snaps" name="result_v6">
      <skipped message="Reason: On CRAN ('test-markdown-snaps.R:40:7')"/>
    </testcase>
    <testcase time="0.37600000000009" classname="markdown_snaps" name="result_v8">
      <skipped message="Reason: On CRAN ('test-markdown-snaps.R:40:7')"/>
    </testcase>
    <testcase time="0.370999999999981" classname="markdown_snaps" name="result_v9">
      <skipped message="Reason: On CRAN ('test-markdown-snaps.R:40:7')"/>
    </testcase>
    <testcase time="0.365999999999985" classname="markdown_snaps" name="result_v11">
      <skipped message="Reason: On CRAN ('test-markdown-snaps.R:40:7')"/>
    </testcase>
    <testcase time="1.08699999999999" classname="markdown_snaps" name="result_v1">
      <skipped message="Reason: On CRAN ('test-markdown-snaps.R:40:7')"/>
    </testcase>
    <testcase time="0.0990000000000464" classname="markdown_snaps" name="result_v2">
      <skipped message="Reason: On CRAN ('test-markdown-snaps.R:40:7')"/>
    </testcase>
    <testcase time="0.122999999999934" classname="markdown_snaps" name="result_v3">
      <skipped message="Reason: On CRAN ('test-markdown-snaps.R:40:7')"/>
    </testcase>
    <testcase time="0.0869999999999891" classname="markdown_snaps" name="result_v4">
      <skipped message="Reason: On CRAN ('test-markdown-snaps.R:40:7')"/>
    </testcase>
    <testcase time="0.15300000000002" classname="markdown_snaps" name="result_v5">
      <skipped message="Reason: On CRAN ('test-markdown-snaps.R:40:7')"/>
    </testcase>
    <testcase time="0.148000000000025" classname="markdown_snaps" name="result_v6">
      <skipped message="Reason: On CRAN ('test-markdown-snaps.R:40:7')"/>
    </testcase>
    <testcase time="0.109000000000037" classname="markdown_snaps" name="result_v7">
      <skipped message="Reason: On CRAN ('test-markdown-snaps.R:40:7')"/>
    </testcase>
    <testcase time="0.115999999999985" classname="markdown_snaps" name="result_v8">
      <skipped message="Reason: On CRAN ('test-markdown-snaps.R:40:7')"/>
    </testcase>
    <testcase time="0.0489999999999782" classname="markdown_snaps" name="result_v1">
      <skipped message="Reason: On CRAN ('test-markdown-snaps.R:40:7')"/>
    </testcase>
    <testcase time="0.0459999999999354" classname="markdown_snaps" name="result_v2">
      <skipped message="Reason: On CRAN ('test-markdown-snaps.R:40:7')"/>
    </testcase>
    <testcase time="0.0480000000000018" classname="markdown_snaps" name="result_v1">
      <skipped message="Reason: On CRAN ('test-markdown-snaps.R:40:7')"/>
    </testcase>
    <testcase time="0.0460000000000491" classname="markdown_snaps" name="result_v2">
      <skipped message="Reason: On CRAN ('test-markdown-snaps.R:40:7')"/>
    </testcase>
    <testcase time="0.436000000000035" classname="markdown_snaps" name="result_v1">
      <skipped message="Reason: On CRAN ('test-markdown-snaps.R:40:7')"/>
    </testcase>
    <testcase time="0.245000000000005" classname="markdown_snaps" name="result_v2">
      <skipped message="Reason: On CRAN ('test-markdown-snaps.R:40:7')"/>
    </testcase>
    <testcase time="0.295999999999935" classname="markdown_snaps" name="result_v3">
      <skipped message="Reason: On CRAN ('test-markdown-snaps.R:40:7')"/>
    </testcase>
    <testcase time="0.199000000000069" classname="markdown_snaps" name="result_v4">
      <skipped message="Reason: On CRAN ('test-markdown-snaps.R:40:7')"/>
    </testcase>
    <testcase time="0.322999999999979" classname="markdown_snaps" name="result_v5">
      <skipped message="Reason: On CRAN ('test-markdown-snaps.R:40:7')"/>
    </testcase>
    <testcase time="0.110000000000014" classname="markdown_snaps" name="result_v1">
      <skipped message="Reason: On CRAN ('test-markdown-snaps.R:40:7')"/>
    </testcase>
    <testcase time="0.113999999999919" classname="markdown_snaps" name="result_v2">
      <skipped message="Reason: On CRAN ('test-markdown-snaps.R:40:7')"/>
    </testcase>
    <testcase time="0.0890000000000555" classname="markdown_snaps" name="result_v3">
      <skipped message="Reason: On CRAN ('test-markdown-snaps.R:40:7')"/>
    </testcase>
    <testcase time="0.0460000000000491" classname="markdown_snaps" name="result_v1">
      <skipped message="Reason: On CRAN ('test-markdown-snaps.R:40:7')"/>
    </testcase>
    <testcase time="0.0459999999999354" classname="markdown_snaps" name="result_v2">
      <skipped message="Reason: On CRAN ('test-markdown-snaps.R:40:7')"/>
    </testcase>
    <testcase time="0.142000000000053" classname="markdown_snaps" name="result_v1">
      <skipped message="Reason: On CRAN ('test-markdown-snaps.R:40:7')"/>
    </testcase>
    <testcase time="0.164999999999964" classname="markdown_snaps" name="result_v2">
      <skipped message="Reason: On CRAN ('test-markdown-snaps.R:40:7')"/>
    </testcase>
    <testcase time="0.134999999999991" classname="markdown_snaps" name="result_v1">
      <skipped message="Reason: On CRAN ('test-markdown-snaps.R:40:7')"/>
    </testcase>
    <testcase time="0.0789999999999509" classname="markdown_snaps" name="result_v2">
      <skipped message="Reason: On CRAN ('test-markdown-snaps.R:40:7')"/>
    </testcase>
    <testcase time="0.100000000000023" classname="markdown_snaps" name="result_v1">
      <skipped message="Reason: On CRAN ('test-markdown-snaps.R:40:7')"/>
    </testcase>
    <testcase time="0.0740000000000691" classname="markdown_snaps" name="result_v2">
      <skipped message="Reason: On CRAN ('test-markdown-snaps.R:40:7')"/>
    </testcase>
    <testcase time="0.0529999999999973" classname="markdown_snaps" name="lsting">
      <skipped message="Reason: On CRAN ('test-markdown-snaps.R:40:7')"/>
    </testcase>
    <testcase time="0.02699999999993" classname="markdown_snaps" name="lsting">
      <skipped message="Reason: On CRAN ('test-markdown-snaps.R:40:7')"/>
    </testcase>
    <testcase time="0.0300000000000864" classname="markdown_snaps" name="lsting">
      <skipped message="Reason: On CRAN ('test-markdown-snaps.R:40:7')"/>
    </testcase>
    <testcase time="0.116999999999962" classname="markdown_snaps" name="result_v1">
      <skipped message="Reason: On CRAN ('test-markdown-snaps.R:40:7')"/>
    </testcase>
    <testcase time="0.0749999999999318" classname="markdown_snaps" name="result_v2">
      <skipped message="Reason: On CRAN ('test-markdown-snaps.R:40:7')"/>
    </testcase>
    <testcase time="0.0920000000000982" classname="markdown_snaps" name="result_v3">
      <skipped message="Reason: On CRAN ('test-markdown-snaps.R:40:7')"/>
    </testcase>
    <testcase time="0.103999999999928" classname="markdown_snaps" name="result_v4">
      <skipped message="Reason: On CRAN ('test-markdown-snaps.R:40:7')"/>
    </testcase>
    <testcase time="0.206000000000017" classname="markdown_snaps" name="result_v1">
      <skipped message="Reason: On CRAN ('test-markdown-snaps.R:40:7')"/>
    </testcase>
    <testcase time="0.163000000000011" classname="markdown_snaps" name="result_v2">
      <skipped message="Reason: On CRAN ('test-markdown-snaps.R:40:7')"/>
    </testcase>
    <testcase time="0.173999999999978" classname="markdown_snaps" name="result_v3">
      <skipped message="Reason: On CRAN ('test-markdown-snaps.R:40:7')"/>
    </testcase>
    <testcase time="0.13900000000001" classname="markdown_snaps" name="result_v4">
      <skipped message="Reason: On CRAN ('test-markdown-snaps.R:40:7')"/>
    </testcase>
    <testcase time="0.326000000000022" classname="markdown_snaps" name="result_v1">
      <skipped message="Reason: On CRAN ('test-markdown-snaps.R:40:7')"/>
    </testcase>
    <testcase time="0.19399999999996" classname="markdown_snaps" name="result_v2">
      <skipped message="Reason: On CRAN ('test-markdown-snaps.R:40:7')"/>
    </testcase>
    <testcase time="0.277000000000044" classname="markdown_snaps" name="result_v4">
      <skipped message="Reason: On CRAN ('test-markdown-snaps.R:40:7')"/>
    </testcase>
    <testcase time="0.0819999999999936" classname="markdown_snaps" name="result_v1">
      <skipped message="Reason: On CRAN ('test-markdown-snaps.R:40:7')"/>
    </testcase>
    <testcase time="0.169999999999959" classname="markdown_snaps" name="result_v1">
      <skipped message="Reason: On CRAN ('test-markdown-snaps.R:40:7')"/>
    </testcase>
    <testcase time="0.136000000000081" classname="markdown_snaps" name="result_v2">
      <skipped message="Reason: On CRAN ('test-markdown-snaps.R:40:7')"/>
    </testcase>
    <testcase time="0.0699999999999363" classname="markdown_snaps" name="result_v3">
      <skipped message="Reason: On CRAN ('test-markdown-snaps.R:40:7')"/>
    </testcase>
    <testcase time="0.0850000000000364" classname="markdown_snaps" name="result_v4">
      <skipped message="Reason: On CRAN ('test-markdown-snaps.R:40:7')"/>
    </testcase>
    <testcase time="0.206999999999994" classname="markdown_snaps" name="result_v1">
      <skipped message="Reason: On CRAN ('test-markdown-snaps.R:40:7')"/>
    </testcase>
    <testcase time="0.149000000000001" classname="markdown_snaps" name="result_v2">
      <skipped message="Reason: On CRAN ('test-markdown-snaps.R:40:7')"/>
    </testcase>
    <testcase time="0.144999999999982" classname="markdown_snaps" name="result_v3">
      <skipped message="Reason: On CRAN ('test-markdown-snaps.R:40:7')"/>
    </testcase>
    <testcase time="0.131999999999948" classname="markdown_snaps" name="result_v4">
      <skipped message="Reason: On CRAN ('test-markdown-snaps.R:40:7')"/>
    </testcase>
    <testcase time="0.11200000000008" classname="markdown_snaps" name="result_v5">
      <skipped message="Reason: On CRAN ('test-markdown-snaps.R:40:7')"/>
    </testcase>
    <testcase time="0.02699999999993" classname="markdown_snaps" name="lsting">
      <skipped message="Reason: On CRAN ('test-markdown-snaps.R:40:7')"/>
    </testcase>
    <testcase time="0.13900000000001" classname="markdown_snaps" name="result_v1">
      <skipped message="Reason: On CRAN ('test-markdown-snaps.R:40:7')"/>
    </testcase>
    <testcase time="0.148000000000025" classname="markdown_snaps" name="result_v2">
      <skipped message="Reason: On CRAN ('test-markdown-snaps.R:40:7')"/>
    </testcase>
    <testcase time="0.0900000000000318" classname="markdown_snaps" name="result_v3">
      <skipped message="Reason: On CRAN ('test-markdown-snaps.R:40:7')"/>
    </testcase>
    <testcase time="0.0979999999999563" classname="markdown_snaps" name="result_v4">
      <skipped message="Reason: On CRAN ('test-markdown-snaps.R:40:7')"/>
    </testcase>
    <testcase time="0.0740000000000691" classname="markdown_snaps" name="result_v5">
      <skipped message="Reason: On CRAN ('test-markdown-snaps.R:40:7')"/>
    </testcase>
    <testcase time="0.0419999999999163" classname="markdown_snaps" name="result_v6">
      <skipped message="Reason: On CRAN ('test-markdown-snaps.R:40:7')"/>
    </testcase>
    <testcase time="0.124000000000024" classname="markdown_snaps" name="result_v1">
      <skipped message="Reason: On CRAN ('test-markdown-snaps.R:40:7')"/>
    </testcase>
    <testcase time="0.0869999999999891" classname="markdown_snaps" name="result_v1">
      <skipped message="Reason: On CRAN ('test-markdown-snaps.R:40:7')"/>
    </testcase>
    <testcase time="0.0330000000000155" classname="markdown_snaps" name="lsting">
      <skipped message="Reason: On CRAN ('test-markdown-snaps.R:40:7')"/>
    </testcase>
    <testcase time="0.0349999999999682" classname="markdown_snaps" name="lsting">
      <skipped message="Reason: On CRAN ('test-markdown-snaps.R:40:7')"/>
    </testcase>
    <testcase time="0.152000000000044" classname="markdown_snaps" name="result_v1">
      <skipped message="Reason: On CRAN ('test-markdown-snaps.R:40:7')"/>
    </testcase>
    <testcase time="0.0860000000000127" classname="markdown_snaps" name="result_v2">
      <skipped message="Reason: On CRAN ('test-markdown-snaps.R:40:7')"/>
    </testcase>
    <testcase time="0.0990000000000464" classname="markdown_snaps" name="result_v3">
      <skipped message="Reason: On CRAN ('test-markdown-snaps.R:40:7')"/>
    </testcase>
    <testcase time="0.15199999999993" classname="markdown_snaps" name="result_v1">
      <skipped message="Reason: On CRAN ('test-markdown-snaps.R:40:7')"/>
    </testcase>
    <testcase time="0.0650000000000546" classname="markdown_snaps" name="result_v1">
      <skipped message="Reason: On CRAN ('test-markdown-snaps.R:40:7')"/>
    </testcase>
    <testcase time="0.983999999999924" classname="markdown_snaps" name="result_v1">
      <skipped message="Reason: On CRAN ('test-markdown-snaps.R:40:7')"/>
    </testcase>
    <testcase time="0.149000000000001" classname="markdown_snaps" name="result_v1">
      <skipped message="Reason: On CRAN ('test-markdown-snaps.R:40:7')"/>
    </testcase>
    <testcase time="0.963000000000079" classname="markdown_snaps" name="result_v1">
      <skipped message="Reason: On CRAN ('test-markdown-snaps.R:40:7')"/>
    </testcase>
    <testcase time="0.197000000000003" classname="markdown_snaps" name="result_v1">
      <skipped message="Reason: On CRAN ('test-markdown-snaps.R:40:7')"/>
    </testcase>
    <testcase time="2.02999999999997" classname="markdown_snaps" name="result_v1">
      <skipped message="Reason: On CRAN ('test-markdown-snaps.R:40:7')"/>
    </testcase>
    <testcase time="0.240000000000009" classname="markdown_snaps" name="result_v2">
      <skipped message="Reason: On CRAN ('test-markdown-snaps.R:40:7')"/>
    </testcase>
    <testcase time="0.115000000000009" classname="markdown_snaps" name="result_v1">
      <skipped message="Reason: On CRAN ('test-markdown-snaps.R:40:7')"/>
    </testcase>
    <testcase time="0.0800000000000409" classname="markdown_snaps" name="result_v2">
      <skipped message="Reason: On CRAN ('test-markdown-snaps.R:40:7')"/>
    </testcase>
    <testcase time="0.0960000000000036" classname="markdown_snaps" name="result_v3">
      <skipped message="Reason: On CRAN ('test-markdown-snaps.R:40:7')"/>
    </testcase>
    <testcase time="0.0999999999999091" classname="markdown_snaps" name="result_v4">
      <skipped message="Reason: On CRAN ('test-markdown-snaps.R:40:7')"/>
    </testcase>
    <testcase time="0.0740000000000691" classname="markdown_snaps" name="result_v1">
      <skipped message="Reason: On CRAN ('test-markdown-snaps.R:40:7')"/>
    </testcase>
    <testcase time="0.0570000000000164" classname="markdown_snaps" name="result_v2">
      <skipped message="Reason: On CRAN ('test-markdown-snaps.R:40:7')"/>
    </testcase>
    <testcase time="0.966999999999985" classname="markdown_snaps" name="result_v1">
      <skipped message="Reason: On CRAN ('test-markdown-snaps.R:40:7')"/>
    </testcase>
    <testcase time="0.08299999999997" classname="markdown_snaps" name="result_v2">
      <skipped message="Reason: On CRAN ('test-markdown-snaps.R:40:7')"/>
    </testcase>
    <testcase time="0.0850000000000364" classname="markdown_snaps" name="result_v3">
      <skipped message="Reason: On CRAN ('test-markdown-snaps.R:40:7')"/>
    </testcase>
    <testcase time="0.0860000000000127" classname="markdown_snaps" name="result_v4">
      <skipped message="Reason: On CRAN ('test-markdown-snaps.R:40:7')"/>
    </testcase>
    <testcase time="0.164999999999964" classname="markdown_snaps" name="result_v1">
      <skipped message="Reason: On CRAN ('test-markdown-snaps.R:40:7')"/>
    </testcase>
    <testcase time="0.157000000000039" classname="markdown_snaps" name="result_v2">
      <skipped message="Reason: On CRAN ('test-markdown-snaps.R:40:7')"/>
    </testcase>
    <testcase time="0.115999999999985" classname="markdown_snaps" name="result_v3">
      <skipped message="Reason: On CRAN ('test-markdown-snaps.R:40:7')"/>
    </testcase>
    <testcase time="0.140999999999963" classname="markdown_snaps" name="result_v4">
      <skipped message="Reason: On CRAN ('test-markdown-snaps.R:40:7')"/>
    </testcase>
    <testcase time="0.191000000000031" classname="markdown_snaps" name="result_v1">
      <skipped message="Reason: On CRAN ('test-markdown-snaps.R:40:7')"/>
    </testcase>
    <testcase time="0.0810000000000173" classname="markdown_snaps" name="result_v2">
      <skipped message="Reason: On CRAN ('test-markdown-snaps.R:40:7')"/>
    </testcase>
    <testcase time="0.23599999999999" classname="markdown_snaps" name="result_v3">
      <skipped message="Reason: On CRAN ('test-markdown-snaps.R:40:7')"/>
    </testcase>
    <testcase time="0.0399999999999636" classname="markdown_snaps" name="lsting">
      <skipped message="Reason: On CRAN ('test-markdown-snaps.R:40:7')"/>
    </testcase>
    <testcase time="0.178999999999974" classname="markdown_snaps" name="result_v1">
      <skipped message="Reason: On CRAN ('test-markdown-snaps.R:40:7')"/>
    </testcase>
    <testcase time="0.0950000000000273" classname="markdown_snaps" name="result_v2">
      <skipped message="Reason: On CRAN ('test-markdown-snaps.R:40:7')"/>
    </testcase>
    <testcase time="0.106999999999971" classname="markdown_snaps" name="result_v3">
      <skipped message="Reason: On CRAN ('test-markdown-snaps.R:40:7')"/>
    </testcase>
    <testcase time="0.0880000000000791" classname="markdown_snaps" name="result_v4">
      <skipped message="Reason: On CRAN ('test-markdown-snaps.R:40:7')"/>
    </testcase>
    <testcase time="0.11099999999999" classname="markdown_snaps" name="result_v1">
      <skipped message="Reason: On CRAN ('test-markdown-snaps.R:40:7')"/>
    </testcase>
    <testcase time="0.44399999999996" classname="markdown_snaps" name="result_v1">
      <skipped message="Reason: On CRAN ('test-markdown-snaps.R:40:7')"/>
    </testcase>
    <testcase time="0.0919999999999845" classname="markdown_snaps" name="result_v2">
      <skipped message="Reason: On CRAN ('test-markdown-snaps.R:40:7')"/>
    </testcase>
    <testcase time="0.11099999999999" classname="markdown_snaps" name="result_v3">
      <skipped message="Reason: On CRAN ('test-markdown-snaps.R:40:7')"/>
    </testcase>
    <testcase time="0.11200000000008" classname="markdown_snaps" name="result_v4">
      <skipped message="Reason: On CRAN ('test-markdown-snaps.R:40:7')"/>
    </testcase>
    <testcase time="0.0979999999999563" classname="markdown_snaps" name="result_v5">
      <skipped message="Reason: On CRAN ('test-markdown-snaps.R:40:7')"/>
    </testcase>
    <testcase time="0.0819999999999936" classname="markdown_snaps" name="result_v6">
      <skipped message="Reason: On CRAN ('test-markdown-snaps.R:40:7')"/>
    </testcase>
    <testcase time="1.24000000000001" classname="markdown_snaps" name="result_v1">
      <skipped message="Reason: On CRAN ('test-markdown-snaps.R:40:7')"/>
    </testcase>
    <testcase time="0.115000000000009" classname="markdown_snaps" name="result_v2">
      <skipped message="Reason: On CRAN ('test-markdown-snaps.R:40:7')"/>
    </testcase>
    <testcase time="0.212999999999965" classname="markdown_snaps" name="result_v3">
      <skipped message="Reason: On CRAN ('test-markdown-snaps.R:40:7')"/>
    </testcase>
    <testcase time="0.143000000000029" classname="markdown_snaps" name="result_v4">
      <skipped message="Reason: On CRAN ('test-markdown-snaps.R:40:7')"/>
    </testcase>
    <testcase time="0.119000000000028" classname="markdown_snaps" name="result_v5">
      <skipped message="Reason: On CRAN ('test-markdown-snaps.R:40:7')"/>
    </testcase>
    <testcase time="0.127999999999929" classname="markdown_snaps" name="result_v6">
      <skipped message="Reason: On CRAN ('test-markdown-snaps.R:40:7')"/>
    </testcase>
    <testcase time="0.0410000000000537" classname="markdown_snaps" name="lsting">
      <skipped message="Reason: On CRAN ('test-markdown-snaps.R:40:7')"/>
    </testcase>
    <testcase time="0.212999999999965" classname="markdown_snaps" name="result_v1">
      <skipped message="Reason: On CRAN ('test-markdown-snaps.R:40:7')"/>
    </testcase>
    <testcase time="0.175000000000068" classname="markdown_snaps" name="result_v2">
      <skipped message="Reason: On CRAN ('test-markdown-snaps.R:40:7')"/>
    </testcase>
    <testcase time="0.227999999999952" classname="markdown_snaps" name="result_v3">
      <skipped message="Reason: On CRAN ('test-markdown-snaps.R:40:7')"/>
    </testcase>
    <testcase time="0.0430000000000064" classname="markdown_snaps" name="lsting">
      <skipped message="Reason: On CRAN ('test-markdown-snaps.R:40:7')"/>
    </testcase>
    <testcase time="0.0370000000000346" classname="markdown_snaps" name="lsting">
      <skipped message="Reason: On CRAN ('test-markdown-snaps.R:40:7')"/>
    </testcase>
    <testcase time="0.0389999999999873" classname="markdown_snaps" name="lsting">
      <skipped message="Reason: On CRAN ('test-markdown-snaps.R:40:7')"/>
    </testcase>
    <testcase time="0.0529999999999973" classname="markdown_snaps" name="lsting">
      <skipped message="Reason: On CRAN ('test-markdown-snaps.R:40:7')"/>
    </testcase>
    <testcase time="0.04099999999994" classname="markdown_snaps" name="lsting">
      <skipped message="Reason: On CRAN ('test-markdown-snaps.R:40:7')"/>
    </testcase>
    <testcase time="0.202999999999975" classname="markdown_snaps" name="result_v1">
      <skipped message="Reason: On CRAN ('test-markdown-snaps.R:40:7')"/>
    </testcase>
    <testcase time="0.169000000000096" classname="markdown_snaps" name="result_v1">
      <skipped message="Reason: On CRAN ('test-markdown-snaps.R:40:7')"/>
    </testcase>
    <testcase time="0.140999999999963" classname="markdown_snaps" name="result_v1">
      <skipped message="Reason: On CRAN ('test-markdown-snaps.R:40:7')"/>
    </testcase>
    <testcase time="0.128000000000043" classname="markdown_snaps" name="result_v2">
      <skipped message="Reason: On CRAN ('test-markdown-snaps.R:40:7')"/>
    </testcase>
    <testcase time="0.0669999999998936" classname="markdown_snaps" name="result_v1">
      <skipped message="Reason: On CRAN ('test-markdown-snaps.R:40:7')"/>
    </testcase>
    <testcase time="0.15400000000011" classname="markdown_snaps" name="result_v1">
      <skipped message="Reason: On CRAN ('test-markdown-snaps.R:40:7')"/>
    </testcase>
    <testcase time="0.129999999999995" classname="markdown_snaps" name="result_v2">
      <skipped message="Reason: On CRAN ('test-markdown-snaps.R:40:7')"/>
    </testcase>
    <testcase time="0.102999999999952" classname="markdown_snaps" name="result_v4">
      <skipped message="Reason: On CRAN ('test-markdown-snaps.R:40:7')"/>
    </testcase>
    <testcase time="0.232999999999947" classname="markdown_snaps" name="result_v1">
      <skipped message="Reason: On CRAN ('test-markdown-snaps.R:40:7')"/>
    </testcase>
    <testcase time="0.472000000000094" classname="markdown_snaps" name="result_v2">
      <skipped message="Reason: On CRAN ('test-markdown-snaps.R:40:7')"/>
    </testcase>
    <testcase time="0.144000000000005" classname="markdown_snaps" name="result_v1">
      <skipped message="Reason: On CRAN ('test-markdown-snaps.R:40:7')"/>
    </testcase>
    <testcase time="0.134999999999991" classname="markdown_snaps" name="result_v1">
      <skipped message="Reason: On CRAN ('test-markdown-snaps.R:40:7')"/>
    </testcase>
    <testcase time="0.326999999999998" classname="markdown_snaps" name="result_v1">
      <skipped message="Reason: On CRAN ('test-markdown-snaps.R:40:7')"/>
    </testcase>
    <testcase time="0.177999999999997" classname="markdown_snaps" name="result_v2">
      <skipped message="Reason: On CRAN ('test-markdown-snaps.R:40:7')"/>
    </testcase>
    <testcase time="0.0659999999999172" classname="markdown_snaps" name="result_v1">
      <skipped message="Reason: On CRAN ('test-markdown-snaps.R:40:7')"/>
    </testcase>
    <testcase time="0.0570000000000164" classname="markdown_snaps" name="result_v2">
      <skipped message="Reason: On CRAN ('test-markdown-snaps.R:40:7')"/>
    </testcase>
    <testcase time="0.0720000000000027" classname="markdown_snaps" name="result_v1">
      <skipped message="Reason: On CRAN ('test-markdown-snaps.R:40:7')"/>
    </testcase>
    <testcase time="0.0480000000000018" classname="markdown_snaps" name="result_v2">
      <skipped message="Reason: On CRAN ('test-markdown-snaps.R:40:7')"/>
    </testcase>
    <testcase time="0.312000000000012" classname="markdown_snaps" name="result_v1">
      <skipped message="Reason: On CRAN ('test-markdown-snaps.R:40:7')"/>
    </testcase>
    <testcase time="0.06899999999996" classname="markdown_snaps" name="result_v2">
      <skipped message="Reason: On CRAN ('test-markdown-snaps.R:40:7')"/>
    </testcase>
    <testcase time="0.100000000000023" classname="markdown_snaps" name="result_v3">
      <skipped message="Reason: On CRAN ('test-markdown-snaps.R:40:7')"/>
    </testcase>
    <testcase time="0.329000000000065" classname="markdown_snaps" name="result_v1">
      <skipped message="Reason: On CRAN ('test-markdown-snaps.R:40:7')"/>
    </testcase>
    <testcase time="0.0679999999999836" classname="markdown_snaps" name="result_v2">
      <skipped message="Reason: On CRAN ('test-markdown-snaps.R:40:7')"/>
    </testcase>
    <testcase time="0.09699999999998" classname="markdown_snaps" name="result_v3">
      <skipped message="Reason: On CRAN ('test-markdown-snaps.R:40:7')"/>
    </testcase>
    <testcase time="0.0890000000000555" classname="markdown_snaps" name="result_v1">
      <skipped message="Reason: On CRAN ('test-markdown-snaps.R:40:7')"/>
    </testcase>
    <testcase time="0.100999999999999" classname="markdown_snaps" name="result_v1">
      <skipped message="Reason: On CRAN ('test-markdown-snaps.R:40:7')"/>
    </testcase>
    <testcase time="0.719999999999914" classname="markdown_snaps" name="result_v1">
      <skipped message="Reason: On CRAN ('test-markdown-snaps.R:40:7')"/>
    </testcase>
    <testcase time="0.48700000000008" classname="markdown_snaps" name="result_v2">
      <skipped message="Reason: On CRAN ('test-markdown-snaps.R:40:7')"/>
    </testcase>
    <testcase time="0.473999999999933" classname="markdown_snaps" name="result_v3">
      <skipped message="Reason: On CRAN ('test-markdown-snaps.R:40:7')"/>
    </testcase>
    <testcase time="0.469000000000051" classname="markdown_snaps" name="result_v4">
      <skipped message="Reason: On CRAN ('test-markdown-snaps.R:40:7')"/>
    </testcase>
    <testcase time="0.893000000000029" classname="markdown_snaps" name="result_v5">
      <skipped message="Reason: On CRAN ('test-markdown-snaps.R:40:7')"/>
    </testcase>
    <testcase time="0.742999999999938" classname="markdown_snaps" name="result_v1">
      <skipped message="Reason: On CRAN ('test-markdown-snaps.R:40:7')"/>
    </testcase>
    <testcase time="0.255999999999972" classname="markdown_snaps" name="result_v2">
      <skipped message="Reason: On CRAN ('test-markdown-snaps.R:40:7')"/>
    </testcase>
    <testcase time="0.257000000000062" classname="markdown_snaps" name="result_v3">
      <skipped message="Reason: On CRAN ('test-markdown-snaps.R:40:7')"/>
    </testcase>
    <testcase time="0.257999999999925" classname="markdown_snaps" name="result_v4">
      <skipped message="Reason: On CRAN ('test-markdown-snaps.R:40:7')"/>
    </testcase>
    <testcase time="0.5150000000001" classname="markdown_snaps" name="result_v5">
      <skipped message="Reason: On CRAN ('test-markdown-snaps.R:40:7')"/>
    </testcase>
    <testcase time="0.0919999999999845" classname="markdown_snaps" name="result_v1">
      <skipped message="Reason: On CRAN ('test-markdown-snaps.R:40:7')"/>
    </testcase>
    <testcase time="0.0789999999999509" classname="markdown_snaps" name="result_v2">
      <skipped message="Reason: On CRAN ('test-markdown-snaps.R:40:7')"/>
    </testcase>
    <testcase time="0.0439999999999827" classname="markdown_snaps" name="lsting">
      <skipped message="Reason: On CRAN ('test-markdown-snaps.R:40:7')"/>
    </testcase>
    <testcase time="0.143000000000029" classname="markdown_snaps" name="result_v1">
      <skipped message="Reason: On CRAN ('test-markdown-snaps.R:40:7')"/>
    </testcase>
    <testcase time="0.0570000000000164" classname="markdown_snaps" name="result_v2">
      <skipped message="Reason: On CRAN ('test-markdown-snaps.R:40:7')"/>
    </testcase>
    <testcase time="0.110000000000014" classname="markdown_snaps" name="result_v3">
      <skipped message="Reason: On CRAN ('test-markdown-snaps.R:40:7')"/>
    </testcase>
    <testcase time="0.127999999999929" classname="markdown_snaps" name="result_v4">
      <skipped message="Reason: On CRAN ('test-markdown-snaps.R:40:7')"/>
    </testcase>
    <testcase time="0.0360000000000582" classname="markdown_snaps" name="lsting">
      <skipped message="Reason: On CRAN ('test-markdown-snaps.R:40:7')"/>
    </testcase>
    <testcase time="0.0520000000000209" classname="markdown_snaps" name="lsting">
      <skipped message="Reason: On CRAN ('test-markdown-snaps.R:40:7')"/>
    </testcase>
    <testcase time="0.448999999999955" classname="markdown_snaps" name="result_v1">
      <skipped message="Reason: On CRAN ('test-markdown-snaps.R:40:7')"/>
    </testcase>
    <testcase time="0.159999999999968" classname="markdown_snaps" name="result_v2">
      <skipped message="Reason: On CRAN ('test-markdown-snaps.R:40:7')"/>
    </testcase>
    <testcase time="0.143000000000029" classname="markdown_snaps" name="result_v3">
      <skipped message="Reason: On CRAN ('test-markdown-snaps.R:40:7')"/>
    </testcase>
    <testcase time="0.0349999999999682" classname="markdown_snaps" name="lsting">
      <skipped message="Reason: On CRAN ('test-markdown-snaps.R:40:7')"/>
    </testcase>
    <testcase time="0.0360000000000582" classname="markdown_snaps" name="lsting">
      <skipped message="Reason: On CRAN ('test-markdown-snaps.R:40:7')"/>
    </testcase>
    <testcase time="0.0389999999999873" classname="markdown_snaps" name="lsting">
      <skipped message="Reason: On CRAN ('test-markdown-snaps.R:40:7')"/>
    </testcase>
    <testcase time="0.125999999999976" classname="markdown_snaps" name="result_v1">
      <skipped message="Reason: On CRAN ('test-markdown-snaps.R:40:7')"/>
    </testcase>
    <testcase time="0.0890000000000555" classname="markdown_snaps" name="result_v2">
      <skipped message="Reason: On CRAN ('test-markdown-snaps.R:40:7')"/>
    </testcase>
    <testcase time="1.73000000000002" classname="markdown_snaps" name="result_v1">
      <skipped message="Reason: On CRAN ('test-markdown-snaps.R:40:7')"/>
    </testcase>
    <testcase time="0.472999999999956" classname="markdown_snaps" name="result_v2">
      <skipped message="Reason: On CRAN ('test-markdown-snaps.R:40:7')"/>
    </testcase>
    <testcase time="0.125" classname="markdown_snaps" name="result_v3">
      <skipped message="Reason: On CRAN ('test-markdown-snaps.R:40:7')"/>
    </testcase>
    <testcase time="0.163000000000011" classname="markdown_snaps" name="result_v1">
      <skipped message="Reason: On CRAN ('test-markdown-snaps.R:40:7')"/>
    </testcase>
    <testcase time="0.112999999999943" classname="markdown_snaps" name="result_v2">
      <skipped message="Reason: On CRAN ('test-markdown-snaps.R:40:7')"/>
    </testcase>
    <testcase time="0.142000000000053" classname="markdown_snaps" name="result_v1">
      <skipped message="Reason: On CRAN ('test-markdown-snaps.R:40:7')"/>
    </testcase>
    <testcase time="0.0869999999999891" classname="markdown_snaps" name="result_v2">
      <skipped message="Reason: On CRAN ('test-markdown-snaps.R:40:7')"/>
    </testcase>
    <testcase time="0.0629999999999882" classname="markdown_snaps" name="result_v1">
      <skipped message="Reason: On CRAN ('test-markdown-snaps.R:40:7')"/>
    </testcase>
    <testcase time="0.0480000000000018" classname="markdown_snaps" name="result_v2">
      <skipped message="Reason: On CRAN ('test-markdown-snaps.R:40:7')"/>
    </testcase>
    <testcase time="0.0779999999999745" classname="markdown_snaps" name="result_v1">
      <skipped message="Reason: On CRAN ('test-markdown-snaps.R:40:7')"/>
    </testcase>
    <testcase time="0.05600000000004" classname="markdown_snaps" name="result_v2">
      <skipped message="Reason: On CRAN ('test-markdown-snaps.R:40:7')"/>
    </testcase>
    <testcase time="0.115000000000009" classname="markdown_snaps" name="result_v1">
      <skipped message="Reason: On CRAN ('test-markdown-snaps.R:40:7')"/>
    </testcase>
    <testcase time="0.0559999999999263" classname="markdown_snaps" name="result_v1">
      <skipped message="Reason: On CRAN ('test-markdown-snaps.R:40:7')"/>
    </testcase>
    <testcase time="0.0480000000000018" classname="markdown_snaps" name="result_v1">
      <skipped message="Reason: On CRAN ('test-markdown-snaps.R:40:7')"/>
    </testcase>
    <testcase time="0.0880000000000791" classname="markdown_snaps" name="result_v1">
      <skipped message="Reason: On CRAN ('test-markdown-snaps.R:40:7')"/>
    </testcase>
    <testcase time="0.0699999999999363" classname="markdown_snaps" name="result_v2">
      <skipped message="Reason: On CRAN ('test-markdown-snaps.R:40:7')"/>
    </testcase>
    <testcase time="0.0460000000000491" classname="markdown_snaps" name="result_v1">
      <skipped message="Reason: On CRAN ('test-markdown-snaps.R:40:7')"/>
    </testcase>
    <testcase time="0.0570000000000164" classname="markdown_snaps" name="result_v1">
      <skipped message="Reason: On CRAN ('test-markdown-snaps.R:40:7')"/>
    </testcase>
    <testcase time="0.146999999999935" classname="markdown_snaps" name="result_v1">
      <skipped message="Reason: On CRAN ('test-markdown-snaps.R:40:7')"/>
    </testcase>
    <testcase time="0.0690000000000737" classname="markdown_snaps" name="result_v2">
      <skipped message="Reason: On CRAN ('test-markdown-snaps.R:40:7')"/>
    </testcase>
    <testcase time="0.100999999999999" classname="markdown_snaps" name="result_v3">
      <skipped message="Reason: On CRAN ('test-markdown-snaps.R:40:7')"/>
    </testcase>
    <testcase time="0.100999999999999" classname="markdown_snaps" name="result_v4">
      <skipped message="Reason: On CRAN ('test-markdown-snaps.R:40:7')"/>
    </testcase>
    <testcase time="1.01999999999998" classname="markdown_snaps" name="result_v1">
      <skipped message="Reason: On CRAN ('test-markdown-snaps.R:40:7')"/>
    </testcase>
    <testcase time="0.470000000000027" classname="markdown_snaps" name="result_v2">
      <skipped message="Reason: On CRAN ('test-markdown-snaps.R:40:7')"/>
    </testcase>
    <testcase time="0.51299999999992" classname="markdown_snaps" name="result_v3">
      <skipped message="Reason: On CRAN ('test-markdown-snaps.R:40:7')"/>
    </testcase>
    <testcase time="0.468000000000075" classname="markdown_snaps" name="result_v4">
      <skipped message="Reason: On CRAN ('test-markdown-snaps.R:40:7')"/>
    </testcase>
    <testcase time="0.0579999999999927" classname="markdown_snaps" name="lsting">
      <skipped message="Reason: On CRAN ('test-markdown-snaps.R:40:7')"/>
    </testcase>
    <testcase time="0.307999999999993" classname="markdown_snaps" name="result_v1">
      <skipped message="Reason: On CRAN ('test-markdown-snaps.R:40:7')"/>
    </testcase>
    <testcase time="0.119000000000028" classname="markdown_snaps" name="result_v1">
      <skipped message="Reason: On CRAN ('test-markdown-snaps.R:40:7')"/>
    </testcase>
    <testcase time="0.102999999999952" classname="markdown_snaps" name="result_v2">
      <skipped message="Reason: On CRAN ('test-markdown-snaps.R:40:7')"/>
    </testcase>
  </testsuite>
</testsuites>
