<?xml version="1.0" encoding="UTF-8"?>
<testsuites>
  <testsuite name="aet04" timestamp="2023-07-18T09:43:13Z" hostname="7efdd1d56246" tests="8" skipped="8" failures="0" errors="0" time="4.877">
    <testcase time="2.32299999999998" classname="aet04" name="result_v1">
      <skipped message="Reason: On CRAN ('test-aet04.R:11:5')"/>
    </testcase>
    <testcase time="0.384999999999991" classname="aet04" name="result_v2">
      <skipped message="Reason: On CRAN ('test-aet04.R:11:5')"/>
    </testcase>
    <testcase time="0.595000000000027" classname="aet04" name="result_v3">
      <skipped message="Reason: On CRAN ('test-aet04.R:11:5')"/>
    </testcase>
    <testcase time="0.312999999999988" classname="aet04" name="result_v4">
      <skipped message="Reason: On CRAN ('test-aet04.R:11:5')"/>
    </testcase>
    <testcase time="0.302999999999997" classname="aet04" name="result_v6">
      <skipped message="Reason: On CRAN ('test-aet04.R:11:5')"/>
    </testcase>
    <testcase time="0.350000000000023" classname="aet04" name="result_v8">
      <skipped message="Reason: On CRAN ('test-aet04.R:11:5')"/>
    </testcase>
    <testcase time="0.303999999999974" classname="aet04" name="result_v9">
      <skipped message="Reason: On CRAN ('test-aet04.R:11:5')"/>
    </testcase>
    <testcase time="0.303999999999974" classname="aet04" name="result_v11">
      <skipped message="Reason: On CRAN ('test-aet04.R:11:5')"/>
    </testcase>
  </testsuite>
</testsuites>
