<?xml version="1.0" encoding="UTF-8"?>
<testsuites>
  <testsuite name="graph-snaps" timestamp="2024-01-31T17:49:55Z" hostname="a20af7686ccf" tests="36" skipped="36" failures="0" errors="0" time="7.809">
    <testcase time="0.323999999999955" classname="graph_snaps" name="plot_v1">
      <skipped message="Reason: On CRAN ('test-graph-snaps.R:78:11')"/>
    </testcase>
    <testcase time="0.136999999999944" classname="graph_snaps" name="plot_v2">
      <skipped message="Reason: On CRAN ('test-graph-snaps.R:78:11')"/>
    </testcase>
    <testcase time="0.110000000000014" classname="graph_snaps" name="plot_v3">
      <skipped message="Reason: On CRAN ('test-graph-snaps.R:78:11')"/>
    </testcase>
    <testcase time="0.0780000000000882" classname="graph_snaps" name="plot_v4">
      <skipped message="Reason: On CRAN ('test-graph-snaps.R:78:11')"/>
    </testcase>
    <testcase time="0.0709999999999127" classname="graph_snaps" name="plot_v5">
      <skipped message="Reason: On CRAN ('test-graph-snaps.R:78:11')"/>
    </testcase>
    <testcase time="0.0650000000000546" classname="graph_snaps" name="plot_v1">
      <skipped message="Reason: On CRAN ('test-graph-snaps.R:78:11')"/>
    </testcase>
    <testcase time="0.0579999999999927" classname="graph_snaps" name="plot_v2">
      <skipped message="Reason: On CRAN ('test-graph-snaps.R:78:11')"/>
    </testcase>
    <testcase time="0.0389999999999873" classname="graph_snaps" name="plot_v3">
      <skipped message="Reason: On CRAN ('test-graph-snaps.R:78:11')"/>
    </testcase>
    <testcase time="0.0570000000000164" classname="graph_snaps" name="plot_v4">
      <skipped message="Reason: On CRAN ('test-graph-snaps.R:78:11')"/>
    </testcase>
    <testcase time="1.69200000000001" classname="graph_snaps" name="plot_v1">
      <skipped message="Reason: On CRAN ('test-graph-snaps.R:78:11')"/>
    </testcase>
    <testcase time="0.255999999999972" classname="graph_snaps" name="plot_v2">
      <skipped message="Reason: On CRAN ('test-graph-snaps.R:78:11')"/>
    </testcase>
    <testcase time="0.137000000000057" classname="graph_snaps" name="plot_v3">
      <skipped message="Reason: On CRAN ('test-graph-snaps.R:78:11')"/>
    </testcase>
    <testcase time="0.178999999999974" classname="graph_snaps" name="plot_v4">
      <skipped message="Reason: On CRAN ('test-graph-snaps.R:78:11')"/>
    </testcase>
    <testcase time="0.31899999999996" classname="graph_snaps" name="plot_v5">
      <skipped message="Reason: On CRAN ('test-graph-snaps.R:78:11')"/>
    </testcase>
    <testcase time="0.25" classname="graph_snaps" name="plot_v6">
      <skipped message="Reason: On CRAN ('test-graph-snaps.R:78:11')"/>
    </testcase>
    <testcase time="0.0439999999999827" classname="graph_snaps" name="plot_v1">
      <skipped message="Reason: On CRAN ('test-graph-snaps.R:78:11')"/>
    </testcase>
    <testcase time="0.0400000000000773" classname="graph_snaps" name="plot_v2">
      <skipped message="Reason: On CRAN ('test-graph-snaps.R:78:11')"/>
    </testcase>
    <testcase time="0.206999999999994" classname="graph_snaps" name="plot_v1">
      <skipped message="Reason: On CRAN ('test-graph-snaps.R:78:11')"/>
    </testcase>
    <testcase time="0.118999999999915" classname="graph_snaps" name="plot_v2">
      <skipped message="Reason: On CRAN ('test-graph-snaps.R:78:11')"/>
    </testcase>
    <testcase time="0.0850000000000364" classname="graph_snaps" name="plot_v3">
      <skipped message="Reason: On CRAN ('test-graph-snaps.R:78:11')"/>
    </testcase>
    <testcase time="0.0900000000000318" classname="graph_snaps" name="plot_v4">
      <skipped message="Reason: On CRAN ('test-graph-snaps.R:78:11')"/>
    </testcase>
    <testcase time="0.0899999999999181" classname="graph_snaps" name="plot_v5">
      <skipped message="Reason: On CRAN ('test-graph-snaps.R:78:11')"/>
    </testcase>
    <testcase time="0.128000000000043" classname="graph_snaps" name="plot_v6">
      <skipped message="Reason: On CRAN ('test-graph-snaps.R:78:11')"/>
    </testcase>
    <testcase time="0.134000000000015" classname="graph_snaps" name="plot_v7">
      <skipped message="Reason: On CRAN ('test-graph-snaps.R:78:11')"/>
    </testcase>
    <testcase time="0.0990000000000464" classname="graph_snaps" name="plot_v8">
      <skipped message="Reason: On CRAN ('test-graph-snaps.R:78:11')"/>
    </testcase>
    <testcase time="0.15199999999993" classname="graph_snaps" name="plot_v9">
      <skipped message="Reason: On CRAN ('test-graph-snaps.R:78:11')"/>
    </testcase>
    <testcase time="1.15200000000004" classname="graph_snaps" name="plot_v1">
      <skipped message="Reason: On CRAN ('test-graph-snaps.R:78:11')"/>
    </testcase>
    <testcase time="0.154999999999973" classname="graph_snaps" name="plot_v2">
      <skipped message="Reason: On CRAN ('test-graph-snaps.R:78:11')"/>
    </testcase>
    <testcase time="0.144000000000005" classname="graph_snaps" name="plot_v3">
      <skipped message="Reason: On CRAN ('test-graph-snaps.R:78:11')"/>
    </testcase>
    <testcase time="0.155999999999949" classname="graph_snaps" name="plot_v4">
      <skipped message="Reason: On CRAN ('test-graph-snaps.R:78:11')"/>
    </testcase>
    <testcase time="0.132000000000062" classname="graph_snaps" name="plot_v5">
      <skipped message="Reason: On CRAN ('test-graph-snaps.R:78:11')"/>
    </testcase>
    <testcase time="0.27800000000002" classname="graph_snaps" name="plot_v6">
      <skipped message="Reason: On CRAN ('test-graph-snaps.R:78:11')"/>
    </testcase>
    <testcase time="0.495000000000005" classname="graph_snaps" name="plot_v7">
      <skipped message="Reason: On CRAN ('test-graph-snaps.R:78:11')"/>
    </testcase>
    <testcase time="0.102999999999952" classname="graph_snaps" name="plot_v8">
      <skipped message="Reason: On CRAN ('test-graph-snaps.R:78:11')"/>
    </testcase>
    <testcase time="0.105000000000018" classname="graph_snaps" name="plot_v9">
      <skipped message="Reason: On CRAN ('test-graph-snaps.R:78:11')"/>
    </testcase>
    <testcase time="0.129000000000019" classname="graph_snaps" name="_unnamed_">
      <skipped message="Reason: On CRAN ('test-graph-snaps.R:48:7')"/>
    </testcase>
  </testsuite>
  <testsuite name="markdown-snaps" timestamp="2024-01-31T17:50:03Z" hostname="a20af7686ccf" tests="253" skipped="253" failures="0" errors="0" time="48.835">
    <testcase time="0.118000000000052" classname="markdown_snaps" name="lsting">
      <skipped message="Reason: On CRAN ('test-markdown-snaps.R:40:7')"/>
    </testcase>
    <testcase time="0.206999999999994" classname="markdown_snaps" name="result_v1">
      <skipped message="Reason: On CRAN ('test-markdown-snaps.R:40:7')"/>
    </testcase>
    <testcase time="0.08299999999997" classname="markdown_snaps" name="result_v1">
      <skipped message="Reason: On CRAN ('test-markdown-snaps.R:40:7')"/>
    </testcase>
    <testcase time="0.298000000000002" classname="markdown_snaps" name="result_v1">
      <skipped message="Reason: On CRAN ('test-markdown-snaps.R:40:7')"/>
    </testcase>
    <testcase time="0.163999999999987" classname="markdown_snaps" name="result_v1">
      <skipped message="Reason: On CRAN ('test-markdown-snaps.R:40:7')"/>
    </testcase>
    <testcase time="0.130999999999972" classname="markdown_snaps" name="result_v1">
      <skipped message="Reason: On CRAN ('test-markdown-snaps.R:40:7')"/>
    </testcase>
    <testcase time="0.0510000000000446" classname="markdown_snaps" name="lsting">
      <skipped message="Reason: On CRAN ('test-markdown-snaps.R:40:7')"/>
    </testcase>
    <testcase time="0.524000000000001" classname="markdown_snaps" name="result_v1">
      <skipped message="Reason: On CRAN ('test-markdown-snaps.R:40:7')"/>
    </testcase>
    <testcase time="0.0749999999999318" classname="markdown_snaps" name="result_v1">
      <skipped message="Reason: On CRAN ('test-markdown-snaps.R:40:7')"/>
    </testcase>
    <testcase time="0.0630000000001019" classname="markdown_snaps" name="result_v2">
      <skipped message="Reason: On CRAN ('test-markdown-snaps.R:40:7')"/>
    </testcase>
    <testcase time="1.26099999999997" classname="markdown_snaps" name="result_v1">
      <skipped message="Reason: On CRAN ('test-markdown-snaps.R:40:7')"/>
    </testcase>
    <testcase time="0.353999999999928" classname="markdown_snaps" name="result_v2">
      <skipped message="Reason: On CRAN ('test-markdown-snaps.R:40:7')"/>
    </testcase>
    <testcase time="0.157000000000039" classname="markdown_snaps" name="result_v1">
      <skipped message="Reason: On CRAN ('test-markdown-snaps.R:40:7')"/>
    </testcase>
    <testcase time="0.274000000000001" classname="markdown_snaps" name="result_v1">
      <skipped message="Reason: On CRAN ('test-markdown-snaps.R:40:7')"/>
    </testcase>
    <testcase time="0.0270000000000437" classname="markdown_snaps" name="lsting">
      <skipped message="Reason: On CRAN ('test-markdown-snaps.R:40:7')"/>
    </testcase>
    <testcase time="0.0240000000000009" classname="markdown_snaps" name="lsting">
      <skipped message="Reason: On CRAN ('test-markdown-snaps.R:40:7')"/>
    </testcase>
    <testcase time="0.0529999999999973" classname="markdown_snaps" name="lsting">
      <skipped message="Reason: On CRAN ('test-markdown-snaps.R:40:7')"/>
    </testcase>
    <testcase time="0.0489999999999782" classname="markdown_snaps" name="lsting">
      <skipped message="Reason: On CRAN ('test-markdown-snaps.R:40:7')"/>
    </testcase>
    <testcase time="0.0439999999999827" classname="markdown_snaps" name="lsting">
      <skipped message="Reason: On CRAN ('test-markdown-snaps.R:40:7')"/>
    </testcase>
    <testcase time="0.0330000000000155" classname="markdown_snaps" name="lsting">
      <skipped message="Reason: On CRAN ('test-markdown-snaps.R:40:7')"/>
    </testcase>
    <testcase time="0.109000000000037" classname="markdown_snaps" name="result_v1">
      <skipped message="Reason: On CRAN ('test-markdown-snaps.R:40:7')"/>
    </testcase>
    <testcase time="0.108999999999924" classname="markdown_snaps" name="result_v2">
      <skipped message="Reason: On CRAN ('test-markdown-snaps.R:40:7')"/>
    </testcase>
    <testcase time="0.0760000000000218" classname="markdown_snaps" name="result_v3">
      <skipped message="Reason: On CRAN ('test-markdown-snaps.R:40:7')"/>
    </testcase>
    <testcase time="0.111999999999966" classname="markdown_snaps" name="result_v4">
      <skipped message="Reason: On CRAN ('test-markdown-snaps.R:40:7')"/>
    </testcase>
    <testcase time="0.109000000000037" classname="markdown_snaps" name="result_v1">
      <skipped message="Reason: On CRAN ('test-markdown-snaps.R:40:7')"/>
    </testcase>
    <testcase time="0.153999999999996" classname="markdown_snaps" name="result_v2">
      <skipped message="Reason: On CRAN ('test-markdown-snaps.R:40:7')"/>
    </testcase>
    <testcase time="0.201000000000022" classname="markdown_snaps" name="result_v3">
      <skipped message="Reason: On CRAN ('test-markdown-snaps.R:40:7')"/>
    </testcase>
    <testcase time="0.143000000000029" classname="markdown_snaps" name="result_v4">
      <skipped message="Reason: On CRAN ('test-markdown-snaps.R:40:7')"/>
    </testcase>
    <testcase time="0.291999999999916" classname="markdown_snaps" name="result_v1">
      <skipped message="Reason: On CRAN ('test-markdown-snaps.R:40:7')"/>
    </testcase>
    <testcase time="0.169000000000096" classname="markdown_snaps" name="result_v2">
      <skipped message="Reason: On CRAN ('test-markdown-snaps.R:40:7')"/>
    </testcase>
    <testcase time="0.16599999999994" classname="markdown_snaps" name="result_v3">
      <skipped message="Reason: On CRAN ('test-markdown-snaps.R:40:7')"/>
    </testcase>
    <testcase time="0.249000000000024" classname="markdown_snaps" name="result_v4">
      <skipped message="Reason: On CRAN ('test-markdown-snaps.R:40:7')"/>
    </testcase>
    <testcase time="0.0760000000000218" classname="markdown_snaps" name="result_v5">
      <skipped message="Reason: On CRAN ('test-markdown-snaps.R:40:7')"/>
    </testcase>
    <testcase time="0.147999999999911" classname="markdown_snaps" name="result_v6">
      <skipped message="Reason: On CRAN ('test-markdown-snaps.R:40:7')"/>
    </testcase>
    <testcase time="0.0940000000000509" classname="markdown_snaps" name="result_v7">
      <skipped message="Reason: On CRAN ('test-markdown-snaps.R:40:7')"/>
    </testcase>
    <testcase time="0.116999999999962" classname="markdown_snaps" name="result_v8">
      <skipped message="Reason: On CRAN ('test-markdown-snaps.R:40:7')"/>
    </testcase>
    <testcase time="0.0940000000000509" classname="markdown_snaps" name="result_v9">
      <skipped message="Reason: On CRAN ('test-markdown-snaps.R:40:7')"/>
    </testcase>
    <testcase time="0.0929999999999609" classname="markdown_snaps" name="result_v10">
      <skipped message="Reason: On CRAN ('test-markdown-snaps.R:40:7')"/>
    </testcase>
    <testcase time="0.0679999999999836" classname="markdown_snaps" name="result_v11">
      <skipped message="Reason: On CRAN ('test-markdown-snaps.R:40:7')"/>
    </testcase>
    <testcase time="0.0919999999999845" classname="markdown_snaps" name="result_v12">
      <skipped message="Reason: On CRAN ('test-markdown-snaps.R:40:7')"/>
    </testcase>
    <testcase time="0.0680000000000973" classname="markdown_snaps" name="result_v13">
      <skipped message="Reason: On CRAN ('test-markdown-snaps.R:40:7')"/>
    </testcase>
    <testcase time="0.0609999999999218" classname="markdown_snaps" name="result_v1">
      <skipped message="Reason: On CRAN ('test-markdown-snaps.R:40:7')"/>
    </testcase>
    <testcase time="0.0860000000000127" classname="markdown_snaps" name="result_v2">
      <skipped message="Reason: On CRAN ('test-markdown-snaps.R:40:7')"/>
    </testcase>
    <testcase time="0.322999999999979" classname="markdown_snaps" name="result_v1">
      <skipped message="Reason: On CRAN ('test-markdown-snaps.R:40:7')"/>
    </testcase>
    <testcase time="0.669999999999959" classname="markdown_snaps" name="result_v1">
      <skipped message="Reason: On CRAN ('test-markdown-snaps.R:40:7')"/>
    </testcase>
    <testcase time="0.371999999999957" classname="markdown_snaps" name="result_v2">
      <skipped message="Reason: On CRAN ('test-markdown-snaps.R:40:7')"/>
    </testcase>
    <testcase time="0.721000000000004" classname="markdown_snaps" name="result_v3">
      <skipped message="Reason: On CRAN ('test-markdown-snaps.R:40:7')"/>
    </testcase>
    <testcase time="0.384999999999991" classname="markdown_snaps" name="result_v4">
      <skipped message="Reason: On CRAN ('test-markdown-snaps.R:40:7')"/>
    </testcase>
    <testcase time="0.384999999999991" classname="markdown_snaps" name="result_v6">
      <skipped message="Reason: On CRAN ('test-markdown-snaps.R:40:7')"/>
    </testcase>
    <testcase time="0.383000000000038" classname="markdown_snaps" name="result_v8">
      <skipped message="Reason: On CRAN ('test-markdown-snaps.R:40:7')"/>
    </testcase>
    <testcase time="0.377000000000066" classname="markdown_snaps" name="result_v9">
      <skipped message="Reason: On CRAN ('test-markdown-snaps.R:40:7')"/>
    </testcase>
    <testcase time="0.371999999999957" classname="markdown_snaps" name="result_v11">
      <skipped message="Reason: On CRAN ('test-markdown-snaps.R:40:7')"/>
    </testcase>
    <testcase time="1.07299999999998" classname="markdown_snaps" name="result_v1">
      <skipped message="Reason: On CRAN ('test-markdown-snaps.R:40:7')"/>
    </testcase>
    <testcase time="0.0979999999999563" classname="markdown_snaps" name="result_v2">
      <skipped message="Reason: On CRAN ('test-markdown-snaps.R:40:7')"/>
    </testcase>
    <testcase time="0.122000000000071" classname="markdown_snaps" name="result_v3">
      <skipped message="Reason: On CRAN ('test-markdown-snaps.R:40:7')"/>
    </testcase>
    <testcase time="0.0869999999999891" classname="markdown_snaps" name="result_v4">
      <skipped message="Reason: On CRAN ('test-markdown-snaps.R:40:7')"/>
    </testcase>
    <testcase time="0.15300000000002" classname="markdown_snaps" name="result_v5">
      <skipped message="Reason: On CRAN ('test-markdown-snaps.R:40:7')"/>
    </testcase>
    <testcase time="0.132999999999925" classname="markdown_snaps" name="result_v6">
      <skipped message="Reason: On CRAN ('test-markdown-snaps.R:40:7')"/>
    </testcase>
    <testcase time="0.109000000000037" classname="markdown_snaps" name="result_v7">
      <skipped message="Reason: On CRAN ('test-markdown-snaps.R:40:7')"/>
    </testcase>
    <testcase time="0.114000000000033" classname="markdown_snaps" name="result_v8">
      <skipped message="Reason: On CRAN ('test-markdown-snaps.R:40:7')"/>
    </testcase>
    <testcase time="0.0480000000000018" classname="markdown_snaps" name="result_v1">
      <skipped message="Reason: On CRAN ('test-markdown-snaps.R:40:7')"/>
    </testcase>
    <testcase time="0.0470000000000255" classname="markdown_snaps" name="result_v2">
      <skipped message="Reason: On CRAN ('test-markdown-snaps.R:40:7')"/>
    </testcase>
    <testcase time="0.0489999999999782" classname="markdown_snaps" name="result_v1">
      <skipped message="Reason: On CRAN ('test-markdown-snaps.R:40:7')"/>
    </testcase>
    <testcase time="0.0470000000000255" classname="markdown_snaps" name="result_v2">
      <skipped message="Reason: On CRAN ('test-markdown-snaps.R:40:7')"/>
    </testcase>
    <testcase time="0.44399999999996" classname="markdown_snaps" name="result_v1">
      <skipped message="Reason: On CRAN ('test-markdown-snaps.R:40:7')"/>
    </testcase>
    <testcase time="0.271999999999935" classname="markdown_snaps" name="result_v2">
      <skipped message="Reason: On CRAN ('test-markdown-snaps.R:40:7')"/>
    </testcase>
    <testcase time="0.286000000000058" classname="markdown_snaps" name="result_v3">
      <skipped message="Reason: On CRAN ('test-markdown-snaps.R:40:7')"/>
    </testcase>
    <testcase time="0.206000000000017" classname="markdown_snaps" name="result_v4">
      <skipped message="Reason: On CRAN ('test-markdown-snaps.R:40:7')"/>
    </testcase>
    <testcase time="0.321000000000026" classname="markdown_snaps" name="result_v5">
      <skipped message="Reason: On CRAN ('test-markdown-snaps.R:40:7')"/>
    </testcase>
    <testcase time="0.108999999999924" classname="markdown_snaps" name="result_v1">
      <skipped message="Reason: On CRAN ('test-markdown-snaps.R:40:7')"/>
    </testcase>
    <testcase time="0.114000000000033" classname="markdown_snaps" name="result_v2">
      <skipped message="Reason: On CRAN ('test-markdown-snaps.R:40:7')"/>
    </testcase>
    <testcase time="0.0779999999999745" classname="markdown_snaps" name="result_v3">
      <skipped message="Reason: On CRAN ('test-markdown-snaps.R:40:7')"/>
    </testcase>
    <testcase time="0.0450000000000728" classname="markdown_snaps" name="result_v1">
      <skipped message="Reason: On CRAN ('test-markdown-snaps.R:40:7')"/>
    </testcase>
    <testcase time="0.0449999999999591" classname="markdown_snaps" name="result_v2">
      <skipped message="Reason: On CRAN ('test-markdown-snaps.R:40:7')"/>
    </testcase>
    <testcase time="0.145999999999958" classname="markdown_snaps" name="result_v1">
      <skipped message="Reason: On CRAN ('test-markdown-snaps.R:40:7')"/>
    </testcase>
    <testcase time="0.163999999999987" classname="markdown_snaps" name="result_v2">
      <skipped message="Reason: On CRAN ('test-markdown-snaps.R:40:7')"/>
    </testcase>
    <testcase time="0.0590000000000828" classname="markdown_snaps" name="result_v1">
      <skipped message="Reason: On CRAN ('test-markdown-snaps.R:40:7')"/>
    </testcase>
    <testcase time="0.0739999999999554" classname="markdown_snaps" name="result_v2">
      <skipped message="Reason: On CRAN ('test-markdown-snaps.R:40:7')"/>
    </testcase>
    <testcase time="0.106999999999971" classname="markdown_snaps" name="result_v1">
      <skipped message="Reason: On CRAN ('test-markdown-snaps.R:40:7')"/>
    </testcase>
    <testcase time="0.0729999999999791" classname="markdown_snaps" name="result_v2">
      <skipped message="Reason: On CRAN ('test-markdown-snaps.R:40:7')"/>
    </testcase>
    <testcase time="0.0500000000000682" classname="markdown_snaps" name="lsting">
      <skipped message="Reason: On CRAN ('test-markdown-snaps.R:40:7')"/>
    </testcase>
    <testcase time="0.0259999999999536" classname="markdown_snaps" name="lsting">
      <skipped message="Reason: On CRAN ('test-markdown-snaps.R:40:7')"/>
    </testcase>
    <testcase time="0.02800000000002" classname="markdown_snaps" name="lsting">
      <skipped message="Reason: On CRAN ('test-markdown-snaps.R:40:7')"/>
    </testcase>
    <testcase time="0.113000000000056" classname="markdown_snaps" name="result_v1">
      <skipped message="Reason: On CRAN ('test-markdown-snaps.R:40:7')"/>
    </testcase>
    <testcase time="0.0809999999999036" classname="markdown_snaps" name="result_v2">
      <skipped message="Reason: On CRAN ('test-markdown-snaps.R:40:7')"/>
    </testcase>
    <testcase time="0.08400000000006" classname="markdown_snaps" name="result_v3">
      <skipped message="Reason: On CRAN ('test-markdown-snaps.R:40:7')"/>
    </testcase>
    <testcase time="0.102999999999952" classname="markdown_snaps" name="result_v4">
      <skipped message="Reason: On CRAN ('test-markdown-snaps.R:40:7')"/>
    </testcase>
    <testcase time="0.213000000000079" classname="markdown_snaps" name="result_v1">
      <skipped message="Reason: On CRAN ('test-markdown-snaps.R:40:7')"/>
    </testcase>
    <testcase time="0.161999999999921" classname="markdown_snaps" name="result_v2">
      <skipped message="Reason: On CRAN ('test-markdown-snaps.R:40:7')"/>
    </testcase>
    <testcase time="0.162000000000035" classname="markdown_snaps" name="result_v3">
      <skipped message="Reason: On CRAN ('test-markdown-snaps.R:40:7')"/>
    </testcase>
    <testcase time="0.143000000000029" classname="markdown_snaps" name="result_v4">
      <skipped message="Reason: On CRAN ('test-markdown-snaps.R:40:7')"/>
    </testcase>
    <testcase time="0.322999999999979" classname="markdown_snaps" name="result_v1">
      <skipped message="Reason: On CRAN ('test-markdown-snaps.R:40:7')"/>
    </testcase>
    <testcase time="0.192999999999984" classname="markdown_snaps" name="result_v2">
      <skipped message="Reason: On CRAN ('test-markdown-snaps.R:40:7')"/>
    </testcase>
    <testcase time="0.274000000000001" classname="markdown_snaps" name="result_v4">
      <skipped message="Reason: On CRAN ('test-markdown-snaps.R:40:7')"/>
    </testcase>
    <testcase time="0.0740000000000691" classname="markdown_snaps" name="result_v1">
      <skipped message="Reason: On CRAN ('test-markdown-snaps.R:40:7')"/>
    </testcase>
    <testcase time="0.173999999999978" classname="markdown_snaps" name="result_v1">
      <skipped message="Reason: On CRAN ('test-markdown-snaps.R:40:7')"/>
    </testcase>
    <testcase time="0.134000000000015" classname="markdown_snaps" name="result_v2">
      <skipped message="Reason: On CRAN ('test-markdown-snaps.R:40:7')"/>
    </testcase>
    <testcase time="0.0699999999999363" classname="markdown_snaps" name="result_v3">
      <skipped message="Reason: On CRAN ('test-markdown-snaps.R:40:7')"/>
    </testcase>
    <testcase time="0.0960000000000036" classname="markdown_snaps" name="result_v4">
      <skipped message="Reason: On CRAN ('test-markdown-snaps.R:40:7')"/>
    </testcase>
    <testcase time="0.197999999999979" classname="markdown_snaps" name="result_v1">
      <skipped message="Reason: On CRAN ('test-markdown-snaps.R:40:7')"/>
    </testcase>
    <testcase time="0.157000000000039" classname="markdown_snaps" name="result_v2">
      <skipped message="Reason: On CRAN ('test-markdown-snaps.R:40:7')"/>
    </testcase>
    <testcase time="0.144999999999982" classname="markdown_snaps" name="result_v3">
      <skipped message="Reason: On CRAN ('test-markdown-snaps.R:40:7')"/>
    </testcase>
    <testcase time="0.133000000000038" classname="markdown_snaps" name="result_v4">
      <skipped message="Reason: On CRAN ('test-markdown-snaps.R:40:7')"/>
    </testcase>
    <testcase time="0.111999999999966" classname="markdown_snaps" name="result_v5">
      <skipped message="Reason: On CRAN ('test-markdown-snaps.R:40:7')"/>
    </testcase>
    <testcase time="0.0270000000000437" classname="markdown_snaps" name="lsting">
      <skipped message="Reason: On CRAN ('test-markdown-snaps.R:40:7')"/>
    </testcase>
    <testcase time="0.141999999999939" classname="markdown_snaps" name="result_v1">
      <skipped message="Reason: On CRAN ('test-markdown-snaps.R:40:7')"/>
    </testcase>
    <testcase time="0.149999999999977" classname="markdown_snaps" name="result_v2">
      <skipped message="Reason: On CRAN ('test-markdown-snaps.R:40:7')"/>
    </testcase>
    <testcase time="0.0890000000000555" classname="markdown_snaps" name="result_v3">
      <skipped message="Reason: On CRAN ('test-markdown-snaps.R:40:7')"/>
    </testcase>
    <testcase time="0.0979999999999563" classname="markdown_snaps" name="result_v4">
      <skipped message="Reason: On CRAN ('test-markdown-snaps.R:40:7')"/>
    </testcase>
    <testcase time="0.0780000000000882" classname="markdown_snaps" name="result_v5">
      <skipped message="Reason: On CRAN ('test-markdown-snaps.R:40:7')"/>
    </testcase>
    <testcase time="0.04099999999994" classname="markdown_snaps" name="result_v6">
      <skipped message="Reason: On CRAN ('test-markdown-snaps.R:40:7')"/>
    </testcase>
    <testcase time="0.120999999999981" classname="markdown_snaps" name="result_v1">
      <skipped message="Reason: On CRAN ('test-markdown-snaps.R:40:7')"/>
    </testcase>
    <testcase time="0.0869999999999891" classname="markdown_snaps" name="result_v1">
      <skipped message="Reason: On CRAN ('test-markdown-snaps.R:40:7')"/>
    </testcase>
    <testcase time="0.0320000000000391" classname="markdown_snaps" name="lsting">
      <skipped message="Reason: On CRAN ('test-markdown-snaps.R:40:7')"/>
    </testcase>
    <testcase time="0.0339999999999918" classname="markdown_snaps" name="lsting">
      <skipped message="Reason: On CRAN ('test-markdown-snaps.R:40:7')"/>
    </testcase>
    <testcase time="0.149000000000001" classname="markdown_snaps" name="result_v1">
      <skipped message="Reason: On CRAN ('test-markdown-snaps.R:40:7')"/>
    </testcase>
    <testcase time="0.0960000000000036" classname="markdown_snaps" name="result_v2">
      <skipped message="Reason: On CRAN ('test-markdown-snaps.R:40:7')"/>
    </testcase>
    <testcase time="0.0979999999999563" classname="markdown_snaps" name="result_v3">
      <skipped message="Reason: On CRAN ('test-markdown-snaps.R:40:7')"/>
    </testcase>
    <testcase time="0.537000000000035" classname="markdown_snaps" name="result_v1">
      <skipped message="Reason: On CRAN ('test-markdown-snaps.R:40:7')"/>
    </testcase>
    <testcase time="0.0629999999999882" classname="markdown_snaps" name="result_v1">
      <skipped message="Reason: On CRAN ('test-markdown-snaps.R:40:7')"/>
    </testcase>
    <testcase time="0.557999999999993" classname="markdown_snaps" name="result_v1">
      <skipped message="Reason: On CRAN ('test-markdown-snaps.R:40:7')"/>
    </testcase>
    <testcase time="0.144000000000005" classname="markdown_snaps" name="result_v1">
      <skipped message="Reason: On CRAN ('test-markdown-snaps.R:40:7')"/>
    </testcase>
    <testcase time="0.73599999999999" classname="markdown_snaps" name="result_v1">
      <skipped message="Reason: On CRAN ('test-markdown-snaps.R:40:7')"/>
    </testcase>
    <testcase time="0.19500000000005" classname="markdown_snaps" name="result_v1">
      <skipped message="Reason: On CRAN ('test-markdown-snaps.R:40:7')"/>
    </testcase>
    <testcase time="1.81600000000003" classname="markdown_snaps" name="result_v1">
      <skipped message="Reason: On CRAN ('test-markdown-snaps.R:40:7')"/>
    </testcase>
    <testcase time="0.236999999999966" classname="markdown_snaps" name="result_v2">
      <skipped message="Reason: On CRAN ('test-markdown-snaps.R:40:7')"/>
    </testcase>
    <testcase time="0.114000000000033" classname="markdown_snaps" name="result_v1">
      <skipped message="Reason: On CRAN ('test-markdown-snaps.R:40:7')"/>
    </testcase>
    <testcase time="0.0849999999999227" classname="markdown_snaps" name="result_v2">
      <skipped message="Reason: On CRAN ('test-markdown-snaps.R:40:7')"/>
    </testcase>
    <testcase time="0.100000000000023" classname="markdown_snaps" name="result_v3">
      <skipped message="Reason: On CRAN ('test-markdown-snaps.R:40:7')"/>
    </testcase>
    <testcase time="0.0750000000000455" classname="markdown_snaps" name="result_v4">
      <skipped message="Reason: On CRAN ('test-markdown-snaps.R:40:7')"/>
    </testcase>
    <testcase time="0.0720000000000027" classname="markdown_snaps" name="result_v1">
      <skipped message="Reason: On CRAN ('test-markdown-snaps.R:40:7')"/>
    </testcase>
    <testcase time="0.05499999999995" classname="markdown_snaps" name="result_v2">
      <skipped message="Reason: On CRAN ('test-markdown-snaps.R:40:7')"/>
    </testcase>
    <testcase time="0.947000000000003" classname="markdown_snaps" name="result_v1">
      <skipped message="Reason: On CRAN ('test-markdown-snaps.R:40:7')"/>
    </testcase>
    <testcase time="0.0810000000000173" classname="markdown_snaps" name="result_v2">
      <skipped message="Reason: On CRAN ('test-markdown-snaps.R:40:7')"/>
    </testcase>
    <testcase time="0.0839999999999463" classname="markdown_snaps" name="result_v3">
      <skipped message="Reason: On CRAN ('test-markdown-snaps.R:40:7')"/>
    </testcase>
    <testcase time="0.0850000000000364" classname="markdown_snaps" name="result_v4">
      <skipped message="Reason: On CRAN ('test-markdown-snaps.R:40:7')"/>
    </testcase>
    <testcase time="0.163999999999987" classname="markdown_snaps" name="result_v1">
      <skipped message="Reason: On CRAN ('test-markdown-snaps.R:40:7')"/>
    </testcase>
    <testcase time="0.15300000000002" classname="markdown_snaps" name="result_v2">
      <skipped message="Reason: On CRAN ('test-markdown-snaps.R:40:7')"/>
    </testcase>
    <testcase time="0.115000000000009" classname="markdown_snaps" name="result_v3">
      <skipped message="Reason: On CRAN ('test-markdown-snaps.R:40:7')"/>
    </testcase>
    <testcase time="0.138000000000034" classname="markdown_snaps" name="result_v4">
      <skipped message="Reason: On CRAN ('test-markdown-snaps.R:40:7')"/>
    </testcase>
    <testcase time="0.197999999999979" classname="markdown_snaps" name="result_v1">
      <skipped message="Reason: On CRAN ('test-markdown-snaps.R:40:7')"/>
    </testcase>
    <testcase time="0.0760000000000218" classname="markdown_snaps" name="result_v2">
      <skipped message="Reason: On CRAN ('test-markdown-snaps.R:40:7')"/>
    </testcase>
    <testcase time="0.226999999999975" classname="markdown_snaps" name="result_v3">
      <skipped message="Reason: On CRAN ('test-markdown-snaps.R:40:7')"/>
    </testcase>
    <testcase time="0.0399999999999636" classname="markdown_snaps" name="lsting">
      <skipped message="Reason: On CRAN ('test-markdown-snaps.R:40:7')"/>
    </testcase>
    <testcase time="0.192999999999984" classname="markdown_snaps" name="result_v1">
      <skipped message="Reason: On CRAN ('test-markdown-snaps.R:40:7')"/>
    </testcase>
    <testcase time="0.0919999999999845" classname="markdown_snaps" name="result_v2">
      <skipped message="Reason: On CRAN ('test-markdown-snaps.R:40:7')"/>
    </testcase>
    <testcase time="0.0910000000000082" classname="markdown_snaps" name="result_v3">
      <skipped message="Reason: On CRAN ('test-markdown-snaps.R:40:7')"/>
    </testcase>
    <testcase time="0.0880000000000791" classname="markdown_snaps" name="result_v4">
      <skipped message="Reason: On CRAN ('test-markdown-snaps.R:40:7')"/>
    </testcase>
    <testcase time="0.11099999999999" classname="markdown_snaps" name="result_v1">
      <skipped message="Reason: On CRAN ('test-markdown-snaps.R:40:7')"/>
    </testcase>
    <testcase time="0.449999999999932" classname="markdown_snaps" name="result_v1">
      <skipped message="Reason: On CRAN ('test-markdown-snaps.R:40:7')"/>
    </testcase>
    <testcase time="0.0910000000000082" classname="markdown_snaps" name="result_v2">
      <skipped message="Reason: On CRAN ('test-markdown-snaps.R:40:7')"/>
    </testcase>
    <testcase time="0.0940000000000509" classname="markdown_snaps" name="result_v3">
      <skipped message="Reason: On CRAN ('test-markdown-snaps.R:40:7')"/>
    </testcase>
    <testcase time="0.111999999999966" classname="markdown_snaps" name="result_v4">
      <skipped message="Reason: On CRAN ('test-markdown-snaps.R:40:7')"/>
    </testcase>
    <testcase time="0.101999999999975" classname="markdown_snaps" name="result_v5">
      <skipped message="Reason: On CRAN ('test-markdown-snaps.R:40:7')"/>
    </testcase>
    <testcase time="0.0790000000000646" classname="markdown_snaps" name="result_v6">
      <skipped message="Reason: On CRAN ('test-markdown-snaps.R:40:7')"/>
    </testcase>
    <testcase time="1.24099999999999" classname="markdown_snaps" name="result_v1">
      <skipped message="Reason: On CRAN ('test-markdown-snaps.R:40:7')"/>
    </testcase>
    <testcase time="0.110000000000014" classname="markdown_snaps" name="result_v2">
      <skipped message="Reason: On CRAN ('test-markdown-snaps.R:40:7')"/>
    </testcase>
    <testcase time="0.119000000000028" classname="markdown_snaps" name="result_v3">
      <skipped message="Reason: On CRAN ('test-markdown-snaps.R:40:7')"/>
    </testcase>
    <testcase time="0.136999999999944" classname="markdown_snaps" name="result_v4">
      <skipped message="Reason: On CRAN ('test-markdown-snaps.R:40:7')"/>
    </testcase>
    <testcase time="0.119000000000028" classname="markdown_snaps" name="result_v5">
      <skipped message="Reason: On CRAN ('test-markdown-snaps.R:40:7')"/>
    </testcase>
    <testcase time="0.135999999999967" classname="markdown_snaps" name="result_v6">
      <skipped message="Reason: On CRAN ('test-markdown-snaps.R:40:7')"/>
    </testcase>
    <testcase time="0.0399999999999636" classname="markdown_snaps" name="lsting">
      <skipped message="Reason: On CRAN ('test-markdown-snaps.R:40:7')"/>
    </testcase>
    <testcase time="0.196000000000026" classname="markdown_snaps" name="result_v1">
      <skipped message="Reason: On CRAN ('test-markdown-snaps.R:40:7')"/>
    </testcase>
    <testcase time="0.182999999999993" classname="markdown_snaps" name="result_v2">
      <skipped message="Reason: On CRAN ('test-markdown-snaps.R:40:7')"/>
    </testcase>
    <testcase time="0.225000000000023" classname="markdown_snaps" name="result_v3">
      <skipped message="Reason: On CRAN ('test-markdown-snaps.R:40:7')"/>
    </testcase>
    <testcase time="0.0389999999999873" classname="markdown_snaps" name="lsting">
      <skipped message="Reason: On CRAN ('test-markdown-snaps.R:40:7')"/>
    </testcase>
    <testcase time="0.0380000000000109" classname="markdown_snaps" name="lsting">
      <skipped message="Reason: On CRAN ('test-markdown-snaps.R:40:7')"/>
    </testcase>
    <testcase time="0.0399999999999636" classname="markdown_snaps" name="lsting">
      <skipped message="Reason: On CRAN ('test-markdown-snaps.R:40:7')"/>
    </testcase>
    <testcase time="0.0529999999999973" classname="markdown_snaps" name="lsting">
      <skipped message="Reason: On CRAN ('test-markdown-snaps.R:40:7')"/>
    </testcase>
    <testcase time="0.0410000000000537" classname="markdown_snaps" name="lsting">
      <skipped message="Reason: On CRAN ('test-markdown-snaps.R:40:7')"/>
    </testcase>
    <testcase time="0.210000000000036" classname="markdown_snaps" name="result_v1">
      <skipped message="Reason: On CRAN ('test-markdown-snaps.R:40:7')"/>
    </testcase>
    <testcase time="0.152999999999906" classname="markdown_snaps" name="result_v1">
      <skipped message="Reason: On CRAN ('test-markdown-snaps.R:40:7')"/>
    </testcase>
    <testcase time="0.146000000000072" classname="markdown_snaps" name="result_v1">
      <skipped message="Reason: On CRAN ('test-markdown-snaps.R:40:7')"/>
    </testcase>
    <testcase time="0.129000000000019" classname="markdown_snaps" name="result_v2">
      <skipped message="Reason: On CRAN ('test-markdown-snaps.R:40:7')"/>
    </testcase>
    <testcase time="0.0729999999999791" classname="markdown_snaps" name="result_v1">
      <skipped message="Reason: On CRAN ('test-markdown-snaps.R:40:7')"/>
    </testcase>
    <testcase time="0.134000000000015" classname="markdown_snaps" name="result_v1">
      <skipped message="Reason: On CRAN ('test-markdown-snaps.R:40:7')"/>
    </testcase>
    <testcase time="0.126999999999953" classname="markdown_snaps" name="result_v2">
      <skipped message="Reason: On CRAN ('test-markdown-snaps.R:40:7')"/>
    </testcase>
    <testcase time="0.106999999999971" classname="markdown_snaps" name="result_v4">
      <skipped message="Reason: On CRAN ('test-markdown-snaps.R:40:7')"/>
    </testcase>
    <testcase time="0.225999999999999" classname="markdown_snaps" name="result_v1">
      <skipped message="Reason: On CRAN ('test-markdown-snaps.R:40:7')"/>
    </testcase>
    <testcase time="0.449000000000069" classname="markdown_snaps" name="result_v2">
      <skipped message="Reason: On CRAN ('test-markdown-snaps.R:40:7')"/>
    </testcase>
    <testcase time="0.146999999999935" classname="markdown_snaps" name="result_v1">
      <skipped message="Reason: On CRAN ('test-markdown-snaps.R:40:7')"/>
    </testcase>
    <testcase time="0.267000000000053" classname="markdown_snaps" name="result_v1">
      <skipped message="Reason: On CRAN ('test-markdown-snaps.R:40:7')"/>
    </testcase>
    <testcase time="0.313999999999965" classname="markdown_snaps" name="result_v1">
      <skipped message="Reason: On CRAN ('test-markdown-snaps.R:40:7')"/>
    </testcase>
    <testcase time="0.18100000000004" classname="markdown_snaps" name="result_v2">
      <skipped message="Reason: On CRAN ('test-markdown-snaps.R:40:7')"/>
    </testcase>
    <testcase time="0.0670000000000073" classname="markdown_snaps" name="result_v1">
      <skipped message="Reason: On CRAN ('test-markdown-snaps.R:40:7')"/>
    </testcase>
    <testcase time="0.0559999999999263" classname="markdown_snaps" name="result_v2">
      <skipped message="Reason: On CRAN ('test-markdown-snaps.R:40:7')"/>
    </testcase>
    <testcase time="0.0670000000000073" classname="markdown_snaps" name="result_v1">
      <skipped message="Reason: On CRAN ('test-markdown-snaps.R:40:7')"/>
    </testcase>
    <testcase time="0.0470000000000255" classname="markdown_snaps" name="result_v2">
      <skipped message="Reason: On CRAN ('test-markdown-snaps.R:40:7')"/>
    </testcase>
    <testcase time="0.312000000000012" classname="markdown_snaps" name="result_v1">
      <skipped message="Reason: On CRAN ('test-markdown-snaps.R:40:7')"/>
    </testcase>
    <testcase time="0.0670000000000073" classname="markdown_snaps" name="result_v2">
      <skipped message="Reason: On CRAN ('test-markdown-snaps.R:40:7')"/>
    </testcase>
    <testcase time="0.0960000000000036" classname="markdown_snaps" name="result_v3">
      <skipped message="Reason: On CRAN ('test-markdown-snaps.R:40:7')"/>
    </testcase>
    <testcase time="0.311000000000035" classname="markdown_snaps" name="result_v1">
      <skipped message="Reason: On CRAN ('test-markdown-snaps.R:40:7')"/>
    </testcase>
    <testcase time="0.08299999999997" classname="markdown_snaps" name="result_v2">
      <skipped message="Reason: On CRAN ('test-markdown-snaps.R:40:7')"/>
    </testcase>
    <testcase time="0.09699999999998" classname="markdown_snaps" name="result_v3">
      <skipped message="Reason: On CRAN ('test-markdown-snaps.R:40:7')"/>
    </testcase>
    <testcase time="0.0910000000000082" classname="markdown_snaps" name="result_v1">
      <skipped message="Reason: On CRAN ('test-markdown-snaps.R:40:7')"/>
    </testcase>
    <testcase time="0.0879999999999654" classname="markdown_snaps" name="result_v1">
      <skipped message="Reason: On CRAN ('test-markdown-snaps.R:40:7')"/>
    </testcase>
    <testcase time="0.704000000000065" classname="markdown_snaps" name="result_v1">
      <skipped message="Reason: On CRAN ('test-markdown-snaps.R:40:7')"/>
    </testcase>
    <testcase time="0.478999999999928" classname="markdown_snaps" name="result_v2">
      <skipped message="Reason: On CRAN ('test-markdown-snaps.R:40:7')"/>
    </testcase>
    <testcase time="0.461000000000013" classname="markdown_snaps" name="result_v3">
      <skipped message="Reason: On CRAN ('test-markdown-snaps.R:40:7')"/>
    </testcase>
    <testcase time="0.47300000000007" classname="markdown_snaps" name="result_v4">
      <skipped message="Reason: On CRAN ('test-markdown-snaps.R:40:7')"/>
    </testcase>
    <testcase time="0.879999999999995" classname="markdown_snaps" name="result_v5">
      <skipped message="Reason: On CRAN ('test-markdown-snaps.R:40:7')"/>
    </testcase>
    <testcase time="0.370000000000005" classname="markdown_snaps" name="result_v1">
      <skipped message="Reason: On CRAN ('test-markdown-snaps.R:40:7')"/>
    </testcase>
    <testcase time="0.252999999999929" classname="markdown_snaps" name="result_v2">
      <skipped message="Reason: On CRAN ('test-markdown-snaps.R:40:7')"/>
    </testcase>
    <testcase time="0.268000000000029" classname="markdown_snaps" name="result_v3">
      <skipped message="Reason: On CRAN ('test-markdown-snaps.R:40:7')"/>
    </testcase>
    <testcase time="0.26400000000001" classname="markdown_snaps" name="result_v4">
      <skipped message="Reason: On CRAN ('test-markdown-snaps.R:40:7')"/>
    </testcase>
    <testcase time="0.528999999999996" classname="markdown_snaps" name="result_v5">
      <skipped message="Reason: On CRAN ('test-markdown-snaps.R:40:7')"/>
    </testcase>
    <testcase time="0.104000000000042" classname="markdown_snaps" name="result_v1">
      <skipped message="Reason: On CRAN ('test-markdown-snaps.R:40:7')"/>
    </testcase>
    <testcase time="0.0809999999999036" classname="markdown_snaps" name="result_v2">
      <skipped message="Reason: On CRAN ('test-markdown-snaps.R:40:7')"/>
    </testcase>
    <testcase time="0.0450000000000728" classname="markdown_snaps" name="lsting">
      <skipped message="Reason: On CRAN ('test-markdown-snaps.R:40:7')"/>
    </testcase>
    <testcase time="0.144000000000005" classname="markdown_snaps" name="result_v1">
      <skipped message="Reason: On CRAN ('test-markdown-snaps.R:40:7')"/>
    </testcase>
    <testcase time="0.06899999999996" classname="markdown_snaps" name="result_v2">
      <skipped message="Reason: On CRAN ('test-markdown-snaps.R:40:7')"/>
    </testcase>
    <testcase time="0.101999999999975" classname="markdown_snaps" name="result_v3">
      <skipped message="Reason: On CRAN ('test-markdown-snaps.R:40:7')"/>
    </testcase>
    <testcase time="0.131000000000085" classname="markdown_snaps" name="result_v4">
      <skipped message="Reason: On CRAN ('test-markdown-snaps.R:40:7')"/>
    </testcase>
    <testcase time="0.0369999999999209" classname="markdown_snaps" name="lsting">
      <skipped message="Reason: On CRAN ('test-markdown-snaps.R:40:7')"/>
    </testcase>
    <testcase time="0.0590000000000828" classname="markdown_snaps" name="lsting">
      <skipped message="Reason: On CRAN ('test-markdown-snaps.R:40:7')"/>
    </testcase>
    <testcase time="0.45799999999997" classname="markdown_snaps" name="result_v1">
      <skipped message="Reason: On CRAN ('test-markdown-snaps.R:40:7')"/>
    </testcase>
    <testcase time="0.164999999999964" classname="markdown_snaps" name="result_v2">
      <skipped message="Reason: On CRAN ('test-markdown-snaps.R:40:7')"/>
    </testcase>
    <testcase time="0.145999999999958" classname="markdown_snaps" name="result_v3">
      <skipped message="Reason: On CRAN ('test-markdown-snaps.R:40:7')"/>
    </testcase>
    <testcase time="0.0360000000000582" classname="markdown_snaps" name="lsting">
      <skipped message="Reason: On CRAN ('test-markdown-snaps.R:40:7')"/>
    </testcase>
    <testcase time="0.0370000000000346" classname="markdown_snaps" name="lsting">
      <skipped message="Reason: On CRAN ('test-markdown-snaps.R:40:7')"/>
    </testcase>
    <testcase time="0.0380000000000109" classname="markdown_snaps" name="lsting">
      <skipped message="Reason: On CRAN ('test-markdown-snaps.R:40:7')"/>
    </testcase>
    <testcase time="0.144999999999982" classname="markdown_snaps" name="result_v1">
      <skipped message="Reason: On CRAN ('test-markdown-snaps.R:40:7')"/>
    </testcase>
    <testcase time="0.101999999999975" classname="markdown_snaps" name="result_v2">
      <skipped message="Reason: On CRAN ('test-markdown-snaps.R:40:7')"/>
    </testcase>
    <testcase time="1.79399999999998" classname="markdown_snaps" name="result_v1">
      <skipped message="Reason: On CRAN ('test-markdown-snaps.R:40:7')"/>
    </testcase>
    <testcase time="0.174999999999955" classname="markdown_snaps" name="result_v2">
      <skipped message="Reason: On CRAN ('test-markdown-snaps.R:40:7')"/>
    </testcase>
    <testcase time="0.424000000000092" classname="markdown_snaps" name="result_v3">
      <skipped message="Reason: On CRAN ('test-markdown-snaps.R:40:7')"/>
    </testcase>
    <testcase time="0.155999999999949" classname="markdown_snaps" name="result_v1">
      <skipped message="Reason: On CRAN ('test-markdown-snaps.R:40:7')"/>
    </testcase>
    <testcase time="0.110000000000014" classname="markdown_snaps" name="result_v2">
      <skipped message="Reason: On CRAN ('test-markdown-snaps.R:40:7')"/>
    </testcase>
    <testcase time="0.140999999999963" classname="markdown_snaps" name="result_v1">
      <skipped message="Reason: On CRAN ('test-markdown-snaps.R:40:7')"/>
    </testcase>
    <testcase time="0.0780000000000882" classname="markdown_snaps" name="result_v2">
      <skipped message="Reason: On CRAN ('test-markdown-snaps.R:40:7')"/>
    </testcase>
    <testcase time="0.0709999999999127" classname="markdown_snaps" name="result_v1">
      <skipped message="Reason: On CRAN ('test-markdown-snaps.R:40:7')"/>
    </testcase>
    <testcase time="0.0470000000000255" classname="markdown_snaps" name="result_v2">
      <skipped message="Reason: On CRAN ('test-markdown-snaps.R:40:7')"/>
    </testcase>
    <testcase time="0.0760000000000218" classname="markdown_snaps" name="result_v1">
      <skipped message="Reason: On CRAN ('test-markdown-snaps.R:40:7')"/>
    </testcase>
    <testcase time="0.05499999999995" classname="markdown_snaps" name="result_v2">
      <skipped message="Reason: On CRAN ('test-markdown-snaps.R:40:7')"/>
    </testcase>
    <testcase time="0.11200000000008" classname="markdown_snaps" name="result_v1">
      <skipped message="Reason: On CRAN ('test-markdown-snaps.R:40:7')"/>
    </testcase>
    <testcase time="0.0539999999999736" classname="markdown_snaps" name="result_v1">
      <skipped message="Reason: On CRAN ('test-markdown-snaps.R:40:7')"/>
    </testcase>
    <testcase time="0.0470000000000255" classname="markdown_snaps" name="result_v1">
      <skipped message="Reason: On CRAN ('test-markdown-snaps.R:40:7')"/>
    </testcase>
    <testcase time="0.0879999999999654" classname="markdown_snaps" name="result_v1">
      <skipped message="Reason: On CRAN ('test-markdown-snaps.R:40:7')"/>
    </testcase>
    <testcase time="0.0610000000000355" classname="markdown_snaps" name="result_v2">
      <skipped message="Reason: On CRAN ('test-markdown-snaps.R:40:7')"/>
    </testcase>
    <testcase time="0.288999999999987" classname="markdown_snaps" name="result_v1">
      <skipped message="Reason: On CRAN ('test-markdown-snaps.R:40:7')"/>
    </testcase>
    <testcase time="0.0559999999999263" classname="markdown_snaps" name="result_v1">
      <skipped message="Reason: On CRAN ('test-markdown-snaps.R:40:7')"/>
    </testcase>
    <testcase time="0.144000000000005" classname="markdown_snaps" name="result_v1">
      <skipped message="Reason: On CRAN ('test-markdown-snaps.R:40:7')"/>
    </testcase>
    <testcase time="0.0670000000000073" classname="markdown_snaps" name="result_v2">
      <skipped message="Reason: On CRAN ('test-markdown-snaps.R:40:7')"/>
    </testcase>
    <testcase time="0.09800000000007" classname="markdown_snaps" name="result_v3">
      <skipped message="Reason: On CRAN ('test-markdown-snaps.R:40:7')"/>
    </testcase>
    <testcase time="0.09699999999998" classname="markdown_snaps" name="result_v4">
      <skipped message="Reason: On CRAN ('test-markdown-snaps.R:40:7')"/>
    </testcase>
    <testcase time="0.677999999999997" classname="markdown_snaps" name="result_v1">
      <skipped message="Reason: On CRAN ('test-markdown-snaps.R:40:7')"/>
    </testcase>
    <testcase time="0.455000000000041" classname="markdown_snaps" name="result_v2">
      <skipped message="Reason: On CRAN ('test-markdown-snaps.R:40:7')"/>
    </testcase>
    <testcase time="0.505999999999972" classname="markdown_snaps" name="result_v3">
      <skipped message="Reason: On CRAN ('test-markdown-snaps.R:40:7')"/>
    </testcase>
    <testcase time="0.463999999999942" classname="markdown_snaps" name="result_v4">
      <skipped message="Reason: On CRAN ('test-markdown-snaps.R:40:7')"/>
    </testcase>
    <testcase time="0.0570000000000164" classname="markdown_snaps" name="lsting">
      <skipped message="Reason: On CRAN ('test-markdown-snaps.R:40:7')"/>
    </testcase>
    <testcase time="0.301000000000045" classname="markdown_snaps" name="result_v1">
      <skipped message="Reason: On CRAN ('test-markdown-snaps.R:40:7')"/>
    </testcase>
    <testcase time="0.115999999999985" classname="markdown_snaps" name="result_v1">
      <skipped message="Reason: On CRAN ('test-markdown-snaps.R:40:7')"/>
    </testcase>
    <testcase time="0.100999999999999" classname="markdown_snaps" name="result_v2">
      <skipped message="Reason: On CRAN ('test-markdown-snaps.R:40:7')"/>
    </testcase>
  </testsuite>
</testsuites>
