<?xml version="1.0" encoding="UTF-8"?>
<testsuites>
  <testsuite name="graphs-efficacy-fstg01" timestamp="2024-05-06T09:27:29Z" hostname="ca2d1fda75c9" tests="7" skipped="7" failures="0" errors="0" time="2.314">
    <testcase time="2.15600000000006" classname="graphs_efficacy_fstg01" name="graphs_efficacy_fstg01.qmd_width_stable">
      <skipped message="Reason: Snapshot test is not implemented for object of class: numeric. ('test-graphs-efficacy-fstg01.R:1:1')"/>
    </testcase>
    <testcase time="0.0570000000000164" classname="graphs_efficacy_fstg01" name="graphs_efficacy_fstg01.qmd_height_stable">
      <skipped message="Reason: Snapshot test is not implemented for object of class: numeric. ('test-graphs-efficacy-fstg01.R:1:1')"/>
    </testcase>
    <testcase time="0.04099999999994" classname="graphs_efficacy_fstg01" name="graphs_efficacy_fstg01.qmd_plot_v1_stable">
      <skipped message="Reason: On CI ('test-graphs-efficacy-fstg01.R:1:1')"/>
    </testcase>
    <testcase time="0.0149999999999864" classname="graphs_efficacy_fstg01" name="graphs_efficacy_fstg01.qmd_plot_v2_stable">
      <skipped message="Reason: On CI ('test-graphs-efficacy-fstg01.R:1:1')"/>
    </testcase>
    <testcase time="0.0149999999999864" classname="graphs_efficacy_fstg01" name="graphs_efficacy_fstg01.qmd_plot_v3_stable">
      <skipped message="Reason: On CI ('test-graphs-efficacy-fstg01.R:1:1')"/>
    </testcase>
    <testcase time="0.0149999999999864" classname="graphs_efficacy_fstg01" name="graphs_efficacy_fstg01.qmd_plot_v4_stable">
      <skipped message="Reason: On CI ('test-graphs-efficacy-fstg01.R:1:1')"/>
    </testcase>
    <testcase time="0.0150000000001" classname="graphs_efficacy_fstg01" name="graphs_efficacy_fstg01.qmd_plot_v5_stable">
      <skipped message="Reason: On CI ('test-graphs-efficacy-fstg01.R:1:1')"/>
    </testcase>
  </testsuite>
  <testsuite name="graphs-efficacy-fstg02" timestamp="2024-05-06T09:27:30Z" hostname="ca2d1fda75c9" tests="7" skipped="7" failures="0" errors="0" time="0.52">
    <testcase time="0.419999999999959" classname="graphs_efficacy_fstg02" name="graphs_efficacy_fstg02.qmd_width_stable">
      <skipped message="Reason: Snapshot test is not implemented for object of class: numeric. ('test-graphs-efficacy-fstg02.R:1:1')"/>
    </testcase>
    <testcase time="0.0159999999999627" classname="graphs_efficacy_fstg02" name="graphs_efficacy_fstg02.qmd_height_stable">
      <skipped message="Reason: Snapshot test is not implemented for object of class: numeric. ('test-graphs-efficacy-fstg02.R:1:1')"/>
    </testcase>
    <testcase time="0.0149999999999864" classname="graphs_efficacy_fstg02" name="graphs_efficacy_fstg02.qmd_plot_v1_stable">
      <skipped message="Reason: On CI ('test-graphs-efficacy-fstg02.R:1:1')"/>
    </testcase>
    <testcase time="0.0150000000001" classname="graphs_efficacy_fstg02" name="graphs_efficacy_fstg02.qmd_plot_v2_stable">
      <skipped message="Reason: On CI ('test-graphs-efficacy-fstg02.R:1:1')"/>
    </testcase>
    <testcase time="0.0159999999999627" classname="graphs_efficacy_fstg02" name="graphs_efficacy_fstg02.qmd_plot_v3_stable">
      <skipped message="Reason: On CI ('test-graphs-efficacy-fstg02.R:1:1')"/>
    </testcase>
    <testcase time="0.0190000000000055" classname="graphs_efficacy_fstg02" name="graphs_efficacy_fstg02.qmd_plot_v4_stable">
      <skipped message="Reason: On CI ('test-graphs-efficacy-fstg02.R:1:1')"/>
    </testcase>
    <testcase time="0.0190000000000055" classname="graphs_efficacy_fstg02" name="graphs_efficacy_fstg02.qmd_plot_v3.width_stable">
      <skipped message="Reason: Snapshot test is not implemented for object of class: numeric. ('test-graphs-efficacy-fstg02.R:1:1')"/>
    </testcase>
  </testsuite>
  <testsuite name="graphs-efficacy-kmg01" timestamp="2024-05-06T09:27:31Z" hostname="ca2d1fda75c9" tests="8" skipped="8" failures="0" errors="0" time="0.972">
    <testcase time="0.88799999999992" classname="graphs_efficacy_kmg01" name="graphs_efficacy_kmg01.qmd_width_stable">
      <skipped message="Reason: Snapshot test is not implemented for object of class: numeric. ('test-graphs-efficacy-kmg01.R:1:1')"/>
    </testcase>
    <testcase time="0.0120000000000573" classname="graphs_efficacy_kmg01" name="graphs_efficacy_kmg01.qmd_height_stable">
      <skipped message="Reason: Snapshot test is not implemented for object of class: numeric. ('test-graphs-efficacy-kmg01.R:1:1')"/>
    </testcase>
    <testcase time="0.0119999999999436" classname="graphs_efficacy_kmg01" name="graphs_efficacy_kmg01.qmd_plot_v1_stable">
      <skipped message="Reason: On CI ('test-graphs-efficacy-kmg01.R:1:1')"/>
    </testcase>
    <testcase time="0.0110000000000809" classname="graphs_efficacy_kmg01" name="graphs_efficacy_kmg01.qmd_plot_v2_stable">
      <skipped message="Reason: On CI ('test-graphs-efficacy-kmg01.R:1:1')"/>
    </testcase>
    <testcase time="0.0119999999999436" classname="graphs_efficacy_kmg01" name="graphs_efficacy_kmg01.qmd_plot_v3_stable">
      <skipped message="Reason: On CI ('test-graphs-efficacy-kmg01.R:1:1')"/>
    </testcase>
    <testcase time="0.0120000000000573" classname="graphs_efficacy_kmg01" name="graphs_efficacy_kmg01.qmd_plot_v4_stable">
      <skipped message="Reason: On CI ('test-graphs-efficacy-kmg01.R:1:1')"/>
    </testcase>
    <testcase time="0.0109999999999673" classname="graphs_efficacy_kmg01" name="graphs_efficacy_kmg01.qmd_plot_v5_stable">
      <skipped message="Reason: On CI ('test-graphs-efficacy-kmg01.R:1:1')"/>
    </testcase>
    <testcase time="0.01400000000001" classname="graphs_efficacy_kmg01" name="graphs_efficacy_kmg01.qmd_plot_v6_stable">
      <skipped message="Reason: On CI ('test-graphs-efficacy-kmg01.R:1:1')"/>
    </testcase>
  </testsuite>
  <testsuite name="graphs-efficacy-mmrmg01" timestamp="2024-05-06T09:27:31Z" hostname="ca2d1fda75c9" tests="6" skipped="6" failures="0" errors="0" time="0.727">
    <testcase time="0.668999999999983" classname="graphs_efficacy_mmrmg01" name="graphs_efficacy_mmrmg01.qmd_plot_v1_stable">
      <skipped message="Reason: On CI ('test-graphs-efficacy-mmrmg01.R:1:1')"/>
    </testcase>
    <testcase time="0.0120000000000573" classname="graphs_efficacy_mmrmg01" name="graphs_efficacy_mmrmg01.qmd_plot_v2_stable">
      <skipped message="Reason: On CI ('test-graphs-efficacy-mmrmg01.R:1:1')"/>
    </testcase>
    <testcase time="0.0119999999999436" classname="graphs_efficacy_mmrmg01" name="graphs_efficacy_mmrmg01.qmd_plot_v3_stable">
      <skipped message="Reason: On CI ('test-graphs-efficacy-mmrmg01.R:1:1')"/>
    </testcase>
    <testcase time="0.0109999999999673" classname="graphs_efficacy_mmrmg01" name="graphs_efficacy_mmrmg01.qmd_plot_v4_stable">
      <skipped message="Reason: On CI ('test-graphs-efficacy-mmrmg01.R:1:1')"/>
    </testcase>
    <testcase time="0.0110000000000809" classname="graphs_efficacy_mmrmg01" name="graphs_efficacy_mmrmg01.qmd_plot_v5_stable">
      <skipped message="Reason: On CI ('test-graphs-efficacy-mmrmg01.R:1:1')"/>
    </testcase>
    <testcase time="0.0119999999999436" classname="graphs_efficacy_mmrmg01" name="graphs_efficacy_mmrmg01.qmd_plot_v6_stable">
      <skipped message="Reason: On CI ('test-graphs-efficacy-mmrmg01.R:1:1')"/>
    </testcase>
  </testsuite>
  <testsuite name="graphs-efficacy-mmrmg02" timestamp="2024-05-06T09:27:32Z" hostname="ca2d1fda75c9" tests="3" skipped="3" failures="0" errors="0" time="0.144">
    <testcase time="0.120000000000005" classname="graphs_efficacy_mmrmg02" name="graphs_efficacy_mmrmg02.qmd_width_stable">
      <skipped message="Reason: Snapshot test is not implemented for object of class: numeric. ('test-graphs-efficacy-mmrmg02.R:1:1')"/>
    </testcase>
    <testcase time="0.0120000000000573" classname="graphs_efficacy_mmrmg02" name="graphs_efficacy_mmrmg02.qmd_plot_v1_stable">
      <skipped message="Reason: On CI ('test-graphs-efficacy-mmrmg02.R:1:1')"/>
    </testcase>
    <testcase time="0.0119999999999436" classname="graphs_efficacy_mmrmg02" name="graphs_efficacy_mmrmg02.qmd_plot_v2_stable">
      <skipped message="Reason: On CI ('test-graphs-efficacy-mmrmg02.R:1:1')"/>
    </testcase>
  </testsuite>
  <testsuite name="graphs-other-brg01" timestamp="2024-05-06T09:27:32Z" hostname="ca2d1fda75c9" tests="9" skipped="9" failures="0" errors="0" time="0.187">
    <testcase time="0.0919999999999845" classname="graphs_other_brg01" name="graphs_other_brg01.qmd_plot_v1_stable">
      <skipped message="Reason: On CI ('test-graphs-other-brg01.R:1:1')"/>
    </testcase>
    <testcase time="0.0130000000000337" classname="graphs_other_brg01" name="graphs_other_brg01.qmd_plot_v2_stable">
      <skipped message="Reason: On CI ('test-graphs-other-brg01.R:1:1')"/>
    </testcase>
    <testcase time="0.0119999999999436" classname="graphs_other_brg01" name="graphs_other_brg01.qmd_plot_v3_stable">
      <skipped message="Reason: On CI ('test-graphs-other-brg01.R:1:1')"/>
    </testcase>
    <testcase time="0.0110000000000809" classname="graphs_other_brg01" name="graphs_other_brg01.qmd_plot_v4_stable">
      <skipped message="Reason: On CI ('test-graphs-other-brg01.R:1:1')"/>
    </testcase>
    <testcase time="0.0119999999999436" classname="graphs_other_brg01" name="graphs_other_brg01.qmd_plot_v5_stable">
      <skipped message="Reason: On CI ('test-graphs-other-brg01.R:1:1')"/>
    </testcase>
    <testcase time="0.0120000000000573" classname="graphs_other_brg01" name="graphs_other_brg01.qmd_plot_v6_stable">
      <skipped message="Reason: On CI ('test-graphs-other-brg01.R:1:1')"/>
    </testcase>
    <testcase time="0.0109999999999673" classname="graphs_other_brg01" name="graphs_other_brg01.qmd_plot_v7_stable">
      <skipped message="Reason: On CI ('test-graphs-other-brg01.R:1:1')"/>
    </testcase>
    <testcase time="0.0120000000000573" classname="graphs_other_brg01" name="graphs_other_brg01.qmd_plot_v8_stable">
      <skipped message="Reason: On CI ('test-graphs-other-brg01.R:1:1')"/>
    </testcase>
    <testcase time="0.0119999999999436" classname="graphs_other_brg01" name="graphs_other_brg01.qmd_plot_v9_stable">
      <skipped message="Reason: On CI ('test-graphs-other-brg01.R:1:1')"/>
    </testcase>
  </testsuite>
  <testsuite name="graphs-other-bwg01" timestamp="2024-05-06T09:27:32Z" hostname="ca2d1fda75c9" tests="9" skipped="9" failures="0" errors="0" time="0.667">
    <testcase time="0.572000000000003" classname="graphs_other_bwg01" name="graphs_other_bwg01.qmd_plot_v1_stable">
      <skipped message="Reason: On CI ('test-graphs-other-bwg01.R:1:1')"/>
    </testcase>
    <testcase time="0.0119999999999436" classname="graphs_other_bwg01" name="graphs_other_bwg01.qmd_plot_v2_stable">
      <skipped message="Reason: On CI ('test-graphs-other-bwg01.R:1:1')"/>
    </testcase>
    <testcase time="0.0120000000000573" classname="graphs_other_bwg01" name="graphs_other_bwg01.qmd_plot_v3_stable">
      <skipped message="Reason: On CI ('test-graphs-other-bwg01.R:1:1')"/>
    </testcase>
    <testcase time="0.0130000000000337" classname="graphs_other_bwg01" name="graphs_other_bwg01.qmd_plot_v4_stable">
      <skipped message="Reason: On CI ('test-graphs-other-bwg01.R:1:1')"/>
    </testcase>
    <testcase time="0.0119999999999436" classname="graphs_other_bwg01" name="graphs_other_bwg01.qmd_plot_v5_stable">
      <skipped message="Reason: On CI ('test-graphs-other-bwg01.R:1:1')"/>
    </testcase>
    <testcase time="0.0109999999999673" classname="graphs_other_bwg01" name="graphs_other_bwg01.qmd_plot_v6_stable">
      <skipped message="Reason: On CI ('test-graphs-other-bwg01.R:1:1')"/>
    </testcase>
    <testcase time="0.0120000000000573" classname="graphs_other_bwg01" name="graphs_other_bwg01.qmd_plot_v7_stable">
      <skipped message="Reason: On CI ('test-graphs-other-bwg01.R:1:1')"/>
    </testcase>
    <testcase time="0.0109999999999673" classname="graphs_other_bwg01" name="graphs_other_bwg01.qmd_plot_v8_stable">
      <skipped message="Reason: On CI ('test-graphs-other-bwg01.R:1:1')"/>
    </testcase>
    <testcase time="0.0120000000000573" classname="graphs_other_bwg01" name="graphs_other_bwg01.qmd_plot_v9_stable">
      <skipped message="Reason: On CI ('test-graphs-other-bwg01.R:1:1')"/>
    </testcase>
  </testsuite>
  <testsuite name="graphs-other-cig01" timestamp="2024-05-06T09:27:32Z" hostname="ca2d1fda75c9" tests="5" skipped="5" failures="0" errors="0" time="0.192">
    <testcase time="0.144000000000005" classname="graphs_other_cig01" name="graphs_other_cig01.qmd_table_v6_stable">
      <skipped message="Reason: On CRAN ('test-graphs-other-cig01.R:1:1')"/>
    </testcase>
    <testcase time="0.01299999999992" classname="graphs_other_cig01" name="graphs_other_cig01.qmd_plot_v1_and_v2_stable">
      <skipped message="Reason: On CI ('test-graphs-other-cig01.R:1:1')"/>
    </testcase>
    <testcase time="0.0120000000000573" classname="graphs_other_cig01" name="graphs_other_cig01.qmd_plot_v3_stable">
      <skipped message="Reason: On CI ('test-graphs-other-cig01.R:1:1')"/>
    </testcase>
    <testcase time="0.0119999999999436" classname="graphs_other_cig01" name="graphs_other_cig01.qmd_plot_v4_stable">
      <skipped message="Reason: On CI ('test-graphs-other-cig01.R:1:1')"/>
    </testcase>
    <testcase time="0.0110000000000809" classname="graphs_other_cig01" name="graphs_other_cig01.qmd_plot_v5_stable">
      <skipped message="Reason: On CI ('test-graphs-other-cig01.R:1:1')"/>
    </testcase>
  </testsuite>
  <testsuite name="graphs-other-ippg01" timestamp="2024-05-06T09:27:33Z" hostname="ca2d1fda75c9" tests="2" skipped="2" failures="0" errors="0" time="0.046">
    <testcase time="0.0339999999999918" classname="graphs_other_ippg01" name="graphs_other_ippg01.qmd_plots_v1_stable">
      <skipped message="Reason: Snapshot test is not implemented for object of class: list. ('test-graphs-other-ippg01.R:1:1')"/>
    </testcase>
    <testcase time="0.0119999999999436" classname="graphs_other_ippg01" name="graphs_other_ippg01.qmd_plots_v2_stable">
      <skipped message="Reason: Snapshot test is not implemented for object of class: list. ('test-graphs-other-ippg01.R:1:1')"/>
    </testcase>
  </testsuite>
  <testsuite name="graphs-other-ltg01" timestamp="2024-05-06T09:27:33Z" hostname="ca2d1fda75c9" tests="7" skipped="7" failures="0" errors="0" time="0.174">
    <testcase time="0.105000000000018" classname="graphs_other_ltg01" name="graphs_other_ltg01.qmd_plot_v1_stable">
      <skipped message="Reason: On CI ('test-graphs-other-ltg01.R:1:1')"/>
    </testcase>
    <testcase time="0.0120000000000573" classname="graphs_other_ltg01" name="graphs_other_ltg01.qmd_plot_v2_stable">
      <skipped message="Reason: On CI ('test-graphs-other-ltg01.R:1:1')"/>
    </testcase>
    <testcase time="0.0119999999999436" classname="graphs_other_ltg01" name="graphs_other_ltg01.qmd_plot_v3_stable">
      <skipped message="Reason: On CI ('test-graphs-other-ltg01.R:1:1')"/>
    </testcase>
    <testcase time="0.0110000000000809" classname="graphs_other_ltg01" name="graphs_other_ltg01.qmd_plot_v4_stable">
      <skipped message="Reason: On CI ('test-graphs-other-ltg01.R:1:1')"/>
    </testcase>
    <testcase time="0.0109999999999673" classname="graphs_other_ltg01" name="graphs_other_ltg01.qmd_plot_v51_stable">
      <skipped message="Reason: On CI ('test-graphs-other-ltg01.R:1:1')"/>
    </testcase>
    <testcase time="0.0119999999999436" classname="graphs_other_ltg01" name="graphs_other_ltg01.qmd_plot_v52_stable">
      <skipped message="Reason: On CI ('test-graphs-other-ltg01.R:1:1')"/>
    </testcase>
    <testcase time="0.0110000000000809" classname="graphs_other_ltg01" name="graphs_other_ltg01.qmd_plot_v53_stable">
      <skipped message="Reason: On CI ('test-graphs-other-ltg01.R:1:1')"/>
    </testcase>
  </testsuite>
  <testsuite name="graphs-other-mng01" timestamp="2024-05-06T09:27:33Z" hostname="ca2d1fda75c9" tests="7" skipped="7" failures="0" errors="0" time="0.45">
    <testcase time="0.168999999999983" classname="graphs_other_mng01" name="graphs_other_mng01.qmd_plot_v1_stable">
      <skipped message="Reason: On CI ('test-graphs-other-mng01.R:1:1')"/>
    </testcase>
    <testcase time="0.01299999999992" classname="graphs_other_mng01" name="graphs_other_mng01.qmd_plot_v2_stable">
      <skipped message="Reason: On CI ('test-graphs-other-mng01.R:1:1')"/>
    </testcase>
    <testcase time="0.0110000000000809" classname="graphs_other_mng01" name="graphs_other_mng01.qmd_plot_v3_stable">
      <skipped message="Reason: On CI ('test-graphs-other-mng01.R:1:1')"/>
    </testcase>
    <testcase time="0.0119999999999436" classname="graphs_other_mng01" name="graphs_other_mng01.qmd_plot_v4_stable">
      <skipped message="Reason: On CI ('test-graphs-other-mng01.R:1:1')"/>
    </testcase>
    <testcase time="0.0110000000000809" classname="graphs_other_mng01" name="graphs_other_mng01.qmd_plot_v5_stable">
      <skipped message="Reason: On CI ('test-graphs-other-mng01.R:1:1')"/>
    </testcase>
    <testcase time="0.0119999999999436" classname="graphs_other_mng01" name="graphs_other_mng01.qmd_plot_v6_stable">
      <skipped message="Reason: On CI ('test-graphs-other-mng01.R:1:1')"/>
    </testcase>
    <testcase time="0.22199999999998" classname="graphs_other_mng01" name="graphs_other_mng01.qmd_plot_v7_stable">
      <skipped message="Reason: On CI ('test-graphs-other-mng01.R:1:1')"/>
    </testcase>
  </testsuite>
  <testsuite name="graphs-pharmacokinetic-pkcg01" timestamp="2024-05-06T09:27:33Z" hostname="ca2d1fda75c9" tests="2" skipped="2" failures="0" errors="0" time="0.044">
    <testcase time="0.0330000000000155" classname="graphs_pharmacokinetic_pkcg01" name="graphs_pharmacokinetic_pkcg01.qmd_plot_v1_stable">
      <skipped message="Reason: On CI ('test-graphs-pharmacokinetic-pkcg01.R:1:1')"/>
    </testcase>
    <testcase time="0.0109999999999673" classname="graphs_pharmacokinetic_pkcg01" name="graphs_pharmacokinetic_pkcg01.qmd_plot_v2_stable">
      <skipped message="Reason: On CI ('test-graphs-pharmacokinetic-pkcg01.R:1:1')"/>
    </testcase>
  </testsuite>
  <testsuite name="graphs-pharmacokinetic-pkcg02" timestamp="2024-05-06T09:27:33Z" hostname="ca2d1fda75c9" tests="2" skipped="2" failures="0" errors="0" time="0.046">
    <testcase time="0.0350000000000819" classname="graphs_pharmacokinetic_pkcg02" name="graphs_pharmacokinetic_pkcg02.qmd_plot_v1_stable">
      <skipped message="Reason: On CI ('test-graphs-pharmacokinetic-pkcg02.R:1:1')"/>
    </testcase>
    <testcase time="0.0109999999999673" classname="graphs_pharmacokinetic_pkcg02" name="graphs_pharmacokinetic_pkcg02.qmd_plot_v2_stable">
      <skipped message="Reason: On CI ('test-graphs-pharmacokinetic-pkcg02.R:1:1')"/>
    </testcase>
  </testsuite>
  <testsuite name="graphs-pharmacokinetic-pkcg03" timestamp="2024-05-06T09:27:33Z" hostname="ca2d1fda75c9" tests="2" skipped="2" failures="0" errors="0" time="0.058">
    <testcase time="0.0470000000000255" classname="graphs_pharmacokinetic_pkcg03" name="graphs_pharmacokinetic_pkcg03.qmd_plot_v1_stable">
      <skipped message="Reason: On CI ('test-graphs-pharmacokinetic-pkcg03.R:1:1')"/>
    </testcase>
    <testcase time="0.0109999999999673" classname="graphs_pharmacokinetic_pkcg03" name="graphs_pharmacokinetic_pkcg03.qmd_plot_v2_stable">
      <skipped message="Reason: On CI ('test-graphs-pharmacokinetic-pkcg03.R:1:1')"/>
    </testcase>
  </testsuite>
  <testsuite name="graphs-pharmacokinetic-pkpg01" timestamp="2024-05-06T09:27:33Z" hostname="ca2d1fda75c9" tests="2" skipped="2" failures="0" errors="0" time="0.059">
    <testcase time="0.0470000000000255" classname="graphs_pharmacokinetic_pkpg01" name="graphs_pharmacokinetic_pkpg01.qmd_plot_v1_stable">
      <skipped message="Reason: On CI ('test-graphs-pharmacokinetic-pkpg01.R:1:1')"/>
    </testcase>
    <testcase time="0.0120000000000573" classname="graphs_pharmacokinetic_pkpg01" name="graphs_pharmacokinetic_pkpg01.qmd_plot_v2_stable">
      <skipped message="Reason: On CI ('test-graphs-pharmacokinetic-pkpg01.R:1:1')"/>
    </testcase>
  </testsuite>
  <testsuite name="graphs-pharmacokinetic-pkpg02" timestamp="2024-05-06T09:27:34Z" hostname="ca2d1fda75c9" tests="2" skipped="2" failures="0" errors="0" time="0.072">
    <testcase time="0.0599999999999454" classname="graphs_pharmacokinetic_pkpg02" name="graphs_pharmacokinetic_pkpg02.qmd_plot_v1_stable">
      <skipped message="Reason: On CI ('test-graphs-pharmacokinetic-pkpg02.R:1:1')"/>
    </testcase>
    <testcase time="0.0119999999999436" classname="graphs_pharmacokinetic_pkpg02" name="graphs_pharmacokinetic_pkpg02.qmd_plot_v2_stable">
      <skipped message="Reason: On CI ('test-graphs-pharmacokinetic-pkpg02.R:1:1')"/>
    </testcase>
  </testsuite>
  <testsuite name="graphs-pharmacokinetic-pkpg03" timestamp="2024-05-06T09:27:34Z" hostname="ca2d1fda75c9" tests="1" skipped="1" failures="0" errors="0" time="0.043">
    <testcase time="0.0430000000000064" classname="graphs_pharmacokinetic_pkpg03" name="graphs_pharmacokinetic_pkpg03.qmd_plot_v1_stable">
      <skipped message="Reason: On CI ('test-graphs-pharmacokinetic-pkpg03.R:1:1')"/>
    </testcase>
  </testsuite>
  <testsuite name="graphs-pharmacokinetic-pkpg04" timestamp="2024-05-06T09:27:34Z" hostname="ca2d1fda75c9" tests="1" skipped="1" failures="0" errors="0" time="0.05">
    <testcase time="0.0500000000000682" classname="graphs_pharmacokinetic_pkpg04" name="graphs_pharmacokinetic_pkpg04.qmd_plot_v1_stable">
      <skipped message="Reason: On CI ('test-graphs-pharmacokinetic-pkpg04.R:1:1')"/>
    </testcase>
  </testsuite>
  <testsuite name="graphs-pharmacokinetic-pkpg06" timestamp="2024-05-06T09:27:34Z" hostname="ca2d1fda75c9" tests="4" skipped="4" failures="0" errors="0" time="0.07">
    <testcase time="0.0349999999999682" classname="graphs_pharmacokinetic_pkpg06" name="graphs_pharmacokinetic_pkpg06.qmd_plot_v1_stable">
      <skipped message="Reason: On CI ('test-graphs-pharmacokinetic-pkpg06.R:1:1')"/>
    </testcase>
    <testcase time="0.0120000000000573" classname="graphs_pharmacokinetic_pkpg06" name="graphs_pharmacokinetic_pkpg06.qmd_plot_v2_stable">
      <skipped message="Reason: On CI ('test-graphs-pharmacokinetic-pkpg06.R:1:1')"/>
    </testcase>
    <testcase time="0.0119999999999436" classname="graphs_pharmacokinetic_pkpg06" name="graphs_pharmacokinetic_pkpg06.qmd_plot_v3_stable">
      <skipped message="Reason: On CI ('test-graphs-pharmacokinetic-pkpg06.R:1:1')"/>
    </testcase>
    <testcase time="0.0109999999999673" classname="graphs_pharmacokinetic_pkpg06" name="graphs_pharmacokinetic_pkpg06.qmd_plot_v4_stable">
      <skipped message="Reason: On CI ('test-graphs-pharmacokinetic-pkpg06.R:1:1')"/>
    </testcase>
  </testsuite>
  <testsuite name="listings-ADA-adal02" timestamp="2024-05-06T09:27:34Z" hostname="ca2d1fda75c9" tests="1" skipped="1" failures="0" errors="0" time="0.037">
    <testcase time="0.0370000000000346" classname="listings_ADA_adal02" name="listings_ADA_adal02.qmd_lsting_stable">
      <skipped message="Reason: On CRAN ('test-listings-ADA-adal02.R:1:1')"/>
    </testcase>
  </testsuite>
  <testsuite name="listings-ECG-egl01" timestamp="2024-05-06T09:27:34Z" hostname="ca2d1fda75c9" tests="1" skipped="1" failures="0" errors="0" time="0.045">
    <testcase time="0.0449999999999591" classname="listings_ECG_egl01" name="listings_ECG_egl01.qmd_lsting_stable">
      <skipped message="Reason: On CRAN ('test-listings-ECG-egl01.R:1:1')"/>
    </testcase>
  </testsuite>
  <testsuite name="listings-adverse-events-ael01" timestamp="2024-05-06T09:27:34Z" hostname="ca2d1fda75c9" tests="1" skipped="1" failures="0" errors="0" time="0.028">
    <testcase time="0.02800000000002" classname="listings_adverse_events_ael01" name="listings_adverse_events_ael01.qmd_lsting_stable">
      <skipped message="Reason: On CRAN ('test-listings-adverse-events-ael01.R:1:1')"/>
    </testcase>
  </testsuite>
  <testsuite name="listings-adverse-events-ael01_nollt" timestamp="2024-05-06T09:27:34Z" hostname="ca2d1fda75c9" tests="1" skipped="1" failures="0" errors="0" time="0.027">
    <testcase time="0.0270000000000437" classname="listings_adverse_events_ael01_nollt" name="listings_adverse_events_ael01_nollt.qmd_lsting_stable">
      <skipped message="Reason: On CRAN ('test-listings-adverse-events-ael01_nollt.R:1:1')"/>
    </testcase>
  </testsuite>
  <testsuite name="listings-adverse-events-ael02" timestamp="2024-05-06T09:27:34Z" hostname="ca2d1fda75c9" tests="1" skipped="1" failures="0" errors="0" time="0.048">
    <testcase time="0.0480000000000018" classname="listings_adverse_events_ael02" name="listings_adverse_events_ael02.qmd_lsting_stable">
      <skipped message="Reason: On CRAN ('test-listings-adverse-events-ael02.R:1:1')"/>
    </testcase>
  </testsuite>
  <testsuite name="listings-adverse-events-ael02_ed" timestamp="2024-05-06T09:27:34Z" hostname="ca2d1fda75c9" tests="1" skipped="1" failures="0" errors="0" time="0.051">
    <testcase time="0.0509999999999309" classname="listings_adverse_events_ael02_ed" name="listings_adverse_events_ael02_ed.qmd_lsting_stable">
      <skipped message="Reason: On CRAN ('test-listings-adverse-events-ael02_ed.R:1:1')"/>
    </testcase>
  </testsuite>
  <testsuite name="listings-adverse-events-ael03" timestamp="2024-05-06T09:27:34Z" hostname="ca2d1fda75c9" tests="1" skipped="1" failures="0" errors="0" time="0.046">
    <testcase time="0.0460000000000491" classname="listings_adverse_events_ael03" name="listings_adverse_events_ael03.qmd_lsting_stable">
      <skipped message="Reason: On CRAN ('test-listings-adverse-events-ael03.R:1:1')"/>
    </testcase>
  </testsuite>
  <testsuite name="listings-adverse-events-ael04" timestamp="2024-05-06T09:27:34Z" hostname="ca2d1fda75c9" tests="1" skipped="1" failures="0" errors="0" time="0.044">
    <testcase time="0.0439999999999827" classname="listings_adverse_events_ael04" name="listings_adverse_events_ael04.qmd_lsting_stable">
      <skipped message="Reason: On CRAN ('test-listings-adverse-events-ael04.R:1:1')"/>
    </testcase>
  </testsuite>
  <testsuite name="listings-concomitant-medications-cml01" timestamp="2024-05-06T09:27:34Z" hostname="ca2d1fda75c9" tests="1" skipped="1" failures="0" errors="0" time="0.05">
    <testcase time="0.0500000000000682" classname="listings_concomitant_medications_cml01" name="listings_concomitant_medications_cml01.qmd_lsting_stable">
      <skipped message="Reason: On CRAN ('test-listings-concomitant-medications-cml01.R:1:1')"/>
    </testcase>
  </testsuite>
  <testsuite name="listings-concomitant-medications-cml02a_gl" timestamp="2024-05-06T09:27:34Z" hostname="ca2d1fda75c9" tests="1" skipped="1" failures="0" errors="0" time="0.028">
    <testcase time="0.0279999999999063" classname="listings_concomitant_medications_cml02a_gl" name="listings_concomitant_medications_cml02a_gl.qmd_lsting_stable">
      <skipped message="Reason: On CRAN ('test-listings-concomitant-medications-cml02a_gl.R:1:1')"/>
    </testcase>
  </testsuite>
  <testsuite name="listings-concomitant-medications-cml02b_gl" timestamp="2024-05-06T09:27:34Z" hostname="ca2d1fda75c9" tests="1" skipped="1" failures="0" errors="0" time="0.031">
    <testcase time="0.0310000000000628" classname="listings_concomitant_medications_cml02b_gl" name="listings_concomitant_medications_cml02b_gl.qmd_lsting_stable">
      <skipped message="Reason: On CRAN ('test-listings-concomitant-medications-cml02b_gl.R:1:1')"/>
    </testcase>
  </testsuite>
  <testsuite name="listings-development-safety-update-report-dsur4" timestamp="2024-05-06T09:27:34Z" hostname="ca2d1fda75c9" tests="1" skipped="1" failures="0" errors="0" time="0.028">
    <testcase time="0.02800000000002" classname="listings_development_safety_update_report_dsur4" name="listings_development_safety_update_report_dsur4.qmd_lsting_stable">
      <skipped message="Reason: On CRAN ('test-listings-development-safety-update-report-dsur4.R:1:1')"/>
    </testcase>
  </testsuite>
  <testsuite name="listings-disposition-dsl01" timestamp="2024-05-06T09:27:34Z" hostname="ca2d1fda75c9" tests="1" skipped="1" failures="0" errors="0" time="0.033">
    <testcase time="0.0330000000000155" classname="listings_disposition_dsl01" name="listings_disposition_dsl01.qmd_lsting_stable">
      <skipped message="Reason: On CRAN ('test-listings-disposition-dsl01.R:1:1')"/>
    </testcase>
  </testsuite>
  <testsuite name="listings-disposition-dsl02" timestamp="2024-05-06T09:27:34Z" hostname="ca2d1fda75c9" tests="1" skipped="1" failures="0" errors="0" time="0.036">
    <testcase time="0.0359999999999445" classname="listings_disposition_dsl02" name="listings_disposition_dsl02.qmd_lsting_stable">
      <skipped message="Reason: On CRAN ('test-listings-disposition-dsl02.R:1:1')"/>
    </testcase>
  </testsuite>
  <testsuite name="listings-efficacy-oncl01" timestamp="2024-05-06T09:27:34Z" hostname="ca2d1fda75c9" tests="1" skipped="1" failures="0" errors="0" time="0.04">
    <testcase time="0.0399999999999636" classname="listings_efficacy_oncl01" name="listings_efficacy_oncl01.qmd_lsting_stable">
      <skipped message="Reason: On CRAN ('test-listings-efficacy-oncl01.R:1:1')"/>
    </testcase>
  </testsuite>
  <testsuite name="listings-exposure-exl01" timestamp="2024-05-06T09:27:34Z" hostname="ca2d1fda75c9" tests="1" skipped="1" failures="0" errors="0" time="0.043">
    <testcase time="0.0430000000000064" classname="listings_exposure_exl01" name="listings_exposure_exl01.qmd_lsting_stable">
      <skipped message="Reason: On CRAN ('test-listings-exposure-exl01.R:1:1')"/>
    </testcase>
  </testsuite>
  <testsuite name="listings-lab-results-lbl01" timestamp="2024-05-06T09:27:34Z" hostname="ca2d1fda75c9" tests="1" skipped="1" failures="0" errors="0" time="0.04">
    <testcase time="0.0400000000000773" classname="listings_lab_results_lbl01" name="listings_lab_results_lbl01.qmd_lsting_stable">
      <skipped message="Reason: On CRAN ('test-listings-lab-results-lbl01.R:1:1')"/>
    </testcase>
  </testsuite>
  <testsuite name="listings-lab-results-lbl01_rls" timestamp="2024-05-06T09:27:34Z" hostname="ca2d1fda75c9" tests="1" skipped="1" failures="0" errors="0" time="0.039">
    <testcase time="0.0389999999999873" classname="listings_lab_results_lbl01_rls" name="listings_lab_results_lbl01_rls.qmd_lsting_stable">
      <skipped message="Reason: On CRAN ('test-listings-lab-results-lbl01_rls.R:1:1')"/>
    </testcase>
  </testsuite>
  <testsuite name="listings-lab-results-lbl02a" timestamp="2024-05-06T09:27:34Z" hostname="ca2d1fda75c9" tests="1" skipped="1" failures="0" errors="0" time="0.04">
    <testcase time="0.0399999999999636" classname="listings_lab_results_lbl02a" name="listings_lab_results_lbl02a.qmd_lsting_stable">
      <skipped message="Reason: On CRAN ('test-listings-lab-results-lbl02a.R:1:1')"/>
    </testcase>
  </testsuite>
  <testsuite name="listings-lab-results-lbl02a_rls" timestamp="2024-05-06T09:27:34Z" hostname="ca2d1fda75c9" tests="1" skipped="1" failures="0" errors="0" time="0.054">
    <testcase time="0.0539999999999736" classname="listings_lab_results_lbl02a_rls" name="listings_lab_results_lbl02a_rls.qmd_lsting_stable">
      <skipped message="Reason: On CRAN ('test-listings-lab-results-lbl02a_rls.R:1:1')"/>
    </testcase>
  </testsuite>
  <testsuite name="listings-lab-results-lbl02b" timestamp="2024-05-06T09:27:35Z" hostname="ca2d1fda75c9" tests="1" skipped="1" failures="0" errors="0" time="0.042">
    <testcase time="0.04200000000003" classname="listings_lab_results_lbl02b" name="listings_lab_results_lbl02b.qmd_lsting_stable">
      <skipped message="Reason: On CRAN ('test-listings-lab-results-lbl02b.R:1:1')"/>
    </testcase>
  </testsuite>
  <testsuite name="listings-medical-history-mhl01" timestamp="2024-05-06T09:27:35Z" hostname="ca2d1fda75c9" tests="1" skipped="1" failures="0" errors="0" time="0.044">
    <testcase time="0.0439999999999827" classname="listings_medical_history_mhl01" name="listings_medical_history_mhl01.qmd_lsting_stable">
      <skipped message="Reason: On CRAN ('test-listings-medical-history-mhl01.R:1:1')"/>
    </testcase>
  </testsuite>
  <testsuite name="listings-pharmacokinetic-pkcl01" timestamp="2024-05-06T09:27:35Z" hostname="ca2d1fda75c9" tests="1" skipped="1" failures="0" errors="0" time="0.037">
    <testcase time="0.0370000000000346" classname="listings_pharmacokinetic_pkcl01" name="listings_pharmacokinetic_pkcl01.qmd_lsting_stable">
      <skipped message="Reason: On CRAN ('test-listings-pharmacokinetic-pkcl01.R:1:1')"/>
    </testcase>
  </testsuite>
  <testsuite name="listings-pharmacokinetic-pkcl02" timestamp="2024-05-06T09:27:35Z" hostname="ca2d1fda75c9" tests="1" skipped="1" failures="0" errors="0" time="0.06">
    <testcase time="0.0600000000000591" classname="listings_pharmacokinetic_pkcl02" name="listings_pharmacokinetic_pkcl02.qmd_lsting_stable">
      <skipped message="Reason: On CRAN ('test-listings-pharmacokinetic-pkcl02.R:1:1')"/>
    </testcase>
  </testsuite>
  <testsuite name="listings-pharmacokinetic-pkpl01" timestamp="2024-05-06T09:27:35Z" hostname="ca2d1fda75c9" tests="1" skipped="1" failures="0" errors="0" time="0.042">
    <testcase time="0.0419999999999163" classname="listings_pharmacokinetic_pkpl01" name="listings_pharmacokinetic_pkpl01.qmd_lsting_stable">
      <skipped message="Reason: On CRAN ('test-listings-pharmacokinetic-pkpl01.R:1:1')"/>
    </testcase>
  </testsuite>
  <testsuite name="listings-pharmacokinetic-pkpl02" timestamp="2024-05-06T09:27:35Z" hostname="ca2d1fda75c9" tests="1" skipped="1" failures="0" errors="0" time="0.038">
    <testcase time="0.0380000000000109" classname="listings_pharmacokinetic_pkpl02" name="listings_pharmacokinetic_pkpl02.qmd_lsting_stable">
      <skipped message="Reason: On CRAN ('test-listings-pharmacokinetic-pkpl02.R:1:1')"/>
    </testcase>
  </testsuite>
  <testsuite name="listings-pharmacokinetic-pkpl04" timestamp="2024-05-06T09:27:35Z" hostname="ca2d1fda75c9" tests="1" skipped="1" failures="0" errors="0" time="0.039">
    <testcase time="0.0389999999999873" classname="listings_pharmacokinetic_pkpl04" name="listings_pharmacokinetic_pkpl04.qmd_lsting_stable">
      <skipped message="Reason: On CRAN ('test-listings-pharmacokinetic-pkpl04.R:1:1')"/>
    </testcase>
  </testsuite>
  <testsuite name="listings-vital-signs-vsl01" timestamp="2024-05-06T09:27:35Z" hostname="ca2d1fda75c9" tests="1" skipped="1" failures="0" errors="0" time="0.057">
    <testcase time="0.0570000000000164" classname="listings_vital_signs_vsl01" name="listings_vital_signs_vsl01.qmd_lsting_stable">
      <skipped message="Reason: On CRAN ('test-listings-vital-signs-vsl01.R:1:1')"/>
    </testcase>
  </testsuite>
  <testsuite name="tables-ADA-adat01" timestamp="2024-05-06T09:27:35Z" hostname="ca2d1fda75c9" tests="1" skipped="1" failures="0" errors="0" time="0.207">
    <testcase time="0.206999999999994" classname="tables_ADA_adat01" name="tables_ADA_adat01.qmd_result_v1_stable">
      <skipped message="Reason: On CRAN ('test-tables-ADA-adat01.R:1:1')"/>
    </testcase>
  </testsuite>
  <testsuite name="tables-ADA-adat02" timestamp="2024-05-06T09:27:35Z" hostname="ca2d1fda75c9" tests="1" skipped="1" failures="0" errors="0" time="0.069">
    <testcase time="0.0690000000000737" classname="tables_ADA_adat02" name="tables_ADA_adat02.qmd_result_v1_stable">
      <skipped message="Reason: On CRAN ('test-tables-ADA-adat02.R:1:1')"/>
    </testcase>
  </testsuite>
  <testsuite name="tables-ADA-adat03" timestamp="2024-05-06T09:27:35Z" hostname="ca2d1fda75c9" tests="1" skipped="1" failures="0" errors="0" time="0.303">
    <testcase time="0.302999999999997" classname="tables_ADA_adat03" name="tables_ADA_adat03.qmd_result_v1_stable">
      <skipped message="Reason: On CRAN ('test-tables-ADA-adat03.R:1:1')"/>
    </testcase>
  </testsuite>
  <testsuite name="tables-ADA-adat04a" timestamp="2024-05-06T09:27:36Z" hostname="ca2d1fda75c9" tests="1" skipped="1" failures="0" errors="0" time="0.153">
    <testcase time="0.152999999999906" classname="tables_ADA_adat04a" name="tables_ADA_adat04a.qmd_result_v1_stable">
      <skipped message="Reason: On CRAN ('test-tables-ADA-adat04a.R:1:1')"/>
    </testcase>
  </testsuite>
  <testsuite name="tables-ADA-adat04b" timestamp="2024-05-06T09:27:36Z" hostname="ca2d1fda75c9" tests="1" skipped="1" failures="0" errors="0" time="0.134">
    <testcase time="0.134000000000015" classname="tables_ADA_adat04b" name="tables_ADA_adat04b.qmd_result_v1_stable">
      <skipped message="Reason: On CRAN ('test-tables-ADA-adat04b.R:1:1')"/>
    </testcase>
  </testsuite>
  <testsuite name="tables-ECG-egt01" timestamp="2024-05-06T09:27:36Z" hostname="ca2d1fda75c9" tests="1" skipped="1" failures="0" errors="0" time="0.526">
    <testcase time="0.526000000000067" classname="tables_ECG_egt01" name="tables_ECG_egt01.qmd_result_v1_stable">
      <skipped message="Reason: On CRAN ('test-tables-ECG-egt01.R:1:1')"/>
    </testcase>
  </testsuite>
  <testsuite name="tables-ECG-egt02" timestamp="2024-05-06T09:27:36Z" hostname="ca2d1fda75c9" tests="2" skipped="2" failures="0" errors="0" time="0.133">
    <testcase time="0.0720000000000027" classname="tables_ECG_egt02" name="tables_ECG_egt02.qmd_result_v1_stable">
      <skipped message="Reason: On CRAN ('test-tables-ECG-egt02.R:1:1')"/>
    </testcase>
    <testcase time="0.0609999999999218" classname="tables_ECG_egt02" name="tables_ECG_egt02.qmd_result_v2_stable">
      <skipped message="Reason: On CRAN ('test-tables-ECG-egt02.R:1:1')"/>
    </testcase>
  </testsuite>
  <testsuite name="tables-ECG-egt03" timestamp="2024-05-06T09:27:38Z" hostname="ca2d1fda75c9" tests="2" skipped="2" failures="0" errors="0" time="1.32">
    <testcase time="1.226" classname="tables_ECG_egt03" name="tables_ECG_egt03.qmd_result_v1_stable">
      <skipped message="Reason: On CRAN ('test-tables-ECG-egt03.R:1:1')"/>
    </testcase>
    <testcase time="0.0940000000000509" classname="tables_ECG_egt03" name="tables_ECG_egt03.qmd_result_v2_stable">
      <skipped message="Reason: On CRAN ('test-tables-ECG-egt03.R:1:1')"/>
    </testcase>
  </testsuite>
  <testsuite name="tables-ECG-egt04" timestamp="2024-05-06T09:27:38Z" hostname="ca2d1fda75c9" tests="1" skipped="1" failures="0" errors="0" time="0.168">
    <testcase time="0.168000000000006" classname="tables_ECG_egt04" name="tables_ECG_egt04.qmd_result_v1_stable">
      <skipped message="Reason: On CRAN ('test-tables-ECG-egt04.R:1:1')"/>
    </testcase>
  </testsuite>
  <testsuite name="tables-ECG-egt05_qtcat" timestamp="2024-05-06T09:27:38Z" hostname="ca2d1fda75c9" tests="1" skipped="1" failures="0" errors="0" time="0.328">
    <testcase time="0.327999999999975" classname="tables_ECG_egt05_qtcat" name="tables_ECG_egt05_qtcat.qmd_result_v1_stable">
      <skipped message="Reason: On CRAN ('test-tables-ECG-egt05_qtcat.R:1:1')"/>
    </testcase>
  </testsuite>
  <testsuite name="tables-adverse-events-aet01" timestamp="2024-05-06T09:27:38Z" hostname="ca2d1fda75c9" tests="4" skipped="4" failures="0" errors="0" time="0.413">
    <testcase time="0.115000000000009" classname="tables_adverse_events_aet01" name="tables_adverse_events_aet01.qmd_result_v1_stable">
      <skipped message="Reason: On CRAN ('test-tables-adverse-events-aet01.R:1:1')"/>
    </testcase>
    <testcase time="0.104000000000042" classname="tables_adverse_events_aet01" name="tables_adverse_events_aet01.qmd_result_v2_stable">
      <skipped message="Reason: On CRAN ('test-tables-adverse-events-aet01.R:1:1')"/>
    </testcase>
    <testcase time="0.0769999999999982" classname="tables_adverse_events_aet01" name="tables_adverse_events_aet01.qmd_result_v3_stable">
      <skipped message="Reason: On CRAN ('test-tables-adverse-events-aet01.R:1:1')"/>
    </testcase>
    <testcase time="0.116999999999962" classname="tables_adverse_events_aet01" name="tables_adverse_events_aet01.qmd_result_v4_stable">
      <skipped message="Reason: On CRAN ('test-tables-adverse-events-aet01.R:1:1')"/>
    </testcase>
  </testsuite>
  <testsuite name="tables-adverse-events-aet01_aesi" timestamp="2024-05-06T09:27:39Z" hostname="ca2d1fda75c9" tests="4" skipped="4" failures="0" errors="0" time="0.588">
    <testcase time="0.115000000000009" classname="tables_adverse_events_aet01_aesi" name="tables_adverse_events_aet01_aesi.qmd_result_v1_stable">
      <skipped message="Reason: On CRAN ('test-tables-adverse-events-aet01_aesi.R:1:1')"/>
    </testcase>
    <testcase time="0.129999999999995" classname="tables_adverse_events_aet01_aesi" name="tables_adverse_events_aet01_aesi.qmd_result_v2_stable">
      <skipped message="Reason: On CRAN ('test-tables-adverse-events-aet01_aesi.R:1:1')"/>
    </testcase>
    <testcase time="0.201999999999998" classname="tables_adverse_events_aet01_aesi" name="tables_adverse_events_aet01_aesi.qmd_result_v3_stable">
      <skipped message="Reason: On CRAN ('test-tables-adverse-events-aet01_aesi.R:1:1')"/>
    </testcase>
    <testcase time="0.140999999999963" classname="tables_adverse_events_aet01_aesi" name="tables_adverse_events_aet01_aesi.qmd_result_v4_stable">
      <skipped message="Reason: On CRAN ('test-tables-adverse-events-aet01_aesi.R:1:1')"/>
    </testcase>
  </testsuite>
  <testsuite name="tables-adverse-events-aet02" timestamp="2024-05-06T09:27:39Z" hostname="ca2d1fda75c9" tests="13" skipped="13" failures="0" errors="0" time="1.694">
    <testcase time="0.285000000000082" classname="tables_adverse_events_aet02" name="tables_adverse_events_aet02.qmd_result_v1_stable">
      <skipped message="Reason: On CRAN ('test-tables-adverse-events-aet02.R:1:1')"/>
    </testcase>
    <testcase time="0.177999999999997" classname="tables_adverse_events_aet02" name="tables_adverse_events_aet02.qmd_result_v2_stable">
      <skipped message="Reason: On CRAN ('test-tables-adverse-events-aet02.R:1:1')"/>
    </testcase>
    <testcase time="0.161999999999921" classname="tables_adverse_events_aet02" name="tables_adverse_events_aet02.qmd_result_v3_stable">
      <skipped message="Reason: On CRAN ('test-tables-adverse-events-aet02.R:1:1')"/>
    </testcase>
    <testcase time="0.244000000000028" classname="tables_adverse_events_aet02" name="tables_adverse_events_aet02.qmd_result_v4_stable">
      <skipped message="Reason: On CRAN ('test-tables-adverse-events-aet02.R:1:1')"/>
    </testcase>
    <testcase time="0.0750000000000455" classname="tables_adverse_events_aet02" name="tables_adverse_events_aet02.qmd_result_v5_stable">
      <skipped message="Reason: On CRAN ('test-tables-adverse-events-aet02.R:1:1')"/>
    </testcase>
    <testcase time="0.139999999999986" classname="tables_adverse_events_aet02" name="tables_adverse_events_aet02.qmd_result_v6_stable">
      <skipped message="Reason: On CRAN ('test-tables-adverse-events-aet02.R:1:1')"/>
    </testcase>
    <testcase time="0.0869999999999891" classname="tables_adverse_events_aet02" name="tables_adverse_events_aet02.qmd_result_v7_stable">
      <skipped message="Reason: On CRAN ('test-tables-adverse-events-aet02.R:1:1')"/>
    </testcase>
    <testcase time="0.122999999999934" classname="tables_adverse_events_aet02" name="tables_adverse_events_aet02.qmd_result_v8_stable">
      <skipped message="Reason: On CRAN ('test-tables-adverse-events-aet02.R:1:1')"/>
    </testcase>
    <testcase time="0.0870000000001028" classname="tables_adverse_events_aet02" name="tables_adverse_events_aet02.qmd_result_v9_stable">
      <skipped message="Reason: On CRAN ('test-tables-adverse-events-aet02.R:1:1')"/>
    </testcase>
    <testcase time="0.0869999999999891" classname="tables_adverse_events_aet02" name="tables_adverse_events_aet02.qmd_result_v10_stable">
      <skipped message="Reason: On CRAN ('test-tables-adverse-events-aet02.R:1:1')"/>
    </testcase>
    <testcase time="0.0670000000000073" classname="tables_adverse_events_aet02" name="tables_adverse_events_aet02.qmd_result_v11_stable">
      <skipped message="Reason: On CRAN ('test-tables-adverse-events-aet02.R:1:1')"/>
    </testcase>
    <testcase time="0.0919999999999845" classname="tables_adverse_events_aet02" name="tables_adverse_events_aet02.qmd_result_v12_stable">
      <skipped message="Reason: On CRAN ('test-tables-adverse-events-aet02.R:1:1')"/>
    </testcase>
    <testcase time="0.0670000000000073" classname="tables_adverse_events_aet02" name="tables_adverse_events_aet02.qmd_result_v13_stable">
      <skipped message="Reason: On CRAN ('test-tables-adverse-events-aet02.R:1:1')"/>
    </testcase>
  </testsuite>
  <testsuite name="tables-adverse-events-aet02_smq" timestamp="2024-05-06T09:27:41Z" hostname="ca2d1fda75c9" tests="2" skipped="2" failures="0" errors="0" time="0.145">
    <testcase time="0.0639999999999645" classname="tables_adverse_events_aet02_smq" name="tables_adverse_events_aet02_smq.qmd_result_v1_stable">
      <skipped message="Reason: On CRAN ('test-tables-adverse-events-aet02_smq.R:1:1')"/>
    </testcase>
    <testcase time="0.0810000000000173" classname="tables_adverse_events_aet02_smq" name="tables_adverse_events_aet02_smq.qmd_result_v2_stable">
      <skipped message="Reason: On CRAN ('test-tables-adverse-events-aet02_smq.R:1:1')"/>
    </testcase>
  </testsuite>
  <testsuite name="tables-adverse-events-aet03" timestamp="2024-05-06T09:27:41Z" hostname="ca2d1fda75c9" tests="1" skipped="1" failures="0" errors="0" time="0.318">
    <testcase time="0.317999999999984" classname="tables_adverse_events_aet03" name="tables_adverse_events_aet03.qmd_result_v1_stable">
      <skipped message="Reason: On CRAN ('test-tables-adverse-events-aet03.R:1:1')"/>
    </testcase>
  </testsuite>
  <testsuite name="tables-adverse-events-aet04" timestamp="2024-05-06T09:27:42Z" hostname="ca2d1fda75c9" tests="8" skipped="8" failures="0" errors="0" time="3.266">
    <testcase time="0.576000000000022" classname="tables_adverse_events_aet04" name="tables_adverse_events_aet04.qmd_result_v1_stable">
      <skipped message="Reason: On CRAN ('test-tables-adverse-events-aet04.R:1:1')"/>
    </testcase>
    <testcase time="0.333999999999946" classname="tables_adverse_events_aet04" name="tables_adverse_events_aet04.qmd_result_v2_stable">
      <skipped message="Reason: On CRAN ('test-tables-adverse-events-aet04.R:1:1')"/>
    </testcase>
    <testcase time="0.651000000000067" classname="tables_adverse_events_aet04" name="tables_adverse_events_aet04.qmd_result_v3_stable">
      <skipped message="Reason: On CRAN ('test-tables-adverse-events-aet04.R:1:1')"/>
    </testcase>
    <testcase time="0.346000000000004" classname="tables_adverse_events_aet04" name="tables_adverse_events_aet04.qmd_result_v4_stable">
      <skipped message="Reason: On CRAN ('test-tables-adverse-events-aet04.R:1:1')"/>
    </testcase>
    <testcase time="0.338999999999942" classname="tables_adverse_events_aet04" name="tables_adverse_events_aet04.qmd_result_v6_stable">
      <skipped message="Reason: On CRAN ('test-tables-adverse-events-aet04.R:1:1')"/>
    </testcase>
    <testcase time="0.336999999999989" classname="tables_adverse_events_aet04" name="tables_adverse_events_aet04.qmd_result_v8_stable">
      <skipped message="Reason: On CRAN ('test-tables-adverse-events-aet04.R:1:1')"/>
    </testcase>
    <testcase time="0.338000000000079" classname="tables_adverse_events_aet04" name="tables_adverse_events_aet04.qmd_result_v9_stable">
      <skipped message="Reason: On CRAN ('test-tables-adverse-events-aet04.R:1:1')"/>
    </testcase>
    <testcase time="0.344999999999914" classname="tables_adverse_events_aet04" name="tables_adverse_events_aet04.qmd_result_v11_stable">
      <skipped message="Reason: On CRAN ('test-tables-adverse-events-aet04.R:1:1')"/>
    </testcase>
  </testsuite>
  <testsuite name="tables-adverse-events-aet04_pi" timestamp="2024-05-06T09:27:45Z" hostname="ca2d1fda75c9" tests="8" skipped="8" failures="0" errors="0" time="1.459">
    <testcase time="0.73599999999999" classname="tables_adverse_events_aet04_pi" name="tables_adverse_events_aet04_pi.qmd_result_v1_stable">
      <skipped message="Reason: On CRAN ('test-tables-adverse-events-aet04_pi.R:1:1')"/>
    </testcase>
    <testcase time="0.0819999999999936" classname="tables_adverse_events_aet04_pi" name="tables_adverse_events_aet04_pi.qmd_result_v2_stable">
      <skipped message="Reason: On CRAN ('test-tables-adverse-events-aet04_pi.R:1:1')"/>
    </testcase>
    <testcase time="0.0960000000000036" classname="tables_adverse_events_aet04_pi" name="tables_adverse_events_aet04_pi.qmd_result_v3_stable">
      <skipped message="Reason: On CRAN ('test-tables-adverse-events-aet04_pi.R:1:1')"/>
    </testcase>
    <testcase time="0.0640000000000782" classname="tables_adverse_events_aet04_pi" name="tables_adverse_events_aet04_pi.qmd_result_v4_stable">
      <skipped message="Reason: On CRAN ('test-tables-adverse-events-aet04_pi.R:1:1')"/>
    </testcase>
    <testcase time="0.132999999999925" classname="tables_adverse_events_aet04_pi" name="tables_adverse_events_aet04_pi.qmd_result_v5_stable">
      <skipped message="Reason: On CRAN ('test-tables-adverse-events-aet04_pi.R:1:1')"/>
    </testcase>
    <testcase time="0.113000000000056" classname="tables_adverse_events_aet04_pi" name="tables_adverse_events_aet04_pi.qmd_result_v6_stable">
      <skipped message="Reason: On CRAN ('test-tables-adverse-events-aet04_pi.R:1:1')"/>
    </testcase>
    <testcase time="0.110000000000014" classname="tables_adverse_events_aet04_pi" name="tables_adverse_events_aet04_pi.qmd_result_v7_stable">
      <skipped message="Reason: On CRAN ('test-tables-adverse-events-aet04_pi.R:1:1')"/>
    </testcase>
    <testcase time="0.125" classname="tables_adverse_events_aet04_pi" name="tables_adverse_events_aet04_pi.qmd_result_v8_stable">
      <skipped message="Reason: On CRAN ('test-tables-adverse-events-aet04_pi.R:1:1')"/>
    </testcase>
  </testsuite>
  <testsuite name="tables-adverse-events-aet05" timestamp="2024-05-06T09:27:46Z" hostname="ca2d1fda75c9" tests="2" skipped="2" failures="0" errors="0" time="0.102">
    <testcase time="0.0559999999999263" classname="tables_adverse_events_aet05" name="tables_adverse_events_aet05.qmd_result_v1_stable">
      <skipped message="Reason: On CRAN ('test-tables-adverse-events-aet05.R:1:1')"/>
    </testcase>
    <testcase time="0.0460000000000491" classname="tables_adverse_events_aet05" name="tables_adverse_events_aet05.qmd_result_v2_stable">
      <skipped message="Reason: On CRAN ('test-tables-adverse-events-aet05.R:1:1')"/>
    </testcase>
  </testsuite>
  <testsuite name="tables-adverse-events-aet05_all" timestamp="2024-05-06T09:27:46Z" hostname="ca2d1fda75c9" tests="2" skipped="2" failures="0" errors="0" time="0.093">
    <testcase time="0.0489999999999782" classname="tables_adverse_events_aet05_all" name="tables_adverse_events_aet05_all.qmd_result_v1_stable">
      <skipped message="Reason: On CRAN ('test-tables-adverse-events-aet05_all.R:1:1')"/>
    </testcase>
    <testcase time="0.0439999999999827" classname="tables_adverse_events_aet05_all" name="tables_adverse_events_aet05_all.qmd_result_v2_stable">
      <skipped message="Reason: On CRAN ('test-tables-adverse-events-aet05_all.R:1:1')"/>
    </testcase>
  </testsuite>
  <testsuite name="tables-adverse-events-aet06" timestamp="2024-05-06T09:27:47Z" hostname="ca2d1fda75c9" tests="5" skipped="5" failures="0" errors="0" time="1.85">
    <testcase time="0.442000000000007" classname="tables_adverse_events_aet06" name="tables_adverse_events_aet06.qmd_result_v1_stable">
      <skipped message="Reason: On CRAN ('test-tables-adverse-events-aet06.R:1:1')"/>
    </testcase>
    <testcase time="0.622000000000071" classname="tables_adverse_events_aet06" name="tables_adverse_events_aet06.qmd_result_v2_stable">
      <skipped message="Reason: On CRAN ('test-tables-adverse-events-aet06.R:1:1')"/>
    </testcase>
    <testcase time="0.279999999999973" classname="tables_adverse_events_aet06" name="tables_adverse_events_aet06.qmd_result_v3_stable">
      <skipped message="Reason: On CRAN ('test-tables-adverse-events-aet06.R:1:1')"/>
    </testcase>
    <testcase time="0.201000000000022" classname="tables_adverse_events_aet06" name="tables_adverse_events_aet06.qmd_result_v4_stable">
      <skipped message="Reason: On CRAN ('test-tables-adverse-events-aet06.R:1:1')"/>
    </testcase>
    <testcase time="0.30499999999995" classname="tables_adverse_events_aet06" name="tables_adverse_events_aet06.qmd_result_v5_stable">
      <skipped message="Reason: On CRAN ('test-tables-adverse-events-aet06.R:1:1')"/>
    </testcase>
  </testsuite>
  <testsuite name="tables-adverse-events-aet06_smq" timestamp="2024-05-06T09:27:48Z" hostname="ca2d1fda75c9" tests="3" skipped="3" failures="0" errors="0" time="0.301">
    <testcase time="0.119000000000028" classname="tables_adverse_events_aet06_smq" name="tables_adverse_events_aet06_smq.qmd_result_v1_stable">
      <skipped message="Reason: On CRAN ('test-tables-adverse-events-aet06_smq.R:1:1')"/>
    </testcase>
    <testcase time="0.107999999999947" classname="tables_adverse_events_aet06_smq" name="tables_adverse_events_aet06_smq.qmd_result_v2_stable">
      <skipped message="Reason: On CRAN ('test-tables-adverse-events-aet06_smq.R:1:1')"/>
    </testcase>
    <testcase time="0.0740000000000691" classname="tables_adverse_events_aet06_smq" name="tables_adverse_events_aet06_smq.qmd_result_v3_stable">
      <skipped message="Reason: On CRAN ('test-tables-adverse-events-aet06_smq.R:1:1')"/>
    </testcase>
  </testsuite>
  <testsuite name="tables-adverse-events-aet07" timestamp="2024-05-06T09:27:48Z" hostname="ca2d1fda75c9" tests="2" skipped="2" failures="0" errors="0" time="0.089">
    <testcase time="0.0459999999999354" classname="tables_adverse_events_aet07" name="tables_adverse_events_aet07.qmd_result_v1_stable">
      <skipped message="Reason: On CRAN ('test-tables-adverse-events-aet07.R:1:1')"/>
    </testcase>
    <testcase time="0.0430000000000064" classname="tables_adverse_events_aet07" name="tables_adverse_events_aet07.qmd_result_v2_stable">
      <skipped message="Reason: On CRAN ('test-tables-adverse-events-aet07.R:1:1')"/>
    </testcase>
  </testsuite>
  <testsuite name="tables-adverse-events-aet09" timestamp="2024-05-06T09:27:49Z" hostname="ca2d1fda75c9" tests="2" skipped="2" failures="0" errors="0" time="0.307">
    <testcase time="0.139999999999986" classname="tables_adverse_events_aet09" name="tables_adverse_events_aet09.qmd_result_v1_stable">
      <skipped message="Reason: On CRAN ('test-tables-adverse-events-aet09.R:1:1')"/>
    </testcase>
    <testcase time="0.16700000000003" classname="tables_adverse_events_aet09" name="tables_adverse_events_aet09.qmd_result_v2_stable">
      <skipped message="Reason: On CRAN ('test-tables-adverse-events-aet09.R:1:1')"/>
    </testcase>
  </testsuite>
  <testsuite name="tables-adverse-events-aet09_smq" timestamp="2024-05-06T09:27:49Z" hostname="ca2d1fda75c9" tests="2" skipped="2" failures="0" errors="0" time="0.13">
    <testcase time="0.0589999999999691" classname="tables_adverse_events_aet09_smq" name="tables_adverse_events_aet09_smq.qmd_result_v1_stable">
      <skipped message="Reason: On CRAN ('test-tables-adverse-events-aet09_smq.R:1:1')"/>
    </testcase>
    <testcase time="0.0710000000000264" classname="tables_adverse_events_aet09_smq" name="tables_adverse_events_aet09_smq.qmd_result_v2_stable">
      <skipped message="Reason: On CRAN ('test-tables-adverse-events-aet09_smq.R:1:1')"/>
    </testcase>
  </testsuite>
  <testsuite name="tables-adverse-events-aet10" timestamp="2024-05-06T09:27:49Z" hostname="ca2d1fda75c9" tests="2" skipped="2" failures="0" errors="0" time="0.175">
    <testcase time="0.0990000000000464" classname="tables_adverse_events_aet10" name="tables_adverse_events_aet10.qmd_result_v1_stable">
      <skipped message="Reason: On CRAN ('test-tables-adverse-events-aet10.R:1:1')"/>
    </testcase>
    <testcase time="0.0760000000000218" classname="tables_adverse_events_aet10" name="tables_adverse_events_aet10.qmd_result_v2_stable">
      <skipped message="Reason: On CRAN ('test-tables-adverse-events-aet10.R:1:1')"/>
    </testcase>
  </testsuite>
  <testsuite name="tables-concomitant-medications-cmt01" timestamp="2024-05-06T09:27:49Z" hostname="ca2d1fda75c9" tests="4" skipped="4" failures="0" errors="0" time="0.362">
    <testcase time="0.112999999999943" classname="tables_concomitant_medications_cmt01" name="tables_concomitant_medications_cmt01.qmd_result_v1_stable">
      <skipped message="Reason: On CRAN ('test-tables-concomitant-medications-cmt01.R:1:1')"/>
    </testcase>
    <testcase time="0.0679999999999836" classname="tables_concomitant_medications_cmt01" name="tables_concomitant_medications_cmt01.qmd_result_v2_stable">
      <skipped message="Reason: On CRAN ('test-tables-concomitant-medications-cmt01.R:1:1')"/>
    </testcase>
    <testcase time="0.0800000000000409" classname="tables_concomitant_medications_cmt01" name="tables_concomitant_medications_cmt01.qmd_result_v3_stable">
      <skipped message="Reason: On CRAN ('test-tables-concomitant-medications-cmt01.R:1:1')"/>
    </testcase>
    <testcase time="0.100999999999999" classname="tables_concomitant_medications_cmt01" name="tables_concomitant_medications_cmt01.qmd_result_v4_stable">
      <skipped message="Reason: On CRAN ('test-tables-concomitant-medications-cmt01.R:1:1')"/>
    </testcase>
  </testsuite>
  <testsuite name="tables-concomitant-medications-cmt01a" timestamp="2024-05-06T09:27:50Z" hostname="ca2d1fda75c9" tests="4" skipped="4" failures="0" errors="0" time="0.664">
    <testcase time="0.211000000000013" classname="tables_concomitant_medications_cmt01a" name="tables_concomitant_medications_cmt01a.qmd_result_v1_stable">
      <skipped message="Reason: On CRAN ('test-tables-concomitant-medications-cmt01a.R:1:1')"/>
    </testcase>
    <testcase time="0.156999999999925" classname="tables_concomitant_medications_cmt01a" name="tables_concomitant_medications_cmt01a.qmd_result_v2_stable">
      <skipped message="Reason: On CRAN ('test-tables-concomitant-medications-cmt01a.R:1:1')"/>
    </testcase>
    <testcase time="0.163000000000011" classname="tables_concomitant_medications_cmt01a" name="tables_concomitant_medications_cmt01a.qmd_result_v3_stable">
      <skipped message="Reason: On CRAN ('test-tables-concomitant-medications-cmt01a.R:1:1')"/>
    </testcase>
    <testcase time="0.133000000000038" classname="tables_concomitant_medications_cmt01a" name="tables_concomitant_medications_cmt01a.qmd_result_v4_stable">
      <skipped message="Reason: On CRAN ('test-tables-concomitant-medications-cmt01a.R:1:1')"/>
    </testcase>
  </testsuite>
  <testsuite name="tables-concomitant-medications-cmt01b" timestamp="2024-05-06T09:27:50Z" hostname="ca2d1fda75c9" tests="3" skipped="3" failures="0" errors="0" time="0.768">
    <testcase time="0.317999999999984" classname="tables_concomitant_medications_cmt01b" name="tables_concomitant_medications_cmt01b.qmd_result_v1_stable">
      <skipped message="Reason: On CRAN ('test-tables-concomitant-medications-cmt01b.R:1:1')"/>
    </testcase>
    <testcase time="0.187000000000012" classname="tables_concomitant_medications_cmt01b" name="tables_concomitant_medications_cmt01b.qmd_result_v2_stable">
      <skipped message="Reason: On CRAN ('test-tables-concomitant-medications-cmt01b.R:1:1')"/>
    </testcase>
    <testcase time="0.263000000000034" classname="tables_concomitant_medications_cmt01b" name="tables_concomitant_medications_cmt01b.qmd_result_v4_stable">
      <skipped message="Reason: On CRAN ('test-tables-concomitant-medications-cmt01b.R:1:1')"/>
    </testcase>
  </testsuite>
  <testsuite name="tables-concomitant-medications-cmt02_pt" timestamp="2024-05-06T09:27:51Z" hostname="ca2d1fda75c9" tests="1" skipped="1" failures="0" errors="0" time="0.076">
    <testcase time="0.0759999999999081" classname="tables_concomitant_medications_cmt02_pt" name="tables_concomitant_medications_cmt02_pt.qmd_result_v1_stable">
      <skipped message="Reason: On CRAN ('test-tables-concomitant-medications-cmt02_pt.R:1:1')"/>
    </testcase>
  </testsuite>
  <testsuite name="tables-deaths-dtht01" timestamp="2024-05-06T09:27:51Z" hostname="ca2d1fda75c9" tests="4" skipped="4" failures="0" errors="0" time="0.463">
    <testcase time="0.174000000000092" classname="tables_deaths_dtht01" name="tables_deaths_dtht01.qmd_result_v1_stable">
      <skipped message="Reason: On CRAN ('test-tables-deaths-dtht01.R:1:1')"/>
    </testcase>
    <testcase time="0.127999999999929" classname="tables_deaths_dtht01" name="tables_deaths_dtht01.qmd_result_v2_stable">
      <skipped message="Reason: On CRAN ('test-tables-deaths-dtht01.R:1:1')"/>
    </testcase>
    <testcase time="0.0670000000000073" classname="tables_deaths_dtht01" name="tables_deaths_dtht01.qmd_result_v3_stable">
      <skipped message="Reason: On CRAN ('test-tables-deaths-dtht01.R:1:1')"/>
    </testcase>
    <testcase time="0.0940000000000509" classname="tables_deaths_dtht01" name="tables_deaths_dtht01.qmd_result_v4_stable">
      <skipped message="Reason: On CRAN ('test-tables-deaths-dtht01.R:1:1')"/>
    </testcase>
  </testsuite>
  <testsuite name="tables-demography-dmt01" timestamp="2024-05-06T09:27:52Z" hostname="ca2d1fda75c9" tests="5" skipped="5" failures="0" errors="0" time="0.722">
    <testcase time="0.197000000000003" classname="tables_demography_dmt01" name="tables_demography_dmt01.qmd_result_v1_stable">
      <skipped message="Reason: On CRAN ('test-tables-demography-dmt01.R:1:1')"/>
    </testcase>
    <testcase time="0.150999999999954" classname="tables_demography_dmt01" name="tables_demography_dmt01.qmd_result_v2_stable">
      <skipped message="Reason: On CRAN ('test-tables-demography-dmt01.R:1:1')"/>
    </testcase>
    <testcase time="0.13900000000001" classname="tables_demography_dmt01" name="tables_demography_dmt01.qmd_result_v3_stable">
      <skipped message="Reason: On CRAN ('test-tables-demography-dmt01.R:1:1')"/>
    </testcase>
    <testcase time="0.129000000000019" classname="tables_demography_dmt01" name="tables_demography_dmt01.qmd_result_v4_stable">
      <skipped message="Reason: On CRAN ('test-tables-demography-dmt01.R:1:1')"/>
    </testcase>
    <testcase time="0.105999999999995" classname="tables_demography_dmt01" name="tables_demography_dmt01.qmd_result_v5_stable">
      <skipped message="Reason: On CRAN ('test-tables-demography-dmt01.R:1:1')"/>
    </testcase>
  </testsuite>
  <testsuite name="tables-disclosures-disclosurest01" timestamp="2024-05-06T09:27:52Z" hostname="ca2d1fda75c9" tests="6" skipped="6" failures="0" errors="0" time="0.57">
    <testcase time="0.138000000000034" classname="tables_disclosures_disclosurest01" name="tables_disclosures_disclosurest01.qmd_result_v1_stable">
      <skipped message="Reason: On CRAN ('test-tables-disclosures-disclosurest01.R:1:1')"/>
    </testcase>
    <testcase time="0.15199999999993" classname="tables_disclosures_disclosurest01" name="tables_disclosures_disclosurest01.qmd_result_v2_stable">
      <skipped message="Reason: On CRAN ('test-tables-disclosures-disclosurest01.R:1:1')"/>
    </testcase>
    <testcase time="0.0729999999999791" classname="tables_disclosures_disclosurest01" name="tables_disclosures_disclosurest01.qmd_result_v3_stable">
      <skipped message="Reason: On CRAN ('test-tables-disclosures-disclosurest01.R:1:1')"/>
    </testcase>
    <testcase time="0.0950000000000273" classname="tables_disclosures_disclosurest01" name="tables_disclosures_disclosurest01.qmd_result_v4_stable">
      <skipped message="Reason: On CRAN ('test-tables-disclosures-disclosurest01.R:1:1')"/>
    </testcase>
    <testcase time="0.0740000000000691" classname="tables_disclosures_disclosurest01" name="tables_disclosures_disclosurest01.qmd_result_v5_stable">
      <skipped message="Reason: On CRAN ('test-tables-disclosures-disclosurest01.R:1:1')"/>
    </testcase>
    <testcase time="0.0380000000000109" classname="tables_disclosures_disclosurest01" name="tables_disclosures_disclosurest01.qmd_result_v6_stable">
      <skipped message="Reason: On CRAN ('test-tables-disclosures-disclosurest01.R:1:1')"/>
    </testcase>
  </testsuite>
  <testsuite name="tables-disclosures-eudrat01" timestamp="2024-05-06T09:27:53Z" hostname="ca2d1fda75c9" tests="1" skipped="1" failures="0" errors="0" time="0.121">
    <testcase time="0.120999999999981" classname="tables_disclosures_eudrat01" name="tables_disclosures_eudrat01.qmd_result_v1_stable">
      <skipped message="Reason: On CRAN ('test-tables-disclosures-eudrat01.R:1:1')"/>
    </testcase>
  </testsuite>
  <testsuite name="tables-disclosures-eudrat02" timestamp="2024-05-06T09:27:53Z" hostname="ca2d1fda75c9" tests="1" skipped="1" failures="0" errors="0" time="0.087">
    <testcase time="0.0869999999999891" classname="tables_disclosures_eudrat02" name="tables_disclosures_eudrat02.qmd_result_v1_stable">
      <skipped message="Reason: On CRAN ('test-tables-disclosures-eudrat02.R:1:1')"/>
    </testcase>
  </testsuite>
  <testsuite name="tables-disposition-dst01" timestamp="2024-05-06T09:27:53Z" hostname="ca2d1fda75c9" tests="3" skipped="3" failures="0" errors="0" time="0.338">
    <testcase time="0.15300000000002" classname="tables_disposition_dst01" name="tables_disposition_dst01.qmd_result_v1_stable">
      <skipped message="Reason: On CRAN ('test-tables-disposition-dst01.R:1:1')"/>
    </testcase>
    <testcase time="0.0809999999999036" classname="tables_disposition_dst01" name="tables_disposition_dst01.qmd_result_v2_stable">
      <skipped message="Reason: On CRAN ('test-tables-disposition-dst01.R:1:1')"/>
    </testcase>
    <testcase time="0.104000000000042" classname="tables_disposition_dst01" name="tables_disposition_dst01.qmd_result_v3_stable">
      <skipped message="Reason: On CRAN ('test-tables-disposition-dst01.R:1:1')"/>
    </testcase>
  </testsuite>
  <testsuite name="tables-disposition-pdt01" timestamp="2024-05-06T09:27:53Z" hostname="ca2d1fda75c9" tests="1" skipped="1" failures="0" errors="0" time="0.14">
    <testcase time="0.139999999999986" classname="tables_disposition_pdt01" name="tables_disposition_pdt01.qmd_result_v1_stable">
      <skipped message="Reason: On CRAN ('test-tables-disposition-pdt01.R:1:1')"/>
    </testcase>
  </testsuite>
  <testsuite name="tables-disposition-pdt02" timestamp="2024-05-06T09:27:53Z" hostname="ca2d1fda75c9" tests="1" skipped="1" failures="0" errors="0" time="0.126">
    <testcase time="0.125999999999976" classname="tables_disposition_pdt02" name="tables_disposition_pdt02.qmd_result_v1_stable">
      <skipped message="Reason: On CRAN ('test-tables-disposition-pdt02.R:1:1')"/>
    </testcase>
  </testsuite>
  <testsuite name="tables-efficacy-aovt01" timestamp="2024-05-06T09:27:54Z" hostname="ca2d1fda75c9" tests="1" skipped="1" failures="0" errors="0" time="0.997">
    <testcase time="0.997000000000071" classname="tables_efficacy_aovt01" name="tables_efficacy_aovt01.qmd_result_v1_stable">
      <skipped message="Reason: On CRAN ('test-tables-efficacy-aovt01.R:1:1')"/>
    </testcase>
  </testsuite>
  <testsuite name="tables-efficacy-aovt02" timestamp="2024-05-06T09:27:55Z" hostname="ca2d1fda75c9" tests="1" skipped="1" failures="0" errors="0" time="0.143">
    <testcase time="0.143000000000029" classname="tables_efficacy_aovt02" name="tables_efficacy_aovt02.qmd_result_v1_stable">
      <skipped message="Reason: On CRAN ('test-tables-efficacy-aovt02.R:1:1')"/>
    </testcase>
  </testsuite>
  <testsuite name="tables-efficacy-aovt03" timestamp="2024-05-06T09:27:55Z" hostname="ca2d1fda75c9" tests="1" skipped="1" failures="0" errors="0" time="0.912">
    <testcase time="0.911999999999921" classname="tables_efficacy_aovt03" name="tables_efficacy_aovt03.qmd_result_v1_stable">
      <skipped message="Reason: On CRAN ('test-tables-efficacy-aovt03.R:1:1')"/>
    </testcase>
  </testsuite>
  <testsuite name="tables-efficacy-cfbt01" timestamp="2024-05-06T09:27:56Z" hostname="ca2d1fda75c9" tests="1" skipped="1" failures="0" errors="0" time="0.199">
    <testcase time="0.199000000000069" classname="tables_efficacy_cfbt01" name="tables_efficacy_cfbt01.qmd_result_v1_stable">
      <skipped message="Reason: On CRAN ('test-tables-efficacy-cfbt01.R:1:1')"/>
    </testcase>
  </testsuite>
  <testsuite name="tables-efficacy-cmht01" timestamp="2024-05-06T09:27:58Z" hostname="ca2d1fda75c9" tests="2" skipped="2" failures="0" errors="0" time="2.278">
    <testcase time="2.04399999999998" classname="tables_efficacy_cmht01" name="tables_efficacy_cmht01.qmd_result_v1_stable">
      <skipped message="Reason: On CRAN ('test-tables-efficacy-cmht01.R:1:1')"/>
    </testcase>
    <testcase time="0.233999999999924" classname="tables_efficacy_cmht01" name="tables_efficacy_cmht01.qmd_result_v2_stable">
      <skipped message="Reason: On CRAN ('test-tables-efficacy-cmht01.R:1:1')"/>
    </testcase>
  </testsuite>
  <testsuite name="tables-efficacy-coxt01" timestamp="2024-05-06T09:27:58Z" hostname="ca2d1fda75c9" tests="4" skipped="4" failures="0" errors="0" time="0.392">
    <testcase time="0.138000000000034" classname="tables_efficacy_coxt01" name="tables_efficacy_coxt01.qmd_result_v1_stable">
      <skipped message="Reason: On CRAN ('test-tables-efficacy-coxt01.R:1:1')"/>
    </testcase>
    <testcase time="0.0900000000000318" classname="tables_efficacy_coxt01" name="tables_efficacy_coxt01.qmd_result_v2_stable">
      <skipped message="Reason: On CRAN ('test-tables-efficacy-coxt01.R:1:1')"/>
    </testcase>
    <testcase time="0.0910000000000082" classname="tables_efficacy_coxt01" name="tables_efficacy_coxt01.qmd_result_v3_stable">
      <skipped message="Reason: On CRAN ('test-tables-efficacy-coxt01.R:1:1')"/>
    </testcase>
    <testcase time="0.0729999999999791" classname="tables_efficacy_coxt01" name="tables_efficacy_coxt01.qmd_result_v4_stable">
      <skipped message="Reason: On CRAN ('test-tables-efficacy-coxt01.R:1:1')"/>
    </testcase>
  </testsuite>
  <testsuite name="tables-efficacy-coxt02" timestamp="2024-05-06T09:27:59Z" hostname="ca2d1fda75c9" tests="2" skipped="2" failures="0" errors="0" time="0.125">
    <testcase time="0.0720000000000027" classname="tables_efficacy_coxt02" name="tables_efficacy_coxt02.qmd_result_v1_stable">
      <skipped message="Reason: On CRAN ('test-tables-efficacy-coxt02.R:1:1')"/>
    </testcase>
    <testcase time="0.0529999999999973" classname="tables_efficacy_coxt02" name="tables_efficacy_coxt02.qmd_result_v2_stable">
      <skipped message="Reason: On CRAN ('test-tables-efficacy-coxt02.R:1:1')"/>
    </testcase>
  </testsuite>
  <testsuite name="tables-efficacy-dort01" timestamp="2024-05-06T09:27:59Z" hostname="ca2d1fda75c9" tests="4" skipped="4" failures="0" errors="0" time="0.927">
    <testcase time="0.655999999999949" classname="tables_efficacy_dort01" name="tables_efficacy_dort01.qmd_result_v1_stable">
      <skipped message="Reason: On CRAN ('test-tables-efficacy-dort01.R:1:1')"/>
    </testcase>
    <testcase time="0.0860000000000127" classname="tables_efficacy_dort01" name="tables_efficacy_dort01.qmd_result_v2_stable">
      <skipped message="Reason: On CRAN ('test-tables-efficacy-dort01.R:1:1')"/>
    </testcase>
    <testcase time="0.103000000000065" classname="tables_efficacy_dort01" name="tables_efficacy_dort01.qmd_result_v3_stable">
      <skipped message="Reason: On CRAN ('test-tables-efficacy-dort01.R:1:1')"/>
    </testcase>
    <testcase time="0.0819999999999936" classname="tables_efficacy_dort01" name="tables_efficacy_dort01.qmd_result_v4_stable">
      <skipped message="Reason: On CRAN ('test-tables-efficacy-dort01.R:1:1')"/>
    </testcase>
  </testsuite>
  <testsuite name="tables-efficacy-lgrt02" timestamp="2024-05-06T09:28:00Z" hostname="ca2d1fda75c9" tests="4" skipped="4" failures="0" errors="0" time="0.807">
    <testcase time="0.164999999999964" classname="tables_efficacy_lgrt02" name="tables_efficacy_lgrt02.qmd_result_v1_stable">
      <skipped message="Reason: On CRAN ('test-tables-efficacy-lgrt02.R:1:1')"/>
    </testcase>
    <testcase time="0.138000000000034" classname="tables_efficacy_lgrt02" name="tables_efficacy_lgrt02.qmd_result_v2_stable">
      <skipped message="Reason: On CRAN ('test-tables-efficacy-lgrt02.R:1:1')"/>
    </testcase>
    <testcase time="0.365999999999985" classname="tables_efficacy_lgrt02" name="tables_efficacy_lgrt02.qmd_result_v3_stable">
      <skipped message="Reason: On CRAN ('test-tables-efficacy-lgrt02.R:1:1')"/>
    </testcase>
    <testcase time="0.138000000000034" classname="tables_efficacy_lgrt02" name="tables_efficacy_lgrt02.qmd_result_v4_stable">
      <skipped message="Reason: On CRAN ('test-tables-efficacy-lgrt02.R:1:1')"/>
    </testcase>
  </testsuite>
  <testsuite name="tables-efficacy-mmrmt01" timestamp="2024-05-06T09:28:00Z" hostname="ca2d1fda75c9" tests="4" skipped="4" failures="0" errors="0" time="0.585">
    <testcase time="0.197999999999979" classname="tables_efficacy_mmrmt01" name="tables_efficacy_mmrmt01.qmd_result_v1_stable">
      <skipped message="Reason: On CRAN ('test-tables-efficacy-mmrmt01.R:1:1')"/>
    </testcase>
    <testcase time="0.0869999999999891" classname="tables_efficacy_mmrmt01" name="tables_efficacy_mmrmt01.qmd_result_v2_stable">
      <skipped message="Reason: On CRAN ('test-tables-efficacy-mmrmt01.R:1:1')"/>
    </testcase>
    <testcase time="0.225000000000023" classname="tables_efficacy_mmrmt01" name="tables_efficacy_mmrmt01.qmd_result_v3_stable">
      <skipped message="Reason: On CRAN ('test-tables-efficacy-mmrmt01.R:1:1')"/>
    </testcase>
    <testcase time="0.0749999999999318" classname="tables_efficacy_mmrmt01" name="tables_efficacy_mmrmt01.qmd_result_baseline_stable">
      <skipped message="Reason: On CRAN ('test-tables-efficacy-mmrmt01.R:1:1')"/>
    </testcase>
  </testsuite>
  <testsuite name="tables-efficacy-onct05" timestamp="2024-05-06T09:28:01Z" hostname="ca2d1fda75c9" tests="4" skipped="4" failures="0" errors="0" time="0.455">
    <testcase time="0.179000000000087" classname="tables_efficacy_onct05" name="tables_efficacy_onct05.qmd_result_v1_stable">
      <skipped message="Reason: On CRAN ('test-tables-efficacy-onct05.R:1:1')"/>
    </testcase>
    <testcase time="0.103999999999928" classname="tables_efficacy_onct05" name="tables_efficacy_onct05.qmd_result_v2_stable">
      <skipped message="Reason: On CRAN ('test-tables-efficacy-onct05.R:1:1')"/>
    </testcase>
    <testcase time="0.0880000000000791" classname="tables_efficacy_onct05" name="tables_efficacy_onct05.qmd_result_v3_stable">
      <skipped message="Reason: On CRAN ('test-tables-efficacy-onct05.R:1:1')"/>
    </testcase>
    <testcase time="0.0839999999999463" classname="tables_efficacy_onct05" name="tables_efficacy_onct05.qmd_result_v4_stable">
      <skipped message="Reason: On CRAN ('test-tables-efficacy-onct05.R:1:1')"/>
    </testcase>
  </testsuite>
  <testsuite name="tables-efficacy-ratet01" timestamp="2024-05-06T09:28:02Z" hostname="ca2d1fda75c9" tests="1" skipped="1" failures="0" errors="0" time="0.252">
    <testcase time="0.251999999999953" classname="tables_efficacy_ratet01" name="tables_efficacy_ratet01.qmd_result_v1_stable">
      <skipped message="Reason: On CRAN ('test-tables-efficacy-ratet01.R:1:1')"/>
    </testcase>
  </testsuite>
  <testsuite name="tables-efficacy-rbmit01" timestamp="2024-05-06T09:28:02Z" hostname="ca2d1fda75c9" tests="1" skipped="1" failures="0" errors="0" time="0.118">
    <testcase time="0.118000000000052" classname="tables_efficacy_rbmit01" name="tables_efficacy_rbmit01.qmd_result_v1_stable">
      <skipped message="Reason: On CRAN ('test-tables-efficacy-rbmit01.R:1:1')"/>
    </testcase>
  </testsuite>
  <testsuite name="tables-efficacy-rspt01" timestamp="2024-05-06T09:28:02Z" hostname="ca2d1fda75c9" tests="6" skipped="6" failures="0" errors="0" time="0.904">
    <testcase time="0.43100000000004" classname="tables_efficacy_rspt01" name="tables_efficacy_rspt01.qmd_result_v1_stable">
      <skipped message="Reason: On CRAN ('test-tables-efficacy-rspt01.R:1:1')"/>
    </testcase>
    <testcase time="0.0889999999999418" classname="tables_efficacy_rspt01" name="tables_efficacy_rspt01.qmd_result_v2_stable">
      <skipped message="Reason: On CRAN ('test-tables-efficacy-rspt01.R:1:1')"/>
    </testcase>
    <testcase time="0.0929999999999609" classname="tables_efficacy_rspt01" name="tables_efficacy_rspt01.qmd_result_v3_stable">
      <skipped message="Reason: On CRAN ('test-tables-efficacy-rspt01.R:1:1')"/>
    </testcase>
    <testcase time="0.122000000000071" classname="tables_efficacy_rspt01" name="tables_efficacy_rspt01.qmd_result_v4_stable">
      <skipped message="Reason: On CRAN ('test-tables-efficacy-rspt01.R:1:1')"/>
    </testcase>
    <testcase time="0.0910000000000082" classname="tables_efficacy_rspt01" name="tables_efficacy_rspt01.qmd_result_v5_stable">
      <skipped message="Reason: On CRAN ('test-tables-efficacy-rspt01.R:1:1')"/>
    </testcase>
    <testcase time="0.0779999999999745" classname="tables_efficacy_rspt01" name="tables_efficacy_rspt01.qmd_result_v6_stable">
      <skipped message="Reason: On CRAN ('test-tables-efficacy-rspt01.R:1:1')"/>
    </testcase>
  </testsuite>
  <testsuite name="tables-efficacy-ttet01" timestamp="2024-05-06T09:28:04Z" hostname="ca2d1fda75c9" tests="6" skipped="6" failures="0" errors="0" time="1.799">
    <testcase time="1.20600000000002" classname="tables_efficacy_ttet01" name="tables_efficacy_ttet01.qmd_result_v1_stable">
      <skipped message="Reason: On CRAN ('test-tables-efficacy-ttet01.R:1:1')"/>
    </testcase>
    <testcase time="0.107999999999947" classname="tables_efficacy_ttet01" name="tables_efficacy_ttet01.qmd_result_v2_stable">
      <skipped message="Reason: On CRAN ('test-tables-efficacy-ttet01.R:1:1')"/>
    </testcase>
    <testcase time="0.115999999999985" classname="tables_efficacy_ttet01" name="tables_efficacy_ttet01.qmd_result_v3_stable">
      <skipped message="Reason: On CRAN ('test-tables-efficacy-ttet01.R:1:1')"/>
    </testcase>
    <testcase time="0.132000000000062" classname="tables_efficacy_ttet01" name="tables_efficacy_ttet01.qmd_result_v4_stable">
      <skipped message="Reason: On CRAN ('test-tables-efficacy-ttet01.R:1:1')"/>
    </testcase>
    <testcase time="0.114000000000033" classname="tables_efficacy_ttet01" name="tables_efficacy_ttet01.qmd_result_v5_stable">
      <skipped message="Reason: On CRAN ('test-tables-efficacy-ttet01.R:1:1')"/>
    </testcase>
    <testcase time="0.122999999999934" classname="tables_efficacy_ttet01" name="tables_efficacy_ttet01.qmd_result_v6_stable">
      <skipped message="Reason: On CRAN ('test-tables-efficacy-ttet01.R:1:1')"/>
    </testcase>
  </testsuite>
  <testsuite name="tables-exposure-ext01" timestamp="2024-05-06T09:28:05Z" hostname="ca2d1fda75c9" tests="3" skipped="3" failures="0" errors="0" time="0.582">
    <testcase time="0.200000000000045" classname="tables_exposure_ext01" name="tables_exposure_ext01.qmd_result_v1_stable">
      <skipped message="Reason: On CRAN ('test-tables-exposure-ext01.R:1:1')"/>
    </testcase>
    <testcase time="0.175999999999931" classname="tables_exposure_ext01" name="tables_exposure_ext01.qmd_result_v2_stable">
      <skipped message="Reason: On CRAN ('test-tables-exposure-ext01.R:1:1')"/>
    </testcase>
    <testcase time="0.206000000000017" classname="tables_exposure_ext01" name="tables_exposure_ext01.qmd_result_v3_stable">
      <skipped message="Reason: On CRAN ('test-tables-exposure-ext01.R:1:1')"/>
    </testcase>
  </testsuite>
  <testsuite name="tables-lab-results-lbt01" timestamp="2024-05-06T09:28:05Z" hostname="ca2d1fda75c9" tests="1" skipped="1" failures="0" errors="0" time="0.209">
    <testcase time="0.20900000000006" classname="tables_lab_results_lbt01" name="tables_lab_results_lbt01.qmd_result_v1_stable">
      <skipped message="Reason: On CRAN ('test-tables-lab-results-lbt01.R:1:1')"/>
    </testcase>
  </testsuite>
  <testsuite name="tables-lab-results-lbt02" timestamp="2024-05-06T09:28:05Z" hostname="ca2d1fda75c9" tests="1" skipped="1" failures="0" errors="0" time="0.159">
    <testcase time="0.158999999999992" classname="tables_lab_results_lbt02" name="tables_lab_results_lbt02.qmd_result_v1_stable">
      <skipped message="Reason: On CRAN ('test-tables-lab-results-lbt02.R:1:1')"/>
    </testcase>
  </testsuite>
  <testsuite name="tables-lab-results-lbt03" timestamp="2024-05-06T09:28:05Z" hostname="ca2d1fda75c9" tests="2" skipped="2" failures="0" errors="0" time="0.266">
    <testcase time="0.139999999999986" classname="tables_lab_results_lbt03" name="tables_lab_results_lbt03.qmd_result_v1_stable">
      <skipped message="Reason: On CRAN ('test-tables-lab-results-lbt03.R:1:1')"/>
    </testcase>
    <testcase time="0.125999999999976" classname="tables_lab_results_lbt03" name="tables_lab_results_lbt03.qmd_result_v2_stable">
      <skipped message="Reason: On CRAN ('test-tables-lab-results-lbt03.R:1:1')"/>
    </testcase>
  </testsuite>
  <testsuite name="tables-lab-results-lbt04" timestamp="2024-05-06T09:28:06Z" hostname="ca2d1fda75c9" tests="1" skipped="1" failures="0" errors="0" time="0.073">
    <testcase time="0.0729999999999791" classname="tables_lab_results_lbt04" name="tables_lab_results_lbt04.qmd_result_v1_stable">
      <skipped message="Reason: On CRAN ('test-tables-lab-results-lbt04.R:1:1')"/>
    </testcase>
  </testsuite>
  <testsuite name="tables-lab-results-lbt05" timestamp="2024-05-06T09:28:06Z" hostname="ca2d1fda75c9" tests="3" skipped="3" failures="0" errors="0" time="0.363">
    <testcase time="0.134999999999991" classname="tables_lab_results_lbt05" name="tables_lab_results_lbt05.qmd_result_v1_stable">
      <skipped message="Reason: On CRAN ('test-tables-lab-results-lbt05.R:1:1')"/>
    </testcase>
    <testcase time="0.131000000000085" classname="tables_lab_results_lbt05" name="tables_lab_results_lbt05.qmd_result_v2_stable">
      <skipped message="Reason: On CRAN ('test-tables-lab-results-lbt05.R:1:1')"/>
    </testcase>
    <testcase time="0.09699999999998" classname="tables_lab_results_lbt05" name="tables_lab_results_lbt05.qmd_result_v4_stable">
      <skipped message="Reason: On CRAN ('test-tables-lab-results-lbt05.R:1:1')"/>
    </testcase>
  </testsuite>
  <testsuite name="tables-lab-results-lbt06" timestamp="2024-05-06T09:28:06Z" hostname="ca2d1fda75c9" tests="2" skipped="2" failures="0" errors="0" time="0.748">
    <testcase time="0.29099999999994" classname="tables_lab_results_lbt06" name="tables_lab_results_lbt06.qmd_result_v1_stable">
      <skipped message="Reason: On CRAN ('test-tables-lab-results-lbt06.R:1:1')"/>
    </testcase>
    <testcase time="0.456999999999994" classname="tables_lab_results_lbt06" name="tables_lab_results_lbt06.qmd_result_v2_stable">
      <skipped message="Reason: On CRAN ('test-tables-lab-results-lbt06.R:1:1')"/>
    </testcase>
  </testsuite>
  <testsuite name="tables-lab-results-lbt07" timestamp="2024-05-06T09:28:07Z" hostname="ca2d1fda75c9" tests="1" skipped="1" failures="0" errors="0" time="0.152">
    <testcase time="0.152000000000044" classname="tables_lab_results_lbt07" name="tables_lab_results_lbt07.qmd_result_v1_stable">
      <skipped message="Reason: On CRAN ('test-tables-lab-results-lbt07.R:1:1')"/>
    </testcase>
  </testsuite>
  <testsuite name="tables-lab-results-lbt08" timestamp="2024-05-06T09:28:07Z" hostname="ca2d1fda75c9" tests="1" skipped="1" failures="0" errors="0" time="0.137">
    <testcase time="0.136999999999944" classname="tables_lab_results_lbt08" name="tables_lab_results_lbt08.qmd_result_v1_stable">
      <skipped message="Reason: On CRAN ('test-tables-lab-results-lbt08.R:1:1')"/>
    </testcase>
  </testsuite>
  <testsuite name="tables-lab-results-lbt09" timestamp="2024-05-06T09:28:07Z" hostname="ca2d1fda75c9" tests="2" skipped="2" failures="0" errors="0" time="0.501">
    <testcase time="0.319000000000074" classname="tables_lab_results_lbt09" name="tables_lab_results_lbt09.qmd_result_v1_stable">
      <skipped message="Reason: On CRAN ('test-tables-lab-results-lbt09.R:1:1')"/>
    </testcase>
    <testcase time="0.182000000000016" classname="tables_lab_results_lbt09" name="tables_lab_results_lbt09.qmd_result_v2_stable">
      <skipped message="Reason: On CRAN ('test-tables-lab-results-lbt09.R:1:1')"/>
    </testcase>
  </testsuite>
  <testsuite name="tables-lab-results-lbt10" timestamp="2024-05-06T09:28:08Z" hostname="ca2d1fda75c9" tests="2" skipped="2" failures="0" errors="0" time="0.112">
    <testcase time="0.0679999999999836" classname="tables_lab_results_lbt10" name="tables_lab_results_lbt10.qmd_result_v1_stable">
      <skipped message="Reason: On CRAN ('test-tables-lab-results-lbt10.R:1:1')"/>
    </testcase>
    <testcase time="0.0439999999999827" classname="tables_lab_results_lbt10" name="tables_lab_results_lbt10.qmd_result_v2_stable">
      <skipped message="Reason: On CRAN ('test-tables-lab-results-lbt10.R:1:1')"/>
    </testcase>
  </testsuite>
  <testsuite name="tables-lab-results-lbt10_bl" timestamp="2024-05-06T09:28:08Z" hostname="ca2d1fda75c9" tests="2" skipped="2" failures="0" errors="0" time="0.111">
    <testcase time="0.0670000000000073" classname="tables_lab_results_lbt10_bl" name="tables_lab_results_lbt10_bl.qmd_result_v1_stable">
      <skipped message="Reason: On CRAN ('test-tables-lab-results-lbt10_bl.R:1:1')"/>
    </testcase>
    <testcase time="0.0439999999999827" classname="tables_lab_results_lbt10_bl" name="tables_lab_results_lbt10_bl.qmd_result_v2_stable">
      <skipped message="Reason: On CRAN ('test-tables-lab-results-lbt10_bl.R:1:1')"/>
    </testcase>
  </testsuite>
  <testsuite name="tables-lab-results-lbt11" timestamp="2024-05-06T09:28:08Z" hostname="ca2d1fda75c9" tests="3" skipped="3" failures="0" errors="0" time="0.481">
    <testcase time="0.317999999999984" classname="tables_lab_results_lbt11" name="tables_lab_results_lbt11.qmd_result_v1_stable">
      <skipped message="Reason: On CRAN ('test-tables-lab-results-lbt11.R:1:1')"/>
    </testcase>
    <testcase time="0.0690000000000737" classname="tables_lab_results_lbt11" name="tables_lab_results_lbt11.qmd_result_v2_stable">
      <skipped message="Reason: On CRAN ('test-tables-lab-results-lbt11.R:1:1')"/>
    </testcase>
    <testcase time="0.0939999999999372" classname="tables_lab_results_lbt11" name="tables_lab_results_lbt11.qmd_result_v3_stable">
      <skipped message="Reason: On CRAN ('test-tables-lab-results-lbt11.R:1:1')"/>
    </testcase>
  </testsuite>
  <testsuite name="tables-lab-results-lbt11_bl" timestamp="2024-05-06T09:28:09Z" hostname="ca2d1fda75c9" tests="3" skipped="3" failures="0" errors="0" time="0.475">
    <testcase time="0.298999999999978" classname="tables_lab_results_lbt11_bl" name="tables_lab_results_lbt11_bl.qmd_result_v1_stable">
      <skipped message="Reason: On CRAN ('test-tables-lab-results-lbt11_bl.R:1:1')"/>
    </testcase>
    <testcase time="0.0640000000000782" classname="tables_lab_results_lbt11_bl" name="tables_lab_results_lbt11_bl.qmd_result_v2_stable">
      <skipped message="Reason: On CRAN ('test-tables-lab-results-lbt11_bl.R:1:1')"/>
    </testcase>
    <testcase time="0.111999999999966" classname="tables_lab_results_lbt11_bl" name="tables_lab_results_lbt11_bl.qmd_result_v3_stable">
      <skipped message="Reason: On CRAN ('test-tables-lab-results-lbt11_bl.R:1:1')"/>
    </testcase>
  </testsuite>
  <testsuite name="tables-lab-results-lbt12" timestamp="2024-05-06T09:28:09Z" hostname="ca2d1fda75c9" tests="1" skipped="1" failures="0" errors="0" time="0.094">
    <testcase time="0.0939999999999372" classname="tables_lab_results_lbt12" name="tables_lab_results_lbt12.qmd_result_v1_stable">
      <skipped message="Reason: On CRAN ('test-tables-lab-results-lbt12.R:1:1')"/>
    </testcase>
  </testsuite>
  <testsuite name="tables-lab-results-lbt12_bl" timestamp="2024-05-06T09:28:09Z" hostname="ca2d1fda75c9" tests="1" skipped="1" failures="0" errors="0" time="0.089">
    <testcase time="0.0890000000000555" classname="tables_lab_results_lbt12_bl" name="tables_lab_results_lbt12_bl.qmd_result_v1_stable">
      <skipped message="Reason: On CRAN ('test-tables-lab-results-lbt12_bl.R:1:1')"/>
    </testcase>
  </testsuite>
  <testsuite name="tables-lab-results-lbt13" timestamp="2024-05-06T09:28:09Z" hostname="ca2d1fda75c9" tests="5" skipped="5" failures="0" errors="0" time="3.017">
    <testcase time="0.725000000000023" classname="tables_lab_results_lbt13" name="tables_lab_results_lbt13.qmd_result_v1_stable">
      <skipped message="Reason: On CRAN ('test-tables-lab-results-lbt13.R:1:1')"/>
    </testcase>
    <testcase time="0.471000000000004" classname="tables_lab_results_lbt13" name="tables_lab_results_lbt13.qmd_result_v2_stable">
      <skipped message="Reason: On CRAN ('test-tables-lab-results-lbt13.R:1:1')"/>
    </testcase>
    <testcase time="0.466999999999985" classname="tables_lab_results_lbt13" name="tables_lab_results_lbt13.qmd_result_v3_stable">
      <skipped message="Reason: On CRAN ('test-tables-lab-results-lbt13.R:1:1')"/>
    </testcase>
    <testcase time="0.47199999999998" classname="tables_lab_results_lbt13" name="tables_lab_results_lbt13.qmd_result_v4_stable">
      <skipped message="Reason: On CRAN ('test-tables-lab-results-lbt13.R:1:1')"/>
    </testcase>
    <testcase time="0.882000000000062" classname="tables_lab_results_lbt13" name="tables_lab_results_lbt13.qmd_result_v5_stable">
      <skipped message="Reason: On CRAN ('test-tables-lab-results-lbt13.R:1:1')"/>
    </testcase>
  </testsuite>
  <testsuite name="tables-lab-results-lbt14" timestamp="2024-05-06T09:28:12Z" hostname="ca2d1fda75c9" tests="5" skipped="5" failures="0" errors="0" time="1.723">
    <testcase time="0.377999999999929" classname="tables_lab_results_lbt14" name="tables_lab_results_lbt14.qmd_result_v1_stable">
      <skipped message="Reason: On CRAN ('test-tables-lab-results-lbt14.R:1:1')"/>
    </testcase>
    <testcase time="0.267000000000053" classname="tables_lab_results_lbt14" name="tables_lab_results_lbt14.qmd_result_v2_stable">
      <skipped message="Reason: On CRAN ('test-tables-lab-results-lbt14.R:1:1')"/>
    </testcase>
    <testcase time="0.266999999999939" classname="tables_lab_results_lbt14" name="tables_lab_results_lbt14.qmd_result_v3_stable">
      <skipped message="Reason: On CRAN ('test-tables-lab-results-lbt14.R:1:1')"/>
    </testcase>
    <testcase time="0.268000000000029" classname="tables_lab_results_lbt14" name="tables_lab_results_lbt14.qmd_result_v4_stable">
      <skipped message="Reason: On CRAN ('test-tables-lab-results-lbt14.R:1:1')"/>
    </testcase>
    <testcase time="0.543000000000006" classname="tables_lab_results_lbt14" name="tables_lab_results_lbt14.qmd_result_v5_stable">
      <skipped message="Reason: On CRAN ('test-tables-lab-results-lbt14.R:1:1')"/>
    </testcase>
  </testsuite>
  <testsuite name="tables-lab-results-lbt15" timestamp="2024-05-06T09:28:14Z" hostname="ca2d1fda75c9" tests="2" skipped="2" failures="0" errors="0" time="0.182">
    <testcase time="0.0929999999999609" classname="tables_lab_results_lbt15" name="tables_lab_results_lbt15.qmd_result_v1_stable">
      <skipped message="Reason: On CRAN ('test-tables-lab-results-lbt15.R:1:1')"/>
    </testcase>
    <testcase time="0.0890000000000555" classname="tables_lab_results_lbt15" name="tables_lab_results_lbt15.qmd_result_v2_stable">
      <skipped message="Reason: On CRAN ('test-tables-lab-results-lbt15.R:1:1')"/>
    </testcase>
  </testsuite>
  <testsuite name="tables-medical-history-mht01" timestamp="2024-05-06T09:28:14Z" hostname="ca2d1fda75c9" tests="4" skipped="4" failures="0" errors="0" time="0.565">
    <testcase time="0.15300000000002" classname="tables_medical_history_mht01" name="tables_medical_history_mht01.qmd_result_v1_stable">
      <skipped message="Reason: On CRAN ('test-tables-medical-history-mht01.R:1:1')"/>
    </testcase>
    <testcase time="0.0539999999999736" classname="tables_medical_history_mht01" name="tables_medical_history_mht01.qmd_result_v2_stable">
      <skipped message="Reason: On CRAN ('test-tables-medical-history-mht01.R:1:1')"/>
    </testcase>
    <testcase time="0.225999999999999" classname="tables_medical_history_mht01" name="tables_medical_history_mht01.qmd_result_v3_stable">
      <skipped message="Reason: On CRAN ('test-tables-medical-history-mht01.R:1:1')"/>
    </testcase>
    <testcase time="0.131999999999948" classname="tables_medical_history_mht01" name="tables_medical_history_mht01.qmd_result_v4_stable">
      <skipped message="Reason: On CRAN ('test-tables-medical-history-mht01.R:1:1')"/>
    </testcase>
  </testsuite>
  <testsuite name="tables-pharmacokinetic-pkct01" timestamp="2024-05-06T09:28:15Z" hostname="ca2d1fda75c9" tests="3" skipped="3" failures="0" errors="0" time="0.762">
    <testcase time="0.449000000000069" classname="tables_pharmacokinetic_pkct01" name="tables_pharmacokinetic_pkct01.qmd_result_v1_stable">
      <skipped message="Reason: On CRAN ('test-tables-pharmacokinetic-pkct01.R:1:1')"/>
    </testcase>
    <testcase time="0.164999999999964" classname="tables_pharmacokinetic_pkct01" name="tables_pharmacokinetic_pkct01.qmd_result_v2_stable">
      <skipped message="Reason: On CRAN ('test-tables-pharmacokinetic-pkct01.R:1:1')"/>
    </testcase>
    <testcase time="0.148000000000025" classname="tables_pharmacokinetic_pkct01" name="tables_pharmacokinetic_pkct01.qmd_result_v3_stable">
      <skipped message="Reason: On CRAN ('test-tables-pharmacokinetic-pkct01.R:1:1')"/>
    </testcase>
  </testsuite>
  <testsuite name="tables-pharmacokinetic-pkpt02" timestamp="2024-05-06T09:28:15Z" hostname="ca2d1fda75c9" tests="2" skipped="2" failures="0" errors="0" time="0.213">
    <testcase time="0.127999999999929" classname="tables_pharmacokinetic_pkpt02" name="tables_pharmacokinetic_pkpt02.qmd_result_v1_stable">
      <skipped message="Reason: On CRAN ('test-tables-pharmacokinetic-pkpt02.R:1:1')"/>
    </testcase>
    <testcase time="0.0850000000000364" classname="tables_pharmacokinetic_pkpt02" name="tables_pharmacokinetic_pkpt02.qmd_result_v2_stable">
      <skipped message="Reason: On CRAN ('test-tables-pharmacokinetic-pkpt02.R:1:1')"/>
    </testcase>
  </testsuite>
  <testsuite name="tables-pharmacokinetic-pkpt03" timestamp="2024-05-06T09:28:17Z" hostname="ca2d1fda75c9" tests="3" skipped="3" failures="0" errors="0" time="1.48">
    <testcase time="1.45400000000006" classname="tables_pharmacokinetic_pkpt03" name="tables_pharmacokinetic_pkpt03.qmd_result_v1_stable">
      <skipped message="Reason: Snapshot test is not implemented for object of class: list. ('test-tables-pharmacokinetic-pkpt03.R:1:1')"/>
    </testcase>
    <testcase time="0.01299999999992" classname="tables_pharmacokinetic_pkpt03" name="tables_pharmacokinetic_pkpt03.qmd_result_v2_stable">
      <skipped message="Reason: Snapshot test is not implemented for object of class: list. ('test-tables-pharmacokinetic-pkpt03.R:1:1')"/>
    </testcase>
    <testcase time="0.0130000000000337" classname="tables_pharmacokinetic_pkpt03" name="tables_pharmacokinetic_pkpt03.qmd_result_v3_stable">
      <skipped message="Reason: Snapshot test is not implemented for object of class: list. ('test-tables-pharmacokinetic-pkpt03.R:1:1')"/>
    </testcase>
  </testsuite>
  <testsuite name="tables-pharmacokinetic-pkpt04" timestamp="2024-05-06T09:28:17Z" hostname="ca2d1fda75c9" tests="2" skipped="2" failures="0" errors="0" time="0.271">
    <testcase time="0.16599999999994" classname="tables_pharmacokinetic_pkpt04" name="tables_pharmacokinetic_pkpt04.qmd_result_v1_stable">
      <skipped message="Reason: On CRAN ('test-tables-pharmacokinetic-pkpt04.R:1:1')"/>
    </testcase>
    <testcase time="0.105000000000018" classname="tables_pharmacokinetic_pkpt04" name="tables_pharmacokinetic_pkpt04.qmd_result_v2_stable">
      <skipped message="Reason: On CRAN ('test-tables-pharmacokinetic-pkpt04.R:1:1')"/>
    </testcase>
  </testsuite>
  <testsuite name="tables-pharmacokinetic-pkpt05" timestamp="2024-05-06T09:28:17Z" hostname="ca2d1fda75c9" tests="2" skipped="2" failures="0" errors="0" time="0.242">
    <testcase time="0.160000000000082" classname="tables_pharmacokinetic_pkpt05" name="tables_pharmacokinetic_pkpt05.qmd_result_v1_stable">
      <skipped message="Reason: On CRAN ('test-tables-pharmacokinetic-pkpt05.R:1:1')"/>
    </testcase>
    <testcase time="0.0819999999999936" classname="tables_pharmacokinetic_pkpt05" name="tables_pharmacokinetic_pkpt05.qmd_result_v2_stable">
      <skipped message="Reason: On CRAN ('test-tables-pharmacokinetic-pkpt05.R:1:1')"/>
    </testcase>
  </testsuite>
  <testsuite name="tables-pharmacokinetic-pkpt06" timestamp="2024-05-06T09:28:17Z" hostname="ca2d1fda75c9" tests="2" skipped="2" failures="0" errors="0" time="0.111">
    <testcase time="0.0649999999999409" classname="tables_pharmacokinetic_pkpt06" name="tables_pharmacokinetic_pkpt06.qmd_result_v1_stable">
      <skipped message="Reason: On CRAN ('test-tables-pharmacokinetic-pkpt06.R:1:1')"/>
    </testcase>
    <testcase time="0.0460000000000491" classname="tables_pharmacokinetic_pkpt06" name="tables_pharmacokinetic_pkpt06.qmd_result_v2_stable">
      <skipped message="Reason: On CRAN ('test-tables-pharmacokinetic-pkpt06.R:1:1')"/>
    </testcase>
  </testsuite>
  <testsuite name="tables-pharmacokinetic-pkpt07" timestamp="2024-05-06T09:28:18Z" hostname="ca2d1fda75c9" tests="2" skipped="2" failures="0" errors="0" time="0.13">
    <testcase time="0.0779999999999745" classname="tables_pharmacokinetic_pkpt07" name="tables_pharmacokinetic_pkpt07.qmd_result_v1_stable">
      <skipped message="Reason: On CRAN ('test-tables-pharmacokinetic-pkpt07.R:1:1')"/>
    </testcase>
    <testcase time="0.0520000000000209" classname="tables_pharmacokinetic_pkpt07" name="tables_pharmacokinetic_pkpt07.qmd_result_v2_stable">
      <skipped message="Reason: On CRAN ('test-tables-pharmacokinetic-pkpt07.R:1:1')"/>
    </testcase>
  </testsuite>
  <testsuite name="tables-pharmacokinetic-pkpt08" timestamp="2024-05-06T09:28:18Z" hostname="ca2d1fda75c9" tests="1" skipped="1" failures="0" errors="0" time="0.358">
    <testcase time="0.357999999999947" classname="tables_pharmacokinetic_pkpt08" name="tables_pharmacokinetic_pkpt08.qmd_result_v1_stable">
      <skipped message="Reason: On CRAN ('test-tables-pharmacokinetic-pkpt08.R:1:1')"/>
    </testcase>
  </testsuite>
  <testsuite name="tables-pharmacokinetic-pkpt11" timestamp="2024-05-06T09:28:18Z" hostname="ca2d1fda75c9" tests="1" skipped="1" failures="0" errors="0" time="0.054">
    <testcase time="0.0539999999999736" classname="tables_pharmacokinetic_pkpt11" name="tables_pharmacokinetic_pkpt11.qmd_result_v1_stable">
      <skipped message="Reason: On CRAN ('test-tables-pharmacokinetic-pkpt11.R:1:1')"/>
    </testcase>
  </testsuite>
  <testsuite name="tables-risk-management-plan-rmpt01" timestamp="2024-05-06T09:28:18Z" hostname="ca2d1fda75c9" tests="1" skipped="1" failures="0" errors="0" time="0.047">
    <testcase time="0.0470000000000255" classname="tables_risk_management_plan_rmpt01" name="tables_risk_management_plan_rmpt01.qmd_result_v1_stable">
      <skipped message="Reason: On CRAN ('test-tables-risk-management-plan-rmpt01.R:1:1')"/>
    </testcase>
  </testsuite>
  <testsuite name="tables-risk-management-plan-rmpt03" timestamp="2024-05-06T09:28:18Z" hostname="ca2d1fda75c9" tests="2" skipped="2" failures="0" errors="0" time="0.144">
    <testcase time="0.0869999999999891" classname="tables_risk_management_plan_rmpt03" name="tables_risk_management_plan_rmpt03.qmd_result_v1_stable">
      <skipped message="Reason: On CRAN ('test-tables-risk-management-plan-rmpt03.R:1:1')"/>
    </testcase>
    <testcase time="0.0570000000000164" classname="tables_risk_management_plan_rmpt03" name="tables_risk_management_plan_rmpt03.qmd_result_v2_stable">
      <skipped message="Reason: On CRAN ('test-tables-risk-management-plan-rmpt03.R:1:1')"/>
    </testcase>
  </testsuite>
  <testsuite name="tables-risk-management-plan-rmpt04" timestamp="2024-05-06T09:28:18Z" hostname="ca2d1fda75c9" tests="1" skipped="1" failures="0" errors="0" time="0.045">
    <testcase time="0.0450000000000728" classname="tables_risk_management_plan_rmpt04" name="tables_risk_management_plan_rmpt04.qmd_result_v1_stable">
      <skipped message="Reason: On CRAN ('test-tables-risk-management-plan-rmpt04.R:1:1')"/>
    </testcase>
  </testsuite>
  <testsuite name="tables-risk-management-plan-rmpt05" timestamp="2024-05-06T09:28:18Z" hostname="ca2d1fda75c9" tests="1" skipped="1" failures="0" errors="0" time="0.058">
    <testcase time="0.0579999999999927" classname="tables_risk_management_plan_rmpt05" name="tables_risk_management_plan_rmpt05.qmd_result_v1_stable">
      <skipped message="Reason: On CRAN ('test-tables-risk-management-plan-rmpt05.R:1:1')"/>
    </testcase>
  </testsuite>
  <testsuite name="tables-risk-management-plan-rmpt06" timestamp="2024-05-06T09:28:18Z" hostname="ca2d1fda75c9" tests="4" skipped="4" failures="0" errors="0" time="0.405">
    <testcase time="0.141999999999939" classname="tables_risk_management_plan_rmpt06" name="tables_risk_management_plan_rmpt06.qmd_result_v1_stable">
      <skipped message="Reason: On CRAN ('test-tables-risk-management-plan-rmpt06.R:1:1')"/>
    </testcase>
    <testcase time="0.0760000000000218" classname="tables_risk_management_plan_rmpt06" name="tables_risk_management_plan_rmpt06.qmd_result_v2_stable">
      <skipped message="Reason: On CRAN ('test-tables-risk-management-plan-rmpt06.R:1:1')"/>
    </testcase>
    <testcase time="0.0929999999999609" classname="tables_risk_management_plan_rmpt06" name="tables_risk_management_plan_rmpt06.qmd_result_v3_stable">
      <skipped message="Reason: On CRAN ('test-tables-risk-management-plan-rmpt06.R:1:1')"/>
    </testcase>
    <testcase time="0.0940000000000509" classname="tables_risk_management_plan_rmpt06" name="tables_risk_management_plan_rmpt06.qmd_result_v4_stable">
      <skipped message="Reason: On CRAN ('test-tables-risk-management-plan-rmpt06.R:1:1')"/>
    </testcase>
  </testsuite>
  <testsuite name="tables-safety-enrollment01" timestamp="2024-05-06T09:28:19Z" hostname="ca2d1fda75c9" tests="4" skipped="4" failures="0" errors="0" time="2.046">
    <testcase time="0.672000000000025" classname="tables_safety_enrollment01" name="tables_safety_enrollment01.qmd_result_v1_stable">
      <skipped message="Reason: On CRAN ('test-tables-safety-enrollment01.R:1:1')"/>
    </testcase>
    <testcase time="0.442999999999984" classname="tables_safety_enrollment01" name="tables_safety_enrollment01.qmd_result_v2_stable">
      <skipped message="Reason: On CRAN ('test-tables-safety-enrollment01.R:1:1')"/>
    </testcase>
    <testcase time="0.486999999999966" classname="tables_safety_enrollment01" name="tables_safety_enrollment01.qmd_result_v3_stable">
      <skipped message="Reason: On CRAN ('test-tables-safety-enrollment01.R:1:1')"/>
    </testcase>
    <testcase time="0.44399999999996" classname="tables_safety_enrollment01" name="tables_safety_enrollment01.qmd_result_v4_stable">
      <skipped message="Reason: On CRAN ('test-tables-safety-enrollment01.R:1:1')"/>
    </testcase>
  </testsuite>
  <testsuite name="tables-vital-signs-vst01" timestamp="2024-05-06T09:28:21Z" hostname="ca2d1fda75c9" tests="1" skipped="1" failures="0" errors="0" time="0.3">
    <testcase time="0.300000000000068" classname="tables_vital_signs_vst01" name="tables_vital_signs_vst01.qmd_result_v1_stable">
      <skipped message="Reason: On CRAN ('test-tables-vital-signs-vst01.R:1:1')"/>
    </testcase>
  </testsuite>
  <testsuite name="tables-vital-signs-vst02" timestamp="2024-05-06T09:28:21Z" hostname="ca2d1fda75c9" tests="2" skipped="2" failures="0" errors="0" time="0.214">
    <testcase time="0.116999999999962" classname="tables_vital_signs_vst02" name="tables_vital_signs_vst02.qmd_result_v1_stable">
      <skipped message="Reason: On CRAN ('test-tables-vital-signs-vst02.R:1:1')"/>
    </testcase>
    <testcase time="0.09699999999998" classname="tables_vital_signs_vst02" name="tables_vital_signs_vst02.qmd_result_v2_stable">
      <skipped message="Reason: On CRAN ('test-tables-vital-signs-vst02.R:1:1')"/>
    </testcase>
  </testsuite>
</testsuites>
