<?xml version="1.0" encoding="UTF-8"?>
<testsuites>
  <testsuite name="graphs-efficacy-fstg01" timestamp="2024-04-30T08:48:37Z" hostname="871949ab8f35" tests="7" skipped="7" failures="0" errors="0" time="2.856">
    <testcase time="2.64400000000001" classname="graphs_efficacy_fstg01" name="graphs_efficacy_fstg01.qmd_width_stable">
      <skipped message="Reason: Snapshot test is not implemented for object of class: numeric. ('test-graphs-efficacy-fstg01.R:1:1')"/>
    </testcase>
    <testcase time="0.0920000000000982" classname="graphs_efficacy_fstg01" name="graphs_efficacy_fstg01.qmd_height_stable">
      <skipped message="Reason: Snapshot test is not implemented for object of class: numeric. ('test-graphs-efficacy-fstg01.R:1:1')"/>
    </testcase>
    <testcase time="0.0489999999999782" classname="graphs_efficacy_fstg01" name="graphs_efficacy_fstg01.qmd_plot_v1_stable">
      <skipped message="Reason: On CI ('test-graphs-efficacy-fstg01.R:1:1')"/>
    </testcase>
    <testcase time="0.0180000000000291" classname="graphs_efficacy_fstg01" name="graphs_efficacy_fstg01.qmd_plot_v2_stable">
      <skipped message="Reason: On CI ('test-graphs-efficacy-fstg01.R:1:1')"/>
    </testcase>
    <testcase time="0.0180000000000291" classname="graphs_efficacy_fstg01" name="graphs_efficacy_fstg01.qmd_plot_v3_stable">
      <skipped message="Reason: On CI ('test-graphs-efficacy-fstg01.R:1:1')"/>
    </testcase>
    <testcase time="0.0180000000000291" classname="graphs_efficacy_fstg01" name="graphs_efficacy_fstg01.qmd_plot_v4_stable">
      <skipped message="Reason: On CI ('test-graphs-efficacy-fstg01.R:1:1')"/>
    </testcase>
    <testcase time="0.0169999999998254" classname="graphs_efficacy_fstg01" name="graphs_efficacy_fstg01.qmd_plot_v5_stable">
      <skipped message="Reason: On CI ('test-graphs-efficacy-fstg01.R:1:1')"/>
    </testcase>
  </testsuite>
  <testsuite name="graphs-efficacy-fstg02" timestamp="2024-04-30T08:48:38Z" hostname="871949ab8f35" tests="7" skipped="7" failures="0" errors="0" time="0.599">
    <testcase time="0.492000000000189" classname="graphs_efficacy_fstg02" name="graphs_efficacy_fstg02.qmd_width_stable">
      <skipped message="Reason: Snapshot test is not implemented for object of class: numeric. ('test-graphs-efficacy-fstg02.R:1:1')"/>
    </testcase>
    <testcase time="0.0190000000000055" classname="graphs_efficacy_fstg02" name="graphs_efficacy_fstg02.qmd_height_stable">
      <skipped message="Reason: Snapshot test is not implemented for object of class: numeric. ('test-graphs-efficacy-fstg02.R:1:1')"/>
    </testcase>
    <testcase time="0.0180000000000291" classname="graphs_efficacy_fstg02" name="graphs_efficacy_fstg02.qmd_plot_v1_stable">
      <skipped message="Reason: On CI ('test-graphs-efficacy-fstg02.R:1:1')"/>
    </testcase>
    <testcase time="0.0169999999998254" classname="graphs_efficacy_fstg02" name="graphs_efficacy_fstg02.qmd_plot_v2_stable">
      <skipped message="Reason: On CI ('test-graphs-efficacy-fstg02.R:1:1')"/>
    </testcase>
    <testcase time="0.0180000000000291" classname="graphs_efficacy_fstg02" name="graphs_efficacy_fstg02.qmd_plot_v3_stable">
      <skipped message="Reason: On CI ('test-graphs-efficacy-fstg02.R:1:1')"/>
    </testcase>
    <testcase time="0.0180000000000291" classname="graphs_efficacy_fstg02" name="graphs_efficacy_fstg02.qmd_plot_v4_stable">
      <skipped message="Reason: On CI ('test-graphs-efficacy-fstg02.R:1:1')"/>
    </testcase>
    <testcase time="0.0170000000000528" classname="graphs_efficacy_fstg02" name="graphs_efficacy_fstg02.qmd_plot_v3.width_stable">
      <skipped message="Reason: Snapshot test is not implemented for object of class: numeric. ('test-graphs-efficacy-fstg02.R:1:1')"/>
    </testcase>
  </testsuite>
  <testsuite name="graphs-efficacy-kmg01" timestamp="2024-04-30T08:48:39Z" hostname="871949ab8f35" tests="8" skipped="8" failures="0" errors="0" time="1.146">
    <testcase time="1.04700000000003" classname="graphs_efficacy_kmg01" name="graphs_efficacy_kmg01.qmd_width_stable">
      <skipped message="Reason: Snapshot test is not implemented for object of class: numeric. ('test-graphs-efficacy-kmg01.R:1:1')"/>
    </testcase>
    <testcase time="0.0139999999998963" classname="graphs_efficacy_kmg01" name="graphs_efficacy_kmg01.qmd_height_stable">
      <skipped message="Reason: Snapshot test is not implemented for object of class: numeric. ('test-graphs-efficacy-kmg01.R:1:1')"/>
    </testcase>
    <testcase time="0.0140000000001237" classname="graphs_efficacy_kmg01" name="graphs_efficacy_kmg01.qmd_plot_v1_stable">
      <skipped message="Reason: On CI ('test-graphs-efficacy-kmg01.R:1:1')"/>
    </testcase>
    <testcase time="0.0139999999998963" classname="graphs_efficacy_kmg01" name="graphs_efficacy_kmg01.qmd_plot_v2_stable">
      <skipped message="Reason: On CI ('test-graphs-efficacy-kmg01.R:1:1')"/>
    </testcase>
    <testcase time="0.0139999999998963" classname="graphs_efficacy_kmg01" name="graphs_efficacy_kmg01.qmd_plot_v3_stable">
      <skipped message="Reason: On CI ('test-graphs-efficacy-kmg01.R:1:1')"/>
    </testcase>
    <testcase time="0.0140000000001237" classname="graphs_efficacy_kmg01" name="graphs_efficacy_kmg01.qmd_plot_v4_stable">
      <skipped message="Reason: On CI ('test-graphs-efficacy-kmg01.R:1:1')"/>
    </testcase>
    <testcase time="0.0150000000001" classname="graphs_efficacy_kmg01" name="graphs_efficacy_kmg01.qmd_plot_v5_stable">
      <skipped message="Reason: On CI ('test-graphs-efficacy-kmg01.R:1:1')"/>
    </testcase>
    <testcase time="0.0139999999998963" classname="graphs_efficacy_kmg01" name="graphs_efficacy_kmg01.qmd_plot_v6_stable">
      <skipped message="Reason: On CI ('test-graphs-efficacy-kmg01.R:1:1')"/>
    </testcase>
  </testsuite>
  <testsuite name="graphs-efficacy-mmrmg01" timestamp="2024-04-30T08:48:40Z" hostname="871949ab8f35" tests="6" skipped="6" failures="0" errors="0" time="0.873">
    <testcase time="0.804000000000087" classname="graphs_efficacy_mmrmg01" name="graphs_efficacy_mmrmg01.qmd_plot_v1_stable">
      <skipped message="Reason: On CI ('test-graphs-efficacy-mmrmg01.R:1:1')"/>
    </testcase>
    <testcase time="0.0149999999998727" classname="graphs_efficacy_mmrmg01" name="graphs_efficacy_mmrmg01.qmd_plot_v2_stable">
      <skipped message="Reason: On CI ('test-graphs-efficacy-mmrmg01.R:1:1')"/>
    </testcase>
    <testcase time="0.0140000000001237" classname="graphs_efficacy_mmrmg01" name="graphs_efficacy_mmrmg01.qmd_plot_v3_stable">
      <skipped message="Reason: On CI ('test-graphs-efficacy-mmrmg01.R:1:1')"/>
    </testcase>
    <testcase time="0.01299999999992" classname="graphs_efficacy_mmrmg01" name="graphs_efficacy_mmrmg01.qmd_plot_v4_stable">
      <skipped message="Reason: On CI ('test-graphs-efficacy-mmrmg01.R:1:1')"/>
    </testcase>
    <testcase time="0.0139999999998963" classname="graphs_efficacy_mmrmg01" name="graphs_efficacy_mmrmg01.qmd_plot_v5_stable">
      <skipped message="Reason: On CI ('test-graphs-efficacy-mmrmg01.R:1:1')"/>
    </testcase>
    <testcase time="0.0130000000001473" classname="graphs_efficacy_mmrmg01" name="graphs_efficacy_mmrmg01.qmd_plot_v6_stable">
      <skipped message="Reason: On CI ('test-graphs-efficacy-mmrmg01.R:1:1')"/>
    </testcase>
  </testsuite>
  <testsuite name="graphs-efficacy-mmrmg02" timestamp="2024-04-30T08:48:40Z" hostname="871949ab8f35" tests="3" skipped="3" failures="0" errors="0" time="0.178">
    <testcase time="0.148999999999887" classname="graphs_efficacy_mmrmg02" name="graphs_efficacy_mmrmg02.qmd_width_stable">
      <skipped message="Reason: Snapshot test is not implemented for object of class: numeric. ('test-graphs-efficacy-mmrmg02.R:1:1')"/>
    </testcase>
    <testcase time="0.0150000000001" classname="graphs_efficacy_mmrmg02" name="graphs_efficacy_mmrmg02.qmd_plot_v1_stable">
      <skipped message="Reason: On CI ('test-graphs-efficacy-mmrmg02.R:1:1')"/>
    </testcase>
    <testcase time="0.0139999999998963" classname="graphs_efficacy_mmrmg02" name="graphs_efficacy_mmrmg02.qmd_plot_v2_stable">
      <skipped message="Reason: On CI ('test-graphs-efficacy-mmrmg02.R:1:1')"/>
    </testcase>
  </testsuite>
  <testsuite name="graphs-other-brg01" timestamp="2024-04-30T08:48:40Z" hostname="871949ab8f35" tests="9" skipped="9" failures="0" errors="0" time="0.229">
    <testcase time="0.113000000000056" classname="graphs_other_brg01" name="graphs_other_brg01.qmd_plot_v1_stable">
      <skipped message="Reason: On CI ('test-graphs-other-brg01.R:1:1')"/>
    </testcase>
    <testcase time="0.0160000000000764" classname="graphs_other_brg01" name="graphs_other_brg01.qmd_plot_v2_stable">
      <skipped message="Reason: On CI ('test-graphs-other-brg01.R:1:1')"/>
    </testcase>
    <testcase time="0.0149999999998727" classname="graphs_other_brg01" name="graphs_other_brg01.qmd_plot_v3_stable">
      <skipped message="Reason: On CI ('test-graphs-other-brg01.R:1:1')"/>
    </testcase>
    <testcase time="0.0140000000001237" classname="graphs_other_brg01" name="graphs_other_brg01.qmd_plot_v4_stable">
      <skipped message="Reason: On CI ('test-graphs-other-brg01.R:1:1')"/>
    </testcase>
    <testcase time="0.0139999999998963" classname="graphs_other_brg01" name="graphs_other_brg01.qmd_plot_v5_stable">
      <skipped message="Reason: On CI ('test-graphs-other-brg01.R:1:1')"/>
    </testcase>
    <testcase time="0.0150000000001" classname="graphs_other_brg01" name="graphs_other_brg01.qmd_plot_v6_stable">
      <skipped message="Reason: On CI ('test-graphs-other-brg01.R:1:1')"/>
    </testcase>
    <testcase time="0.0139999999998963" classname="graphs_other_brg01" name="graphs_other_brg01.qmd_plot_v7_stable">
      <skipped message="Reason: On CI ('test-graphs-other-brg01.R:1:1')"/>
    </testcase>
    <testcase time="0.0140000000001237" classname="graphs_other_brg01" name="graphs_other_brg01.qmd_plot_v8_stable">
      <skipped message="Reason: On CI ('test-graphs-other-brg01.R:1:1')"/>
    </testcase>
    <testcase time="0.0139999999998963" classname="graphs_other_brg01" name="graphs_other_brg01.qmd_plot_v9_stable">
      <skipped message="Reason: On CI ('test-graphs-other-brg01.R:1:1')"/>
    </testcase>
  </testsuite>
  <testsuite name="graphs-other-bwg01" timestamp="2024-04-30T08:48:41Z" hostname="871949ab8f35" tests="9" skipped="9" failures="0" errors="0" time="0.794">
    <testcase time="0.683999999999969" classname="graphs_other_bwg01" name="graphs_other_bwg01.qmd_plot_v1_stable">
      <skipped message="Reason: On CI ('test-graphs-other-bwg01.R:1:1')"/>
    </testcase>
    <testcase time="0.0140000000001237" classname="graphs_other_bwg01" name="graphs_other_bwg01.qmd_plot_v2_stable">
      <skipped message="Reason: On CI ('test-graphs-other-bwg01.R:1:1')"/>
    </testcase>
    <testcase time="0.0139999999998963" classname="graphs_other_bwg01" name="graphs_other_bwg01.qmd_plot_v3_stable">
      <skipped message="Reason: On CI ('test-graphs-other-bwg01.R:1:1')"/>
    </testcase>
    <testcase time="0.0130000000001473" classname="graphs_other_bwg01" name="graphs_other_bwg01.qmd_plot_v4_stable">
      <skipped message="Reason: On CI ('test-graphs-other-bwg01.R:1:1')"/>
    </testcase>
    <testcase time="0.0139999999998963" classname="graphs_other_bwg01" name="graphs_other_bwg01.qmd_plot_v5_stable">
      <skipped message="Reason: On CI ('test-graphs-other-bwg01.R:1:1')"/>
    </testcase>
    <testcase time="0.0140000000001237" classname="graphs_other_bwg01" name="graphs_other_bwg01.qmd_plot_v6_stable">
      <skipped message="Reason: On CI ('test-graphs-other-bwg01.R:1:1')"/>
    </testcase>
    <testcase time="0.01299999999992" classname="graphs_other_bwg01" name="graphs_other_bwg01.qmd_plot_v7_stable">
      <skipped message="Reason: On CI ('test-graphs-other-bwg01.R:1:1')"/>
    </testcase>
    <testcase time="0.0139999999998963" classname="graphs_other_bwg01" name="graphs_other_bwg01.qmd_plot_v8_stable">
      <skipped message="Reason: On CI ('test-graphs-other-bwg01.R:1:1')"/>
    </testcase>
    <testcase time="0.0140000000001237" classname="graphs_other_bwg01" name="graphs_other_bwg01.qmd_plot_v9_stable">
      <skipped message="Reason: On CI ('test-graphs-other-bwg01.R:1:1')"/>
    </testcase>
  </testsuite>
  <testsuite name="graphs-other-cig01" timestamp="2024-04-30T08:48:41Z" hostname="871949ab8f35" tests="5" skipped="5" failures="0" errors="0" time="0.234">
    <testcase time="0.175999999999931" classname="graphs_other_cig01" name="graphs_other_cig01.qmd_table_v6_stable">
      <skipped message="Reason: On CRAN ('test-graphs-other-cig01.R:1:1')"/>
    </testcase>
    <testcase time="0.0150000000001" classname="graphs_other_cig01" name="graphs_other_cig01.qmd_plot_v1_and_v2_stable">
      <skipped message="Reason: On CI ('test-graphs-other-cig01.R:1:1')"/>
    </testcase>
    <testcase time="0.0139999999998963" classname="graphs_other_cig01" name="graphs_other_cig01.qmd_plot_v3_stable">
      <skipped message="Reason: On CI ('test-graphs-other-cig01.R:1:1')"/>
    </testcase>
    <testcase time="0.0150000000001" classname="graphs_other_cig01" name="graphs_other_cig01.qmd_plot_v4_stable">
      <skipped message="Reason: On CI ('test-graphs-other-cig01.R:1:1')"/>
    </testcase>
    <testcase time="0.0139999999998963" classname="graphs_other_cig01" name="graphs_other_cig01.qmd_plot_v5_stable">
      <skipped message="Reason: On CI ('test-graphs-other-cig01.R:1:1')"/>
    </testcase>
  </testsuite>
  <testsuite name="graphs-other-ippg01" timestamp="2024-04-30T08:48:41Z" hostname="871949ab8f35" tests="2" skipped="2" failures="0" errors="0" time="0.059">
    <testcase time="0.0440000000000964" classname="graphs_other_ippg01" name="graphs_other_ippg01.qmd_plots_v1_stable">
      <skipped message="Reason: Snapshot test is not implemented for object of class: list. ('test-graphs-other-ippg01.R:1:1')"/>
    </testcase>
    <testcase time="0.0149999999998727" classname="graphs_other_ippg01" name="graphs_other_ippg01.qmd_plots_v2_stable">
      <skipped message="Reason: Snapshot test is not implemented for object of class: list. ('test-graphs-other-ippg01.R:1:1')"/>
    </testcase>
  </testsuite>
  <testsuite name="graphs-other-ltg01" timestamp="2024-04-30T08:48:42Z" hostname="871949ab8f35" tests="7" skipped="7" failures="0" errors="0" time="0.214">
    <testcase time="0.129000000000133" classname="graphs_other_ltg01" name="graphs_other_ltg01.qmd_plot_v1_stable">
      <skipped message="Reason: On CI ('test-graphs-other-ltg01.R:1:1')"/>
    </testcase>
    <testcase time="0.0149999999998727" classname="graphs_other_ltg01" name="graphs_other_ltg01.qmd_plot_v2_stable">
      <skipped message="Reason: On CI ('test-graphs-other-ltg01.R:1:1')"/>
    </testcase>
    <testcase time="0.0140000000001237" classname="graphs_other_ltg01" name="graphs_other_ltg01.qmd_plot_v3_stable">
      <skipped message="Reason: On CI ('test-graphs-other-ltg01.R:1:1')"/>
    </testcase>
    <testcase time="0.01299999999992" classname="graphs_other_ltg01" name="graphs_other_ltg01.qmd_plot_v4_stable">
      <skipped message="Reason: On CI ('test-graphs-other-ltg01.R:1:1')"/>
    </testcase>
    <testcase time="0.0139999999998963" classname="graphs_other_ltg01" name="graphs_other_ltg01.qmd_plot_v51_stable">
      <skipped message="Reason: On CI ('test-graphs-other-ltg01.R:1:1')"/>
    </testcase>
    <testcase time="0.0140000000001237" classname="graphs_other_ltg01" name="graphs_other_ltg01.qmd_plot_v52_stable">
      <skipped message="Reason: On CI ('test-graphs-other-ltg01.R:1:1')"/>
    </testcase>
    <testcase time="0.0149999999998727" classname="graphs_other_ltg01" name="graphs_other_ltg01.qmd_plot_v53_stable">
      <skipped message="Reason: On CI ('test-graphs-other-ltg01.R:1:1')"/>
    </testcase>
  </testsuite>
  <testsuite name="graphs-other-mng01" timestamp="2024-04-30T08:48:42Z" hostname="871949ab8f35" tests="7" skipped="7" failures="0" errors="0" time="0.548">
    <testcase time="0.20900000000006" classname="graphs_other_mng01" name="graphs_other_mng01.qmd_plot_v1_stable">
      <skipped message="Reason: On CI ('test-graphs-other-mng01.R:1:1')"/>
    </testcase>
    <testcase time="0.0160000000000764" classname="graphs_other_mng01" name="graphs_other_mng01.qmd_plot_v2_stable">
      <skipped message="Reason: On CI ('test-graphs-other-mng01.R:1:1')"/>
    </testcase>
    <testcase time="0.0139999999998963" classname="graphs_other_mng01" name="graphs_other_mng01.qmd_plot_v3_stable">
      <skipped message="Reason: On CI ('test-graphs-other-mng01.R:1:1')"/>
    </testcase>
    <testcase time="0.0130000000001473" classname="graphs_other_mng01" name="graphs_other_mng01.qmd_plot_v4_stable">
      <skipped message="Reason: On CI ('test-graphs-other-mng01.R:1:1')"/>
    </testcase>
    <testcase time="0.0139999999998963" classname="graphs_other_mng01" name="graphs_other_mng01.qmd_plot_v5_stable">
      <skipped message="Reason: On CI ('test-graphs-other-mng01.R:1:1')"/>
    </testcase>
    <testcase time="0.2650000000001" classname="graphs_other_mng01" name="graphs_other_mng01.qmd_plot_v6_stable">
      <skipped message="Reason: On CI ('test-graphs-other-mng01.R:1:1')"/>
    </testcase>
    <testcase time="0.0169999999998254" classname="graphs_other_mng01" name="graphs_other_mng01.qmd_plot_v7_stable">
      <skipped message="Reason: On CI ('test-graphs-other-mng01.R:1:1')"/>
    </testcase>
  </testsuite>
  <testsuite name="graphs-pharmacokinetic-pkcg01" timestamp="2024-04-30T08:48:42Z" hostname="871949ab8f35" tests="2" skipped="2" failures="0" errors="0" time="0.057">
    <testcase time="0.0430000000001201" classname="graphs_pharmacokinetic_pkcg01" name="graphs_pharmacokinetic_pkcg01.qmd_plot_v1_stable">
      <skipped message="Reason: On CI ('test-graphs-pharmacokinetic-pkcg01.R:1:1')"/>
    </testcase>
    <testcase time="0.0139999999998963" classname="graphs_pharmacokinetic_pkcg01" name="graphs_pharmacokinetic_pkcg01.qmd_plot_v2_stable">
      <skipped message="Reason: On CI ('test-graphs-pharmacokinetic-pkcg01.R:1:1')"/>
    </testcase>
  </testsuite>
  <testsuite name="graphs-pharmacokinetic-pkcg02" timestamp="2024-04-30T08:48:42Z" hostname="871949ab8f35" tests="2" skipped="2" failures="0" errors="0" time="0.058">
    <testcase time="0.0440000000000964" classname="graphs_pharmacokinetic_pkcg02" name="graphs_pharmacokinetic_pkcg02.qmd_plot_v1_stable">
      <skipped message="Reason: On CI ('test-graphs-pharmacokinetic-pkcg02.R:1:1')"/>
    </testcase>
    <testcase time="0.0139999999998963" classname="graphs_pharmacokinetic_pkcg02" name="graphs_pharmacokinetic_pkcg02.qmd_plot_v2_stable">
      <skipped message="Reason: On CI ('test-graphs-pharmacokinetic-pkcg02.R:1:1')"/>
    </testcase>
  </testsuite>
  <testsuite name="graphs-pharmacokinetic-pkcg03" timestamp="2024-04-30T08:48:42Z" hostname="871949ab8f35" tests="2" skipped="2" failures="0" errors="0" time="0.074">
    <testcase time="0.0600000000001728" classname="graphs_pharmacokinetic_pkcg03" name="graphs_pharmacokinetic_pkcg03.qmd_plot_v1_stable">
      <skipped message="Reason: On CI ('test-graphs-pharmacokinetic-pkcg03.R:1:1')"/>
    </testcase>
    <testcase time="0.0139999999998963" classname="graphs_pharmacokinetic_pkcg03" name="graphs_pharmacokinetic_pkcg03.qmd_plot_v2_stable">
      <skipped message="Reason: On CI ('test-graphs-pharmacokinetic-pkcg03.R:1:1')"/>
    </testcase>
  </testsuite>
  <testsuite name="graphs-pharmacokinetic-pkpg01" timestamp="2024-04-30T08:48:42Z" hostname="871949ab8f35" tests="2" skipped="2" failures="0" errors="0" time="0.072">
    <testcase time="0.0570000000000164" classname="graphs_pharmacokinetic_pkpg01" name="graphs_pharmacokinetic_pkpg01.qmd_plot_v1_stable">
      <skipped message="Reason: On CI ('test-graphs-pharmacokinetic-pkpg01.R:1:1')"/>
    </testcase>
    <testcase time="0.0150000000001" classname="graphs_pharmacokinetic_pkpg01" name="graphs_pharmacokinetic_pkpg01.qmd_plot_v2_stable">
      <skipped message="Reason: On CI ('test-graphs-pharmacokinetic-pkpg01.R:1:1')"/>
    </testcase>
  </testsuite>
  <testsuite name="graphs-pharmacokinetic-pkpg02" timestamp="2024-04-30T08:48:43Z" hostname="871949ab8f35" tests="2" skipped="2" failures="0" errors="0" time="0.089">
    <testcase time="0.0739999999998417" classname="graphs_pharmacokinetic_pkpg02" name="graphs_pharmacokinetic_pkpg02.qmd_plot_v1_stable">
      <skipped message="Reason: On CI ('test-graphs-pharmacokinetic-pkpg02.R:1:1')"/>
    </testcase>
    <testcase time="0.0150000000001" classname="graphs_pharmacokinetic_pkpg02" name="graphs_pharmacokinetic_pkpg02.qmd_plot_v2_stable">
      <skipped message="Reason: On CI ('test-graphs-pharmacokinetic-pkpg02.R:1:1')"/>
    </testcase>
  </testsuite>
  <testsuite name="graphs-pharmacokinetic-pkpg03" timestamp="2024-04-30T08:48:43Z" hostname="871949ab8f35" tests="1" skipped="1" failures="0" errors="0" time="0.054">
    <testcase time="0.0540000000000873" classname="graphs_pharmacokinetic_pkpg03" name="graphs_pharmacokinetic_pkpg03.qmd_plot_v1_stable">
      <skipped message="Reason: On CI ('test-graphs-pharmacokinetic-pkpg03.R:1:1')"/>
    </testcase>
  </testsuite>
  <testsuite name="graphs-pharmacokinetic-pkpg04" timestamp="2024-04-30T08:48:43Z" hostname="871949ab8f35" tests="1" skipped="1" failures="0" errors="0" time="0.064">
    <testcase time="0.0639999999998508" classname="graphs_pharmacokinetic_pkpg04" name="graphs_pharmacokinetic_pkpg04.qmd_plot_v1_stable">
      <skipped message="Reason: On CI ('test-graphs-pharmacokinetic-pkpg04.R:1:1')"/>
    </testcase>
  </testsuite>
  <testsuite name="graphs-pharmacokinetic-pkpg06" timestamp="2024-04-30T08:48:43Z" hostname="871949ab8f35" tests="4" skipped="4" failures="0" errors="0" time="0.087">
    <testcase time="0.0440000000000964" classname="graphs_pharmacokinetic_pkpg06" name="graphs_pharmacokinetic_pkpg06.qmd_plot_v1_stable">
      <skipped message="Reason: On CI ('test-graphs-pharmacokinetic-pkpg06.R:1:1')"/>
    </testcase>
    <testcase time="0.0139999999998963" classname="graphs_pharmacokinetic_pkpg06" name="graphs_pharmacokinetic_pkpg06.qmd_plot_v2_stable">
      <skipped message="Reason: On CI ('test-graphs-pharmacokinetic-pkpg06.R:1:1')"/>
    </testcase>
    <testcase time="0.0150000000001" classname="graphs_pharmacokinetic_pkpg06" name="graphs_pharmacokinetic_pkpg06.qmd_plot_v3_stable">
      <skipped message="Reason: On CI ('test-graphs-pharmacokinetic-pkpg06.R:1:1')"/>
    </testcase>
    <testcase time="0.0139999999998963" classname="graphs_pharmacokinetic_pkpg06" name="graphs_pharmacokinetic_pkpg06.qmd_plot_v4_stable">
      <skipped message="Reason: On CI ('test-graphs-pharmacokinetic-pkpg06.R:1:1')"/>
    </testcase>
  </testsuite>
  <testsuite name="listings-ADA-adal02" timestamp="2024-04-30T08:48:43Z" hostname="871949ab8f35" tests="1" skipped="1" failures="0" errors="0" time="0.048">
    <testcase time="0.0480000000000018" classname="listings_ADA_adal02" name="listings_ADA_adal02.qmd_lsting_stable">
      <skipped message="Reason: On CRAN ('test-listings-ADA-adal02.R:1:1')"/>
    </testcase>
  </testsuite>
  <testsuite name="listings-ECG-egl01" timestamp="2024-04-30T08:48:43Z" hostname="871949ab8f35" tests="1" skipped="1" failures="0" errors="0" time="0.059">
    <testcase time="0.0589999999999691" classname="listings_ECG_egl01" name="listings_ECG_egl01.qmd_lsting_stable">
      <skipped message="Reason: On CRAN ('test-listings-ECG-egl01.R:1:1')"/>
    </testcase>
  </testsuite>
  <testsuite name="listings-adverse-events-ael01" timestamp="2024-04-30T08:48:43Z" hostname="871949ab8f35" tests="1" skipped="1" failures="0" errors="0" time="0.036">
    <testcase time="0.0360000000000582" classname="listings_adverse_events_ael01" name="listings_adverse_events_ael01.qmd_lsting_stable">
      <skipped message="Reason: On CRAN ('test-listings-adverse-events-ael01.R:1:1')"/>
    </testcase>
  </testsuite>
  <testsuite name="listings-adverse-events-ael01_nollt" timestamp="2024-04-30T08:48:43Z" hostname="871949ab8f35" tests="1" skipped="1" failures="0" errors="0" time="0.034">
    <testcase time="0.0340000000001055" classname="listings_adverse_events_ael01_nollt" name="listings_adverse_events_ael01_nollt.qmd_lsting_stable">
      <skipped message="Reason: On CRAN ('test-listings-adverse-events-ael01_nollt.R:1:1')"/>
    </testcase>
  </testsuite>
  <testsuite name="listings-adverse-events-ael02" timestamp="2024-04-30T08:48:43Z" hostname="871949ab8f35" tests="1" skipped="1" failures="0" errors="0" time="0.061">
    <testcase time="0.0609999999999218" classname="listings_adverse_events_ael02" name="listings_adverse_events_ael02.qmd_lsting_stable">
      <skipped message="Reason: On CRAN ('test-listings-adverse-events-ael02.R:1:1')"/>
    </testcase>
  </testsuite>
  <testsuite name="listings-adverse-events-ael02_ed" timestamp="2024-04-30T08:48:43Z" hostname="871949ab8f35" tests="1" skipped="1" failures="0" errors="0" time="0.065">
    <testcase time="0.0650000000000546" classname="listings_adverse_events_ael02_ed" name="listings_adverse_events_ael02_ed.qmd_lsting_stable">
      <skipped message="Reason: On CRAN ('test-listings-adverse-events-ael02_ed.R:1:1')"/>
    </testcase>
  </testsuite>
  <testsuite name="listings-adverse-events-ael03" timestamp="2024-04-30T08:48:43Z" hostname="871949ab8f35" tests="1" skipped="1" failures="0" errors="0" time="0.069">
    <testcase time="0.06899999999996" classname="listings_adverse_events_ael03" name="listings_adverse_events_ael03.qmd_lsting_stable">
      <skipped message="Reason: On CRAN ('test-listings-adverse-events-ael03.R:1:1')"/>
    </testcase>
  </testsuite>
  <testsuite name="listings-adverse-events-ael04" timestamp="2024-04-30T08:48:43Z" hostname="871949ab8f35" tests="1" skipped="1" failures="0" errors="0" time="0.045">
    <testcase time="0.0450000000000728" classname="listings_adverse_events_ael04" name="listings_adverse_events_ael04.qmd_lsting_stable">
      <skipped message="Reason: On CRAN ('test-listings-adverse-events-ael04.R:1:1')"/>
    </testcase>
  </testsuite>
  <testsuite name="listings-concomitant-medications-cml01" timestamp="2024-04-30T08:48:43Z" hostname="871949ab8f35" tests="1" skipped="1" failures="0" errors="0" time="0.064">
    <testcase time="0.0639999999998508" classname="listings_concomitant_medications_cml01" name="listings_concomitant_medications_cml01.qmd_lsting_stable">
      <skipped message="Reason: On CRAN ('test-listings-concomitant-medications-cml01.R:1:1')"/>
    </testcase>
  </testsuite>
  <testsuite name="listings-concomitant-medications-cml02a_gl" timestamp="2024-04-30T08:48:43Z" hostname="871949ab8f35" tests="1" skipped="1" failures="0" errors="0" time="0.034">
    <testcase time="0.0340000000001055" classname="listings_concomitant_medications_cml02a_gl" name="listings_concomitant_medications_cml02a_gl.qmd_lsting_stable">
      <skipped message="Reason: On CRAN ('test-listings-concomitant-medications-cml02a_gl.R:1:1')"/>
    </testcase>
  </testsuite>
  <testsuite name="listings-concomitant-medications-cml02b_gl" timestamp="2024-04-30T08:48:43Z" hostname="871949ab8f35" tests="1" skipped="1" failures="0" errors="0" time="0.038">
    <testcase time="0.0380000000000109" classname="listings_concomitant_medications_cml02b_gl" name="listings_concomitant_medications_cml02b_gl.qmd_lsting_stable">
      <skipped message="Reason: On CRAN ('test-listings-concomitant-medications-cml02b_gl.R:1:1')"/>
    </testcase>
  </testsuite>
  <testsuite name="listings-development-safety-update-report-dsur4" timestamp="2024-04-30T08:48:43Z" hostname="871949ab8f35" tests="1" skipped="1" failures="0" errors="0" time="0.034">
    <testcase time="0.0339999999998781" classname="listings_development_safety_update_report_dsur4" name="listings_development_safety_update_report_dsur4.qmd_lsting_stable">
      <skipped message="Reason: On CRAN ('test-listings-development-safety-update-report-dsur4.R:1:1')"/>
    </testcase>
  </testsuite>
  <testsuite name="listings-disposition-dsl01" timestamp="2024-04-30T08:48:43Z" hostname="871949ab8f35" tests="1" skipped="1" failures="0" errors="0" time="0.041">
    <testcase time="0.0410000000001673" classname="listings_disposition_dsl01" name="listings_disposition_dsl01.qmd_lsting_stable">
      <skipped message="Reason: On CRAN ('test-listings-disposition-dsl01.R:1:1')"/>
    </testcase>
  </testsuite>
  <testsuite name="listings-disposition-dsl02" timestamp="2024-04-30T08:48:43Z" hostname="871949ab8f35" tests="1" skipped="1" failures="0" errors="0" time="0.044">
    <testcase time="0.043999999999869" classname="listings_disposition_dsl02" name="listings_disposition_dsl02.qmd_lsting_stable">
      <skipped message="Reason: On CRAN ('test-listings-disposition-dsl02.R:1:1')"/>
    </testcase>
  </testsuite>
  <testsuite name="listings-efficacy-oncl01" timestamp="2024-04-30T08:48:43Z" hostname="871949ab8f35" tests="1" skipped="1" failures="0" errors="0" time="0.05">
    <testcase time="0.0499999999999545" classname="listings_efficacy_oncl01" name="listings_efficacy_oncl01.qmd_lsting_stable">
      <skipped message="Reason: On CRAN ('test-listings-efficacy-oncl01.R:1:1')"/>
    </testcase>
  </testsuite>
  <testsuite name="listings-exposure-exl01" timestamp="2024-04-30T08:48:44Z" hostname="871949ab8f35" tests="1" skipped="1" failures="0" errors="0" time="0.051">
    <testcase time="0.0510000000001583" classname="listings_exposure_exl01" name="listings_exposure_exl01.qmd_lsting_stable">
      <skipped message="Reason: On CRAN ('test-listings-exposure-exl01.R:1:1')"/>
    </testcase>
  </testsuite>
  <testsuite name="listings-lab-results-lbl01" timestamp="2024-04-30T08:48:44Z" hostname="871949ab8f35" tests="1" skipped="1" failures="0" errors="0" time="0.05">
    <testcase time="0.0499999999999545" classname="listings_lab_results_lbl01" name="listings_lab_results_lbl01.qmd_lsting_stable">
      <skipped message="Reason: On CRAN ('test-listings-lab-results-lbl01.R:1:1')"/>
    </testcase>
  </testsuite>
  <testsuite name="listings-lab-results-lbl01_rls" timestamp="2024-04-30T08:48:44Z" hostname="871949ab8f35" tests="1" skipped="1" failures="0" errors="0" time="0.048">
    <testcase time="0.0480000000000018" classname="listings_lab_results_lbl01_rls" name="listings_lab_results_lbl01_rls.qmd_lsting_stable">
      <skipped message="Reason: On CRAN ('test-listings-lab-results-lbl01_rls.R:1:1')"/>
    </testcase>
  </testsuite>
  <testsuite name="listings-lab-results-lbl02a" timestamp="2024-04-30T08:48:44Z" hostname="871949ab8f35" tests="1" skipped="1" failures="0" errors="0" time="0.05">
    <testcase time="0.0499999999999545" classname="listings_lab_results_lbl02a" name="listings_lab_results_lbl02a.qmd_lsting_stable">
      <skipped message="Reason: On CRAN ('test-listings-lab-results-lbl02a.R:1:1')"/>
    </testcase>
  </testsuite>
  <testsuite name="listings-lab-results-lbl02a_rls" timestamp="2024-04-30T08:48:44Z" hostname="871949ab8f35" tests="1" skipped="1" failures="0" errors="0" time="0.068">
    <testcase time="0.0679999999999836" classname="listings_lab_results_lbl02a_rls" name="listings_lab_results_lbl02a_rls.qmd_lsting_stable">
      <skipped message="Reason: On CRAN ('test-listings-lab-results-lbl02a_rls.R:1:1')"/>
    </testcase>
  </testsuite>
  <testsuite name="listings-lab-results-lbl02b" timestamp="2024-04-30T08:48:44Z" hostname="871949ab8f35" tests="1" skipped="1" failures="0" errors="0" time="0.051">
    <testcase time="0.0509999999999309" classname="listings_lab_results_lbl02b" name="listings_lab_results_lbl02b.qmd_lsting_stable">
      <skipped message="Reason: On CRAN ('test-listings-lab-results-lbl02b.R:1:1')"/>
    </testcase>
  </testsuite>
  <testsuite name="listings-medical-history-mhl01" timestamp="2024-04-30T08:48:44Z" hostname="871949ab8f35" tests="1" skipped="1" failures="0" errors="0" time="0.055">
    <testcase time="0.0550000000000637" classname="listings_medical_history_mhl01" name="listings_medical_history_mhl01.qmd_lsting_stable">
      <skipped message="Reason: On CRAN ('test-listings-medical-history-mhl01.R:1:1')"/>
    </testcase>
  </testsuite>
  <testsuite name="listings-pharmacokinetic-pkcl01" timestamp="2024-04-30T08:48:44Z" hostname="871949ab8f35" tests="1" skipped="1" failures="0" errors="0" time="0.054">
    <testcase time="0.0540000000000873" classname="listings_pharmacokinetic_pkcl01" name="listings_pharmacokinetic_pkcl01.qmd_lsting_stable">
      <skipped message="Reason: On CRAN ('test-listings-pharmacokinetic-pkcl01.R:1:1')"/>
    </testcase>
  </testsuite>
  <testsuite name="listings-pharmacokinetic-pkcl02" timestamp="2024-04-30T08:48:44Z" hostname="871949ab8f35" tests="1" skipped="1" failures="0" errors="0" time="0.067">
    <testcase time="0.0670000000000073" classname="listings_pharmacokinetic_pkcl02" name="listings_pharmacokinetic_pkcl02.qmd_lsting_stable">
      <skipped message="Reason: On CRAN ('test-listings-pharmacokinetic-pkcl02.R:1:1')"/>
    </testcase>
  </testsuite>
  <testsuite name="listings-pharmacokinetic-pkpl01" timestamp="2024-04-30T08:48:44Z" hostname="871949ab8f35" tests="1" skipped="1" failures="0" errors="0" time="0.044">
    <testcase time="0.043999999999869" classname="listings_pharmacokinetic_pkpl01" name="listings_pharmacokinetic_pkpl01.qmd_lsting_stable">
      <skipped message="Reason: On CRAN ('test-listings-pharmacokinetic-pkpl01.R:1:1')"/>
    </testcase>
  </testsuite>
  <testsuite name="listings-pharmacokinetic-pkpl02" timestamp="2024-04-30T08:48:44Z" hostname="871949ab8f35" tests="1" skipped="1" failures="0" errors="0" time="0.049">
    <testcase time="0.0489999999999782" classname="listings_pharmacokinetic_pkpl02" name="listings_pharmacokinetic_pkpl02.qmd_lsting_stable">
      <skipped message="Reason: On CRAN ('test-listings-pharmacokinetic-pkpl02.R:1:1')"/>
    </testcase>
  </testsuite>
  <testsuite name="listings-pharmacokinetic-pkpl04" timestamp="2024-04-30T08:48:44Z" hostname="871949ab8f35" tests="1" skipped="1" failures="0" errors="0" time="0.05">
    <testcase time="0.0500000000001819" classname="listings_pharmacokinetic_pkpl04" name="listings_pharmacokinetic_pkpl04.qmd_lsting_stable">
      <skipped message="Reason: On CRAN ('test-listings-pharmacokinetic-pkpl04.R:1:1')"/>
    </testcase>
  </testsuite>
  <testsuite name="listings-vital-signs-vsl01" timestamp="2024-04-30T08:48:44Z" hostname="871949ab8f35" tests="1" skipped="1" failures="0" errors="0" time="0.074">
    <testcase time="0.0739999999998417" classname="listings_vital_signs_vsl01" name="listings_vital_signs_vsl01.qmd_lsting_stable">
      <skipped message="Reason: On CRAN ('test-listings-vital-signs-vsl01.R:1:1')"/>
    </testcase>
  </testsuite>
  <testsuite name="tables-ADA-adat01" timestamp="2024-04-30T08:48:44Z" hostname="871949ab8f35" tests="1" skipped="1" failures="0" errors="0" time="0.246">
    <testcase time="0.246000000000095" classname="tables_ADA_adat01" name="tables_ADA_adat01.qmd_result_v1_stable">
      <skipped message="Reason: On CRAN ('test-tables-ADA-adat01.R:1:1')"/>
    </testcase>
  </testsuite>
  <testsuite name="tables-ADA-adat02" timestamp="2024-04-30T08:48:44Z" hostname="871949ab8f35" tests="1" skipped="1" failures="0" errors="0" time="0.088">
    <testcase time="0.0879999999999654" classname="tables_ADA_adat02" name="tables_ADA_adat02.qmd_result_v1_stable">
      <skipped message="Reason: On CRAN ('test-tables-ADA-adat02.R:1:1')"/>
    </testcase>
  </testsuite>
  <testsuite name="tables-ADA-adat03" timestamp="2024-04-30T08:48:45Z" hostname="871949ab8f35" tests="1" skipped="1" failures="0" errors="0" time="0.369">
    <testcase time="0.368999999999915" classname="tables_ADA_adat03" name="tables_ADA_adat03.qmd_result_v1_stable">
      <skipped message="Reason: On CRAN ('test-tables-ADA-adat03.R:1:1')"/>
    </testcase>
  </testsuite>
  <testsuite name="tables-ADA-adat04a" timestamp="2024-04-30T08:48:45Z" hostname="871949ab8f35" tests="1" skipped="1" failures="0" errors="0" time="0.188">
    <testcase time="0.188000000000102" classname="tables_ADA_adat04a" name="tables_ADA_adat04a.qmd_result_v1_stable">
      <skipped message="Reason: On CRAN ('test-tables-ADA-adat04a.R:1:1')"/>
    </testcase>
  </testsuite>
  <testsuite name="tables-ADA-adat04b" timestamp="2024-04-30T08:48:45Z" hostname="871949ab8f35" tests="1" skipped="1" failures="0" errors="0" time="0.162">
    <testcase time="0.162000000000035" classname="tables_ADA_adat04b" name="tables_ADA_adat04b.qmd_result_v1_stable">
      <skipped message="Reason: On CRAN ('test-tables-ADA-adat04b.R:1:1')"/>
    </testcase>
  </testsuite>
  <testsuite name="tables-ECG-egt01" timestamp="2024-04-30T08:48:45Z" hostname="871949ab8f35" tests="1" skipped="1" failures="0" errors="0" time="0.62">
    <testcase time="0.619999999999891" classname="tables_ECG_egt01" name="tables_ECG_egt01.qmd_result_v1_stable">
      <skipped message="Reason: On CRAN ('test-tables-ECG-egt01.R:1:1')"/>
    </testcase>
  </testsuite>
  <testsuite name="tables-ECG-egt02" timestamp="2024-04-30T08:48:46Z" hostname="871949ab8f35" tests="2" skipped="2" failures="0" errors="0" time="0.165">
    <testcase time="0.0889999999999418" classname="tables_ECG_egt02" name="tables_ECG_egt02.qmd_result_v1_stable">
      <skipped message="Reason: On CRAN ('test-tables-ECG-egt02.R:1:1')"/>
    </testcase>
    <testcase time="0.0760000000000218" classname="tables_ECG_egt02" name="tables_ECG_egt02.qmd_result_v2_stable">
      <skipped message="Reason: On CRAN ('test-tables-ECG-egt02.R:1:1')"/>
    </testcase>
  </testsuite>
  <testsuite name="tables-ECG-egt03" timestamp="2024-04-30T08:48:47Z" hostname="871949ab8f35" tests="2" skipped="2" failures="0" errors="0" time="1.666">
    <testcase time="1.54100000000017" classname="tables_ECG_egt03" name="tables_ECG_egt03.qmd_result_v1_stable">
      <skipped message="Reason: On CRAN ('test-tables-ECG-egt03.R:1:1')"/>
    </testcase>
    <testcase time="0.125" classname="tables_ECG_egt03" name="tables_ECG_egt03.qmd_result_v2_stable">
      <skipped message="Reason: On CRAN ('test-tables-ECG-egt03.R:1:1')"/>
    </testcase>
  </testsuite>
  <testsuite name="tables-ECG-egt04" timestamp="2024-04-30T08:48:48Z" hostname="871949ab8f35" tests="1" skipped="1" failures="0" errors="0" time="0.202">
    <testcase time="0.201999999999998" classname="tables_ECG_egt04" name="tables_ECG_egt04.qmd_result_v1_stable">
      <skipped message="Reason: On CRAN ('test-tables-ECG-egt04.R:1:1')"/>
    </testcase>
  </testsuite>
  <testsuite name="tables-ECG-egt05_qtcat" timestamp="2024-04-30T08:48:48Z" hostname="871949ab8f35" tests="1" skipped="1" failures="0" errors="0" time="0.351">
    <testcase time="0.350999999999885" classname="tables_ECG_egt05_qtcat" name="tables_ECG_egt05_qtcat.qmd_result_v1_stable">
      <skipped message="Reason: On CRAN ('test-tables-ECG-egt05_qtcat.R:1:1')"/>
    </testcase>
  </testsuite>
  <testsuite name="tables-adverse-events-aet01" timestamp="2024-04-30T08:48:48Z" hostname="871949ab8f35" tests="4" skipped="4" failures="0" errors="0" time="0.752">
    <testcase time="0.396999999999935" classname="tables_adverse_events_aet01" name="tables_adverse_events_aet01.qmd_result_v1_stable">
      <skipped message="Reason: On CRAN ('test-tables-adverse-events-aet01.R:1:1')"/>
    </testcase>
    <testcase time="0.124000000000024" classname="tables_adverse_events_aet01" name="tables_adverse_events_aet01.qmd_result_v2_stable">
      <skipped message="Reason: On CRAN ('test-tables-adverse-events-aet01.R:1:1')"/>
    </testcase>
    <testcase time="0.09699999999998" classname="tables_adverse_events_aet01" name="tables_adverse_events_aet01.qmd_result_v3_stable">
      <skipped message="Reason: On CRAN ('test-tables-adverse-events-aet01.R:1:1')"/>
    </testcase>
    <testcase time="0.134000000000015" classname="tables_adverse_events_aet01" name="tables_adverse_events_aet01.qmd_result_v4_stable">
      <skipped message="Reason: On CRAN ('test-tables-adverse-events-aet01.R:1:1')"/>
    </testcase>
  </testsuite>
  <testsuite name="tables-adverse-events-aet01_aesi" timestamp="2024-04-30T08:48:49Z" hostname="871949ab8f35" tests="4" skipped="4" failures="0" errors="0" time="0.715">
    <testcase time="0.144000000000005" classname="tables_adverse_events_aet01_aesi" name="tables_adverse_events_aet01_aesi.qmd_result_v1_stable">
      <skipped message="Reason: On CRAN ('test-tables-adverse-events-aet01_aesi.R:1:1')"/>
    </testcase>
    <testcase time="0.172000000000025" classname="tables_adverse_events_aet01_aesi" name="tables_adverse_events_aet01_aesi.qmd_result_v2_stable">
      <skipped message="Reason: On CRAN ('test-tables-adverse-events-aet01_aesi.R:1:1')"/>
    </testcase>
    <testcase time="0.229000000000042" classname="tables_adverse_events_aet01_aesi" name="tables_adverse_events_aet01_aesi.qmd_result_v3_stable">
      <skipped message="Reason: On CRAN ('test-tables-adverse-events-aet01_aesi.R:1:1')"/>
    </testcase>
    <testcase time="0.170000000000073" classname="tables_adverse_events_aet01_aesi" name="tables_adverse_events_aet01_aesi.qmd_result_v4_stable">
      <skipped message="Reason: On CRAN ('test-tables-adverse-events-aet01_aesi.R:1:1')"/>
    </testcase>
  </testsuite>
  <testsuite name="tables-adverse-events-aet02" timestamp="2024-04-30T08:48:50Z" hostname="871949ab8f35" tests="13" skipped="13" failures="0" errors="0" time="2.063">
    <testcase time="0.365000000000009" classname="tables_adverse_events_aet02" name="tables_adverse_events_aet02.qmd_result_v1_stable">
      <skipped message="Reason: On CRAN ('test-tables-adverse-events-aet02.R:1:1')"/>
    </testcase>
    <testcase time="0.192000000000007" classname="tables_adverse_events_aet02" name="tables_adverse_events_aet02.qmd_result_v2_stable">
      <skipped message="Reason: On CRAN ('test-tables-adverse-events-aet02.R:1:1')"/>
    </testcase>
    <testcase time="0.196999999999889" classname="tables_adverse_events_aet02" name="tables_adverse_events_aet02.qmd_result_v3_stable">
      <skipped message="Reason: On CRAN ('test-tables-adverse-events-aet02.R:1:1')"/>
    </testcase>
    <testcase time="0.29300000000012" classname="tables_adverse_events_aet02" name="tables_adverse_events_aet02.qmd_result_v4_stable">
      <skipped message="Reason: On CRAN ('test-tables-adverse-events-aet02.R:1:1')"/>
    </testcase>
    <testcase time="0.0909999999998945" classname="tables_adverse_events_aet02" name="tables_adverse_events_aet02.qmd_result_v5_stable">
      <skipped message="Reason: On CRAN ('test-tables-adverse-events-aet02.R:1:1')"/>
    </testcase>
    <testcase time="0.174999999999955" classname="tables_adverse_events_aet02" name="tables_adverse_events_aet02.qmd_result_v6_stable">
      <skipped message="Reason: On CRAN ('test-tables-adverse-events-aet02.R:1:1')"/>
    </testcase>
    <testcase time="0.114000000000033" classname="tables_adverse_events_aet02" name="tables_adverse_events_aet02.qmd_result_v7_stable">
      <skipped message="Reason: On CRAN ('test-tables-adverse-events-aet02.R:1:1')"/>
    </testcase>
    <testcase time="0.13799999999992" classname="tables_adverse_events_aet02" name="tables_adverse_events_aet02.qmd_result_v8_stable">
      <skipped message="Reason: On CRAN ('test-tables-adverse-events-aet02.R:1:1')"/>
    </testcase>
    <testcase time="0.106000000000222" classname="tables_adverse_events_aet02" name="tables_adverse_events_aet02.qmd_result_v9_stable">
      <skipped message="Reason: On CRAN ('test-tables-adverse-events-aet02.R:1:1')"/>
    </testcase>
    <testcase time="0.107999999999947" classname="tables_adverse_events_aet02" name="tables_adverse_events_aet02.qmd_result_v10_stable">
      <skipped message="Reason: On CRAN ('test-tables-adverse-events-aet02.R:1:1')"/>
    </testcase>
    <testcase time="0.0869999999999891" classname="tables_adverse_events_aet02" name="tables_adverse_events_aet02.qmd_result_v11_stable">
      <skipped message="Reason: On CRAN ('test-tables-adverse-events-aet02.R:1:1')"/>
    </testcase>
    <testcase time="0.115000000000009" classname="tables_adverse_events_aet02" name="tables_adverse_events_aet02.qmd_result_v12_stable">
      <skipped message="Reason: On CRAN ('test-tables-adverse-events-aet02.R:1:1')"/>
    </testcase>
    <testcase time="0.0819999999998799" classname="tables_adverse_events_aet02" name="tables_adverse_events_aet02.qmd_result_v13_stable">
      <skipped message="Reason: On CRAN ('test-tables-adverse-events-aet02.R:1:1')"/>
    </testcase>
  </testsuite>
  <testsuite name="tables-adverse-events-aet02_smq" timestamp="2024-04-30T08:48:52Z" hostname="871949ab8f35" tests="2" skipped="2" failures="0" errors="0" time="0.176">
    <testcase time="0.0790000000001783" classname="tables_adverse_events_aet02_smq" name="tables_adverse_events_aet02_smq.qmd_result_v1_stable">
      <skipped message="Reason: On CRAN ('test-tables-adverse-events-aet02_smq.R:1:1')"/>
    </testcase>
    <testcase time="0.09699999999998" classname="tables_adverse_events_aet02_smq" name="tables_adverse_events_aet02_smq.qmd_result_v2_stable">
      <skipped message="Reason: On CRAN ('test-tables-adverse-events-aet02_smq.R:1:1')"/>
    </testcase>
  </testsuite>
  <testsuite name="tables-adverse-events-aet03" timestamp="2024-04-30T08:48:52Z" hostname="871949ab8f35" tests="1" skipped="1" failures="0" errors="0" time="0.386">
    <testcase time="0.385999999999967" classname="tables_adverse_events_aet03" name="tables_adverse_events_aet03.qmd_result_v1_stable">
      <skipped message="Reason: On CRAN ('test-tables-adverse-events-aet03.R:1:1')"/>
    </testcase>
  </testsuite>
  <testsuite name="tables-adverse-events-aet04" timestamp="2024-04-30T08:48:53Z" hostname="871949ab8f35" tests="8" skipped="8" failures="0" errors="0" time="4.233">
    <testcase time="0.697999999999865" classname="tables_adverse_events_aet04" name="tables_adverse_events_aet04.qmd_result_v1_stable">
      <skipped message="Reason: On CRAN ('test-tables-adverse-events-aet04.R:1:1')"/>
    </testcase>
    <testcase time="0.398000000000138" classname="tables_adverse_events_aet04" name="tables_adverse_events_aet04.qmd_result_v2_stable">
      <skipped message="Reason: On CRAN ('test-tables-adverse-events-aet04.R:1:1')"/>
    </testcase>
    <testcase time="0.772999999999911" classname="tables_adverse_events_aet04" name="tables_adverse_events_aet04.qmd_result_v3_stable">
      <skipped message="Reason: On CRAN ('test-tables-adverse-events-aet04.R:1:1')"/>
    </testcase>
    <testcase time="0.420000000000073" classname="tables_adverse_events_aet04" name="tables_adverse_events_aet04.qmd_result_v4_stable">
      <skipped message="Reason: On CRAN ('test-tables-adverse-events-aet04.R:1:1')"/>
    </testcase>
    <testcase time="0.416999999999916" classname="tables_adverse_events_aet04" name="tables_adverse_events_aet04.qmd_result_v6_stable">
      <skipped message="Reason: On CRAN ('test-tables-adverse-events-aet04.R:1:1')"/>
    </testcase>
    <testcase time="0.406999999999925" classname="tables_adverse_events_aet04" name="tables_adverse_events_aet04.qmd_result_v8_stable">
      <skipped message="Reason: On CRAN ('test-tables-adverse-events-aet04.R:1:1')"/>
    </testcase>
    <testcase time="0.402000000000044" classname="tables_adverse_events_aet04" name="tables_adverse_events_aet04.qmd_result_v9_stable">
      <skipped message="Reason: On CRAN ('test-tables-adverse-events-aet04.R:1:1')"/>
    </testcase>
    <testcase time="0.718000000000075" classname="tables_adverse_events_aet04" name="tables_adverse_events_aet04.qmd_result_v11_stable">
      <skipped message="Reason: On CRAN ('test-tables-adverse-events-aet04.R:1:1')"/>
    </testcase>
  </testsuite>
  <testsuite name="tables-adverse-events-aet04_pi" timestamp="2024-04-30T08:48:57Z" hostname="871949ab8f35" tests="8" skipped="8" failures="0" errors="0" time="1.601">
    <testcase time="0.796000000000049" classname="tables_adverse_events_aet04_pi" name="tables_adverse_events_aet04_pi.qmd_result_v1_stable">
      <skipped message="Reason: On CRAN ('test-tables-adverse-events-aet04_pi.R:1:1')"/>
    </testcase>
    <testcase time="0.0879999999999654" classname="tables_adverse_events_aet04_pi" name="tables_adverse_events_aet04_pi.qmd_result_v2_stable">
      <skipped message="Reason: On CRAN ('test-tables-adverse-events-aet04_pi.R:1:1')"/>
    </testcase>
    <testcase time="0.113000000000056" classname="tables_adverse_events_aet04_pi" name="tables_adverse_events_aet04_pi.qmd_result_v3_stable">
      <skipped message="Reason: On CRAN ('test-tables-adverse-events-aet04_pi.R:1:1')"/>
    </testcase>
    <testcase time="0.0779999999999745" classname="tables_adverse_events_aet04_pi" name="tables_adverse_events_aet04_pi.qmd_result_v4_stable">
      <skipped message="Reason: On CRAN ('test-tables-adverse-events-aet04_pi.R:1:1')"/>
    </testcase>
    <testcase time="0.140999999999849" classname="tables_adverse_events_aet04_pi" name="tables_adverse_events_aet04_pi.qmd_result_v5_stable">
      <skipped message="Reason: On CRAN ('test-tables-adverse-events-aet04_pi.R:1:1')"/>
    </testcase>
    <testcase time="0.122000000000071" classname="tables_adverse_events_aet04_pi" name="tables_adverse_events_aet04_pi.qmd_result_v6_stable">
      <skipped message="Reason: On CRAN ('test-tables-adverse-events-aet04_pi.R:1:1')"/>
    </testcase>
    <testcase time="0.125999999999976" classname="tables_adverse_events_aet04_pi" name="tables_adverse_events_aet04_pi.qmd_result_v7_stable">
      <skipped message="Reason: On CRAN ('test-tables-adverse-events-aet04_pi.R:1:1')"/>
    </testcase>
    <testcase time="0.136999999999944" classname="tables_adverse_events_aet04_pi" name="tables_adverse_events_aet04_pi.qmd_result_v8_stable">
      <skipped message="Reason: On CRAN ('test-tables-adverse-events-aet04_pi.R:1:1')"/>
    </testcase>
  </testsuite>
  <testsuite name="tables-adverse-events-aet05" timestamp="2024-04-30T08:48:58Z" hostname="871949ab8f35" tests="2" skipped="2" failures="0" errors="0" time="0.115">
    <testcase time="0.0610000000001492" classname="tables_adverse_events_aet05" name="tables_adverse_events_aet05.qmd_result_v1_stable">
      <skipped message="Reason: On CRAN ('test-tables-adverse-events-aet05.R:1:1')"/>
    </testcase>
    <testcase time="0.0539999999998599" classname="tables_adverse_events_aet05" name="tables_adverse_events_aet05.qmd_result_v2_stable">
      <skipped message="Reason: On CRAN ('test-tables-adverse-events-aet05.R:1:1')"/>
    </testcase>
  </testsuite>
  <testsuite name="tables-adverse-events-aet05_all" timestamp="2024-04-30T08:48:58Z" hostname="871949ab8f35" tests="2" skipped="2" failures="0" errors="0" time="0.122">
    <testcase time="0.0620000000001255" classname="tables_adverse_events_aet05_all" name="tables_adverse_events_aet05_all.qmd_result_v1_stable">
      <skipped message="Reason: On CRAN ('test-tables-adverse-events-aet05_all.R:1:1')"/>
    </testcase>
    <testcase time="0.0599999999999454" classname="tables_adverse_events_aet05_all" name="tables_adverse_events_aet05_all.qmd_result_v2_stable">
      <skipped message="Reason: On CRAN ('test-tables-adverse-events-aet05_all.R:1:1')"/>
    </testcase>
  </testsuite>
  <testsuite name="tables-adverse-events-aet06" timestamp="2024-04-30T08:48:59Z" hostname="871949ab8f35" tests="5" skipped="5" failures="0" errors="0" time="1.984">
    <testcase time="0.519000000000005" classname="tables_adverse_events_aet06" name="tables_adverse_events_aet06.qmd_result_v1_stable">
      <skipped message="Reason: On CRAN ('test-tables-adverse-events-aet06.R:1:1')"/>
    </testcase>
    <testcase time="0.439000000000078" classname="tables_adverse_events_aet06" name="tables_adverse_events_aet06.qmd_result_v2_stable">
      <skipped message="Reason: On CRAN ('test-tables-adverse-events-aet06.R:1:1')"/>
    </testcase>
    <testcase time="0.375" classname="tables_adverse_events_aet06" name="tables_adverse_events_aet06.qmd_result_v3_stable">
      <skipped message="Reason: On CRAN ('test-tables-adverse-events-aet06.R:1:1')"/>
    </testcase>
    <testcase time="0.253999999999905" classname="tables_adverse_events_aet06" name="tables_adverse_events_aet06.qmd_result_v4_stable">
      <skipped message="Reason: On CRAN ('test-tables-adverse-events-aet06.R:1:1')"/>
    </testcase>
    <testcase time="0.396999999999935" classname="tables_adverse_events_aet06" name="tables_adverse_events_aet06.qmd_result_v5_stable">
      <skipped message="Reason: On CRAN ('test-tables-adverse-events-aet06.R:1:1')"/>
    </testcase>
  </testsuite>
  <testsuite name="tables-adverse-events-aet06_smq" timestamp="2024-04-30T08:49:00Z" hostname="871949ab8f35" tests="3" skipped="3" failures="0" errors="0" time="0.39">
    <testcase time="0.146000000000186" classname="tables_adverse_events_aet06_smq" name="tables_adverse_events_aet06_smq.qmd_result_v1_stable">
      <skipped message="Reason: On CRAN ('test-tables-adverse-events-aet06_smq.R:1:1')"/>
    </testcase>
    <testcase time="0.136999999999944" classname="tables_adverse_events_aet06_smq" name="tables_adverse_events_aet06_smq.qmd_result_v2_stable">
      <skipped message="Reason: On CRAN ('test-tables-adverse-events-aet06_smq.R:1:1')"/>
    </testcase>
    <testcase time="0.106999999999971" classname="tables_adverse_events_aet06_smq" name="tables_adverse_events_aet06_smq.qmd_result_v3_stable">
      <skipped message="Reason: On CRAN ('test-tables-adverse-events-aet06_smq.R:1:1')"/>
    </testcase>
  </testsuite>
  <testsuite name="tables-adverse-events-aet07" timestamp="2024-04-30T08:49:01Z" hostname="871949ab8f35" tests="2" skipped="2" failures="0" errors="0" time="0.128">
    <testcase time="0.0670000000000073" classname="tables_adverse_events_aet07" name="tables_adverse_events_aet07.qmd_result_v1_stable">
      <skipped message="Reason: On CRAN ('test-tables-adverse-events-aet07.R:1:1')"/>
    </testcase>
    <testcase time="0.0609999999999218" classname="tables_adverse_events_aet07" name="tables_adverse_events_aet07.qmd_result_v2_stable">
      <skipped message="Reason: On CRAN ('test-tables-adverse-events-aet07.R:1:1')"/>
    </testcase>
  </testsuite>
  <testsuite name="tables-adverse-events-aet09" timestamp="2024-04-30T08:49:01Z" hostname="871949ab8f35" tests="2" skipped="2" failures="0" errors="0" time="0.386">
    <testcase time="0.173000000000002" classname="tables_adverse_events_aet09" name="tables_adverse_events_aet09.qmd_result_v1_stable">
      <skipped message="Reason: On CRAN ('test-tables-adverse-events-aet09.R:1:1')"/>
    </testcase>
    <testcase time="0.212999999999965" classname="tables_adverse_events_aet09" name="tables_adverse_events_aet09.qmd_result_v2_stable">
      <skipped message="Reason: On CRAN ('test-tables-adverse-events-aet09.R:1:1')"/>
    </testcase>
  </testsuite>
  <testsuite name="tables-adverse-events-aet09_smq" timestamp="2024-04-30T08:49:01Z" hostname="871949ab8f35" tests="2" skipped="2" failures="0" errors="0" time="0.163">
    <testcase time="0.0750000000000455" classname="tables_adverse_events_aet09_smq" name="tables_adverse_events_aet09_smq.qmd_result_v1_stable">
      <skipped message="Reason: On CRAN ('test-tables-adverse-events-aet09_smq.R:1:1')"/>
    </testcase>
    <testcase time="0.0879999999999654" classname="tables_adverse_events_aet09_smq" name="tables_adverse_events_aet09_smq.qmd_result_v2_stable">
      <skipped message="Reason: On CRAN ('test-tables-adverse-events-aet09_smq.R:1:1')"/>
    </testcase>
  </testsuite>
  <testsuite name="tables-adverse-events-aet10" timestamp="2024-04-30T08:49:02Z" hostname="871949ab8f35" tests="2" skipped="2" failures="0" errors="0" time="0.23">
    <testcase time="0.133000000000038" classname="tables_adverse_events_aet10" name="tables_adverse_events_aet10.qmd_result_v1_stable">
      <skipped message="Reason: On CRAN ('test-tables-adverse-events-aet10.R:1:1')"/>
    </testcase>
    <testcase time="0.09699999999998" classname="tables_adverse_events_aet10" name="tables_adverse_events_aet10.qmd_result_v2_stable">
      <skipped message="Reason: On CRAN ('test-tables-adverse-events-aet10.R:1:1')"/>
    </testcase>
  </testsuite>
  <testsuite name="tables-concomitant-medications-cmt01" timestamp="2024-04-30T08:49:02Z" hostname="871949ab8f35" tests="4" skipped="4" failures="0" errors="0" time="0.481">
    <testcase time="0.149000000000115" classname="tables_concomitant_medications_cmt01" name="tables_concomitant_medications_cmt01.qmd_result_v1_stable">
      <skipped message="Reason: On CRAN ('test-tables-concomitant-medications-cmt01.R:1:1')"/>
    </testcase>
    <testcase time="0.0889999999999418" classname="tables_concomitant_medications_cmt01" name="tables_concomitant_medications_cmt01.qmd_result_v2_stable">
      <skipped message="Reason: On CRAN ('test-tables-concomitant-medications-cmt01.R:1:1')"/>
    </testcase>
    <testcase time="0.113000000000056" classname="tables_concomitant_medications_cmt01" name="tables_concomitant_medications_cmt01.qmd_result_v3_stable">
      <skipped message="Reason: On CRAN ('test-tables-concomitant-medications-cmt01.R:1:1')"/>
    </testcase>
    <testcase time="0.129999999999882" classname="tables_concomitant_medications_cmt01" name="tables_concomitant_medications_cmt01.qmd_result_v4_stable">
      <skipped message="Reason: On CRAN ('test-tables-concomitant-medications-cmt01.R:1:1')"/>
    </testcase>
  </testsuite>
  <testsuite name="tables-concomitant-medications-cmt01a" timestamp="2024-04-30T08:49:02Z" hostname="871949ab8f35" tests="4" skipped="4" failures="0" errors="0" time="0.858">
    <testcase time="0.273000000000138" classname="tables_concomitant_medications_cmt01a" name="tables_concomitant_medications_cmt01a.qmd_result_v1_stable">
      <skipped message="Reason: On CRAN ('test-tables-concomitant-medications-cmt01a.R:1:1')"/>
    </testcase>
    <testcase time="0.197999999999865" classname="tables_concomitant_medications_cmt01a" name="tables_concomitant_medications_cmt01a.qmd_result_v2_stable">
      <skipped message="Reason: On CRAN ('test-tables-concomitant-medications-cmt01a.R:1:1')"/>
    </testcase>
    <testcase time="0.214000000000169" classname="tables_concomitant_medications_cmt01a" name="tables_concomitant_medications_cmt01a.qmd_result_v3_stable">
      <skipped message="Reason: On CRAN ('test-tables-concomitant-medications-cmt01a.R:1:1')"/>
    </testcase>
    <testcase time="0.173000000000002" classname="tables_concomitant_medications_cmt01a" name="tables_concomitant_medications_cmt01a.qmd_result_v4_stable">
      <skipped message="Reason: On CRAN ('test-tables-concomitant-medications-cmt01a.R:1:1')"/>
    </testcase>
  </testsuite>
  <testsuite name="tables-concomitant-medications-cmt01b" timestamp="2024-04-30T08:49:03Z" hostname="871949ab8f35" tests="3" skipped="3" failures="0" errors="0" time="0.995">
    <testcase time="0.412000000000035" classname="tables_concomitant_medications_cmt01b" name="tables_concomitant_medications_cmt01b.qmd_result_v1_stable">
      <skipped message="Reason: On CRAN ('test-tables-concomitant-medications-cmt01b.R:1:1')"/>
    </testcase>
    <testcase time="0.242999999999938" classname="tables_concomitant_medications_cmt01b" name="tables_concomitant_medications_cmt01b.qmd_result_v2_stable">
      <skipped message="Reason: On CRAN ('test-tables-concomitant-medications-cmt01b.R:1:1')"/>
    </testcase>
    <testcase time="0.339999999999918" classname="tables_concomitant_medications_cmt01b" name="tables_concomitant_medications_cmt01b.qmd_result_v4_stable">
      <skipped message="Reason: On CRAN ('test-tables-concomitant-medications-cmt01b.R:1:1')"/>
    </testcase>
  </testsuite>
  <testsuite name="tables-concomitant-medications-cmt02_pt" timestamp="2024-04-30T08:49:04Z" hostname="871949ab8f35" tests="1" skipped="1" failures="0" errors="0" time="0.093">
    <testcase time="0.0930000000000746" classname="tables_concomitant_medications_cmt02_pt" name="tables_concomitant_medications_cmt02_pt.qmd_result_v1_stable">
      <skipped message="Reason: On CRAN ('test-tables-concomitant-medications-cmt02_pt.R:1:1')"/>
    </testcase>
  </testsuite>
  <testsuite name="tables-deaths-dtht01" timestamp="2024-04-30T08:49:04Z" hostname="871949ab8f35" tests="4" skipped="4" failures="0" errors="0" time="0.661">
    <testcase time="0.230999999999995" classname="tables_deaths_dtht01" name="tables_deaths_dtht01.qmd_result_v1_stable">
      <skipped message="Reason: On CRAN ('test-tables-deaths-dtht01.R:1:1')"/>
    </testcase>
    <testcase time="0.163999999999987" classname="tables_deaths_dtht01" name="tables_deaths_dtht01.qmd_result_v2_stable">
      <skipped message="Reason: On CRAN ('test-tables-deaths-dtht01.R:1:1')"/>
    </testcase>
    <testcase time="0.152000000000044" classname="tables_deaths_dtht01" name="tables_deaths_dtht01.qmd_result_v3_stable">
      <skipped message="Reason: On CRAN ('test-tables-deaths-dtht01.R:1:1')"/>
    </testcase>
    <testcase time="0.114000000000033" classname="tables_deaths_dtht01" name="tables_deaths_dtht01.qmd_result_v4_stable">
      <skipped message="Reason: On CRAN ('test-tables-deaths-dtht01.R:1:1')"/>
    </testcase>
  </testsuite>
  <testsuite name="tables-demography-dmt01" timestamp="2024-04-30T08:49:05Z" hostname="871949ab8f35" tests="5" skipped="5" failures="0" errors="0" time="0.95">
    <testcase time="0.261999999999944" classname="tables_demography_dmt01" name="tables_demography_dmt01.qmd_result_v1_stable">
      <skipped message="Reason: On CRAN ('test-tables-demography-dmt01.R:1:1')"/>
    </testcase>
    <testcase time="0.189000000000078" classname="tables_demography_dmt01" name="tables_demography_dmt01.qmd_result_v2_stable">
      <skipped message="Reason: On CRAN ('test-tables-demography-dmt01.R:1:1')"/>
    </testcase>
    <testcase time="0.188999999999851" classname="tables_demography_dmt01" name="tables_demography_dmt01.qmd_result_v3_stable">
      <skipped message="Reason: On CRAN ('test-tables-demography-dmt01.R:1:1')"/>
    </testcase>
    <testcase time="0.163999999999987" classname="tables_demography_dmt01" name="tables_demography_dmt01.qmd_result_v4_stable">
      <skipped message="Reason: On CRAN ('test-tables-demography-dmt01.R:1:1')"/>
    </testcase>
    <testcase time="0.146000000000186" classname="tables_demography_dmt01" name="tables_demography_dmt01.qmd_result_v5_stable">
      <skipped message="Reason: On CRAN ('test-tables-demography-dmt01.R:1:1')"/>
    </testcase>
  </testsuite>
  <testsuite name="tables-disclosures-disclosurest01" timestamp="2024-04-30T08:49:06Z" hostname="871949ab8f35" tests="6" skipped="6" failures="0" errors="0" time="0.766">
    <testcase time="0.187999999999874" classname="tables_disclosures_disclosurest01" name="tables_disclosures_disclosurest01.qmd_result_v1_stable">
      <skipped message="Reason: On CRAN ('test-tables-disclosures-disclosurest01.R:1:1')"/>
    </testcase>
    <testcase time="0.197000000000116" classname="tables_disclosures_disclosurest01" name="tables_disclosures_disclosurest01.qmd_result_v2_stable">
      <skipped message="Reason: On CRAN ('test-tables-disclosures-disclosurest01.R:1:1')"/>
    </testcase>
    <testcase time="0.101999999999862" classname="tables_disclosures_disclosurest01" name="tables_disclosures_disclosurest01.qmd_result_v3_stable">
      <skipped message="Reason: On CRAN ('test-tables-disclosures-disclosurest01.R:1:1')"/>
    </testcase>
    <testcase time="0.123000000000047" classname="tables_disclosures_disclosurest01" name="tables_disclosures_disclosurest01.qmd_result_v4_stable">
      <skipped message="Reason: On CRAN ('test-tables-disclosures-disclosurest01.R:1:1')"/>
    </testcase>
    <testcase time="0.0930000000000746" classname="tables_disclosures_disclosurest01" name="tables_disclosures_disclosurest01.qmd_result_v5_stable">
      <skipped message="Reason: On CRAN ('test-tables-disclosures-disclosurest01.R:1:1')"/>
    </testcase>
    <testcase time="0.0629999999998745" classname="tables_disclosures_disclosurest01" name="tables_disclosures_disclosurest01.qmd_result_v6_stable">
      <skipped message="Reason: On CRAN ('test-tables-disclosures-disclosurest01.R:1:1')"/>
    </testcase>
  </testsuite>
  <testsuite name="tables-disclosures-eudrat01" timestamp="2024-04-30T08:49:07Z" hostname="871949ab8f35" tests="1" skipped="1" failures="0" errors="0" time="0.159">
    <testcase time="0.159000000000106" classname="tables_disclosures_eudrat01" name="tables_disclosures_eudrat01.qmd_result_v1_stable">
      <skipped message="Reason: On CRAN ('test-tables-disclosures-eudrat01.R:1:1')"/>
    </testcase>
  </testsuite>
  <testsuite name="tables-disclosures-eudrat02" timestamp="2024-04-30T08:49:07Z" hostname="871949ab8f35" tests="1" skipped="1" failures="0" errors="0" time="0.105">
    <testcase time="0.105000000000018" classname="tables_disclosures_eudrat02" name="tables_disclosures_eudrat02.qmd_result_v1_stable">
      <skipped message="Reason: On CRAN ('test-tables-disclosures-eudrat02.R:1:1')"/>
    </testcase>
  </testsuite>
  <testsuite name="tables-disposition-dst01" timestamp="2024-04-30T08:49:07Z" hostname="871949ab8f35" tests="3" skipped="3" failures="0" errors="0" time="0.444">
    <testcase time="0.202999999999975" classname="tables_disposition_dst01" name="tables_disposition_dst01.qmd_result_v1_stable">
      <skipped message="Reason: On CRAN ('test-tables-disposition-dst01.R:1:1')"/>
    </testcase>
    <testcase time="0.100999999999885" classname="tables_disposition_dst01" name="tables_disposition_dst01.qmd_result_v2_stable">
      <skipped message="Reason: On CRAN ('test-tables-disposition-dst01.R:1:1')"/>
    </testcase>
    <testcase time="0.1400000000001" classname="tables_disposition_dst01" name="tables_disposition_dst01.qmd_result_v3_stable">
      <skipped message="Reason: On CRAN ('test-tables-disposition-dst01.R:1:1')"/>
    </testcase>
  </testsuite>
  <testsuite name="tables-disposition-pdt01" timestamp="2024-04-30T08:49:07Z" hostname="871949ab8f35" tests="1" skipped="1" failures="0" errors="0" time="0.179">
    <testcase time="0.179000000000087" classname="tables_disposition_pdt01" name="tables_disposition_pdt01.qmd_result_v1_stable">
      <skipped message="Reason: On CRAN ('test-tables-disposition-pdt01.R:1:1')"/>
    </testcase>
  </testsuite>
  <testsuite name="tables-disposition-pdt02" timestamp="2024-04-30T08:49:07Z" hostname="871949ab8f35" tests="1" skipped="1" failures="0" errors="0" time="0.095">
    <testcase time="0.0949999999997999" classname="tables_disposition_pdt02" name="tables_disposition_pdt02.qmd_result_v1_stable">
      <skipped message="Reason: On CRAN ('test-tables-disposition-pdt02.R:1:1')"/>
    </testcase>
  </testsuite>
  <testsuite name="tables-efficacy-aovt01" timestamp="2024-04-30T08:49:09Z" hostname="871949ab8f35" tests="1" skipped="1" failures="0" errors="0" time="1.242">
    <testcase time="1.24200000000019" classname="tables_efficacy_aovt01" name="tables_efficacy_aovt01.qmd_result_v1_stable">
      <skipped message="Reason: On CRAN ('test-tables-efficacy-aovt01.R:1:1')"/>
    </testcase>
  </testsuite>
  <testsuite name="tables-efficacy-aovt02" timestamp="2024-04-30T08:49:09Z" hostname="871949ab8f35" tests="1" skipped="1" failures="0" errors="0" time="0.174">
    <testcase time="0.173999999999978" classname="tables_efficacy_aovt02" name="tables_efficacy_aovt02.qmd_result_v1_stable">
      <skipped message="Reason: On CRAN ('test-tables-efficacy-aovt02.R:1:1')"/>
    </testcase>
  </testsuite>
  <testsuite name="tables-efficacy-aovt03" timestamp="2024-04-30T08:49:10Z" hostname="871949ab8f35" tests="1" skipped="1" failures="0" errors="0" time="1.078">
    <testcase time="1.07799999999997" classname="tables_efficacy_aovt03" name="tables_efficacy_aovt03.qmd_result_v1_stable">
      <skipped message="Reason: On CRAN ('test-tables-efficacy-aovt03.R:1:1')"/>
    </testcase>
  </testsuite>
  <testsuite name="tables-efficacy-cfbt01" timestamp="2024-04-30T08:49:10Z" hostname="871949ab8f35" tests="1" skipped="1" failures="0" errors="0" time="0.238">
    <testcase time="0.238000000000056" classname="tables_efficacy_cfbt01" name="tables_efficacy_cfbt01.qmd_result_v1_stable">
      <skipped message="Reason: On CRAN ('test-tables-efficacy-cfbt01.R:1:1')"/>
    </testcase>
  </testsuite>
  <testsuite name="tables-efficacy-cmht01" timestamp="2024-04-30T08:49:13Z" hostname="871949ab8f35" tests="2" skipped="2" failures="0" errors="0" time="2.745">
    <testcase time="2.46199999999999" classname="tables_efficacy_cmht01" name="tables_efficacy_cmht01.qmd_result_v1_stable">
      <skipped message="Reason: On CRAN ('test-tables-efficacy-cmht01.R:1:1')"/>
    </testcase>
    <testcase time="0.282999999999902" classname="tables_efficacy_cmht01" name="tables_efficacy_cmht01.qmd_result_v2_stable">
      <skipped message="Reason: On CRAN ('test-tables-efficacy-cmht01.R:1:1')"/>
    </testcase>
  </testsuite>
  <testsuite name="tables-efficacy-coxt01" timestamp="2024-04-30T08:49:13Z" hostname="871949ab8f35" tests="4" skipped="4" failures="0" errors="0" time="0.471">
    <testcase time="0.16599999999994" classname="tables_efficacy_coxt01" name="tables_efficacy_coxt01.qmd_result_v1_stable">
      <skipped message="Reason: On CRAN ('test-tables-efficacy-coxt01.R:1:1')"/>
    </testcase>
    <testcase time="0.105000000000018" classname="tables_efficacy_coxt01" name="tables_efficacy_coxt01.qmd_result_v2_stable">
      <skipped message="Reason: On CRAN ('test-tables-efficacy-coxt01.R:1:1')"/>
    </testcase>
    <testcase time="0.109000000000151" classname="tables_efficacy_coxt01" name="tables_efficacy_coxt01.qmd_result_v3_stable">
      <skipped message="Reason: On CRAN ('test-tables-efficacy-coxt01.R:1:1')"/>
    </testcase>
    <testcase time="0.0909999999998945" classname="tables_efficacy_coxt01" name="tables_efficacy_coxt01.qmd_result_v4_stable">
      <skipped message="Reason: On CRAN ('test-tables-efficacy-coxt01.R:1:1')"/>
    </testcase>
  </testsuite>
  <testsuite name="tables-efficacy-coxt02" timestamp="2024-04-30T08:49:13Z" hostname="871949ab8f35" tests="2" skipped="2" failures="0" errors="0" time="0.157">
    <testcase time="0.0909999999998945" classname="tables_efficacy_coxt02" name="tables_efficacy_coxt02.qmd_result_v1_stable">
      <skipped message="Reason: On CRAN ('test-tables-efficacy-coxt02.R:1:1')"/>
    </testcase>
    <testcase time="0.0660000000000309" classname="tables_efficacy_coxt02" name="tables_efficacy_coxt02.qmd_result_v2_stable">
      <skipped message="Reason: On CRAN ('test-tables-efficacy-coxt02.R:1:1')"/>
    </testcase>
  </testsuite>
  <testsuite name="tables-efficacy-dort01" timestamp="2024-04-30T08:49:14Z" hostname="871949ab8f35" tests="4" skipped="4" failures="0" errors="0" time="1.128">
    <testcase time="0.781000000000176" classname="tables_efficacy_dort01" name="tables_efficacy_dort01.qmd_result_v1_stable">
      <skipped message="Reason: On CRAN ('test-tables-efficacy-dort01.R:1:1')"/>
    </testcase>
    <testcase time="0.149999999999864" classname="tables_efficacy_dort01" name="tables_efficacy_dort01.qmd_result_v2_stable">
      <skipped message="Reason: On CRAN ('test-tables-efficacy-dort01.R:1:1')"/>
    </testcase>
    <testcase time="0.09699999999998" classname="tables_efficacy_dort01" name="tables_efficacy_dort01.qmd_result_v3_stable">
      <skipped message="Reason: On CRAN ('test-tables-efficacy-dort01.R:1:1')"/>
    </testcase>
    <testcase time="0.100000000000136" classname="tables_efficacy_dort01" name="tables_efficacy_dort01.qmd_result_v4_stable">
      <skipped message="Reason: On CRAN ('test-tables-efficacy-dort01.R:1:1')"/>
    </testcase>
  </testsuite>
  <testsuite name="tables-efficacy-lgrt02" timestamp="2024-04-30T08:49:15Z" hostname="871949ab8f35" tests="4" skipped="4" failures="0" errors="0" time="0.951">
    <testcase time="0.201000000000022" classname="tables_efficacy_lgrt02" name="tables_efficacy_lgrt02.qmd_result_v1_stable">
      <skipped message="Reason: On CRAN ('test-tables-efficacy-lgrt02.R:1:1')"/>
    </testcase>
    <testcase time="0.459999999999809" classname="tables_efficacy_lgrt02" name="tables_efficacy_lgrt02.qmd_result_v2_stable">
      <skipped message="Reason: On CRAN ('test-tables-efficacy-lgrt02.R:1:1')"/>
    </testcase>
    <testcase time="0.131000000000085" classname="tables_efficacy_lgrt02" name="tables_efficacy_lgrt02.qmd_result_v3_stable">
      <skipped message="Reason: On CRAN ('test-tables-efficacy-lgrt02.R:1:1')"/>
    </testcase>
    <testcase time="0.159000000000106" classname="tables_efficacy_lgrt02" name="tables_efficacy_lgrt02.qmd_result_v4_stable">
      <skipped message="Reason: On CRAN ('test-tables-efficacy-lgrt02.R:1:1')"/>
    </testcase>
  </testsuite>
  <testsuite name="tables-efficacy-mmrmt01" timestamp="2024-04-30T08:49:16Z" hostname="871949ab8f35" tests="4" skipped="4" failures="0" errors="0" time="0.685">
    <testcase time="0.230999999999995" classname="tables_efficacy_mmrmt01" name="tables_efficacy_mmrmt01.qmd_result_v1_stable">
      <skipped message="Reason: On CRAN ('test-tables-efficacy-mmrmt01.R:1:1')"/>
    </testcase>
    <testcase time="0.103999999999814" classname="tables_efficacy_mmrmt01" name="tables_efficacy_mmrmt01.qmd_result_v2_stable">
      <skipped message="Reason: On CRAN ('test-tables-efficacy-mmrmt01.R:1:1')"/>
    </testcase>
    <testcase time="0.259999999999991" classname="tables_efficacy_mmrmt01" name="tables_efficacy_mmrmt01.qmd_result_v3_stable">
      <skipped message="Reason: On CRAN ('test-tables-efficacy-mmrmt01.R:1:1')"/>
    </testcase>
    <testcase time="0.0900000000001455" classname="tables_efficacy_mmrmt01" name="tables_efficacy_mmrmt01.qmd_result_baseline_stable">
      <skipped message="Reason: On CRAN ('test-tables-efficacy-mmrmt01.R:1:1')"/>
    </testcase>
  </testsuite>
  <testsuite name="tables-efficacy-onct05" timestamp="2024-04-30T08:49:16Z" hostname="871949ab8f35" tests="4" skipped="4" failures="0" errors="0" time="0.55">
    <testcase time="0.235999999999876" classname="tables_efficacy_onct05" name="tables_efficacy_onct05.qmd_result_v1_stable">
      <skipped message="Reason: On CRAN ('test-tables-efficacy-onct05.R:1:1')"/>
    </testcase>
    <testcase time="0.105999999999995" classname="tables_efficacy_onct05" name="tables_efficacy_onct05.qmd_result_v2_stable">
      <skipped message="Reason: On CRAN ('test-tables-efficacy-onct05.R:1:1')"/>
    </testcase>
    <testcase time="0.105999999999995" classname="tables_efficacy_onct05" name="tables_efficacy_onct05.qmd_result_v3_stable">
      <skipped message="Reason: On CRAN ('test-tables-efficacy-onct05.R:1:1')"/>
    </testcase>
    <testcase time="0.102000000000089" classname="tables_efficacy_onct05" name="tables_efficacy_onct05.qmd_result_v4_stable">
      <skipped message="Reason: On CRAN ('test-tables-efficacy-onct05.R:1:1')"/>
    </testcase>
  </testsuite>
  <testsuite name="tables-efficacy-ratet01" timestamp="2024-04-30T08:49:17Z" hostname="871949ab8f35" tests="1" skipped="1" failures="0" errors="0" time="0.303">
    <testcase time="0.302999999999884" classname="tables_efficacy_ratet01" name="tables_efficacy_ratet01.qmd_result_v1_stable">
      <skipped message="Reason: On CRAN ('test-tables-efficacy-ratet01.R:1:1')"/>
    </testcase>
  </testsuite>
  <testsuite name="tables-efficacy-rbmit01" timestamp="2024-04-30T08:49:17Z" hostname="871949ab8f35" tests="1" skipped="1" failures="0" errors="0" time="0.141">
    <testcase time="0.141000000000076" classname="tables_efficacy_rbmit01" name="tables_efficacy_rbmit01.qmd_result_v1_stable">
      <skipped message="Reason: On CRAN ('test-tables-efficacy-rbmit01.R:1:1')"/>
    </testcase>
  </testsuite>
  <testsuite name="tables-efficacy-rspt01" timestamp="2024-04-30T08:49:18Z" hostname="871949ab8f35" tests="6" skipped="6" failures="0" errors="0" time="1.076">
    <testcase time="0.511999999999944" classname="tables_efficacy_rspt01" name="tables_efficacy_rspt01.qmd_result_v1_stable">
      <skipped message="Reason: On CRAN ('test-tables-efficacy-rspt01.R:1:1')"/>
    </testcase>
    <testcase time="0.105999999999995" classname="tables_efficacy_rspt01" name="tables_efficacy_rspt01.qmd_result_v2_stable">
      <skipped message="Reason: On CRAN ('test-tables-efficacy-rspt01.R:1:1')"/>
    </testcase>
    <testcase time="0.110000000000127" classname="tables_efficacy_rspt01" name="tables_efficacy_rspt01.qmd_result_v3_stable">
      <skipped message="Reason: On CRAN ('test-tables-efficacy-rspt01.R:1:1')"/>
    </testcase>
    <testcase time="0.144999999999982" classname="tables_efficacy_rspt01" name="tables_efficacy_rspt01.qmd_result_v4_stable">
      <skipped message="Reason: On CRAN ('test-tables-efficacy-rspt01.R:1:1')"/>
    </testcase>
    <testcase time="0.1099999999999" classname="tables_efficacy_rspt01" name="tables_efficacy_rspt01.qmd_result_v5_stable">
      <skipped message="Reason: On CRAN ('test-tables-efficacy-rspt01.R:1:1')"/>
    </testcase>
    <testcase time="0.0930000000000746" classname="tables_efficacy_rspt01" name="tables_efficacy_rspt01.qmd_result_v6_stable">
      <skipped message="Reason: On CRAN ('test-tables-efficacy-rspt01.R:1:1')"/>
    </testcase>
  </testsuite>
  <testsuite name="tables-efficacy-ttet01" timestamp="2024-04-30T08:49:20Z" hostname="871949ab8f35" tests="6" skipped="6" failures="0" errors="0" time="2.26">
    <testcase time="1.51600000000008" classname="tables_efficacy_ttet01" name="tables_efficacy_ttet01.qmd_result_v1_stable">
      <skipped message="Reason: On CRAN ('test-tables-efficacy-ttet01.R:1:1')"/>
    </testcase>
    <testcase time="0.138999999999896" classname="tables_efficacy_ttet01" name="tables_efficacy_ttet01.qmd_result_v2_stable">
      <skipped message="Reason: On CRAN ('test-tables-efficacy-ttet01.R:1:1')"/>
    </testcase>
    <testcase time="0.142000000000053" classname="tables_efficacy_ttet01" name="tables_efficacy_ttet01.qmd_result_v3_stable">
      <skipped message="Reason: On CRAN ('test-tables-efficacy-ttet01.R:1:1')"/>
    </testcase>
    <testcase time="0.173000000000002" classname="tables_efficacy_ttet01" name="tables_efficacy_ttet01.qmd_result_v4_stable">
      <skipped message="Reason: On CRAN ('test-tables-efficacy-ttet01.R:1:1')"/>
    </testcase>
    <testcase time="0.142000000000053" classname="tables_efficacy_ttet01" name="tables_efficacy_ttet01.qmd_result_v5_stable">
      <skipped message="Reason: On CRAN ('test-tables-efficacy-ttet01.R:1:1')"/>
    </testcase>
    <testcase time="0.147999999999911" classname="tables_efficacy_ttet01" name="tables_efficacy_ttet01.qmd_result_v6_stable">
      <skipped message="Reason: On CRAN ('test-tables-efficacy-ttet01.R:1:1')"/>
    </testcase>
  </testsuite>
  <testsuite name="tables-exposure-ext01" timestamp="2024-04-30T08:49:21Z" hostname="871949ab8f35" tests="3" skipped="3" failures="0" errors="0" time="0.718">
    <testcase time="0.250999999999976" classname="tables_exposure_ext01" name="tables_exposure_ext01.qmd_result_v1_stable">
      <skipped message="Reason: On CRAN ('test-tables-exposure-ext01.R:1:1')"/>
    </testcase>
    <testcase time="0.203999999999951" classname="tables_exposure_ext01" name="tables_exposure_ext01.qmd_result_v2_stable">
      <skipped message="Reason: On CRAN ('test-tables-exposure-ext01.R:1:1')"/>
    </testcase>
    <testcase time="0.263000000000147" classname="tables_exposure_ext01" name="tables_exposure_ext01.qmd_result_v3_stable">
      <skipped message="Reason: On CRAN ('test-tables-exposure-ext01.R:1:1')"/>
    </testcase>
  </testsuite>
  <testsuite name="tables-lab-results-lbt01" timestamp="2024-04-30T08:49:21Z" hostname="871949ab8f35" tests="1" skipped="1" failures="0" errors="0" time="0.242">
    <testcase time="0.241999999999962" classname="tables_lab_results_lbt01" name="tables_lab_results_lbt01.qmd_result_v1_stable">
      <skipped message="Reason: On CRAN ('test-tables-lab-results-lbt01.R:1:1')"/>
    </testcase>
  </testsuite>
  <testsuite name="tables-lab-results-lbt02" timestamp="2024-04-30T08:49:22Z" hostname="871949ab8f35" tests="1" skipped="1" failures="0" errors="0" time="0.195">
    <testcase time="0.194999999999936" classname="tables_lab_results_lbt02" name="tables_lab_results_lbt02.qmd_result_v1_stable">
      <skipped message="Reason: On CRAN ('test-tables-lab-results-lbt02.R:1:1')"/>
    </testcase>
  </testsuite>
  <testsuite name="tables-lab-results-lbt03" timestamp="2024-04-30T08:49:22Z" hostname="871949ab8f35" tests="2" skipped="2" failures="0" errors="0" time="0.312">
    <testcase time="0.16800000000012" classname="tables_lab_results_lbt03" name="tables_lab_results_lbt03.qmd_result_v1_stable">
      <skipped message="Reason: On CRAN ('test-tables-lab-results-lbt03.R:1:1')"/>
    </testcase>
    <testcase time="0.144000000000005" classname="tables_lab_results_lbt03" name="tables_lab_results_lbt03.qmd_result_v2_stable">
      <skipped message="Reason: On CRAN ('test-tables-lab-results-lbt03.R:1:1')"/>
    </testcase>
  </testsuite>
  <testsuite name="tables-lab-results-lbt04" timestamp="2024-04-30T08:49:22Z" hostname="871949ab8f35" tests="1" skipped="1" failures="0" errors="0" time="0.081">
    <testcase time="0.0809999999999036" classname="tables_lab_results_lbt04" name="tables_lab_results_lbt04.qmd_result_v1_stable">
      <skipped message="Reason: On CRAN ('test-tables-lab-results-lbt04.R:1:1')"/>
    </testcase>
  </testsuite>
  <testsuite name="tables-lab-results-lbt05" timestamp="2024-04-30T08:49:22Z" hostname="871949ab8f35" tests="3" skipped="3" failures="0" errors="0" time="0.435">
    <testcase time="0.175999999999931" classname="tables_lab_results_lbt05" name="tables_lab_results_lbt05.qmd_result_v1_stable">
      <skipped message="Reason: On CRAN ('test-tables-lab-results-lbt05.R:1:1')"/>
    </testcase>
    <testcase time="0.144999999999982" classname="tables_lab_results_lbt05" name="tables_lab_results_lbt05.qmd_result_v2_stable">
      <skipped message="Reason: On CRAN ('test-tables-lab-results-lbt05.R:1:1')"/>
    </testcase>
    <testcase time="0.114000000000033" classname="tables_lab_results_lbt05" name="tables_lab_results_lbt05.qmd_result_v4_stable">
      <skipped message="Reason: On CRAN ('test-tables-lab-results-lbt05.R:1:1')"/>
    </testcase>
  </testsuite>
  <testsuite name="tables-lab-results-lbt06" timestamp="2024-04-30T08:49:23Z" hostname="871949ab8f35" tests="2" skipped="2" failures="0" errors="0" time="0.803">
    <testcase time="0.273000000000138" classname="tables_lab_results_lbt06" name="tables_lab_results_lbt06.qmd_result_v1_stable">
      <skipped message="Reason: On CRAN ('test-tables-lab-results-lbt06.R:1:1')"/>
    </testcase>
    <testcase time="0.529999999999973" classname="tables_lab_results_lbt06" name="tables_lab_results_lbt06.qmd_result_v2_stable">
      <skipped message="Reason: On CRAN ('test-tables-lab-results-lbt06.R:1:1')"/>
    </testcase>
  </testsuite>
  <testsuite name="tables-lab-results-lbt07" timestamp="2024-04-30T08:49:24Z" hostname="871949ab8f35" tests="1" skipped="1" failures="0" errors="0" time="0.179">
    <testcase time="0.17899999999986" classname="tables_lab_results_lbt07" name="tables_lab_results_lbt07.qmd_result_v1_stable">
      <skipped message="Reason: On CRAN ('test-tables-lab-results-lbt07.R:1:1')"/>
    </testcase>
  </testsuite>
  <testsuite name="tables-lab-results-lbt08" timestamp="2024-04-30T08:49:24Z" hostname="871949ab8f35" tests="1" skipped="1" failures="0" errors="0" time="0.163">
    <testcase time="0.163000000000011" classname="tables_lab_results_lbt08" name="tables_lab_results_lbt08.qmd_result_v1_stable">
      <skipped message="Reason: On CRAN ('test-tables-lab-results-lbt08.R:1:1')"/>
    </testcase>
  </testsuite>
  <testsuite name="tables-lab-results-lbt09" timestamp="2024-04-30T08:49:24Z" hostname="871949ab8f35" tests="2" skipped="2" failures="0" errors="0" time="0.591">
    <testcase time="0.384000000000015" classname="tables_lab_results_lbt09" name="tables_lab_results_lbt09.qmd_result_v1_stable">
      <skipped message="Reason: On CRAN ('test-tables-lab-results-lbt09.R:1:1')"/>
    </testcase>
    <testcase time="0.207000000000107" classname="tables_lab_results_lbt09" name="tables_lab_results_lbt09.qmd_result_v2_stable">
      <skipped message="Reason: On CRAN ('test-tables-lab-results-lbt09.R:1:1')"/>
    </testcase>
  </testsuite>
  <testsuite name="tables-lab-results-lbt10" timestamp="2024-04-30T08:49:24Z" hostname="871949ab8f35" tests="2" skipped="2" failures="0" errors="0" time="0.14">
    <testcase time="0.0799999999999272" classname="tables_lab_results_lbt10" name="tables_lab_results_lbt10.qmd_result_v1_stable">
      <skipped message="Reason: On CRAN ('test-tables-lab-results-lbt10.R:1:1')"/>
    </testcase>
    <testcase time="0.0599999999999454" classname="tables_lab_results_lbt10" name="tables_lab_results_lbt10.qmd_result_v2_stable">
      <skipped message="Reason: On CRAN ('test-tables-lab-results-lbt10.R:1:1')"/>
    </testcase>
  </testsuite>
  <testsuite name="tables-lab-results-lbt10_bl" timestamp="2024-04-30T08:49:25Z" hostname="871949ab8f35" tests="2" skipped="2" failures="0" errors="0" time="0.135">
    <testcase time="0.08400000000006" classname="tables_lab_results_lbt10_bl" name="tables_lab_results_lbt10_bl.qmd_result_v1_stable">
      <skipped message="Reason: On CRAN ('test-tables-lab-results-lbt10_bl.R:1:1')"/>
    </testcase>
    <testcase time="0.0509999999999309" classname="tables_lab_results_lbt10_bl" name="tables_lab_results_lbt10_bl.qmd_result_v2_stable">
      <skipped message="Reason: On CRAN ('test-tables-lab-results-lbt10_bl.R:1:1')"/>
    </testcase>
  </testsuite>
  <testsuite name="tables-lab-results-lbt11" timestamp="2024-04-30T08:49:25Z" hostname="871949ab8f35" tests="3" skipped="3" failures="0" errors="0" time="0.56">
    <testcase time="0.358000000000175" classname="tables_lab_results_lbt11" name="tables_lab_results_lbt11.qmd_result_v1_stable">
      <skipped message="Reason: On CRAN ('test-tables-lab-results-lbt11.R:1:1')"/>
    </testcase>
    <testcase time="0.0750000000000455" classname="tables_lab_results_lbt11" name="tables_lab_results_lbt11.qmd_result_v2_stable">
      <skipped message="Reason: On CRAN ('test-tables-lab-results-lbt11.R:1:1')"/>
    </testcase>
    <testcase time="0.126999999999953" classname="tables_lab_results_lbt11" name="tables_lab_results_lbt11.qmd_result_v3_stable">
      <skipped message="Reason: On CRAN ('test-tables-lab-results-lbt11.R:1:1')"/>
    </testcase>
  </testsuite>
  <testsuite name="tables-lab-results-lbt11_bl" timestamp="2024-04-30T08:49:26Z" hostname="871949ab8f35" tests="3" skipped="3" failures="0" errors="0" time="0.551">
    <testcase time="0.355000000000018" classname="tables_lab_results_lbt11_bl" name="tables_lab_results_lbt11_bl.qmd_result_v1_stable">
      <skipped message="Reason: On CRAN ('test-tables-lab-results-lbt11_bl.R:1:1')"/>
    </testcase>
    <testcase time="0.0739999999998417" classname="tables_lab_results_lbt11_bl" name="tables_lab_results_lbt11_bl.qmd_result_v2_stable">
      <skipped message="Reason: On CRAN ('test-tables-lab-results-lbt11_bl.R:1:1')"/>
    </testcase>
    <testcase time="0.122000000000071" classname="tables_lab_results_lbt11_bl" name="tables_lab_results_lbt11_bl.qmd_result_v3_stable">
      <skipped message="Reason: On CRAN ('test-tables-lab-results-lbt11_bl.R:1:1')"/>
    </testcase>
  </testsuite>
  <testsuite name="tables-lab-results-lbt12" timestamp="2024-04-30T08:49:26Z" hostname="871949ab8f35" tests="1" skipped="1" failures="0" errors="0" time="0.107">
    <testcase time="0.106999999999971" classname="tables_lab_results_lbt12" name="tables_lab_results_lbt12.qmd_result_v1_stable">
      <skipped message="Reason: On CRAN ('test-tables-lab-results-lbt12.R:1:1')"/>
    </testcase>
  </testsuite>
  <testsuite name="tables-lab-results-lbt12_bl" timestamp="2024-04-30T08:49:26Z" hostname="871949ab8f35" tests="1" skipped="1" failures="0" errors="0" time="0.105">
    <testcase time="0.105000000000018" classname="tables_lab_results_lbt12_bl" name="tables_lab_results_lbt12_bl.qmd_result_v1_stable">
      <skipped message="Reason: On CRAN ('test-tables-lab-results-lbt12_bl.R:1:1')"/>
    </testcase>
  </testsuite>
  <testsuite name="tables-lab-results-lbt13" timestamp="2024-04-30T08:49:26Z" hostname="871949ab8f35" tests="5" skipped="5" failures="0" errors="0" time="3.704">
    <testcase time="0.851000000000113" classname="tables_lab_results_lbt13" name="tables_lab_results_lbt13.qmd_result_v1_stable">
      <skipped message="Reason: On CRAN ('test-tables-lab-results-lbt13.R:1:1')"/>
    </testcase>
    <testcase time="0.558999999999969" classname="tables_lab_results_lbt13" name="tables_lab_results_lbt13.qmd_result_v2_stable">
      <skipped message="Reason: On CRAN ('test-tables-lab-results-lbt13.R:1:1')"/>
    </testcase>
    <testcase time="0.532999999999902" classname="tables_lab_results_lbt13" name="tables_lab_results_lbt13.qmd_result_v3_stable">
      <skipped message="Reason: On CRAN ('test-tables-lab-results-lbt13.R:1:1')"/>
    </testcase>
    <testcase time="0.701999999999998" classname="tables_lab_results_lbt13" name="tables_lab_results_lbt13.qmd_result_v4_stable">
      <skipped message="Reason: On CRAN ('test-tables-lab-results-lbt13.R:1:1')"/>
    </testcase>
    <testcase time="1.05899999999997" classname="tables_lab_results_lbt13" name="tables_lab_results_lbt13.qmd_result_v5_stable">
      <skipped message="Reason: On CRAN ('test-tables-lab-results-lbt13.R:1:1')"/>
    </testcase>
  </testsuite>
  <testsuite name="tables-lab-results-lbt14" timestamp="2024-04-30T08:49:30Z" hostname="871949ab8f35" tests="5" skipped="5" failures="0" errors="0" time="2.02">
    <testcase time="0.427000000000135" classname="tables_lab_results_lbt14" name="tables_lab_results_lbt14.qmd_result_v1_stable">
      <skipped message="Reason: On CRAN ('test-tables-lab-results-lbt14.R:1:1')"/>
    </testcase>
    <testcase time="0.33199999999988" classname="tables_lab_results_lbt14" name="tables_lab_results_lbt14.qmd_result_v2_stable">
      <skipped message="Reason: On CRAN ('test-tables-lab-results-lbt14.R:1:1')"/>
    </testcase>
    <testcase time="0.320000000000164" classname="tables_lab_results_lbt14" name="tables_lab_results_lbt14.qmd_result_v3_stable">
      <skipped message="Reason: On CRAN ('test-tables-lab-results-lbt14.R:1:1')"/>
    </testcase>
    <testcase time="0.311999999999898" classname="tables_lab_results_lbt14" name="tables_lab_results_lbt14.qmd_result_v4_stable">
      <skipped message="Reason: On CRAN ('test-tables-lab-results-lbt14.R:1:1')"/>
    </testcase>
    <testcase time="0.628999999999905" classname="tables_lab_results_lbt14" name="tables_lab_results_lbt14.qmd_result_v5_stable">
      <skipped message="Reason: On CRAN ('test-tables-lab-results-lbt14.R:1:1')"/>
    </testcase>
  </testsuite>
  <testsuite name="tables-lab-results-lbt15" timestamp="2024-04-30T08:49:32Z" hostname="871949ab8f35" tests="2" skipped="2" failures="0" errors="0" time="0.221">
    <testcase time="0.111000000000104" classname="tables_lab_results_lbt15" name="tables_lab_results_lbt15.qmd_result_v1_stable">
      <skipped message="Reason: On CRAN ('test-tables-lab-results-lbt15.R:1:1')"/>
    </testcase>
    <testcase time="0.1099999999999" classname="tables_lab_results_lbt15" name="tables_lab_results_lbt15.qmd_result_v2_stable">
      <skipped message="Reason: On CRAN ('test-tables-lab-results-lbt15.R:1:1')"/>
    </testcase>
  </testsuite>
  <testsuite name="tables-medical-history-mht01" timestamp="2024-04-30T08:49:32Z" hostname="871949ab8f35" tests="4" skipped="4" failures="0" errors="0" time="0.538">
    <testcase time="0.182999999999993" classname="tables_medical_history_mht01" name="tables_medical_history_mht01.qmd_result_v1_stable">
      <skipped message="Reason: On CRAN ('test-tables-medical-history-mht01.R:1:1')"/>
    </testcase>
    <testcase time="0.0630000000001019" classname="tables_medical_history_mht01" name="tables_medical_history_mht01.qmd_result_v2_stable">
      <skipped message="Reason: On CRAN ('test-tables-medical-history-mht01.R:1:1')"/>
    </testcase>
    <testcase time="0.131000000000085" classname="tables_medical_history_mht01" name="tables_medical_history_mht01.qmd_result_v3_stable">
      <skipped message="Reason: On CRAN ('test-tables-medical-history-mht01.R:1:1')"/>
    </testcase>
    <testcase time="0.160999999999831" classname="tables_medical_history_mht01" name="tables_medical_history_mht01.qmd_result_v4_stable">
      <skipped message="Reason: On CRAN ('test-tables-medical-history-mht01.R:1:1')"/>
    </testcase>
  </testsuite>
  <testsuite name="tables-pharmacokinetic-pkct01" timestamp="2024-04-30T08:49:33Z" hostname="871949ab8f35" tests="3" skipped="3" failures="0" errors="0" time="0.903">
    <testcase time="0.548000000000002" classname="tables_pharmacokinetic_pkct01" name="tables_pharmacokinetic_pkct01.qmd_result_v1_stable">
      <skipped message="Reason: On CRAN ('test-tables-pharmacokinetic-pkct01.R:1:1')"/>
    </testcase>
    <testcase time="0.179000000000087" classname="tables_pharmacokinetic_pkct01" name="tables_pharmacokinetic_pkct01.qmd_result_v2_stable">
      <skipped message="Reason: On CRAN ('test-tables-pharmacokinetic-pkct01.R:1:1')"/>
    </testcase>
    <testcase time="0.175999999999931" classname="tables_pharmacokinetic_pkct01" name="tables_pharmacokinetic_pkct01.qmd_result_v3_stable">
      <skipped message="Reason: On CRAN ('test-tables-pharmacokinetic-pkct01.R:1:1')"/>
    </testcase>
  </testsuite>
  <testsuite name="tables-pharmacokinetic-pkpt02" timestamp="2024-04-30T08:49:33Z" hostname="871949ab8f35" tests="2" skipped="2" failures="0" errors="0" time="0.263">
    <testcase time="0.163000000000011" classname="tables_pharmacokinetic_pkpt02" name="tables_pharmacokinetic_pkpt02.qmd_result_v1_stable">
      <skipped message="Reason: On CRAN ('test-tables-pharmacokinetic-pkpt02.R:1:1')"/>
    </testcase>
    <testcase time="0.100000000000136" classname="tables_pharmacokinetic_pkpt02" name="tables_pharmacokinetic_pkpt02.qmd_result_v2_stable">
      <skipped message="Reason: On CRAN ('test-tables-pharmacokinetic-pkpt02.R:1:1')"/>
    </testcase>
  </testsuite>
  <testsuite name="tables-pharmacokinetic-pkpt03" timestamp="2024-04-30T08:49:35Z" hostname="871949ab8f35" tests="3" skipped="3" failures="0" errors="0" time="1.873">
    <testcase time="1.84199999999987" classname="tables_pharmacokinetic_pkpt03" name="tables_pharmacokinetic_pkpt03.qmd_result_v1_stable">
      <skipped message="Reason: Snapshot test is not implemented for object of class: list. ('test-tables-pharmacokinetic-pkpt03.R:1:1')"/>
    </testcase>
    <testcase time="0.0160000000000764" classname="tables_pharmacokinetic_pkpt03" name="tables_pharmacokinetic_pkpt03.qmd_result_v2_stable">
      <skipped message="Reason: Snapshot test is not implemented for object of class: list. ('test-tables-pharmacokinetic-pkpt03.R:1:1')"/>
    </testcase>
    <testcase time="0.0149999999998727" classname="tables_pharmacokinetic_pkpt03" name="tables_pharmacokinetic_pkpt03.qmd_result_v3_stable">
      <skipped message="Reason: Snapshot test is not implemented for object of class: list. ('test-tables-pharmacokinetic-pkpt03.R:1:1')"/>
    </testcase>
  </testsuite>
  <testsuite name="tables-pharmacokinetic-pkpt04" timestamp="2024-04-30T08:49:36Z" hostname="871949ab8f35" tests="2" skipped="2" failures="0" errors="0" time="0.328">
    <testcase time="0.199000000000069" classname="tables_pharmacokinetic_pkpt04" name="tables_pharmacokinetic_pkpt04.qmd_result_v1_stable">
      <skipped message="Reason: On CRAN ('test-tables-pharmacokinetic-pkpt04.R:1:1')"/>
    </testcase>
    <testcase time="0.129000000000133" classname="tables_pharmacokinetic_pkpt04" name="tables_pharmacokinetic_pkpt04.qmd_result_v2_stable">
      <skipped message="Reason: On CRAN ('test-tables-pharmacokinetic-pkpt04.R:1:1')"/>
    </testcase>
  </testsuite>
  <testsuite name="tables-pharmacokinetic-pkpt05" timestamp="2024-04-30T08:49:36Z" hostname="871949ab8f35" tests="2" skipped="2" failures="0" errors="0" time="0.548">
    <testcase time="0.462999999999965" classname="tables_pharmacokinetic_pkpt05" name="tables_pharmacokinetic_pkpt05.qmd_result_v1_stable">
      <skipped message="Reason: On CRAN ('test-tables-pharmacokinetic-pkpt05.R:1:1')"/>
    </testcase>
    <testcase time="0.0850000000000364" classname="tables_pharmacokinetic_pkpt05" name="tables_pharmacokinetic_pkpt05.qmd_result_v2_stable">
      <skipped message="Reason: On CRAN ('test-tables-pharmacokinetic-pkpt05.R:1:1')"/>
    </testcase>
  </testsuite>
  <testsuite name="tables-pharmacokinetic-pkpt06" timestamp="2024-04-30T08:49:36Z" hostname="871949ab8f35" tests="2" skipped="2" failures="0" errors="0" time="0.13">
    <testcase time="0.0749999999998181" classname="tables_pharmacokinetic_pkpt06" name="tables_pharmacokinetic_pkpt06.qmd_result_v1_stable">
      <skipped message="Reason: On CRAN ('test-tables-pharmacokinetic-pkpt06.R:1:1')"/>
    </testcase>
    <testcase time="0.0550000000000637" classname="tables_pharmacokinetic_pkpt06" name="tables_pharmacokinetic_pkpt06.qmd_result_v2_stable">
      <skipped message="Reason: On CRAN ('test-tables-pharmacokinetic-pkpt06.R:1:1')"/>
    </testcase>
  </testsuite>
  <testsuite name="tables-pharmacokinetic-pkpt07" timestamp="2024-04-30T08:49:37Z" hostname="871949ab8f35" tests="2" skipped="2" failures="0" errors="0" time="0.15">
    <testcase time="0.0899999999999181" classname="tables_pharmacokinetic_pkpt07" name="tables_pharmacokinetic_pkpt07.qmd_result_v1_stable">
      <skipped message="Reason: On CRAN ('test-tables-pharmacokinetic-pkpt07.R:1:1')"/>
    </testcase>
    <testcase time="0.0600000000001728" classname="tables_pharmacokinetic_pkpt07" name="tables_pharmacokinetic_pkpt07.qmd_result_v2_stable">
      <skipped message="Reason: On CRAN ('test-tables-pharmacokinetic-pkpt07.R:1:1')"/>
    </testcase>
  </testsuite>
  <testsuite name="tables-pharmacokinetic-pkpt08" timestamp="2024-04-30T08:49:37Z" hostname="871949ab8f35" tests="1" skipped="1" failures="0" errors="0" time="0.131">
    <testcase time="0.130999999999858" classname="tables_pharmacokinetic_pkpt08" name="tables_pharmacokinetic_pkpt08.qmd_result_v1_stable">
      <skipped message="Reason: On CRAN ('test-tables-pharmacokinetic-pkpt08.R:1:1')"/>
    </testcase>
  </testsuite>
  <testsuite name="tables-pharmacokinetic-pkpt11" timestamp="2024-04-30T08:49:37Z" hostname="871949ab8f35" tests="1" skipped="1" failures="0" errors="0" time="0.073">
    <testcase time="0.0730000000000928" classname="tables_pharmacokinetic_pkpt11" name="tables_pharmacokinetic_pkpt11.qmd_result_v1_stable">
      <skipped message="Reason: On CRAN ('test-tables-pharmacokinetic-pkpt11.R:1:1')"/>
    </testcase>
  </testsuite>
  <testsuite name="tables-risk-management-plan-rmpt01" timestamp="2024-04-30T08:49:37Z" hostname="871949ab8f35" tests="1" skipped="1" failures="0" errors="0" time="0.054">
    <testcase time="0.0540000000000873" classname="tables_risk_management_plan_rmpt01" name="tables_risk_management_plan_rmpt01.qmd_result_v1_stable">
      <skipped message="Reason: On CRAN ('test-tables-risk-management-plan-rmpt01.R:1:1')"/>
    </testcase>
  </testsuite>
  <testsuite name="tables-risk-management-plan-rmpt03" timestamp="2024-04-30T08:49:37Z" hostname="871949ab8f35" tests="2" skipped="2" failures="0" errors="0" time="0.17">
    <testcase time="0.103999999999814" classname="tables_risk_management_plan_rmpt03" name="tables_risk_management_plan_rmpt03.qmd_result_v1_stable">
      <skipped message="Reason: On CRAN ('test-tables-risk-management-plan-rmpt03.R:1:1')"/>
    </testcase>
    <testcase time="0.0660000000000309" classname="tables_risk_management_plan_rmpt03" name="tables_risk_management_plan_rmpt03.qmd_result_v2_stable">
      <skipped message="Reason: On CRAN ('test-tables-risk-management-plan-rmpt03.R:1:1')"/>
    </testcase>
  </testsuite>
  <testsuite name="tables-risk-management-plan-rmpt04" timestamp="2024-04-30T08:49:37Z" hostname="871949ab8f35" tests="1" skipped="1" failures="0" errors="0" time="0.053">
    <testcase time="0.053000000000111" classname="tables_risk_management_plan_rmpt04" name="tables_risk_management_plan_rmpt04.qmd_result_v1_stable">
      <skipped message="Reason: On CRAN ('test-tables-risk-management-plan-rmpt04.R:1:1')"/>
    </testcase>
  </testsuite>
  <testsuite name="tables-risk-management-plan-rmpt05" timestamp="2024-04-30T08:49:37Z" hostname="871949ab8f35" tests="1" skipped="1" failures="0" errors="0" time="0.067">
    <testcase time="0.0670000000000073" classname="tables_risk_management_plan_rmpt05" name="tables_risk_management_plan_rmpt05.qmd_result_v1_stable">
      <skipped message="Reason: On CRAN ('test-tables-risk-management-plan-rmpt05.R:1:1')"/>
    </testcase>
  </testsuite>
  <testsuite name="tables-risk-management-plan-rmpt06" timestamp="2024-04-30T08:49:37Z" hostname="871949ab8f35" tests="4" skipped="4" failures="0" errors="0" time="0.479">
    <testcase time="0.170999999999822" classname="tables_risk_management_plan_rmpt06" name="tables_risk_management_plan_rmpt06.qmd_result_v1_stable">
      <skipped message="Reason: On CRAN ('test-tables-risk-management-plan-rmpt06.R:1:1')"/>
    </testcase>
    <testcase time="0.0760000000000218" classname="tables_risk_management_plan_rmpt06" name="tables_risk_management_plan_rmpt06.qmd_result_v2_stable">
      <skipped message="Reason: On CRAN ('test-tables-risk-management-plan-rmpt06.R:1:1')"/>
    </testcase>
    <testcase time="0.121000000000095" classname="tables_risk_management_plan_rmpt06" name="tables_risk_management_plan_rmpt06.qmd_result_v3_stable">
      <skipped message="Reason: On CRAN ('test-tables-risk-management-plan-rmpt06.R:1:1')"/>
    </testcase>
    <testcase time="0.110999999999876" classname="tables_risk_management_plan_rmpt06" name="tables_risk_management_plan_rmpt06.qmd_result_v4_stable">
      <skipped message="Reason: On CRAN ('test-tables-risk-management-plan-rmpt06.R:1:1')"/>
    </testcase>
  </testsuite>
  <testsuite name="tables-safety-enrollment01" timestamp="2024-04-30T08:49:38Z" hostname="871949ab8f35" tests="4" skipped="4" failures="0" errors="0" time="2.432">
    <testcase time="0.795000000000073" classname="tables_safety_enrollment01" name="tables_safety_enrollment01.qmd_result_v1_stable">
      <skipped message="Reason: On CRAN ('test-tables-safety-enrollment01.R:1:1')"/>
    </testcase>
    <testcase time="0.52800000000002" classname="tables_safety_enrollment01" name="tables_safety_enrollment01.qmd_result_v2_stable">
      <skipped message="Reason: On CRAN ('test-tables-safety-enrollment01.R:1:1')"/>
    </testcase>
    <testcase time="0.577999999999975" classname="tables_safety_enrollment01" name="tables_safety_enrollment01.qmd_result_v3_stable">
      <skipped message="Reason: On CRAN ('test-tables-safety-enrollment01.R:1:1')"/>
    </testcase>
    <testcase time="0.530999999999949" classname="tables_safety_enrollment01" name="tables_safety_enrollment01.qmd_result_v4_stable">
      <skipped message="Reason: On CRAN ('test-tables-safety-enrollment01.R:1:1')"/>
    </testcase>
  </testsuite>
  <testsuite name="tables-vital-signs-vst01" timestamp="2024-04-30T08:49:40Z" hostname="871949ab8f35" tests="1" skipped="1" failures="0" errors="0" time="0.362">
    <testcase time="0.36200000000008" classname="tables_vital_signs_vst01" name="tables_vital_signs_vst01.qmd_result_v1_stable">
      <skipped message="Reason: On CRAN ('test-tables-vital-signs-vst01.R:1:1')"/>
    </testcase>
  </testsuite>
  <testsuite name="tables-vital-signs-vst02" timestamp="2024-04-30T08:49:41Z" hostname="871949ab8f35" tests="2" skipped="2" failures="0" errors="0" time="0.257">
    <testcase time="0.142000000000053" classname="tables_vital_signs_vst02" name="tables_vital_signs_vst02.qmd_result_v1_stable">
      <skipped message="Reason: On CRAN ('test-tables-vital-signs-vst02.R:1:1')"/>
    </testcase>
    <testcase time="0.115000000000009" classname="tables_vital_signs_vst02" name="tables_vital_signs_vst02.qmd_result_v2_stable">
      <skipped message="Reason: On CRAN ('test-tables-vital-signs-vst02.R:1:1')"/>
    </testcase>
  </testsuite>
</testsuites>
